<?xml version="1.0" encoding="UTF-8" ?>
<testsuite tests="1" failures="0" name="MenuCliTest" time="6.428" errors="1" skipped="0">
  <properties>
    <property name="java.runtime.name" value="OpenJDK Runtime Environment"/>
    <property name="java.vm.version" value="11.0.13+8-Ubuntu-0ubuntu1.20.04"/>
    <property name="sun.boot.library.path" value="/usr/lib/jvm/java-11-openjdk-amd64/lib"/>
    <property name="maven.multiModuleProjectDirectory" value="/home/axelle/Documents/cicd/CLI-menu-server"/>
    <property name="java.vm.vendor" value="Ubuntu"/>
    <property name="java.vendor.url" value="https://ubuntu.com/"/>
    <property name="guice.disable.misplaced.annotation.check" value="true"/>
    <property name="path.separator" value=":"/>
    <property name="java.vm.name" value="OpenJDK 64-Bit Server VM"/>
    <property name="sun.os.patch.level" value="unknown"/>
    <property name="user.country" value="US"/>
    <property name="sun.java.launcher" value="SUN_STANDARD"/>
    <property name="java.vm.specification.name" value="Java Virtual Machine Specification"/>
    <property name="user.dir" value="/home/axelle/Documents/cicd/CLI-menu-server"/>
    <property name="java.vm.compressedOopsMode" value="32-bit"/>
    <property name="java.runtime.version" value="11.0.13+8-Ubuntu-0ubuntu1.20.04"/>
    <property name="java.awt.graphicsenv" value="sun.awt.X11GraphicsEnvironment"/>
    <property name="os.arch" value="amd64"/>
    <property name="java.io.tmpdir" value="/tmp"/>
    <property name="line.separator" value="
"/>
    <property name="java.vm.specification.vendor" value="Oracle Corporation"/>
    <property name="os.name" value="Linux"/>
    <property name="classworlds.conf" value="/usr/share/maven/bin/m2.conf"/>
    <property name="sun.jnu.encoding" value="UTF-8"/>
    <property name="java.library.path" value="/usr/java/packages/lib:/usr/lib/x86_64-linux-gnu/jni:/lib/x86_64-linux-gnu:/usr/lib/x86_64-linux-gnu:/usr/lib/jni:/lib:/usr/lib"/>
    <property name="maven.conf" value="/usr/share/maven/conf"/>
    <property name="jdk.debug" value="release"/>
    <property name="java.class.version" value="55.0"/>
    <property name="java.specification.name" value="Java Platform API Specification"/>
    <property name="sun.management.compiler" value="HotSpot 64-Bit Tiered Compilers"/>
    <property name="os.version" value="5.13.0-28-generic"/>
    <property name="library.jansi.path" value="/usr/share/maven/lib/jansi-native"/>
    <property name="user.home" value="/home/axelle"/>
    <property name="user.timezone" value="Europe/Paris"/>
    <property name="java.awt.printerjob" value="sun.print.PSPrinterJob"/>
    <property name="file.encoding" value="UTF-8"/>
    <property name="java.specification.version" value="11"/>
    <property name="user.name" value="axelle"/>
    <property name="java.class.path" value="/usr/share/maven/boot/plexus-classworlds-2.x.jar"/>
    <property name="java.vm.specification.version" value="11"/>
    <property name="sun.arch.data.model" value="64"/>
    <property name="sun.java.command" value="org.codehaus.plexus.classworlds.launcher.Launcher clean verify"/>
    <property name="java.home" value="/usr/lib/jvm/java-11-openjdk-amd64"/>
    <property name="user.language" value="en"/>
    <property name="java.specification.vendor" value="Oracle Corporation"/>
    <property name="awt.toolkit" value="sun.awt.X11.XToolkit"/>
    <property name="java.vm.info" value="mixed mode, sharing"/>
    <property name="java.version" value="11.0.13"/>
    <property name="securerandom.source" value="file:/dev/./urandom"/>
    <property name="java.vendor" value="Ubuntu"/>
    <property name="maven.home" value="/usr/share/maven"/>
    <property name="file.separator" value="/"/>
    <property name="java.version.date" value="2021-10-19"/>
    <property name="java.vendor.url.bug" value="https://bugs.launchpad.net/ubuntu/+source/openjdk-lts"/>
    <property name="sun.io.unicode.encoding" value="UnicodeLittle"/>
    <property name="sun.cpu.endian" value="little"/>
    <property name="sun.desktop" value="gnome"/>
    <property name="sun.cpu.isalist" value=""/>
  </properties>
  <testcase classname="MenuCliTest" name="testDeleteMenuCommandLine" time="6.428">
    <error message="Could not find a valid Docker environment. Please see logs and check configuration" type="java.lang.IllegalStateException">java.lang.IllegalStateException: Could not find a valid Docker environment. Please see logs and check configuration
	at org.testcontainers.dockerclient.DockerClientProviderStrategy.lambda$getFirstValidStrategy$4(DockerClientProviderStrategy.java:156)
	at java.base/java.util.Optional.orElseThrow(Optional.java:408)
	at org.testcontainers.dockerclient.DockerClientProviderStrategy.getFirstValidStrategy(DockerClientProviderStrategy.java:148)
	at org.testcontainers.DockerClientFactory.getOrInitializeStrategy(DockerClientFactory.java:146)
	at org.testcontainers.DockerClientFactory.client(DockerClientFactory.java:188)
	at org.testcontainers.DockerClientFactory$1.getDockerClient(DockerClientFactory.java:101)
	at com.github.dockerjava.api.DockerClientDelegate.authConfig(DockerClientDelegate.java:107)
	at org.testcontainers.containers.GenericContainer.start(GenericContainer.java:316)
	at org.testcontainers.containers.GenericContainer.starting(GenericContainer.java:1066)
	at org.testcontainers.containers.FailureDetectingExternalResource$1.evaluate(FailureDetectingExternalResource.java:29)
	at org.junit.rules.RunRules.evaluate(RunRules.java:20)
	at org.junit.runners.ParentRunner.runLeaf(ParentRunner.java:325)
	at org.junit.runners.BlockJUnit4ClassRunner.runChild(BlockJUnit4ClassRunner.java:78)
	at org.junit.runners.BlockJUnit4ClassRunner.runChild(BlockJUnit4ClassRunner.java:57)
	at org.junit.runners.ParentRunner$3.run(ParentRunner.java:290)
	at org.junit.runners.ParentRunner$1.schedule(ParentRunner.java:71)
	at org.junit.runners.ParentRunner.runChildren(ParentRunner.java:288)
	at org.junit.runners.ParentRunner.access$000(ParentRunner.java:58)
	at org.junit.runners.ParentRunner$2.evaluate(ParentRunner.java:268)
	at org.junit.runners.ParentRunner.run(ParentRunner.java:363)
	at org.apache.maven.surefire.junit4.JUnit4Provider.execute(JUnit4Provider.java:252)
	at org.apache.maven.surefire.junit4.JUnit4Provider.executeTestSet(JUnit4Provider.java:141)
	at org.apache.maven.surefire.junit4.JUnit4Provider.invoke(JUnit4Provider.java:112)
	at java.base/jdk.internal.reflect.NativeMethodAccessorImpl.invoke0(Native Method)
	at java.base/jdk.internal.reflect.NativeMethodAccessorImpl.invoke(NativeMethodAccessorImpl.java:62)
	at java.base/jdk.internal.reflect.DelegatingMethodAccessorImpl.invoke(DelegatingMethodAccessorImpl.java:43)
	at java.base/java.lang.reflect.Method.invoke(Method.java:566)
	at org.apache.maven.surefire.util.ReflectionUtils.invokeMethodWithArray(ReflectionUtils.java:189)
	at org.apache.maven.surefire.booter.ProviderFactory$ProviderProxy.invoke(ProviderFactory.java:165)
	at org.apache.maven.surefire.booter.ProviderFactory.invokeProvider(ProviderFactory.java:85)
	at org.apache.maven.surefire.booter.ForkedBooter.runSuitesInProcess(ForkedBooter.java:115)
	at org.apache.maven.surefire.booter.ForkedBooter.main(ForkedBooter.java:75)
</error>
    <system-out>20:18:47.189 [main] DEBUG o.t.u.TestcontainersConfiguration - Testcontainers configuration overrides will be loaded from file:/home/axelle/.testcontainers.properties
20:18:47.290 [main] WARN  o.t.u.TestcontainersConfiguration - Attempted to read Testcontainers configuration file at file:/home/axelle/.testcontainers.properties but the file was not found. Exception message: FileNotFoundException: /home/axelle/.testcontainers.properties (No such file or directory)
20:18:47.459 [main] DEBUG o.t.d.RootlessDockerClientProviderStrategy - $XDG_RUNTIME_DIR is set but &apos;/run/user/1000/docker.sock&apos; does not exist.
20:18:47.473 [main] DEBUG o.t.d.RootlessDockerClientProviderStrategy - &apos;/home/axelle/.docker/run&apos; does not exist.
20:18:47.864 [main] DEBUG o.t.d.RootlessDockerClientProviderStrategy - &apos;/run/user/1000/docker.sock&apos; does not exist.
20:18:47.867 [main] DEBUG o.t.d.DockerClientProviderStrategy - Trying out strategy: UnixSocketClientProviderStrategy
20:18:48.488 [ducttape-0] DEBUG o.t.d.DockerClientProviderStrategy - Pinging docker daemon...
20:18:48.584 [ducttape-0] DEBUG o.t.s.c.g.d.c.command.AbstrDockerCmd - Cmd: 
20:18:48.664 [ducttape-0] DEBUG c.g.d.z.s.o.a.h.c.h.i.c.InternalHttpClient - ex-00000001: preparing request execution
20:18:48.678 [ducttape-0] DEBUG c.g.d.z.s.o.a.h.c.h.p.RequestAddCookies - Cookie spec selected: strict
20:18:48.708 [ducttape-0] DEBUG c.g.d.z.s.o.a.h.c.h.p.RequestAuthCache - Auth cache not set in the context
20:18:48.710 [ducttape-0] DEBUG c.g.d.z.s.o.a.h.c.h.i.c.ProtocolExec - ex-00000001: target auth state: UNCHALLENGED
20:18:48.711 [ducttape-0] DEBUG c.g.d.z.s.o.a.h.c.h.i.c.ProtocolExec - ex-00000001: proxy auth state: UNCHALLENGED
20:18:48.713 [ducttape-0] DEBUG c.g.d.z.s.o.a.h.c.h.i.c.ConnectExec - ex-00000001: acquiring connection with route {}-&gt;unix://localhost:2375
20:18:48.714 [ducttape-0] DEBUG c.g.d.z.s.o.a.h.c.h.i.c.InternalHttpClient - ex-00000001: acquiring endpoint (3 MINUTES)
20:18:48.726 [ducttape-0] DEBUG c.g.d.z.s.o.a.h.c.h.i.i.PoolingHttpClientConnectionManager - ex-00000001: endpoint lease request (3 MINUTES) [route: {}-&gt;unix://localhost:2375][total available: 0; route allocated: 0 of 2147483647; total allocated: 0 of 2147483647]
20:18:48.732 [ducttape-0] DEBUG c.g.d.z.s.o.a.h.c.h.i.i.PoolingHttpClientConnectionManager - ex-00000001: endpoint leased [route: {}-&gt;unix://localhost:2375][total available: 0; route allocated: 1 of 2147483647; total allocated: 1 of 2147483647]
20:18:48.784 [ducttape-0] DEBUG c.g.d.z.s.o.a.h.c.h.i.i.PoolingHttpClientConnectionManager - ex-00000001: acquired ep-00000000
20:18:48.785 [ducttape-0] DEBUG c.g.d.z.s.o.a.h.c.h.i.c.InternalHttpClient - ex-00000001: acquired endpoint ep-00000000
20:18:48.785 [ducttape-0] DEBUG c.g.d.z.s.o.a.h.c.h.i.c.ConnectExec - ex-00000001: opening connection {}-&gt;unix://localhost:2375
20:18:48.788 [ducttape-0] DEBUG c.g.d.z.s.o.a.h.c.h.i.c.InternalHttpClient - ep-00000000: connecting endpoint (3 MINUTES)
20:18:48.798 [ducttape-0] DEBUG c.g.d.z.s.o.a.h.c.h.i.i.PoolingHttpClientConnectionManager - ep-00000000: connecting endpoint to unix://localhost:2375 (3 MINUTES)
20:18:49.005 [ducttape-0] DEBUG c.g.d.z.s.o.a.h.c.h.i.i.DefaultManagedHttpClientConnection - http-outgoing-0: close connection IMMEDIATE
20:18:49.015 [ducttape-0] DEBUG c.g.d.z.s.o.a.h.c.h.i.c.InternalHttpClient - ep-00000000: endpoint closed
20:18:49.016 [ducttape-0] DEBUG c.g.d.z.s.o.a.h.c.h.i.c.InternalHttpClient - ep-00000000: discarding endpoint
20:18:49.018 [ducttape-0] DEBUG c.g.d.z.s.o.a.h.c.h.i.i.PoolingHttpClientConnectionManager - ep-00000000: releasing endpoint
20:18:49.020 [ducttape-0] DEBUG c.g.d.z.s.o.a.h.c.h.i.i.PoolingHttpClientConnectionManager - ep-00000000: connection is not kept alive
20:18:49.021 [ducttape-0] DEBUG c.g.d.z.s.o.a.h.c.h.i.i.PoolingHttpClientConnectionManager - ep-00000000: connection released [route: {}-&gt;unix://localhost:2375][total available: 0; route allocated: 0 of 2147483647; total allocated: 0 of 2147483647]
20:18:49.055 [ducttape-0] DEBUG c.g.d.z.s.o.a.h.c.h.i.c.HttpRequestRetryExec - ex-00000001: com.sun.jna.LastErrorException: [13] Permission denied
java.io.IOException: com.sun.jna.LastErrorException: [13] Permission denied
	at com.github.dockerjava.transport.DomainSocket.&lt;init&gt;(DomainSocket.java:63) ~[docker-java-transport-3.2.12.jar:na]
	at com.github.dockerjava.transport.LinuxDomainSocket.&lt;init&gt;(LinuxDomainSocket.java:41) ~[docker-java-transport-3.2.12.jar:na]
	at com.github.dockerjava.transport.DomainSocket.get(DomainSocket.java:140) ~[docker-java-transport-3.2.12.jar:na]
	at com.github.dockerjava.transport.UnixSocket.get(UnixSocket.java:27) ~[docker-java-transport-3.2.12.jar:na]
	at com.github.dockerjava.zerodep.ApacheDockerHttpClientImpl$2.createSocket(ApacheDockerHttpClientImpl.java:145) ~[docker-java-transport-zerodep-3.2.12.jar:na]
	at com.github.dockerjava.zerodep.shaded.org.apache.hc.client5.http.impl.io.DefaultHttpClientConnectionOperator.connect(DefaultHttpClientConnectionOperator.java:125) ~[docker-java-transport-zerodep-3.2.12.jar:na]
	at com.github.dockerjava.zerodep.shaded.org.apache.hc.client5.http.impl.io.PoolingHttpClientConnectionManager.connect(PoolingHttpClientConnectionManager.java:409) ~[docker-java-transport-zerodep-3.2.12.jar:na]
	at com.github.dockerjava.zerodep.shaded.org.apache.hc.client5.http.impl.classic.InternalExecRuntime.connectEndpoint(InternalExecRuntime.java:164) ~[docker-java-transport-zerodep-3.2.12.jar:na]
	at com.github.dockerjava.zerodep.shaded.org.apache.hc.client5.http.impl.classic.InternalExecRuntime.connectEndpoint(InternalExecRuntime.java:174) ~[docker-java-transport-zerodep-3.2.12.jar:na]
	at com.github.dockerjava.zerodep.shaded.org.apache.hc.client5.http.impl.classic.ConnectExec.execute(ConnectExec.java:135) ~[docker-java-transport-zerodep-3.2.12.jar:na]
	at com.github.dockerjava.zerodep.shaded.org.apache.hc.client5.http.impl.classic.ExecChainElement.execute(ExecChainElement.java:51) ~[docker-java-transport-zerodep-3.2.12.jar:na]
	at com.github.dockerjava.zerodep.shaded.org.apache.hc.client5.http.impl.classic.ExecChainElement$1.proceed(ExecChainElement.java:57) ~[docker-java-transport-zerodep-3.2.12.jar:na]
	at com.github.dockerjava.zerodep.shaded.org.apache.hc.client5.http.impl.classic.ProtocolExec.execute(ProtocolExec.java:172) ~[docker-java-transport-zerodep-3.2.12.jar:na]
	at com.github.dockerjava.zerodep.shaded.org.apache.hc.client5.http.impl.classic.ExecChainElement.execute(ExecChainElement.java:51) ~[docker-java-transport-zerodep-3.2.12.jar:na]
	at com.github.dockerjava.zerodep.shaded.org.apache.hc.client5.http.impl.classic.ExecChainElement$1.proceed(ExecChainElement.java:57) ~[docker-java-transport-zerodep-3.2.12.jar:na]
	at com.github.dockerjava.zerodep.shaded.org.apache.hc.client5.http.impl.classic.HttpRequestRetryExec.execute(HttpRequestRetryExec.java:93) ~[docker-java-transport-zerodep-3.2.12.jar:na]
	at com.github.dockerjava.zerodep.shaded.org.apache.hc.client5.http.impl.classic.ExecChainElement.execute(ExecChainElement.java:51) ~[docker-java-transport-zerodep-3.2.12.jar:na]
	at com.github.dockerjava.zerodep.shaded.org.apache.hc.client5.http.impl.classic.ExecChainElement$1.proceed(ExecChainElement.java:57) ~[docker-java-transport-zerodep-3.2.12.jar:na]
	at com.github.dockerjava.zerodep.shaded.org.apache.hc.client5.http.impl.classic.ContentCompressionExec.execute(ContentCompressionExec.java:128) ~[docker-java-transport-zerodep-3.2.12.jar:na]
	at com.github.dockerjava.zerodep.shaded.org.apache.hc.client5.http.impl.classic.ExecChainElement.execute(ExecChainElement.java:51) ~[docker-java-transport-zerodep-3.2.12.jar:na]
	at com.github.dockerjava.zerodep.shaded.org.apache.hc.client5.http.impl.classic.ExecChainElement$1.proceed(ExecChainElement.java:57) ~[docker-java-transport-zerodep-3.2.12.jar:na]
	at com.github.dockerjava.zerodep.shaded.org.apache.hc.client5.http.impl.classic.RedirectExec.execute(RedirectExec.java:116) ~[docker-java-transport-zerodep-3.2.12.jar:na]
	at com.github.dockerjava.zerodep.shaded.org.apache.hc.client5.http.impl.classic.ExecChainElement.execute(ExecChainElement.java:51) ~[docker-java-transport-zerodep-3.2.12.jar:na]
	at com.github.dockerjava.zerodep.shaded.org.apache.hc.client5.http.impl.classic.InternalHttpClient.doExecute(InternalHttpClient.java:178) ~[docker-java-transport-zerodep-3.2.12.jar:na]
	at com.github.dockerjava.zerodep.shaded.org.apache.hc.client5.http.impl.classic.CloseableHttpClient.execute(CloseableHttpClient.java:67) ~[docker-java-transport-zerodep-3.2.12.jar:na]
	at com.github.dockerjava.zerodep.ApacheDockerHttpClientImpl.execute(ApacheDockerHttpClientImpl.java:183) ~[docker-java-transport-zerodep-3.2.12.jar:na]
	at com.github.dockerjava.zerodep.ZerodepDockerHttpClient.execute(ZerodepDockerHttpClient.java:8) ~[docker-java-transport-zerodep-3.2.12.jar:na]
	at org.testcontainers.shaded.com.github.dockerjava.core.DefaultInvocationBuilder.execute(DefaultInvocationBuilder.java:228) ~[testcontainers-1.16.3.jar:na]
	at org.testcontainers.shaded.com.github.dockerjava.core.DefaultInvocationBuilder.get(DefaultInvocationBuilder.java:202) ~[testcontainers-1.16.3.jar:na]
	at org.testcontainers.shaded.com.github.dockerjava.core.DefaultInvocationBuilder.get(DefaultInvocationBuilder.java:74) ~[testcontainers-1.16.3.jar:na]
	at org.testcontainers.shaded.com.github.dockerjava.core.exec.InfoCmdExec.exec(InfoCmdExec.java:24) ~[testcontainers-1.16.3.jar:na]
	at org.testcontainers.shaded.com.github.dockerjava.core.exec.InfoCmdExec.exec(InfoCmdExec.java:14) ~[testcontainers-1.16.3.jar:na]
	at org.testcontainers.shaded.com.github.dockerjava.core.command.AbstrDockerCmd.exec(AbstrDockerCmd.java:35) ~[testcontainers-1.16.3.jar:na]
	at org.testcontainers.dockerclient.DockerClientProviderStrategy.lambda$null$5(DockerClientProviderStrategy.java:170) ~[testcontainers-1.16.3.jar:na]
	at org.rnorth.ducttape.ratelimits.RateLimiter.getWhenReady(RateLimiter.java:51) ~[duct-tape-1.0.8.jar:na]
	at org.testcontainers.dockerclient.DockerClientProviderStrategy.lambda$tryOutStrategy$6(DockerClientProviderStrategy.java:168) ~[testcontainers-1.16.3.jar:na]
	at org.rnorth.ducttape.unreliables.Unreliables.lambda$retryUntilSuccess$0(Unreliables.java:43) ~[duct-tape-1.0.8.jar:na]
	at java.base/java.util.concurrent.FutureTask.run(FutureTask.java:264) ~[na:na]
	at java.base/java.util.concurrent.ThreadPoolExecutor.runWorker(ThreadPoolExecutor.java:1128) ~[na:na]
	at java.base/java.util.concurrent.ThreadPoolExecutor$Worker.run(ThreadPoolExecutor.java:628) ~[na:na]
	at java.base/java.lang.Thread.run(Thread.java:829) ~[na:na]
Caused by: com.sun.jna.LastErrorException: [13] Permission denied
	at com.github.dockerjava.transport.LinuxDomainSocket.connect(Native Method) ~[docker-java-transport-3.2.12.jar:na]
	at com.github.dockerjava.transport.LinuxDomainSocket.connect(LinuxDomainSocket.java:49) ~[docker-java-transport-3.2.12.jar:na]
	at com.github.dockerjava.transport.DomainSocket.open(DomainSocket.java:69) ~[docker-java-transport-3.2.12.jar:na]
	at com.github.dockerjava.transport.DomainSocket.&lt;init&gt;(DomainSocket.java:59) ~[docker-java-transport-3.2.12.jar:na]
	... 40 common frames omitted
20:18:49.105 [ducttape-0] INFO  c.g.d.z.s.o.a.h.c.h.i.c.HttpRequestRetryExec - Recoverable I/O exception (java.io.IOException) caught when processing request to {}-&gt;unix://localhost:2375
20:18:49.108 [ducttape-0] DEBUG c.g.d.z.s.o.a.h.c.h.p.RequestAddCookies - Cookie spec selected: strict
20:18:49.113 [ducttape-0] DEBUG c.g.d.z.s.o.a.h.c.h.p.RequestAuthCache - Auth cache not set in the context
20:18:49.122 [ducttape-0] DEBUG c.g.d.z.s.o.a.h.c.h.i.c.ProtocolExec - ex-00000001: target auth state: UNCHALLENGED
20:18:49.123 [ducttape-0] DEBUG c.g.d.z.s.o.a.h.c.h.i.c.ProtocolExec - ex-00000001: proxy auth state: UNCHALLENGED
20:18:49.125 [ducttape-0] DEBUG c.g.d.z.s.o.a.h.c.h.i.c.ConnectExec - ex-00000001: acquiring connection with route {}-&gt;unix://localhost:2375
20:18:49.131 [ducttape-0] DEBUG c.g.d.z.s.o.a.h.c.h.i.c.InternalHttpClient - ex-00000001: acquiring endpoint (3 MINUTES)
20:18:49.133 [ducttape-0] DEBUG c.g.d.z.s.o.a.h.c.h.i.i.PoolingHttpClientConnectionManager - ex-00000001: endpoint lease request (3 MINUTES) [route: {}-&gt;unix://localhost:2375][total available: 0; route allocated: 0 of 2147483647; total allocated: 0 of 2147483647]
20:18:49.139 [ducttape-0] DEBUG c.g.d.z.s.o.a.h.c.h.i.i.PoolingHttpClientConnectionManager - ex-00000001: endpoint leased [route: {}-&gt;unix://localhost:2375][total available: 0; route allocated: 1 of 2147483647; total allocated: 1 of 2147483647]
20:18:49.142 [ducttape-0] DEBUG c.g.d.z.s.o.a.h.c.h.i.i.PoolingHttpClientConnectionManager - ex-00000001: acquired ep-00000001
20:18:49.147 [ducttape-0] DEBUG c.g.d.z.s.o.a.h.c.h.i.c.InternalHttpClient - ex-00000001: acquired endpoint ep-00000001
20:18:49.152 [ducttape-0] DEBUG c.g.d.z.s.o.a.h.c.h.i.c.ConnectExec - ex-00000001: opening connection {}-&gt;unix://localhost:2375
20:18:49.154 [ducttape-0] DEBUG c.g.d.z.s.o.a.h.c.h.i.c.InternalHttpClient - ep-00000001: connecting endpoint (3 MINUTES)
20:18:49.155 [ducttape-0] DEBUG c.g.d.z.s.o.a.h.c.h.i.i.PoolingHttpClientConnectionManager - ep-00000001: connecting endpoint to unix://localhost:2375 (3 MINUTES)
20:18:49.163 [ducttape-0] DEBUG c.g.d.z.s.o.a.h.c.h.i.i.DefaultManagedHttpClientConnection - http-outgoing-1: close connection IMMEDIATE
20:18:49.170 [ducttape-0] DEBUG c.g.d.z.s.o.a.h.c.h.i.c.InternalHttpClient - ep-00000001: endpoint closed
20:18:49.170 [ducttape-0] DEBUG c.g.d.z.s.o.a.h.c.h.i.c.InternalHttpClient - ep-00000001: discarding endpoint
20:18:49.172 [ducttape-0] DEBUG c.g.d.z.s.o.a.h.c.h.i.i.PoolingHttpClientConnectionManager - ep-00000001: releasing endpoint
20:18:49.180 [ducttape-0] DEBUG c.g.d.z.s.o.a.h.c.h.i.i.PoolingHttpClientConnectionManager - ep-00000001: connection is not kept alive
20:18:49.180 [ducttape-0] DEBUG c.g.d.z.s.o.a.h.c.h.i.i.PoolingHttpClientConnectionManager - ep-00000001: connection released [route: {}-&gt;unix://localhost:2375][total available: 0; route allocated: 0 of 2147483647; total allocated: 0 of 2147483647]
20:18:49.298 [ducttape-0] DEBUG o.t.d.DockerClientProviderStrategy - Pinging docker daemon...
20:18:49.299 [ducttape-0] DEBUG o.t.s.c.g.d.c.command.AbstrDockerCmd - Cmd: 
20:18:49.299 [ducttape-0] DEBUG c.g.d.z.s.o.a.h.c.h.i.c.InternalHttpClient - ex-00000002: preparing request execution
20:18:49.299 [ducttape-0] DEBUG c.g.d.z.s.o.a.h.c.h.p.RequestAddCookies - Cookie spec selected: strict
20:18:49.299 [ducttape-0] DEBUG c.g.d.z.s.o.a.h.c.h.p.RequestAuthCache - Auth cache not set in the context
20:18:49.302 [ducttape-0] DEBUG c.g.d.z.s.o.a.h.c.h.i.c.ProtocolExec - ex-00000002: target auth state: UNCHALLENGED
20:18:49.304 [ducttape-0] DEBUG c.g.d.z.s.o.a.h.c.h.i.c.ProtocolExec - ex-00000002: proxy auth state: UNCHALLENGED
20:18:49.304 [ducttape-0] DEBUG c.g.d.z.s.o.a.h.c.h.i.c.ConnectExec - ex-00000002: acquiring connection with route {}-&gt;unix://localhost:2375
20:18:49.308 [ducttape-0] DEBUG c.g.d.z.s.o.a.h.c.h.i.c.InternalHttpClient - ex-00000002: acquiring endpoint (3 MINUTES)
20:18:49.309 [ducttape-0] DEBUG c.g.d.z.s.o.a.h.c.h.i.i.PoolingHttpClientConnectionManager - ex-00000002: endpoint lease request (3 MINUTES) [route: {}-&gt;unix://localhost:2375][total available: 0; route allocated: 0 of 2147483647; total allocated: 0 of 2147483647]
20:18:49.312 [ducttape-0] DEBUG c.g.d.z.s.o.a.h.c.h.i.i.PoolingHttpClientConnectionManager - ex-00000002: endpoint leased [route: {}-&gt;unix://localhost:2375][total available: 0; route allocated: 1 of 2147483647; total allocated: 1 of 2147483647]
20:18:49.317 [ducttape-0] DEBUG c.g.d.z.s.o.a.h.c.h.i.i.PoolingHttpClientConnectionManager - ex-00000002: acquired ep-00000002
20:18:49.318 [ducttape-0] DEBUG c.g.d.z.s.o.a.h.c.h.i.c.InternalHttpClient - ex-00000002: acquired endpoint ep-00000002
20:18:49.319 [ducttape-0] DEBUG c.g.d.z.s.o.a.h.c.h.i.c.ConnectExec - ex-00000002: opening connection {}-&gt;unix://localhost:2375
20:18:49.320 [ducttape-0] DEBUG c.g.d.z.s.o.a.h.c.h.i.c.InternalHttpClient - ep-00000002: connecting endpoint (3 MINUTES)
20:18:49.330 [ducttape-0] DEBUG c.g.d.z.s.o.a.h.c.h.i.i.PoolingHttpClientConnectionManager - ep-00000002: connecting endpoint to unix://localhost:2375 (3 MINUTES)
20:18:49.332 [ducttape-0] DEBUG c.g.d.z.s.o.a.h.c.h.i.i.DefaultManagedHttpClientConnection - http-outgoing-2: close connection IMMEDIATE
20:18:49.335 [ducttape-0] DEBUG c.g.d.z.s.o.a.h.c.h.i.c.InternalHttpClient - ep-00000002: endpoint closed
20:18:49.335 [ducttape-0] DEBUG c.g.d.z.s.o.a.h.c.h.i.c.InternalHttpClient - ep-00000002: discarding endpoint
20:18:49.335 [ducttape-0] DEBUG c.g.d.z.s.o.a.h.c.h.i.i.PoolingHttpClientConnectionManager - ep-00000002: releasing endpoint
20:18:49.336 [ducttape-0] DEBUG c.g.d.z.s.o.a.h.c.h.i.i.PoolingHttpClientConnectionManager - ep-00000002: connection is not kept alive
20:18:49.338 [ducttape-0] DEBUG c.g.d.z.s.o.a.h.c.h.i.i.PoolingHttpClientConnectionManager - ep-00000002: connection released [route: {}-&gt;unix://localhost:2375][total available: 0; route allocated: 0 of 2147483647; total allocated: 0 of 2147483647]
20:18:49.342 [ducttape-0] DEBUG c.g.d.z.s.o.a.h.c.h.i.c.HttpRequestRetryExec - ex-00000002: com.sun.jna.LastErrorException: [13] Permission denied
java.io.IOException: com.sun.jna.LastErrorException: [13] Permission denied
	at com.github.dockerjava.transport.DomainSocket.&lt;init&gt;(DomainSocket.java:63) ~[docker-java-transport-3.2.12.jar:na]
	at com.github.dockerjava.transport.LinuxDomainSocket.&lt;init&gt;(LinuxDomainSocket.java:41) ~[docker-java-transport-3.2.12.jar:na]
	at com.github.dockerjava.transport.DomainSocket.get(DomainSocket.java:140) ~[docker-java-transport-3.2.12.jar:na]
	at com.github.dockerjava.transport.UnixSocket.get(UnixSocket.java:27) ~[docker-java-transport-3.2.12.jar:na]
	at com.github.dockerjava.zerodep.ApacheDockerHttpClientImpl$2.createSocket(ApacheDockerHttpClientImpl.java:145) ~[docker-java-transport-zerodep-3.2.12.jar:na]
	at com.github.dockerjava.zerodep.shaded.org.apache.hc.client5.http.impl.io.DefaultHttpClientConnectionOperator.connect(DefaultHttpClientConnectionOperator.java:125) ~[docker-java-transport-zerodep-3.2.12.jar:na]
	at com.github.dockerjava.zerodep.shaded.org.apache.hc.client5.http.impl.io.PoolingHttpClientConnectionManager.connect(PoolingHttpClientConnectionManager.java:409) ~[docker-java-transport-zerodep-3.2.12.jar:na]
	at com.github.dockerjava.zerodep.shaded.org.apache.hc.client5.http.impl.classic.InternalExecRuntime.connectEndpoint(InternalExecRuntime.java:164) ~[docker-java-transport-zerodep-3.2.12.jar:na]
	at com.github.dockerjava.zerodep.shaded.org.apache.hc.client5.http.impl.classic.InternalExecRuntime.connectEndpoint(InternalExecRuntime.java:174) ~[docker-java-transport-zerodep-3.2.12.jar:na]
	at com.github.dockerjava.zerodep.shaded.org.apache.hc.client5.http.impl.classic.ConnectExec.execute(ConnectExec.java:135) ~[docker-java-transport-zerodep-3.2.12.jar:na]
	at com.github.dockerjava.zerodep.shaded.org.apache.hc.client5.http.impl.classic.ExecChainElement.execute(ExecChainElement.java:51) ~[docker-java-transport-zerodep-3.2.12.jar:na]
	at com.github.dockerjava.zerodep.shaded.org.apache.hc.client5.http.impl.classic.ExecChainElement$1.proceed(ExecChainElement.java:57) ~[docker-java-transport-zerodep-3.2.12.jar:na]
	at com.github.dockerjava.zerodep.shaded.org.apache.hc.client5.http.impl.classic.ProtocolExec.execute(ProtocolExec.java:172) ~[docker-java-transport-zerodep-3.2.12.jar:na]
	at com.github.dockerjava.zerodep.shaded.org.apache.hc.client5.http.impl.classic.ExecChainElement.execute(ExecChainElement.java:51) ~[docker-java-transport-zerodep-3.2.12.jar:na]
	at com.github.dockerjava.zerodep.shaded.org.apache.hc.client5.http.impl.classic.ExecChainElement$1.proceed(ExecChainElement.java:57) ~[docker-java-transport-zerodep-3.2.12.jar:na]
	at com.github.dockerjava.zerodep.shaded.org.apache.hc.client5.http.impl.classic.HttpRequestRetryExec.execute(HttpRequestRetryExec.java:93) ~[docker-java-transport-zerodep-3.2.12.jar:na]
	at com.github.dockerjava.zerodep.shaded.org.apache.hc.client5.http.impl.classic.ExecChainElement.execute(ExecChainElement.java:51) ~[docker-java-transport-zerodep-3.2.12.jar:na]
	at com.github.dockerjava.zerodep.shaded.org.apache.hc.client5.http.impl.classic.ExecChainElement$1.proceed(ExecChainElement.java:57) ~[docker-java-transport-zerodep-3.2.12.jar:na]
	at com.github.dockerjava.zerodep.shaded.org.apache.hc.client5.http.impl.classic.ContentCompressionExec.execute(ContentCompressionExec.java:128) ~[docker-java-transport-zerodep-3.2.12.jar:na]
	at com.github.dockerjava.zerodep.shaded.org.apache.hc.client5.http.impl.classic.ExecChainElement.execute(ExecChainElement.java:51) ~[docker-java-transport-zerodep-3.2.12.jar:na]
	at com.github.dockerjava.zerodep.shaded.org.apache.hc.client5.http.impl.classic.ExecChainElement$1.proceed(ExecChainElement.java:57) ~[docker-java-transport-zerodep-3.2.12.jar:na]
	at com.github.dockerjava.zerodep.shaded.org.apache.hc.client5.http.impl.classic.RedirectExec.execute(RedirectExec.java:116) ~[docker-java-transport-zerodep-3.2.12.jar:na]
	at com.github.dockerjava.zerodep.shaded.org.apache.hc.client5.http.impl.classic.ExecChainElement.execute(ExecChainElement.java:51) ~[docker-java-transport-zerodep-3.2.12.jar:na]
	at com.github.dockerjava.zerodep.shaded.org.apache.hc.client5.http.impl.classic.InternalHttpClient.doExecute(InternalHttpClient.java:178) ~[docker-java-transport-zerodep-3.2.12.jar:na]
	at com.github.dockerjava.zerodep.shaded.org.apache.hc.client5.http.impl.classic.CloseableHttpClient.execute(CloseableHttpClient.java:67) ~[docker-java-transport-zerodep-3.2.12.jar:na]
	at com.github.dockerjava.zerodep.ApacheDockerHttpClientImpl.execute(ApacheDockerHttpClientImpl.java:183) ~[docker-java-transport-zerodep-3.2.12.jar:na]
	at com.github.dockerjava.zerodep.ZerodepDockerHttpClient.execute(ZerodepDockerHttpClient.java:8) ~[docker-java-transport-zerodep-3.2.12.jar:na]
	at org.testcontainers.shaded.com.github.dockerjava.core.DefaultInvocationBuilder.execute(DefaultInvocationBuilder.java:228) ~[testcontainers-1.16.3.jar:na]
	at org.testcontainers.shaded.com.github.dockerjava.core.DefaultInvocationBuilder.get(DefaultInvocationBuilder.java:202) ~[testcontainers-1.16.3.jar:na]
	at org.testcontainers.shaded.com.github.dockerjava.core.DefaultInvocationBuilder.get(DefaultInvocationBuilder.java:74) ~[testcontainers-1.16.3.jar:na]
	at org.testcontainers.shaded.com.github.dockerjava.core.exec.InfoCmdExec.exec(InfoCmdExec.java:24) ~[testcontainers-1.16.3.jar:na]
	at org.testcontainers.shaded.com.github.dockerjava.core.exec.InfoCmdExec.exec(InfoCmdExec.java:14) ~[testcontainers-1.16.3.jar:na]
	at org.testcontainers.shaded.com.github.dockerjava.core.command.AbstrDockerCmd.exec(AbstrDockerCmd.java:35) ~[testcontainers-1.16.3.jar:na]
	at org.testcontainers.dockerclient.DockerClientProviderStrategy.lambda$null$5(DockerClientProviderStrategy.java:170) ~[testcontainers-1.16.3.jar:na]
	at org.rnorth.ducttape.ratelimits.RateLimiter.getWhenReady(RateLimiter.java:51) ~[duct-tape-1.0.8.jar:na]
	at org.testcontainers.dockerclient.DockerClientProviderStrategy.lambda$tryOutStrategy$6(DockerClientProviderStrategy.java:168) ~[testcontainers-1.16.3.jar:na]
	at org.rnorth.ducttape.unreliables.Unreliables.lambda$retryUntilSuccess$0(Unreliables.java:43) ~[duct-tape-1.0.8.jar:na]
	at java.base/java.util.concurrent.FutureTask.run(FutureTask.java:264) ~[na:na]
	at java.base/java.util.concurrent.ThreadPoolExecutor.runWorker(ThreadPoolExecutor.java:1128) ~[na:na]
	at java.base/java.util.concurrent.ThreadPoolExecutor$Worker.run(ThreadPoolExecutor.java:628) ~[na:na]
	at java.base/java.lang.Thread.run(Thread.java:829) ~[na:na]
Caused by: com.sun.jna.LastErrorException: [13] Permission denied
	at com.github.dockerjava.transport.LinuxDomainSocket.connect(Native Method) ~[docker-java-transport-3.2.12.jar:na]
	at com.github.dockerjava.transport.LinuxDomainSocket.connect(LinuxDomainSocket.java:49) ~[docker-java-transport-3.2.12.jar:na]
	at com.github.dockerjava.transport.DomainSocket.open(DomainSocket.java:69) ~[docker-java-transport-3.2.12.jar:na]
	at com.github.dockerjava.transport.DomainSocket.&lt;init&gt;(DomainSocket.java:59) ~[docker-java-transport-3.2.12.jar:na]
	... 40 common frames omitted
20:18:49.369 [ducttape-0] INFO  c.g.d.z.s.o.a.h.c.h.i.c.HttpRequestRetryExec - Recoverable I/O exception (java.io.IOException) caught when processing request to {}-&gt;unix://localhost:2375
20:18:49.382 [ducttape-0] DEBUG c.g.d.z.s.o.a.h.c.h.p.RequestAddCookies - Cookie spec selected: strict
20:18:49.382 [ducttape-0] DEBUG c.g.d.z.s.o.a.h.c.h.p.RequestAuthCache - Auth cache not set in the context
20:18:49.382 [ducttape-0] DEBUG c.g.d.z.s.o.a.h.c.h.i.c.ProtocolExec - ex-00000002: target auth state: UNCHALLENGED
20:18:49.383 [ducttape-0] DEBUG c.g.d.z.s.o.a.h.c.h.i.c.ProtocolExec - ex-00000002: proxy auth state: UNCHALLENGED
20:18:49.383 [ducttape-0] DEBUG c.g.d.z.s.o.a.h.c.h.i.c.ConnectExec - ex-00000002: acquiring connection with route {}-&gt;unix://localhost:2375
20:18:49.383 [ducttape-0] DEBUG c.g.d.z.s.o.a.h.c.h.i.c.InternalHttpClient - ex-00000002: acquiring endpoint (3 MINUTES)
20:18:49.384 [ducttape-0] DEBUG c.g.d.z.s.o.a.h.c.h.i.i.PoolingHttpClientConnectionManager - ex-00000002: endpoint lease request (3 MINUTES) [route: {}-&gt;unix://localhost:2375][total available: 0; route allocated: 0 of 2147483647; total allocated: 0 of 2147483647]
20:18:49.390 [ducttape-0] DEBUG c.g.d.z.s.o.a.h.c.h.i.i.PoolingHttpClientConnectionManager - ex-00000002: endpoint leased [route: {}-&gt;unix://localhost:2375][total available: 0; route allocated: 1 of 2147483647; total allocated: 1 of 2147483647]
20:18:49.396 [ducttape-0] DEBUG c.g.d.z.s.o.a.h.c.h.i.i.PoolingHttpClientConnectionManager - ex-00000002: acquired ep-00000003
20:18:49.397 [ducttape-0] DEBUG c.g.d.z.s.o.a.h.c.h.i.c.InternalHttpClient - ex-00000002: acquired endpoint ep-00000003
20:18:49.400 [ducttape-0] DEBUG c.g.d.z.s.o.a.h.c.h.i.c.ConnectExec - ex-00000002: opening connection {}-&gt;unix://localhost:2375
20:18:49.400 [ducttape-0] DEBUG c.g.d.z.s.o.a.h.c.h.i.c.InternalHttpClient - ep-00000003: connecting endpoint (3 MINUTES)
20:18:49.401 [ducttape-0] DEBUG c.g.d.z.s.o.a.h.c.h.i.i.PoolingHttpClientConnectionManager - ep-00000003: connecting endpoint to unix://localhost:2375 (3 MINUTES)
20:18:49.402 [ducttape-0] DEBUG c.g.d.z.s.o.a.h.c.h.i.i.DefaultManagedHttpClientConnection - http-outgoing-3: close connection IMMEDIATE
20:18:49.411 [ducttape-0] DEBUG c.g.d.z.s.o.a.h.c.h.i.c.InternalHttpClient - ep-00000003: endpoint closed
20:18:49.412 [ducttape-0] DEBUG c.g.d.z.s.o.a.h.c.h.i.c.InternalHttpClient - ep-00000003: discarding endpoint
20:18:49.425 [ducttape-0] DEBUG c.g.d.z.s.o.a.h.c.h.i.i.PoolingHttpClientConnectionManager - ep-00000003: releasing endpoint
20:18:49.429 [ducttape-0] DEBUG c.g.d.z.s.o.a.h.c.h.i.i.PoolingHttpClientConnectionManager - ep-00000003: connection is not kept alive
20:18:49.429 [ducttape-0] DEBUG c.g.d.z.s.o.a.h.c.h.i.i.PoolingHttpClientConnectionManager - ep-00000003: connection released [route: {}-&gt;unix://localhost:2375][total available: 0; route allocated: 0 of 2147483647; total allocated: 0 of 2147483647]
20:18:49.534 [ducttape-0] DEBUG o.t.d.DockerClientProviderStrategy - Pinging docker daemon...
20:18:49.535 [ducttape-0] DEBUG o.t.s.c.g.d.c.command.AbstrDockerCmd - Cmd: 
20:18:49.535 [ducttape-0] DEBUG c.g.d.z.s.o.a.h.c.h.i.c.InternalHttpClient - ex-00000003: preparing request execution
20:18:49.535 [ducttape-0] DEBUG c.g.d.z.s.o.a.h.c.h.p.RequestAddCookies - Cookie spec selected: strict
20:18:49.535 [ducttape-0] DEBUG c.g.d.z.s.o.a.h.c.h.p.RequestAuthCache - Auth cache not set in the context
20:18:49.535 [ducttape-0] DEBUG c.g.d.z.s.o.a.h.c.h.i.c.ProtocolExec - ex-00000003: target auth state: UNCHALLENGED
20:18:49.536 [ducttape-0] DEBUG c.g.d.z.s.o.a.h.c.h.i.c.ProtocolExec - ex-00000003: proxy auth state: UNCHALLENGED
20:18:49.536 [ducttape-0] DEBUG c.g.d.z.s.o.a.h.c.h.i.c.ConnectExec - ex-00000003: acquiring connection with route {}-&gt;unix://localhost:2375
20:18:49.542 [ducttape-0] DEBUG c.g.d.z.s.o.a.h.c.h.i.c.InternalHttpClient - ex-00000003: acquiring endpoint (3 MINUTES)
20:18:49.542 [ducttape-0] DEBUG c.g.d.z.s.o.a.h.c.h.i.i.PoolingHttpClientConnectionManager - ex-00000003: endpoint lease request (3 MINUTES) [route: {}-&gt;unix://localhost:2375][total available: 0; route allocated: 0 of 2147483647; total allocated: 0 of 2147483647]
20:18:49.547 [ducttape-0] DEBUG c.g.d.z.s.o.a.h.c.h.i.i.PoolingHttpClientConnectionManager - ex-00000003: endpoint leased [route: {}-&gt;unix://localhost:2375][total available: 0; route allocated: 1 of 2147483647; total allocated: 1 of 2147483647]
20:18:49.550 [ducttape-0] DEBUG c.g.d.z.s.o.a.h.c.h.i.i.PoolingHttpClientConnectionManager - ex-00000003: acquired ep-00000004
20:18:49.557 [ducttape-0] DEBUG c.g.d.z.s.o.a.h.c.h.i.c.InternalHttpClient - ex-00000003: acquired endpoint ep-00000004
20:18:49.558 [ducttape-0] DEBUG c.g.d.z.s.o.a.h.c.h.i.c.ConnectExec - ex-00000003: opening connection {}-&gt;unix://localhost:2375
20:18:49.558 [ducttape-0] DEBUG c.g.d.z.s.o.a.h.c.h.i.c.InternalHttpClient - ep-00000004: connecting endpoint (3 MINUTES)
20:18:49.560 [ducttape-0] DEBUG c.g.d.z.s.o.a.h.c.h.i.i.PoolingHttpClientConnectionManager - ep-00000004: connecting endpoint to unix://localhost:2375 (3 MINUTES)
20:18:49.563 [ducttape-0] DEBUG c.g.d.z.s.o.a.h.c.h.i.i.DefaultManagedHttpClientConnection - http-outgoing-4: close connection IMMEDIATE
20:18:49.564 [ducttape-0] DEBUG c.g.d.z.s.o.a.h.c.h.i.c.InternalHttpClient - ep-00000004: endpoint closed
20:18:49.564 [ducttape-0] DEBUG c.g.d.z.s.o.a.h.c.h.i.c.InternalHttpClient - ep-00000004: discarding endpoint
20:18:49.576 [ducttape-0] DEBUG c.g.d.z.s.o.a.h.c.h.i.i.PoolingHttpClientConnectionManager - ep-00000004: releasing endpoint
20:18:49.577 [ducttape-0] DEBUG c.g.d.z.s.o.a.h.c.h.i.i.PoolingHttpClientConnectionManager - ep-00000004: connection is not kept alive
20:18:49.577 [ducttape-0] DEBUG c.g.d.z.s.o.a.h.c.h.i.i.PoolingHttpClientConnectionManager - ep-00000004: connection released [route: {}-&gt;unix://localhost:2375][total available: 0; route allocated: 0 of 2147483647; total allocated: 0 of 2147483647]
20:18:49.578 [ducttape-0] DEBUG c.g.d.z.s.o.a.h.c.h.i.c.HttpRequestRetryExec - ex-00000003: com.sun.jna.LastErrorException: [13] Permission denied
java.io.IOException: com.sun.jna.LastErrorException: [13] Permission denied
	at com.github.dockerjava.transport.DomainSocket.&lt;init&gt;(DomainSocket.java:63) ~[docker-java-transport-3.2.12.jar:na]
	at com.github.dockerjava.transport.LinuxDomainSocket.&lt;init&gt;(LinuxDomainSocket.java:41) ~[docker-java-transport-3.2.12.jar:na]
	at com.github.dockerjava.transport.DomainSocket.get(DomainSocket.java:140) ~[docker-java-transport-3.2.12.jar:na]
	at com.github.dockerjava.transport.UnixSocket.get(UnixSocket.java:27) ~[docker-java-transport-3.2.12.jar:na]
	at com.github.dockerjava.zerodep.ApacheDockerHttpClientImpl$2.createSocket(ApacheDockerHttpClientImpl.java:145) ~[docker-java-transport-zerodep-3.2.12.jar:na]
	at com.github.dockerjava.zerodep.shaded.org.apache.hc.client5.http.impl.io.DefaultHttpClientConnectionOperator.connect(DefaultHttpClientConnectionOperator.java:125) ~[docker-java-transport-zerodep-3.2.12.jar:na]
	at com.github.dockerjava.zerodep.shaded.org.apache.hc.client5.http.impl.io.PoolingHttpClientConnectionManager.connect(PoolingHttpClientConnectionManager.java:409) ~[docker-java-transport-zerodep-3.2.12.jar:na]
	at com.github.dockerjava.zerodep.shaded.org.apache.hc.client5.http.impl.classic.InternalExecRuntime.connectEndpoint(InternalExecRuntime.java:164) ~[docker-java-transport-zerodep-3.2.12.jar:na]
	at com.github.dockerjava.zerodep.shaded.org.apache.hc.client5.http.impl.classic.InternalExecRuntime.connectEndpoint(InternalExecRuntime.java:174) ~[docker-java-transport-zerodep-3.2.12.jar:na]
	at com.github.dockerjava.zerodep.shaded.org.apache.hc.client5.http.impl.classic.ConnectExec.execute(ConnectExec.java:135) ~[docker-java-transport-zerodep-3.2.12.jar:na]
	at com.github.dockerjava.zerodep.shaded.org.apache.hc.client5.http.impl.classic.ExecChainElement.execute(ExecChainElement.java:51) ~[docker-java-transport-zerodep-3.2.12.jar:na]
	at com.github.dockerjava.zerodep.shaded.org.apache.hc.client5.http.impl.classic.ExecChainElement$1.proceed(ExecChainElement.java:57) ~[docker-java-transport-zerodep-3.2.12.jar:na]
	at com.github.dockerjava.zerodep.shaded.org.apache.hc.client5.http.impl.classic.ProtocolExec.execute(ProtocolExec.java:172) ~[docker-java-transport-zerodep-3.2.12.jar:na]
	at com.github.dockerjava.zerodep.shaded.org.apache.hc.client5.http.impl.classic.ExecChainElement.execute(ExecChainElement.java:51) ~[docker-java-transport-zerodep-3.2.12.jar:na]
	at com.github.dockerjava.zerodep.shaded.org.apache.hc.client5.http.impl.classic.ExecChainElement$1.proceed(ExecChainElement.java:57) ~[docker-java-transport-zerodep-3.2.12.jar:na]
	at com.github.dockerjava.zerodep.shaded.org.apache.hc.client5.http.impl.classic.HttpRequestRetryExec.execute(HttpRequestRetryExec.java:93) ~[docker-java-transport-zerodep-3.2.12.jar:na]
	at com.github.dockerjava.zerodep.shaded.org.apache.hc.client5.http.impl.classic.ExecChainElement.execute(ExecChainElement.java:51) ~[docker-java-transport-zerodep-3.2.12.jar:na]
	at com.github.dockerjava.zerodep.shaded.org.apache.hc.client5.http.impl.classic.ExecChainElement$1.proceed(ExecChainElement.java:57) ~[docker-java-transport-zerodep-3.2.12.jar:na]
	at com.github.dockerjava.zerodep.shaded.org.apache.hc.client5.http.impl.classic.ContentCompressionExec.execute(ContentCompressionExec.java:128) ~[docker-java-transport-zerodep-3.2.12.jar:na]
	at com.github.dockerjava.zerodep.shaded.org.apache.hc.client5.http.impl.classic.ExecChainElement.execute(ExecChainElement.java:51) ~[docker-java-transport-zerodep-3.2.12.jar:na]
	at com.github.dockerjava.zerodep.shaded.org.apache.hc.client5.http.impl.classic.ExecChainElement$1.proceed(ExecChainElement.java:57) ~[docker-java-transport-zerodep-3.2.12.jar:na]
	at com.github.dockerjava.zerodep.shaded.org.apache.hc.client5.http.impl.classic.RedirectExec.execute(RedirectExec.java:116) ~[docker-java-transport-zerodep-3.2.12.jar:na]
	at com.github.dockerjava.zerodep.shaded.org.apache.hc.client5.http.impl.classic.ExecChainElement.execute(ExecChainElement.java:51) ~[docker-java-transport-zerodep-3.2.12.jar:na]
	at com.github.dockerjava.zerodep.shaded.org.apache.hc.client5.http.impl.classic.InternalHttpClient.doExecute(InternalHttpClient.java:178) ~[docker-java-transport-zerodep-3.2.12.jar:na]
	at com.github.dockerjava.zerodep.shaded.org.apache.hc.client5.http.impl.classic.CloseableHttpClient.execute(CloseableHttpClient.java:67) ~[docker-java-transport-zerodep-3.2.12.jar:na]
	at com.github.dockerjava.zerodep.ApacheDockerHttpClientImpl.execute(ApacheDockerHttpClientImpl.java:183) ~[docker-java-transport-zerodep-3.2.12.jar:na]
	at com.github.dockerjava.zerodep.ZerodepDockerHttpClient.execute(ZerodepDockerHttpClient.java:8) ~[docker-java-transport-zerodep-3.2.12.jar:na]
	at org.testcontainers.shaded.com.github.dockerjava.core.DefaultInvocationBuilder.execute(DefaultInvocationBuilder.java:228) ~[testcontainers-1.16.3.jar:na]
	at org.testcontainers.shaded.com.github.dockerjava.core.DefaultInvocationBuilder.get(DefaultInvocationBuilder.java:202) ~[testcontainers-1.16.3.jar:na]
	at org.testcontainers.shaded.com.github.dockerjava.core.DefaultInvocationBuilder.get(DefaultInvocationBuilder.java:74) ~[testcontainers-1.16.3.jar:na]
	at org.testcontainers.shaded.com.github.dockerjava.core.exec.InfoCmdExec.exec(InfoCmdExec.java:24) ~[testcontainers-1.16.3.jar:na]
	at org.testcontainers.shaded.com.github.dockerjava.core.exec.InfoCmdExec.exec(InfoCmdExec.java:14) ~[testcontainers-1.16.3.jar:na]
	at org.testcontainers.shaded.com.github.dockerjava.core.command.AbstrDockerCmd.exec(AbstrDockerCmd.java:35) ~[testcontainers-1.16.3.jar:na]
	at org.testcontainers.dockerclient.DockerClientProviderStrategy.lambda$null$5(DockerClientProviderStrategy.java:170) ~[testcontainers-1.16.3.jar:na]
	at org.rnorth.ducttape.ratelimits.RateLimiter.getWhenReady(RateLimiter.java:51) ~[duct-tape-1.0.8.jar:na]
	at org.testcontainers.dockerclient.DockerClientProviderStrategy.lambda$tryOutStrategy$6(DockerClientProviderStrategy.java:168) ~[testcontainers-1.16.3.jar:na]
	at org.rnorth.ducttape.unreliables.Unreliables.lambda$retryUntilSuccess$0(Unreliables.java:43) ~[duct-tape-1.0.8.jar:na]
	at java.base/java.util.concurrent.FutureTask.run(FutureTask.java:264) ~[na:na]
	at java.base/java.util.concurrent.ThreadPoolExecutor.runWorker(ThreadPoolExecutor.java:1128) ~[na:na]
	at java.base/java.util.concurrent.ThreadPoolExecutor$Worker.run(ThreadPoolExecutor.java:628) ~[na:na]
	at java.base/java.lang.Thread.run(Thread.java:829) ~[na:na]
Caused by: com.sun.jna.LastErrorException: [13] Permission denied
	at com.github.dockerjava.transport.LinuxDomainSocket.connect(Native Method) ~[docker-java-transport-3.2.12.jar:na]
	at com.github.dockerjava.transport.LinuxDomainSocket.connect(LinuxDomainSocket.java:49) ~[docker-java-transport-3.2.12.jar:na]
	at com.github.dockerjava.transport.DomainSocket.open(DomainSocket.java:69) ~[docker-java-transport-3.2.12.jar:na]
	at com.github.dockerjava.transport.DomainSocket.&lt;init&gt;(DomainSocket.java:59) ~[docker-java-transport-3.2.12.jar:na]
	... 40 common frames omitted
20:18:49.582 [ducttape-0] INFO  c.g.d.z.s.o.a.h.c.h.i.c.HttpRequestRetryExec - Recoverable I/O exception (java.io.IOException) caught when processing request to {}-&gt;unix://localhost:2375
20:18:49.586 [ducttape-0] DEBUG c.g.d.z.s.o.a.h.c.h.p.RequestAddCookies - Cookie spec selected: strict
20:18:49.586 [ducttape-0] DEBUG c.g.d.z.s.o.a.h.c.h.p.RequestAuthCache - Auth cache not set in the context
20:18:49.586 [ducttape-0] DEBUG c.g.d.z.s.o.a.h.c.h.i.c.ProtocolExec - ex-00000003: target auth state: UNCHALLENGED
20:18:49.587 [ducttape-0] DEBUG c.g.d.z.s.o.a.h.c.h.i.c.ProtocolExec - ex-00000003: proxy auth state: UNCHALLENGED
20:18:49.588 [ducttape-0] DEBUG c.g.d.z.s.o.a.h.c.h.i.c.ConnectExec - ex-00000003: acquiring connection with route {}-&gt;unix://localhost:2375
20:18:49.588 [ducttape-0] DEBUG c.g.d.z.s.o.a.h.c.h.i.c.InternalHttpClient - ex-00000003: acquiring endpoint (3 MINUTES)
20:18:49.588 [ducttape-0] DEBUG c.g.d.z.s.o.a.h.c.h.i.i.PoolingHttpClientConnectionManager - ex-00000003: endpoint lease request (3 MINUTES) [route: {}-&gt;unix://localhost:2375][total available: 0; route allocated: 0 of 2147483647; total allocated: 0 of 2147483647]
20:18:49.588 [ducttape-0] DEBUG c.g.d.z.s.o.a.h.c.h.i.i.PoolingHttpClientConnectionManager - ex-00000003: endpoint leased [route: {}-&gt;unix://localhost:2375][total available: 0; route allocated: 1 of 2147483647; total allocated: 1 of 2147483647]
20:18:49.590 [ducttape-0] DEBUG c.g.d.z.s.o.a.h.c.h.i.i.PoolingHttpClientConnectionManager - ex-00000003: acquired ep-00000005
20:18:49.594 [ducttape-0] DEBUG c.g.d.z.s.o.a.h.c.h.i.c.InternalHttpClient - ex-00000003: acquired endpoint ep-00000005
20:18:49.595 [ducttape-0] DEBUG c.g.d.z.s.o.a.h.c.h.i.c.ConnectExec - ex-00000003: opening connection {}-&gt;unix://localhost:2375
20:18:49.595 [ducttape-0] DEBUG c.g.d.z.s.o.a.h.c.h.i.c.InternalHttpClient - ep-00000005: connecting endpoint (3 MINUTES)
20:18:49.595 [ducttape-0] DEBUG c.g.d.z.s.o.a.h.c.h.i.i.PoolingHttpClientConnectionManager - ep-00000005: connecting endpoint to unix://localhost:2375 (3 MINUTES)
20:18:49.597 [ducttape-0] DEBUG c.g.d.z.s.o.a.h.c.h.i.i.DefaultManagedHttpClientConnection - http-outgoing-5: close connection IMMEDIATE
20:18:49.597 [ducttape-0] DEBUG c.g.d.z.s.o.a.h.c.h.i.c.InternalHttpClient - ep-00000005: endpoint closed
20:18:49.599 [ducttape-0] DEBUG c.g.d.z.s.o.a.h.c.h.i.c.InternalHttpClient - ep-00000005: discarding endpoint
20:18:49.604 [ducttape-0] DEBUG c.g.d.z.s.o.a.h.c.h.i.i.PoolingHttpClientConnectionManager - ep-00000005: releasing endpoint
20:18:49.604 [ducttape-0] DEBUG c.g.d.z.s.o.a.h.c.h.i.i.PoolingHttpClientConnectionManager - ep-00000005: connection is not kept alive
20:18:49.604 [ducttape-0] DEBUG c.g.d.z.s.o.a.h.c.h.i.i.PoolingHttpClientConnectionManager - ep-00000005: connection released [route: {}-&gt;unix://localhost:2375][total available: 0; route allocated: 0 of 2147483647; total allocated: 0 of 2147483647]
20:18:49.705 [ducttape-0] DEBUG o.t.d.DockerClientProviderStrategy - Pinging docker daemon...
20:18:49.705 [ducttape-0] DEBUG o.t.s.c.g.d.c.command.AbstrDockerCmd - Cmd: 
20:18:49.705 [ducttape-0] DEBUG c.g.d.z.s.o.a.h.c.h.i.c.InternalHttpClient - ex-00000004: preparing request execution
20:18:49.706 [ducttape-0] DEBUG c.g.d.z.s.o.a.h.c.h.p.RequestAddCookies - Cookie spec selected: strict
20:18:49.706 [ducttape-0] DEBUG c.g.d.z.s.o.a.h.c.h.p.RequestAuthCache - Auth cache not set in the context
20:18:49.706 [ducttape-0] DEBUG c.g.d.z.s.o.a.h.c.h.i.c.ProtocolExec - ex-00000004: target auth state: UNCHALLENGED
20:18:49.706 [ducttape-0] DEBUG c.g.d.z.s.o.a.h.c.h.i.c.ProtocolExec - ex-00000004: proxy auth state: UNCHALLENGED
20:18:49.706 [ducttape-0] DEBUG c.g.d.z.s.o.a.h.c.h.i.c.ConnectExec - ex-00000004: acquiring connection with route {}-&gt;unix://localhost:2375
20:18:49.706 [ducttape-0] DEBUG c.g.d.z.s.o.a.h.c.h.i.c.InternalHttpClient - ex-00000004: acquiring endpoint (3 MINUTES)
20:18:49.707 [ducttape-0] DEBUG c.g.d.z.s.o.a.h.c.h.i.i.PoolingHttpClientConnectionManager - ex-00000004: endpoint lease request (3 MINUTES) [route: {}-&gt;unix://localhost:2375][total available: 0; route allocated: 0 of 2147483647; total allocated: 0 of 2147483647]
20:18:49.707 [ducttape-0] DEBUG c.g.d.z.s.o.a.h.c.h.i.i.PoolingHttpClientConnectionManager - ex-00000004: endpoint leased [route: {}-&gt;unix://localhost:2375][total available: 0; route allocated: 1 of 2147483647; total allocated: 1 of 2147483647]
20:18:49.710 [ducttape-0] DEBUG c.g.d.z.s.o.a.h.c.h.i.i.PoolingHttpClientConnectionManager - ex-00000004: acquired ep-00000006
20:18:49.710 [ducttape-0] DEBUG c.g.d.z.s.o.a.h.c.h.i.c.InternalHttpClient - ex-00000004: acquired endpoint ep-00000006
20:18:49.710 [ducttape-0] DEBUG c.g.d.z.s.o.a.h.c.h.i.c.ConnectExec - ex-00000004: opening connection {}-&gt;unix://localhost:2375
20:18:49.710 [ducttape-0] DEBUG c.g.d.z.s.o.a.h.c.h.i.c.InternalHttpClient - ep-00000006: connecting endpoint (3 MINUTES)
20:18:49.710 [ducttape-0] DEBUG c.g.d.z.s.o.a.h.c.h.i.i.PoolingHttpClientConnectionManager - ep-00000006: connecting endpoint to unix://localhost:2375 (3 MINUTES)
20:18:49.712 [ducttape-0] DEBUG c.g.d.z.s.o.a.h.c.h.i.i.DefaultManagedHttpClientConnection - http-outgoing-6: close connection IMMEDIATE
20:18:49.717 [ducttape-0] DEBUG c.g.d.z.s.o.a.h.c.h.i.c.InternalHttpClient - ep-00000006: endpoint closed
20:18:49.717 [ducttape-0] DEBUG c.g.d.z.s.o.a.h.c.h.i.c.InternalHttpClient - ep-00000006: discarding endpoint
20:18:49.717 [ducttape-0] DEBUG c.g.d.z.s.o.a.h.c.h.i.i.PoolingHttpClientConnectionManager - ep-00000006: releasing endpoint
20:18:49.717 [ducttape-0] DEBUG c.g.d.z.s.o.a.h.c.h.i.i.PoolingHttpClientConnectionManager - ep-00000006: connection is not kept alive
20:18:49.720 [ducttape-0] DEBUG c.g.d.z.s.o.a.h.c.h.i.i.PoolingHttpClientConnectionManager - ep-00000006: connection released [route: {}-&gt;unix://localhost:2375][total available: 0; route allocated: 0 of 2147483647; total allocated: 0 of 2147483647]
20:18:49.721 [ducttape-0] DEBUG c.g.d.z.s.o.a.h.c.h.i.c.HttpRequestRetryExec - ex-00000004: com.sun.jna.LastErrorException: [13] Permission denied
java.io.IOException: com.sun.jna.LastErrorException: [13] Permission denied
	at com.github.dockerjava.transport.DomainSocket.&lt;init&gt;(DomainSocket.java:63) ~[docker-java-transport-3.2.12.jar:na]
	at com.github.dockerjava.transport.LinuxDomainSocket.&lt;init&gt;(LinuxDomainSocket.java:41) ~[docker-java-transport-3.2.12.jar:na]
	at com.github.dockerjava.transport.DomainSocket.get(DomainSocket.java:140) ~[docker-java-transport-3.2.12.jar:na]
	at com.github.dockerjava.transport.UnixSocket.get(UnixSocket.java:27) ~[docker-java-transport-3.2.12.jar:na]
	at com.github.dockerjava.zerodep.ApacheDockerHttpClientImpl$2.createSocket(ApacheDockerHttpClientImpl.java:145) ~[docker-java-transport-zerodep-3.2.12.jar:na]
	at com.github.dockerjava.zerodep.shaded.org.apache.hc.client5.http.impl.io.DefaultHttpClientConnectionOperator.connect(DefaultHttpClientConnectionOperator.java:125) ~[docker-java-transport-zerodep-3.2.12.jar:na]
	at com.github.dockerjava.zerodep.shaded.org.apache.hc.client5.http.impl.io.PoolingHttpClientConnectionManager.connect(PoolingHttpClientConnectionManager.java:409) ~[docker-java-transport-zerodep-3.2.12.jar:na]
	at com.github.dockerjava.zerodep.shaded.org.apache.hc.client5.http.impl.classic.InternalExecRuntime.connectEndpoint(InternalExecRuntime.java:164) ~[docker-java-transport-zerodep-3.2.12.jar:na]
	at com.github.dockerjava.zerodep.shaded.org.apache.hc.client5.http.impl.classic.InternalExecRuntime.connectEndpoint(InternalExecRuntime.java:174) ~[docker-java-transport-zerodep-3.2.12.jar:na]
	at com.github.dockerjava.zerodep.shaded.org.apache.hc.client5.http.impl.classic.ConnectExec.execute(ConnectExec.java:135) ~[docker-java-transport-zerodep-3.2.12.jar:na]
	at com.github.dockerjava.zerodep.shaded.org.apache.hc.client5.http.impl.classic.ExecChainElement.execute(ExecChainElement.java:51) ~[docker-java-transport-zerodep-3.2.12.jar:na]
	at com.github.dockerjava.zerodep.shaded.org.apache.hc.client5.http.impl.classic.ExecChainElement$1.proceed(ExecChainElement.java:57) ~[docker-java-transport-zerodep-3.2.12.jar:na]
	at com.github.dockerjava.zerodep.shaded.org.apache.hc.client5.http.impl.classic.ProtocolExec.execute(ProtocolExec.java:172) ~[docker-java-transport-zerodep-3.2.12.jar:na]
	at com.github.dockerjava.zerodep.shaded.org.apache.hc.client5.http.impl.classic.ExecChainElement.execute(ExecChainElement.java:51) ~[docker-java-transport-zerodep-3.2.12.jar:na]
	at com.github.dockerjava.zerodep.shaded.org.apache.hc.client5.http.impl.classic.ExecChainElement$1.proceed(ExecChainElement.java:57) ~[docker-java-transport-zerodep-3.2.12.jar:na]
	at com.github.dockerjava.zerodep.shaded.org.apache.hc.client5.http.impl.classic.HttpRequestRetryExec.execute(HttpRequestRetryExec.java:93) ~[docker-java-transport-zerodep-3.2.12.jar:na]
	at com.github.dockerjava.zerodep.shaded.org.apache.hc.client5.http.impl.classic.ExecChainElement.execute(ExecChainElement.java:51) ~[docker-java-transport-zerodep-3.2.12.jar:na]
	at com.github.dockerjava.zerodep.shaded.org.apache.hc.client5.http.impl.classic.ExecChainElement$1.proceed(ExecChainElement.java:57) ~[docker-java-transport-zerodep-3.2.12.jar:na]
	at com.github.dockerjava.zerodep.shaded.org.apache.hc.client5.http.impl.classic.ContentCompressionExec.execute(ContentCompressionExec.java:128) ~[docker-java-transport-zerodep-3.2.12.jar:na]
	at com.github.dockerjava.zerodep.shaded.org.apache.hc.client5.http.impl.classic.ExecChainElement.execute(ExecChainElement.java:51) ~[docker-java-transport-zerodep-3.2.12.jar:na]
	at com.github.dockerjava.zerodep.shaded.org.apache.hc.client5.http.impl.classic.ExecChainElement$1.proceed(ExecChainElement.java:57) ~[docker-java-transport-zerodep-3.2.12.jar:na]
	at com.github.dockerjava.zerodep.shaded.org.apache.hc.client5.http.impl.classic.RedirectExec.execute(RedirectExec.java:116) ~[docker-java-transport-zerodep-3.2.12.jar:na]
	at com.github.dockerjava.zerodep.shaded.org.apache.hc.client5.http.impl.classic.ExecChainElement.execute(ExecChainElement.java:51) ~[docker-java-transport-zerodep-3.2.12.jar:na]
	at com.github.dockerjava.zerodep.shaded.org.apache.hc.client5.http.impl.classic.InternalHttpClient.doExecute(InternalHttpClient.java:178) ~[docker-java-transport-zerodep-3.2.12.jar:na]
	at com.github.dockerjava.zerodep.shaded.org.apache.hc.client5.http.impl.classic.CloseableHttpClient.execute(CloseableHttpClient.java:67) ~[docker-java-transport-zerodep-3.2.12.jar:na]
	at com.github.dockerjava.zerodep.ApacheDockerHttpClientImpl.execute(ApacheDockerHttpClientImpl.java:183) ~[docker-java-transport-zerodep-3.2.12.jar:na]
	at com.github.dockerjava.zerodep.ZerodepDockerHttpClient.execute(ZerodepDockerHttpClient.java:8) ~[docker-java-transport-zerodep-3.2.12.jar:na]
	at org.testcontainers.shaded.com.github.dockerjava.core.DefaultInvocationBuilder.execute(DefaultInvocationBuilder.java:228) ~[testcontainers-1.16.3.jar:na]
	at org.testcontainers.shaded.com.github.dockerjava.core.DefaultInvocationBuilder.get(DefaultInvocationBuilder.java:202) ~[testcontainers-1.16.3.jar:na]
	at org.testcontainers.shaded.com.github.dockerjava.core.DefaultInvocationBuilder.get(DefaultInvocationBuilder.java:74) ~[testcontainers-1.16.3.jar:na]
	at org.testcontainers.shaded.com.github.dockerjava.core.exec.InfoCmdExec.exec(InfoCmdExec.java:24) ~[testcontainers-1.16.3.jar:na]
	at org.testcontainers.shaded.com.github.dockerjava.core.exec.InfoCmdExec.exec(InfoCmdExec.java:14) ~[testcontainers-1.16.3.jar:na]
	at org.testcontainers.shaded.com.github.dockerjava.core.command.AbstrDockerCmd.exec(AbstrDockerCmd.java:35) ~[testcontainers-1.16.3.jar:na]
	at org.testcontainers.dockerclient.DockerClientProviderStrategy.lambda$null$5(DockerClientProviderStrategy.java:170) ~[testcontainers-1.16.3.jar:na]
	at org.rnorth.ducttape.ratelimits.RateLimiter.getWhenReady(RateLimiter.java:51) ~[duct-tape-1.0.8.jar:na]
	at org.testcontainers.dockerclient.DockerClientProviderStrategy.lambda$tryOutStrategy$6(DockerClientProviderStrategy.java:168) ~[testcontainers-1.16.3.jar:na]
	at org.rnorth.ducttape.unreliables.Unreliables.lambda$retryUntilSuccess$0(Unreliables.java:43) ~[duct-tape-1.0.8.jar:na]
	at java.base/java.util.concurrent.FutureTask.run(FutureTask.java:264) ~[na:na]
	at java.base/java.util.concurrent.ThreadPoolExecutor.runWorker(ThreadPoolExecutor.java:1128) ~[na:na]
	at java.base/java.util.concurrent.ThreadPoolExecutor$Worker.run(ThreadPoolExecutor.java:628) ~[na:na]
	at java.base/java.lang.Thread.run(Thread.java:829) ~[na:na]
Caused by: com.sun.jna.LastErrorException: [13] Permission denied
	at com.github.dockerjava.transport.LinuxDomainSocket.connect(Native Method) ~[docker-java-transport-3.2.12.jar:na]
	at com.github.dockerjava.transport.LinuxDomainSocket.connect(LinuxDomainSocket.java:49) ~[docker-java-transport-3.2.12.jar:na]
	at com.github.dockerjava.transport.DomainSocket.open(DomainSocket.java:69) ~[docker-java-transport-3.2.12.jar:na]
	at com.github.dockerjava.transport.DomainSocket.&lt;init&gt;(DomainSocket.java:59) ~[docker-java-transport-3.2.12.jar:na]
	... 40 common frames omitted
20:18:49.736 [ducttape-0] INFO  c.g.d.z.s.o.a.h.c.h.i.c.HttpRequestRetryExec - Recoverable I/O exception (java.io.IOException) caught when processing request to {}-&gt;unix://localhost:2375
20:18:49.738 [ducttape-0] DEBUG c.g.d.z.s.o.a.h.c.h.p.RequestAddCookies - Cookie spec selected: strict
20:18:49.744 [ducttape-0] DEBUG c.g.d.z.s.o.a.h.c.h.p.RequestAuthCache - Auth cache not set in the context
20:18:49.744 [ducttape-0] DEBUG c.g.d.z.s.o.a.h.c.h.i.c.ProtocolExec - ex-00000004: target auth state: UNCHALLENGED
20:18:49.744 [ducttape-0] DEBUG c.g.d.z.s.o.a.h.c.h.i.c.ProtocolExec - ex-00000004: proxy auth state: UNCHALLENGED
20:18:49.744 [ducttape-0] DEBUG c.g.d.z.s.o.a.h.c.h.i.c.ConnectExec - ex-00000004: acquiring connection with route {}-&gt;unix://localhost:2375
20:18:49.745 [ducttape-0] DEBUG c.g.d.z.s.o.a.h.c.h.i.c.InternalHttpClient - ex-00000004: acquiring endpoint (3 MINUTES)
20:18:49.747 [ducttape-0] DEBUG c.g.d.z.s.o.a.h.c.h.i.i.PoolingHttpClientConnectionManager - ex-00000004: endpoint lease request (3 MINUTES) [route: {}-&gt;unix://localhost:2375][total available: 0; route allocated: 0 of 2147483647; total allocated: 0 of 2147483647]
20:18:49.766 [ducttape-0] DEBUG c.g.d.z.s.o.a.h.c.h.i.i.PoolingHttpClientConnectionManager - ex-00000004: endpoint leased [route: {}-&gt;unix://localhost:2375][total available: 0; route allocated: 1 of 2147483647; total allocated: 1 of 2147483647]
20:18:49.771 [ducttape-0] DEBUG c.g.d.z.s.o.a.h.c.h.i.i.PoolingHttpClientConnectionManager - ex-00000004: acquired ep-00000007
20:18:49.772 [ducttape-0] DEBUG c.g.d.z.s.o.a.h.c.h.i.c.InternalHttpClient - ex-00000004: acquired endpoint ep-00000007
20:18:49.772 [ducttape-0] DEBUG c.g.d.z.s.o.a.h.c.h.i.c.ConnectExec - ex-00000004: opening connection {}-&gt;unix://localhost:2375
20:18:49.772 [ducttape-0] DEBUG c.g.d.z.s.o.a.h.c.h.i.c.InternalHttpClient - ep-00000007: connecting endpoint (3 MINUTES)
20:18:49.774 [ducttape-0] DEBUG c.g.d.z.s.o.a.h.c.h.i.i.PoolingHttpClientConnectionManager - ep-00000007: connecting endpoint to unix://localhost:2375 (3 MINUTES)
20:18:49.775 [ducttape-0] DEBUG c.g.d.z.s.o.a.h.c.h.i.i.DefaultManagedHttpClientConnection - http-outgoing-7: close connection IMMEDIATE
20:18:49.779 [ducttape-0] DEBUG c.g.d.z.s.o.a.h.c.h.i.c.InternalHttpClient - ep-00000007: endpoint closed
20:18:49.779 [ducttape-0] DEBUG c.g.d.z.s.o.a.h.c.h.i.c.InternalHttpClient - ep-00000007: discarding endpoint
20:18:49.779 [ducttape-0] DEBUG c.g.d.z.s.o.a.h.c.h.i.i.PoolingHttpClientConnectionManager - ep-00000007: releasing endpoint
20:18:49.779 [ducttape-0] DEBUG c.g.d.z.s.o.a.h.c.h.i.i.PoolingHttpClientConnectionManager - ep-00000007: connection is not kept alive
20:18:49.779 [ducttape-0] DEBUG c.g.d.z.s.o.a.h.c.h.i.i.PoolingHttpClientConnectionManager - ep-00000007: connection released [route: {}-&gt;unix://localhost:2375][total available: 0; route allocated: 0 of 2147483647; total allocated: 0 of 2147483647]
20:18:49.880 [ducttape-0] DEBUG o.t.d.DockerClientProviderStrategy - Pinging docker daemon...
20:18:49.880 [ducttape-0] DEBUG o.t.s.c.g.d.c.command.AbstrDockerCmd - Cmd: 
20:18:49.880 [ducttape-0] DEBUG c.g.d.z.s.o.a.h.c.h.i.c.InternalHttpClient - ex-00000005: preparing request execution
20:18:49.881 [ducttape-0] DEBUG c.g.d.z.s.o.a.h.c.h.p.RequestAddCookies - Cookie spec selected: strict
20:18:49.881 [ducttape-0] DEBUG c.g.d.z.s.o.a.h.c.h.p.RequestAuthCache - Auth cache not set in the context
20:18:49.881 [ducttape-0] DEBUG c.g.d.z.s.o.a.h.c.h.i.c.ProtocolExec - ex-00000005: target auth state: UNCHALLENGED
20:18:49.881 [ducttape-0] DEBUG c.g.d.z.s.o.a.h.c.h.i.c.ProtocolExec - ex-00000005: proxy auth state: UNCHALLENGED
20:18:49.881 [ducttape-0] DEBUG c.g.d.z.s.o.a.h.c.h.i.c.ConnectExec - ex-00000005: acquiring connection with route {}-&gt;unix://localhost:2375
20:18:49.881 [ducttape-0] DEBUG c.g.d.z.s.o.a.h.c.h.i.c.InternalHttpClient - ex-00000005: acquiring endpoint (3 MINUTES)
20:18:49.882 [ducttape-0] DEBUG c.g.d.z.s.o.a.h.c.h.i.i.PoolingHttpClientConnectionManager - ex-00000005: endpoint lease request (3 MINUTES) [route: {}-&gt;unix://localhost:2375][total available: 0; route allocated: 0 of 2147483647; total allocated: 0 of 2147483647]
20:18:49.884 [ducttape-0] DEBUG c.g.d.z.s.o.a.h.c.h.i.i.PoolingHttpClientConnectionManager - ex-00000005: endpoint leased [route: {}-&gt;unix://localhost:2375][total available: 0; route allocated: 1 of 2147483647; total allocated: 1 of 2147483647]
20:18:49.884 [ducttape-0] DEBUG c.g.d.z.s.o.a.h.c.h.i.i.PoolingHttpClientConnectionManager - ex-00000005: acquired ep-00000008
20:18:49.884 [ducttape-0] DEBUG c.g.d.z.s.o.a.h.c.h.i.c.InternalHttpClient - ex-00000005: acquired endpoint ep-00000008
20:18:49.886 [ducttape-0] DEBUG c.g.d.z.s.o.a.h.c.h.i.c.ConnectExec - ex-00000005: opening connection {}-&gt;unix://localhost:2375
20:18:49.890 [ducttape-0] DEBUG c.g.d.z.s.o.a.h.c.h.i.c.InternalHttpClient - ep-00000008: connecting endpoint (3 MINUTES)
20:18:49.892 [ducttape-0] DEBUG c.g.d.z.s.o.a.h.c.h.i.i.PoolingHttpClientConnectionManager - ep-00000008: connecting endpoint to unix://localhost:2375 (3 MINUTES)
20:18:49.894 [ducttape-0] DEBUG c.g.d.z.s.o.a.h.c.h.i.i.DefaultManagedHttpClientConnection - http-outgoing-8: close connection IMMEDIATE
20:18:49.898 [ducttape-0] DEBUG c.g.d.z.s.o.a.h.c.h.i.c.InternalHttpClient - ep-00000008: endpoint closed
20:18:49.898 [ducttape-0] DEBUG c.g.d.z.s.o.a.h.c.h.i.c.InternalHttpClient - ep-00000008: discarding endpoint
20:18:49.898 [ducttape-0] DEBUG c.g.d.z.s.o.a.h.c.h.i.i.PoolingHttpClientConnectionManager - ep-00000008: releasing endpoint
20:18:49.903 [ducttape-0] DEBUG c.g.d.z.s.o.a.h.c.h.i.i.PoolingHttpClientConnectionManager - ep-00000008: connection is not kept alive
20:18:49.903 [ducttape-0] DEBUG c.g.d.z.s.o.a.h.c.h.i.i.PoolingHttpClientConnectionManager - ep-00000008: connection released [route: {}-&gt;unix://localhost:2375][total available: 0; route allocated: 0 of 2147483647; total allocated: 0 of 2147483647]
20:18:49.909 [ducttape-0] DEBUG c.g.d.z.s.o.a.h.c.h.i.c.HttpRequestRetryExec - ex-00000005: com.sun.jna.LastErrorException: [13] Permission denied
java.io.IOException: com.sun.jna.LastErrorException: [13] Permission denied
	at com.github.dockerjava.transport.DomainSocket.&lt;init&gt;(DomainSocket.java:63) ~[docker-java-transport-3.2.12.jar:na]
	at com.github.dockerjava.transport.LinuxDomainSocket.&lt;init&gt;(LinuxDomainSocket.java:41) ~[docker-java-transport-3.2.12.jar:na]
	at com.github.dockerjava.transport.DomainSocket.get(DomainSocket.java:140) ~[docker-java-transport-3.2.12.jar:na]
	at com.github.dockerjava.transport.UnixSocket.get(UnixSocket.java:27) ~[docker-java-transport-3.2.12.jar:na]
	at com.github.dockerjava.zerodep.ApacheDockerHttpClientImpl$2.createSocket(ApacheDockerHttpClientImpl.java:145) ~[docker-java-transport-zerodep-3.2.12.jar:na]
	at com.github.dockerjava.zerodep.shaded.org.apache.hc.client5.http.impl.io.DefaultHttpClientConnectionOperator.connect(DefaultHttpClientConnectionOperator.java:125) ~[docker-java-transport-zerodep-3.2.12.jar:na]
	at com.github.dockerjava.zerodep.shaded.org.apache.hc.client5.http.impl.io.PoolingHttpClientConnectionManager.connect(PoolingHttpClientConnectionManager.java:409) ~[docker-java-transport-zerodep-3.2.12.jar:na]
	at com.github.dockerjava.zerodep.shaded.org.apache.hc.client5.http.impl.classic.InternalExecRuntime.connectEndpoint(InternalExecRuntime.java:164) ~[docker-java-transport-zerodep-3.2.12.jar:na]
	at com.github.dockerjava.zerodep.shaded.org.apache.hc.client5.http.impl.classic.InternalExecRuntime.connectEndpoint(InternalExecRuntime.java:174) ~[docker-java-transport-zerodep-3.2.12.jar:na]
	at com.github.dockerjava.zerodep.shaded.org.apache.hc.client5.http.impl.classic.ConnectExec.execute(ConnectExec.java:135) ~[docker-java-transport-zerodep-3.2.12.jar:na]
	at com.github.dockerjava.zerodep.shaded.org.apache.hc.client5.http.impl.classic.ExecChainElement.execute(ExecChainElement.java:51) ~[docker-java-transport-zerodep-3.2.12.jar:na]
	at com.github.dockerjava.zerodep.shaded.org.apache.hc.client5.http.impl.classic.ExecChainElement$1.proceed(ExecChainElement.java:57) ~[docker-java-transport-zerodep-3.2.12.jar:na]
	at com.github.dockerjava.zerodep.shaded.org.apache.hc.client5.http.impl.classic.ProtocolExec.execute(ProtocolExec.java:172) ~[docker-java-transport-zerodep-3.2.12.jar:na]
	at com.github.dockerjava.zerodep.shaded.org.apache.hc.client5.http.impl.classic.ExecChainElement.execute(ExecChainElement.java:51) ~[docker-java-transport-zerodep-3.2.12.jar:na]
	at com.github.dockerjava.zerodep.shaded.org.apache.hc.client5.http.impl.classic.ExecChainElement$1.proceed(ExecChainElement.java:57) ~[docker-java-transport-zerodep-3.2.12.jar:na]
	at com.github.dockerjava.zerodep.shaded.org.apache.hc.client5.http.impl.classic.HttpRequestRetryExec.execute(HttpRequestRetryExec.java:93) ~[docker-java-transport-zerodep-3.2.12.jar:na]
	at com.github.dockerjava.zerodep.shaded.org.apache.hc.client5.http.impl.classic.ExecChainElement.execute(ExecChainElement.java:51) ~[docker-java-transport-zerodep-3.2.12.jar:na]
	at com.github.dockerjava.zerodep.shaded.org.apache.hc.client5.http.impl.classic.ExecChainElement$1.proceed(ExecChainElement.java:57) ~[docker-java-transport-zerodep-3.2.12.jar:na]
	at com.github.dockerjava.zerodep.shaded.org.apache.hc.client5.http.impl.classic.ContentCompressionExec.execute(ContentCompressionExec.java:128) ~[docker-java-transport-zerodep-3.2.12.jar:na]
	at com.github.dockerjava.zerodep.shaded.org.apache.hc.client5.http.impl.classic.ExecChainElement.execute(ExecChainElement.java:51) ~[docker-java-transport-zerodep-3.2.12.jar:na]
	at com.github.dockerjava.zerodep.shaded.org.apache.hc.client5.http.impl.classic.ExecChainElement$1.proceed(ExecChainElement.java:57) ~[docker-java-transport-zerodep-3.2.12.jar:na]
	at com.github.dockerjava.zerodep.shaded.org.apache.hc.client5.http.impl.classic.RedirectExec.execute(RedirectExec.java:116) ~[docker-java-transport-zerodep-3.2.12.jar:na]
	at com.github.dockerjava.zerodep.shaded.org.apache.hc.client5.http.impl.classic.ExecChainElement.execute(ExecChainElement.java:51) ~[docker-java-transport-zerodep-3.2.12.jar:na]
	at com.github.dockerjava.zerodep.shaded.org.apache.hc.client5.http.impl.classic.InternalHttpClient.doExecute(InternalHttpClient.java:178) ~[docker-java-transport-zerodep-3.2.12.jar:na]
	at com.github.dockerjava.zerodep.shaded.org.apache.hc.client5.http.impl.classic.CloseableHttpClient.execute(CloseableHttpClient.java:67) ~[docker-java-transport-zerodep-3.2.12.jar:na]
	at com.github.dockerjava.zerodep.ApacheDockerHttpClientImpl.execute(ApacheDockerHttpClientImpl.java:183) ~[docker-java-transport-zerodep-3.2.12.jar:na]
	at com.github.dockerjava.zerodep.ZerodepDockerHttpClient.execute(ZerodepDockerHttpClient.java:8) ~[docker-java-transport-zerodep-3.2.12.jar:na]
	at org.testcontainers.shaded.com.github.dockerjava.core.DefaultInvocationBuilder.execute(DefaultInvocationBuilder.java:228) ~[testcontainers-1.16.3.jar:na]
	at org.testcontainers.shaded.com.github.dockerjava.core.DefaultInvocationBuilder.get(DefaultInvocationBuilder.java:202) ~[testcontainers-1.16.3.jar:na]
	at org.testcontainers.shaded.com.github.dockerjava.core.DefaultInvocationBuilder.get(DefaultInvocationBuilder.java:74) ~[testcontainers-1.16.3.jar:na]
	at org.testcontainers.shaded.com.github.dockerjava.core.exec.InfoCmdExec.exec(InfoCmdExec.java:24) ~[testcontainers-1.16.3.jar:na]
	at org.testcontainers.shaded.com.github.dockerjava.core.exec.InfoCmdExec.exec(InfoCmdExec.java:14) ~[testcontainers-1.16.3.jar:na]
	at org.testcontainers.shaded.com.github.dockerjava.core.command.AbstrDockerCmd.exec(AbstrDockerCmd.java:35) ~[testcontainers-1.16.3.jar:na]
	at org.testcontainers.dockerclient.DockerClientProviderStrategy.lambda$null$5(DockerClientProviderStrategy.java:170) ~[testcontainers-1.16.3.jar:na]
	at org.rnorth.ducttape.ratelimits.RateLimiter.getWhenReady(RateLimiter.java:51) ~[duct-tape-1.0.8.jar:na]
	at org.testcontainers.dockerclient.DockerClientProviderStrategy.lambda$tryOutStrategy$6(DockerClientProviderStrategy.java:168) ~[testcontainers-1.16.3.jar:na]
	at org.rnorth.ducttape.unreliables.Unreliables.lambda$retryUntilSuccess$0(Unreliables.java:43) ~[duct-tape-1.0.8.jar:na]
	at java.base/java.util.concurrent.FutureTask.run(FutureTask.java:264) ~[na:na]
	at java.base/java.util.concurrent.ThreadPoolExecutor.runWorker(ThreadPoolExecutor.java:1128) ~[na:na]
	at java.base/java.util.concurrent.ThreadPoolExecutor$Worker.run(ThreadPoolExecutor.java:628) ~[na:na]
	at java.base/java.lang.Thread.run(Thread.java:829) ~[na:na]
Caused by: com.sun.jna.LastErrorException: [13] Permission denied
	at com.github.dockerjava.transport.LinuxDomainSocket.connect(Native Method) ~[docker-java-transport-3.2.12.jar:na]
	at com.github.dockerjava.transport.LinuxDomainSocket.connect(LinuxDomainSocket.java:49) ~[docker-java-transport-3.2.12.jar:na]
	at com.github.dockerjava.transport.DomainSocket.open(DomainSocket.java:69) ~[docker-java-transport-3.2.12.jar:na]
	at com.github.dockerjava.transport.DomainSocket.&lt;init&gt;(DomainSocket.java:59) ~[docker-java-transport-3.2.12.jar:na]
	... 40 common frames omitted
20:18:49.922 [ducttape-0] INFO  c.g.d.z.s.o.a.h.c.h.i.c.HttpRequestRetryExec - Recoverable I/O exception (java.io.IOException) caught when processing request to {}-&gt;unix://localhost:2375
20:18:49.925 [ducttape-0] DEBUG c.g.d.z.s.o.a.h.c.h.p.RequestAddCookies - Cookie spec selected: strict
20:18:49.926 [ducttape-0] DEBUG c.g.d.z.s.o.a.h.c.h.p.RequestAuthCache - Auth cache not set in the context
20:18:49.926 [ducttape-0] DEBUG c.g.d.z.s.o.a.h.c.h.i.c.ProtocolExec - ex-00000005: target auth state: UNCHALLENGED
20:18:49.929 [ducttape-0] DEBUG c.g.d.z.s.o.a.h.c.h.i.c.ProtocolExec - ex-00000005: proxy auth state: UNCHALLENGED
20:18:49.929 [ducttape-0] DEBUG c.g.d.z.s.o.a.h.c.h.i.c.ConnectExec - ex-00000005: acquiring connection with route {}-&gt;unix://localhost:2375
20:18:49.929 [ducttape-0] DEBUG c.g.d.z.s.o.a.h.c.h.i.c.InternalHttpClient - ex-00000005: acquiring endpoint (3 MINUTES)
20:18:49.929 [ducttape-0] DEBUG c.g.d.z.s.o.a.h.c.h.i.i.PoolingHttpClientConnectionManager - ex-00000005: endpoint lease request (3 MINUTES) [route: {}-&gt;unix://localhost:2375][total available: 0; route allocated: 0 of 2147483647; total allocated: 0 of 2147483647]
20:18:49.933 [ducttape-0] DEBUG c.g.d.z.s.o.a.h.c.h.i.i.PoolingHttpClientConnectionManager - ex-00000005: endpoint leased [route: {}-&gt;unix://localhost:2375][total available: 0; route allocated: 1 of 2147483647; total allocated: 1 of 2147483647]
20:18:49.940 [ducttape-0] DEBUG c.g.d.z.s.o.a.h.c.h.i.i.PoolingHttpClientConnectionManager - ex-00000005: acquired ep-00000009
20:18:49.940 [ducttape-0] DEBUG c.g.d.z.s.o.a.h.c.h.i.c.InternalHttpClient - ex-00000005: acquired endpoint ep-00000009
20:18:49.940 [ducttape-0] DEBUG c.g.d.z.s.o.a.h.c.h.i.c.ConnectExec - ex-00000005: opening connection {}-&gt;unix://localhost:2375
20:18:49.941 [ducttape-0] DEBUG c.g.d.z.s.o.a.h.c.h.i.c.InternalHttpClient - ep-00000009: connecting endpoint (3 MINUTES)
20:18:49.944 [ducttape-0] DEBUG c.g.d.z.s.o.a.h.c.h.i.i.PoolingHttpClientConnectionManager - ep-00000009: connecting endpoint to unix://localhost:2375 (3 MINUTES)
20:18:49.945 [ducttape-0] DEBUG c.g.d.z.s.o.a.h.c.h.i.i.DefaultManagedHttpClientConnection - http-outgoing-9: close connection IMMEDIATE
20:18:49.946 [ducttape-0] DEBUG c.g.d.z.s.o.a.h.c.h.i.c.InternalHttpClient - ep-00000009: endpoint closed
20:18:49.946 [ducttape-0] DEBUG c.g.d.z.s.o.a.h.c.h.i.c.InternalHttpClient - ep-00000009: discarding endpoint
20:18:49.946 [ducttape-0] DEBUG c.g.d.z.s.o.a.h.c.h.i.i.PoolingHttpClientConnectionManager - ep-00000009: releasing endpoint
20:18:49.946 [ducttape-0] DEBUG c.g.d.z.s.o.a.h.c.h.i.i.PoolingHttpClientConnectionManager - ep-00000009: connection is not kept alive
20:18:49.947 [ducttape-0] DEBUG c.g.d.z.s.o.a.h.c.h.i.i.PoolingHttpClientConnectionManager - ep-00000009: connection released [route: {}-&gt;unix://localhost:2375][total available: 0; route allocated: 0 of 2147483647; total allocated: 0 of 2147483647]
20:18:50.047 [ducttape-0] DEBUG o.t.d.DockerClientProviderStrategy - Pinging docker daemon...
20:18:50.047 [ducttape-0] DEBUG o.t.s.c.g.d.c.command.AbstrDockerCmd - Cmd: 
20:18:50.048 [ducttape-0] DEBUG c.g.d.z.s.o.a.h.c.h.i.c.InternalHttpClient - ex-00000006: preparing request execution
20:18:50.048 [ducttape-0] DEBUG c.g.d.z.s.o.a.h.c.h.p.RequestAddCookies - Cookie spec selected: strict
20:18:50.048 [ducttape-0] DEBUG c.g.d.z.s.o.a.h.c.h.p.RequestAuthCache - Auth cache not set in the context
20:18:50.048 [ducttape-0] DEBUG c.g.d.z.s.o.a.h.c.h.i.c.ProtocolExec - ex-00000006: target auth state: UNCHALLENGED
20:18:50.048 [ducttape-0] DEBUG c.g.d.z.s.o.a.h.c.h.i.c.ProtocolExec - ex-00000006: proxy auth state: UNCHALLENGED
20:18:50.048 [ducttape-0] DEBUG c.g.d.z.s.o.a.h.c.h.i.c.ConnectExec - ex-00000006: acquiring connection with route {}-&gt;unix://localhost:2375
20:18:50.048 [ducttape-0] DEBUG c.g.d.z.s.o.a.h.c.h.i.c.InternalHttpClient - ex-00000006: acquiring endpoint (3 MINUTES)
20:18:50.048 [ducttape-0] DEBUG c.g.d.z.s.o.a.h.c.h.i.i.PoolingHttpClientConnectionManager - ex-00000006: endpoint lease request (3 MINUTES) [route: {}-&gt;unix://localhost:2375][total available: 0; route allocated: 0 of 2147483647; total allocated: 0 of 2147483647]
20:18:50.049 [ducttape-0] DEBUG c.g.d.z.s.o.a.h.c.h.i.i.PoolingHttpClientConnectionManager - ex-00000006: endpoint leased [route: {}-&gt;unix://localhost:2375][total available: 0; route allocated: 1 of 2147483647; total allocated: 1 of 2147483647]
20:18:50.049 [ducttape-0] DEBUG c.g.d.z.s.o.a.h.c.h.i.i.PoolingHttpClientConnectionManager - ex-00000006: acquired ep-0000000A
20:18:50.049 [ducttape-0] DEBUG c.g.d.z.s.o.a.h.c.h.i.c.InternalHttpClient - ex-00000006: acquired endpoint ep-0000000A
20:18:50.049 [ducttape-0] DEBUG c.g.d.z.s.o.a.h.c.h.i.c.ConnectExec - ex-00000006: opening connection {}-&gt;unix://localhost:2375
20:18:50.049 [ducttape-0] DEBUG c.g.d.z.s.o.a.h.c.h.i.c.InternalHttpClient - ep-0000000A: connecting endpoint (3 MINUTES)
20:18:50.049 [ducttape-0] DEBUG c.g.d.z.s.o.a.h.c.h.i.i.PoolingHttpClientConnectionManager - ep-0000000A: connecting endpoint to unix://localhost:2375 (3 MINUTES)
20:18:50.050 [ducttape-0] DEBUG c.g.d.z.s.o.a.h.c.h.i.i.DefaultManagedHttpClientConnection - http-outgoing-10: close connection IMMEDIATE
20:18:50.050 [ducttape-0] DEBUG c.g.d.z.s.o.a.h.c.h.i.c.InternalHttpClient - ep-0000000A: endpoint closed
20:18:50.050 [ducttape-0] DEBUG c.g.d.z.s.o.a.h.c.h.i.c.InternalHttpClient - ep-0000000A: discarding endpoint
20:18:50.050 [ducttape-0] DEBUG c.g.d.z.s.o.a.h.c.h.i.i.PoolingHttpClientConnectionManager - ep-0000000A: releasing endpoint
20:18:50.050 [ducttape-0] DEBUG c.g.d.z.s.o.a.h.c.h.i.i.PoolingHttpClientConnectionManager - ep-0000000A: connection is not kept alive
20:18:50.050 [ducttape-0] DEBUG c.g.d.z.s.o.a.h.c.h.i.i.PoolingHttpClientConnectionManager - ep-0000000A: connection released [route: {}-&gt;unix://localhost:2375][total available: 0; route allocated: 0 of 2147483647; total allocated: 0 of 2147483647]
20:18:50.051 [ducttape-0] DEBUG c.g.d.z.s.o.a.h.c.h.i.c.HttpRequestRetryExec - ex-00000006: com.sun.jna.LastErrorException: [13] Permission denied
java.io.IOException: com.sun.jna.LastErrorException: [13] Permission denied
	at com.github.dockerjava.transport.DomainSocket.&lt;init&gt;(DomainSocket.java:63) ~[docker-java-transport-3.2.12.jar:na]
	at com.github.dockerjava.transport.LinuxDomainSocket.&lt;init&gt;(LinuxDomainSocket.java:41) ~[docker-java-transport-3.2.12.jar:na]
	at com.github.dockerjava.transport.DomainSocket.get(DomainSocket.java:140) ~[docker-java-transport-3.2.12.jar:na]
	at com.github.dockerjava.transport.UnixSocket.get(UnixSocket.java:27) ~[docker-java-transport-3.2.12.jar:na]
	at com.github.dockerjava.zerodep.ApacheDockerHttpClientImpl$2.createSocket(ApacheDockerHttpClientImpl.java:145) ~[docker-java-transport-zerodep-3.2.12.jar:na]
	at com.github.dockerjava.zerodep.shaded.org.apache.hc.client5.http.impl.io.DefaultHttpClientConnectionOperator.connect(DefaultHttpClientConnectionOperator.java:125) ~[docker-java-transport-zerodep-3.2.12.jar:na]
	at com.github.dockerjava.zerodep.shaded.org.apache.hc.client5.http.impl.io.PoolingHttpClientConnectionManager.connect(PoolingHttpClientConnectionManager.java:409) ~[docker-java-transport-zerodep-3.2.12.jar:na]
	at com.github.dockerjava.zerodep.shaded.org.apache.hc.client5.http.impl.classic.InternalExecRuntime.connectEndpoint(InternalExecRuntime.java:164) ~[docker-java-transport-zerodep-3.2.12.jar:na]
	at com.github.dockerjava.zerodep.shaded.org.apache.hc.client5.http.impl.classic.InternalExecRuntime.connectEndpoint(InternalExecRuntime.java:174) ~[docker-java-transport-zerodep-3.2.12.jar:na]
	at com.github.dockerjava.zerodep.shaded.org.apache.hc.client5.http.impl.classic.ConnectExec.execute(ConnectExec.java:135) ~[docker-java-transport-zerodep-3.2.12.jar:na]
	at com.github.dockerjava.zerodep.shaded.org.apache.hc.client5.http.impl.classic.ExecChainElement.execute(ExecChainElement.java:51) ~[docker-java-transport-zerodep-3.2.12.jar:na]
	at com.github.dockerjava.zerodep.shaded.org.apache.hc.client5.http.impl.classic.ExecChainElement$1.proceed(ExecChainElement.java:57) ~[docker-java-transport-zerodep-3.2.12.jar:na]
	at com.github.dockerjava.zerodep.shaded.org.apache.hc.client5.http.impl.classic.ProtocolExec.execute(ProtocolExec.java:172) ~[docker-java-transport-zerodep-3.2.12.jar:na]
	at com.github.dockerjava.zerodep.shaded.org.apache.hc.client5.http.impl.classic.ExecChainElement.execute(ExecChainElement.java:51) ~[docker-java-transport-zerodep-3.2.12.jar:na]
	at com.github.dockerjava.zerodep.shaded.org.apache.hc.client5.http.impl.classic.ExecChainElement$1.proceed(ExecChainElement.java:57) ~[docker-java-transport-zerodep-3.2.12.jar:na]
	at com.github.dockerjava.zerodep.shaded.org.apache.hc.client5.http.impl.classic.HttpRequestRetryExec.execute(HttpRequestRetryExec.java:93) ~[docker-java-transport-zerodep-3.2.12.jar:na]
	at com.github.dockerjava.zerodep.shaded.org.apache.hc.client5.http.impl.classic.ExecChainElement.execute(ExecChainElement.java:51) ~[docker-java-transport-zerodep-3.2.12.jar:na]
	at com.github.dockerjava.zerodep.shaded.org.apache.hc.client5.http.impl.classic.ExecChainElement$1.proceed(ExecChainElement.java:57) ~[docker-java-transport-zerodep-3.2.12.jar:na]
	at com.github.dockerjava.zerodep.shaded.org.apache.hc.client5.http.impl.classic.ContentCompressionExec.execute(ContentCompressionExec.java:128) ~[docker-java-transport-zerodep-3.2.12.jar:na]
	at com.github.dockerjava.zerodep.shaded.org.apache.hc.client5.http.impl.classic.ExecChainElement.execute(ExecChainElement.java:51) ~[docker-java-transport-zerodep-3.2.12.jar:na]
	at com.github.dockerjava.zerodep.shaded.org.apache.hc.client5.http.impl.classic.ExecChainElement$1.proceed(ExecChainElement.java:57) ~[docker-java-transport-zerodep-3.2.12.jar:na]
	at com.github.dockerjava.zerodep.shaded.org.apache.hc.client5.http.impl.classic.RedirectExec.execute(RedirectExec.java:116) ~[docker-java-transport-zerodep-3.2.12.jar:na]
	at com.github.dockerjava.zerodep.shaded.org.apache.hc.client5.http.impl.classic.ExecChainElement.execute(ExecChainElement.java:51) ~[docker-java-transport-zerodep-3.2.12.jar:na]
	at com.github.dockerjava.zerodep.shaded.org.apache.hc.client5.http.impl.classic.InternalHttpClient.doExecute(InternalHttpClient.java:178) ~[docker-java-transport-zerodep-3.2.12.jar:na]
	at com.github.dockerjava.zerodep.shaded.org.apache.hc.client5.http.impl.classic.CloseableHttpClient.execute(CloseableHttpClient.java:67) ~[docker-java-transport-zerodep-3.2.12.jar:na]
	at com.github.dockerjava.zerodep.ApacheDockerHttpClientImpl.execute(ApacheDockerHttpClientImpl.java:183) ~[docker-java-transport-zerodep-3.2.12.jar:na]
	at com.github.dockerjava.zerodep.ZerodepDockerHttpClient.execute(ZerodepDockerHttpClient.java:8) ~[docker-java-transport-zerodep-3.2.12.jar:na]
	at org.testcontainers.shaded.com.github.dockerjava.core.DefaultInvocationBuilder.execute(DefaultInvocationBuilder.java:228) ~[testcontainers-1.16.3.jar:na]
	at org.testcontainers.shaded.com.github.dockerjava.core.DefaultInvocationBuilder.get(DefaultInvocationBuilder.java:202) ~[testcontainers-1.16.3.jar:na]
	at org.testcontainers.shaded.com.github.dockerjava.core.DefaultInvocationBuilder.get(DefaultInvocationBuilder.java:74) ~[testcontainers-1.16.3.jar:na]
	at org.testcontainers.shaded.com.github.dockerjava.core.exec.InfoCmdExec.exec(InfoCmdExec.java:24) ~[testcontainers-1.16.3.jar:na]
	at org.testcontainers.shaded.com.github.dockerjava.core.exec.InfoCmdExec.exec(InfoCmdExec.java:14) ~[testcontainers-1.16.3.jar:na]
	at org.testcontainers.shaded.com.github.dockerjava.core.command.AbstrDockerCmd.exec(AbstrDockerCmd.java:35) ~[testcontainers-1.16.3.jar:na]
	at org.testcontainers.dockerclient.DockerClientProviderStrategy.lambda$null$5(DockerClientProviderStrategy.java:170) ~[testcontainers-1.16.3.jar:na]
	at org.rnorth.ducttape.ratelimits.RateLimiter.getWhenReady(RateLimiter.java:51) ~[duct-tape-1.0.8.jar:na]
	at org.testcontainers.dockerclient.DockerClientProviderStrategy.lambda$tryOutStrategy$6(DockerClientProviderStrategy.java:168) ~[testcontainers-1.16.3.jar:na]
	at org.rnorth.ducttape.unreliables.Unreliables.lambda$retryUntilSuccess$0(Unreliables.java:43) ~[duct-tape-1.0.8.jar:na]
	at java.base/java.util.concurrent.FutureTask.run(FutureTask.java:264) ~[na:na]
	at java.base/java.util.concurrent.ThreadPoolExecutor.runWorker(ThreadPoolExecutor.java:1128) ~[na:na]
	at java.base/java.util.concurrent.ThreadPoolExecutor$Worker.run(ThreadPoolExecutor.java:628) ~[na:na]
	at java.base/java.lang.Thread.run(Thread.java:829) ~[na:na]
Caused by: com.sun.jna.LastErrorException: [13] Permission denied
	at com.github.dockerjava.transport.LinuxDomainSocket.connect(Native Method) ~[docker-java-transport-3.2.12.jar:na]
	at com.github.dockerjava.transport.LinuxDomainSocket.connect(LinuxDomainSocket.java:49) ~[docker-java-transport-3.2.12.jar:na]
	at com.github.dockerjava.transport.DomainSocket.open(DomainSocket.java:69) ~[docker-java-transport-3.2.12.jar:na]
	at com.github.dockerjava.transport.DomainSocket.&lt;init&gt;(DomainSocket.java:59) ~[docker-java-transport-3.2.12.jar:na]
	... 40 common frames omitted
20:18:50.051 [ducttape-0] INFO  c.g.d.z.s.o.a.h.c.h.i.c.HttpRequestRetryExec - Recoverable I/O exception (java.io.IOException) caught when processing request to {}-&gt;unix://localhost:2375
20:18:50.051 [ducttape-0] DEBUG c.g.d.z.s.o.a.h.c.h.p.RequestAddCookies - Cookie spec selected: strict
20:18:50.051 [ducttape-0] DEBUG c.g.d.z.s.o.a.h.c.h.p.RequestAuthCache - Auth cache not set in the context
20:18:50.051 [ducttape-0] DEBUG c.g.d.z.s.o.a.h.c.h.i.c.ProtocolExec - ex-00000006: target auth state: UNCHALLENGED
20:18:50.051 [ducttape-0] DEBUG c.g.d.z.s.o.a.h.c.h.i.c.ProtocolExec - ex-00000006: proxy auth state: UNCHALLENGED
20:18:50.051 [ducttape-0] DEBUG c.g.d.z.s.o.a.h.c.h.i.c.ConnectExec - ex-00000006: acquiring connection with route {}-&gt;unix://localhost:2375
20:18:50.051 [ducttape-0] DEBUG c.g.d.z.s.o.a.h.c.h.i.c.InternalHttpClient - ex-00000006: acquiring endpoint (3 MINUTES)
20:18:50.051 [ducttape-0] DEBUG c.g.d.z.s.o.a.h.c.h.i.i.PoolingHttpClientConnectionManager - ex-00000006: endpoint lease request (3 MINUTES) [route: {}-&gt;unix://localhost:2375][total available: 0; route allocated: 0 of 2147483647; total allocated: 0 of 2147483647]
20:18:50.085 [ducttape-0] DEBUG c.g.d.z.s.o.a.h.c.h.i.i.PoolingHttpClientConnectionManager - ex-00000006: endpoint leased [route: {}-&gt;unix://localhost:2375][total available: 0; route allocated: 1 of 2147483647; total allocated: 1 of 2147483647]
20:18:50.088 [ducttape-0] DEBUG c.g.d.z.s.o.a.h.c.h.i.i.PoolingHttpClientConnectionManager - ex-00000006: acquired ep-0000000B
20:18:50.090 [ducttape-0] DEBUG c.g.d.z.s.o.a.h.c.h.i.c.InternalHttpClient - ex-00000006: acquired endpoint ep-0000000B
20:18:50.096 [ducttape-0] DEBUG c.g.d.z.s.o.a.h.c.h.i.c.ConnectExec - ex-00000006: opening connection {}-&gt;unix://localhost:2375
20:18:50.098 [ducttape-0] DEBUG c.g.d.z.s.o.a.h.c.h.i.c.InternalHttpClient - ep-0000000B: connecting endpoint (3 MINUTES)
20:18:50.100 [ducttape-0] DEBUG c.g.d.z.s.o.a.h.c.h.i.i.PoolingHttpClientConnectionManager - ep-0000000B: connecting endpoint to unix://localhost:2375 (3 MINUTES)
20:18:50.105 [ducttape-0] DEBUG c.g.d.z.s.o.a.h.c.h.i.i.DefaultManagedHttpClientConnection - http-outgoing-11: close connection IMMEDIATE
20:18:50.117 [ducttape-0] DEBUG c.g.d.z.s.o.a.h.c.h.i.c.InternalHttpClient - ep-0000000B: endpoint closed
20:18:50.117 [ducttape-0] DEBUG c.g.d.z.s.o.a.h.c.h.i.c.InternalHttpClient - ep-0000000B: discarding endpoint
20:18:50.117 [ducttape-0] DEBUG c.g.d.z.s.o.a.h.c.h.i.i.PoolingHttpClientConnectionManager - ep-0000000B: releasing endpoint
20:18:50.117 [ducttape-0] DEBUG c.g.d.z.s.o.a.h.c.h.i.i.PoolingHttpClientConnectionManager - ep-0000000B: connection is not kept alive
20:18:50.118 [ducttape-0] DEBUG c.g.d.z.s.o.a.h.c.h.i.i.PoolingHttpClientConnectionManager - ep-0000000B: connection released [route: {}-&gt;unix://localhost:2375][total available: 0; route allocated: 0 of 2147483647; total allocated: 0 of 2147483647]
20:18:50.221 [ducttape-0] DEBUG o.t.d.DockerClientProviderStrategy - Pinging docker daemon...
20:18:50.221 [ducttape-0] DEBUG o.t.s.c.g.d.c.command.AbstrDockerCmd - Cmd: 
20:18:50.221 [ducttape-0] DEBUG c.g.d.z.s.o.a.h.c.h.i.c.InternalHttpClient - ex-00000007: preparing request execution
20:18:50.222 [ducttape-0] DEBUG c.g.d.z.s.o.a.h.c.h.p.RequestAddCookies - Cookie spec selected: strict
20:18:50.222 [ducttape-0] DEBUG c.g.d.z.s.o.a.h.c.h.p.RequestAuthCache - Auth cache not set in the context
20:18:50.222 [ducttape-0] DEBUG c.g.d.z.s.o.a.h.c.h.i.c.ProtocolExec - ex-00000007: target auth state: UNCHALLENGED
20:18:50.222 [ducttape-0] DEBUG c.g.d.z.s.o.a.h.c.h.i.c.ProtocolExec - ex-00000007: proxy auth state: UNCHALLENGED
20:18:50.222 [ducttape-0] DEBUG c.g.d.z.s.o.a.h.c.h.i.c.ConnectExec - ex-00000007: acquiring connection with route {}-&gt;unix://localhost:2375
20:18:50.222 [ducttape-0] DEBUG c.g.d.z.s.o.a.h.c.h.i.c.InternalHttpClient - ex-00000007: acquiring endpoint (3 MINUTES)
20:18:50.222 [ducttape-0] DEBUG c.g.d.z.s.o.a.h.c.h.i.i.PoolingHttpClientConnectionManager - ex-00000007: endpoint lease request (3 MINUTES) [route: {}-&gt;unix://localhost:2375][total available: 0; route allocated: 0 of 2147483647; total allocated: 0 of 2147483647]
20:18:50.222 [ducttape-0] DEBUG c.g.d.z.s.o.a.h.c.h.i.i.PoolingHttpClientConnectionManager - ex-00000007: endpoint leased [route: {}-&gt;unix://localhost:2375][total available: 0; route allocated: 1 of 2147483647; total allocated: 1 of 2147483647]
20:18:50.222 [ducttape-0] DEBUG c.g.d.z.s.o.a.h.c.h.i.i.PoolingHttpClientConnectionManager - ex-00000007: acquired ep-0000000C
20:18:50.222 [ducttape-0] DEBUG c.g.d.z.s.o.a.h.c.h.i.c.InternalHttpClient - ex-00000007: acquired endpoint ep-0000000C
20:18:50.222 [ducttape-0] DEBUG c.g.d.z.s.o.a.h.c.h.i.c.ConnectExec - ex-00000007: opening connection {}-&gt;unix://localhost:2375
20:18:50.222 [ducttape-0] DEBUG c.g.d.z.s.o.a.h.c.h.i.c.InternalHttpClient - ep-0000000C: connecting endpoint (3 MINUTES)
20:18:50.222 [ducttape-0] DEBUG c.g.d.z.s.o.a.h.c.h.i.i.PoolingHttpClientConnectionManager - ep-0000000C: connecting endpoint to unix://localhost:2375 (3 MINUTES)
20:18:50.230 [ducttape-0] DEBUG c.g.d.z.s.o.a.h.c.h.i.i.DefaultManagedHttpClientConnection - http-outgoing-12: close connection IMMEDIATE
20:18:50.232 [ducttape-0] DEBUG c.g.d.z.s.o.a.h.c.h.i.c.InternalHttpClient - ep-0000000C: endpoint closed
20:18:50.238 [ducttape-0] DEBUG c.g.d.z.s.o.a.h.c.h.i.c.InternalHttpClient - ep-0000000C: discarding endpoint
20:18:50.241 [ducttape-0] DEBUG c.g.d.z.s.o.a.h.c.h.i.i.PoolingHttpClientConnectionManager - ep-0000000C: releasing endpoint
20:18:50.241 [ducttape-0] DEBUG c.g.d.z.s.o.a.h.c.h.i.i.PoolingHttpClientConnectionManager - ep-0000000C: connection is not kept alive
20:18:50.241 [ducttape-0] DEBUG c.g.d.z.s.o.a.h.c.h.i.i.PoolingHttpClientConnectionManager - ep-0000000C: connection released [route: {}-&gt;unix://localhost:2375][total available: 0; route allocated: 0 of 2147483647; total allocated: 0 of 2147483647]
20:18:50.242 [ducttape-0] DEBUG c.g.d.z.s.o.a.h.c.h.i.c.HttpRequestRetryExec - ex-00000007: com.sun.jna.LastErrorException: [13] Permission denied
java.io.IOException: com.sun.jna.LastErrorException: [13] Permission denied
	at com.github.dockerjava.transport.DomainSocket.&lt;init&gt;(DomainSocket.java:63) ~[docker-java-transport-3.2.12.jar:na]
	at com.github.dockerjava.transport.LinuxDomainSocket.&lt;init&gt;(LinuxDomainSocket.java:41) ~[docker-java-transport-3.2.12.jar:na]
	at com.github.dockerjava.transport.DomainSocket.get(DomainSocket.java:140) ~[docker-java-transport-3.2.12.jar:na]
	at com.github.dockerjava.transport.UnixSocket.get(UnixSocket.java:27) ~[docker-java-transport-3.2.12.jar:na]
	at com.github.dockerjava.zerodep.ApacheDockerHttpClientImpl$2.createSocket(ApacheDockerHttpClientImpl.java:145) ~[docker-java-transport-zerodep-3.2.12.jar:na]
	at com.github.dockerjava.zerodep.shaded.org.apache.hc.client5.http.impl.io.DefaultHttpClientConnectionOperator.connect(DefaultHttpClientConnectionOperator.java:125) ~[docker-java-transport-zerodep-3.2.12.jar:na]
	at com.github.dockerjava.zerodep.shaded.org.apache.hc.client5.http.impl.io.PoolingHttpClientConnectionManager.connect(PoolingHttpClientConnectionManager.java:409) ~[docker-java-transport-zerodep-3.2.12.jar:na]
	at com.github.dockerjava.zerodep.shaded.org.apache.hc.client5.http.impl.classic.InternalExecRuntime.connectEndpoint(InternalExecRuntime.java:164) ~[docker-java-transport-zerodep-3.2.12.jar:na]
	at com.github.dockerjava.zerodep.shaded.org.apache.hc.client5.http.impl.classic.InternalExecRuntime.connectEndpoint(InternalExecRuntime.java:174) ~[docker-java-transport-zerodep-3.2.12.jar:na]
	at com.github.dockerjava.zerodep.shaded.org.apache.hc.client5.http.impl.classic.ConnectExec.execute(ConnectExec.java:135) ~[docker-java-transport-zerodep-3.2.12.jar:na]
	at com.github.dockerjava.zerodep.shaded.org.apache.hc.client5.http.impl.classic.ExecChainElement.execute(ExecChainElement.java:51) ~[docker-java-transport-zerodep-3.2.12.jar:na]
	at com.github.dockerjava.zerodep.shaded.org.apache.hc.client5.http.impl.classic.ExecChainElement$1.proceed(ExecChainElement.java:57) ~[docker-java-transport-zerodep-3.2.12.jar:na]
	at com.github.dockerjava.zerodep.shaded.org.apache.hc.client5.http.impl.classic.ProtocolExec.execute(ProtocolExec.java:172) ~[docker-java-transport-zerodep-3.2.12.jar:na]
	at com.github.dockerjava.zerodep.shaded.org.apache.hc.client5.http.impl.classic.ExecChainElement.execute(ExecChainElement.java:51) ~[docker-java-transport-zerodep-3.2.12.jar:na]
	at com.github.dockerjava.zerodep.shaded.org.apache.hc.client5.http.impl.classic.ExecChainElement$1.proceed(ExecChainElement.java:57) ~[docker-java-transport-zerodep-3.2.12.jar:na]
	at com.github.dockerjava.zerodep.shaded.org.apache.hc.client5.http.impl.classic.HttpRequestRetryExec.execute(HttpRequestRetryExec.java:93) ~[docker-java-transport-zerodep-3.2.12.jar:na]
	at com.github.dockerjava.zerodep.shaded.org.apache.hc.client5.http.impl.classic.ExecChainElement.execute(ExecChainElement.java:51) ~[docker-java-transport-zerodep-3.2.12.jar:na]
	at com.github.dockerjava.zerodep.shaded.org.apache.hc.client5.http.impl.classic.ExecChainElement$1.proceed(ExecChainElement.java:57) ~[docker-java-transport-zerodep-3.2.12.jar:na]
	at com.github.dockerjava.zerodep.shaded.org.apache.hc.client5.http.impl.classic.ContentCompressionExec.execute(ContentCompressionExec.java:128) ~[docker-java-transport-zerodep-3.2.12.jar:na]
	at com.github.dockerjava.zerodep.shaded.org.apache.hc.client5.http.impl.classic.ExecChainElement.execute(ExecChainElement.java:51) ~[docker-java-transport-zerodep-3.2.12.jar:na]
	at com.github.dockerjava.zerodep.shaded.org.apache.hc.client5.http.impl.classic.ExecChainElement$1.proceed(ExecChainElement.java:57) ~[docker-java-transport-zerodep-3.2.12.jar:na]
	at com.github.dockerjava.zerodep.shaded.org.apache.hc.client5.http.impl.classic.RedirectExec.execute(RedirectExec.java:116) ~[docker-java-transport-zerodep-3.2.12.jar:na]
	at com.github.dockerjava.zerodep.shaded.org.apache.hc.client5.http.impl.classic.ExecChainElement.execute(ExecChainElement.java:51) ~[docker-java-transport-zerodep-3.2.12.jar:na]
	at com.github.dockerjava.zerodep.shaded.org.apache.hc.client5.http.impl.classic.InternalHttpClient.doExecute(InternalHttpClient.java:178) ~[docker-java-transport-zerodep-3.2.12.jar:na]
	at com.github.dockerjava.zerodep.shaded.org.apache.hc.client5.http.impl.classic.CloseableHttpClient.execute(CloseableHttpClient.java:67) ~[docker-java-transport-zerodep-3.2.12.jar:na]
	at com.github.dockerjava.zerodep.ApacheDockerHttpClientImpl.execute(ApacheDockerHttpClientImpl.java:183) ~[docker-java-transport-zerodep-3.2.12.jar:na]
	at com.github.dockerjava.zerodep.ZerodepDockerHttpClient.execute(ZerodepDockerHttpClient.java:8) ~[docker-java-transport-zerodep-3.2.12.jar:na]
	at org.testcontainers.shaded.com.github.dockerjava.core.DefaultInvocationBuilder.execute(DefaultInvocationBuilder.java:228) ~[testcontainers-1.16.3.jar:na]
	at org.testcontainers.shaded.com.github.dockerjava.core.DefaultInvocationBuilder.get(DefaultInvocationBuilder.java:202) ~[testcontainers-1.16.3.jar:na]
	at org.testcontainers.shaded.com.github.dockerjava.core.DefaultInvocationBuilder.get(DefaultInvocationBuilder.java:74) ~[testcontainers-1.16.3.jar:na]
	at org.testcontainers.shaded.com.github.dockerjava.core.exec.InfoCmdExec.exec(InfoCmdExec.java:24) ~[testcontainers-1.16.3.jar:na]
	at org.testcontainers.shaded.com.github.dockerjava.core.exec.InfoCmdExec.exec(InfoCmdExec.java:14) ~[testcontainers-1.16.3.jar:na]
	at org.testcontainers.shaded.com.github.dockerjava.core.command.AbstrDockerCmd.exec(AbstrDockerCmd.java:35) ~[testcontainers-1.16.3.jar:na]
	at org.testcontainers.dockerclient.DockerClientProviderStrategy.lambda$null$5(DockerClientProviderStrategy.java:170) ~[testcontainers-1.16.3.jar:na]
	at org.rnorth.ducttape.ratelimits.RateLimiter.getWhenReady(RateLimiter.java:51) ~[duct-tape-1.0.8.jar:na]
	at org.testcontainers.dockerclient.DockerClientProviderStrategy.lambda$tryOutStrategy$6(DockerClientProviderStrategy.java:168) ~[testcontainers-1.16.3.jar:na]
	at org.rnorth.ducttape.unreliables.Unreliables.lambda$retryUntilSuccess$0(Unreliables.java:43) ~[duct-tape-1.0.8.jar:na]
	at java.base/java.util.concurrent.FutureTask.run(FutureTask.java:264) ~[na:na]
	at java.base/java.util.concurrent.ThreadPoolExecutor.runWorker(ThreadPoolExecutor.java:1128) ~[na:na]
	at java.base/java.util.concurrent.ThreadPoolExecutor$Worker.run(ThreadPoolExecutor.java:628) ~[na:na]
	at java.base/java.lang.Thread.run(Thread.java:829) ~[na:na]
Caused by: com.sun.jna.LastErrorException: [13] Permission denied
	at com.github.dockerjava.transport.LinuxDomainSocket.connect(Native Method) ~[docker-java-transport-3.2.12.jar:na]
	at com.github.dockerjava.transport.LinuxDomainSocket.connect(LinuxDomainSocket.java:49) ~[docker-java-transport-3.2.12.jar:na]
	at com.github.dockerjava.transport.DomainSocket.open(DomainSocket.java:69) ~[docker-java-transport-3.2.12.jar:na]
	at com.github.dockerjava.transport.DomainSocket.&lt;init&gt;(DomainSocket.java:59) ~[docker-java-transport-3.2.12.jar:na]
	... 40 common frames omitted
20:18:50.261 [ducttape-0] INFO  c.g.d.z.s.o.a.h.c.h.i.c.HttpRequestRetryExec - Recoverable I/O exception (java.io.IOException) caught when processing request to {}-&gt;unix://localhost:2375
20:18:50.263 [ducttape-0] DEBUG c.g.d.z.s.o.a.h.c.h.p.RequestAddCookies - Cookie spec selected: strict
20:18:50.263 [ducttape-0] DEBUG c.g.d.z.s.o.a.h.c.h.p.RequestAuthCache - Auth cache not set in the context
20:18:50.263 [ducttape-0] DEBUG c.g.d.z.s.o.a.h.c.h.i.c.ProtocolExec - ex-00000007: target auth state: UNCHALLENGED
20:18:50.263 [ducttape-0] DEBUG c.g.d.z.s.o.a.h.c.h.i.c.ProtocolExec - ex-00000007: proxy auth state: UNCHALLENGED
20:18:50.264 [ducttape-0] DEBUG c.g.d.z.s.o.a.h.c.h.i.c.ConnectExec - ex-00000007: acquiring connection with route {}-&gt;unix://localhost:2375
20:18:50.264 [ducttape-0] DEBUG c.g.d.z.s.o.a.h.c.h.i.c.InternalHttpClient - ex-00000007: acquiring endpoint (3 MINUTES)
20:18:50.265 [ducttape-0] DEBUG c.g.d.z.s.o.a.h.c.h.i.i.PoolingHttpClientConnectionManager - ex-00000007: endpoint lease request (3 MINUTES) [route: {}-&gt;unix://localhost:2375][total available: 0; route allocated: 0 of 2147483647; total allocated: 0 of 2147483647]
20:18:50.271 [ducttape-0] DEBUG c.g.d.z.s.o.a.h.c.h.i.i.PoolingHttpClientConnectionManager - ex-00000007: endpoint leased [route: {}-&gt;unix://localhost:2375][total available: 0; route allocated: 1 of 2147483647; total allocated: 1 of 2147483647]
20:18:50.277 [ducttape-0] DEBUG c.g.d.z.s.o.a.h.c.h.i.i.PoolingHttpClientConnectionManager - ex-00000007: acquired ep-0000000D
20:18:50.277 [ducttape-0] DEBUG c.g.d.z.s.o.a.h.c.h.i.c.InternalHttpClient - ex-00000007: acquired endpoint ep-0000000D
20:18:50.277 [ducttape-0] DEBUG c.g.d.z.s.o.a.h.c.h.i.c.ConnectExec - ex-00000007: opening connection {}-&gt;unix://localhost:2375
20:18:50.278 [ducttape-0] DEBUG c.g.d.z.s.o.a.h.c.h.i.c.InternalHttpClient - ep-0000000D: connecting endpoint (3 MINUTES)
20:18:50.279 [ducttape-0] DEBUG c.g.d.z.s.o.a.h.c.h.i.i.PoolingHttpClientConnectionManager - ep-0000000D: connecting endpoint to unix://localhost:2375 (3 MINUTES)
20:18:50.280 [ducttape-0] DEBUG c.g.d.z.s.o.a.h.c.h.i.i.DefaultManagedHttpClientConnection - http-outgoing-13: close connection IMMEDIATE
20:18:50.281 [ducttape-0] DEBUG c.g.d.z.s.o.a.h.c.h.i.c.InternalHttpClient - ep-0000000D: endpoint closed
20:18:50.281 [ducttape-0] DEBUG c.g.d.z.s.o.a.h.c.h.i.c.InternalHttpClient - ep-0000000D: discarding endpoint
20:18:50.281 [ducttape-0] DEBUG c.g.d.z.s.o.a.h.c.h.i.i.PoolingHttpClientConnectionManager - ep-0000000D: releasing endpoint
20:18:50.281 [ducttape-0] DEBUG c.g.d.z.s.o.a.h.c.h.i.i.PoolingHttpClientConnectionManager - ep-0000000D: connection is not kept alive
20:18:50.287 [ducttape-0] DEBUG c.g.d.z.s.o.a.h.c.h.i.i.PoolingHttpClientConnectionManager - ep-0000000D: connection released [route: {}-&gt;unix://localhost:2375][total available: 0; route allocated: 0 of 2147483647; total allocated: 0 of 2147483647]
20:18:50.388 [ducttape-0] DEBUG o.t.d.DockerClientProviderStrategy - Pinging docker daemon...
20:18:50.388 [ducttape-0] DEBUG o.t.s.c.g.d.c.command.AbstrDockerCmd - Cmd: 
20:18:50.388 [ducttape-0] DEBUG c.g.d.z.s.o.a.h.c.h.i.c.InternalHttpClient - ex-00000008: preparing request execution
20:18:50.388 [ducttape-0] DEBUG c.g.d.z.s.o.a.h.c.h.p.RequestAddCookies - Cookie spec selected: strict
20:18:50.389 [ducttape-0] DEBUG c.g.d.z.s.o.a.h.c.h.p.RequestAuthCache - Auth cache not set in the context
20:18:50.389 [ducttape-0] DEBUG c.g.d.z.s.o.a.h.c.h.i.c.ProtocolExec - ex-00000008: target auth state: UNCHALLENGED
20:18:50.389 [ducttape-0] DEBUG c.g.d.z.s.o.a.h.c.h.i.c.ProtocolExec - ex-00000008: proxy auth state: UNCHALLENGED
20:18:50.389 [ducttape-0] DEBUG c.g.d.z.s.o.a.h.c.h.i.c.ConnectExec - ex-00000008: acquiring connection with route {}-&gt;unix://localhost:2375
20:18:50.389 [ducttape-0] DEBUG c.g.d.z.s.o.a.h.c.h.i.c.InternalHttpClient - ex-00000008: acquiring endpoint (3 MINUTES)
20:18:50.392 [ducttape-0] DEBUG c.g.d.z.s.o.a.h.c.h.i.i.PoolingHttpClientConnectionManager - ex-00000008: endpoint lease request (3 MINUTES) [route: {}-&gt;unix://localhost:2375][total available: 0; route allocated: 0 of 2147483647; total allocated: 0 of 2147483647]
20:18:50.393 [ducttape-0] DEBUG c.g.d.z.s.o.a.h.c.h.i.i.PoolingHttpClientConnectionManager - ex-00000008: endpoint leased [route: {}-&gt;unix://localhost:2375][total available: 0; route allocated: 1 of 2147483647; total allocated: 1 of 2147483647]
20:18:50.394 [ducttape-0] DEBUG c.g.d.z.s.o.a.h.c.h.i.i.PoolingHttpClientConnectionManager - ex-00000008: acquired ep-0000000E
20:18:50.404 [ducttape-0] DEBUG c.g.d.z.s.o.a.h.c.h.i.c.InternalHttpClient - ex-00000008: acquired endpoint ep-0000000E
20:18:50.404 [ducttape-0] DEBUG c.g.d.z.s.o.a.h.c.h.i.c.ConnectExec - ex-00000008: opening connection {}-&gt;unix://localhost:2375
20:18:50.404 [ducttape-0] DEBUG c.g.d.z.s.o.a.h.c.h.i.c.InternalHttpClient - ep-0000000E: connecting endpoint (3 MINUTES)
20:18:50.405 [ducttape-0] DEBUG c.g.d.z.s.o.a.h.c.h.i.i.PoolingHttpClientConnectionManager - ep-0000000E: connecting endpoint to unix://localhost:2375 (3 MINUTES)
20:18:50.413 [ducttape-0] DEBUG c.g.d.z.s.o.a.h.c.h.i.i.DefaultManagedHttpClientConnection - http-outgoing-14: close connection IMMEDIATE
20:18:50.415 [ducttape-0] DEBUG c.g.d.z.s.o.a.h.c.h.i.c.InternalHttpClient - ep-0000000E: endpoint closed
20:18:50.416 [ducttape-0] DEBUG c.g.d.z.s.o.a.h.c.h.i.c.InternalHttpClient - ep-0000000E: discarding endpoint
20:18:50.416 [ducttape-0] DEBUG c.g.d.z.s.o.a.h.c.h.i.i.PoolingHttpClientConnectionManager - ep-0000000E: releasing endpoint
20:18:50.423 [ducttape-0] DEBUG c.g.d.z.s.o.a.h.c.h.i.i.PoolingHttpClientConnectionManager - ep-0000000E: connection is not kept alive
20:18:50.429 [ducttape-0] DEBUG c.g.d.z.s.o.a.h.c.h.i.i.PoolingHttpClientConnectionManager - ep-0000000E: connection released [route: {}-&gt;unix://localhost:2375][total available: 0; route allocated: 0 of 2147483647; total allocated: 0 of 2147483647]
20:18:50.437 [ducttape-0] DEBUG c.g.d.z.s.o.a.h.c.h.i.c.HttpRequestRetryExec - ex-00000008: com.sun.jna.LastErrorException: [13] Permission denied
java.io.IOException: com.sun.jna.LastErrorException: [13] Permission denied
	at com.github.dockerjava.transport.DomainSocket.&lt;init&gt;(DomainSocket.java:63) ~[docker-java-transport-3.2.12.jar:na]
	at com.github.dockerjava.transport.LinuxDomainSocket.&lt;init&gt;(LinuxDomainSocket.java:41) ~[docker-java-transport-3.2.12.jar:na]
	at com.github.dockerjava.transport.DomainSocket.get(DomainSocket.java:140) ~[docker-java-transport-3.2.12.jar:na]
	at com.github.dockerjava.transport.UnixSocket.get(UnixSocket.java:27) ~[docker-java-transport-3.2.12.jar:na]
	at com.github.dockerjava.zerodep.ApacheDockerHttpClientImpl$2.createSocket(ApacheDockerHttpClientImpl.java:145) ~[docker-java-transport-zerodep-3.2.12.jar:na]
	at com.github.dockerjava.zerodep.shaded.org.apache.hc.client5.http.impl.io.DefaultHttpClientConnectionOperator.connect(DefaultHttpClientConnectionOperator.java:125) ~[docker-java-transport-zerodep-3.2.12.jar:na]
	at com.github.dockerjava.zerodep.shaded.org.apache.hc.client5.http.impl.io.PoolingHttpClientConnectionManager.connect(PoolingHttpClientConnectionManager.java:409) ~[docker-java-transport-zerodep-3.2.12.jar:na]
	at com.github.dockerjava.zerodep.shaded.org.apache.hc.client5.http.impl.classic.InternalExecRuntime.connectEndpoint(InternalExecRuntime.java:164) ~[docker-java-transport-zerodep-3.2.12.jar:na]
	at com.github.dockerjava.zerodep.shaded.org.apache.hc.client5.http.impl.classic.InternalExecRuntime.connectEndpoint(InternalExecRuntime.java:174) ~[docker-java-transport-zerodep-3.2.12.jar:na]
	at com.github.dockerjava.zerodep.shaded.org.apache.hc.client5.http.impl.classic.ConnectExec.execute(ConnectExec.java:135) ~[docker-java-transport-zerodep-3.2.12.jar:na]
	at com.github.dockerjava.zerodep.shaded.org.apache.hc.client5.http.impl.classic.ExecChainElement.execute(ExecChainElement.java:51) ~[docker-java-transport-zerodep-3.2.12.jar:na]
	at com.github.dockerjava.zerodep.shaded.org.apache.hc.client5.http.impl.classic.ExecChainElement$1.proceed(ExecChainElement.java:57) ~[docker-java-transport-zerodep-3.2.12.jar:na]
	at com.github.dockerjava.zerodep.shaded.org.apache.hc.client5.http.impl.classic.ProtocolExec.execute(ProtocolExec.java:172) ~[docker-java-transport-zerodep-3.2.12.jar:na]
	at com.github.dockerjava.zerodep.shaded.org.apache.hc.client5.http.impl.classic.ExecChainElement.execute(ExecChainElement.java:51) ~[docker-java-transport-zerodep-3.2.12.jar:na]
	at com.github.dockerjava.zerodep.shaded.org.apache.hc.client5.http.impl.classic.ExecChainElement$1.proceed(ExecChainElement.java:57) ~[docker-java-transport-zerodep-3.2.12.jar:na]
	at com.github.dockerjava.zerodep.shaded.org.apache.hc.client5.http.impl.classic.HttpRequestRetryExec.execute(HttpRequestRetryExec.java:93) ~[docker-java-transport-zerodep-3.2.12.jar:na]
	at com.github.dockerjava.zerodep.shaded.org.apache.hc.client5.http.impl.classic.ExecChainElement.execute(ExecChainElement.java:51) ~[docker-java-transport-zerodep-3.2.12.jar:na]
	at com.github.dockerjava.zerodep.shaded.org.apache.hc.client5.http.impl.classic.ExecChainElement$1.proceed(ExecChainElement.java:57) ~[docker-java-transport-zerodep-3.2.12.jar:na]
	at com.github.dockerjava.zerodep.shaded.org.apache.hc.client5.http.impl.classic.ContentCompressionExec.execute(ContentCompressionExec.java:128) ~[docker-java-transport-zerodep-3.2.12.jar:na]
	at com.github.dockerjava.zerodep.shaded.org.apache.hc.client5.http.impl.classic.ExecChainElement.execute(ExecChainElement.java:51) ~[docker-java-transport-zerodep-3.2.12.jar:na]
	at com.github.dockerjava.zerodep.shaded.org.apache.hc.client5.http.impl.classic.ExecChainElement$1.proceed(ExecChainElement.java:57) ~[docker-java-transport-zerodep-3.2.12.jar:na]
	at com.github.dockerjava.zerodep.shaded.org.apache.hc.client5.http.impl.classic.RedirectExec.execute(RedirectExec.java:116) ~[docker-java-transport-zerodep-3.2.12.jar:na]
	at com.github.dockerjava.zerodep.shaded.org.apache.hc.client5.http.impl.classic.ExecChainElement.execute(ExecChainElement.java:51) ~[docker-java-transport-zerodep-3.2.12.jar:na]
	at com.github.dockerjava.zerodep.shaded.org.apache.hc.client5.http.impl.classic.InternalHttpClient.doExecute(InternalHttpClient.java:178) ~[docker-java-transport-zerodep-3.2.12.jar:na]
	at com.github.dockerjava.zerodep.shaded.org.apache.hc.client5.http.impl.classic.CloseableHttpClient.execute(CloseableHttpClient.java:67) ~[docker-java-transport-zerodep-3.2.12.jar:na]
	at com.github.dockerjava.zerodep.ApacheDockerHttpClientImpl.execute(ApacheDockerHttpClientImpl.java:183) ~[docker-java-transport-zerodep-3.2.12.jar:na]
	at com.github.dockerjava.zerodep.ZerodepDockerHttpClient.execute(ZerodepDockerHttpClient.java:8) ~[docker-java-transport-zerodep-3.2.12.jar:na]
	at org.testcontainers.shaded.com.github.dockerjava.core.DefaultInvocationBuilder.execute(DefaultInvocationBuilder.java:228) ~[testcontainers-1.16.3.jar:na]
	at org.testcontainers.shaded.com.github.dockerjava.core.DefaultInvocationBuilder.get(DefaultInvocationBuilder.java:202) ~[testcontainers-1.16.3.jar:na]
	at org.testcontainers.shaded.com.github.dockerjava.core.DefaultInvocationBuilder.get(DefaultInvocationBuilder.java:74) ~[testcontainers-1.16.3.jar:na]
	at org.testcontainers.shaded.com.github.dockerjava.core.exec.InfoCmdExec.exec(InfoCmdExec.java:24) ~[testcontainers-1.16.3.jar:na]
	at org.testcontainers.shaded.com.github.dockerjava.core.exec.InfoCmdExec.exec(InfoCmdExec.java:14) ~[testcontainers-1.16.3.jar:na]
	at org.testcontainers.shaded.com.github.dockerjava.core.command.AbstrDockerCmd.exec(AbstrDockerCmd.java:35) ~[testcontainers-1.16.3.jar:na]
	at org.testcontainers.dockerclient.DockerClientProviderStrategy.lambda$null$5(DockerClientProviderStrategy.java:170) ~[testcontainers-1.16.3.jar:na]
	at org.rnorth.ducttape.ratelimits.RateLimiter.getWhenReady(RateLimiter.java:51) ~[duct-tape-1.0.8.jar:na]
	at org.testcontainers.dockerclient.DockerClientProviderStrategy.lambda$tryOutStrategy$6(DockerClientProviderStrategy.java:168) ~[testcontainers-1.16.3.jar:na]
	at org.rnorth.ducttape.unreliables.Unreliables.lambda$retryUntilSuccess$0(Unreliables.java:43) ~[duct-tape-1.0.8.jar:na]
	at java.base/java.util.concurrent.FutureTask.run(FutureTask.java:264) ~[na:na]
	at java.base/java.util.concurrent.ThreadPoolExecutor.runWorker(ThreadPoolExecutor.java:1128) ~[na:na]
	at java.base/java.util.concurrent.ThreadPoolExecutor$Worker.run(ThreadPoolExecutor.java:628) ~[na:na]
	at java.base/java.lang.Thread.run(Thread.java:829) ~[na:na]
Caused by: com.sun.jna.LastErrorException: [13] Permission denied
	at com.github.dockerjava.transport.LinuxDomainSocket.connect(Native Method) ~[docker-java-transport-3.2.12.jar:na]
	at com.github.dockerjava.transport.LinuxDomainSocket.connect(LinuxDomainSocket.java:49) ~[docker-java-transport-3.2.12.jar:na]
	at com.github.dockerjava.transport.DomainSocket.open(DomainSocket.java:69) ~[docker-java-transport-3.2.12.jar:na]
	at com.github.dockerjava.transport.DomainSocket.&lt;init&gt;(DomainSocket.java:59) ~[docker-java-transport-3.2.12.jar:na]
	... 40 common frames omitted
20:18:50.456 [ducttape-0] INFO  c.g.d.z.s.o.a.h.c.h.i.c.HttpRequestRetryExec - Recoverable I/O exception (java.io.IOException) caught when processing request to {}-&gt;unix://localhost:2375
20:18:50.464 [ducttape-0] DEBUG c.g.d.z.s.o.a.h.c.h.p.RequestAddCookies - Cookie spec selected: strict
20:18:50.464 [ducttape-0] DEBUG c.g.d.z.s.o.a.h.c.h.p.RequestAuthCache - Auth cache not set in the context
20:18:50.464 [ducttape-0] DEBUG c.g.d.z.s.o.a.h.c.h.i.c.ProtocolExec - ex-00000008: target auth state: UNCHALLENGED
20:18:50.464 [ducttape-0] DEBUG c.g.d.z.s.o.a.h.c.h.i.c.ProtocolExec - ex-00000008: proxy auth state: UNCHALLENGED
20:18:50.464 [ducttape-0] DEBUG c.g.d.z.s.o.a.h.c.h.i.c.ConnectExec - ex-00000008: acquiring connection with route {}-&gt;unix://localhost:2375
20:18:50.464 [ducttape-0] DEBUG c.g.d.z.s.o.a.h.c.h.i.c.InternalHttpClient - ex-00000008: acquiring endpoint (3 MINUTES)
20:18:50.464 [ducttape-0] DEBUG c.g.d.z.s.o.a.h.c.h.i.i.PoolingHttpClientConnectionManager - ex-00000008: endpoint lease request (3 MINUTES) [route: {}-&gt;unix://localhost:2375][total available: 0; route allocated: 0 of 2147483647; total allocated: 0 of 2147483647]
20:18:50.465 [ducttape-0] DEBUG c.g.d.z.s.o.a.h.c.h.i.i.PoolingHttpClientConnectionManager - ex-00000008: endpoint leased [route: {}-&gt;unix://localhost:2375][total available: 0; route allocated: 1 of 2147483647; total allocated: 1 of 2147483647]
20:18:50.465 [ducttape-0] DEBUG c.g.d.z.s.o.a.h.c.h.i.i.PoolingHttpClientConnectionManager - ex-00000008: acquired ep-0000000F
20:18:50.465 [ducttape-0] DEBUG c.g.d.z.s.o.a.h.c.h.i.c.InternalHttpClient - ex-00000008: acquired endpoint ep-0000000F
20:18:50.466 [ducttape-0] DEBUG c.g.d.z.s.o.a.h.c.h.i.c.ConnectExec - ex-00000008: opening connection {}-&gt;unix://localhost:2375
20:18:50.466 [ducttape-0] DEBUG c.g.d.z.s.o.a.h.c.h.i.c.InternalHttpClient - ep-0000000F: connecting endpoint (3 MINUTES)
20:18:50.467 [ducttape-0] DEBUG c.g.d.z.s.o.a.h.c.h.i.i.PoolingHttpClientConnectionManager - ep-0000000F: connecting endpoint to unix://localhost:2375 (3 MINUTES)
20:18:50.467 [ducttape-0] DEBUG c.g.d.z.s.o.a.h.c.h.i.i.DefaultManagedHttpClientConnection - http-outgoing-15: close connection IMMEDIATE
20:18:50.476 [ducttape-0] DEBUG c.g.d.z.s.o.a.h.c.h.i.c.InternalHttpClient - ep-0000000F: endpoint closed
20:18:50.476 [ducttape-0] DEBUG c.g.d.z.s.o.a.h.c.h.i.c.InternalHttpClient - ep-0000000F: discarding endpoint
20:18:50.476 [ducttape-0] DEBUG c.g.d.z.s.o.a.h.c.h.i.i.PoolingHttpClientConnectionManager - ep-0000000F: releasing endpoint
20:18:50.477 [ducttape-0] DEBUG c.g.d.z.s.o.a.h.c.h.i.i.PoolingHttpClientConnectionManager - ep-0000000F: connection is not kept alive
20:18:50.477 [ducttape-0] DEBUG c.g.d.z.s.o.a.h.c.h.i.i.PoolingHttpClientConnectionManager - ep-0000000F: connection released [route: {}-&gt;unix://localhost:2375][total available: 0; route allocated: 0 of 2147483647; total allocated: 0 of 2147483647]
20:18:50.577 [ducttape-0] DEBUG o.t.d.DockerClientProviderStrategy - Pinging docker daemon...
20:18:50.578 [ducttape-0] DEBUG o.t.s.c.g.d.c.command.AbstrDockerCmd - Cmd: 
20:18:50.578 [ducttape-0] DEBUG c.g.d.z.s.o.a.h.c.h.i.c.InternalHttpClient - ex-00000009: preparing request execution
20:18:50.578 [ducttape-0] DEBUG c.g.d.z.s.o.a.h.c.h.p.RequestAddCookies - Cookie spec selected: strict
20:18:50.578 [ducttape-0] DEBUG c.g.d.z.s.o.a.h.c.h.p.RequestAuthCache - Auth cache not set in the context
20:18:50.578 [ducttape-0] DEBUG c.g.d.z.s.o.a.h.c.h.i.c.ProtocolExec - ex-00000009: target auth state: UNCHALLENGED
20:18:50.578 [ducttape-0] DEBUG c.g.d.z.s.o.a.h.c.h.i.c.ProtocolExec - ex-00000009: proxy auth state: UNCHALLENGED
20:18:50.578 [ducttape-0] DEBUG c.g.d.z.s.o.a.h.c.h.i.c.ConnectExec - ex-00000009: acquiring connection with route {}-&gt;unix://localhost:2375
20:18:50.578 [ducttape-0] DEBUG c.g.d.z.s.o.a.h.c.h.i.c.InternalHttpClient - ex-00000009: acquiring endpoint (3 MINUTES)
20:18:50.578 [ducttape-0] DEBUG c.g.d.z.s.o.a.h.c.h.i.i.PoolingHttpClientConnectionManager - ex-00000009: endpoint lease request (3 MINUTES) [route: {}-&gt;unix://localhost:2375][total available: 0; route allocated: 0 of 2147483647; total allocated: 0 of 2147483647]
20:18:50.579 [ducttape-0] DEBUG c.g.d.z.s.o.a.h.c.h.i.i.PoolingHttpClientConnectionManager - ex-00000009: endpoint leased [route: {}-&gt;unix://localhost:2375][total available: 0; route allocated: 1 of 2147483647; total allocated: 1 of 2147483647]
20:18:50.579 [ducttape-0] DEBUG c.g.d.z.s.o.a.h.c.h.i.i.PoolingHttpClientConnectionManager - ex-00000009: acquired ep-00000010
20:18:50.579 [ducttape-0] DEBUG c.g.d.z.s.o.a.h.c.h.i.c.InternalHttpClient - ex-00000009: acquired endpoint ep-00000010
20:18:50.579 [ducttape-0] DEBUG c.g.d.z.s.o.a.h.c.h.i.c.ConnectExec - ex-00000009: opening connection {}-&gt;unix://localhost:2375
20:18:50.579 [ducttape-0] DEBUG c.g.d.z.s.o.a.h.c.h.i.c.InternalHttpClient - ep-00000010: connecting endpoint (3 MINUTES)
20:18:50.580 [ducttape-0] DEBUG c.g.d.z.s.o.a.h.c.h.i.i.PoolingHttpClientConnectionManager - ep-00000010: connecting endpoint to unix://localhost:2375 (3 MINUTES)
20:18:50.588 [ducttape-0] DEBUG c.g.d.z.s.o.a.h.c.h.i.i.DefaultManagedHttpClientConnection - http-outgoing-16: close connection IMMEDIATE
20:18:50.588 [ducttape-0] DEBUG c.g.d.z.s.o.a.h.c.h.i.c.InternalHttpClient - ep-00000010: endpoint closed
20:18:50.588 [ducttape-0] DEBUG c.g.d.z.s.o.a.h.c.h.i.c.InternalHttpClient - ep-00000010: discarding endpoint
20:18:50.588 [ducttape-0] DEBUG c.g.d.z.s.o.a.h.c.h.i.i.PoolingHttpClientConnectionManager - ep-00000010: releasing endpoint
20:18:50.588 [ducttape-0] DEBUG c.g.d.z.s.o.a.h.c.h.i.i.PoolingHttpClientConnectionManager - ep-00000010: connection is not kept alive
20:18:50.589 [ducttape-0] DEBUG c.g.d.z.s.o.a.h.c.h.i.i.PoolingHttpClientConnectionManager - ep-00000010: connection released [route: {}-&gt;unix://localhost:2375][total available: 0; route allocated: 0 of 2147483647; total allocated: 0 of 2147483647]
20:18:50.590 [ducttape-0] DEBUG c.g.d.z.s.o.a.h.c.h.i.c.HttpRequestRetryExec - ex-00000009: com.sun.jna.LastErrorException: [13] Permission denied
java.io.IOException: com.sun.jna.LastErrorException: [13] Permission denied
	at com.github.dockerjava.transport.DomainSocket.&lt;init&gt;(DomainSocket.java:63) ~[docker-java-transport-3.2.12.jar:na]
	at com.github.dockerjava.transport.LinuxDomainSocket.&lt;init&gt;(LinuxDomainSocket.java:41) ~[docker-java-transport-3.2.12.jar:na]
	at com.github.dockerjava.transport.DomainSocket.get(DomainSocket.java:140) ~[docker-java-transport-3.2.12.jar:na]
	at com.github.dockerjava.transport.UnixSocket.get(UnixSocket.java:27) ~[docker-java-transport-3.2.12.jar:na]
	at com.github.dockerjava.zerodep.ApacheDockerHttpClientImpl$2.createSocket(ApacheDockerHttpClientImpl.java:145) ~[docker-java-transport-zerodep-3.2.12.jar:na]
	at com.github.dockerjava.zerodep.shaded.org.apache.hc.client5.http.impl.io.DefaultHttpClientConnectionOperator.connect(DefaultHttpClientConnectionOperator.java:125) ~[docker-java-transport-zerodep-3.2.12.jar:na]
	at com.github.dockerjava.zerodep.shaded.org.apache.hc.client5.http.impl.io.PoolingHttpClientConnectionManager.connect(PoolingHttpClientConnectionManager.java:409) ~[docker-java-transport-zerodep-3.2.12.jar:na]
	at com.github.dockerjava.zerodep.shaded.org.apache.hc.client5.http.impl.classic.InternalExecRuntime.connectEndpoint(InternalExecRuntime.java:164) ~[docker-java-transport-zerodep-3.2.12.jar:na]
	at com.github.dockerjava.zerodep.shaded.org.apache.hc.client5.http.impl.classic.InternalExecRuntime.connectEndpoint(InternalExecRuntime.java:174) ~[docker-java-transport-zerodep-3.2.12.jar:na]
	at com.github.dockerjava.zerodep.shaded.org.apache.hc.client5.http.impl.classic.ConnectExec.execute(ConnectExec.java:135) ~[docker-java-transport-zerodep-3.2.12.jar:na]
	at com.github.dockerjava.zerodep.shaded.org.apache.hc.client5.http.impl.classic.ExecChainElement.execute(ExecChainElement.java:51) ~[docker-java-transport-zerodep-3.2.12.jar:na]
	at com.github.dockerjava.zerodep.shaded.org.apache.hc.client5.http.impl.classic.ExecChainElement$1.proceed(ExecChainElement.java:57) ~[docker-java-transport-zerodep-3.2.12.jar:na]
	at com.github.dockerjava.zerodep.shaded.org.apache.hc.client5.http.impl.classic.ProtocolExec.execute(ProtocolExec.java:172) ~[docker-java-transport-zerodep-3.2.12.jar:na]
	at com.github.dockerjava.zerodep.shaded.org.apache.hc.client5.http.impl.classic.ExecChainElement.execute(ExecChainElement.java:51) ~[docker-java-transport-zerodep-3.2.12.jar:na]
	at com.github.dockerjava.zerodep.shaded.org.apache.hc.client5.http.impl.classic.ExecChainElement$1.proceed(ExecChainElement.java:57) ~[docker-java-transport-zerodep-3.2.12.jar:na]
	at com.github.dockerjava.zerodep.shaded.org.apache.hc.client5.http.impl.classic.HttpRequestRetryExec.execute(HttpRequestRetryExec.java:93) ~[docker-java-transport-zerodep-3.2.12.jar:na]
	at com.github.dockerjava.zerodep.shaded.org.apache.hc.client5.http.impl.classic.ExecChainElement.execute(ExecChainElement.java:51) ~[docker-java-transport-zerodep-3.2.12.jar:na]
	at com.github.dockerjava.zerodep.shaded.org.apache.hc.client5.http.impl.classic.ExecChainElement$1.proceed(ExecChainElement.java:57) ~[docker-java-transport-zerodep-3.2.12.jar:na]
	at com.github.dockerjava.zerodep.shaded.org.apache.hc.client5.http.impl.classic.ContentCompressionExec.execute(ContentCompressionExec.java:128) ~[docker-java-transport-zerodep-3.2.12.jar:na]
	at com.github.dockerjava.zerodep.shaded.org.apache.hc.client5.http.impl.classic.ExecChainElement.execute(ExecChainElement.java:51) ~[docker-java-transport-zerodep-3.2.12.jar:na]
	at com.github.dockerjava.zerodep.shaded.org.apache.hc.client5.http.impl.classic.ExecChainElement$1.proceed(ExecChainElement.java:57) ~[docker-java-transport-zerodep-3.2.12.jar:na]
	at com.github.dockerjava.zerodep.shaded.org.apache.hc.client5.http.impl.classic.RedirectExec.execute(RedirectExec.java:116) ~[docker-java-transport-zerodep-3.2.12.jar:na]
	at com.github.dockerjava.zerodep.shaded.org.apache.hc.client5.http.impl.classic.ExecChainElement.execute(ExecChainElement.java:51) ~[docker-java-transport-zerodep-3.2.12.jar:na]
	at com.github.dockerjava.zerodep.shaded.org.apache.hc.client5.http.impl.classic.InternalHttpClient.doExecute(InternalHttpClient.java:178) ~[docker-java-transport-zerodep-3.2.12.jar:na]
	at com.github.dockerjava.zerodep.shaded.org.apache.hc.client5.http.impl.classic.CloseableHttpClient.execute(CloseableHttpClient.java:67) ~[docker-java-transport-zerodep-3.2.12.jar:na]
	at com.github.dockerjava.zerodep.ApacheDockerHttpClientImpl.execute(ApacheDockerHttpClientImpl.java:183) ~[docker-java-transport-zerodep-3.2.12.jar:na]
	at com.github.dockerjava.zerodep.ZerodepDockerHttpClient.execute(ZerodepDockerHttpClient.java:8) ~[docker-java-transport-zerodep-3.2.12.jar:na]
	at org.testcontainers.shaded.com.github.dockerjava.core.DefaultInvocationBuilder.execute(DefaultInvocationBuilder.java:228) ~[testcontainers-1.16.3.jar:na]
	at org.testcontainers.shaded.com.github.dockerjava.core.DefaultInvocationBuilder.get(DefaultInvocationBuilder.java:202) ~[testcontainers-1.16.3.jar:na]
	at org.testcontainers.shaded.com.github.dockerjava.core.DefaultInvocationBuilder.get(DefaultInvocationBuilder.java:74) ~[testcontainers-1.16.3.jar:na]
	at org.testcontainers.shaded.com.github.dockerjava.core.exec.InfoCmdExec.exec(InfoCmdExec.java:24) ~[testcontainers-1.16.3.jar:na]
	at org.testcontainers.shaded.com.github.dockerjava.core.exec.InfoCmdExec.exec(InfoCmdExec.java:14) ~[testcontainers-1.16.3.jar:na]
	at org.testcontainers.shaded.com.github.dockerjava.core.command.AbstrDockerCmd.exec(AbstrDockerCmd.java:35) ~[testcontainers-1.16.3.jar:na]
	at org.testcontainers.dockerclient.DockerClientProviderStrategy.lambda$null$5(DockerClientProviderStrategy.java:170) ~[testcontainers-1.16.3.jar:na]
	at org.rnorth.ducttape.ratelimits.RateLimiter.getWhenReady(RateLimiter.java:51) ~[duct-tape-1.0.8.jar:na]
	at org.testcontainers.dockerclient.DockerClientProviderStrategy.lambda$tryOutStrategy$6(DockerClientProviderStrategy.java:168) ~[testcontainers-1.16.3.jar:na]
	at org.rnorth.ducttape.unreliables.Unreliables.lambda$retryUntilSuccess$0(Unreliables.java:43) ~[duct-tape-1.0.8.jar:na]
	at java.base/java.util.concurrent.FutureTask.run(FutureTask.java:264) ~[na:na]
	at java.base/java.util.concurrent.ThreadPoolExecutor.runWorker(ThreadPoolExecutor.java:1128) ~[na:na]
	at java.base/java.util.concurrent.ThreadPoolExecutor$Worker.run(ThreadPoolExecutor.java:628) ~[na:na]
	at java.base/java.lang.Thread.run(Thread.java:829) ~[na:na]
Caused by: com.sun.jna.LastErrorException: [13] Permission denied
	at com.github.dockerjava.transport.LinuxDomainSocket.connect(Native Method) ~[docker-java-transport-3.2.12.jar:na]
	at com.github.dockerjava.transport.LinuxDomainSocket.connect(LinuxDomainSocket.java:49) ~[docker-java-transport-3.2.12.jar:na]
	at com.github.dockerjava.transport.DomainSocket.open(DomainSocket.java:69) ~[docker-java-transport-3.2.12.jar:na]
	at com.github.dockerjava.transport.DomainSocket.&lt;init&gt;(DomainSocket.java:59) ~[docker-java-transport-3.2.12.jar:na]
	... 40 common frames omitted
20:18:50.595 [ducttape-0] INFO  c.g.d.z.s.o.a.h.c.h.i.c.HttpRequestRetryExec - Recoverable I/O exception (java.io.IOException) caught when processing request to {}-&gt;unix://localhost:2375
20:18:50.596 [ducttape-0] DEBUG c.g.d.z.s.o.a.h.c.h.p.RequestAddCookies - Cookie spec selected: strict
20:18:50.597 [ducttape-0] DEBUG c.g.d.z.s.o.a.h.c.h.p.RequestAuthCache - Auth cache not set in the context
20:18:50.600 [ducttape-0] DEBUG c.g.d.z.s.o.a.h.c.h.i.c.ProtocolExec - ex-00000009: target auth state: UNCHALLENGED
20:18:50.600 [ducttape-0] DEBUG c.g.d.z.s.o.a.h.c.h.i.c.ProtocolExec - ex-00000009: proxy auth state: UNCHALLENGED
20:18:50.600 [ducttape-0] DEBUG c.g.d.z.s.o.a.h.c.h.i.c.ConnectExec - ex-00000009: acquiring connection with route {}-&gt;unix://localhost:2375
20:18:50.600 [ducttape-0] DEBUG c.g.d.z.s.o.a.h.c.h.i.c.InternalHttpClient - ex-00000009: acquiring endpoint (3 MINUTES)
20:18:50.600 [ducttape-0] DEBUG c.g.d.z.s.o.a.h.c.h.i.i.PoolingHttpClientConnectionManager - ex-00000009: endpoint lease request (3 MINUTES) [route: {}-&gt;unix://localhost:2375][total available: 0; route allocated: 0 of 2147483647; total allocated: 0 of 2147483647]
20:18:50.601 [ducttape-0] DEBUG c.g.d.z.s.o.a.h.c.h.i.i.PoolingHttpClientConnectionManager - ex-00000009: endpoint leased [route: {}-&gt;unix://localhost:2375][total available: 0; route allocated: 1 of 2147483647; total allocated: 1 of 2147483647]
20:18:50.602 [ducttape-0] DEBUG c.g.d.z.s.o.a.h.c.h.i.i.PoolingHttpClientConnectionManager - ex-00000009: acquired ep-00000011
20:18:50.602 [ducttape-0] DEBUG c.g.d.z.s.o.a.h.c.h.i.c.InternalHttpClient - ex-00000009: acquired endpoint ep-00000011
20:18:50.606 [ducttape-0] DEBUG c.g.d.z.s.o.a.h.c.h.i.c.ConnectExec - ex-00000009: opening connection {}-&gt;unix://localhost:2375
20:18:50.606 [ducttape-0] DEBUG c.g.d.z.s.o.a.h.c.h.i.c.InternalHttpClient - ep-00000011: connecting endpoint (3 MINUTES)
20:18:50.610 [ducttape-0] DEBUG c.g.d.z.s.o.a.h.c.h.i.i.PoolingHttpClientConnectionManager - ep-00000011: connecting endpoint to unix://localhost:2375 (3 MINUTES)
20:18:50.611 [ducttape-0] DEBUG c.g.d.z.s.o.a.h.c.h.i.i.DefaultManagedHttpClientConnection - http-outgoing-17: close connection IMMEDIATE
20:18:50.613 [ducttape-0] DEBUG c.g.d.z.s.o.a.h.c.h.i.c.InternalHttpClient - ep-00000011: endpoint closed
20:18:50.613 [ducttape-0] DEBUG c.g.d.z.s.o.a.h.c.h.i.c.InternalHttpClient - ep-00000011: discarding endpoint
20:18:50.613 [ducttape-0] DEBUG c.g.d.z.s.o.a.h.c.h.i.i.PoolingHttpClientConnectionManager - ep-00000011: releasing endpoint
20:18:50.613 [ducttape-0] DEBUG c.g.d.z.s.o.a.h.c.h.i.i.PoolingHttpClientConnectionManager - ep-00000011: connection is not kept alive
20:18:50.613 [ducttape-0] DEBUG c.g.d.z.s.o.a.h.c.h.i.i.PoolingHttpClientConnectionManager - ep-00000011: connection released [route: {}-&gt;unix://localhost:2375][total available: 0; route allocated: 0 of 2147483647; total allocated: 0 of 2147483647]
20:18:50.719 [ducttape-0] DEBUG o.t.d.DockerClientProviderStrategy - Pinging docker daemon...
20:18:50.720 [ducttape-0] DEBUG o.t.s.c.g.d.c.command.AbstrDockerCmd - Cmd: 
20:18:50.720 [ducttape-0] DEBUG c.g.d.z.s.o.a.h.c.h.i.c.InternalHttpClient - ex-0000000A: preparing request execution
20:18:50.720 [ducttape-0] DEBUG c.g.d.z.s.o.a.h.c.h.p.RequestAddCookies - Cookie spec selected: strict
20:18:50.720 [ducttape-0] DEBUG c.g.d.z.s.o.a.h.c.h.p.RequestAuthCache - Auth cache not set in the context
20:18:50.720 [ducttape-0] DEBUG c.g.d.z.s.o.a.h.c.h.i.c.ProtocolExec - ex-0000000A: target auth state: UNCHALLENGED
20:18:50.720 [ducttape-0] DEBUG c.g.d.z.s.o.a.h.c.h.i.c.ProtocolExec - ex-0000000A: proxy auth state: UNCHALLENGED
20:18:50.720 [ducttape-0] DEBUG c.g.d.z.s.o.a.h.c.h.i.c.ConnectExec - ex-0000000A: acquiring connection with route {}-&gt;unix://localhost:2375
20:18:50.720 [ducttape-0] DEBUG c.g.d.z.s.o.a.h.c.h.i.c.InternalHttpClient - ex-0000000A: acquiring endpoint (3 MINUTES)
20:18:50.720 [ducttape-0] DEBUG c.g.d.z.s.o.a.h.c.h.i.i.PoolingHttpClientConnectionManager - ex-0000000A: endpoint lease request (3 MINUTES) [route: {}-&gt;unix://localhost:2375][total available: 0; route allocated: 0 of 2147483647; total allocated: 0 of 2147483647]
20:18:50.721 [ducttape-0] DEBUG c.g.d.z.s.o.a.h.c.h.i.i.PoolingHttpClientConnectionManager - ex-0000000A: endpoint leased [route: {}-&gt;unix://localhost:2375][total available: 0; route allocated: 1 of 2147483647; total allocated: 1 of 2147483647]
20:18:50.721 [ducttape-0] DEBUG c.g.d.z.s.o.a.h.c.h.i.i.PoolingHttpClientConnectionManager - ex-0000000A: acquired ep-00000012
20:18:50.721 [ducttape-0] DEBUG c.g.d.z.s.o.a.h.c.h.i.c.InternalHttpClient - ex-0000000A: acquired endpoint ep-00000012
20:18:50.721 [ducttape-0] DEBUG c.g.d.z.s.o.a.h.c.h.i.c.ConnectExec - ex-0000000A: opening connection {}-&gt;unix://localhost:2375
20:18:50.721 [ducttape-0] DEBUG c.g.d.z.s.o.a.h.c.h.i.c.InternalHttpClient - ep-00000012: connecting endpoint (3 MINUTES)
20:18:50.721 [ducttape-0] DEBUG c.g.d.z.s.o.a.h.c.h.i.i.PoolingHttpClientConnectionManager - ep-00000012: connecting endpoint to unix://localhost:2375 (3 MINUTES)
20:18:50.722 [ducttape-0] DEBUG c.g.d.z.s.o.a.h.c.h.i.i.DefaultManagedHttpClientConnection - http-outgoing-18: close connection IMMEDIATE
20:18:50.722 [ducttape-0] DEBUG c.g.d.z.s.o.a.h.c.h.i.c.InternalHttpClient - ep-00000012: endpoint closed
20:18:50.722 [ducttape-0] DEBUG c.g.d.z.s.o.a.h.c.h.i.c.InternalHttpClient - ep-00000012: discarding endpoint
20:18:50.722 [ducttape-0] DEBUG c.g.d.z.s.o.a.h.c.h.i.i.PoolingHttpClientConnectionManager - ep-00000012: releasing endpoint
20:18:50.722 [ducttape-0] DEBUG c.g.d.z.s.o.a.h.c.h.i.i.PoolingHttpClientConnectionManager - ep-00000012: connection is not kept alive
20:18:50.722 [ducttape-0] DEBUG c.g.d.z.s.o.a.h.c.h.i.i.PoolingHttpClientConnectionManager - ep-00000012: connection released [route: {}-&gt;unix://localhost:2375][total available: 0; route allocated: 0 of 2147483647; total allocated: 0 of 2147483647]
20:18:50.722 [ducttape-0] DEBUG c.g.d.z.s.o.a.h.c.h.i.c.HttpRequestRetryExec - ex-0000000A: com.sun.jna.LastErrorException: [13] Permission denied
java.io.IOException: com.sun.jna.LastErrorException: [13] Permission denied
	at com.github.dockerjava.transport.DomainSocket.&lt;init&gt;(DomainSocket.java:63) ~[docker-java-transport-3.2.12.jar:na]
	at com.github.dockerjava.transport.LinuxDomainSocket.&lt;init&gt;(LinuxDomainSocket.java:41) ~[docker-java-transport-3.2.12.jar:na]
	at com.github.dockerjava.transport.DomainSocket.get(DomainSocket.java:140) ~[docker-java-transport-3.2.12.jar:na]
	at com.github.dockerjava.transport.UnixSocket.get(UnixSocket.java:27) ~[docker-java-transport-3.2.12.jar:na]
	at com.github.dockerjava.zerodep.ApacheDockerHttpClientImpl$2.createSocket(ApacheDockerHttpClientImpl.java:145) ~[docker-java-transport-zerodep-3.2.12.jar:na]
	at com.github.dockerjava.zerodep.shaded.org.apache.hc.client5.http.impl.io.DefaultHttpClientConnectionOperator.connect(DefaultHttpClientConnectionOperator.java:125) ~[docker-java-transport-zerodep-3.2.12.jar:na]
	at com.github.dockerjava.zerodep.shaded.org.apache.hc.client5.http.impl.io.PoolingHttpClientConnectionManager.connect(PoolingHttpClientConnectionManager.java:409) ~[docker-java-transport-zerodep-3.2.12.jar:na]
	at com.github.dockerjava.zerodep.shaded.org.apache.hc.client5.http.impl.classic.InternalExecRuntime.connectEndpoint(InternalExecRuntime.java:164) ~[docker-java-transport-zerodep-3.2.12.jar:na]
	at com.github.dockerjava.zerodep.shaded.org.apache.hc.client5.http.impl.classic.InternalExecRuntime.connectEndpoint(InternalExecRuntime.java:174) ~[docker-java-transport-zerodep-3.2.12.jar:na]
	at com.github.dockerjava.zerodep.shaded.org.apache.hc.client5.http.impl.classic.ConnectExec.execute(ConnectExec.java:135) ~[docker-java-transport-zerodep-3.2.12.jar:na]
	at com.github.dockerjava.zerodep.shaded.org.apache.hc.client5.http.impl.classic.ExecChainElement.execute(ExecChainElement.java:51) ~[docker-java-transport-zerodep-3.2.12.jar:na]
	at com.github.dockerjava.zerodep.shaded.org.apache.hc.client5.http.impl.classic.ExecChainElement$1.proceed(ExecChainElement.java:57) ~[docker-java-transport-zerodep-3.2.12.jar:na]
	at com.github.dockerjava.zerodep.shaded.org.apache.hc.client5.http.impl.classic.ProtocolExec.execute(ProtocolExec.java:172) ~[docker-java-transport-zerodep-3.2.12.jar:na]
	at com.github.dockerjava.zerodep.shaded.org.apache.hc.client5.http.impl.classic.ExecChainElement.execute(ExecChainElement.java:51) ~[docker-java-transport-zerodep-3.2.12.jar:na]
	at com.github.dockerjava.zerodep.shaded.org.apache.hc.client5.http.impl.classic.ExecChainElement$1.proceed(ExecChainElement.java:57) ~[docker-java-transport-zerodep-3.2.12.jar:na]
	at com.github.dockerjava.zerodep.shaded.org.apache.hc.client5.http.impl.classic.HttpRequestRetryExec.execute(HttpRequestRetryExec.java:93) ~[docker-java-transport-zerodep-3.2.12.jar:na]
	at com.github.dockerjava.zerodep.shaded.org.apache.hc.client5.http.impl.classic.ExecChainElement.execute(ExecChainElement.java:51) ~[docker-java-transport-zerodep-3.2.12.jar:na]
	at com.github.dockerjava.zerodep.shaded.org.apache.hc.client5.http.impl.classic.ExecChainElement$1.proceed(ExecChainElement.java:57) ~[docker-java-transport-zerodep-3.2.12.jar:na]
	at com.github.dockerjava.zerodep.shaded.org.apache.hc.client5.http.impl.classic.ContentCompressionExec.execute(ContentCompressionExec.java:128) ~[docker-java-transport-zerodep-3.2.12.jar:na]
	at com.github.dockerjava.zerodep.shaded.org.apache.hc.client5.http.impl.classic.ExecChainElement.execute(ExecChainElement.java:51) ~[docker-java-transport-zerodep-3.2.12.jar:na]
	at com.github.dockerjava.zerodep.shaded.org.apache.hc.client5.http.impl.classic.ExecChainElement$1.proceed(ExecChainElement.java:57) ~[docker-java-transport-zerodep-3.2.12.jar:na]
	at com.github.dockerjava.zerodep.shaded.org.apache.hc.client5.http.impl.classic.RedirectExec.execute(RedirectExec.java:116) ~[docker-java-transport-zerodep-3.2.12.jar:na]
	at com.github.dockerjava.zerodep.shaded.org.apache.hc.client5.http.impl.classic.ExecChainElement.execute(ExecChainElement.java:51) ~[docker-java-transport-zerodep-3.2.12.jar:na]
	at com.github.dockerjava.zerodep.shaded.org.apache.hc.client5.http.impl.classic.InternalHttpClient.doExecute(InternalHttpClient.java:178) ~[docker-java-transport-zerodep-3.2.12.jar:na]
	at com.github.dockerjava.zerodep.shaded.org.apache.hc.client5.http.impl.classic.CloseableHttpClient.execute(CloseableHttpClient.java:67) ~[docker-java-transport-zerodep-3.2.12.jar:na]
	at com.github.dockerjava.zerodep.ApacheDockerHttpClientImpl.execute(ApacheDockerHttpClientImpl.java:183) ~[docker-java-transport-zerodep-3.2.12.jar:na]
	at com.github.dockerjava.zerodep.ZerodepDockerHttpClient.execute(ZerodepDockerHttpClient.java:8) ~[docker-java-transport-zerodep-3.2.12.jar:na]
	at org.testcontainers.shaded.com.github.dockerjava.core.DefaultInvocationBuilder.execute(DefaultInvocationBuilder.java:228) ~[testcontainers-1.16.3.jar:na]
	at org.testcontainers.shaded.com.github.dockerjava.core.DefaultInvocationBuilder.get(DefaultInvocationBuilder.java:202) ~[testcontainers-1.16.3.jar:na]
	at org.testcontainers.shaded.com.github.dockerjava.core.DefaultInvocationBuilder.get(DefaultInvocationBuilder.java:74) ~[testcontainers-1.16.3.jar:na]
	at org.testcontainers.shaded.com.github.dockerjava.core.exec.InfoCmdExec.exec(InfoCmdExec.java:24) ~[testcontainers-1.16.3.jar:na]
	at org.testcontainers.shaded.com.github.dockerjava.core.exec.InfoCmdExec.exec(InfoCmdExec.java:14) ~[testcontainers-1.16.3.jar:na]
	at org.testcontainers.shaded.com.github.dockerjava.core.command.AbstrDockerCmd.exec(AbstrDockerCmd.java:35) ~[testcontainers-1.16.3.jar:na]
	at org.testcontainers.dockerclient.DockerClientProviderStrategy.lambda$null$5(DockerClientProviderStrategy.java:170) ~[testcontainers-1.16.3.jar:na]
	at org.rnorth.ducttape.ratelimits.RateLimiter.getWhenReady(RateLimiter.java:51) ~[duct-tape-1.0.8.jar:na]
	at org.testcontainers.dockerclient.DockerClientProviderStrategy.lambda$tryOutStrategy$6(DockerClientProviderStrategy.java:168) ~[testcontainers-1.16.3.jar:na]
	at org.rnorth.ducttape.unreliables.Unreliables.lambda$retryUntilSuccess$0(Unreliables.java:43) ~[duct-tape-1.0.8.jar:na]
	at java.base/java.util.concurrent.FutureTask.run(FutureTask.java:264) ~[na:na]
	at java.base/java.util.concurrent.ThreadPoolExecutor.runWorker(ThreadPoolExecutor.java:1128) ~[na:na]
	at java.base/java.util.concurrent.ThreadPoolExecutor$Worker.run(ThreadPoolExecutor.java:628) ~[na:na]
	at java.base/java.lang.Thread.run(Thread.java:829) ~[na:na]
Caused by: com.sun.jna.LastErrorException: [13] Permission denied
	at com.github.dockerjava.transport.LinuxDomainSocket.connect(Native Method) ~[docker-java-transport-3.2.12.jar:na]
	at com.github.dockerjava.transport.LinuxDomainSocket.connect(LinuxDomainSocket.java:49) ~[docker-java-transport-3.2.12.jar:na]
	at com.github.dockerjava.transport.DomainSocket.open(DomainSocket.java:69) ~[docker-java-transport-3.2.12.jar:na]
	at com.github.dockerjava.transport.DomainSocket.&lt;init&gt;(DomainSocket.java:59) ~[docker-java-transport-3.2.12.jar:na]
	... 40 common frames omitted
20:18:50.723 [ducttape-0] INFO  c.g.d.z.s.o.a.h.c.h.i.c.HttpRequestRetryExec - Recoverable I/O exception (java.io.IOException) caught when processing request to {}-&gt;unix://localhost:2375
20:18:50.723 [ducttape-0] DEBUG c.g.d.z.s.o.a.h.c.h.p.RequestAddCookies - Cookie spec selected: strict
20:18:50.723 [ducttape-0] DEBUG c.g.d.z.s.o.a.h.c.h.p.RequestAuthCache - Auth cache not set in the context
20:18:50.723 [ducttape-0] DEBUG c.g.d.z.s.o.a.h.c.h.i.c.ProtocolExec - ex-0000000A: target auth state: UNCHALLENGED
20:18:50.723 [ducttape-0] DEBUG c.g.d.z.s.o.a.h.c.h.i.c.ProtocolExec - ex-0000000A: proxy auth state: UNCHALLENGED
20:18:50.723 [ducttape-0] DEBUG c.g.d.z.s.o.a.h.c.h.i.c.ConnectExec - ex-0000000A: acquiring connection with route {}-&gt;unix://localhost:2375
20:18:50.723 [ducttape-0] DEBUG c.g.d.z.s.o.a.h.c.h.i.c.InternalHttpClient - ex-0000000A: acquiring endpoint (3 MINUTES)
20:18:50.723 [ducttape-0] DEBUG c.g.d.z.s.o.a.h.c.h.i.i.PoolingHttpClientConnectionManager - ex-0000000A: endpoint lease request (3 MINUTES) [route: {}-&gt;unix://localhost:2375][total available: 0; route allocated: 0 of 2147483647; total allocated: 0 of 2147483647]
20:18:50.740 [ducttape-0] DEBUG c.g.d.z.s.o.a.h.c.h.i.i.PoolingHttpClientConnectionManager - ex-0000000A: endpoint leased [route: {}-&gt;unix://localhost:2375][total available: 0; route allocated: 1 of 2147483647; total allocated: 1 of 2147483647]
20:18:50.742 [ducttape-0] DEBUG c.g.d.z.s.o.a.h.c.h.i.i.PoolingHttpClientConnectionManager - ex-0000000A: acquired ep-00000013
20:18:50.742 [ducttape-0] DEBUG c.g.d.z.s.o.a.h.c.h.i.c.InternalHttpClient - ex-0000000A: acquired endpoint ep-00000013
20:18:50.746 [ducttape-0] DEBUG c.g.d.z.s.o.a.h.c.h.i.c.ConnectExec - ex-0000000A: opening connection {}-&gt;unix://localhost:2375
20:18:50.746 [ducttape-0] DEBUG c.g.d.z.s.o.a.h.c.h.i.c.InternalHttpClient - ep-00000013: connecting endpoint (3 MINUTES)
20:18:50.746 [ducttape-0] DEBUG c.g.d.z.s.o.a.h.c.h.i.i.PoolingHttpClientConnectionManager - ep-00000013: connecting endpoint to unix://localhost:2375 (3 MINUTES)
20:18:50.747 [ducttape-0] DEBUG c.g.d.z.s.o.a.h.c.h.i.i.DefaultManagedHttpClientConnection - http-outgoing-19: close connection IMMEDIATE
20:18:50.748 [ducttape-0] DEBUG c.g.d.z.s.o.a.h.c.h.i.c.InternalHttpClient - ep-00000013: endpoint closed
20:18:50.748 [ducttape-0] DEBUG c.g.d.z.s.o.a.h.c.h.i.c.InternalHttpClient - ep-00000013: discarding endpoint
20:18:50.748 [ducttape-0] DEBUG c.g.d.z.s.o.a.h.c.h.i.i.PoolingHttpClientConnectionManager - ep-00000013: releasing endpoint
20:18:50.748 [ducttape-0] DEBUG c.g.d.z.s.o.a.h.c.h.i.i.PoolingHttpClientConnectionManager - ep-00000013: connection is not kept alive
20:18:50.748 [ducttape-0] DEBUG c.g.d.z.s.o.a.h.c.h.i.i.PoolingHttpClientConnectionManager - ep-00000013: connection released [route: {}-&gt;unix://localhost:2375][total available: 0; route allocated: 0 of 2147483647; total allocated: 0 of 2147483647]
20:18:50.848 [ducttape-0] DEBUG o.t.d.DockerClientProviderStrategy - Pinging docker daemon...
20:18:50.849 [ducttape-0] DEBUG o.t.s.c.g.d.c.command.AbstrDockerCmd - Cmd: 
20:18:50.850 [ducttape-0] DEBUG c.g.d.z.s.o.a.h.c.h.i.c.InternalHttpClient - ex-0000000B: preparing request execution
20:18:50.850 [ducttape-0] DEBUG c.g.d.z.s.o.a.h.c.h.p.RequestAddCookies - Cookie spec selected: strict
20:18:50.857 [ducttape-0] DEBUG c.g.d.z.s.o.a.h.c.h.p.RequestAuthCache - Auth cache not set in the context
20:18:50.864 [ducttape-0] DEBUG c.g.d.z.s.o.a.h.c.h.i.c.ProtocolExec - ex-0000000B: target auth state: UNCHALLENGED
20:18:50.864 [ducttape-0] DEBUG c.g.d.z.s.o.a.h.c.h.i.c.ProtocolExec - ex-0000000B: proxy auth state: UNCHALLENGED
20:18:50.864 [ducttape-0] DEBUG c.g.d.z.s.o.a.h.c.h.i.c.ConnectExec - ex-0000000B: acquiring connection with route {}-&gt;unix://localhost:2375
20:18:50.865 [ducttape-0] DEBUG c.g.d.z.s.o.a.h.c.h.i.c.InternalHttpClient - ex-0000000B: acquiring endpoint (3 MINUTES)
20:18:50.865 [ducttape-0] DEBUG c.g.d.z.s.o.a.h.c.h.i.i.PoolingHttpClientConnectionManager - ex-0000000B: endpoint lease request (3 MINUTES) [route: {}-&gt;unix://localhost:2375][total available: 0; route allocated: 0 of 2147483647; total allocated: 0 of 2147483647]
20:18:50.865 [ducttape-0] DEBUG c.g.d.z.s.o.a.h.c.h.i.i.PoolingHttpClientConnectionManager - ex-0000000B: endpoint leased [route: {}-&gt;unix://localhost:2375][total available: 0; route allocated: 1 of 2147483647; total allocated: 1 of 2147483647]
20:18:50.865 [ducttape-0] DEBUG c.g.d.z.s.o.a.h.c.h.i.i.PoolingHttpClientConnectionManager - ex-0000000B: acquired ep-00000014
20:18:50.867 [ducttape-0] DEBUG c.g.d.z.s.o.a.h.c.h.i.c.InternalHttpClient - ex-0000000B: acquired endpoint ep-00000014
20:18:50.868 [ducttape-0] DEBUG c.g.d.z.s.o.a.h.c.h.i.c.ConnectExec - ex-0000000B: opening connection {}-&gt;unix://localhost:2375
20:18:50.868 [ducttape-0] DEBUG c.g.d.z.s.o.a.h.c.h.i.c.InternalHttpClient - ep-00000014: connecting endpoint (3 MINUTES)
20:18:50.868 [ducttape-0] DEBUG c.g.d.z.s.o.a.h.c.h.i.i.PoolingHttpClientConnectionManager - ep-00000014: connecting endpoint to unix://localhost:2375 (3 MINUTES)
20:18:50.870 [ducttape-0] DEBUG c.g.d.z.s.o.a.h.c.h.i.i.DefaultManagedHttpClientConnection - http-outgoing-20: close connection IMMEDIATE
20:18:50.874 [ducttape-0] DEBUG c.g.d.z.s.o.a.h.c.h.i.c.InternalHttpClient - ep-00000014: endpoint closed
20:18:50.874 [ducttape-0] DEBUG c.g.d.z.s.o.a.h.c.h.i.c.InternalHttpClient - ep-00000014: discarding endpoint
20:18:50.874 [ducttape-0] DEBUG c.g.d.z.s.o.a.h.c.h.i.i.PoolingHttpClientConnectionManager - ep-00000014: releasing endpoint
20:18:50.874 [ducttape-0] DEBUG c.g.d.z.s.o.a.h.c.h.i.i.PoolingHttpClientConnectionManager - ep-00000014: connection is not kept alive
20:18:50.874 [ducttape-0] DEBUG c.g.d.z.s.o.a.h.c.h.i.i.PoolingHttpClientConnectionManager - ep-00000014: connection released [route: {}-&gt;unix://localhost:2375][total available: 0; route allocated: 0 of 2147483647; total allocated: 0 of 2147483647]
20:18:50.875 [ducttape-0] DEBUG c.g.d.z.s.o.a.h.c.h.i.c.HttpRequestRetryExec - ex-0000000B: com.sun.jna.LastErrorException: [13] Permission denied
java.io.IOException: com.sun.jna.LastErrorException: [13] Permission denied
	at com.github.dockerjava.transport.DomainSocket.&lt;init&gt;(DomainSocket.java:63) ~[docker-java-transport-3.2.12.jar:na]
	at com.github.dockerjava.transport.LinuxDomainSocket.&lt;init&gt;(LinuxDomainSocket.java:41) ~[docker-java-transport-3.2.12.jar:na]
	at com.github.dockerjava.transport.DomainSocket.get(DomainSocket.java:140) ~[docker-java-transport-3.2.12.jar:na]
	at com.github.dockerjava.transport.UnixSocket.get(UnixSocket.java:27) ~[docker-java-transport-3.2.12.jar:na]
	at com.github.dockerjava.zerodep.ApacheDockerHttpClientImpl$2.createSocket(ApacheDockerHttpClientImpl.java:145) ~[docker-java-transport-zerodep-3.2.12.jar:na]
	at com.github.dockerjava.zerodep.shaded.org.apache.hc.client5.http.impl.io.DefaultHttpClientConnectionOperator.connect(DefaultHttpClientConnectionOperator.java:125) ~[docker-java-transport-zerodep-3.2.12.jar:na]
	at com.github.dockerjava.zerodep.shaded.org.apache.hc.client5.http.impl.io.PoolingHttpClientConnectionManager.connect(PoolingHttpClientConnectionManager.java:409) ~[docker-java-transport-zerodep-3.2.12.jar:na]
	at com.github.dockerjava.zerodep.shaded.org.apache.hc.client5.http.impl.classic.InternalExecRuntime.connectEndpoint(InternalExecRuntime.java:164) ~[docker-java-transport-zerodep-3.2.12.jar:na]
	at com.github.dockerjava.zerodep.shaded.org.apache.hc.client5.http.impl.classic.InternalExecRuntime.connectEndpoint(InternalExecRuntime.java:174) ~[docker-java-transport-zerodep-3.2.12.jar:na]
	at com.github.dockerjava.zerodep.shaded.org.apache.hc.client5.http.impl.classic.ConnectExec.execute(ConnectExec.java:135) ~[docker-java-transport-zerodep-3.2.12.jar:na]
	at com.github.dockerjava.zerodep.shaded.org.apache.hc.client5.http.impl.classic.ExecChainElement.execute(ExecChainElement.java:51) ~[docker-java-transport-zerodep-3.2.12.jar:na]
	at com.github.dockerjava.zerodep.shaded.org.apache.hc.client5.http.impl.classic.ExecChainElement$1.proceed(ExecChainElement.java:57) ~[docker-java-transport-zerodep-3.2.12.jar:na]
	at com.github.dockerjava.zerodep.shaded.org.apache.hc.client5.http.impl.classic.ProtocolExec.execute(ProtocolExec.java:172) ~[docker-java-transport-zerodep-3.2.12.jar:na]
	at com.github.dockerjava.zerodep.shaded.org.apache.hc.client5.http.impl.classic.ExecChainElement.execute(ExecChainElement.java:51) ~[docker-java-transport-zerodep-3.2.12.jar:na]
	at com.github.dockerjava.zerodep.shaded.org.apache.hc.client5.http.impl.classic.ExecChainElement$1.proceed(ExecChainElement.java:57) ~[docker-java-transport-zerodep-3.2.12.jar:na]
	at com.github.dockerjava.zerodep.shaded.org.apache.hc.client5.http.impl.classic.HttpRequestRetryExec.execute(HttpRequestRetryExec.java:93) ~[docker-java-transport-zerodep-3.2.12.jar:na]
	at com.github.dockerjava.zerodep.shaded.org.apache.hc.client5.http.impl.classic.ExecChainElement.execute(ExecChainElement.java:51) ~[docker-java-transport-zerodep-3.2.12.jar:na]
	at com.github.dockerjava.zerodep.shaded.org.apache.hc.client5.http.impl.classic.ExecChainElement$1.proceed(ExecChainElement.java:57) ~[docker-java-transport-zerodep-3.2.12.jar:na]
	at com.github.dockerjava.zerodep.shaded.org.apache.hc.client5.http.impl.classic.ContentCompressionExec.execute(ContentCompressionExec.java:128) ~[docker-java-transport-zerodep-3.2.12.jar:na]
	at com.github.dockerjava.zerodep.shaded.org.apache.hc.client5.http.impl.classic.ExecChainElement.execute(ExecChainElement.java:51) ~[docker-java-transport-zerodep-3.2.12.jar:na]
	at com.github.dockerjava.zerodep.shaded.org.apache.hc.client5.http.impl.classic.ExecChainElement$1.proceed(ExecChainElement.java:57) ~[docker-java-transport-zerodep-3.2.12.jar:na]
	at com.github.dockerjava.zerodep.shaded.org.apache.hc.client5.http.impl.classic.RedirectExec.execute(RedirectExec.java:116) ~[docker-java-transport-zerodep-3.2.12.jar:na]
	at com.github.dockerjava.zerodep.shaded.org.apache.hc.client5.http.impl.classic.ExecChainElement.execute(ExecChainElement.java:51) ~[docker-java-transport-zerodep-3.2.12.jar:na]
	at com.github.dockerjava.zerodep.shaded.org.apache.hc.client5.http.impl.classic.InternalHttpClient.doExecute(InternalHttpClient.java:178) ~[docker-java-transport-zerodep-3.2.12.jar:na]
	at com.github.dockerjava.zerodep.shaded.org.apache.hc.client5.http.impl.classic.CloseableHttpClient.execute(CloseableHttpClient.java:67) ~[docker-java-transport-zerodep-3.2.12.jar:na]
	at com.github.dockerjava.zerodep.ApacheDockerHttpClientImpl.execute(ApacheDockerHttpClientImpl.java:183) ~[docker-java-transport-zerodep-3.2.12.jar:na]
	at com.github.dockerjava.zerodep.ZerodepDockerHttpClient.execute(ZerodepDockerHttpClient.java:8) ~[docker-java-transport-zerodep-3.2.12.jar:na]
	at org.testcontainers.shaded.com.github.dockerjava.core.DefaultInvocationBuilder.execute(DefaultInvocationBuilder.java:228) ~[testcontainers-1.16.3.jar:na]
	at org.testcontainers.shaded.com.github.dockerjava.core.DefaultInvocationBuilder.get(DefaultInvocationBuilder.java:202) ~[testcontainers-1.16.3.jar:na]
	at org.testcontainers.shaded.com.github.dockerjava.core.DefaultInvocationBuilder.get(DefaultInvocationBuilder.java:74) ~[testcontainers-1.16.3.jar:na]
	at org.testcontainers.shaded.com.github.dockerjava.core.exec.InfoCmdExec.exec(InfoCmdExec.java:24) ~[testcontainers-1.16.3.jar:na]
	at org.testcontainers.shaded.com.github.dockerjava.core.exec.InfoCmdExec.exec(InfoCmdExec.java:14) ~[testcontainers-1.16.3.jar:na]
	at org.testcontainers.shaded.com.github.dockerjava.core.command.AbstrDockerCmd.exec(AbstrDockerCmd.java:35) ~[testcontainers-1.16.3.jar:na]
	at org.testcontainers.dockerclient.DockerClientProviderStrategy.lambda$null$5(DockerClientProviderStrategy.java:170) ~[testcontainers-1.16.3.jar:na]
	at org.rnorth.ducttape.ratelimits.RateLimiter.getWhenReady(RateLimiter.java:51) ~[duct-tape-1.0.8.jar:na]
	at org.testcontainers.dockerclient.DockerClientProviderStrategy.lambda$tryOutStrategy$6(DockerClientProviderStrategy.java:168) ~[testcontainers-1.16.3.jar:na]
	at org.rnorth.ducttape.unreliables.Unreliables.lambda$retryUntilSuccess$0(Unreliables.java:43) ~[duct-tape-1.0.8.jar:na]
	at java.base/java.util.concurrent.FutureTask.run(FutureTask.java:264) ~[na:na]
	at java.base/java.util.concurrent.ThreadPoolExecutor.runWorker(ThreadPoolExecutor.java:1128) ~[na:na]
	at java.base/java.util.concurrent.ThreadPoolExecutor$Worker.run(ThreadPoolExecutor.java:628) ~[na:na]
	at java.base/java.lang.Thread.run(Thread.java:829) ~[na:na]
Caused by: com.sun.jna.LastErrorException: [13] Permission denied
	at com.github.dockerjava.transport.LinuxDomainSocket.connect(Native Method) ~[docker-java-transport-3.2.12.jar:na]
	at com.github.dockerjava.transport.LinuxDomainSocket.connect(LinuxDomainSocket.java:49) ~[docker-java-transport-3.2.12.jar:na]
	at com.github.dockerjava.transport.DomainSocket.open(DomainSocket.java:69) ~[docker-java-transport-3.2.12.jar:na]
	at com.github.dockerjava.transport.DomainSocket.&lt;init&gt;(DomainSocket.java:59) ~[docker-java-transport-3.2.12.jar:na]
	... 40 common frames omitted
20:18:50.878 [ducttape-0] INFO  c.g.d.z.s.o.a.h.c.h.i.c.HttpRequestRetryExec - Recoverable I/O exception (java.io.IOException) caught when processing request to {}-&gt;unix://localhost:2375
20:18:50.878 [ducttape-0] DEBUG c.g.d.z.s.o.a.h.c.h.p.RequestAddCookies - Cookie spec selected: strict
20:18:50.878 [ducttape-0] DEBUG c.g.d.z.s.o.a.h.c.h.p.RequestAuthCache - Auth cache not set in the context
20:18:50.878 [ducttape-0] DEBUG c.g.d.z.s.o.a.h.c.h.i.c.ProtocolExec - ex-0000000B: target auth state: UNCHALLENGED
20:18:50.878 [ducttape-0] DEBUG c.g.d.z.s.o.a.h.c.h.i.c.ProtocolExec - ex-0000000B: proxy auth state: UNCHALLENGED
20:18:50.878 [ducttape-0] DEBUG c.g.d.z.s.o.a.h.c.h.i.c.ConnectExec - ex-0000000B: acquiring connection with route {}-&gt;unix://localhost:2375
20:18:50.878 [ducttape-0] DEBUG c.g.d.z.s.o.a.h.c.h.i.c.InternalHttpClient - ex-0000000B: acquiring endpoint (3 MINUTES)
20:18:50.879 [ducttape-0] DEBUG c.g.d.z.s.o.a.h.c.h.i.i.PoolingHttpClientConnectionManager - ex-0000000B: endpoint lease request (3 MINUTES) [route: {}-&gt;unix://localhost:2375][total available: 0; route allocated: 0 of 2147483647; total allocated: 0 of 2147483647]
20:18:50.890 [ducttape-0] DEBUG c.g.d.z.s.o.a.h.c.h.i.i.PoolingHttpClientConnectionManager - ex-0000000B: endpoint leased [route: {}-&gt;unix://localhost:2375][total available: 0; route allocated: 1 of 2147483647; total allocated: 1 of 2147483647]
20:18:50.891 [ducttape-0] DEBUG c.g.d.z.s.o.a.h.c.h.i.i.PoolingHttpClientConnectionManager - ex-0000000B: acquired ep-00000015
20:18:50.891 [ducttape-0] DEBUG c.g.d.z.s.o.a.h.c.h.i.c.InternalHttpClient - ex-0000000B: acquired endpoint ep-00000015
20:18:50.891 [ducttape-0] DEBUG c.g.d.z.s.o.a.h.c.h.i.c.ConnectExec - ex-0000000B: opening connection {}-&gt;unix://localhost:2375
20:18:50.892 [ducttape-0] DEBUG c.g.d.z.s.o.a.h.c.h.i.c.InternalHttpClient - ep-00000015: connecting endpoint (3 MINUTES)
20:18:50.892 [ducttape-0] DEBUG c.g.d.z.s.o.a.h.c.h.i.i.PoolingHttpClientConnectionManager - ep-00000015: connecting endpoint to unix://localhost:2375 (3 MINUTES)
20:18:50.893 [ducttape-0] DEBUG c.g.d.z.s.o.a.h.c.h.i.i.DefaultManagedHttpClientConnection - http-outgoing-21: close connection IMMEDIATE
20:18:50.894 [ducttape-0] DEBUG c.g.d.z.s.o.a.h.c.h.i.c.InternalHttpClient - ep-00000015: endpoint closed
20:18:50.894 [ducttape-0] DEBUG c.g.d.z.s.o.a.h.c.h.i.c.InternalHttpClient - ep-00000015: discarding endpoint
20:18:50.894 [ducttape-0] DEBUG c.g.d.z.s.o.a.h.c.h.i.i.PoolingHttpClientConnectionManager - ep-00000015: releasing endpoint
20:18:50.895 [ducttape-0] DEBUG c.g.d.z.s.o.a.h.c.h.i.i.PoolingHttpClientConnectionManager - ep-00000015: connection is not kept alive
20:18:50.895 [ducttape-0] DEBUG c.g.d.z.s.o.a.h.c.h.i.i.PoolingHttpClientConnectionManager - ep-00000015: connection released [route: {}-&gt;unix://localhost:2375][total available: 0; route allocated: 0 of 2147483647; total allocated: 0 of 2147483647]
20:18:50.995 [ducttape-0] DEBUG o.t.d.DockerClientProviderStrategy - Pinging docker daemon...
20:18:50.995 [ducttape-0] DEBUG o.t.s.c.g.d.c.command.AbstrDockerCmd - Cmd: 
20:18:50.996 [ducttape-0] DEBUG c.g.d.z.s.o.a.h.c.h.i.c.InternalHttpClient - ex-0000000C: preparing request execution
20:18:50.996 [ducttape-0] DEBUG c.g.d.z.s.o.a.h.c.h.p.RequestAddCookies - Cookie spec selected: strict
20:18:50.996 [ducttape-0] DEBUG c.g.d.z.s.o.a.h.c.h.p.RequestAuthCache - Auth cache not set in the context
20:18:50.996 [ducttape-0] DEBUG c.g.d.z.s.o.a.h.c.h.i.c.ProtocolExec - ex-0000000C: target auth state: UNCHALLENGED
20:18:50.996 [ducttape-0] DEBUG c.g.d.z.s.o.a.h.c.h.i.c.ProtocolExec - ex-0000000C: proxy auth state: UNCHALLENGED
20:18:50.996 [ducttape-0] DEBUG c.g.d.z.s.o.a.h.c.h.i.c.ConnectExec - ex-0000000C: acquiring connection with route {}-&gt;unix://localhost:2375
20:18:50.996 [ducttape-0] DEBUG c.g.d.z.s.o.a.h.c.h.i.c.InternalHttpClient - ex-0000000C: acquiring endpoint (3 MINUTES)
20:18:50.996 [ducttape-0] DEBUG c.g.d.z.s.o.a.h.c.h.i.i.PoolingHttpClientConnectionManager - ex-0000000C: endpoint lease request (3 MINUTES) [route: {}-&gt;unix://localhost:2375][total available: 0; route allocated: 0 of 2147483647; total allocated: 0 of 2147483647]
20:18:50.996 [ducttape-0] DEBUG c.g.d.z.s.o.a.h.c.h.i.i.PoolingHttpClientConnectionManager - ex-0000000C: endpoint leased [route: {}-&gt;unix://localhost:2375][total available: 0; route allocated: 1 of 2147483647; total allocated: 1 of 2147483647]
20:18:50.996 [ducttape-0] DEBUG c.g.d.z.s.o.a.h.c.h.i.i.PoolingHttpClientConnectionManager - ex-0000000C: acquired ep-00000016
20:18:50.997 [ducttape-0] DEBUG c.g.d.z.s.o.a.h.c.h.i.c.InternalHttpClient - ex-0000000C: acquired endpoint ep-00000016
20:18:50.997 [ducttape-0] DEBUG c.g.d.z.s.o.a.h.c.h.i.c.ConnectExec - ex-0000000C: opening connection {}-&gt;unix://localhost:2375
20:18:50.997 [ducttape-0] DEBUG c.g.d.z.s.o.a.h.c.h.i.c.InternalHttpClient - ep-00000016: connecting endpoint (3 MINUTES)
20:18:50.997 [ducttape-0] DEBUG c.g.d.z.s.o.a.h.c.h.i.i.PoolingHttpClientConnectionManager - ep-00000016: connecting endpoint to unix://localhost:2375 (3 MINUTES)
20:18:50.997 [ducttape-0] DEBUG c.g.d.z.s.o.a.h.c.h.i.i.DefaultManagedHttpClientConnection - http-outgoing-22: close connection IMMEDIATE
20:18:50.997 [ducttape-0] DEBUG c.g.d.z.s.o.a.h.c.h.i.c.InternalHttpClient - ep-00000016: endpoint closed
20:18:50.997 [ducttape-0] DEBUG c.g.d.z.s.o.a.h.c.h.i.c.InternalHttpClient - ep-00000016: discarding endpoint
20:18:50.997 [ducttape-0] DEBUG c.g.d.z.s.o.a.h.c.h.i.i.PoolingHttpClientConnectionManager - ep-00000016: releasing endpoint
20:18:50.997 [ducttape-0] DEBUG c.g.d.z.s.o.a.h.c.h.i.i.PoolingHttpClientConnectionManager - ep-00000016: connection is not kept alive
20:18:50.998 [ducttape-0] DEBUG c.g.d.z.s.o.a.h.c.h.i.i.PoolingHttpClientConnectionManager - ep-00000016: connection released [route: {}-&gt;unix://localhost:2375][total available: 0; route allocated: 0 of 2147483647; total allocated: 0 of 2147483647]
20:18:50.998 [ducttape-0] DEBUG c.g.d.z.s.o.a.h.c.h.i.c.HttpRequestRetryExec - ex-0000000C: com.sun.jna.LastErrorException: [13] Permission denied
java.io.IOException: com.sun.jna.LastErrorException: [13] Permission denied
	at com.github.dockerjava.transport.DomainSocket.&lt;init&gt;(DomainSocket.java:63) ~[docker-java-transport-3.2.12.jar:na]
	at com.github.dockerjava.transport.LinuxDomainSocket.&lt;init&gt;(LinuxDomainSocket.java:41) ~[docker-java-transport-3.2.12.jar:na]
	at com.github.dockerjava.transport.DomainSocket.get(DomainSocket.java:140) ~[docker-java-transport-3.2.12.jar:na]
	at com.github.dockerjava.transport.UnixSocket.get(UnixSocket.java:27) ~[docker-java-transport-3.2.12.jar:na]
	at com.github.dockerjava.zerodep.ApacheDockerHttpClientImpl$2.createSocket(ApacheDockerHttpClientImpl.java:145) ~[docker-java-transport-zerodep-3.2.12.jar:na]
	at com.github.dockerjava.zerodep.shaded.org.apache.hc.client5.http.impl.io.DefaultHttpClientConnectionOperator.connect(DefaultHttpClientConnectionOperator.java:125) ~[docker-java-transport-zerodep-3.2.12.jar:na]
	at com.github.dockerjava.zerodep.shaded.org.apache.hc.client5.http.impl.io.PoolingHttpClientConnectionManager.connect(PoolingHttpClientConnectionManager.java:409) ~[docker-java-transport-zerodep-3.2.12.jar:na]
	at com.github.dockerjava.zerodep.shaded.org.apache.hc.client5.http.impl.classic.InternalExecRuntime.connectEndpoint(InternalExecRuntime.java:164) ~[docker-java-transport-zerodep-3.2.12.jar:na]
	at com.github.dockerjava.zerodep.shaded.org.apache.hc.client5.http.impl.classic.InternalExecRuntime.connectEndpoint(InternalExecRuntime.java:174) ~[docker-java-transport-zerodep-3.2.12.jar:na]
	at com.github.dockerjava.zerodep.shaded.org.apache.hc.client5.http.impl.classic.ConnectExec.execute(ConnectExec.java:135) ~[docker-java-transport-zerodep-3.2.12.jar:na]
	at com.github.dockerjava.zerodep.shaded.org.apache.hc.client5.http.impl.classic.ExecChainElement.execute(ExecChainElement.java:51) ~[docker-java-transport-zerodep-3.2.12.jar:na]
	at com.github.dockerjava.zerodep.shaded.org.apache.hc.client5.http.impl.classic.ExecChainElement$1.proceed(ExecChainElement.java:57) ~[docker-java-transport-zerodep-3.2.12.jar:na]
	at com.github.dockerjava.zerodep.shaded.org.apache.hc.client5.http.impl.classic.ProtocolExec.execute(ProtocolExec.java:172) ~[docker-java-transport-zerodep-3.2.12.jar:na]
	at com.github.dockerjava.zerodep.shaded.org.apache.hc.client5.http.impl.classic.ExecChainElement.execute(ExecChainElement.java:51) ~[docker-java-transport-zerodep-3.2.12.jar:na]
	at com.github.dockerjava.zerodep.shaded.org.apache.hc.client5.http.impl.classic.ExecChainElement$1.proceed(ExecChainElement.java:57) ~[docker-java-transport-zerodep-3.2.12.jar:na]
	at com.github.dockerjava.zerodep.shaded.org.apache.hc.client5.http.impl.classic.HttpRequestRetryExec.execute(HttpRequestRetryExec.java:93) ~[docker-java-transport-zerodep-3.2.12.jar:na]
	at com.github.dockerjava.zerodep.shaded.org.apache.hc.client5.http.impl.classic.ExecChainElement.execute(ExecChainElement.java:51) ~[docker-java-transport-zerodep-3.2.12.jar:na]
	at com.github.dockerjava.zerodep.shaded.org.apache.hc.client5.http.impl.classic.ExecChainElement$1.proceed(ExecChainElement.java:57) ~[docker-java-transport-zerodep-3.2.12.jar:na]
	at com.github.dockerjava.zerodep.shaded.org.apache.hc.client5.http.impl.classic.ContentCompressionExec.execute(ContentCompressionExec.java:128) ~[docker-java-transport-zerodep-3.2.12.jar:na]
	at com.github.dockerjava.zerodep.shaded.org.apache.hc.client5.http.impl.classic.ExecChainElement.execute(ExecChainElement.java:51) ~[docker-java-transport-zerodep-3.2.12.jar:na]
	at com.github.dockerjava.zerodep.shaded.org.apache.hc.client5.http.impl.classic.ExecChainElement$1.proceed(ExecChainElement.java:57) ~[docker-java-transport-zerodep-3.2.12.jar:na]
	at com.github.dockerjava.zerodep.shaded.org.apache.hc.client5.http.impl.classic.RedirectExec.execute(RedirectExec.java:116) ~[docker-java-transport-zerodep-3.2.12.jar:na]
	at com.github.dockerjava.zerodep.shaded.org.apache.hc.client5.http.impl.classic.ExecChainElement.execute(ExecChainElement.java:51) ~[docker-java-transport-zerodep-3.2.12.jar:na]
	at com.github.dockerjava.zerodep.shaded.org.apache.hc.client5.http.impl.classic.InternalHttpClient.doExecute(InternalHttpClient.java:178) ~[docker-java-transport-zerodep-3.2.12.jar:na]
	at com.github.dockerjava.zerodep.shaded.org.apache.hc.client5.http.impl.classic.CloseableHttpClient.execute(CloseableHttpClient.java:67) ~[docker-java-transport-zerodep-3.2.12.jar:na]
	at com.github.dockerjava.zerodep.ApacheDockerHttpClientImpl.execute(ApacheDockerHttpClientImpl.java:183) ~[docker-java-transport-zerodep-3.2.12.jar:na]
	at com.github.dockerjava.zerodep.ZerodepDockerHttpClient.execute(ZerodepDockerHttpClient.java:8) ~[docker-java-transport-zerodep-3.2.12.jar:na]
	at org.testcontainers.shaded.com.github.dockerjava.core.DefaultInvocationBuilder.execute(DefaultInvocationBuilder.java:228) ~[testcontainers-1.16.3.jar:na]
	at org.testcontainers.shaded.com.github.dockerjava.core.DefaultInvocationBuilder.get(DefaultInvocationBuilder.java:202) ~[testcontainers-1.16.3.jar:na]
	at org.testcontainers.shaded.com.github.dockerjava.core.DefaultInvocationBuilder.get(DefaultInvocationBuilder.java:74) ~[testcontainers-1.16.3.jar:na]
	at org.testcontainers.shaded.com.github.dockerjava.core.exec.InfoCmdExec.exec(InfoCmdExec.java:24) ~[testcontainers-1.16.3.jar:na]
	at org.testcontainers.shaded.com.github.dockerjava.core.exec.InfoCmdExec.exec(InfoCmdExec.java:14) ~[testcontainers-1.16.3.jar:na]
	at org.testcontainers.shaded.com.github.dockerjava.core.command.AbstrDockerCmd.exec(AbstrDockerCmd.java:35) ~[testcontainers-1.16.3.jar:na]
	at org.testcontainers.dockerclient.DockerClientProviderStrategy.lambda$null$5(DockerClientProviderStrategy.java:170) ~[testcontainers-1.16.3.jar:na]
	at org.rnorth.ducttape.ratelimits.RateLimiter.getWhenReady(RateLimiter.java:51) ~[duct-tape-1.0.8.jar:na]
	at org.testcontainers.dockerclient.DockerClientProviderStrategy.lambda$tryOutStrategy$6(DockerClientProviderStrategy.java:168) ~[testcontainers-1.16.3.jar:na]
	at org.rnorth.ducttape.unreliables.Unreliables.lambda$retryUntilSuccess$0(Unreliables.java:43) ~[duct-tape-1.0.8.jar:na]
	at java.base/java.util.concurrent.FutureTask.run(FutureTask.java:264) ~[na:na]
	at java.base/java.util.concurrent.ThreadPoolExecutor.runWorker(ThreadPoolExecutor.java:1128) ~[na:na]
	at java.base/java.util.concurrent.ThreadPoolExecutor$Worker.run(ThreadPoolExecutor.java:628) ~[na:na]
	at java.base/java.lang.Thread.run(Thread.java:829) ~[na:na]
Caused by: com.sun.jna.LastErrorException: [13] Permission denied
	at com.github.dockerjava.transport.LinuxDomainSocket.connect(Native Method) ~[docker-java-transport-3.2.12.jar:na]
	at com.github.dockerjava.transport.LinuxDomainSocket.connect(LinuxDomainSocket.java:49) ~[docker-java-transport-3.2.12.jar:na]
	at com.github.dockerjava.transport.DomainSocket.open(DomainSocket.java:69) ~[docker-java-transport-3.2.12.jar:na]
	at com.github.dockerjava.transport.DomainSocket.&lt;init&gt;(DomainSocket.java:59) ~[docker-java-transport-3.2.12.jar:na]
	... 40 common frames omitted
20:18:50.998 [ducttape-0] INFO  c.g.d.z.s.o.a.h.c.h.i.c.HttpRequestRetryExec - Recoverable I/O exception (java.io.IOException) caught when processing request to {}-&gt;unix://localhost:2375
20:18:50.999 [ducttape-0] DEBUG c.g.d.z.s.o.a.h.c.h.p.RequestAddCookies - Cookie spec selected: strict
20:18:50.999 [ducttape-0] DEBUG c.g.d.z.s.o.a.h.c.h.p.RequestAuthCache - Auth cache not set in the context
20:18:50.999 [ducttape-0] DEBUG c.g.d.z.s.o.a.h.c.h.i.c.ProtocolExec - ex-0000000C: target auth state: UNCHALLENGED
20:18:50.999 [ducttape-0] DEBUG c.g.d.z.s.o.a.h.c.h.i.c.ProtocolExec - ex-0000000C: proxy auth state: UNCHALLENGED
20:18:50.999 [ducttape-0] DEBUG c.g.d.z.s.o.a.h.c.h.i.c.ConnectExec - ex-0000000C: acquiring connection with route {}-&gt;unix://localhost:2375
20:18:50.999 [ducttape-0] DEBUG c.g.d.z.s.o.a.h.c.h.i.c.InternalHttpClient - ex-0000000C: acquiring endpoint (3 MINUTES)
20:18:50.999 [ducttape-0] DEBUG c.g.d.z.s.o.a.h.c.h.i.i.PoolingHttpClientConnectionManager - ex-0000000C: endpoint lease request (3 MINUTES) [route: {}-&gt;unix://localhost:2375][total available: 0; route allocated: 0 of 2147483647; total allocated: 0 of 2147483647]
20:18:50.999 [ducttape-0] DEBUG c.g.d.z.s.o.a.h.c.h.i.i.PoolingHttpClientConnectionManager - ex-0000000C: endpoint leased [route: {}-&gt;unix://localhost:2375][total available: 0; route allocated: 1 of 2147483647; total allocated: 1 of 2147483647]
20:18:50.999 [ducttape-0] DEBUG c.g.d.z.s.o.a.h.c.h.i.i.PoolingHttpClientConnectionManager - ex-0000000C: acquired ep-00000017
20:18:50.999 [ducttape-0] DEBUG c.g.d.z.s.o.a.h.c.h.i.c.InternalHttpClient - ex-0000000C: acquired endpoint ep-00000017
20:18:50.999 [ducttape-0] DEBUG c.g.d.z.s.o.a.h.c.h.i.c.ConnectExec - ex-0000000C: opening connection {}-&gt;unix://localhost:2375
20:18:50.999 [ducttape-0] DEBUG c.g.d.z.s.o.a.h.c.h.i.c.InternalHttpClient - ep-00000017: connecting endpoint (3 MINUTES)
20:18:50.999 [ducttape-0] DEBUG c.g.d.z.s.o.a.h.c.h.i.i.PoolingHttpClientConnectionManager - ep-00000017: connecting endpoint to unix://localhost:2375 (3 MINUTES)
20:18:51.009 [ducttape-0] DEBUG c.g.d.z.s.o.a.h.c.h.i.i.DefaultManagedHttpClientConnection - http-outgoing-23: close connection IMMEDIATE
20:18:51.011 [ducttape-0] DEBUG c.g.d.z.s.o.a.h.c.h.i.c.InternalHttpClient - ep-00000017: endpoint closed
20:18:51.011 [ducttape-0] DEBUG c.g.d.z.s.o.a.h.c.h.i.c.InternalHttpClient - ep-00000017: discarding endpoint
20:18:51.012 [ducttape-0] DEBUG c.g.d.z.s.o.a.h.c.h.i.i.PoolingHttpClientConnectionManager - ep-00000017: releasing endpoint
20:18:51.012 [ducttape-0] DEBUG c.g.d.z.s.o.a.h.c.h.i.i.PoolingHttpClientConnectionManager - ep-00000017: connection is not kept alive
20:18:51.012 [ducttape-0] DEBUG c.g.d.z.s.o.a.h.c.h.i.i.PoolingHttpClientConnectionManager - ep-00000017: connection released [route: {}-&gt;unix://localhost:2375][total available: 0; route allocated: 0 of 2147483647; total allocated: 0 of 2147483647]
20:18:51.112 [ducttape-0] DEBUG o.t.d.DockerClientProviderStrategy - Pinging docker daemon...
20:18:51.113 [ducttape-0] DEBUG o.t.s.c.g.d.c.command.AbstrDockerCmd - Cmd: 
20:18:51.114 [ducttape-0] DEBUG c.g.d.z.s.o.a.h.c.h.i.c.InternalHttpClient - ex-0000000D: preparing request execution
20:18:51.114 [ducttape-0] DEBUG c.g.d.z.s.o.a.h.c.h.p.RequestAddCookies - Cookie spec selected: strict
20:18:51.114 [ducttape-0] DEBUG c.g.d.z.s.o.a.h.c.h.p.RequestAuthCache - Auth cache not set in the context
20:18:51.114 [ducttape-0] DEBUG c.g.d.z.s.o.a.h.c.h.i.c.ProtocolExec - ex-0000000D: target auth state: UNCHALLENGED
20:18:51.115 [ducttape-0] DEBUG c.g.d.z.s.o.a.h.c.h.i.c.ProtocolExec - ex-0000000D: proxy auth state: UNCHALLENGED
20:18:51.115 [ducttape-0] DEBUG c.g.d.z.s.o.a.h.c.h.i.c.ConnectExec - ex-0000000D: acquiring connection with route {}-&gt;unix://localhost:2375
20:18:51.115 [ducttape-0] DEBUG c.g.d.z.s.o.a.h.c.h.i.c.InternalHttpClient - ex-0000000D: acquiring endpoint (3 MINUTES)
20:18:51.116 [ducttape-0] DEBUG c.g.d.z.s.o.a.h.c.h.i.i.PoolingHttpClientConnectionManager - ex-0000000D: endpoint lease request (3 MINUTES) [route: {}-&gt;unix://localhost:2375][total available: 0; route allocated: 0 of 2147483647; total allocated: 0 of 2147483647]
20:18:51.117 [ducttape-0] DEBUG c.g.d.z.s.o.a.h.c.h.i.i.PoolingHttpClientConnectionManager - ex-0000000D: endpoint leased [route: {}-&gt;unix://localhost:2375][total available: 0; route allocated: 1 of 2147483647; total allocated: 1 of 2147483647]
20:18:51.119 [ducttape-0] DEBUG c.g.d.z.s.o.a.h.c.h.i.i.PoolingHttpClientConnectionManager - ex-0000000D: acquired ep-00000018
20:18:51.119 [ducttape-0] DEBUG c.g.d.z.s.o.a.h.c.h.i.c.InternalHttpClient - ex-0000000D: acquired endpoint ep-00000018
20:18:51.120 [ducttape-0] DEBUG c.g.d.z.s.o.a.h.c.h.i.c.ConnectExec - ex-0000000D: opening connection {}-&gt;unix://localhost:2375
20:18:51.120 [ducttape-0] DEBUG c.g.d.z.s.o.a.h.c.h.i.c.InternalHttpClient - ep-00000018: connecting endpoint (3 MINUTES)
20:18:51.120 [ducttape-0] DEBUG c.g.d.z.s.o.a.h.c.h.i.i.PoolingHttpClientConnectionManager - ep-00000018: connecting endpoint to unix://localhost:2375 (3 MINUTES)
20:18:51.122 [ducttape-0] DEBUG c.g.d.z.s.o.a.h.c.h.i.i.DefaultManagedHttpClientConnection - http-outgoing-24: close connection IMMEDIATE
20:18:51.125 [ducttape-0] DEBUG c.g.d.z.s.o.a.h.c.h.i.c.InternalHttpClient - ep-00000018: endpoint closed
20:18:51.126 [ducttape-0] DEBUG c.g.d.z.s.o.a.h.c.h.i.c.InternalHttpClient - ep-00000018: discarding endpoint
20:18:51.126 [ducttape-0] DEBUG c.g.d.z.s.o.a.h.c.h.i.i.PoolingHttpClientConnectionManager - ep-00000018: releasing endpoint
20:18:51.126 [ducttape-0] DEBUG c.g.d.z.s.o.a.h.c.h.i.i.PoolingHttpClientConnectionManager - ep-00000018: connection is not kept alive
20:18:51.126 [ducttape-0] DEBUG c.g.d.z.s.o.a.h.c.h.i.i.PoolingHttpClientConnectionManager - ep-00000018: connection released [route: {}-&gt;unix://localhost:2375][total available: 0; route allocated: 0 of 2147483647; total allocated: 0 of 2147483647]
20:18:51.127 [ducttape-0] DEBUG c.g.d.z.s.o.a.h.c.h.i.c.HttpRequestRetryExec - ex-0000000D: com.sun.jna.LastErrorException: [13] Permission denied
java.io.IOException: com.sun.jna.LastErrorException: [13] Permission denied
	at com.github.dockerjava.transport.DomainSocket.&lt;init&gt;(DomainSocket.java:63) ~[docker-java-transport-3.2.12.jar:na]
	at com.github.dockerjava.transport.LinuxDomainSocket.&lt;init&gt;(LinuxDomainSocket.java:41) ~[docker-java-transport-3.2.12.jar:na]
	at com.github.dockerjava.transport.DomainSocket.get(DomainSocket.java:140) ~[docker-java-transport-3.2.12.jar:na]
	at com.github.dockerjava.transport.UnixSocket.get(UnixSocket.java:27) ~[docker-java-transport-3.2.12.jar:na]
	at com.github.dockerjava.zerodep.ApacheDockerHttpClientImpl$2.createSocket(ApacheDockerHttpClientImpl.java:145) ~[docker-java-transport-zerodep-3.2.12.jar:na]
	at com.github.dockerjava.zerodep.shaded.org.apache.hc.client5.http.impl.io.DefaultHttpClientConnectionOperator.connect(DefaultHttpClientConnectionOperator.java:125) ~[docker-java-transport-zerodep-3.2.12.jar:na]
	at com.github.dockerjava.zerodep.shaded.org.apache.hc.client5.http.impl.io.PoolingHttpClientConnectionManager.connect(PoolingHttpClientConnectionManager.java:409) ~[docker-java-transport-zerodep-3.2.12.jar:na]
	at com.github.dockerjava.zerodep.shaded.org.apache.hc.client5.http.impl.classic.InternalExecRuntime.connectEndpoint(InternalExecRuntime.java:164) ~[docker-java-transport-zerodep-3.2.12.jar:na]
	at com.github.dockerjava.zerodep.shaded.org.apache.hc.client5.http.impl.classic.InternalExecRuntime.connectEndpoint(InternalExecRuntime.java:174) ~[docker-java-transport-zerodep-3.2.12.jar:na]
	at com.github.dockerjava.zerodep.shaded.org.apache.hc.client5.http.impl.classic.ConnectExec.execute(ConnectExec.java:135) ~[docker-java-transport-zerodep-3.2.12.jar:na]
	at com.github.dockerjava.zerodep.shaded.org.apache.hc.client5.http.impl.classic.ExecChainElement.execute(ExecChainElement.java:51) ~[docker-java-transport-zerodep-3.2.12.jar:na]
	at com.github.dockerjava.zerodep.shaded.org.apache.hc.client5.http.impl.classic.ExecChainElement$1.proceed(ExecChainElement.java:57) ~[docker-java-transport-zerodep-3.2.12.jar:na]
	at com.github.dockerjava.zerodep.shaded.org.apache.hc.client5.http.impl.classic.ProtocolExec.execute(ProtocolExec.java:172) ~[docker-java-transport-zerodep-3.2.12.jar:na]
	at com.github.dockerjava.zerodep.shaded.org.apache.hc.client5.http.impl.classic.ExecChainElement.execute(ExecChainElement.java:51) ~[docker-java-transport-zerodep-3.2.12.jar:na]
	at com.github.dockerjava.zerodep.shaded.org.apache.hc.client5.http.impl.classic.ExecChainElement$1.proceed(ExecChainElement.java:57) ~[docker-java-transport-zerodep-3.2.12.jar:na]
	at com.github.dockerjava.zerodep.shaded.org.apache.hc.client5.http.impl.classic.HttpRequestRetryExec.execute(HttpRequestRetryExec.java:93) ~[docker-java-transport-zerodep-3.2.12.jar:na]
	at com.github.dockerjava.zerodep.shaded.org.apache.hc.client5.http.impl.classic.ExecChainElement.execute(ExecChainElement.java:51) ~[docker-java-transport-zerodep-3.2.12.jar:na]
	at com.github.dockerjava.zerodep.shaded.org.apache.hc.client5.http.impl.classic.ExecChainElement$1.proceed(ExecChainElement.java:57) ~[docker-java-transport-zerodep-3.2.12.jar:na]
	at com.github.dockerjava.zerodep.shaded.org.apache.hc.client5.http.impl.classic.ContentCompressionExec.execute(ContentCompressionExec.java:128) ~[docker-java-transport-zerodep-3.2.12.jar:na]
	at com.github.dockerjava.zerodep.shaded.org.apache.hc.client5.http.impl.classic.ExecChainElement.execute(ExecChainElement.java:51) ~[docker-java-transport-zerodep-3.2.12.jar:na]
	at com.github.dockerjava.zerodep.shaded.org.apache.hc.client5.http.impl.classic.ExecChainElement$1.proceed(ExecChainElement.java:57) ~[docker-java-transport-zerodep-3.2.12.jar:na]
	at com.github.dockerjava.zerodep.shaded.org.apache.hc.client5.http.impl.classic.RedirectExec.execute(RedirectExec.java:116) ~[docker-java-transport-zerodep-3.2.12.jar:na]
	at com.github.dockerjava.zerodep.shaded.org.apache.hc.client5.http.impl.classic.ExecChainElement.execute(ExecChainElement.java:51) ~[docker-java-transport-zerodep-3.2.12.jar:na]
	at com.github.dockerjava.zerodep.shaded.org.apache.hc.client5.http.impl.classic.InternalHttpClient.doExecute(InternalHttpClient.java:178) ~[docker-java-transport-zerodep-3.2.12.jar:na]
	at com.github.dockerjava.zerodep.shaded.org.apache.hc.client5.http.impl.classic.CloseableHttpClient.execute(CloseableHttpClient.java:67) ~[docker-java-transport-zerodep-3.2.12.jar:na]
	at com.github.dockerjava.zerodep.ApacheDockerHttpClientImpl.execute(ApacheDockerHttpClientImpl.java:183) ~[docker-java-transport-zerodep-3.2.12.jar:na]
	at com.github.dockerjava.zerodep.ZerodepDockerHttpClient.execute(ZerodepDockerHttpClient.java:8) ~[docker-java-transport-zerodep-3.2.12.jar:na]
	at org.testcontainers.shaded.com.github.dockerjava.core.DefaultInvocationBuilder.execute(DefaultInvocationBuilder.java:228) ~[testcontainers-1.16.3.jar:na]
	at org.testcontainers.shaded.com.github.dockerjava.core.DefaultInvocationBuilder.get(DefaultInvocationBuilder.java:202) ~[testcontainers-1.16.3.jar:na]
	at org.testcontainers.shaded.com.github.dockerjava.core.DefaultInvocationBuilder.get(DefaultInvocationBuilder.java:74) ~[testcontainers-1.16.3.jar:na]
	at org.testcontainers.shaded.com.github.dockerjava.core.exec.InfoCmdExec.exec(InfoCmdExec.java:24) ~[testcontainers-1.16.3.jar:na]
	at org.testcontainers.shaded.com.github.dockerjava.core.exec.InfoCmdExec.exec(InfoCmdExec.java:14) ~[testcontainers-1.16.3.jar:na]
	at org.testcontainers.shaded.com.github.dockerjava.core.command.AbstrDockerCmd.exec(AbstrDockerCmd.java:35) ~[testcontainers-1.16.3.jar:na]
	at org.testcontainers.dockerclient.DockerClientProviderStrategy.lambda$null$5(DockerClientProviderStrategy.java:170) ~[testcontainers-1.16.3.jar:na]
	at org.rnorth.ducttape.ratelimits.RateLimiter.getWhenReady(RateLimiter.java:51) ~[duct-tape-1.0.8.jar:na]
	at org.testcontainers.dockerclient.DockerClientProviderStrategy.lambda$tryOutStrategy$6(DockerClientProviderStrategy.java:168) ~[testcontainers-1.16.3.jar:na]
	at org.rnorth.ducttape.unreliables.Unreliables.lambda$retryUntilSuccess$0(Unreliables.java:43) ~[duct-tape-1.0.8.jar:na]
	at java.base/java.util.concurrent.FutureTask.run(FutureTask.java:264) ~[na:na]
	at java.base/java.util.concurrent.ThreadPoolExecutor.runWorker(ThreadPoolExecutor.java:1128) ~[na:na]
	at java.base/java.util.concurrent.ThreadPoolExecutor$Worker.run(ThreadPoolExecutor.java:628) ~[na:na]
	at java.base/java.lang.Thread.run(Thread.java:829) ~[na:na]
Caused by: com.sun.jna.LastErrorException: [13] Permission denied
	at com.github.dockerjava.transport.LinuxDomainSocket.connect(Native Method) ~[docker-java-transport-3.2.12.jar:na]
	at com.github.dockerjava.transport.LinuxDomainSocket.connect(LinuxDomainSocket.java:49) ~[docker-java-transport-3.2.12.jar:na]
	at com.github.dockerjava.transport.DomainSocket.open(DomainSocket.java:69) ~[docker-java-transport-3.2.12.jar:na]
	at com.github.dockerjava.transport.DomainSocket.&lt;init&gt;(DomainSocket.java:59) ~[docker-java-transport-3.2.12.jar:na]
	... 40 common frames omitted
20:18:51.130 [ducttape-0] INFO  c.g.d.z.s.o.a.h.c.h.i.c.HttpRequestRetryExec - Recoverable I/O exception (java.io.IOException) caught when processing request to {}-&gt;unix://localhost:2375
20:18:51.130 [ducttape-0] DEBUG c.g.d.z.s.o.a.h.c.h.p.RequestAddCookies - Cookie spec selected: strict
20:18:51.130 [ducttape-0] DEBUG c.g.d.z.s.o.a.h.c.h.p.RequestAuthCache - Auth cache not set in the context
20:18:51.130 [ducttape-0] DEBUG c.g.d.z.s.o.a.h.c.h.i.c.ProtocolExec - ex-0000000D: target auth state: UNCHALLENGED
20:18:51.130 [ducttape-0] DEBUG c.g.d.z.s.o.a.h.c.h.i.c.ProtocolExec - ex-0000000D: proxy auth state: UNCHALLENGED
20:18:51.130 [ducttape-0] DEBUG c.g.d.z.s.o.a.h.c.h.i.c.ConnectExec - ex-0000000D: acquiring connection with route {}-&gt;unix://localhost:2375
20:18:51.130 [ducttape-0] DEBUG c.g.d.z.s.o.a.h.c.h.i.c.InternalHttpClient - ex-0000000D: acquiring endpoint (3 MINUTES)
20:18:51.130 [ducttape-0] DEBUG c.g.d.z.s.o.a.h.c.h.i.i.PoolingHttpClientConnectionManager - ex-0000000D: endpoint lease request (3 MINUTES) [route: {}-&gt;unix://localhost:2375][total available: 0; route allocated: 0 of 2147483647; total allocated: 0 of 2147483647]
20:18:51.132 [ducttape-0] DEBUG c.g.d.z.s.o.a.h.c.h.i.i.PoolingHttpClientConnectionManager - ex-0000000D: endpoint leased [route: {}-&gt;unix://localhost:2375][total available: 0; route allocated: 1 of 2147483647; total allocated: 1 of 2147483647]
20:18:51.133 [ducttape-0] DEBUG c.g.d.z.s.o.a.h.c.h.i.i.PoolingHttpClientConnectionManager - ex-0000000D: acquired ep-00000019
20:18:51.133 [ducttape-0] DEBUG c.g.d.z.s.o.a.h.c.h.i.c.InternalHttpClient - ex-0000000D: acquired endpoint ep-00000019
20:18:51.133 [ducttape-0] DEBUG c.g.d.z.s.o.a.h.c.h.i.c.ConnectExec - ex-0000000D: opening connection {}-&gt;unix://localhost:2375
20:18:51.133 [ducttape-0] DEBUG c.g.d.z.s.o.a.h.c.h.i.c.InternalHttpClient - ep-00000019: connecting endpoint (3 MINUTES)
20:18:51.133 [ducttape-0] DEBUG c.g.d.z.s.o.a.h.c.h.i.i.PoolingHttpClientConnectionManager - ep-00000019: connecting endpoint to unix://localhost:2375 (3 MINUTES)
20:18:51.133 [ducttape-0] DEBUG c.g.d.z.s.o.a.h.c.h.i.i.DefaultManagedHttpClientConnection - http-outgoing-25: close connection IMMEDIATE
20:18:51.136 [ducttape-0] DEBUG c.g.d.z.s.o.a.h.c.h.i.c.InternalHttpClient - ep-00000019: endpoint closed
20:18:51.136 [ducttape-0] DEBUG c.g.d.z.s.o.a.h.c.h.i.c.InternalHttpClient - ep-00000019: discarding endpoint
20:18:51.136 [ducttape-0] DEBUG c.g.d.z.s.o.a.h.c.h.i.i.PoolingHttpClientConnectionManager - ep-00000019: releasing endpoint
20:18:51.137 [ducttape-0] DEBUG c.g.d.z.s.o.a.h.c.h.i.i.PoolingHttpClientConnectionManager - ep-00000019: connection is not kept alive
20:18:51.137 [ducttape-0] DEBUG c.g.d.z.s.o.a.h.c.h.i.i.PoolingHttpClientConnectionManager - ep-00000019: connection released [route: {}-&gt;unix://localhost:2375][total available: 0; route allocated: 0 of 2147483647; total allocated: 0 of 2147483647]
20:18:51.237 [ducttape-0] DEBUG o.t.d.DockerClientProviderStrategy - Pinging docker daemon...
20:18:51.238 [ducttape-0] DEBUG o.t.s.c.g.d.c.command.AbstrDockerCmd - Cmd: 
20:18:51.238 [ducttape-0] DEBUG c.g.d.z.s.o.a.h.c.h.i.c.InternalHttpClient - ex-0000000E: preparing request execution
20:18:51.238 [ducttape-0] DEBUG c.g.d.z.s.o.a.h.c.h.p.RequestAddCookies - Cookie spec selected: strict
20:18:51.239 [ducttape-0] DEBUG c.g.d.z.s.o.a.h.c.h.p.RequestAuthCache - Auth cache not set in the context
20:18:51.239 [ducttape-0] DEBUG c.g.d.z.s.o.a.h.c.h.i.c.ProtocolExec - ex-0000000E: target auth state: UNCHALLENGED
20:18:51.239 [ducttape-0] DEBUG c.g.d.z.s.o.a.h.c.h.i.c.ProtocolExec - ex-0000000E: proxy auth state: UNCHALLENGED
20:18:51.239 [ducttape-0] DEBUG c.g.d.z.s.o.a.h.c.h.i.c.ConnectExec - ex-0000000E: acquiring connection with route {}-&gt;unix://localhost:2375
20:18:51.239 [ducttape-0] DEBUG c.g.d.z.s.o.a.h.c.h.i.c.InternalHttpClient - ex-0000000E: acquiring endpoint (3 MINUTES)
20:18:51.239 [ducttape-0] DEBUG c.g.d.z.s.o.a.h.c.h.i.i.PoolingHttpClientConnectionManager - ex-0000000E: endpoint lease request (3 MINUTES) [route: {}-&gt;unix://localhost:2375][total available: 0; route allocated: 0 of 2147483647; total allocated: 0 of 2147483647]
20:18:51.246 [ducttape-0] DEBUG c.g.d.z.s.o.a.h.c.h.i.i.PoolingHttpClientConnectionManager - ex-0000000E: endpoint leased [route: {}-&gt;unix://localhost:2375][total available: 0; route allocated: 1 of 2147483647; total allocated: 1 of 2147483647]
20:18:51.249 [ducttape-0] DEBUG c.g.d.z.s.o.a.h.c.h.i.i.PoolingHttpClientConnectionManager - ex-0000000E: acquired ep-0000001A
20:18:51.249 [ducttape-0] DEBUG c.g.d.z.s.o.a.h.c.h.i.c.InternalHttpClient - ex-0000000E: acquired endpoint ep-0000001A
20:18:51.249 [ducttape-0] DEBUG c.g.d.z.s.o.a.h.c.h.i.c.ConnectExec - ex-0000000E: opening connection {}-&gt;unix://localhost:2375
20:18:51.249 [ducttape-0] DEBUG c.g.d.z.s.o.a.h.c.h.i.c.InternalHttpClient - ep-0000001A: connecting endpoint (3 MINUTES)
20:18:51.250 [ducttape-0] DEBUG c.g.d.z.s.o.a.h.c.h.i.i.PoolingHttpClientConnectionManager - ep-0000001A: connecting endpoint to unix://localhost:2375 (3 MINUTES)
20:18:51.252 [ducttape-0] DEBUG c.g.d.z.s.o.a.h.c.h.i.i.DefaultManagedHttpClientConnection - http-outgoing-26: close connection IMMEDIATE
20:18:51.253 [ducttape-0] DEBUG c.g.d.z.s.o.a.h.c.h.i.c.InternalHttpClient - ep-0000001A: endpoint closed
20:18:51.253 [ducttape-0] DEBUG c.g.d.z.s.o.a.h.c.h.i.c.InternalHttpClient - ep-0000001A: discarding endpoint
20:18:51.253 [ducttape-0] DEBUG c.g.d.z.s.o.a.h.c.h.i.i.PoolingHttpClientConnectionManager - ep-0000001A: releasing endpoint
20:18:51.253 [ducttape-0] DEBUG c.g.d.z.s.o.a.h.c.h.i.i.PoolingHttpClientConnectionManager - ep-0000001A: connection is not kept alive
20:18:51.253 [ducttape-0] DEBUG c.g.d.z.s.o.a.h.c.h.i.i.PoolingHttpClientConnectionManager - ep-0000001A: connection released [route: {}-&gt;unix://localhost:2375][total available: 0; route allocated: 0 of 2147483647; total allocated: 0 of 2147483647]
20:18:51.258 [ducttape-0] DEBUG c.g.d.z.s.o.a.h.c.h.i.c.HttpRequestRetryExec - ex-0000000E: com.sun.jna.LastErrorException: [13] Permission denied
java.io.IOException: com.sun.jna.LastErrorException: [13] Permission denied
	at com.github.dockerjava.transport.DomainSocket.&lt;init&gt;(DomainSocket.java:63) ~[docker-java-transport-3.2.12.jar:na]
	at com.github.dockerjava.transport.LinuxDomainSocket.&lt;init&gt;(LinuxDomainSocket.java:41) ~[docker-java-transport-3.2.12.jar:na]
	at com.github.dockerjava.transport.DomainSocket.get(DomainSocket.java:140) ~[docker-java-transport-3.2.12.jar:na]
	at com.github.dockerjava.transport.UnixSocket.get(UnixSocket.java:27) ~[docker-java-transport-3.2.12.jar:na]
	at com.github.dockerjava.zerodep.ApacheDockerHttpClientImpl$2.createSocket(ApacheDockerHttpClientImpl.java:145) ~[docker-java-transport-zerodep-3.2.12.jar:na]
	at com.github.dockerjava.zerodep.shaded.org.apache.hc.client5.http.impl.io.DefaultHttpClientConnectionOperator.connect(DefaultHttpClientConnectionOperator.java:125) ~[docker-java-transport-zerodep-3.2.12.jar:na]
	at com.github.dockerjava.zerodep.shaded.org.apache.hc.client5.http.impl.io.PoolingHttpClientConnectionManager.connect(PoolingHttpClientConnectionManager.java:409) ~[docker-java-transport-zerodep-3.2.12.jar:na]
	at com.github.dockerjava.zerodep.shaded.org.apache.hc.client5.http.impl.classic.InternalExecRuntime.connectEndpoint(InternalExecRuntime.java:164) ~[docker-java-transport-zerodep-3.2.12.jar:na]
	at com.github.dockerjava.zerodep.shaded.org.apache.hc.client5.http.impl.classic.InternalExecRuntime.connectEndpoint(InternalExecRuntime.java:174) ~[docker-java-transport-zerodep-3.2.12.jar:na]
	at com.github.dockerjava.zerodep.shaded.org.apache.hc.client5.http.impl.classic.ConnectExec.execute(ConnectExec.java:135) ~[docker-java-transport-zerodep-3.2.12.jar:na]
	at com.github.dockerjava.zerodep.shaded.org.apache.hc.client5.http.impl.classic.ExecChainElement.execute(ExecChainElement.java:51) ~[docker-java-transport-zerodep-3.2.12.jar:na]
	at com.github.dockerjava.zerodep.shaded.org.apache.hc.client5.http.impl.classic.ExecChainElement$1.proceed(ExecChainElement.java:57) ~[docker-java-transport-zerodep-3.2.12.jar:na]
	at com.github.dockerjava.zerodep.shaded.org.apache.hc.client5.http.impl.classic.ProtocolExec.execute(ProtocolExec.java:172) ~[docker-java-transport-zerodep-3.2.12.jar:na]
	at com.github.dockerjava.zerodep.shaded.org.apache.hc.client5.http.impl.classic.ExecChainElement.execute(ExecChainElement.java:51) ~[docker-java-transport-zerodep-3.2.12.jar:na]
	at com.github.dockerjava.zerodep.shaded.org.apache.hc.client5.http.impl.classic.ExecChainElement$1.proceed(ExecChainElement.java:57) ~[docker-java-transport-zerodep-3.2.12.jar:na]
	at com.github.dockerjava.zerodep.shaded.org.apache.hc.client5.http.impl.classic.HttpRequestRetryExec.execute(HttpRequestRetryExec.java:93) ~[docker-java-transport-zerodep-3.2.12.jar:na]
	at com.github.dockerjava.zerodep.shaded.org.apache.hc.client5.http.impl.classic.ExecChainElement.execute(ExecChainElement.java:51) ~[docker-java-transport-zerodep-3.2.12.jar:na]
	at com.github.dockerjava.zerodep.shaded.org.apache.hc.client5.http.impl.classic.ExecChainElement$1.proceed(ExecChainElement.java:57) ~[docker-java-transport-zerodep-3.2.12.jar:na]
	at com.github.dockerjava.zerodep.shaded.org.apache.hc.client5.http.impl.classic.ContentCompressionExec.execute(ContentCompressionExec.java:128) ~[docker-java-transport-zerodep-3.2.12.jar:na]
	at com.github.dockerjava.zerodep.shaded.org.apache.hc.client5.http.impl.classic.ExecChainElement.execute(ExecChainElement.java:51) ~[docker-java-transport-zerodep-3.2.12.jar:na]
	at com.github.dockerjava.zerodep.shaded.org.apache.hc.client5.http.impl.classic.ExecChainElement$1.proceed(ExecChainElement.java:57) ~[docker-java-transport-zerodep-3.2.12.jar:na]
	at com.github.dockerjava.zerodep.shaded.org.apache.hc.client5.http.impl.classic.RedirectExec.execute(RedirectExec.java:116) ~[docker-java-transport-zerodep-3.2.12.jar:na]
	at com.github.dockerjava.zerodep.shaded.org.apache.hc.client5.http.impl.classic.ExecChainElement.execute(ExecChainElement.java:51) ~[docker-java-transport-zerodep-3.2.12.jar:na]
	at com.github.dockerjava.zerodep.shaded.org.apache.hc.client5.http.impl.classic.InternalHttpClient.doExecute(InternalHttpClient.java:178) ~[docker-java-transport-zerodep-3.2.12.jar:na]
	at com.github.dockerjava.zerodep.shaded.org.apache.hc.client5.http.impl.classic.CloseableHttpClient.execute(CloseableHttpClient.java:67) ~[docker-java-transport-zerodep-3.2.12.jar:na]
	at com.github.dockerjava.zerodep.ApacheDockerHttpClientImpl.execute(ApacheDockerHttpClientImpl.java:183) ~[docker-java-transport-zerodep-3.2.12.jar:na]
	at com.github.dockerjava.zerodep.ZerodepDockerHttpClient.execute(ZerodepDockerHttpClient.java:8) ~[docker-java-transport-zerodep-3.2.12.jar:na]
	at org.testcontainers.shaded.com.github.dockerjava.core.DefaultInvocationBuilder.execute(DefaultInvocationBuilder.java:228) ~[testcontainers-1.16.3.jar:na]
	at org.testcontainers.shaded.com.github.dockerjava.core.DefaultInvocationBuilder.get(DefaultInvocationBuilder.java:202) ~[testcontainers-1.16.3.jar:na]
	at org.testcontainers.shaded.com.github.dockerjava.core.DefaultInvocationBuilder.get(DefaultInvocationBuilder.java:74) ~[testcontainers-1.16.3.jar:na]
	at org.testcontainers.shaded.com.github.dockerjava.core.exec.InfoCmdExec.exec(InfoCmdExec.java:24) ~[testcontainers-1.16.3.jar:na]
	at org.testcontainers.shaded.com.github.dockerjava.core.exec.InfoCmdExec.exec(InfoCmdExec.java:14) ~[testcontainers-1.16.3.jar:na]
	at org.testcontainers.shaded.com.github.dockerjava.core.command.AbstrDockerCmd.exec(AbstrDockerCmd.java:35) ~[testcontainers-1.16.3.jar:na]
	at org.testcontainers.dockerclient.DockerClientProviderStrategy.lambda$null$5(DockerClientProviderStrategy.java:170) ~[testcontainers-1.16.3.jar:na]
	at org.rnorth.ducttape.ratelimits.RateLimiter.getWhenReady(RateLimiter.java:51) ~[duct-tape-1.0.8.jar:na]
	at org.testcontainers.dockerclient.DockerClientProviderStrategy.lambda$tryOutStrategy$6(DockerClientProviderStrategy.java:168) ~[testcontainers-1.16.3.jar:na]
	at org.rnorth.ducttape.unreliables.Unreliables.lambda$retryUntilSuccess$0(Unreliables.java:43) ~[duct-tape-1.0.8.jar:na]
	at java.base/java.util.concurrent.FutureTask.run(FutureTask.java:264) ~[na:na]
	at java.base/java.util.concurrent.ThreadPoolExecutor.runWorker(ThreadPoolExecutor.java:1128) ~[na:na]
	at java.base/java.util.concurrent.ThreadPoolExecutor$Worker.run(ThreadPoolExecutor.java:628) ~[na:na]
	at java.base/java.lang.Thread.run(Thread.java:829) ~[na:na]
Caused by: com.sun.jna.LastErrorException: [13] Permission denied
	at com.github.dockerjava.transport.LinuxDomainSocket.connect(Native Method) ~[docker-java-transport-3.2.12.jar:na]
	at com.github.dockerjava.transport.LinuxDomainSocket.connect(LinuxDomainSocket.java:49) ~[docker-java-transport-3.2.12.jar:na]
	at com.github.dockerjava.transport.DomainSocket.open(DomainSocket.java:69) ~[docker-java-transport-3.2.12.jar:na]
	at com.github.dockerjava.transport.DomainSocket.&lt;init&gt;(DomainSocket.java:59) ~[docker-java-transport-3.2.12.jar:na]
	... 40 common frames omitted
20:18:51.262 [ducttape-0] INFO  c.g.d.z.s.o.a.h.c.h.i.c.HttpRequestRetryExec - Recoverable I/O exception (java.io.IOException) caught when processing request to {}-&gt;unix://localhost:2375
20:18:51.262 [ducttape-0] DEBUG c.g.d.z.s.o.a.h.c.h.p.RequestAddCookies - Cookie spec selected: strict
20:18:51.262 [ducttape-0] DEBUG c.g.d.z.s.o.a.h.c.h.p.RequestAuthCache - Auth cache not set in the context
20:18:51.262 [ducttape-0] DEBUG c.g.d.z.s.o.a.h.c.h.i.c.ProtocolExec - ex-0000000E: target auth state: UNCHALLENGED
20:18:51.262 [ducttape-0] DEBUG c.g.d.z.s.o.a.h.c.h.i.c.ProtocolExec - ex-0000000E: proxy auth state: UNCHALLENGED
20:18:51.262 [ducttape-0] DEBUG c.g.d.z.s.o.a.h.c.h.i.c.ConnectExec - ex-0000000E: acquiring connection with route {}-&gt;unix://localhost:2375
20:18:51.262 [ducttape-0] DEBUG c.g.d.z.s.o.a.h.c.h.i.c.InternalHttpClient - ex-0000000E: acquiring endpoint (3 MINUTES)
20:18:51.263 [ducttape-0] DEBUG c.g.d.z.s.o.a.h.c.h.i.i.PoolingHttpClientConnectionManager - ex-0000000E: endpoint lease request (3 MINUTES) [route: {}-&gt;unix://localhost:2375][total available: 0; route allocated: 0 of 2147483647; total allocated: 0 of 2147483647]
20:18:51.264 [ducttape-0] DEBUG c.g.d.z.s.o.a.h.c.h.i.i.PoolingHttpClientConnectionManager - ex-0000000E: endpoint leased [route: {}-&gt;unix://localhost:2375][total available: 0; route allocated: 1 of 2147483647; total allocated: 1 of 2147483647]
20:18:51.264 [ducttape-0] DEBUG c.g.d.z.s.o.a.h.c.h.i.i.PoolingHttpClientConnectionManager - ex-0000000E: acquired ep-0000001B
20:18:51.264 [ducttape-0] DEBUG c.g.d.z.s.o.a.h.c.h.i.c.InternalHttpClient - ex-0000000E: acquired endpoint ep-0000001B
20:18:51.264 [ducttape-0] DEBUG c.g.d.z.s.o.a.h.c.h.i.c.ConnectExec - ex-0000000E: opening connection {}-&gt;unix://localhost:2375
20:18:51.264 [ducttape-0] DEBUG c.g.d.z.s.o.a.h.c.h.i.c.InternalHttpClient - ep-0000001B: connecting endpoint (3 MINUTES)
20:18:51.264 [ducttape-0] DEBUG c.g.d.z.s.o.a.h.c.h.i.i.PoolingHttpClientConnectionManager - ep-0000001B: connecting endpoint to unix://localhost:2375 (3 MINUTES)
20:18:51.280 [ducttape-0] DEBUG c.g.d.z.s.o.a.h.c.h.i.i.DefaultManagedHttpClientConnection - http-outgoing-27: close connection IMMEDIATE
20:18:51.284 [ducttape-0] DEBUG c.g.d.z.s.o.a.h.c.h.i.c.InternalHttpClient - ep-0000001B: endpoint closed
20:18:51.284 [ducttape-0] DEBUG c.g.d.z.s.o.a.h.c.h.i.c.InternalHttpClient - ep-0000001B: discarding endpoint
20:18:51.284 [ducttape-0] DEBUG c.g.d.z.s.o.a.h.c.h.i.i.PoolingHttpClientConnectionManager - ep-0000001B: releasing endpoint
20:18:51.284 [ducttape-0] DEBUG c.g.d.z.s.o.a.h.c.h.i.i.PoolingHttpClientConnectionManager - ep-0000001B: connection is not kept alive
20:18:51.284 [ducttape-0] DEBUG c.g.d.z.s.o.a.h.c.h.i.i.PoolingHttpClientConnectionManager - ep-0000001B: connection released [route: {}-&gt;unix://localhost:2375][total available: 0; route allocated: 0 of 2147483647; total allocated: 0 of 2147483647]
20:18:51.385 [ducttape-0] DEBUG o.t.d.DockerClientProviderStrategy - Pinging docker daemon...
20:18:51.385 [ducttape-0] DEBUG o.t.s.c.g.d.c.command.AbstrDockerCmd - Cmd: 
20:18:51.385 [ducttape-0] DEBUG c.g.d.z.s.o.a.h.c.h.i.c.InternalHttpClient - ex-0000000F: preparing request execution
20:18:51.385 [ducttape-0] DEBUG c.g.d.z.s.o.a.h.c.h.p.RequestAddCookies - Cookie spec selected: strict
20:18:51.385 [ducttape-0] DEBUG c.g.d.z.s.o.a.h.c.h.p.RequestAuthCache - Auth cache not set in the context
20:18:51.385 [ducttape-0] DEBUG c.g.d.z.s.o.a.h.c.h.i.c.ProtocolExec - ex-0000000F: target auth state: UNCHALLENGED
20:18:51.385 [ducttape-0] DEBUG c.g.d.z.s.o.a.h.c.h.i.c.ProtocolExec - ex-0000000F: proxy auth state: UNCHALLENGED
20:18:51.385 [ducttape-0] DEBUG c.g.d.z.s.o.a.h.c.h.i.c.ConnectExec - ex-0000000F: acquiring connection with route {}-&gt;unix://localhost:2375
20:18:51.385 [ducttape-0] DEBUG c.g.d.z.s.o.a.h.c.h.i.c.InternalHttpClient - ex-0000000F: acquiring endpoint (3 MINUTES)
20:18:51.385 [ducttape-0] DEBUG c.g.d.z.s.o.a.h.c.h.i.i.PoolingHttpClientConnectionManager - ex-0000000F: endpoint lease request (3 MINUTES) [route: {}-&gt;unix://localhost:2375][total available: 0; route allocated: 0 of 2147483647; total allocated: 0 of 2147483647]
20:18:51.386 [ducttape-0] DEBUG c.g.d.z.s.o.a.h.c.h.i.i.PoolingHttpClientConnectionManager - ex-0000000F: endpoint leased [route: {}-&gt;unix://localhost:2375][total available: 0; route allocated: 1 of 2147483647; total allocated: 1 of 2147483647]
20:18:51.386 [ducttape-0] DEBUG c.g.d.z.s.o.a.h.c.h.i.i.PoolingHttpClientConnectionManager - ex-0000000F: acquired ep-0000001C
20:18:51.386 [ducttape-0] DEBUG c.g.d.z.s.o.a.h.c.h.i.c.InternalHttpClient - ex-0000000F: acquired endpoint ep-0000001C
20:18:51.386 [ducttape-0] DEBUG c.g.d.z.s.o.a.h.c.h.i.c.ConnectExec - ex-0000000F: opening connection {}-&gt;unix://localhost:2375
20:18:51.386 [ducttape-0] DEBUG c.g.d.z.s.o.a.h.c.h.i.c.InternalHttpClient - ep-0000001C: connecting endpoint (3 MINUTES)
20:18:51.386 [ducttape-0] DEBUG c.g.d.z.s.o.a.h.c.h.i.i.PoolingHttpClientConnectionManager - ep-0000001C: connecting endpoint to unix://localhost:2375 (3 MINUTES)
20:18:51.386 [ducttape-0] DEBUG c.g.d.z.s.o.a.h.c.h.i.i.DefaultManagedHttpClientConnection - http-outgoing-28: close connection IMMEDIATE
20:18:51.386 [ducttape-0] DEBUG c.g.d.z.s.o.a.h.c.h.i.c.InternalHttpClient - ep-0000001C: endpoint closed
20:18:51.386 [ducttape-0] DEBUG c.g.d.z.s.o.a.h.c.h.i.c.InternalHttpClient - ep-0000001C: discarding endpoint
20:18:51.386 [ducttape-0] DEBUG c.g.d.z.s.o.a.h.c.h.i.i.PoolingHttpClientConnectionManager - ep-0000001C: releasing endpoint
20:18:51.386 [ducttape-0] DEBUG c.g.d.z.s.o.a.h.c.h.i.i.PoolingHttpClientConnectionManager - ep-0000001C: connection is not kept alive
20:18:51.387 [ducttape-0] DEBUG c.g.d.z.s.o.a.h.c.h.i.i.PoolingHttpClientConnectionManager - ep-0000001C: connection released [route: {}-&gt;unix://localhost:2375][total available: 0; route allocated: 0 of 2147483647; total allocated: 0 of 2147483647]
20:18:51.387 [ducttape-0] DEBUG c.g.d.z.s.o.a.h.c.h.i.c.HttpRequestRetryExec - ex-0000000F: com.sun.jna.LastErrorException: [13] Permission denied
java.io.IOException: com.sun.jna.LastErrorException: [13] Permission denied
	at com.github.dockerjava.transport.DomainSocket.&lt;init&gt;(DomainSocket.java:63) ~[docker-java-transport-3.2.12.jar:na]
	at com.github.dockerjava.transport.LinuxDomainSocket.&lt;init&gt;(LinuxDomainSocket.java:41) ~[docker-java-transport-3.2.12.jar:na]
	at com.github.dockerjava.transport.DomainSocket.get(DomainSocket.java:140) ~[docker-java-transport-3.2.12.jar:na]
	at com.github.dockerjava.transport.UnixSocket.get(UnixSocket.java:27) ~[docker-java-transport-3.2.12.jar:na]
	at com.github.dockerjava.zerodep.ApacheDockerHttpClientImpl$2.createSocket(ApacheDockerHttpClientImpl.java:145) ~[docker-java-transport-zerodep-3.2.12.jar:na]
	at com.github.dockerjava.zerodep.shaded.org.apache.hc.client5.http.impl.io.DefaultHttpClientConnectionOperator.connect(DefaultHttpClientConnectionOperator.java:125) ~[docker-java-transport-zerodep-3.2.12.jar:na]
	at com.github.dockerjava.zerodep.shaded.org.apache.hc.client5.http.impl.io.PoolingHttpClientConnectionManager.connect(PoolingHttpClientConnectionManager.java:409) ~[docker-java-transport-zerodep-3.2.12.jar:na]
	at com.github.dockerjava.zerodep.shaded.org.apache.hc.client5.http.impl.classic.InternalExecRuntime.connectEndpoint(InternalExecRuntime.java:164) ~[docker-java-transport-zerodep-3.2.12.jar:na]
	at com.github.dockerjava.zerodep.shaded.org.apache.hc.client5.http.impl.classic.InternalExecRuntime.connectEndpoint(InternalExecRuntime.java:174) ~[docker-java-transport-zerodep-3.2.12.jar:na]
	at com.github.dockerjava.zerodep.shaded.org.apache.hc.client5.http.impl.classic.ConnectExec.execute(ConnectExec.java:135) ~[docker-java-transport-zerodep-3.2.12.jar:na]
	at com.github.dockerjava.zerodep.shaded.org.apache.hc.client5.http.impl.classic.ExecChainElement.execute(ExecChainElement.java:51) ~[docker-java-transport-zerodep-3.2.12.jar:na]
	at com.github.dockerjava.zerodep.shaded.org.apache.hc.client5.http.impl.classic.ExecChainElement$1.proceed(ExecChainElement.java:57) ~[docker-java-transport-zerodep-3.2.12.jar:na]
	at com.github.dockerjava.zerodep.shaded.org.apache.hc.client5.http.impl.classic.ProtocolExec.execute(ProtocolExec.java:172) ~[docker-java-transport-zerodep-3.2.12.jar:na]
	at com.github.dockerjava.zerodep.shaded.org.apache.hc.client5.http.impl.classic.ExecChainElement.execute(ExecChainElement.java:51) ~[docker-java-transport-zerodep-3.2.12.jar:na]
	at com.github.dockerjava.zerodep.shaded.org.apache.hc.client5.http.impl.classic.ExecChainElement$1.proceed(ExecChainElement.java:57) ~[docker-java-transport-zerodep-3.2.12.jar:na]
	at com.github.dockerjava.zerodep.shaded.org.apache.hc.client5.http.impl.classic.HttpRequestRetryExec.execute(HttpRequestRetryExec.java:93) ~[docker-java-transport-zerodep-3.2.12.jar:na]
	at com.github.dockerjava.zerodep.shaded.org.apache.hc.client5.http.impl.classic.ExecChainElement.execute(ExecChainElement.java:51) ~[docker-java-transport-zerodep-3.2.12.jar:na]
	at com.github.dockerjava.zerodep.shaded.org.apache.hc.client5.http.impl.classic.ExecChainElement$1.proceed(ExecChainElement.java:57) ~[docker-java-transport-zerodep-3.2.12.jar:na]
	at com.github.dockerjava.zerodep.shaded.org.apache.hc.client5.http.impl.classic.ContentCompressionExec.execute(ContentCompressionExec.java:128) ~[docker-java-transport-zerodep-3.2.12.jar:na]
	at com.github.dockerjava.zerodep.shaded.org.apache.hc.client5.http.impl.classic.ExecChainElement.execute(ExecChainElement.java:51) ~[docker-java-transport-zerodep-3.2.12.jar:na]
	at com.github.dockerjava.zerodep.shaded.org.apache.hc.client5.http.impl.classic.ExecChainElement$1.proceed(ExecChainElement.java:57) ~[docker-java-transport-zerodep-3.2.12.jar:na]
	at com.github.dockerjava.zerodep.shaded.org.apache.hc.client5.http.impl.classic.RedirectExec.execute(RedirectExec.java:116) ~[docker-java-transport-zerodep-3.2.12.jar:na]
	at com.github.dockerjava.zerodep.shaded.org.apache.hc.client5.http.impl.classic.ExecChainElement.execute(ExecChainElement.java:51) ~[docker-java-transport-zerodep-3.2.12.jar:na]
	at com.github.dockerjava.zerodep.shaded.org.apache.hc.client5.http.impl.classic.InternalHttpClient.doExecute(InternalHttpClient.java:178) ~[docker-java-transport-zerodep-3.2.12.jar:na]
	at com.github.dockerjava.zerodep.shaded.org.apache.hc.client5.http.impl.classic.CloseableHttpClient.execute(CloseableHttpClient.java:67) ~[docker-java-transport-zerodep-3.2.12.jar:na]
	at com.github.dockerjava.zerodep.ApacheDockerHttpClientImpl.execute(ApacheDockerHttpClientImpl.java:183) ~[docker-java-transport-zerodep-3.2.12.jar:na]
	at com.github.dockerjava.zerodep.ZerodepDockerHttpClient.execute(ZerodepDockerHttpClient.java:8) ~[docker-java-transport-zerodep-3.2.12.jar:na]
	at org.testcontainers.shaded.com.github.dockerjava.core.DefaultInvocationBuilder.execute(DefaultInvocationBuilder.java:228) ~[testcontainers-1.16.3.jar:na]
	at org.testcontainers.shaded.com.github.dockerjava.core.DefaultInvocationBuilder.get(DefaultInvocationBuilder.java:202) ~[testcontainers-1.16.3.jar:na]
	at org.testcontainers.shaded.com.github.dockerjava.core.DefaultInvocationBuilder.get(DefaultInvocationBuilder.java:74) ~[testcontainers-1.16.3.jar:na]
	at org.testcontainers.shaded.com.github.dockerjava.core.exec.InfoCmdExec.exec(InfoCmdExec.java:24) ~[testcontainers-1.16.3.jar:na]
	at org.testcontainers.shaded.com.github.dockerjava.core.exec.InfoCmdExec.exec(InfoCmdExec.java:14) ~[testcontainers-1.16.3.jar:na]
	at org.testcontainers.shaded.com.github.dockerjava.core.command.AbstrDockerCmd.exec(AbstrDockerCmd.java:35) ~[testcontainers-1.16.3.jar:na]
	at org.testcontainers.dockerclient.DockerClientProviderStrategy.lambda$null$5(DockerClientProviderStrategy.java:170) ~[testcontainers-1.16.3.jar:na]
	at org.rnorth.ducttape.ratelimits.RateLimiter.getWhenReady(RateLimiter.java:51) ~[duct-tape-1.0.8.jar:na]
	at org.testcontainers.dockerclient.DockerClientProviderStrategy.lambda$tryOutStrategy$6(DockerClientProviderStrategy.java:168) ~[testcontainers-1.16.3.jar:na]
	at org.rnorth.ducttape.unreliables.Unreliables.lambda$retryUntilSuccess$0(Unreliables.java:43) ~[duct-tape-1.0.8.jar:na]
	at java.base/java.util.concurrent.FutureTask.run(FutureTask.java:264) ~[na:na]
	at java.base/java.util.concurrent.ThreadPoolExecutor.runWorker(ThreadPoolExecutor.java:1128) ~[na:na]
	at java.base/java.util.concurrent.ThreadPoolExecutor$Worker.run(ThreadPoolExecutor.java:628) ~[na:na]
	at java.base/java.lang.Thread.run(Thread.java:829) ~[na:na]
Caused by: com.sun.jna.LastErrorException: [13] Permission denied
	at com.github.dockerjava.transport.LinuxDomainSocket.connect(Native Method) ~[docker-java-transport-3.2.12.jar:na]
	at com.github.dockerjava.transport.LinuxDomainSocket.connect(LinuxDomainSocket.java:49) ~[docker-java-transport-3.2.12.jar:na]
	at com.github.dockerjava.transport.DomainSocket.open(DomainSocket.java:69) ~[docker-java-transport-3.2.12.jar:na]
	at com.github.dockerjava.transport.DomainSocket.&lt;init&gt;(DomainSocket.java:59) ~[docker-java-transport-3.2.12.jar:na]
	... 40 common frames omitted
20:18:51.387 [ducttape-0] INFO  c.g.d.z.s.o.a.h.c.h.i.c.HttpRequestRetryExec - Recoverable I/O exception (java.io.IOException) caught when processing request to {}-&gt;unix://localhost:2375
20:18:51.387 [ducttape-0] DEBUG c.g.d.z.s.o.a.h.c.h.p.RequestAddCookies - Cookie spec selected: strict
20:18:51.387 [ducttape-0] DEBUG c.g.d.z.s.o.a.h.c.h.p.RequestAuthCache - Auth cache not set in the context
20:18:51.387 [ducttape-0] DEBUG c.g.d.z.s.o.a.h.c.h.i.c.ProtocolExec - ex-0000000F: target auth state: UNCHALLENGED
20:18:51.387 [ducttape-0] DEBUG c.g.d.z.s.o.a.h.c.h.i.c.ProtocolExec - ex-0000000F: proxy auth state: UNCHALLENGED
20:18:51.387 [ducttape-0] DEBUG c.g.d.z.s.o.a.h.c.h.i.c.ConnectExec - ex-0000000F: acquiring connection with route {}-&gt;unix://localhost:2375
20:18:51.387 [ducttape-0] DEBUG c.g.d.z.s.o.a.h.c.h.i.c.InternalHttpClient - ex-0000000F: acquiring endpoint (3 MINUTES)
20:18:51.388 [ducttape-0] DEBUG c.g.d.z.s.o.a.h.c.h.i.i.PoolingHttpClientConnectionManager - ex-0000000F: endpoint lease request (3 MINUTES) [route: {}-&gt;unix://localhost:2375][total available: 0; route allocated: 0 of 2147483647; total allocated: 0 of 2147483647]
20:18:51.388 [ducttape-0] DEBUG c.g.d.z.s.o.a.h.c.h.i.i.PoolingHttpClientConnectionManager - ex-0000000F: endpoint leased [route: {}-&gt;unix://localhost:2375][total available: 0; route allocated: 1 of 2147483647; total allocated: 1 of 2147483647]
20:18:51.400 [ducttape-0] DEBUG c.g.d.z.s.o.a.h.c.h.i.i.PoolingHttpClientConnectionManager - ex-0000000F: acquired ep-0000001D
20:18:51.406 [ducttape-0] DEBUG c.g.d.z.s.o.a.h.c.h.i.c.InternalHttpClient - ex-0000000F: acquired endpoint ep-0000001D
20:18:51.406 [ducttape-0] DEBUG c.g.d.z.s.o.a.h.c.h.i.c.ConnectExec - ex-0000000F: opening connection {}-&gt;unix://localhost:2375
20:18:51.406 [ducttape-0] DEBUG c.g.d.z.s.o.a.h.c.h.i.c.InternalHttpClient - ep-0000001D: connecting endpoint (3 MINUTES)
20:18:51.410 [ducttape-0] DEBUG c.g.d.z.s.o.a.h.c.h.i.i.PoolingHttpClientConnectionManager - ep-0000001D: connecting endpoint to unix://localhost:2375 (3 MINUTES)
20:18:51.411 [ducttape-0] DEBUG c.g.d.z.s.o.a.h.c.h.i.i.DefaultManagedHttpClientConnection - http-outgoing-29: close connection IMMEDIATE
20:18:51.411 [ducttape-0] DEBUG c.g.d.z.s.o.a.h.c.h.i.c.InternalHttpClient - ep-0000001D: endpoint closed
20:18:51.411 [ducttape-0] DEBUG c.g.d.z.s.o.a.h.c.h.i.c.InternalHttpClient - ep-0000001D: discarding endpoint
20:18:51.412 [ducttape-0] DEBUG c.g.d.z.s.o.a.h.c.h.i.i.PoolingHttpClientConnectionManager - ep-0000001D: releasing endpoint
20:18:51.412 [ducttape-0] DEBUG c.g.d.z.s.o.a.h.c.h.i.i.PoolingHttpClientConnectionManager - ep-0000001D: connection is not kept alive
20:18:51.412 [ducttape-0] DEBUG c.g.d.z.s.o.a.h.c.h.i.i.PoolingHttpClientConnectionManager - ep-0000001D: connection released [route: {}-&gt;unix://localhost:2375][total available: 0; route allocated: 0 of 2147483647; total allocated: 0 of 2147483647]
20:18:51.512 [ducttape-0] DEBUG o.t.d.DockerClientProviderStrategy - Pinging docker daemon...
20:18:51.512 [ducttape-0] DEBUG o.t.s.c.g.d.c.command.AbstrDockerCmd - Cmd: 
20:18:51.513 [ducttape-0] DEBUG c.g.d.z.s.o.a.h.c.h.i.c.InternalHttpClient - ex-00000010: preparing request execution
20:18:51.513 [ducttape-0] DEBUG c.g.d.z.s.o.a.h.c.h.p.RequestAddCookies - Cookie spec selected: strict
20:18:51.513 [ducttape-0] DEBUG c.g.d.z.s.o.a.h.c.h.p.RequestAuthCache - Auth cache not set in the context
20:18:51.513 [ducttape-0] DEBUG c.g.d.z.s.o.a.h.c.h.i.c.ProtocolExec - ex-00000010: target auth state: UNCHALLENGED
20:18:51.513 [ducttape-0] DEBUG c.g.d.z.s.o.a.h.c.h.i.c.ProtocolExec - ex-00000010: proxy auth state: UNCHALLENGED
20:18:51.513 [ducttape-0] DEBUG c.g.d.z.s.o.a.h.c.h.i.c.ConnectExec - ex-00000010: acquiring connection with route {}-&gt;unix://localhost:2375
20:18:51.513 [ducttape-0] DEBUG c.g.d.z.s.o.a.h.c.h.i.c.InternalHttpClient - ex-00000010: acquiring endpoint (3 MINUTES)
20:18:51.513 [ducttape-0] DEBUG c.g.d.z.s.o.a.h.c.h.i.i.PoolingHttpClientConnectionManager - ex-00000010: endpoint lease request (3 MINUTES) [route: {}-&gt;unix://localhost:2375][total available: 0; route allocated: 0 of 2147483647; total allocated: 0 of 2147483647]
20:18:51.513 [ducttape-0] DEBUG c.g.d.z.s.o.a.h.c.h.i.i.PoolingHttpClientConnectionManager - ex-00000010: endpoint leased [route: {}-&gt;unix://localhost:2375][total available: 0; route allocated: 1 of 2147483647; total allocated: 1 of 2147483647]
20:18:51.513 [ducttape-0] DEBUG c.g.d.z.s.o.a.h.c.h.i.i.PoolingHttpClientConnectionManager - ex-00000010: acquired ep-0000001E
20:18:51.513 [ducttape-0] DEBUG c.g.d.z.s.o.a.h.c.h.i.c.InternalHttpClient - ex-00000010: acquired endpoint ep-0000001E
20:18:51.513 [ducttape-0] DEBUG c.g.d.z.s.o.a.h.c.h.i.c.ConnectExec - ex-00000010: opening connection {}-&gt;unix://localhost:2375
20:18:51.514 [ducttape-0] DEBUG c.g.d.z.s.o.a.h.c.h.i.c.InternalHttpClient - ep-0000001E: connecting endpoint (3 MINUTES)
20:18:51.514 [ducttape-0] DEBUG c.g.d.z.s.o.a.h.c.h.i.i.PoolingHttpClientConnectionManager - ep-0000001E: connecting endpoint to unix://localhost:2375 (3 MINUTES)
20:18:51.514 [ducttape-0] DEBUG c.g.d.z.s.o.a.h.c.h.i.i.DefaultManagedHttpClientConnection - http-outgoing-30: close connection IMMEDIATE
20:18:51.514 [ducttape-0] DEBUG c.g.d.z.s.o.a.h.c.h.i.c.InternalHttpClient - ep-0000001E: endpoint closed
20:18:51.514 [ducttape-0] DEBUG c.g.d.z.s.o.a.h.c.h.i.c.InternalHttpClient - ep-0000001E: discarding endpoint
20:18:51.514 [ducttape-0] DEBUG c.g.d.z.s.o.a.h.c.h.i.i.PoolingHttpClientConnectionManager - ep-0000001E: releasing endpoint
20:18:51.514 [ducttape-0] DEBUG c.g.d.z.s.o.a.h.c.h.i.i.PoolingHttpClientConnectionManager - ep-0000001E: connection is not kept alive
20:18:51.514 [ducttape-0] DEBUG c.g.d.z.s.o.a.h.c.h.i.i.PoolingHttpClientConnectionManager - ep-0000001E: connection released [route: {}-&gt;unix://localhost:2375][total available: 0; route allocated: 0 of 2147483647; total allocated: 0 of 2147483647]
20:18:51.515 [ducttape-0] DEBUG c.g.d.z.s.o.a.h.c.h.i.c.HttpRequestRetryExec - ex-00000010: com.sun.jna.LastErrorException: [13] Permission denied
java.io.IOException: com.sun.jna.LastErrorException: [13] Permission denied
	at com.github.dockerjava.transport.DomainSocket.&lt;init&gt;(DomainSocket.java:63) ~[docker-java-transport-3.2.12.jar:na]
	at com.github.dockerjava.transport.LinuxDomainSocket.&lt;init&gt;(LinuxDomainSocket.java:41) ~[docker-java-transport-3.2.12.jar:na]
	at com.github.dockerjava.transport.DomainSocket.get(DomainSocket.java:140) ~[docker-java-transport-3.2.12.jar:na]
	at com.github.dockerjava.transport.UnixSocket.get(UnixSocket.java:27) ~[docker-java-transport-3.2.12.jar:na]
	at com.github.dockerjava.zerodep.ApacheDockerHttpClientImpl$2.createSocket(ApacheDockerHttpClientImpl.java:145) ~[docker-java-transport-zerodep-3.2.12.jar:na]
	at com.github.dockerjava.zerodep.shaded.org.apache.hc.client5.http.impl.io.DefaultHttpClientConnectionOperator.connect(DefaultHttpClientConnectionOperator.java:125) ~[docker-java-transport-zerodep-3.2.12.jar:na]
	at com.github.dockerjava.zerodep.shaded.org.apache.hc.client5.http.impl.io.PoolingHttpClientConnectionManager.connect(PoolingHttpClientConnectionManager.java:409) ~[docker-java-transport-zerodep-3.2.12.jar:na]
	at com.github.dockerjava.zerodep.shaded.org.apache.hc.client5.http.impl.classic.InternalExecRuntime.connectEndpoint(InternalExecRuntime.java:164) ~[docker-java-transport-zerodep-3.2.12.jar:na]
	at com.github.dockerjava.zerodep.shaded.org.apache.hc.client5.http.impl.classic.InternalExecRuntime.connectEndpoint(InternalExecRuntime.java:174) ~[docker-java-transport-zerodep-3.2.12.jar:na]
	at com.github.dockerjava.zerodep.shaded.org.apache.hc.client5.http.impl.classic.ConnectExec.execute(ConnectExec.java:135) ~[docker-java-transport-zerodep-3.2.12.jar:na]
	at com.github.dockerjava.zerodep.shaded.org.apache.hc.client5.http.impl.classic.ExecChainElement.execute(ExecChainElement.java:51) ~[docker-java-transport-zerodep-3.2.12.jar:na]
	at com.github.dockerjava.zerodep.shaded.org.apache.hc.client5.http.impl.classic.ExecChainElement$1.proceed(ExecChainElement.java:57) ~[docker-java-transport-zerodep-3.2.12.jar:na]
	at com.github.dockerjava.zerodep.shaded.org.apache.hc.client5.http.impl.classic.ProtocolExec.execute(ProtocolExec.java:172) ~[docker-java-transport-zerodep-3.2.12.jar:na]
	at com.github.dockerjava.zerodep.shaded.org.apache.hc.client5.http.impl.classic.ExecChainElement.execute(ExecChainElement.java:51) ~[docker-java-transport-zerodep-3.2.12.jar:na]
	at com.github.dockerjava.zerodep.shaded.org.apache.hc.client5.http.impl.classic.ExecChainElement$1.proceed(ExecChainElement.java:57) ~[docker-java-transport-zerodep-3.2.12.jar:na]
	at com.github.dockerjava.zerodep.shaded.org.apache.hc.client5.http.impl.classic.HttpRequestRetryExec.execute(HttpRequestRetryExec.java:93) ~[docker-java-transport-zerodep-3.2.12.jar:na]
	at com.github.dockerjava.zerodep.shaded.org.apache.hc.client5.http.impl.classic.ExecChainElement.execute(ExecChainElement.java:51) ~[docker-java-transport-zerodep-3.2.12.jar:na]
	at com.github.dockerjava.zerodep.shaded.org.apache.hc.client5.http.impl.classic.ExecChainElement$1.proceed(ExecChainElement.java:57) ~[docker-java-transport-zerodep-3.2.12.jar:na]
	at com.github.dockerjava.zerodep.shaded.org.apache.hc.client5.http.impl.classic.ContentCompressionExec.execute(ContentCompressionExec.java:128) ~[docker-java-transport-zerodep-3.2.12.jar:na]
	at com.github.dockerjava.zerodep.shaded.org.apache.hc.client5.http.impl.classic.ExecChainElement.execute(ExecChainElement.java:51) ~[docker-java-transport-zerodep-3.2.12.jar:na]
	at com.github.dockerjava.zerodep.shaded.org.apache.hc.client5.http.impl.classic.ExecChainElement$1.proceed(ExecChainElement.java:57) ~[docker-java-transport-zerodep-3.2.12.jar:na]
	at com.github.dockerjava.zerodep.shaded.org.apache.hc.client5.http.impl.classic.RedirectExec.execute(RedirectExec.java:116) ~[docker-java-transport-zerodep-3.2.12.jar:na]
	at com.github.dockerjava.zerodep.shaded.org.apache.hc.client5.http.impl.classic.ExecChainElement.execute(ExecChainElement.java:51) ~[docker-java-transport-zerodep-3.2.12.jar:na]
	at com.github.dockerjava.zerodep.shaded.org.apache.hc.client5.http.impl.classic.InternalHttpClient.doExecute(InternalHttpClient.java:178) ~[docker-java-transport-zerodep-3.2.12.jar:na]
	at com.github.dockerjava.zerodep.shaded.org.apache.hc.client5.http.impl.classic.CloseableHttpClient.execute(CloseableHttpClient.java:67) ~[docker-java-transport-zerodep-3.2.12.jar:na]
	at com.github.dockerjava.zerodep.ApacheDockerHttpClientImpl.execute(ApacheDockerHttpClientImpl.java:183) ~[docker-java-transport-zerodep-3.2.12.jar:na]
	at com.github.dockerjava.zerodep.ZerodepDockerHttpClient.execute(ZerodepDockerHttpClient.java:8) ~[docker-java-transport-zerodep-3.2.12.jar:na]
	at org.testcontainers.shaded.com.github.dockerjava.core.DefaultInvocationBuilder.execute(DefaultInvocationBuilder.java:228) ~[testcontainers-1.16.3.jar:na]
	at org.testcontainers.shaded.com.github.dockerjava.core.DefaultInvocationBuilder.get(DefaultInvocationBuilder.java:202) ~[testcontainers-1.16.3.jar:na]
	at org.testcontainers.shaded.com.github.dockerjava.core.DefaultInvocationBuilder.get(DefaultInvocationBuilder.java:74) ~[testcontainers-1.16.3.jar:na]
	at org.testcontainers.shaded.com.github.dockerjava.core.exec.InfoCmdExec.exec(InfoCmdExec.java:24) ~[testcontainers-1.16.3.jar:na]
	at org.testcontainers.shaded.com.github.dockerjava.core.exec.InfoCmdExec.exec(InfoCmdExec.java:14) ~[testcontainers-1.16.3.jar:na]
	at org.testcontainers.shaded.com.github.dockerjava.core.command.AbstrDockerCmd.exec(AbstrDockerCmd.java:35) ~[testcontainers-1.16.3.jar:na]
	at org.testcontainers.dockerclient.DockerClientProviderStrategy.lambda$null$5(DockerClientProviderStrategy.java:170) ~[testcontainers-1.16.3.jar:na]
	at org.rnorth.ducttape.ratelimits.RateLimiter.getWhenReady(RateLimiter.java:51) ~[duct-tape-1.0.8.jar:na]
	at org.testcontainers.dockerclient.DockerClientProviderStrategy.lambda$tryOutStrategy$6(DockerClientProviderStrategy.java:168) ~[testcontainers-1.16.3.jar:na]
	at org.rnorth.ducttape.unreliables.Unreliables.lambda$retryUntilSuccess$0(Unreliables.java:43) ~[duct-tape-1.0.8.jar:na]
	at java.base/java.util.concurrent.FutureTask.run(FutureTask.java:264) ~[na:na]
	at java.base/java.util.concurrent.ThreadPoolExecutor.runWorker(ThreadPoolExecutor.java:1128) ~[na:na]
	at java.base/java.util.concurrent.ThreadPoolExecutor$Worker.run(ThreadPoolExecutor.java:628) ~[na:na]
	at java.base/java.lang.Thread.run(Thread.java:829) ~[na:na]
Caused by: com.sun.jna.LastErrorException: [13] Permission denied
	at com.github.dockerjava.transport.LinuxDomainSocket.connect(Native Method) ~[docker-java-transport-3.2.12.jar:na]
	at com.github.dockerjava.transport.LinuxDomainSocket.connect(LinuxDomainSocket.java:49) ~[docker-java-transport-3.2.12.jar:na]
	at com.github.dockerjava.transport.DomainSocket.open(DomainSocket.java:69) ~[docker-java-transport-3.2.12.jar:na]
	at com.github.dockerjava.transport.DomainSocket.&lt;init&gt;(DomainSocket.java:59) ~[docker-java-transport-3.2.12.jar:na]
	... 40 common frames omitted
20:18:51.515 [ducttape-0] INFO  c.g.d.z.s.o.a.h.c.h.i.c.HttpRequestRetryExec - Recoverable I/O exception (java.io.IOException) caught when processing request to {}-&gt;unix://localhost:2375
20:18:51.515 [ducttape-0] DEBUG c.g.d.z.s.o.a.h.c.h.p.RequestAddCookies - Cookie spec selected: strict
20:18:51.515 [ducttape-0] DEBUG c.g.d.z.s.o.a.h.c.h.p.RequestAuthCache - Auth cache not set in the context
20:18:51.515 [ducttape-0] DEBUG c.g.d.z.s.o.a.h.c.h.i.c.ProtocolExec - ex-00000010: target auth state: UNCHALLENGED
20:18:51.515 [ducttape-0] DEBUG c.g.d.z.s.o.a.h.c.h.i.c.ProtocolExec - ex-00000010: proxy auth state: UNCHALLENGED
20:18:51.515 [ducttape-0] DEBUG c.g.d.z.s.o.a.h.c.h.i.c.ConnectExec - ex-00000010: acquiring connection with route {}-&gt;unix://localhost:2375
20:18:51.515 [ducttape-0] DEBUG c.g.d.z.s.o.a.h.c.h.i.c.InternalHttpClient - ex-00000010: acquiring endpoint (3 MINUTES)
20:18:51.515 [ducttape-0] DEBUG c.g.d.z.s.o.a.h.c.h.i.i.PoolingHttpClientConnectionManager - ex-00000010: endpoint lease request (3 MINUTES) [route: {}-&gt;unix://localhost:2375][total available: 0; route allocated: 0 of 2147483647; total allocated: 0 of 2147483647]
20:18:51.516 [ducttape-0] DEBUG c.g.d.z.s.o.a.h.c.h.i.i.PoolingHttpClientConnectionManager - ex-00000010: endpoint leased [route: {}-&gt;unix://localhost:2375][total available: 0; route allocated: 1 of 2147483647; total allocated: 1 of 2147483647]
20:18:51.523 [ducttape-0] DEBUG c.g.d.z.s.o.a.h.c.h.i.i.PoolingHttpClientConnectionManager - ex-00000010: acquired ep-0000001F
20:18:51.523 [ducttape-0] DEBUG c.g.d.z.s.o.a.h.c.h.i.c.InternalHttpClient - ex-00000010: acquired endpoint ep-0000001F
20:18:51.523 [ducttape-0] DEBUG c.g.d.z.s.o.a.h.c.h.i.c.ConnectExec - ex-00000010: opening connection {}-&gt;unix://localhost:2375
20:18:51.524 [ducttape-0] DEBUG c.g.d.z.s.o.a.h.c.h.i.c.InternalHttpClient - ep-0000001F: connecting endpoint (3 MINUTES)
20:18:51.524 [ducttape-0] DEBUG c.g.d.z.s.o.a.h.c.h.i.i.PoolingHttpClientConnectionManager - ep-0000001F: connecting endpoint to unix://localhost:2375 (3 MINUTES)
20:18:51.526 [ducttape-0] DEBUG c.g.d.z.s.o.a.h.c.h.i.i.DefaultManagedHttpClientConnection - http-outgoing-31: close connection IMMEDIATE
20:18:51.528 [ducttape-0] DEBUG c.g.d.z.s.o.a.h.c.h.i.c.InternalHttpClient - ep-0000001F: endpoint closed
20:18:51.528 [ducttape-0] DEBUG c.g.d.z.s.o.a.h.c.h.i.c.InternalHttpClient - ep-0000001F: discarding endpoint
20:18:51.528 [ducttape-0] DEBUG c.g.d.z.s.o.a.h.c.h.i.i.PoolingHttpClientConnectionManager - ep-0000001F: releasing endpoint
20:18:51.528 [ducttape-0] DEBUG c.g.d.z.s.o.a.h.c.h.i.i.PoolingHttpClientConnectionManager - ep-0000001F: connection is not kept alive
20:18:51.528 [ducttape-0] DEBUG c.g.d.z.s.o.a.h.c.h.i.i.PoolingHttpClientConnectionManager - ep-0000001F: connection released [route: {}-&gt;unix://localhost:2375][total available: 0; route allocated: 0 of 2147483647; total allocated: 0 of 2147483647]
20:18:51.629 [ducttape-0] DEBUG o.t.d.DockerClientProviderStrategy - Pinging docker daemon...
20:18:51.629 [ducttape-0] DEBUG o.t.s.c.g.d.c.command.AbstrDockerCmd - Cmd: 
20:18:51.631 [ducttape-0] DEBUG c.g.d.z.s.o.a.h.c.h.i.c.InternalHttpClient - ex-00000011: preparing request execution
20:18:51.631 [ducttape-0] DEBUG c.g.d.z.s.o.a.h.c.h.p.RequestAddCookies - Cookie spec selected: strict
20:18:51.632 [ducttape-0] DEBUG c.g.d.z.s.o.a.h.c.h.p.RequestAuthCache - Auth cache not set in the context
20:18:51.633 [ducttape-0] DEBUG c.g.d.z.s.o.a.h.c.h.i.c.ProtocolExec - ex-00000011: target auth state: UNCHALLENGED
20:18:51.633 [ducttape-0] DEBUG c.g.d.z.s.o.a.h.c.h.i.c.ProtocolExec - ex-00000011: proxy auth state: UNCHALLENGED
20:18:51.633 [ducttape-0] DEBUG c.g.d.z.s.o.a.h.c.h.i.c.ConnectExec - ex-00000011: acquiring connection with route {}-&gt;unix://localhost:2375
20:18:51.633 [ducttape-0] DEBUG c.g.d.z.s.o.a.h.c.h.i.c.InternalHttpClient - ex-00000011: acquiring endpoint (3 MINUTES)
20:18:51.633 [ducttape-0] DEBUG c.g.d.z.s.o.a.h.c.h.i.i.PoolingHttpClientConnectionManager - ex-00000011: endpoint lease request (3 MINUTES) [route: {}-&gt;unix://localhost:2375][total available: 0; route allocated: 0 of 2147483647; total allocated: 0 of 2147483647]
20:18:51.634 [ducttape-0] DEBUG c.g.d.z.s.o.a.h.c.h.i.i.PoolingHttpClientConnectionManager - ex-00000011: endpoint leased [route: {}-&gt;unix://localhost:2375][total available: 0; route allocated: 1 of 2147483647; total allocated: 1 of 2147483647]
20:18:51.635 [ducttape-0] DEBUG c.g.d.z.s.o.a.h.c.h.i.i.PoolingHttpClientConnectionManager - ex-00000011: acquired ep-00000020
20:18:51.635 [ducttape-0] DEBUG c.g.d.z.s.o.a.h.c.h.i.c.InternalHttpClient - ex-00000011: acquired endpoint ep-00000020
20:18:51.635 [ducttape-0] DEBUG c.g.d.z.s.o.a.h.c.h.i.c.ConnectExec - ex-00000011: opening connection {}-&gt;unix://localhost:2375
20:18:51.635 [ducttape-0] DEBUG c.g.d.z.s.o.a.h.c.h.i.c.InternalHttpClient - ep-00000020: connecting endpoint (3 MINUTES)
20:18:51.635 [ducttape-0] DEBUG c.g.d.z.s.o.a.h.c.h.i.i.PoolingHttpClientConnectionManager - ep-00000020: connecting endpoint to unix://localhost:2375 (3 MINUTES)
20:18:51.636 [ducttape-0] DEBUG c.g.d.z.s.o.a.h.c.h.i.i.DefaultManagedHttpClientConnection - http-outgoing-32: close connection IMMEDIATE
20:18:51.639 [ducttape-0] DEBUG c.g.d.z.s.o.a.h.c.h.i.c.InternalHttpClient - ep-00000020: endpoint closed
20:18:51.639 [ducttape-0] DEBUG c.g.d.z.s.o.a.h.c.h.i.c.InternalHttpClient - ep-00000020: discarding endpoint
20:18:51.639 [ducttape-0] DEBUG c.g.d.z.s.o.a.h.c.h.i.i.PoolingHttpClientConnectionManager - ep-00000020: releasing endpoint
20:18:51.639 [ducttape-0] DEBUG c.g.d.z.s.o.a.h.c.h.i.i.PoolingHttpClientConnectionManager - ep-00000020: connection is not kept alive
20:18:51.639 [ducttape-0] DEBUG c.g.d.z.s.o.a.h.c.h.i.i.PoolingHttpClientConnectionManager - ep-00000020: connection released [route: {}-&gt;unix://localhost:2375][total available: 0; route allocated: 0 of 2147483647; total allocated: 0 of 2147483647]
20:18:51.640 [ducttape-0] DEBUG c.g.d.z.s.o.a.h.c.h.i.c.HttpRequestRetryExec - ex-00000011: com.sun.jna.LastErrorException: [13] Permission denied
java.io.IOException: com.sun.jna.LastErrorException: [13] Permission denied
	at com.github.dockerjava.transport.DomainSocket.&lt;init&gt;(DomainSocket.java:63) ~[docker-java-transport-3.2.12.jar:na]
	at com.github.dockerjava.transport.LinuxDomainSocket.&lt;init&gt;(LinuxDomainSocket.java:41) ~[docker-java-transport-3.2.12.jar:na]
	at com.github.dockerjava.transport.DomainSocket.get(DomainSocket.java:140) ~[docker-java-transport-3.2.12.jar:na]
	at com.github.dockerjava.transport.UnixSocket.get(UnixSocket.java:27) ~[docker-java-transport-3.2.12.jar:na]
	at com.github.dockerjava.zerodep.ApacheDockerHttpClientImpl$2.createSocket(ApacheDockerHttpClientImpl.java:145) ~[docker-java-transport-zerodep-3.2.12.jar:na]
	at com.github.dockerjava.zerodep.shaded.org.apache.hc.client5.http.impl.io.DefaultHttpClientConnectionOperator.connect(DefaultHttpClientConnectionOperator.java:125) ~[docker-java-transport-zerodep-3.2.12.jar:na]
	at com.github.dockerjava.zerodep.shaded.org.apache.hc.client5.http.impl.io.PoolingHttpClientConnectionManager.connect(PoolingHttpClientConnectionManager.java:409) ~[docker-java-transport-zerodep-3.2.12.jar:na]
	at com.github.dockerjava.zerodep.shaded.org.apache.hc.client5.http.impl.classic.InternalExecRuntime.connectEndpoint(InternalExecRuntime.java:164) ~[docker-java-transport-zerodep-3.2.12.jar:na]
	at com.github.dockerjava.zerodep.shaded.org.apache.hc.client5.http.impl.classic.InternalExecRuntime.connectEndpoint(InternalExecRuntime.java:174) ~[docker-java-transport-zerodep-3.2.12.jar:na]
	at com.github.dockerjava.zerodep.shaded.org.apache.hc.client5.http.impl.classic.ConnectExec.execute(ConnectExec.java:135) ~[docker-java-transport-zerodep-3.2.12.jar:na]
	at com.github.dockerjava.zerodep.shaded.org.apache.hc.client5.http.impl.classic.ExecChainElement.execute(ExecChainElement.java:51) ~[docker-java-transport-zerodep-3.2.12.jar:na]
	at com.github.dockerjava.zerodep.shaded.org.apache.hc.client5.http.impl.classic.ExecChainElement$1.proceed(ExecChainElement.java:57) ~[docker-java-transport-zerodep-3.2.12.jar:na]
	at com.github.dockerjava.zerodep.shaded.org.apache.hc.client5.http.impl.classic.ProtocolExec.execute(ProtocolExec.java:172) ~[docker-java-transport-zerodep-3.2.12.jar:na]
	at com.github.dockerjava.zerodep.shaded.org.apache.hc.client5.http.impl.classic.ExecChainElement.execute(ExecChainElement.java:51) ~[docker-java-transport-zerodep-3.2.12.jar:na]
	at com.github.dockerjava.zerodep.shaded.org.apache.hc.client5.http.impl.classic.ExecChainElement$1.proceed(ExecChainElement.java:57) ~[docker-java-transport-zerodep-3.2.12.jar:na]
	at com.github.dockerjava.zerodep.shaded.org.apache.hc.client5.http.impl.classic.HttpRequestRetryExec.execute(HttpRequestRetryExec.java:93) ~[docker-java-transport-zerodep-3.2.12.jar:na]
	at com.github.dockerjava.zerodep.shaded.org.apache.hc.client5.http.impl.classic.ExecChainElement.execute(ExecChainElement.java:51) ~[docker-java-transport-zerodep-3.2.12.jar:na]
	at com.github.dockerjava.zerodep.shaded.org.apache.hc.client5.http.impl.classic.ExecChainElement$1.proceed(ExecChainElement.java:57) ~[docker-java-transport-zerodep-3.2.12.jar:na]
	at com.github.dockerjava.zerodep.shaded.org.apache.hc.client5.http.impl.classic.ContentCompressionExec.execute(ContentCompressionExec.java:128) ~[docker-java-transport-zerodep-3.2.12.jar:na]
	at com.github.dockerjava.zerodep.shaded.org.apache.hc.client5.http.impl.classic.ExecChainElement.execute(ExecChainElement.java:51) ~[docker-java-transport-zerodep-3.2.12.jar:na]
	at com.github.dockerjava.zerodep.shaded.org.apache.hc.client5.http.impl.classic.ExecChainElement$1.proceed(ExecChainElement.java:57) ~[docker-java-transport-zerodep-3.2.12.jar:na]
	at com.github.dockerjava.zerodep.shaded.org.apache.hc.client5.http.impl.classic.RedirectExec.execute(RedirectExec.java:116) ~[docker-java-transport-zerodep-3.2.12.jar:na]
	at com.github.dockerjava.zerodep.shaded.org.apache.hc.client5.http.impl.classic.ExecChainElement.execute(ExecChainElement.java:51) ~[docker-java-transport-zerodep-3.2.12.jar:na]
	at com.github.dockerjava.zerodep.shaded.org.apache.hc.client5.http.impl.classic.InternalHttpClient.doExecute(InternalHttpClient.java:178) ~[docker-java-transport-zerodep-3.2.12.jar:na]
	at com.github.dockerjava.zerodep.shaded.org.apache.hc.client5.http.impl.classic.CloseableHttpClient.execute(CloseableHttpClient.java:67) ~[docker-java-transport-zerodep-3.2.12.jar:na]
	at com.github.dockerjava.zerodep.ApacheDockerHttpClientImpl.execute(ApacheDockerHttpClientImpl.java:183) ~[docker-java-transport-zerodep-3.2.12.jar:na]
	at com.github.dockerjava.zerodep.ZerodepDockerHttpClient.execute(ZerodepDockerHttpClient.java:8) ~[docker-java-transport-zerodep-3.2.12.jar:na]
	at org.testcontainers.shaded.com.github.dockerjava.core.DefaultInvocationBuilder.execute(DefaultInvocationBuilder.java:228) ~[testcontainers-1.16.3.jar:na]
	at org.testcontainers.shaded.com.github.dockerjava.core.DefaultInvocationBuilder.get(DefaultInvocationBuilder.java:202) ~[testcontainers-1.16.3.jar:na]
	at org.testcontainers.shaded.com.github.dockerjava.core.DefaultInvocationBuilder.get(DefaultInvocationBuilder.java:74) ~[testcontainers-1.16.3.jar:na]
	at org.testcontainers.shaded.com.github.dockerjava.core.exec.InfoCmdExec.exec(InfoCmdExec.java:24) ~[testcontainers-1.16.3.jar:na]
	at org.testcontainers.shaded.com.github.dockerjava.core.exec.InfoCmdExec.exec(InfoCmdExec.java:14) ~[testcontainers-1.16.3.jar:na]
	at org.testcontainers.shaded.com.github.dockerjava.core.command.AbstrDockerCmd.exec(AbstrDockerCmd.java:35) ~[testcontainers-1.16.3.jar:na]
	at org.testcontainers.dockerclient.DockerClientProviderStrategy.lambda$null$5(DockerClientProviderStrategy.java:170) ~[testcontainers-1.16.3.jar:na]
	at org.rnorth.ducttape.ratelimits.RateLimiter.getWhenReady(RateLimiter.java:51) ~[duct-tape-1.0.8.jar:na]
	at org.testcontainers.dockerclient.DockerClientProviderStrategy.lambda$tryOutStrategy$6(DockerClientProviderStrategy.java:168) ~[testcontainers-1.16.3.jar:na]
	at org.rnorth.ducttape.unreliables.Unreliables.lambda$retryUntilSuccess$0(Unreliables.java:43) ~[duct-tape-1.0.8.jar:na]
	at java.base/java.util.concurrent.FutureTask.run(FutureTask.java:264) ~[na:na]
	at java.base/java.util.concurrent.ThreadPoolExecutor.runWorker(ThreadPoolExecutor.java:1128) ~[na:na]
	at java.base/java.util.concurrent.ThreadPoolExecutor$Worker.run(ThreadPoolExecutor.java:628) ~[na:na]
	at java.base/java.lang.Thread.run(Thread.java:829) ~[na:na]
Caused by: com.sun.jna.LastErrorException: [13] Permission denied
	at com.github.dockerjava.transport.LinuxDomainSocket.connect(Native Method) ~[docker-java-transport-3.2.12.jar:na]
	at com.github.dockerjava.transport.LinuxDomainSocket.connect(LinuxDomainSocket.java:49) ~[docker-java-transport-3.2.12.jar:na]
	at com.github.dockerjava.transport.DomainSocket.open(DomainSocket.java:69) ~[docker-java-transport-3.2.12.jar:na]
	at com.github.dockerjava.transport.DomainSocket.&lt;init&gt;(DomainSocket.java:59) ~[docker-java-transport-3.2.12.jar:na]
	... 40 common frames omitted
20:18:51.642 [ducttape-0] INFO  c.g.d.z.s.o.a.h.c.h.i.c.HttpRequestRetryExec - Recoverable I/O exception (java.io.IOException) caught when processing request to {}-&gt;unix://localhost:2375
20:18:51.644 [ducttape-0] DEBUG c.g.d.z.s.o.a.h.c.h.p.RequestAddCookies - Cookie spec selected: strict
20:18:51.644 [ducttape-0] DEBUG c.g.d.z.s.o.a.h.c.h.p.RequestAuthCache - Auth cache not set in the context
20:18:51.644 [ducttape-0] DEBUG c.g.d.z.s.o.a.h.c.h.i.c.ProtocolExec - ex-00000011: target auth state: UNCHALLENGED
20:18:51.644 [ducttape-0] DEBUG c.g.d.z.s.o.a.h.c.h.i.c.ProtocolExec - ex-00000011: proxy auth state: UNCHALLENGED
20:18:51.645 [ducttape-0] DEBUG c.g.d.z.s.o.a.h.c.h.i.c.ConnectExec - ex-00000011: acquiring connection with route {}-&gt;unix://localhost:2375
20:18:51.646 [ducttape-0] DEBUG c.g.d.z.s.o.a.h.c.h.i.c.InternalHttpClient - ex-00000011: acquiring endpoint (3 MINUTES)
20:18:51.647 [ducttape-0] DEBUG c.g.d.z.s.o.a.h.c.h.i.i.PoolingHttpClientConnectionManager - ex-00000011: endpoint lease request (3 MINUTES) [route: {}-&gt;unix://localhost:2375][total available: 0; route allocated: 0 of 2147483647; total allocated: 0 of 2147483647]
20:18:51.647 [ducttape-0] DEBUG c.g.d.z.s.o.a.h.c.h.i.i.PoolingHttpClientConnectionManager - ex-00000011: endpoint leased [route: {}-&gt;unix://localhost:2375][total available: 0; route allocated: 1 of 2147483647; total allocated: 1 of 2147483647]
20:18:51.648 [ducttape-0] DEBUG c.g.d.z.s.o.a.h.c.h.i.i.PoolingHttpClientConnectionManager - ex-00000011: acquired ep-00000021
20:18:51.650 [ducttape-0] DEBUG c.g.d.z.s.o.a.h.c.h.i.c.InternalHttpClient - ex-00000011: acquired endpoint ep-00000021
20:18:51.650 [ducttape-0] DEBUG c.g.d.z.s.o.a.h.c.h.i.c.ConnectExec - ex-00000011: opening connection {}-&gt;unix://localhost:2375
20:18:51.650 [ducttape-0] DEBUG c.g.d.z.s.o.a.h.c.h.i.c.InternalHttpClient - ep-00000021: connecting endpoint (3 MINUTES)
20:18:51.650 [ducttape-0] DEBUG c.g.d.z.s.o.a.h.c.h.i.i.PoolingHttpClientConnectionManager - ep-00000021: connecting endpoint to unix://localhost:2375 (3 MINUTES)
20:18:51.652 [ducttape-0] DEBUG c.g.d.z.s.o.a.h.c.h.i.i.DefaultManagedHttpClientConnection - http-outgoing-33: close connection IMMEDIATE
20:18:51.652 [ducttape-0] DEBUG c.g.d.z.s.o.a.h.c.h.i.c.InternalHttpClient - ep-00000021: endpoint closed
20:18:51.652 [ducttape-0] DEBUG c.g.d.z.s.o.a.h.c.h.i.c.InternalHttpClient - ep-00000021: discarding endpoint
20:18:51.652 [ducttape-0] DEBUG c.g.d.z.s.o.a.h.c.h.i.i.PoolingHttpClientConnectionManager - ep-00000021: releasing endpoint
20:18:51.652 [ducttape-0] DEBUG c.g.d.z.s.o.a.h.c.h.i.i.PoolingHttpClientConnectionManager - ep-00000021: connection is not kept alive
20:18:51.652 [ducttape-0] DEBUG c.g.d.z.s.o.a.h.c.h.i.i.PoolingHttpClientConnectionManager - ep-00000021: connection released [route: {}-&gt;unix://localhost:2375][total available: 0; route allocated: 0 of 2147483647; total allocated: 0 of 2147483647]
20:18:51.753 [ducttape-0] DEBUG o.t.d.DockerClientProviderStrategy - Pinging docker daemon...
20:18:51.753 [ducttape-0] DEBUG o.t.s.c.g.d.c.command.AbstrDockerCmd - Cmd: 
20:18:51.754 [ducttape-0] DEBUG c.g.d.z.s.o.a.h.c.h.i.c.InternalHttpClient - ex-00000012: preparing request execution
20:18:51.755 [ducttape-0] DEBUG c.g.d.z.s.o.a.h.c.h.p.RequestAddCookies - Cookie spec selected: strict
20:18:51.755 [ducttape-0] DEBUG c.g.d.z.s.o.a.h.c.h.p.RequestAuthCache - Auth cache not set in the context
20:18:51.755 [ducttape-0] DEBUG c.g.d.z.s.o.a.h.c.h.i.c.ProtocolExec - ex-00000012: target auth state: UNCHALLENGED
20:18:51.755 [ducttape-0] DEBUG c.g.d.z.s.o.a.h.c.h.i.c.ProtocolExec - ex-00000012: proxy auth state: UNCHALLENGED
20:18:51.755 [ducttape-0] DEBUG c.g.d.z.s.o.a.h.c.h.i.c.ConnectExec - ex-00000012: acquiring connection with route {}-&gt;unix://localhost:2375
20:18:51.755 [ducttape-0] DEBUG c.g.d.z.s.o.a.h.c.h.i.c.InternalHttpClient - ex-00000012: acquiring endpoint (3 MINUTES)
20:18:51.756 [ducttape-0] DEBUG c.g.d.z.s.o.a.h.c.h.i.i.PoolingHttpClientConnectionManager - ex-00000012: endpoint lease request (3 MINUTES) [route: {}-&gt;unix://localhost:2375][total available: 0; route allocated: 0 of 2147483647; total allocated: 0 of 2147483647]
20:18:51.758 [ducttape-0] DEBUG c.g.d.z.s.o.a.h.c.h.i.i.PoolingHttpClientConnectionManager - ex-00000012: endpoint leased [route: {}-&gt;unix://localhost:2375][total available: 0; route allocated: 1 of 2147483647; total allocated: 1 of 2147483647]
20:18:51.758 [ducttape-0] DEBUG c.g.d.z.s.o.a.h.c.h.i.i.PoolingHttpClientConnectionManager - ex-00000012: acquired ep-00000022
20:18:51.758 [ducttape-0] DEBUG c.g.d.z.s.o.a.h.c.h.i.c.InternalHttpClient - ex-00000012: acquired endpoint ep-00000022
20:18:51.758 [ducttape-0] DEBUG c.g.d.z.s.o.a.h.c.h.i.c.ConnectExec - ex-00000012: opening connection {}-&gt;unix://localhost:2375
20:18:51.758 [ducttape-0] DEBUG c.g.d.z.s.o.a.h.c.h.i.c.InternalHttpClient - ep-00000022: connecting endpoint (3 MINUTES)
20:18:51.758 [ducttape-0] DEBUG c.g.d.z.s.o.a.h.c.h.i.i.PoolingHttpClientConnectionManager - ep-00000022: connecting endpoint to unix://localhost:2375 (3 MINUTES)
20:18:51.763 [ducttape-0] DEBUG c.g.d.z.s.o.a.h.c.h.i.i.DefaultManagedHttpClientConnection - http-outgoing-34: close connection IMMEDIATE
20:18:51.763 [ducttape-0] DEBUG c.g.d.z.s.o.a.h.c.h.i.c.InternalHttpClient - ep-00000022: endpoint closed
20:18:51.763 [ducttape-0] DEBUG c.g.d.z.s.o.a.h.c.h.i.c.InternalHttpClient - ep-00000022: discarding endpoint
20:18:51.763 [ducttape-0] DEBUG c.g.d.z.s.o.a.h.c.h.i.i.PoolingHttpClientConnectionManager - ep-00000022: releasing endpoint
20:18:51.764 [ducttape-0] DEBUG c.g.d.z.s.o.a.h.c.h.i.i.PoolingHttpClientConnectionManager - ep-00000022: connection is not kept alive
20:18:51.764 [ducttape-0] DEBUG c.g.d.z.s.o.a.h.c.h.i.i.PoolingHttpClientConnectionManager - ep-00000022: connection released [route: {}-&gt;unix://localhost:2375][total available: 0; route allocated: 0 of 2147483647; total allocated: 0 of 2147483647]
20:18:51.765 [ducttape-0] DEBUG c.g.d.z.s.o.a.h.c.h.i.c.HttpRequestRetryExec - ex-00000012: com.sun.jna.LastErrorException: [13] Permission denied
java.io.IOException: com.sun.jna.LastErrorException: [13] Permission denied
	at com.github.dockerjava.transport.DomainSocket.&lt;init&gt;(DomainSocket.java:63) ~[docker-java-transport-3.2.12.jar:na]
	at com.github.dockerjava.transport.LinuxDomainSocket.&lt;init&gt;(LinuxDomainSocket.java:41) ~[docker-java-transport-3.2.12.jar:na]
	at com.github.dockerjava.transport.DomainSocket.get(DomainSocket.java:140) ~[docker-java-transport-3.2.12.jar:na]
	at com.github.dockerjava.transport.UnixSocket.get(UnixSocket.java:27) ~[docker-java-transport-3.2.12.jar:na]
	at com.github.dockerjava.zerodep.ApacheDockerHttpClientImpl$2.createSocket(ApacheDockerHttpClientImpl.java:145) ~[docker-java-transport-zerodep-3.2.12.jar:na]
	at com.github.dockerjava.zerodep.shaded.org.apache.hc.client5.http.impl.io.DefaultHttpClientConnectionOperator.connect(DefaultHttpClientConnectionOperator.java:125) ~[docker-java-transport-zerodep-3.2.12.jar:na]
	at com.github.dockerjava.zerodep.shaded.org.apache.hc.client5.http.impl.io.PoolingHttpClientConnectionManager.connect(PoolingHttpClientConnectionManager.java:409) ~[docker-java-transport-zerodep-3.2.12.jar:na]
	at com.github.dockerjava.zerodep.shaded.org.apache.hc.client5.http.impl.classic.InternalExecRuntime.connectEndpoint(InternalExecRuntime.java:164) ~[docker-java-transport-zerodep-3.2.12.jar:na]
	at com.github.dockerjava.zerodep.shaded.org.apache.hc.client5.http.impl.classic.InternalExecRuntime.connectEndpoint(InternalExecRuntime.java:174) ~[docker-java-transport-zerodep-3.2.12.jar:na]
	at com.github.dockerjava.zerodep.shaded.org.apache.hc.client5.http.impl.classic.ConnectExec.execute(ConnectExec.java:135) ~[docker-java-transport-zerodep-3.2.12.jar:na]
	at com.github.dockerjava.zerodep.shaded.org.apache.hc.client5.http.impl.classic.ExecChainElement.execute(ExecChainElement.java:51) ~[docker-java-transport-zerodep-3.2.12.jar:na]
	at com.github.dockerjava.zerodep.shaded.org.apache.hc.client5.http.impl.classic.ExecChainElement$1.proceed(ExecChainElement.java:57) ~[docker-java-transport-zerodep-3.2.12.jar:na]
	at com.github.dockerjava.zerodep.shaded.org.apache.hc.client5.http.impl.classic.ProtocolExec.execute(ProtocolExec.java:172) ~[docker-java-transport-zerodep-3.2.12.jar:na]
	at com.github.dockerjava.zerodep.shaded.org.apache.hc.client5.http.impl.classic.ExecChainElement.execute(ExecChainElement.java:51) ~[docker-java-transport-zerodep-3.2.12.jar:na]
	at com.github.dockerjava.zerodep.shaded.org.apache.hc.client5.http.impl.classic.ExecChainElement$1.proceed(ExecChainElement.java:57) ~[docker-java-transport-zerodep-3.2.12.jar:na]
	at com.github.dockerjava.zerodep.shaded.org.apache.hc.client5.http.impl.classic.HttpRequestRetryExec.execute(HttpRequestRetryExec.java:93) ~[docker-java-transport-zerodep-3.2.12.jar:na]
	at com.github.dockerjava.zerodep.shaded.org.apache.hc.client5.http.impl.classic.ExecChainElement.execute(ExecChainElement.java:51) ~[docker-java-transport-zerodep-3.2.12.jar:na]
	at com.github.dockerjava.zerodep.shaded.org.apache.hc.client5.http.impl.classic.ExecChainElement$1.proceed(ExecChainElement.java:57) ~[docker-java-transport-zerodep-3.2.12.jar:na]
	at com.github.dockerjava.zerodep.shaded.org.apache.hc.client5.http.impl.classic.ContentCompressionExec.execute(ContentCompressionExec.java:128) ~[docker-java-transport-zerodep-3.2.12.jar:na]
	at com.github.dockerjava.zerodep.shaded.org.apache.hc.client5.http.impl.classic.ExecChainElement.execute(ExecChainElement.java:51) ~[docker-java-transport-zerodep-3.2.12.jar:na]
	at com.github.dockerjava.zerodep.shaded.org.apache.hc.client5.http.impl.classic.ExecChainElement$1.proceed(ExecChainElement.java:57) ~[docker-java-transport-zerodep-3.2.12.jar:na]
	at com.github.dockerjava.zerodep.shaded.org.apache.hc.client5.http.impl.classic.RedirectExec.execute(RedirectExec.java:116) ~[docker-java-transport-zerodep-3.2.12.jar:na]
	at com.github.dockerjava.zerodep.shaded.org.apache.hc.client5.http.impl.classic.ExecChainElement.execute(ExecChainElement.java:51) ~[docker-java-transport-zerodep-3.2.12.jar:na]
	at com.github.dockerjava.zerodep.shaded.org.apache.hc.client5.http.impl.classic.InternalHttpClient.doExecute(InternalHttpClient.java:178) ~[docker-java-transport-zerodep-3.2.12.jar:na]
	at com.github.dockerjava.zerodep.shaded.org.apache.hc.client5.http.impl.classic.CloseableHttpClient.execute(CloseableHttpClient.java:67) ~[docker-java-transport-zerodep-3.2.12.jar:na]
	at com.github.dockerjava.zerodep.ApacheDockerHttpClientImpl.execute(ApacheDockerHttpClientImpl.java:183) ~[docker-java-transport-zerodep-3.2.12.jar:na]
	at com.github.dockerjava.zerodep.ZerodepDockerHttpClient.execute(ZerodepDockerHttpClient.java:8) ~[docker-java-transport-zerodep-3.2.12.jar:na]
	at org.testcontainers.shaded.com.github.dockerjava.core.DefaultInvocationBuilder.execute(DefaultInvocationBuilder.java:228) ~[testcontainers-1.16.3.jar:na]
	at org.testcontainers.shaded.com.github.dockerjava.core.DefaultInvocationBuilder.get(DefaultInvocationBuilder.java:202) ~[testcontainers-1.16.3.jar:na]
	at org.testcontainers.shaded.com.github.dockerjava.core.DefaultInvocationBuilder.get(DefaultInvocationBuilder.java:74) ~[testcontainers-1.16.3.jar:na]
	at org.testcontainers.shaded.com.github.dockerjava.core.exec.InfoCmdExec.exec(InfoCmdExec.java:24) ~[testcontainers-1.16.3.jar:na]
	at org.testcontainers.shaded.com.github.dockerjava.core.exec.InfoCmdExec.exec(InfoCmdExec.java:14) ~[testcontainers-1.16.3.jar:na]
	at org.testcontainers.shaded.com.github.dockerjava.core.command.AbstrDockerCmd.exec(AbstrDockerCmd.java:35) ~[testcontainers-1.16.3.jar:na]
	at org.testcontainers.dockerclient.DockerClientProviderStrategy.lambda$null$5(DockerClientProviderStrategy.java:170) ~[testcontainers-1.16.3.jar:na]
	at org.rnorth.ducttape.ratelimits.RateLimiter.getWhenReady(RateLimiter.java:51) ~[duct-tape-1.0.8.jar:na]
	at org.testcontainers.dockerclient.DockerClientProviderStrategy.lambda$tryOutStrategy$6(DockerClientProviderStrategy.java:168) ~[testcontainers-1.16.3.jar:na]
	at org.rnorth.ducttape.unreliables.Unreliables.lambda$retryUntilSuccess$0(Unreliables.java:43) ~[duct-tape-1.0.8.jar:na]
	at java.base/java.util.concurrent.FutureTask.run(FutureTask.java:264) ~[na:na]
	at java.base/java.util.concurrent.ThreadPoolExecutor.runWorker(ThreadPoolExecutor.java:1128) ~[na:na]
	at java.base/java.util.concurrent.ThreadPoolExecutor$Worker.run(ThreadPoolExecutor.java:628) ~[na:na]
	at java.base/java.lang.Thread.run(Thread.java:829) ~[na:na]
Caused by: com.sun.jna.LastErrorException: [13] Permission denied
	at com.github.dockerjava.transport.LinuxDomainSocket.connect(Native Method) ~[docker-java-transport-3.2.12.jar:na]
	at com.github.dockerjava.transport.LinuxDomainSocket.connect(LinuxDomainSocket.java:49) ~[docker-java-transport-3.2.12.jar:na]
	at com.github.dockerjava.transport.DomainSocket.open(DomainSocket.java:69) ~[docker-java-transport-3.2.12.jar:na]
	at com.github.dockerjava.transport.DomainSocket.&lt;init&gt;(DomainSocket.java:59) ~[docker-java-transport-3.2.12.jar:na]
	... 40 common frames omitted
20:18:51.767 [ducttape-0] INFO  c.g.d.z.s.o.a.h.c.h.i.c.HttpRequestRetryExec - Recoverable I/O exception (java.io.IOException) caught when processing request to {}-&gt;unix://localhost:2375
20:18:51.768 [ducttape-0] DEBUG c.g.d.z.s.o.a.h.c.h.p.RequestAddCookies - Cookie spec selected: strict
20:18:51.768 [ducttape-0] DEBUG c.g.d.z.s.o.a.h.c.h.p.RequestAuthCache - Auth cache not set in the context
20:18:51.769 [ducttape-0] DEBUG c.g.d.z.s.o.a.h.c.h.i.c.ProtocolExec - ex-00000012: target auth state: UNCHALLENGED
20:18:51.771 [ducttape-0] DEBUG c.g.d.z.s.o.a.h.c.h.i.c.ProtocolExec - ex-00000012: proxy auth state: UNCHALLENGED
20:18:51.771 [ducttape-0] DEBUG c.g.d.z.s.o.a.h.c.h.i.c.ConnectExec - ex-00000012: acquiring connection with route {}-&gt;unix://localhost:2375
20:18:51.771 [ducttape-0] DEBUG c.g.d.z.s.o.a.h.c.h.i.c.InternalHttpClient - ex-00000012: acquiring endpoint (3 MINUTES)
20:18:51.771 [ducttape-0] DEBUG c.g.d.z.s.o.a.h.c.h.i.i.PoolingHttpClientConnectionManager - ex-00000012: endpoint lease request (3 MINUTES) [route: {}-&gt;unix://localhost:2375][total available: 0; route allocated: 0 of 2147483647; total allocated: 0 of 2147483647]
20:18:51.784 [ducttape-0] DEBUG c.g.d.z.s.o.a.h.c.h.i.i.PoolingHttpClientConnectionManager - ex-00000012: endpoint leased [route: {}-&gt;unix://localhost:2375][total available: 0; route allocated: 1 of 2147483647; total allocated: 1 of 2147483647]
20:18:51.791 [ducttape-0] DEBUG c.g.d.z.s.o.a.h.c.h.i.i.PoolingHttpClientConnectionManager - ex-00000012: acquired ep-00000023
20:18:51.796 [ducttape-0] DEBUG c.g.d.z.s.o.a.h.c.h.i.c.InternalHttpClient - ex-00000012: acquired endpoint ep-00000023
20:18:51.798 [ducttape-0] DEBUG c.g.d.z.s.o.a.h.c.h.i.c.ConnectExec - ex-00000012: opening connection {}-&gt;unix://localhost:2375
20:18:51.798 [ducttape-0] DEBUG c.g.d.z.s.o.a.h.c.h.i.c.InternalHttpClient - ep-00000023: connecting endpoint (3 MINUTES)
20:18:51.798 [ducttape-0] DEBUG c.g.d.z.s.o.a.h.c.h.i.i.PoolingHttpClientConnectionManager - ep-00000023: connecting endpoint to unix://localhost:2375 (3 MINUTES)
20:18:51.799 [ducttape-0] DEBUG c.g.d.z.s.o.a.h.c.h.i.i.DefaultManagedHttpClientConnection - http-outgoing-35: close connection IMMEDIATE
20:18:51.804 [ducttape-0] DEBUG c.g.d.z.s.o.a.h.c.h.i.c.InternalHttpClient - ep-00000023: endpoint closed
20:18:51.804 [ducttape-0] DEBUG c.g.d.z.s.o.a.h.c.h.i.c.InternalHttpClient - ep-00000023: discarding endpoint
20:18:51.804 [ducttape-0] DEBUG c.g.d.z.s.o.a.h.c.h.i.i.PoolingHttpClientConnectionManager - ep-00000023: releasing endpoint
20:18:51.804 [ducttape-0] DEBUG c.g.d.z.s.o.a.h.c.h.i.i.PoolingHttpClientConnectionManager - ep-00000023: connection is not kept alive
20:18:51.806 [ducttape-0] DEBUG c.g.d.z.s.o.a.h.c.h.i.i.PoolingHttpClientConnectionManager - ep-00000023: connection released [route: {}-&gt;unix://localhost:2375][total available: 0; route allocated: 0 of 2147483647; total allocated: 0 of 2147483647]
20:18:51.906 [ducttape-0] DEBUG o.t.d.DockerClientProviderStrategy - Pinging docker daemon...
20:18:51.906 [ducttape-0] DEBUG o.t.s.c.g.d.c.command.AbstrDockerCmd - Cmd: 
20:18:51.907 [ducttape-0] DEBUG c.g.d.z.s.o.a.h.c.h.i.c.InternalHttpClient - ex-00000013: preparing request execution
20:18:51.907 [ducttape-0] DEBUG c.g.d.z.s.o.a.h.c.h.p.RequestAddCookies - Cookie spec selected: strict
20:18:51.907 [ducttape-0] DEBUG c.g.d.z.s.o.a.h.c.h.p.RequestAuthCache - Auth cache not set in the context
20:18:51.907 [ducttape-0] DEBUG c.g.d.z.s.o.a.h.c.h.i.c.ProtocolExec - ex-00000013: target auth state: UNCHALLENGED
20:18:51.907 [ducttape-0] DEBUG c.g.d.z.s.o.a.h.c.h.i.c.ProtocolExec - ex-00000013: proxy auth state: UNCHALLENGED
20:18:51.907 [ducttape-0] DEBUG c.g.d.z.s.o.a.h.c.h.i.c.ConnectExec - ex-00000013: acquiring connection with route {}-&gt;unix://localhost:2375
20:18:51.907 [ducttape-0] DEBUG c.g.d.z.s.o.a.h.c.h.i.c.InternalHttpClient - ex-00000013: acquiring endpoint (3 MINUTES)
20:18:51.907 [ducttape-0] DEBUG c.g.d.z.s.o.a.h.c.h.i.i.PoolingHttpClientConnectionManager - ex-00000013: endpoint lease request (3 MINUTES) [route: {}-&gt;unix://localhost:2375][total available: 0; route allocated: 0 of 2147483647; total allocated: 0 of 2147483647]
20:18:51.907 [ducttape-0] DEBUG c.g.d.z.s.o.a.h.c.h.i.i.PoolingHttpClientConnectionManager - ex-00000013: endpoint leased [route: {}-&gt;unix://localhost:2375][total available: 0; route allocated: 1 of 2147483647; total allocated: 1 of 2147483647]
20:18:51.907 [ducttape-0] DEBUG c.g.d.z.s.o.a.h.c.h.i.i.PoolingHttpClientConnectionManager - ex-00000013: acquired ep-00000024
20:18:51.907 [ducttape-0] DEBUG c.g.d.z.s.o.a.h.c.h.i.c.InternalHttpClient - ex-00000013: acquired endpoint ep-00000024
20:18:51.907 [ducttape-0] DEBUG c.g.d.z.s.o.a.h.c.h.i.c.ConnectExec - ex-00000013: opening connection {}-&gt;unix://localhost:2375
20:18:51.907 [ducttape-0] DEBUG c.g.d.z.s.o.a.h.c.h.i.c.InternalHttpClient - ep-00000024: connecting endpoint (3 MINUTES)
20:18:51.907 [ducttape-0] DEBUG c.g.d.z.s.o.a.h.c.h.i.i.PoolingHttpClientConnectionManager - ep-00000024: connecting endpoint to unix://localhost:2375 (3 MINUTES)
20:18:51.908 [ducttape-0] DEBUG c.g.d.z.s.o.a.h.c.h.i.i.DefaultManagedHttpClientConnection - http-outgoing-36: close connection IMMEDIATE
20:18:51.908 [ducttape-0] DEBUG c.g.d.z.s.o.a.h.c.h.i.c.InternalHttpClient - ep-00000024: endpoint closed
20:18:51.908 [ducttape-0] DEBUG c.g.d.z.s.o.a.h.c.h.i.c.InternalHttpClient - ep-00000024: discarding endpoint
20:18:51.908 [ducttape-0] DEBUG c.g.d.z.s.o.a.h.c.h.i.i.PoolingHttpClientConnectionManager - ep-00000024: releasing endpoint
20:18:51.908 [ducttape-0] DEBUG c.g.d.z.s.o.a.h.c.h.i.i.PoolingHttpClientConnectionManager - ep-00000024: connection is not kept alive
20:18:51.911 [ducttape-0] DEBUG c.g.d.z.s.o.a.h.c.h.i.i.PoolingHttpClientConnectionManager - ep-00000024: connection released [route: {}-&gt;unix://localhost:2375][total available: 0; route allocated: 0 of 2147483647; total allocated: 0 of 2147483647]
20:18:51.912 [ducttape-0] DEBUG c.g.d.z.s.o.a.h.c.h.i.c.HttpRequestRetryExec - ex-00000013: com.sun.jna.LastErrorException: [13] Permission denied
java.io.IOException: com.sun.jna.LastErrorException: [13] Permission denied
	at com.github.dockerjava.transport.DomainSocket.&lt;init&gt;(DomainSocket.java:63) ~[docker-java-transport-3.2.12.jar:na]
	at com.github.dockerjava.transport.LinuxDomainSocket.&lt;init&gt;(LinuxDomainSocket.java:41) ~[docker-java-transport-3.2.12.jar:na]
	at com.github.dockerjava.transport.DomainSocket.get(DomainSocket.java:140) ~[docker-java-transport-3.2.12.jar:na]
	at com.github.dockerjava.transport.UnixSocket.get(UnixSocket.java:27) ~[docker-java-transport-3.2.12.jar:na]
	at com.github.dockerjava.zerodep.ApacheDockerHttpClientImpl$2.createSocket(ApacheDockerHttpClientImpl.java:145) ~[docker-java-transport-zerodep-3.2.12.jar:na]
	at com.github.dockerjava.zerodep.shaded.org.apache.hc.client5.http.impl.io.DefaultHttpClientConnectionOperator.connect(DefaultHttpClientConnectionOperator.java:125) ~[docker-java-transport-zerodep-3.2.12.jar:na]
	at com.github.dockerjava.zerodep.shaded.org.apache.hc.client5.http.impl.io.PoolingHttpClientConnectionManager.connect(PoolingHttpClientConnectionManager.java:409) ~[docker-java-transport-zerodep-3.2.12.jar:na]
	at com.github.dockerjava.zerodep.shaded.org.apache.hc.client5.http.impl.classic.InternalExecRuntime.connectEndpoint(InternalExecRuntime.java:164) ~[docker-java-transport-zerodep-3.2.12.jar:na]
	at com.github.dockerjava.zerodep.shaded.org.apache.hc.client5.http.impl.classic.InternalExecRuntime.connectEndpoint(InternalExecRuntime.java:174) ~[docker-java-transport-zerodep-3.2.12.jar:na]
	at com.github.dockerjava.zerodep.shaded.org.apache.hc.client5.http.impl.classic.ConnectExec.execute(ConnectExec.java:135) ~[docker-java-transport-zerodep-3.2.12.jar:na]
	at com.github.dockerjava.zerodep.shaded.org.apache.hc.client5.http.impl.classic.ExecChainElement.execute(ExecChainElement.java:51) ~[docker-java-transport-zerodep-3.2.12.jar:na]
	at com.github.dockerjava.zerodep.shaded.org.apache.hc.client5.http.impl.classic.ExecChainElement$1.proceed(ExecChainElement.java:57) ~[docker-java-transport-zerodep-3.2.12.jar:na]
	at com.github.dockerjava.zerodep.shaded.org.apache.hc.client5.http.impl.classic.ProtocolExec.execute(ProtocolExec.java:172) ~[docker-java-transport-zerodep-3.2.12.jar:na]
	at com.github.dockerjava.zerodep.shaded.org.apache.hc.client5.http.impl.classic.ExecChainElement.execute(ExecChainElement.java:51) ~[docker-java-transport-zerodep-3.2.12.jar:na]
	at com.github.dockerjava.zerodep.shaded.org.apache.hc.client5.http.impl.classic.ExecChainElement$1.proceed(ExecChainElement.java:57) ~[docker-java-transport-zerodep-3.2.12.jar:na]
	at com.github.dockerjava.zerodep.shaded.org.apache.hc.client5.http.impl.classic.HttpRequestRetryExec.execute(HttpRequestRetryExec.java:93) ~[docker-java-transport-zerodep-3.2.12.jar:na]
	at com.github.dockerjava.zerodep.shaded.org.apache.hc.client5.http.impl.classic.ExecChainElement.execute(ExecChainElement.java:51) ~[docker-java-transport-zerodep-3.2.12.jar:na]
	at com.github.dockerjava.zerodep.shaded.org.apache.hc.client5.http.impl.classic.ExecChainElement$1.proceed(ExecChainElement.java:57) ~[docker-java-transport-zerodep-3.2.12.jar:na]
	at com.github.dockerjava.zerodep.shaded.org.apache.hc.client5.http.impl.classic.ContentCompressionExec.execute(ContentCompressionExec.java:128) ~[docker-java-transport-zerodep-3.2.12.jar:na]
	at com.github.dockerjava.zerodep.shaded.org.apache.hc.client5.http.impl.classic.ExecChainElement.execute(ExecChainElement.java:51) ~[docker-java-transport-zerodep-3.2.12.jar:na]
	at com.github.dockerjava.zerodep.shaded.org.apache.hc.client5.http.impl.classic.ExecChainElement$1.proceed(ExecChainElement.java:57) ~[docker-java-transport-zerodep-3.2.12.jar:na]
	at com.github.dockerjava.zerodep.shaded.org.apache.hc.client5.http.impl.classic.RedirectExec.execute(RedirectExec.java:116) ~[docker-java-transport-zerodep-3.2.12.jar:na]
	at com.github.dockerjava.zerodep.shaded.org.apache.hc.client5.http.impl.classic.ExecChainElement.execute(ExecChainElement.java:51) ~[docker-java-transport-zerodep-3.2.12.jar:na]
	at com.github.dockerjava.zerodep.shaded.org.apache.hc.client5.http.impl.classic.InternalHttpClient.doExecute(InternalHttpClient.java:178) ~[docker-java-transport-zerodep-3.2.12.jar:na]
	at com.github.dockerjava.zerodep.shaded.org.apache.hc.client5.http.impl.classic.CloseableHttpClient.execute(CloseableHttpClient.java:67) ~[docker-java-transport-zerodep-3.2.12.jar:na]
	at com.github.dockerjava.zerodep.ApacheDockerHttpClientImpl.execute(ApacheDockerHttpClientImpl.java:183) ~[docker-java-transport-zerodep-3.2.12.jar:na]
	at com.github.dockerjava.zerodep.ZerodepDockerHttpClient.execute(ZerodepDockerHttpClient.java:8) ~[docker-java-transport-zerodep-3.2.12.jar:na]
	at org.testcontainers.shaded.com.github.dockerjava.core.DefaultInvocationBuilder.execute(DefaultInvocationBuilder.java:228) ~[testcontainers-1.16.3.jar:na]
	at org.testcontainers.shaded.com.github.dockerjava.core.DefaultInvocationBuilder.get(DefaultInvocationBuilder.java:202) ~[testcontainers-1.16.3.jar:na]
	at org.testcontainers.shaded.com.github.dockerjava.core.DefaultInvocationBuilder.get(DefaultInvocationBuilder.java:74) ~[testcontainers-1.16.3.jar:na]
	at org.testcontainers.shaded.com.github.dockerjava.core.exec.InfoCmdExec.exec(InfoCmdExec.java:24) ~[testcontainers-1.16.3.jar:na]
	at org.testcontainers.shaded.com.github.dockerjava.core.exec.InfoCmdExec.exec(InfoCmdExec.java:14) ~[testcontainers-1.16.3.jar:na]
	at org.testcontainers.shaded.com.github.dockerjava.core.command.AbstrDockerCmd.exec(AbstrDockerCmd.java:35) ~[testcontainers-1.16.3.jar:na]
	at org.testcontainers.dockerclient.DockerClientProviderStrategy.lambda$null$5(DockerClientProviderStrategy.java:170) ~[testcontainers-1.16.3.jar:na]
	at org.rnorth.ducttape.ratelimits.RateLimiter.getWhenReady(RateLimiter.java:51) ~[duct-tape-1.0.8.jar:na]
	at org.testcontainers.dockerclient.DockerClientProviderStrategy.lambda$tryOutStrategy$6(DockerClientProviderStrategy.java:168) ~[testcontainers-1.16.3.jar:na]
	at org.rnorth.ducttape.unreliables.Unreliables.lambda$retryUntilSuccess$0(Unreliables.java:43) ~[duct-tape-1.0.8.jar:na]
	at java.base/java.util.concurrent.FutureTask.run(FutureTask.java:264) ~[na:na]
	at java.base/java.util.concurrent.ThreadPoolExecutor.runWorker(ThreadPoolExecutor.java:1128) ~[na:na]
	at java.base/java.util.concurrent.ThreadPoolExecutor$Worker.run(ThreadPoolExecutor.java:628) ~[na:na]
	at java.base/java.lang.Thread.run(Thread.java:829) ~[na:na]
Caused by: com.sun.jna.LastErrorException: [13] Permission denied
	at com.github.dockerjava.transport.LinuxDomainSocket.connect(Native Method) ~[docker-java-transport-3.2.12.jar:na]
	at com.github.dockerjava.transport.LinuxDomainSocket.connect(LinuxDomainSocket.java:49) ~[docker-java-transport-3.2.12.jar:na]
	at com.github.dockerjava.transport.DomainSocket.open(DomainSocket.java:69) ~[docker-java-transport-3.2.12.jar:na]
	at com.github.dockerjava.transport.DomainSocket.&lt;init&gt;(DomainSocket.java:59) ~[docker-java-transport-3.2.12.jar:na]
	... 40 common frames omitted
20:18:51.915 [ducttape-0] INFO  c.g.d.z.s.o.a.h.c.h.i.c.HttpRequestRetryExec - Recoverable I/O exception (java.io.IOException) caught when processing request to {}-&gt;unix://localhost:2375
20:18:51.915 [ducttape-0] DEBUG c.g.d.z.s.o.a.h.c.h.p.RequestAddCookies - Cookie spec selected: strict
20:18:51.916 [ducttape-0] DEBUG c.g.d.z.s.o.a.h.c.h.p.RequestAuthCache - Auth cache not set in the context
20:18:51.916 [ducttape-0] DEBUG c.g.d.z.s.o.a.h.c.h.i.c.ProtocolExec - ex-00000013: target auth state: UNCHALLENGED
20:18:51.916 [ducttape-0] DEBUG c.g.d.z.s.o.a.h.c.h.i.c.ProtocolExec - ex-00000013: proxy auth state: UNCHALLENGED
20:18:51.916 [ducttape-0] DEBUG c.g.d.z.s.o.a.h.c.h.i.c.ConnectExec - ex-00000013: acquiring connection with route {}-&gt;unix://localhost:2375
20:18:51.916 [ducttape-0] DEBUG c.g.d.z.s.o.a.h.c.h.i.c.InternalHttpClient - ex-00000013: acquiring endpoint (3 MINUTES)
20:18:51.917 [ducttape-0] DEBUG c.g.d.z.s.o.a.h.c.h.i.i.PoolingHttpClientConnectionManager - ex-00000013: endpoint lease request (3 MINUTES) [route: {}-&gt;unix://localhost:2375][total available: 0; route allocated: 0 of 2147483647; total allocated: 0 of 2147483647]
20:18:51.922 [ducttape-0] DEBUG c.g.d.z.s.o.a.h.c.h.i.i.PoolingHttpClientConnectionManager - ex-00000013: endpoint leased [route: {}-&gt;unix://localhost:2375][total available: 0; route allocated: 1 of 2147483647; total allocated: 1 of 2147483647]
20:18:51.926 [ducttape-0] DEBUG c.g.d.z.s.o.a.h.c.h.i.i.PoolingHttpClientConnectionManager - ex-00000013: acquired ep-00000025
20:18:51.931 [ducttape-0] DEBUG c.g.d.z.s.o.a.h.c.h.i.c.InternalHttpClient - ex-00000013: acquired endpoint ep-00000025
20:18:51.931 [ducttape-0] DEBUG c.g.d.z.s.o.a.h.c.h.i.c.ConnectExec - ex-00000013: opening connection {}-&gt;unix://localhost:2375
20:18:51.931 [ducttape-0] DEBUG c.g.d.z.s.o.a.h.c.h.i.c.InternalHttpClient - ep-00000025: connecting endpoint (3 MINUTES)
20:18:51.931 [ducttape-0] DEBUG c.g.d.z.s.o.a.h.c.h.i.i.PoolingHttpClientConnectionManager - ep-00000025: connecting endpoint to unix://localhost:2375 (3 MINUTES)
20:18:51.934 [ducttape-0] DEBUG c.g.d.z.s.o.a.h.c.h.i.i.DefaultManagedHttpClientConnection - http-outgoing-37: close connection IMMEDIATE
20:18:51.934 [ducttape-0] DEBUG c.g.d.z.s.o.a.h.c.h.i.c.InternalHttpClient - ep-00000025: endpoint closed
20:18:51.934 [ducttape-0] DEBUG c.g.d.z.s.o.a.h.c.h.i.c.InternalHttpClient - ep-00000025: discarding endpoint
20:18:51.934 [ducttape-0] DEBUG c.g.d.z.s.o.a.h.c.h.i.i.PoolingHttpClientConnectionManager - ep-00000025: releasing endpoint
20:18:51.934 [ducttape-0] DEBUG c.g.d.z.s.o.a.h.c.h.i.i.PoolingHttpClientConnectionManager - ep-00000025: connection is not kept alive
20:18:51.934 [ducttape-0] DEBUG c.g.d.z.s.o.a.h.c.h.i.i.PoolingHttpClientConnectionManager - ep-00000025: connection released [route: {}-&gt;unix://localhost:2375][total available: 0; route allocated: 0 of 2147483647; total allocated: 0 of 2147483647]
20:18:52.035 [ducttape-0] DEBUG o.t.d.DockerClientProviderStrategy - Pinging docker daemon...
20:18:52.036 [ducttape-0] DEBUG o.t.s.c.g.d.c.command.AbstrDockerCmd - Cmd: 
20:18:52.036 [ducttape-0] DEBUG c.g.d.z.s.o.a.h.c.h.i.c.InternalHttpClient - ex-00000014: preparing request execution
20:18:52.036 [ducttape-0] DEBUG c.g.d.z.s.o.a.h.c.h.p.RequestAddCookies - Cookie spec selected: strict
20:18:52.036 [ducttape-0] DEBUG c.g.d.z.s.o.a.h.c.h.p.RequestAuthCache - Auth cache not set in the context
20:18:52.036 [ducttape-0] DEBUG c.g.d.z.s.o.a.h.c.h.i.c.ProtocolExec - ex-00000014: target auth state: UNCHALLENGED
20:18:52.036 [ducttape-0] DEBUG c.g.d.z.s.o.a.h.c.h.i.c.ProtocolExec - ex-00000014: proxy auth state: UNCHALLENGED
20:18:52.036 [ducttape-0] DEBUG c.g.d.z.s.o.a.h.c.h.i.c.ConnectExec - ex-00000014: acquiring connection with route {}-&gt;unix://localhost:2375
20:18:52.036 [ducttape-0] DEBUG c.g.d.z.s.o.a.h.c.h.i.c.InternalHttpClient - ex-00000014: acquiring endpoint (3 MINUTES)
20:18:52.036 [ducttape-0] DEBUG c.g.d.z.s.o.a.h.c.h.i.i.PoolingHttpClientConnectionManager - ex-00000014: endpoint lease request (3 MINUTES) [route: {}-&gt;unix://localhost:2375][total available: 0; route allocated: 0 of 2147483647; total allocated: 0 of 2147483647]
20:18:52.036 [ducttape-0] DEBUG c.g.d.z.s.o.a.h.c.h.i.i.PoolingHttpClientConnectionManager - ex-00000014: endpoint leased [route: {}-&gt;unix://localhost:2375][total available: 0; route allocated: 1 of 2147483647; total allocated: 1 of 2147483647]
20:18:52.037 [ducttape-0] DEBUG c.g.d.z.s.o.a.h.c.h.i.i.PoolingHttpClientConnectionManager - ex-00000014: acquired ep-00000026
20:18:52.037 [ducttape-0] DEBUG c.g.d.z.s.o.a.h.c.h.i.c.InternalHttpClient - ex-00000014: acquired endpoint ep-00000026
20:18:52.037 [ducttape-0] DEBUG c.g.d.z.s.o.a.h.c.h.i.c.ConnectExec - ex-00000014: opening connection {}-&gt;unix://localhost:2375
20:18:52.037 [ducttape-0] DEBUG c.g.d.z.s.o.a.h.c.h.i.c.InternalHttpClient - ep-00000026: connecting endpoint (3 MINUTES)
20:18:52.037 [ducttape-0] DEBUG c.g.d.z.s.o.a.h.c.h.i.i.PoolingHttpClientConnectionManager - ep-00000026: connecting endpoint to unix://localhost:2375 (3 MINUTES)
20:18:52.038 [ducttape-0] DEBUG c.g.d.z.s.o.a.h.c.h.i.i.DefaultManagedHttpClientConnection - http-outgoing-38: close connection IMMEDIATE
20:18:52.038 [ducttape-0] DEBUG c.g.d.z.s.o.a.h.c.h.i.c.InternalHttpClient - ep-00000026: endpoint closed
20:18:52.038 [ducttape-0] DEBUG c.g.d.z.s.o.a.h.c.h.i.c.InternalHttpClient - ep-00000026: discarding endpoint
20:18:52.038 [ducttape-0] DEBUG c.g.d.z.s.o.a.h.c.h.i.i.PoolingHttpClientConnectionManager - ep-00000026: releasing endpoint
20:18:52.038 [ducttape-0] DEBUG c.g.d.z.s.o.a.h.c.h.i.i.PoolingHttpClientConnectionManager - ep-00000026: connection is not kept alive
20:18:52.038 [ducttape-0] DEBUG c.g.d.z.s.o.a.h.c.h.i.i.PoolingHttpClientConnectionManager - ep-00000026: connection released [route: {}-&gt;unix://localhost:2375][total available: 0; route allocated: 0 of 2147483647; total allocated: 0 of 2147483647]
20:18:52.038 [ducttape-0] DEBUG c.g.d.z.s.o.a.h.c.h.i.c.HttpRequestRetryExec - ex-00000014: com.sun.jna.LastErrorException: [13] Permission denied
java.io.IOException: com.sun.jna.LastErrorException: [13] Permission denied
	at com.github.dockerjava.transport.DomainSocket.&lt;init&gt;(DomainSocket.java:63) ~[docker-java-transport-3.2.12.jar:na]
	at com.github.dockerjava.transport.LinuxDomainSocket.&lt;init&gt;(LinuxDomainSocket.java:41) ~[docker-java-transport-3.2.12.jar:na]
	at com.github.dockerjava.transport.DomainSocket.get(DomainSocket.java:140) ~[docker-java-transport-3.2.12.jar:na]
	at com.github.dockerjava.transport.UnixSocket.get(UnixSocket.java:27) ~[docker-java-transport-3.2.12.jar:na]
	at com.github.dockerjava.zerodep.ApacheDockerHttpClientImpl$2.createSocket(ApacheDockerHttpClientImpl.java:145) ~[docker-java-transport-zerodep-3.2.12.jar:na]
	at com.github.dockerjava.zerodep.shaded.org.apache.hc.client5.http.impl.io.DefaultHttpClientConnectionOperator.connect(DefaultHttpClientConnectionOperator.java:125) ~[docker-java-transport-zerodep-3.2.12.jar:na]
	at com.github.dockerjava.zerodep.shaded.org.apache.hc.client5.http.impl.io.PoolingHttpClientConnectionManager.connect(PoolingHttpClientConnectionManager.java:409) ~[docker-java-transport-zerodep-3.2.12.jar:na]
	at com.github.dockerjava.zerodep.shaded.org.apache.hc.client5.http.impl.classic.InternalExecRuntime.connectEndpoint(InternalExecRuntime.java:164) ~[docker-java-transport-zerodep-3.2.12.jar:na]
	at com.github.dockerjava.zerodep.shaded.org.apache.hc.client5.http.impl.classic.InternalExecRuntime.connectEndpoint(InternalExecRuntime.java:174) ~[docker-java-transport-zerodep-3.2.12.jar:na]
	at com.github.dockerjava.zerodep.shaded.org.apache.hc.client5.http.impl.classic.ConnectExec.execute(ConnectExec.java:135) ~[docker-java-transport-zerodep-3.2.12.jar:na]
	at com.github.dockerjava.zerodep.shaded.org.apache.hc.client5.http.impl.classic.ExecChainElement.execute(ExecChainElement.java:51) ~[docker-java-transport-zerodep-3.2.12.jar:na]
	at com.github.dockerjava.zerodep.shaded.org.apache.hc.client5.http.impl.classic.ExecChainElement$1.proceed(ExecChainElement.java:57) ~[docker-java-transport-zerodep-3.2.12.jar:na]
	at com.github.dockerjava.zerodep.shaded.org.apache.hc.client5.http.impl.classic.ProtocolExec.execute(ProtocolExec.java:172) ~[docker-java-transport-zerodep-3.2.12.jar:na]
	at com.github.dockerjava.zerodep.shaded.org.apache.hc.client5.http.impl.classic.ExecChainElement.execute(ExecChainElement.java:51) ~[docker-java-transport-zerodep-3.2.12.jar:na]
	at com.github.dockerjava.zerodep.shaded.org.apache.hc.client5.http.impl.classic.ExecChainElement$1.proceed(ExecChainElement.java:57) ~[docker-java-transport-zerodep-3.2.12.jar:na]
	at com.github.dockerjava.zerodep.shaded.org.apache.hc.client5.http.impl.classic.HttpRequestRetryExec.execute(HttpRequestRetryExec.java:93) ~[docker-java-transport-zerodep-3.2.12.jar:na]
	at com.github.dockerjava.zerodep.shaded.org.apache.hc.client5.http.impl.classic.ExecChainElement.execute(ExecChainElement.java:51) ~[docker-java-transport-zerodep-3.2.12.jar:na]
	at com.github.dockerjava.zerodep.shaded.org.apache.hc.client5.http.impl.classic.ExecChainElement$1.proceed(ExecChainElement.java:57) ~[docker-java-transport-zerodep-3.2.12.jar:na]
	at com.github.dockerjava.zerodep.shaded.org.apache.hc.client5.http.impl.classic.ContentCompressionExec.execute(ContentCompressionExec.java:128) ~[docker-java-transport-zerodep-3.2.12.jar:na]
	at com.github.dockerjava.zerodep.shaded.org.apache.hc.client5.http.impl.classic.ExecChainElement.execute(ExecChainElement.java:51) ~[docker-java-transport-zerodep-3.2.12.jar:na]
	at com.github.dockerjava.zerodep.shaded.org.apache.hc.client5.http.impl.classic.ExecChainElement$1.proceed(ExecChainElement.java:57) ~[docker-java-transport-zerodep-3.2.12.jar:na]
	at com.github.dockerjava.zerodep.shaded.org.apache.hc.client5.http.impl.classic.RedirectExec.execute(RedirectExec.java:116) ~[docker-java-transport-zerodep-3.2.12.jar:na]
	at com.github.dockerjava.zerodep.shaded.org.apache.hc.client5.http.impl.classic.ExecChainElement.execute(ExecChainElement.java:51) ~[docker-java-transport-zerodep-3.2.12.jar:na]
	at com.github.dockerjava.zerodep.shaded.org.apache.hc.client5.http.impl.classic.InternalHttpClient.doExecute(InternalHttpClient.java:178) ~[docker-java-transport-zerodep-3.2.12.jar:na]
	at com.github.dockerjava.zerodep.shaded.org.apache.hc.client5.http.impl.classic.CloseableHttpClient.execute(CloseableHttpClient.java:67) ~[docker-java-transport-zerodep-3.2.12.jar:na]
	at com.github.dockerjava.zerodep.ApacheDockerHttpClientImpl.execute(ApacheDockerHttpClientImpl.java:183) ~[docker-java-transport-zerodep-3.2.12.jar:na]
	at com.github.dockerjava.zerodep.ZerodepDockerHttpClient.execute(ZerodepDockerHttpClient.java:8) ~[docker-java-transport-zerodep-3.2.12.jar:na]
	at org.testcontainers.shaded.com.github.dockerjava.core.DefaultInvocationBuilder.execute(DefaultInvocationBuilder.java:228) ~[testcontainers-1.16.3.jar:na]
	at org.testcontainers.shaded.com.github.dockerjava.core.DefaultInvocationBuilder.get(DefaultInvocationBuilder.java:202) ~[testcontainers-1.16.3.jar:na]
	at org.testcontainers.shaded.com.github.dockerjava.core.DefaultInvocationBuilder.get(DefaultInvocationBuilder.java:74) ~[testcontainers-1.16.3.jar:na]
	at org.testcontainers.shaded.com.github.dockerjava.core.exec.InfoCmdExec.exec(InfoCmdExec.java:24) ~[testcontainers-1.16.3.jar:na]
	at org.testcontainers.shaded.com.github.dockerjava.core.exec.InfoCmdExec.exec(InfoCmdExec.java:14) ~[testcontainers-1.16.3.jar:na]
	at org.testcontainers.shaded.com.github.dockerjava.core.command.AbstrDockerCmd.exec(AbstrDockerCmd.java:35) ~[testcontainers-1.16.3.jar:na]
	at org.testcontainers.dockerclient.DockerClientProviderStrategy.lambda$null$5(DockerClientProviderStrategy.java:170) ~[testcontainers-1.16.3.jar:na]
	at org.rnorth.ducttape.ratelimits.RateLimiter.getWhenReady(RateLimiter.java:51) ~[duct-tape-1.0.8.jar:na]
	at org.testcontainers.dockerclient.DockerClientProviderStrategy.lambda$tryOutStrategy$6(DockerClientProviderStrategy.java:168) ~[testcontainers-1.16.3.jar:na]
	at org.rnorth.ducttape.unreliables.Unreliables.lambda$retryUntilSuccess$0(Unreliables.java:43) ~[duct-tape-1.0.8.jar:na]
	at java.base/java.util.concurrent.FutureTask.run(FutureTask.java:264) ~[na:na]
	at java.base/java.util.concurrent.ThreadPoolExecutor.runWorker(ThreadPoolExecutor.java:1128) ~[na:na]
	at java.base/java.util.concurrent.ThreadPoolExecutor$Worker.run(ThreadPoolExecutor.java:628) ~[na:na]
	at java.base/java.lang.Thread.run(Thread.java:829) ~[na:na]
Caused by: com.sun.jna.LastErrorException: [13] Permission denied
	at com.github.dockerjava.transport.LinuxDomainSocket.connect(Native Method) ~[docker-java-transport-3.2.12.jar:na]
	at com.github.dockerjava.transport.LinuxDomainSocket.connect(LinuxDomainSocket.java:49) ~[docker-java-transport-3.2.12.jar:na]
	at com.github.dockerjava.transport.DomainSocket.open(DomainSocket.java:69) ~[docker-java-transport-3.2.12.jar:na]
	at com.github.dockerjava.transport.DomainSocket.&lt;init&gt;(DomainSocket.java:59) ~[docker-java-transport-3.2.12.jar:na]
	... 40 common frames omitted
20:18:52.044 [ducttape-0] INFO  c.g.d.z.s.o.a.h.c.h.i.c.HttpRequestRetryExec - Recoverable I/O exception (java.io.IOException) caught when processing request to {}-&gt;unix://localhost:2375
20:18:52.045 [ducttape-0] DEBUG c.g.d.z.s.o.a.h.c.h.p.RequestAddCookies - Cookie spec selected: strict
20:18:52.045 [ducttape-0] DEBUG c.g.d.z.s.o.a.h.c.h.p.RequestAuthCache - Auth cache not set in the context
20:18:52.045 [ducttape-0] DEBUG c.g.d.z.s.o.a.h.c.h.i.c.ProtocolExec - ex-00000014: target auth state: UNCHALLENGED
20:18:52.045 [ducttape-0] DEBUG c.g.d.z.s.o.a.h.c.h.i.c.ProtocolExec - ex-00000014: proxy auth state: UNCHALLENGED
20:18:52.046 [ducttape-0] DEBUG c.g.d.z.s.o.a.h.c.h.i.c.ConnectExec - ex-00000014: acquiring connection with route {}-&gt;unix://localhost:2375
20:18:52.046 [ducttape-0] DEBUG c.g.d.z.s.o.a.h.c.h.i.c.InternalHttpClient - ex-00000014: acquiring endpoint (3 MINUTES)
20:18:52.046 [ducttape-0] DEBUG c.g.d.z.s.o.a.h.c.h.i.i.PoolingHttpClientConnectionManager - ex-00000014: endpoint lease request (3 MINUTES) [route: {}-&gt;unix://localhost:2375][total available: 0; route allocated: 0 of 2147483647; total allocated: 0 of 2147483647]
20:18:52.047 [ducttape-0] DEBUG c.g.d.z.s.o.a.h.c.h.i.i.PoolingHttpClientConnectionManager - ex-00000014: endpoint leased [route: {}-&gt;unix://localhost:2375][total available: 0; route allocated: 1 of 2147483647; total allocated: 1 of 2147483647]
20:18:52.047 [ducttape-0] DEBUG c.g.d.z.s.o.a.h.c.h.i.i.PoolingHttpClientConnectionManager - ex-00000014: acquired ep-00000027
20:18:52.047 [ducttape-0] DEBUG c.g.d.z.s.o.a.h.c.h.i.c.InternalHttpClient - ex-00000014: acquired endpoint ep-00000027
20:18:52.047 [ducttape-0] DEBUG c.g.d.z.s.o.a.h.c.h.i.c.ConnectExec - ex-00000014: opening connection {}-&gt;unix://localhost:2375
20:18:52.047 [ducttape-0] DEBUG c.g.d.z.s.o.a.h.c.h.i.c.InternalHttpClient - ep-00000027: connecting endpoint (3 MINUTES)
20:18:52.047 [ducttape-0] DEBUG c.g.d.z.s.o.a.h.c.h.i.i.PoolingHttpClientConnectionManager - ep-00000027: connecting endpoint to unix://localhost:2375 (3 MINUTES)
20:18:52.056 [ducttape-0] DEBUG c.g.d.z.s.o.a.h.c.h.i.i.DefaultManagedHttpClientConnection - http-outgoing-39: close connection IMMEDIATE
20:18:52.056 [ducttape-0] DEBUG c.g.d.z.s.o.a.h.c.h.i.c.InternalHttpClient - ep-00000027: endpoint closed
20:18:52.056 [ducttape-0] DEBUG c.g.d.z.s.o.a.h.c.h.i.c.InternalHttpClient - ep-00000027: discarding endpoint
20:18:52.056 [ducttape-0] DEBUG c.g.d.z.s.o.a.h.c.h.i.i.PoolingHttpClientConnectionManager - ep-00000027: releasing endpoint
20:18:52.056 [ducttape-0] DEBUG c.g.d.z.s.o.a.h.c.h.i.i.PoolingHttpClientConnectionManager - ep-00000027: connection is not kept alive
20:18:52.056 [ducttape-0] DEBUG c.g.d.z.s.o.a.h.c.h.i.i.PoolingHttpClientConnectionManager - ep-00000027: connection released [route: {}-&gt;unix://localhost:2375][total available: 0; route allocated: 0 of 2147483647; total allocated: 0 of 2147483647]
20:18:52.157 [ducttape-0] DEBUG o.t.d.DockerClientProviderStrategy - Pinging docker daemon...
20:18:52.157 [ducttape-0] DEBUG o.t.s.c.g.d.c.command.AbstrDockerCmd - Cmd: 
20:18:52.157 [ducttape-0] DEBUG c.g.d.z.s.o.a.h.c.h.i.c.InternalHttpClient - ex-00000015: preparing request execution
20:18:52.158 [ducttape-0] DEBUG c.g.d.z.s.o.a.h.c.h.p.RequestAddCookies - Cookie spec selected: strict
20:18:52.158 [ducttape-0] DEBUG c.g.d.z.s.o.a.h.c.h.p.RequestAuthCache - Auth cache not set in the context
20:18:52.158 [ducttape-0] DEBUG c.g.d.z.s.o.a.h.c.h.i.c.ProtocolExec - ex-00000015: target auth state: UNCHALLENGED
20:18:52.158 [ducttape-0] DEBUG c.g.d.z.s.o.a.h.c.h.i.c.ProtocolExec - ex-00000015: proxy auth state: UNCHALLENGED
20:18:52.158 [ducttape-0] DEBUG c.g.d.z.s.o.a.h.c.h.i.c.ConnectExec - ex-00000015: acquiring connection with route {}-&gt;unix://localhost:2375
20:18:52.158 [ducttape-0] DEBUG c.g.d.z.s.o.a.h.c.h.i.c.InternalHttpClient - ex-00000015: acquiring endpoint (3 MINUTES)
20:18:52.158 [ducttape-0] DEBUG c.g.d.z.s.o.a.h.c.h.i.i.PoolingHttpClientConnectionManager - ex-00000015: endpoint lease request (3 MINUTES) [route: {}-&gt;unix://localhost:2375][total available: 0; route allocated: 0 of 2147483647; total allocated: 0 of 2147483647]
20:18:52.158 [ducttape-0] DEBUG c.g.d.z.s.o.a.h.c.h.i.i.PoolingHttpClientConnectionManager - ex-00000015: endpoint leased [route: {}-&gt;unix://localhost:2375][total available: 0; route allocated: 1 of 2147483647; total allocated: 1 of 2147483647]
20:18:52.159 [ducttape-0] DEBUG c.g.d.z.s.o.a.h.c.h.i.i.PoolingHttpClientConnectionManager - ex-00000015: acquired ep-00000028
20:18:52.159 [ducttape-0] DEBUG c.g.d.z.s.o.a.h.c.h.i.c.InternalHttpClient - ex-00000015: acquired endpoint ep-00000028
20:18:52.159 [ducttape-0] DEBUG c.g.d.z.s.o.a.h.c.h.i.c.ConnectExec - ex-00000015: opening connection {}-&gt;unix://localhost:2375
20:18:52.159 [ducttape-0] DEBUG c.g.d.z.s.o.a.h.c.h.i.c.InternalHttpClient - ep-00000028: connecting endpoint (3 MINUTES)
20:18:52.159 [ducttape-0] DEBUG c.g.d.z.s.o.a.h.c.h.i.i.PoolingHttpClientConnectionManager - ep-00000028: connecting endpoint to unix://localhost:2375 (3 MINUTES)
20:18:52.160 [ducttape-0] DEBUG c.g.d.z.s.o.a.h.c.h.i.i.DefaultManagedHttpClientConnection - http-outgoing-40: close connection IMMEDIATE
20:18:52.164 [ducttape-0] DEBUG c.g.d.z.s.o.a.h.c.h.i.c.InternalHttpClient - ep-00000028: endpoint closed
20:18:52.164 [ducttape-0] DEBUG c.g.d.z.s.o.a.h.c.h.i.c.InternalHttpClient - ep-00000028: discarding endpoint
20:18:52.164 [ducttape-0] DEBUG c.g.d.z.s.o.a.h.c.h.i.i.PoolingHttpClientConnectionManager - ep-00000028: releasing endpoint
20:18:52.164 [ducttape-0] DEBUG c.g.d.z.s.o.a.h.c.h.i.i.PoolingHttpClientConnectionManager - ep-00000028: connection is not kept alive
20:18:52.164 [ducttape-0] DEBUG c.g.d.z.s.o.a.h.c.h.i.i.PoolingHttpClientConnectionManager - ep-00000028: connection released [route: {}-&gt;unix://localhost:2375][total available: 0; route allocated: 0 of 2147483647; total allocated: 0 of 2147483647]
20:18:52.165 [ducttape-0] DEBUG c.g.d.z.s.o.a.h.c.h.i.c.HttpRequestRetryExec - ex-00000015: com.sun.jna.LastErrorException: [13] Permission denied
java.io.IOException: com.sun.jna.LastErrorException: [13] Permission denied
	at com.github.dockerjava.transport.DomainSocket.&lt;init&gt;(DomainSocket.java:63) ~[docker-java-transport-3.2.12.jar:na]
	at com.github.dockerjava.transport.LinuxDomainSocket.&lt;init&gt;(LinuxDomainSocket.java:41) ~[docker-java-transport-3.2.12.jar:na]
	at com.github.dockerjava.transport.DomainSocket.get(DomainSocket.java:140) ~[docker-java-transport-3.2.12.jar:na]
	at com.github.dockerjava.transport.UnixSocket.get(UnixSocket.java:27) ~[docker-java-transport-3.2.12.jar:na]
	at com.github.dockerjava.zerodep.ApacheDockerHttpClientImpl$2.createSocket(ApacheDockerHttpClientImpl.java:145) ~[docker-java-transport-zerodep-3.2.12.jar:na]
	at com.github.dockerjava.zerodep.shaded.org.apache.hc.client5.http.impl.io.DefaultHttpClientConnectionOperator.connect(DefaultHttpClientConnectionOperator.java:125) ~[docker-java-transport-zerodep-3.2.12.jar:na]
	at com.github.dockerjava.zerodep.shaded.org.apache.hc.client5.http.impl.io.PoolingHttpClientConnectionManager.connect(PoolingHttpClientConnectionManager.java:409) ~[docker-java-transport-zerodep-3.2.12.jar:na]
	at com.github.dockerjava.zerodep.shaded.org.apache.hc.client5.http.impl.classic.InternalExecRuntime.connectEndpoint(InternalExecRuntime.java:164) ~[docker-java-transport-zerodep-3.2.12.jar:na]
	at com.github.dockerjava.zerodep.shaded.org.apache.hc.client5.http.impl.classic.InternalExecRuntime.connectEndpoint(InternalExecRuntime.java:174) ~[docker-java-transport-zerodep-3.2.12.jar:na]
	at com.github.dockerjava.zerodep.shaded.org.apache.hc.client5.http.impl.classic.ConnectExec.execute(ConnectExec.java:135) ~[docker-java-transport-zerodep-3.2.12.jar:na]
	at com.github.dockerjava.zerodep.shaded.org.apache.hc.client5.http.impl.classic.ExecChainElement.execute(ExecChainElement.java:51) ~[docker-java-transport-zerodep-3.2.12.jar:na]
	at com.github.dockerjava.zerodep.shaded.org.apache.hc.client5.http.impl.classic.ExecChainElement$1.proceed(ExecChainElement.java:57) ~[docker-java-transport-zerodep-3.2.12.jar:na]
	at com.github.dockerjava.zerodep.shaded.org.apache.hc.client5.http.impl.classic.ProtocolExec.execute(ProtocolExec.java:172) ~[docker-java-transport-zerodep-3.2.12.jar:na]
	at com.github.dockerjava.zerodep.shaded.org.apache.hc.client5.http.impl.classic.ExecChainElement.execute(ExecChainElement.java:51) ~[docker-java-transport-zerodep-3.2.12.jar:na]
	at com.github.dockerjava.zerodep.shaded.org.apache.hc.client5.http.impl.classic.ExecChainElement$1.proceed(ExecChainElement.java:57) ~[docker-java-transport-zerodep-3.2.12.jar:na]
	at com.github.dockerjava.zerodep.shaded.org.apache.hc.client5.http.impl.classic.HttpRequestRetryExec.execute(HttpRequestRetryExec.java:93) ~[docker-java-transport-zerodep-3.2.12.jar:na]
	at com.github.dockerjava.zerodep.shaded.org.apache.hc.client5.http.impl.classic.ExecChainElement.execute(ExecChainElement.java:51) ~[docker-java-transport-zerodep-3.2.12.jar:na]
	at com.github.dockerjava.zerodep.shaded.org.apache.hc.client5.http.impl.classic.ExecChainElement$1.proceed(ExecChainElement.java:57) ~[docker-java-transport-zerodep-3.2.12.jar:na]
	at com.github.dockerjava.zerodep.shaded.org.apache.hc.client5.http.impl.classic.ContentCompressionExec.execute(ContentCompressionExec.java:128) ~[docker-java-transport-zerodep-3.2.12.jar:na]
	at com.github.dockerjava.zerodep.shaded.org.apache.hc.client5.http.impl.classic.ExecChainElement.execute(ExecChainElement.java:51) ~[docker-java-transport-zerodep-3.2.12.jar:na]
	at com.github.dockerjava.zerodep.shaded.org.apache.hc.client5.http.impl.classic.ExecChainElement$1.proceed(ExecChainElement.java:57) ~[docker-java-transport-zerodep-3.2.12.jar:na]
	at com.github.dockerjava.zerodep.shaded.org.apache.hc.client5.http.impl.classic.RedirectExec.execute(RedirectExec.java:116) ~[docker-java-transport-zerodep-3.2.12.jar:na]
	at com.github.dockerjava.zerodep.shaded.org.apache.hc.client5.http.impl.classic.ExecChainElement.execute(ExecChainElement.java:51) ~[docker-java-transport-zerodep-3.2.12.jar:na]
	at com.github.dockerjava.zerodep.shaded.org.apache.hc.client5.http.impl.classic.InternalHttpClient.doExecute(InternalHttpClient.java:178) ~[docker-java-transport-zerodep-3.2.12.jar:na]
	at com.github.dockerjava.zerodep.shaded.org.apache.hc.client5.http.impl.classic.CloseableHttpClient.execute(CloseableHttpClient.java:67) ~[docker-java-transport-zerodep-3.2.12.jar:na]
	at com.github.dockerjava.zerodep.ApacheDockerHttpClientImpl.execute(ApacheDockerHttpClientImpl.java:183) ~[docker-java-transport-zerodep-3.2.12.jar:na]
	at com.github.dockerjava.zerodep.ZerodepDockerHttpClient.execute(ZerodepDockerHttpClient.java:8) ~[docker-java-transport-zerodep-3.2.12.jar:na]
	at org.testcontainers.shaded.com.github.dockerjava.core.DefaultInvocationBuilder.execute(DefaultInvocationBuilder.java:228) ~[testcontainers-1.16.3.jar:na]
	at org.testcontainers.shaded.com.github.dockerjava.core.DefaultInvocationBuilder.get(DefaultInvocationBuilder.java:202) ~[testcontainers-1.16.3.jar:na]
	at org.testcontainers.shaded.com.github.dockerjava.core.DefaultInvocationBuilder.get(DefaultInvocationBuilder.java:74) ~[testcontainers-1.16.3.jar:na]
	at org.testcontainers.shaded.com.github.dockerjava.core.exec.InfoCmdExec.exec(InfoCmdExec.java:24) ~[testcontainers-1.16.3.jar:na]
	at org.testcontainers.shaded.com.github.dockerjava.core.exec.InfoCmdExec.exec(InfoCmdExec.java:14) ~[testcontainers-1.16.3.jar:na]
	at org.testcontainers.shaded.com.github.dockerjava.core.command.AbstrDockerCmd.exec(AbstrDockerCmd.java:35) ~[testcontainers-1.16.3.jar:na]
	at org.testcontainers.dockerclient.DockerClientProviderStrategy.lambda$null$5(DockerClientProviderStrategy.java:170) ~[testcontainers-1.16.3.jar:na]
	at org.rnorth.ducttape.ratelimits.RateLimiter.getWhenReady(RateLimiter.java:51) ~[duct-tape-1.0.8.jar:na]
	at org.testcontainers.dockerclient.DockerClientProviderStrategy.lambda$tryOutStrategy$6(DockerClientProviderStrategy.java:168) ~[testcontainers-1.16.3.jar:na]
	at org.rnorth.ducttape.unreliables.Unreliables.lambda$retryUntilSuccess$0(Unreliables.java:43) ~[duct-tape-1.0.8.jar:na]
	at java.base/java.util.concurrent.FutureTask.run(FutureTask.java:264) ~[na:na]
	at java.base/java.util.concurrent.ThreadPoolExecutor.runWorker(ThreadPoolExecutor.java:1128) ~[na:na]
	at java.base/java.util.concurrent.ThreadPoolExecutor$Worker.run(ThreadPoolExecutor.java:628) ~[na:na]
	at java.base/java.lang.Thread.run(Thread.java:829) ~[na:na]
Caused by: com.sun.jna.LastErrorException: [13] Permission denied
	at com.github.dockerjava.transport.LinuxDomainSocket.connect(Native Method) ~[docker-java-transport-3.2.12.jar:na]
	at com.github.dockerjava.transport.LinuxDomainSocket.connect(LinuxDomainSocket.java:49) ~[docker-java-transport-3.2.12.jar:na]
	at com.github.dockerjava.transport.DomainSocket.open(DomainSocket.java:69) ~[docker-java-transport-3.2.12.jar:na]
	at com.github.dockerjava.transport.DomainSocket.&lt;init&gt;(DomainSocket.java:59) ~[docker-java-transport-3.2.12.jar:na]
	... 40 common frames omitted
20:18:52.167 [ducttape-0] INFO  c.g.d.z.s.o.a.h.c.h.i.c.HttpRequestRetryExec - Recoverable I/O exception (java.io.IOException) caught when processing request to {}-&gt;unix://localhost:2375
20:18:52.168 [ducttape-0] DEBUG c.g.d.z.s.o.a.h.c.h.p.RequestAddCookies - Cookie spec selected: strict
20:18:52.172 [ducttape-0] DEBUG c.g.d.z.s.o.a.h.c.h.p.RequestAuthCache - Auth cache not set in the context
20:18:52.172 [ducttape-0] DEBUG c.g.d.z.s.o.a.h.c.h.i.c.ProtocolExec - ex-00000015: target auth state: UNCHALLENGED
20:18:52.172 [ducttape-0] DEBUG c.g.d.z.s.o.a.h.c.h.i.c.ProtocolExec - ex-00000015: proxy auth state: UNCHALLENGED
20:18:52.172 [ducttape-0] DEBUG c.g.d.z.s.o.a.h.c.h.i.c.ConnectExec - ex-00000015: acquiring connection with route {}-&gt;unix://localhost:2375
20:18:52.172 [ducttape-0] DEBUG c.g.d.z.s.o.a.h.c.h.i.c.InternalHttpClient - ex-00000015: acquiring endpoint (3 MINUTES)
20:18:52.172 [ducttape-0] DEBUG c.g.d.z.s.o.a.h.c.h.i.i.PoolingHttpClientConnectionManager - ex-00000015: endpoint lease request (3 MINUTES) [route: {}-&gt;unix://localhost:2375][total available: 0; route allocated: 0 of 2147483647; total allocated: 0 of 2147483647]
20:18:52.172 [ducttape-0] DEBUG c.g.d.z.s.o.a.h.c.h.i.i.PoolingHttpClientConnectionManager - ex-00000015: endpoint leased [route: {}-&gt;unix://localhost:2375][total available: 0; route allocated: 1 of 2147483647; total allocated: 1 of 2147483647]
20:18:52.172 [ducttape-0] DEBUG c.g.d.z.s.o.a.h.c.h.i.i.PoolingHttpClientConnectionManager - ex-00000015: acquired ep-00000029
20:18:52.173 [ducttape-0] DEBUG c.g.d.z.s.o.a.h.c.h.i.c.InternalHttpClient - ex-00000015: acquired endpoint ep-00000029
20:18:52.173 [ducttape-0] DEBUG c.g.d.z.s.o.a.h.c.h.i.c.ConnectExec - ex-00000015: opening connection {}-&gt;unix://localhost:2375
20:18:52.173 [ducttape-0] DEBUG c.g.d.z.s.o.a.h.c.h.i.c.InternalHttpClient - ep-00000029: connecting endpoint (3 MINUTES)
20:18:52.173 [ducttape-0] DEBUG c.g.d.z.s.o.a.h.c.h.i.i.PoolingHttpClientConnectionManager - ep-00000029: connecting endpoint to unix://localhost:2375 (3 MINUTES)
20:18:52.174 [ducttape-0] DEBUG c.g.d.z.s.o.a.h.c.h.i.i.DefaultManagedHttpClientConnection - http-outgoing-41: close connection IMMEDIATE
20:18:52.176 [ducttape-0] DEBUG c.g.d.z.s.o.a.h.c.h.i.c.InternalHttpClient - ep-00000029: endpoint closed
20:18:52.176 [ducttape-0] DEBUG c.g.d.z.s.o.a.h.c.h.i.c.InternalHttpClient - ep-00000029: discarding endpoint
20:18:52.176 [ducttape-0] DEBUG c.g.d.z.s.o.a.h.c.h.i.i.PoolingHttpClientConnectionManager - ep-00000029: releasing endpoint
20:18:52.176 [ducttape-0] DEBUG c.g.d.z.s.o.a.h.c.h.i.i.PoolingHttpClientConnectionManager - ep-00000029: connection is not kept alive
20:18:52.176 [ducttape-0] DEBUG c.g.d.z.s.o.a.h.c.h.i.i.PoolingHttpClientConnectionManager - ep-00000029: connection released [route: {}-&gt;unix://localhost:2375][total available: 0; route allocated: 0 of 2147483647; total allocated: 0 of 2147483647]
20:18:52.277 [ducttape-0] DEBUG o.t.d.DockerClientProviderStrategy - Pinging docker daemon...
20:18:52.278 [ducttape-0] DEBUG o.t.s.c.g.d.c.command.AbstrDockerCmd - Cmd: 
20:18:52.278 [ducttape-0] DEBUG c.g.d.z.s.o.a.h.c.h.i.c.InternalHttpClient - ex-00000016: preparing request execution
20:18:52.278 [ducttape-0] DEBUG c.g.d.z.s.o.a.h.c.h.p.RequestAddCookies - Cookie spec selected: strict
20:18:52.280 [ducttape-0] DEBUG c.g.d.z.s.o.a.h.c.h.p.RequestAuthCache - Auth cache not set in the context
20:18:52.282 [ducttape-0] DEBUG c.g.d.z.s.o.a.h.c.h.i.c.ProtocolExec - ex-00000016: target auth state: UNCHALLENGED
20:18:52.282 [ducttape-0] DEBUG c.g.d.z.s.o.a.h.c.h.i.c.ProtocolExec - ex-00000016: proxy auth state: UNCHALLENGED
20:18:52.285 [ducttape-0] DEBUG c.g.d.z.s.o.a.h.c.h.i.c.ConnectExec - ex-00000016: acquiring connection with route {}-&gt;unix://localhost:2375
20:18:52.286 [ducttape-0] DEBUG c.g.d.z.s.o.a.h.c.h.i.c.InternalHttpClient - ex-00000016: acquiring endpoint (3 MINUTES)
20:18:52.286 [ducttape-0] DEBUG c.g.d.z.s.o.a.h.c.h.i.i.PoolingHttpClientConnectionManager - ex-00000016: endpoint lease request (3 MINUTES) [route: {}-&gt;unix://localhost:2375][total available: 0; route allocated: 0 of 2147483647; total allocated: 0 of 2147483647]
20:18:52.288 [ducttape-0] DEBUG c.g.d.z.s.o.a.h.c.h.i.i.PoolingHttpClientConnectionManager - ex-00000016: endpoint leased [route: {}-&gt;unix://localhost:2375][total available: 0; route allocated: 1 of 2147483647; total allocated: 1 of 2147483647]
20:18:52.288 [ducttape-0] DEBUG c.g.d.z.s.o.a.h.c.h.i.i.PoolingHttpClientConnectionManager - ex-00000016: acquired ep-0000002A
20:18:52.288 [ducttape-0] DEBUG c.g.d.z.s.o.a.h.c.h.i.c.InternalHttpClient - ex-00000016: acquired endpoint ep-0000002A
20:18:52.288 [ducttape-0] DEBUG c.g.d.z.s.o.a.h.c.h.i.c.ConnectExec - ex-00000016: opening connection {}-&gt;unix://localhost:2375
20:18:52.288 [ducttape-0] DEBUG c.g.d.z.s.o.a.h.c.h.i.c.InternalHttpClient - ep-0000002A: connecting endpoint (3 MINUTES)
20:18:52.288 [ducttape-0] DEBUG c.g.d.z.s.o.a.h.c.h.i.i.PoolingHttpClientConnectionManager - ep-0000002A: connecting endpoint to unix://localhost:2375 (3 MINUTES)
20:18:52.291 [ducttape-0] DEBUG c.g.d.z.s.o.a.h.c.h.i.i.DefaultManagedHttpClientConnection - http-outgoing-42: close connection IMMEDIATE
20:18:52.292 [ducttape-0] DEBUG c.g.d.z.s.o.a.h.c.h.i.c.InternalHttpClient - ep-0000002A: endpoint closed
20:18:52.294 [ducttape-0] DEBUG c.g.d.z.s.o.a.h.c.h.i.c.InternalHttpClient - ep-0000002A: discarding endpoint
20:18:52.294 [ducttape-0] DEBUG c.g.d.z.s.o.a.h.c.h.i.i.PoolingHttpClientConnectionManager - ep-0000002A: releasing endpoint
20:18:52.294 [ducttape-0] DEBUG c.g.d.z.s.o.a.h.c.h.i.i.PoolingHttpClientConnectionManager - ep-0000002A: connection is not kept alive
20:18:52.295 [ducttape-0] DEBUG c.g.d.z.s.o.a.h.c.h.i.i.PoolingHttpClientConnectionManager - ep-0000002A: connection released [route: {}-&gt;unix://localhost:2375][total available: 0; route allocated: 0 of 2147483647; total allocated: 0 of 2147483647]
20:18:52.296 [ducttape-0] DEBUG c.g.d.z.s.o.a.h.c.h.i.c.HttpRequestRetryExec - ex-00000016: com.sun.jna.LastErrorException: [13] Permission denied
java.io.IOException: com.sun.jna.LastErrorException: [13] Permission denied
	at com.github.dockerjava.transport.DomainSocket.&lt;init&gt;(DomainSocket.java:63) ~[docker-java-transport-3.2.12.jar:na]
	at com.github.dockerjava.transport.LinuxDomainSocket.&lt;init&gt;(LinuxDomainSocket.java:41) ~[docker-java-transport-3.2.12.jar:na]
	at com.github.dockerjava.transport.DomainSocket.get(DomainSocket.java:140) ~[docker-java-transport-3.2.12.jar:na]
	at com.github.dockerjava.transport.UnixSocket.get(UnixSocket.java:27) ~[docker-java-transport-3.2.12.jar:na]
	at com.github.dockerjava.zerodep.ApacheDockerHttpClientImpl$2.createSocket(ApacheDockerHttpClientImpl.java:145) ~[docker-java-transport-zerodep-3.2.12.jar:na]
	at com.github.dockerjava.zerodep.shaded.org.apache.hc.client5.http.impl.io.DefaultHttpClientConnectionOperator.connect(DefaultHttpClientConnectionOperator.java:125) ~[docker-java-transport-zerodep-3.2.12.jar:na]
	at com.github.dockerjava.zerodep.shaded.org.apache.hc.client5.http.impl.io.PoolingHttpClientConnectionManager.connect(PoolingHttpClientConnectionManager.java:409) ~[docker-java-transport-zerodep-3.2.12.jar:na]
	at com.github.dockerjava.zerodep.shaded.org.apache.hc.client5.http.impl.classic.InternalExecRuntime.connectEndpoint(InternalExecRuntime.java:164) ~[docker-java-transport-zerodep-3.2.12.jar:na]
	at com.github.dockerjava.zerodep.shaded.org.apache.hc.client5.http.impl.classic.InternalExecRuntime.connectEndpoint(InternalExecRuntime.java:174) ~[docker-java-transport-zerodep-3.2.12.jar:na]
	at com.github.dockerjava.zerodep.shaded.org.apache.hc.client5.http.impl.classic.ConnectExec.execute(ConnectExec.java:135) ~[docker-java-transport-zerodep-3.2.12.jar:na]
	at com.github.dockerjava.zerodep.shaded.org.apache.hc.client5.http.impl.classic.ExecChainElement.execute(ExecChainElement.java:51) ~[docker-java-transport-zerodep-3.2.12.jar:na]
	at com.github.dockerjava.zerodep.shaded.org.apache.hc.client5.http.impl.classic.ExecChainElement$1.proceed(ExecChainElement.java:57) ~[docker-java-transport-zerodep-3.2.12.jar:na]
	at com.github.dockerjava.zerodep.shaded.org.apache.hc.client5.http.impl.classic.ProtocolExec.execute(ProtocolExec.java:172) ~[docker-java-transport-zerodep-3.2.12.jar:na]
	at com.github.dockerjava.zerodep.shaded.org.apache.hc.client5.http.impl.classic.ExecChainElement.execute(ExecChainElement.java:51) ~[docker-java-transport-zerodep-3.2.12.jar:na]
	at com.github.dockerjava.zerodep.shaded.org.apache.hc.client5.http.impl.classic.ExecChainElement$1.proceed(ExecChainElement.java:57) ~[docker-java-transport-zerodep-3.2.12.jar:na]
	at com.github.dockerjava.zerodep.shaded.org.apache.hc.client5.http.impl.classic.HttpRequestRetryExec.execute(HttpRequestRetryExec.java:93) ~[docker-java-transport-zerodep-3.2.12.jar:na]
	at com.github.dockerjava.zerodep.shaded.org.apache.hc.client5.http.impl.classic.ExecChainElement.execute(ExecChainElement.java:51) ~[docker-java-transport-zerodep-3.2.12.jar:na]
	at com.github.dockerjava.zerodep.shaded.org.apache.hc.client5.http.impl.classic.ExecChainElement$1.proceed(ExecChainElement.java:57) ~[docker-java-transport-zerodep-3.2.12.jar:na]
	at com.github.dockerjava.zerodep.shaded.org.apache.hc.client5.http.impl.classic.ContentCompressionExec.execute(ContentCompressionExec.java:128) ~[docker-java-transport-zerodep-3.2.12.jar:na]
	at com.github.dockerjava.zerodep.shaded.org.apache.hc.client5.http.impl.classic.ExecChainElement.execute(ExecChainElement.java:51) ~[docker-java-transport-zerodep-3.2.12.jar:na]
	at com.github.dockerjava.zerodep.shaded.org.apache.hc.client5.http.impl.classic.ExecChainElement$1.proceed(ExecChainElement.java:57) ~[docker-java-transport-zerodep-3.2.12.jar:na]
	at com.github.dockerjava.zerodep.shaded.org.apache.hc.client5.http.impl.classic.RedirectExec.execute(RedirectExec.java:116) ~[docker-java-transport-zerodep-3.2.12.jar:na]
	at com.github.dockerjava.zerodep.shaded.org.apache.hc.client5.http.impl.classic.ExecChainElement.execute(ExecChainElement.java:51) ~[docker-java-transport-zerodep-3.2.12.jar:na]
	at com.github.dockerjava.zerodep.shaded.org.apache.hc.client5.http.impl.classic.InternalHttpClient.doExecute(InternalHttpClient.java:178) ~[docker-java-transport-zerodep-3.2.12.jar:na]
	at com.github.dockerjava.zerodep.shaded.org.apache.hc.client5.http.impl.classic.CloseableHttpClient.execute(CloseableHttpClient.java:67) ~[docker-java-transport-zerodep-3.2.12.jar:na]
	at com.github.dockerjava.zerodep.ApacheDockerHttpClientImpl.execute(ApacheDockerHttpClientImpl.java:183) ~[docker-java-transport-zerodep-3.2.12.jar:na]
	at com.github.dockerjava.zerodep.ZerodepDockerHttpClient.execute(ZerodepDockerHttpClient.java:8) ~[docker-java-transport-zerodep-3.2.12.jar:na]
	at org.testcontainers.shaded.com.github.dockerjava.core.DefaultInvocationBuilder.execute(DefaultInvocationBuilder.java:228) ~[testcontainers-1.16.3.jar:na]
	at org.testcontainers.shaded.com.github.dockerjava.core.DefaultInvocationBuilder.get(DefaultInvocationBuilder.java:202) ~[testcontainers-1.16.3.jar:na]
	at org.testcontainers.shaded.com.github.dockerjava.core.DefaultInvocationBuilder.get(DefaultInvocationBuilder.java:74) ~[testcontainers-1.16.3.jar:na]
	at org.testcontainers.shaded.com.github.dockerjava.core.exec.InfoCmdExec.exec(InfoCmdExec.java:24) ~[testcontainers-1.16.3.jar:na]
	at org.testcontainers.shaded.com.github.dockerjava.core.exec.InfoCmdExec.exec(InfoCmdExec.java:14) ~[testcontainers-1.16.3.jar:na]
	at org.testcontainers.shaded.com.github.dockerjava.core.command.AbstrDockerCmd.exec(AbstrDockerCmd.java:35) ~[testcontainers-1.16.3.jar:na]
	at org.testcontainers.dockerclient.DockerClientProviderStrategy.lambda$null$5(DockerClientProviderStrategy.java:170) ~[testcontainers-1.16.3.jar:na]
	at org.rnorth.ducttape.ratelimits.RateLimiter.getWhenReady(RateLimiter.java:51) ~[duct-tape-1.0.8.jar:na]
	at org.testcontainers.dockerclient.DockerClientProviderStrategy.lambda$tryOutStrategy$6(DockerClientProviderStrategy.java:168) ~[testcontainers-1.16.3.jar:na]
	at org.rnorth.ducttape.unreliables.Unreliables.lambda$retryUntilSuccess$0(Unreliables.java:43) ~[duct-tape-1.0.8.jar:na]
	at java.base/java.util.concurrent.FutureTask.run(FutureTask.java:264) ~[na:na]
	at java.base/java.util.concurrent.ThreadPoolExecutor.runWorker(ThreadPoolExecutor.java:1128) ~[na:na]
	at java.base/java.util.concurrent.ThreadPoolExecutor$Worker.run(ThreadPoolExecutor.java:628) ~[na:na]
	at java.base/java.lang.Thread.run(Thread.java:829) ~[na:na]
Caused by: com.sun.jna.LastErrorException: [13] Permission denied
	at com.github.dockerjava.transport.LinuxDomainSocket.connect(Native Method) ~[docker-java-transport-3.2.12.jar:na]
	at com.github.dockerjava.transport.LinuxDomainSocket.connect(LinuxDomainSocket.java:49) ~[docker-java-transport-3.2.12.jar:na]
	at com.github.dockerjava.transport.DomainSocket.open(DomainSocket.java:69) ~[docker-java-transport-3.2.12.jar:na]
	at com.github.dockerjava.transport.DomainSocket.&lt;init&gt;(DomainSocket.java:59) ~[docker-java-transport-3.2.12.jar:na]
	... 40 common frames omitted
20:18:52.299 [ducttape-0] INFO  c.g.d.z.s.o.a.h.c.h.i.c.HttpRequestRetryExec - Recoverable I/O exception (java.io.IOException) caught when processing request to {}-&gt;unix://localhost:2375
20:18:52.299 [ducttape-0] DEBUG c.g.d.z.s.o.a.h.c.h.p.RequestAddCookies - Cookie spec selected: strict
20:18:52.300 [ducttape-0] DEBUG c.g.d.z.s.o.a.h.c.h.p.RequestAuthCache - Auth cache not set in the context
20:18:52.304 [ducttape-0] DEBUG c.g.d.z.s.o.a.h.c.h.i.c.ProtocolExec - ex-00000016: target auth state: UNCHALLENGED
20:18:52.304 [ducttape-0] DEBUG c.g.d.z.s.o.a.h.c.h.i.c.ProtocolExec - ex-00000016: proxy auth state: UNCHALLENGED
20:18:52.304 [ducttape-0] DEBUG c.g.d.z.s.o.a.h.c.h.i.c.ConnectExec - ex-00000016: acquiring connection with route {}-&gt;unix://localhost:2375
20:18:52.304 [ducttape-0] DEBUG c.g.d.z.s.o.a.h.c.h.i.c.InternalHttpClient - ex-00000016: acquiring endpoint (3 MINUTES)
20:18:52.304 [ducttape-0] DEBUG c.g.d.z.s.o.a.h.c.h.i.i.PoolingHttpClientConnectionManager - ex-00000016: endpoint lease request (3 MINUTES) [route: {}-&gt;unix://localhost:2375][total available: 0; route allocated: 0 of 2147483647; total allocated: 0 of 2147483647]
20:18:52.305 [ducttape-0] DEBUG c.g.d.z.s.o.a.h.c.h.i.i.PoolingHttpClientConnectionManager - ex-00000016: endpoint leased [route: {}-&gt;unix://localhost:2375][total available: 0; route allocated: 1 of 2147483647; total allocated: 1 of 2147483647]
20:18:52.305 [ducttape-0] DEBUG c.g.d.z.s.o.a.h.c.h.i.i.PoolingHttpClientConnectionManager - ex-00000016: acquired ep-0000002B
20:18:52.305 [ducttape-0] DEBUG c.g.d.z.s.o.a.h.c.h.i.c.InternalHttpClient - ex-00000016: acquired endpoint ep-0000002B
20:18:52.305 [ducttape-0] DEBUG c.g.d.z.s.o.a.h.c.h.i.c.ConnectExec - ex-00000016: opening connection {}-&gt;unix://localhost:2375
20:18:52.306 [ducttape-0] DEBUG c.g.d.z.s.o.a.h.c.h.i.c.InternalHttpClient - ep-0000002B: connecting endpoint (3 MINUTES)
20:18:52.306 [ducttape-0] DEBUG c.g.d.z.s.o.a.h.c.h.i.i.PoolingHttpClientConnectionManager - ep-0000002B: connecting endpoint to unix://localhost:2375 (3 MINUTES)
20:18:52.307 [ducttape-0] DEBUG c.g.d.z.s.o.a.h.c.h.i.i.DefaultManagedHttpClientConnection - http-outgoing-43: close connection IMMEDIATE
20:18:52.307 [ducttape-0] DEBUG c.g.d.z.s.o.a.h.c.h.i.c.InternalHttpClient - ep-0000002B: endpoint closed
20:18:52.307 [ducttape-0] DEBUG c.g.d.z.s.o.a.h.c.h.i.c.InternalHttpClient - ep-0000002B: discarding endpoint
20:18:52.307 [ducttape-0] DEBUG c.g.d.z.s.o.a.h.c.h.i.i.PoolingHttpClientConnectionManager - ep-0000002B: releasing endpoint
20:18:52.307 [ducttape-0] DEBUG c.g.d.z.s.o.a.h.c.h.i.i.PoolingHttpClientConnectionManager - ep-0000002B: connection is not kept alive
20:18:52.307 [ducttape-0] DEBUG c.g.d.z.s.o.a.h.c.h.i.i.PoolingHttpClientConnectionManager - ep-0000002B: connection released [route: {}-&gt;unix://localhost:2375][total available: 0; route allocated: 0 of 2147483647; total allocated: 0 of 2147483647]
20:18:52.407 [ducttape-0] DEBUG o.t.d.DockerClientProviderStrategy - Pinging docker daemon...
20:18:52.407 [ducttape-0] DEBUG o.t.s.c.g.d.c.command.AbstrDockerCmd - Cmd: 
20:18:52.408 [ducttape-0] DEBUG c.g.d.z.s.o.a.h.c.h.i.c.InternalHttpClient - ex-00000017: preparing request execution
20:18:52.408 [ducttape-0] DEBUG c.g.d.z.s.o.a.h.c.h.p.RequestAddCookies - Cookie spec selected: strict
20:18:52.408 [ducttape-0] DEBUG c.g.d.z.s.o.a.h.c.h.p.RequestAuthCache - Auth cache not set in the context
20:18:52.408 [ducttape-0] DEBUG c.g.d.z.s.o.a.h.c.h.i.c.ProtocolExec - ex-00000017: target auth state: UNCHALLENGED
20:18:52.408 [ducttape-0] DEBUG c.g.d.z.s.o.a.h.c.h.i.c.ProtocolExec - ex-00000017: proxy auth state: UNCHALLENGED
20:18:52.408 [ducttape-0] DEBUG c.g.d.z.s.o.a.h.c.h.i.c.ConnectExec - ex-00000017: acquiring connection with route {}-&gt;unix://localhost:2375
20:18:52.409 [ducttape-0] DEBUG c.g.d.z.s.o.a.h.c.h.i.c.InternalHttpClient - ex-00000017: acquiring endpoint (3 MINUTES)
20:18:52.409 [ducttape-0] DEBUG c.g.d.z.s.o.a.h.c.h.i.i.PoolingHttpClientConnectionManager - ex-00000017: endpoint lease request (3 MINUTES) [route: {}-&gt;unix://localhost:2375][total available: 0; route allocated: 0 of 2147483647; total allocated: 0 of 2147483647]
20:18:52.409 [ducttape-0] DEBUG c.g.d.z.s.o.a.h.c.h.i.i.PoolingHttpClientConnectionManager - ex-00000017: endpoint leased [route: {}-&gt;unix://localhost:2375][total available: 0; route allocated: 1 of 2147483647; total allocated: 1 of 2147483647]
20:18:52.410 [ducttape-0] DEBUG c.g.d.z.s.o.a.h.c.h.i.i.PoolingHttpClientConnectionManager - ex-00000017: acquired ep-0000002C
20:18:52.415 [ducttape-0] DEBUG c.g.d.z.s.o.a.h.c.h.i.c.InternalHttpClient - ex-00000017: acquired endpoint ep-0000002C
20:18:52.417 [ducttape-0] DEBUG c.g.d.z.s.o.a.h.c.h.i.c.ConnectExec - ex-00000017: opening connection {}-&gt;unix://localhost:2375
20:18:52.418 [ducttape-0] DEBUG c.g.d.z.s.o.a.h.c.h.i.c.InternalHttpClient - ep-0000002C: connecting endpoint (3 MINUTES)
20:18:52.418 [ducttape-0] DEBUG c.g.d.z.s.o.a.h.c.h.i.i.PoolingHttpClientConnectionManager - ep-0000002C: connecting endpoint to unix://localhost:2375 (3 MINUTES)
20:18:52.419 [ducttape-0] DEBUG c.g.d.z.s.o.a.h.c.h.i.i.DefaultManagedHttpClientConnection - http-outgoing-44: close connection IMMEDIATE
20:18:52.420 [ducttape-0] DEBUG c.g.d.z.s.o.a.h.c.h.i.c.InternalHttpClient - ep-0000002C: endpoint closed
20:18:52.420 [ducttape-0] DEBUG c.g.d.z.s.o.a.h.c.h.i.c.InternalHttpClient - ep-0000002C: discarding endpoint
20:18:52.420 [ducttape-0] DEBUG c.g.d.z.s.o.a.h.c.h.i.i.PoolingHttpClientConnectionManager - ep-0000002C: releasing endpoint
20:18:52.420 [ducttape-0] DEBUG c.g.d.z.s.o.a.h.c.h.i.i.PoolingHttpClientConnectionManager - ep-0000002C: connection is not kept alive
20:18:52.420 [ducttape-0] DEBUG c.g.d.z.s.o.a.h.c.h.i.i.PoolingHttpClientConnectionManager - ep-0000002C: connection released [route: {}-&gt;unix://localhost:2375][total available: 0; route allocated: 0 of 2147483647; total allocated: 0 of 2147483647]
20:18:52.421 [ducttape-0] DEBUG c.g.d.z.s.o.a.h.c.h.i.c.HttpRequestRetryExec - ex-00000017: com.sun.jna.LastErrorException: [13] Permission denied
java.io.IOException: com.sun.jna.LastErrorException: [13] Permission denied
	at com.github.dockerjava.transport.DomainSocket.&lt;init&gt;(DomainSocket.java:63) ~[docker-java-transport-3.2.12.jar:na]
	at com.github.dockerjava.transport.LinuxDomainSocket.&lt;init&gt;(LinuxDomainSocket.java:41) ~[docker-java-transport-3.2.12.jar:na]
	at com.github.dockerjava.transport.DomainSocket.get(DomainSocket.java:140) ~[docker-java-transport-3.2.12.jar:na]
	at com.github.dockerjava.transport.UnixSocket.get(UnixSocket.java:27) ~[docker-java-transport-3.2.12.jar:na]
	at com.github.dockerjava.zerodep.ApacheDockerHttpClientImpl$2.createSocket(ApacheDockerHttpClientImpl.java:145) ~[docker-java-transport-zerodep-3.2.12.jar:na]
	at com.github.dockerjava.zerodep.shaded.org.apache.hc.client5.http.impl.io.DefaultHttpClientConnectionOperator.connect(DefaultHttpClientConnectionOperator.java:125) ~[docker-java-transport-zerodep-3.2.12.jar:na]
	at com.github.dockerjava.zerodep.shaded.org.apache.hc.client5.http.impl.io.PoolingHttpClientConnectionManager.connect(PoolingHttpClientConnectionManager.java:409) ~[docker-java-transport-zerodep-3.2.12.jar:na]
	at com.github.dockerjava.zerodep.shaded.org.apache.hc.client5.http.impl.classic.InternalExecRuntime.connectEndpoint(InternalExecRuntime.java:164) ~[docker-java-transport-zerodep-3.2.12.jar:na]
	at com.github.dockerjava.zerodep.shaded.org.apache.hc.client5.http.impl.classic.InternalExecRuntime.connectEndpoint(InternalExecRuntime.java:174) ~[docker-java-transport-zerodep-3.2.12.jar:na]
	at com.github.dockerjava.zerodep.shaded.org.apache.hc.client5.http.impl.classic.ConnectExec.execute(ConnectExec.java:135) ~[docker-java-transport-zerodep-3.2.12.jar:na]
	at com.github.dockerjava.zerodep.shaded.org.apache.hc.client5.http.impl.classic.ExecChainElement.execute(ExecChainElement.java:51) ~[docker-java-transport-zerodep-3.2.12.jar:na]
	at com.github.dockerjava.zerodep.shaded.org.apache.hc.client5.http.impl.classic.ExecChainElement$1.proceed(ExecChainElement.java:57) ~[docker-java-transport-zerodep-3.2.12.jar:na]
	at com.github.dockerjava.zerodep.shaded.org.apache.hc.client5.http.impl.classic.ProtocolExec.execute(ProtocolExec.java:172) ~[docker-java-transport-zerodep-3.2.12.jar:na]
	at com.github.dockerjava.zerodep.shaded.org.apache.hc.client5.http.impl.classic.ExecChainElement.execute(ExecChainElement.java:51) ~[docker-java-transport-zerodep-3.2.12.jar:na]
	at com.github.dockerjava.zerodep.shaded.org.apache.hc.client5.http.impl.classic.ExecChainElement$1.proceed(ExecChainElement.java:57) ~[docker-java-transport-zerodep-3.2.12.jar:na]
	at com.github.dockerjava.zerodep.shaded.org.apache.hc.client5.http.impl.classic.HttpRequestRetryExec.execute(HttpRequestRetryExec.java:93) ~[docker-java-transport-zerodep-3.2.12.jar:na]
	at com.github.dockerjava.zerodep.shaded.org.apache.hc.client5.http.impl.classic.ExecChainElement.execute(ExecChainElement.java:51) ~[docker-java-transport-zerodep-3.2.12.jar:na]
	at com.github.dockerjava.zerodep.shaded.org.apache.hc.client5.http.impl.classic.ExecChainElement$1.proceed(ExecChainElement.java:57) ~[docker-java-transport-zerodep-3.2.12.jar:na]
	at com.github.dockerjava.zerodep.shaded.org.apache.hc.client5.http.impl.classic.ContentCompressionExec.execute(ContentCompressionExec.java:128) ~[docker-java-transport-zerodep-3.2.12.jar:na]
	at com.github.dockerjava.zerodep.shaded.org.apache.hc.client5.http.impl.classic.ExecChainElement.execute(ExecChainElement.java:51) ~[docker-java-transport-zerodep-3.2.12.jar:na]
	at com.github.dockerjava.zerodep.shaded.org.apache.hc.client5.http.impl.classic.ExecChainElement$1.proceed(ExecChainElement.java:57) ~[docker-java-transport-zerodep-3.2.12.jar:na]
	at com.github.dockerjava.zerodep.shaded.org.apache.hc.client5.http.impl.classic.RedirectExec.execute(RedirectExec.java:116) ~[docker-java-transport-zerodep-3.2.12.jar:na]
	at com.github.dockerjava.zerodep.shaded.org.apache.hc.client5.http.impl.classic.ExecChainElement.execute(ExecChainElement.java:51) ~[docker-java-transport-zerodep-3.2.12.jar:na]
	at com.github.dockerjava.zerodep.shaded.org.apache.hc.client5.http.impl.classic.InternalHttpClient.doExecute(InternalHttpClient.java:178) ~[docker-java-transport-zerodep-3.2.12.jar:na]
	at com.github.dockerjava.zerodep.shaded.org.apache.hc.client5.http.impl.classic.CloseableHttpClient.execute(CloseableHttpClient.java:67) ~[docker-java-transport-zerodep-3.2.12.jar:na]
	at com.github.dockerjava.zerodep.ApacheDockerHttpClientImpl.execute(ApacheDockerHttpClientImpl.java:183) ~[docker-java-transport-zerodep-3.2.12.jar:na]
	at com.github.dockerjava.zerodep.ZerodepDockerHttpClient.execute(ZerodepDockerHttpClient.java:8) ~[docker-java-transport-zerodep-3.2.12.jar:na]
	at org.testcontainers.shaded.com.github.dockerjava.core.DefaultInvocationBuilder.execute(DefaultInvocationBuilder.java:228) ~[testcontainers-1.16.3.jar:na]
	at org.testcontainers.shaded.com.github.dockerjava.core.DefaultInvocationBuilder.get(DefaultInvocationBuilder.java:202) ~[testcontainers-1.16.3.jar:na]
	at org.testcontainers.shaded.com.github.dockerjava.core.DefaultInvocationBuilder.get(DefaultInvocationBuilder.java:74) ~[testcontainers-1.16.3.jar:na]
	at org.testcontainers.shaded.com.github.dockerjava.core.exec.InfoCmdExec.exec(InfoCmdExec.java:24) ~[testcontainers-1.16.3.jar:na]
	at org.testcontainers.shaded.com.github.dockerjava.core.exec.InfoCmdExec.exec(InfoCmdExec.java:14) ~[testcontainers-1.16.3.jar:na]
	at org.testcontainers.shaded.com.github.dockerjava.core.command.AbstrDockerCmd.exec(AbstrDockerCmd.java:35) ~[testcontainers-1.16.3.jar:na]
	at org.testcontainers.dockerclient.DockerClientProviderStrategy.lambda$null$5(DockerClientProviderStrategy.java:170) ~[testcontainers-1.16.3.jar:na]
	at org.rnorth.ducttape.ratelimits.RateLimiter.getWhenReady(RateLimiter.java:51) ~[duct-tape-1.0.8.jar:na]
	at org.testcontainers.dockerclient.DockerClientProviderStrategy.lambda$tryOutStrategy$6(DockerClientProviderStrategy.java:168) ~[testcontainers-1.16.3.jar:na]
	at org.rnorth.ducttape.unreliables.Unreliables.lambda$retryUntilSuccess$0(Unreliables.java:43) ~[duct-tape-1.0.8.jar:na]
	at java.base/java.util.concurrent.FutureTask.run(FutureTask.java:264) ~[na:na]
	at java.base/java.util.concurrent.ThreadPoolExecutor.runWorker(ThreadPoolExecutor.java:1128) ~[na:na]
	at java.base/java.util.concurrent.ThreadPoolExecutor$Worker.run(ThreadPoolExecutor.java:628) ~[na:na]
	at java.base/java.lang.Thread.run(Thread.java:829) ~[na:na]
Caused by: com.sun.jna.LastErrorException: [13] Permission denied
	at com.github.dockerjava.transport.LinuxDomainSocket.connect(Native Method) ~[docker-java-transport-3.2.12.jar:na]
	at com.github.dockerjava.transport.LinuxDomainSocket.connect(LinuxDomainSocket.java:49) ~[docker-java-transport-3.2.12.jar:na]
	at com.github.dockerjava.transport.DomainSocket.open(DomainSocket.java:69) ~[docker-java-transport-3.2.12.jar:na]
	at com.github.dockerjava.transport.DomainSocket.&lt;init&gt;(DomainSocket.java:59) ~[docker-java-transport-3.2.12.jar:na]
	... 40 common frames omitted
20:18:52.424 [ducttape-0] INFO  c.g.d.z.s.o.a.h.c.h.i.c.HttpRequestRetryExec - Recoverable I/O exception (java.io.IOException) caught when processing request to {}-&gt;unix://localhost:2375
20:18:52.425 [ducttape-0] DEBUG c.g.d.z.s.o.a.h.c.h.p.RequestAddCookies - Cookie spec selected: strict
20:18:52.425 [ducttape-0] DEBUG c.g.d.z.s.o.a.h.c.h.p.RequestAuthCache - Auth cache not set in the context
20:18:52.425 [ducttape-0] DEBUG c.g.d.z.s.o.a.h.c.h.i.c.ProtocolExec - ex-00000017: target auth state: UNCHALLENGED
20:18:52.425 [ducttape-0] DEBUG c.g.d.z.s.o.a.h.c.h.i.c.ProtocolExec - ex-00000017: proxy auth state: UNCHALLENGED
20:18:52.425 [ducttape-0] DEBUG c.g.d.z.s.o.a.h.c.h.i.c.ConnectExec - ex-00000017: acquiring connection with route {}-&gt;unix://localhost:2375
20:18:52.425 [ducttape-0] DEBUG c.g.d.z.s.o.a.h.c.h.i.c.InternalHttpClient - ex-00000017: acquiring endpoint (3 MINUTES)
20:18:52.440 [ducttape-0] DEBUG c.g.d.z.s.o.a.h.c.h.i.i.PoolingHttpClientConnectionManager - ex-00000017: endpoint lease request (3 MINUTES) [route: {}-&gt;unix://localhost:2375][total available: 0; route allocated: 0 of 2147483647; total allocated: 0 of 2147483647]
20:18:52.440 [ducttape-0] DEBUG c.g.d.z.s.o.a.h.c.h.i.i.PoolingHttpClientConnectionManager - ex-00000017: endpoint leased [route: {}-&gt;unix://localhost:2375][total available: 0; route allocated: 1 of 2147483647; total allocated: 1 of 2147483647]
20:18:52.440 [ducttape-0] DEBUG c.g.d.z.s.o.a.h.c.h.i.i.PoolingHttpClientConnectionManager - ex-00000017: acquired ep-0000002D
20:18:52.440 [ducttape-0] DEBUG c.g.d.z.s.o.a.h.c.h.i.c.InternalHttpClient - ex-00000017: acquired endpoint ep-0000002D
20:18:52.440 [ducttape-0] DEBUG c.g.d.z.s.o.a.h.c.h.i.c.ConnectExec - ex-00000017: opening connection {}-&gt;unix://localhost:2375
20:18:52.440 [ducttape-0] DEBUG c.g.d.z.s.o.a.h.c.h.i.c.InternalHttpClient - ep-0000002D: connecting endpoint (3 MINUTES)
20:18:52.444 [ducttape-0] DEBUG c.g.d.z.s.o.a.h.c.h.i.i.PoolingHttpClientConnectionManager - ep-0000002D: connecting endpoint to unix://localhost:2375 (3 MINUTES)
20:18:52.444 [ducttape-0] DEBUG c.g.d.z.s.o.a.h.c.h.i.i.DefaultManagedHttpClientConnection - http-outgoing-45: close connection IMMEDIATE
20:18:52.445 [ducttape-0] DEBUG c.g.d.z.s.o.a.h.c.h.i.c.InternalHttpClient - ep-0000002D: endpoint closed
20:18:52.445 [ducttape-0] DEBUG c.g.d.z.s.o.a.h.c.h.i.c.InternalHttpClient - ep-0000002D: discarding endpoint
20:18:52.445 [ducttape-0] DEBUG c.g.d.z.s.o.a.h.c.h.i.i.PoolingHttpClientConnectionManager - ep-0000002D: releasing endpoint
20:18:52.445 [ducttape-0] DEBUG c.g.d.z.s.o.a.h.c.h.i.i.PoolingHttpClientConnectionManager - ep-0000002D: connection is not kept alive
20:18:52.445 [ducttape-0] DEBUG c.g.d.z.s.o.a.h.c.h.i.i.PoolingHttpClientConnectionManager - ep-0000002D: connection released [route: {}-&gt;unix://localhost:2375][total available: 0; route allocated: 0 of 2147483647; total allocated: 0 of 2147483647]
20:18:52.546 [ducttape-0] DEBUG o.t.d.DockerClientProviderStrategy - Pinging docker daemon...
20:18:52.546 [ducttape-0] DEBUG o.t.s.c.g.d.c.command.AbstrDockerCmd - Cmd: 
20:18:52.550 [ducttape-0] DEBUG c.g.d.z.s.o.a.h.c.h.i.c.InternalHttpClient - ex-00000018: preparing request execution
20:18:52.551 [ducttape-0] DEBUG c.g.d.z.s.o.a.h.c.h.p.RequestAddCookies - Cookie spec selected: strict
20:18:52.551 [ducttape-0] DEBUG c.g.d.z.s.o.a.h.c.h.p.RequestAuthCache - Auth cache not set in the context
20:18:52.551 [ducttape-0] DEBUG c.g.d.z.s.o.a.h.c.h.i.c.ProtocolExec - ex-00000018: target auth state: UNCHALLENGED
20:18:52.551 [ducttape-0] DEBUG c.g.d.z.s.o.a.h.c.h.i.c.ProtocolExec - ex-00000018: proxy auth state: UNCHALLENGED
20:18:52.551 [ducttape-0] DEBUG c.g.d.z.s.o.a.h.c.h.i.c.ConnectExec - ex-00000018: acquiring connection with route {}-&gt;unix://localhost:2375
20:18:52.551 [ducttape-0] DEBUG c.g.d.z.s.o.a.h.c.h.i.c.InternalHttpClient - ex-00000018: acquiring endpoint (3 MINUTES)
20:18:52.551 [ducttape-0] DEBUG c.g.d.z.s.o.a.h.c.h.i.i.PoolingHttpClientConnectionManager - ex-00000018: endpoint lease request (3 MINUTES) [route: {}-&gt;unix://localhost:2375][total available: 0; route allocated: 0 of 2147483647; total allocated: 0 of 2147483647]
20:18:52.552 [ducttape-0] DEBUG c.g.d.z.s.o.a.h.c.h.i.i.PoolingHttpClientConnectionManager - ex-00000018: endpoint leased [route: {}-&gt;unix://localhost:2375][total available: 0; route allocated: 1 of 2147483647; total allocated: 1 of 2147483647]
20:18:52.562 [ducttape-0] DEBUG c.g.d.z.s.o.a.h.c.h.i.i.PoolingHttpClientConnectionManager - ex-00000018: acquired ep-0000002E
20:18:52.562 [ducttape-0] DEBUG c.g.d.z.s.o.a.h.c.h.i.c.InternalHttpClient - ex-00000018: acquired endpoint ep-0000002E
20:18:52.562 [ducttape-0] DEBUG c.g.d.z.s.o.a.h.c.h.i.c.ConnectExec - ex-00000018: opening connection {}-&gt;unix://localhost:2375
20:18:52.562 [ducttape-0] DEBUG c.g.d.z.s.o.a.h.c.h.i.c.InternalHttpClient - ep-0000002E: connecting endpoint (3 MINUTES)
20:18:52.562 [ducttape-0] DEBUG c.g.d.z.s.o.a.h.c.h.i.i.PoolingHttpClientConnectionManager - ep-0000002E: connecting endpoint to unix://localhost:2375 (3 MINUTES)
20:18:52.563 [ducttape-0] DEBUG c.g.d.z.s.o.a.h.c.h.i.i.DefaultManagedHttpClientConnection - http-outgoing-46: close connection IMMEDIATE
20:18:52.564 [ducttape-0] DEBUG c.g.d.z.s.o.a.h.c.h.i.c.InternalHttpClient - ep-0000002E: endpoint closed
20:18:52.564 [ducttape-0] DEBUG c.g.d.z.s.o.a.h.c.h.i.c.InternalHttpClient - ep-0000002E: discarding endpoint
20:18:52.564 [ducttape-0] DEBUG c.g.d.z.s.o.a.h.c.h.i.i.PoolingHttpClientConnectionManager - ep-0000002E: releasing endpoint
20:18:52.564 [ducttape-0] DEBUG c.g.d.z.s.o.a.h.c.h.i.i.PoolingHttpClientConnectionManager - ep-0000002E: connection is not kept alive
20:18:52.564 [ducttape-0] DEBUG c.g.d.z.s.o.a.h.c.h.i.i.PoolingHttpClientConnectionManager - ep-0000002E: connection released [route: {}-&gt;unix://localhost:2375][total available: 0; route allocated: 0 of 2147483647; total allocated: 0 of 2147483647]
20:18:52.565 [ducttape-0] DEBUG c.g.d.z.s.o.a.h.c.h.i.c.HttpRequestRetryExec - ex-00000018: com.sun.jna.LastErrorException: [13] Permission denied
java.io.IOException: com.sun.jna.LastErrorException: [13] Permission denied
	at com.github.dockerjava.transport.DomainSocket.&lt;init&gt;(DomainSocket.java:63) ~[docker-java-transport-3.2.12.jar:na]
	at com.github.dockerjava.transport.LinuxDomainSocket.&lt;init&gt;(LinuxDomainSocket.java:41) ~[docker-java-transport-3.2.12.jar:na]
	at com.github.dockerjava.transport.DomainSocket.get(DomainSocket.java:140) ~[docker-java-transport-3.2.12.jar:na]
	at com.github.dockerjava.transport.UnixSocket.get(UnixSocket.java:27) ~[docker-java-transport-3.2.12.jar:na]
	at com.github.dockerjava.zerodep.ApacheDockerHttpClientImpl$2.createSocket(ApacheDockerHttpClientImpl.java:145) ~[docker-java-transport-zerodep-3.2.12.jar:na]
	at com.github.dockerjava.zerodep.shaded.org.apache.hc.client5.http.impl.io.DefaultHttpClientConnectionOperator.connect(DefaultHttpClientConnectionOperator.java:125) ~[docker-java-transport-zerodep-3.2.12.jar:na]
	at com.github.dockerjava.zerodep.shaded.org.apache.hc.client5.http.impl.io.PoolingHttpClientConnectionManager.connect(PoolingHttpClientConnectionManager.java:409) ~[docker-java-transport-zerodep-3.2.12.jar:na]
	at com.github.dockerjava.zerodep.shaded.org.apache.hc.client5.http.impl.classic.InternalExecRuntime.connectEndpoint(InternalExecRuntime.java:164) ~[docker-java-transport-zerodep-3.2.12.jar:na]
	at com.github.dockerjava.zerodep.shaded.org.apache.hc.client5.http.impl.classic.InternalExecRuntime.connectEndpoint(InternalExecRuntime.java:174) ~[docker-java-transport-zerodep-3.2.12.jar:na]
	at com.github.dockerjava.zerodep.shaded.org.apache.hc.client5.http.impl.classic.ConnectExec.execute(ConnectExec.java:135) ~[docker-java-transport-zerodep-3.2.12.jar:na]
	at com.github.dockerjava.zerodep.shaded.org.apache.hc.client5.http.impl.classic.ExecChainElement.execute(ExecChainElement.java:51) ~[docker-java-transport-zerodep-3.2.12.jar:na]
	at com.github.dockerjava.zerodep.shaded.org.apache.hc.client5.http.impl.classic.ExecChainElement$1.proceed(ExecChainElement.java:57) ~[docker-java-transport-zerodep-3.2.12.jar:na]
	at com.github.dockerjava.zerodep.shaded.org.apache.hc.client5.http.impl.classic.ProtocolExec.execute(ProtocolExec.java:172) ~[docker-java-transport-zerodep-3.2.12.jar:na]
	at com.github.dockerjava.zerodep.shaded.org.apache.hc.client5.http.impl.classic.ExecChainElement.execute(ExecChainElement.java:51) ~[docker-java-transport-zerodep-3.2.12.jar:na]
	at com.github.dockerjava.zerodep.shaded.org.apache.hc.client5.http.impl.classic.ExecChainElement$1.proceed(ExecChainElement.java:57) ~[docker-java-transport-zerodep-3.2.12.jar:na]
	at com.github.dockerjava.zerodep.shaded.org.apache.hc.client5.http.impl.classic.HttpRequestRetryExec.execute(HttpRequestRetryExec.java:93) ~[docker-java-transport-zerodep-3.2.12.jar:na]
	at com.github.dockerjava.zerodep.shaded.org.apache.hc.client5.http.impl.classic.ExecChainElement.execute(ExecChainElement.java:51) ~[docker-java-transport-zerodep-3.2.12.jar:na]
	at com.github.dockerjava.zerodep.shaded.org.apache.hc.client5.http.impl.classic.ExecChainElement$1.proceed(ExecChainElement.java:57) ~[docker-java-transport-zerodep-3.2.12.jar:na]
	at com.github.dockerjava.zerodep.shaded.org.apache.hc.client5.http.impl.classic.ContentCompressionExec.execute(ContentCompressionExec.java:128) ~[docker-java-transport-zerodep-3.2.12.jar:na]
	at com.github.dockerjava.zerodep.shaded.org.apache.hc.client5.http.impl.classic.ExecChainElement.execute(ExecChainElement.java:51) ~[docker-java-transport-zerodep-3.2.12.jar:na]
	at com.github.dockerjava.zerodep.shaded.org.apache.hc.client5.http.impl.classic.ExecChainElement$1.proceed(ExecChainElement.java:57) ~[docker-java-transport-zerodep-3.2.12.jar:na]
	at com.github.dockerjava.zerodep.shaded.org.apache.hc.client5.http.impl.classic.RedirectExec.execute(RedirectExec.java:116) ~[docker-java-transport-zerodep-3.2.12.jar:na]
	at com.github.dockerjava.zerodep.shaded.org.apache.hc.client5.http.impl.classic.ExecChainElement.execute(ExecChainElement.java:51) ~[docker-java-transport-zerodep-3.2.12.jar:na]
	at com.github.dockerjava.zerodep.shaded.org.apache.hc.client5.http.impl.classic.InternalHttpClient.doExecute(InternalHttpClient.java:178) ~[docker-java-transport-zerodep-3.2.12.jar:na]
	at com.github.dockerjava.zerodep.shaded.org.apache.hc.client5.http.impl.classic.CloseableHttpClient.execute(CloseableHttpClient.java:67) ~[docker-java-transport-zerodep-3.2.12.jar:na]
	at com.github.dockerjava.zerodep.ApacheDockerHttpClientImpl.execute(ApacheDockerHttpClientImpl.java:183) ~[docker-java-transport-zerodep-3.2.12.jar:na]
	at com.github.dockerjava.zerodep.ZerodepDockerHttpClient.execute(ZerodepDockerHttpClient.java:8) ~[docker-java-transport-zerodep-3.2.12.jar:na]
	at org.testcontainers.shaded.com.github.dockerjava.core.DefaultInvocationBuilder.execute(DefaultInvocationBuilder.java:228) ~[testcontainers-1.16.3.jar:na]
	at org.testcontainers.shaded.com.github.dockerjava.core.DefaultInvocationBuilder.get(DefaultInvocationBuilder.java:202) ~[testcontainers-1.16.3.jar:na]
	at org.testcontainers.shaded.com.github.dockerjava.core.DefaultInvocationBuilder.get(DefaultInvocationBuilder.java:74) ~[testcontainers-1.16.3.jar:na]
	at org.testcontainers.shaded.com.github.dockerjava.core.exec.InfoCmdExec.exec(InfoCmdExec.java:24) ~[testcontainers-1.16.3.jar:na]
	at org.testcontainers.shaded.com.github.dockerjava.core.exec.InfoCmdExec.exec(InfoCmdExec.java:14) ~[testcontainers-1.16.3.jar:na]
	at org.testcontainers.shaded.com.github.dockerjava.core.command.AbstrDockerCmd.exec(AbstrDockerCmd.java:35) ~[testcontainers-1.16.3.jar:na]
	at org.testcontainers.dockerclient.DockerClientProviderStrategy.lambda$null$5(DockerClientProviderStrategy.java:170) ~[testcontainers-1.16.3.jar:na]
	at org.rnorth.ducttape.ratelimits.RateLimiter.getWhenReady(RateLimiter.java:51) ~[duct-tape-1.0.8.jar:na]
	at org.testcontainers.dockerclient.DockerClientProviderStrategy.lambda$tryOutStrategy$6(DockerClientProviderStrategy.java:168) ~[testcontainers-1.16.3.jar:na]
	at org.rnorth.ducttape.unreliables.Unreliables.lambda$retryUntilSuccess$0(Unreliables.java:43) ~[duct-tape-1.0.8.jar:na]
	at java.base/java.util.concurrent.FutureTask.run(FutureTask.java:264) ~[na:na]
	at java.base/java.util.concurrent.ThreadPoolExecutor.runWorker(ThreadPoolExecutor.java:1128) ~[na:na]
	at java.base/java.util.concurrent.ThreadPoolExecutor$Worker.run(ThreadPoolExecutor.java:628) ~[na:na]
	at java.base/java.lang.Thread.run(Thread.java:829) ~[na:na]
Caused by: com.sun.jna.LastErrorException: [13] Permission denied
	at com.github.dockerjava.transport.LinuxDomainSocket.connect(Native Method) ~[docker-java-transport-3.2.12.jar:na]
	at com.github.dockerjava.transport.LinuxDomainSocket.connect(LinuxDomainSocket.java:49) ~[docker-java-transport-3.2.12.jar:na]
	at com.github.dockerjava.transport.DomainSocket.open(DomainSocket.java:69) ~[docker-java-transport-3.2.12.jar:na]
	at com.github.dockerjava.transport.DomainSocket.&lt;init&gt;(DomainSocket.java:59) ~[docker-java-transport-3.2.12.jar:na]
	... 40 common frames omitted
20:18:52.567 [ducttape-0] INFO  c.g.d.z.s.o.a.h.c.h.i.c.HttpRequestRetryExec - Recoverable I/O exception (java.io.IOException) caught when processing request to {}-&gt;unix://localhost:2375
20:18:52.567 [ducttape-0] DEBUG c.g.d.z.s.o.a.h.c.h.p.RequestAddCookies - Cookie spec selected: strict
20:18:52.567 [ducttape-0] DEBUG c.g.d.z.s.o.a.h.c.h.p.RequestAuthCache - Auth cache not set in the context
20:18:52.567 [ducttape-0] DEBUG c.g.d.z.s.o.a.h.c.h.i.c.ProtocolExec - ex-00000018: target auth state: UNCHALLENGED
20:18:52.568 [ducttape-0] DEBUG c.g.d.z.s.o.a.h.c.h.i.c.ProtocolExec - ex-00000018: proxy auth state: UNCHALLENGED
20:18:52.568 [ducttape-0] DEBUG c.g.d.z.s.o.a.h.c.h.i.c.ConnectExec - ex-00000018: acquiring connection with route {}-&gt;unix://localhost:2375
20:18:52.569 [ducttape-0] DEBUG c.g.d.z.s.o.a.h.c.h.i.c.InternalHttpClient - ex-00000018: acquiring endpoint (3 MINUTES)
20:18:52.569 [ducttape-0] DEBUG c.g.d.z.s.o.a.h.c.h.i.i.PoolingHttpClientConnectionManager - ex-00000018: endpoint lease request (3 MINUTES) [route: {}-&gt;unix://localhost:2375][total available: 0; route allocated: 0 of 2147483647; total allocated: 0 of 2147483647]
20:18:52.569 [ducttape-0] DEBUG c.g.d.z.s.o.a.h.c.h.i.i.PoolingHttpClientConnectionManager - ex-00000018: endpoint leased [route: {}-&gt;unix://localhost:2375][total available: 0; route allocated: 1 of 2147483647; total allocated: 1 of 2147483647]
20:18:52.569 [ducttape-0] DEBUG c.g.d.z.s.o.a.h.c.h.i.i.PoolingHttpClientConnectionManager - ex-00000018: acquired ep-0000002F
20:18:52.570 [ducttape-0] DEBUG c.g.d.z.s.o.a.h.c.h.i.c.InternalHttpClient - ex-00000018: acquired endpoint ep-0000002F
20:18:52.570 [ducttape-0] DEBUG c.g.d.z.s.o.a.h.c.h.i.c.ConnectExec - ex-00000018: opening connection {}-&gt;unix://localhost:2375
20:18:52.570 [ducttape-0] DEBUG c.g.d.z.s.o.a.h.c.h.i.c.InternalHttpClient - ep-0000002F: connecting endpoint (3 MINUTES)
20:18:52.570 [ducttape-0] DEBUG c.g.d.z.s.o.a.h.c.h.i.i.PoolingHttpClientConnectionManager - ep-0000002F: connecting endpoint to unix://localhost:2375 (3 MINUTES)
20:18:52.570 [ducttape-0] DEBUG c.g.d.z.s.o.a.h.c.h.i.i.DefaultManagedHttpClientConnection - http-outgoing-47: close connection IMMEDIATE
20:18:52.572 [ducttape-0] DEBUG c.g.d.z.s.o.a.h.c.h.i.c.InternalHttpClient - ep-0000002F: endpoint closed
20:18:52.572 [ducttape-0] DEBUG c.g.d.z.s.o.a.h.c.h.i.c.InternalHttpClient - ep-0000002F: discarding endpoint
20:18:52.572 [ducttape-0] DEBUG c.g.d.z.s.o.a.h.c.h.i.i.PoolingHttpClientConnectionManager - ep-0000002F: releasing endpoint
20:18:52.572 [ducttape-0] DEBUG c.g.d.z.s.o.a.h.c.h.i.i.PoolingHttpClientConnectionManager - ep-0000002F: connection is not kept alive
20:18:52.572 [ducttape-0] DEBUG c.g.d.z.s.o.a.h.c.h.i.i.PoolingHttpClientConnectionManager - ep-0000002F: connection released [route: {}-&gt;unix://localhost:2375][total available: 0; route allocated: 0 of 2147483647; total allocated: 0 of 2147483647]
20:18:52.672 [ducttape-0] DEBUG o.t.d.DockerClientProviderStrategy - Pinging docker daemon...
20:18:52.672 [ducttape-0] DEBUG o.t.s.c.g.d.c.command.AbstrDockerCmd - Cmd: 
20:18:52.673 [ducttape-0] DEBUG c.g.d.z.s.o.a.h.c.h.i.c.InternalHttpClient - ex-00000019: preparing request execution
20:18:52.673 [ducttape-0] DEBUG c.g.d.z.s.o.a.h.c.h.p.RequestAddCookies - Cookie spec selected: strict
20:18:52.673 [ducttape-0] DEBUG c.g.d.z.s.o.a.h.c.h.p.RequestAuthCache - Auth cache not set in the context
20:18:52.673 [ducttape-0] DEBUG c.g.d.z.s.o.a.h.c.h.i.c.ProtocolExec - ex-00000019: target auth state: UNCHALLENGED
20:18:52.673 [ducttape-0] DEBUG c.g.d.z.s.o.a.h.c.h.i.c.ProtocolExec - ex-00000019: proxy auth state: UNCHALLENGED
20:18:52.673 [ducttape-0] DEBUG c.g.d.z.s.o.a.h.c.h.i.c.ConnectExec - ex-00000019: acquiring connection with route {}-&gt;unix://localhost:2375
20:18:52.673 [ducttape-0] DEBUG c.g.d.z.s.o.a.h.c.h.i.c.InternalHttpClient - ex-00000019: acquiring endpoint (3 MINUTES)
20:18:52.673 [ducttape-0] DEBUG c.g.d.z.s.o.a.h.c.h.i.i.PoolingHttpClientConnectionManager - ex-00000019: endpoint lease request (3 MINUTES) [route: {}-&gt;unix://localhost:2375][total available: 0; route allocated: 0 of 2147483647; total allocated: 0 of 2147483647]
20:18:52.673 [ducttape-0] DEBUG c.g.d.z.s.o.a.h.c.h.i.i.PoolingHttpClientConnectionManager - ex-00000019: endpoint leased [route: {}-&gt;unix://localhost:2375][total available: 0; route allocated: 1 of 2147483647; total allocated: 1 of 2147483647]
20:18:52.673 [ducttape-0] DEBUG c.g.d.z.s.o.a.h.c.h.i.i.PoolingHttpClientConnectionManager - ex-00000019: acquired ep-00000030
20:18:52.673 [ducttape-0] DEBUG c.g.d.z.s.o.a.h.c.h.i.c.InternalHttpClient - ex-00000019: acquired endpoint ep-00000030
20:18:52.673 [ducttape-0] DEBUG c.g.d.z.s.o.a.h.c.h.i.c.ConnectExec - ex-00000019: opening connection {}-&gt;unix://localhost:2375
20:18:52.673 [ducttape-0] DEBUG c.g.d.z.s.o.a.h.c.h.i.c.InternalHttpClient - ep-00000030: connecting endpoint (3 MINUTES)
20:18:52.673 [ducttape-0] DEBUG c.g.d.z.s.o.a.h.c.h.i.i.PoolingHttpClientConnectionManager - ep-00000030: connecting endpoint to unix://localhost:2375 (3 MINUTES)
20:18:52.674 [ducttape-0] DEBUG c.g.d.z.s.o.a.h.c.h.i.i.DefaultManagedHttpClientConnection - http-outgoing-48: close connection IMMEDIATE
20:18:52.674 [ducttape-0] DEBUG c.g.d.z.s.o.a.h.c.h.i.c.InternalHttpClient - ep-00000030: endpoint closed
20:18:52.674 [ducttape-0] DEBUG c.g.d.z.s.o.a.h.c.h.i.c.InternalHttpClient - ep-00000030: discarding endpoint
20:18:52.674 [ducttape-0] DEBUG c.g.d.z.s.o.a.h.c.h.i.i.PoolingHttpClientConnectionManager - ep-00000030: releasing endpoint
20:18:52.674 [ducttape-0] DEBUG c.g.d.z.s.o.a.h.c.h.i.i.PoolingHttpClientConnectionManager - ep-00000030: connection is not kept alive
20:18:52.674 [ducttape-0] DEBUG c.g.d.z.s.o.a.h.c.h.i.i.PoolingHttpClientConnectionManager - ep-00000030: connection released [route: {}-&gt;unix://localhost:2375][total available: 0; route allocated: 0 of 2147483647; total allocated: 0 of 2147483647]
20:18:52.674 [ducttape-0] DEBUG c.g.d.z.s.o.a.h.c.h.i.c.HttpRequestRetryExec - ex-00000019: com.sun.jna.LastErrorException: [13] Permission denied
java.io.IOException: com.sun.jna.LastErrorException: [13] Permission denied
	at com.github.dockerjava.transport.DomainSocket.&lt;init&gt;(DomainSocket.java:63) ~[docker-java-transport-3.2.12.jar:na]
	at com.github.dockerjava.transport.LinuxDomainSocket.&lt;init&gt;(LinuxDomainSocket.java:41) ~[docker-java-transport-3.2.12.jar:na]
	at com.github.dockerjava.transport.DomainSocket.get(DomainSocket.java:140) ~[docker-java-transport-3.2.12.jar:na]
	at com.github.dockerjava.transport.UnixSocket.get(UnixSocket.java:27) ~[docker-java-transport-3.2.12.jar:na]
	at com.github.dockerjava.zerodep.ApacheDockerHttpClientImpl$2.createSocket(ApacheDockerHttpClientImpl.java:145) ~[docker-java-transport-zerodep-3.2.12.jar:na]
	at com.github.dockerjava.zerodep.shaded.org.apache.hc.client5.http.impl.io.DefaultHttpClientConnectionOperator.connect(DefaultHttpClientConnectionOperator.java:125) ~[docker-java-transport-zerodep-3.2.12.jar:na]
	at com.github.dockerjava.zerodep.shaded.org.apache.hc.client5.http.impl.io.PoolingHttpClientConnectionManager.connect(PoolingHttpClientConnectionManager.java:409) ~[docker-java-transport-zerodep-3.2.12.jar:na]
	at com.github.dockerjava.zerodep.shaded.org.apache.hc.client5.http.impl.classic.InternalExecRuntime.connectEndpoint(InternalExecRuntime.java:164) ~[docker-java-transport-zerodep-3.2.12.jar:na]
	at com.github.dockerjava.zerodep.shaded.org.apache.hc.client5.http.impl.classic.InternalExecRuntime.connectEndpoint(InternalExecRuntime.java:174) ~[docker-java-transport-zerodep-3.2.12.jar:na]
	at com.github.dockerjava.zerodep.shaded.org.apache.hc.client5.http.impl.classic.ConnectExec.execute(ConnectExec.java:135) ~[docker-java-transport-zerodep-3.2.12.jar:na]
	at com.github.dockerjava.zerodep.shaded.org.apache.hc.client5.http.impl.classic.ExecChainElement.execute(ExecChainElement.java:51) ~[docker-java-transport-zerodep-3.2.12.jar:na]
	at com.github.dockerjava.zerodep.shaded.org.apache.hc.client5.http.impl.classic.ExecChainElement$1.proceed(ExecChainElement.java:57) ~[docker-java-transport-zerodep-3.2.12.jar:na]
	at com.github.dockerjava.zerodep.shaded.org.apache.hc.client5.http.impl.classic.ProtocolExec.execute(ProtocolExec.java:172) ~[docker-java-transport-zerodep-3.2.12.jar:na]
	at com.github.dockerjava.zerodep.shaded.org.apache.hc.client5.http.impl.classic.ExecChainElement.execute(ExecChainElement.java:51) ~[docker-java-transport-zerodep-3.2.12.jar:na]
	at com.github.dockerjava.zerodep.shaded.org.apache.hc.client5.http.impl.classic.ExecChainElement$1.proceed(ExecChainElement.java:57) ~[docker-java-transport-zerodep-3.2.12.jar:na]
	at com.github.dockerjava.zerodep.shaded.org.apache.hc.client5.http.impl.classic.HttpRequestRetryExec.execute(HttpRequestRetryExec.java:93) ~[docker-java-transport-zerodep-3.2.12.jar:na]
	at com.github.dockerjava.zerodep.shaded.org.apache.hc.client5.http.impl.classic.ExecChainElement.execute(ExecChainElement.java:51) ~[docker-java-transport-zerodep-3.2.12.jar:na]
	at com.github.dockerjava.zerodep.shaded.org.apache.hc.client5.http.impl.classic.ExecChainElement$1.proceed(ExecChainElement.java:57) ~[docker-java-transport-zerodep-3.2.12.jar:na]
	at com.github.dockerjava.zerodep.shaded.org.apache.hc.client5.http.impl.classic.ContentCompressionExec.execute(ContentCompressionExec.java:128) ~[docker-java-transport-zerodep-3.2.12.jar:na]
	at com.github.dockerjava.zerodep.shaded.org.apache.hc.client5.http.impl.classic.ExecChainElement.execute(ExecChainElement.java:51) ~[docker-java-transport-zerodep-3.2.12.jar:na]
	at com.github.dockerjava.zerodep.shaded.org.apache.hc.client5.http.impl.classic.ExecChainElement$1.proceed(ExecChainElement.java:57) ~[docker-java-transport-zerodep-3.2.12.jar:na]
	at com.github.dockerjava.zerodep.shaded.org.apache.hc.client5.http.impl.classic.RedirectExec.execute(RedirectExec.java:116) ~[docker-java-transport-zerodep-3.2.12.jar:na]
	at com.github.dockerjava.zerodep.shaded.org.apache.hc.client5.http.impl.classic.ExecChainElement.execute(ExecChainElement.java:51) ~[docker-java-transport-zerodep-3.2.12.jar:na]
	at com.github.dockerjava.zerodep.shaded.org.apache.hc.client5.http.impl.classic.InternalHttpClient.doExecute(InternalHttpClient.java:178) ~[docker-java-transport-zerodep-3.2.12.jar:na]
	at com.github.dockerjava.zerodep.shaded.org.apache.hc.client5.http.impl.classic.CloseableHttpClient.execute(CloseableHttpClient.java:67) ~[docker-java-transport-zerodep-3.2.12.jar:na]
	at com.github.dockerjava.zerodep.ApacheDockerHttpClientImpl.execute(ApacheDockerHttpClientImpl.java:183) ~[docker-java-transport-zerodep-3.2.12.jar:na]
	at com.github.dockerjava.zerodep.ZerodepDockerHttpClient.execute(ZerodepDockerHttpClient.java:8) ~[docker-java-transport-zerodep-3.2.12.jar:na]
	at org.testcontainers.shaded.com.github.dockerjava.core.DefaultInvocationBuilder.execute(DefaultInvocationBuilder.java:228) ~[testcontainers-1.16.3.jar:na]
	at org.testcontainers.shaded.com.github.dockerjava.core.DefaultInvocationBuilder.get(DefaultInvocationBuilder.java:202) ~[testcontainers-1.16.3.jar:na]
	at org.testcontainers.shaded.com.github.dockerjava.core.DefaultInvocationBuilder.get(DefaultInvocationBuilder.java:74) ~[testcontainers-1.16.3.jar:na]
	at org.testcontainers.shaded.com.github.dockerjava.core.exec.InfoCmdExec.exec(InfoCmdExec.java:24) ~[testcontainers-1.16.3.jar:na]
	at org.testcontainers.shaded.com.github.dockerjava.core.exec.InfoCmdExec.exec(InfoCmdExec.java:14) ~[testcontainers-1.16.3.jar:na]
	at org.testcontainers.shaded.com.github.dockerjava.core.command.AbstrDockerCmd.exec(AbstrDockerCmd.java:35) ~[testcontainers-1.16.3.jar:na]
	at org.testcontainers.dockerclient.DockerClientProviderStrategy.lambda$null$5(DockerClientProviderStrategy.java:170) ~[testcontainers-1.16.3.jar:na]
	at org.rnorth.ducttape.ratelimits.RateLimiter.getWhenReady(RateLimiter.java:51) ~[duct-tape-1.0.8.jar:na]
	at org.testcontainers.dockerclient.DockerClientProviderStrategy.lambda$tryOutStrategy$6(DockerClientProviderStrategy.java:168) ~[testcontainers-1.16.3.jar:na]
	at org.rnorth.ducttape.unreliables.Unreliables.lambda$retryUntilSuccess$0(Unreliables.java:43) ~[duct-tape-1.0.8.jar:na]
	at java.base/java.util.concurrent.FutureTask.run(FutureTask.java:264) ~[na:na]
	at java.base/java.util.concurrent.ThreadPoolExecutor.runWorker(ThreadPoolExecutor.java:1128) ~[na:na]
	at java.base/java.util.concurrent.ThreadPoolExecutor$Worker.run(ThreadPoolExecutor.java:628) ~[na:na]
	at java.base/java.lang.Thread.run(Thread.java:829) ~[na:na]
Caused by: com.sun.jna.LastErrorException: [13] Permission denied
	at com.github.dockerjava.transport.LinuxDomainSocket.connect(Native Method) ~[docker-java-transport-3.2.12.jar:na]
	at com.github.dockerjava.transport.LinuxDomainSocket.connect(LinuxDomainSocket.java:49) ~[docker-java-transport-3.2.12.jar:na]
	at com.github.dockerjava.transport.DomainSocket.open(DomainSocket.java:69) ~[docker-java-transport-3.2.12.jar:na]
	at com.github.dockerjava.transport.DomainSocket.&lt;init&gt;(DomainSocket.java:59) ~[docker-java-transport-3.2.12.jar:na]
	... 40 common frames omitted
20:18:52.674 [ducttape-0] INFO  c.g.d.z.s.o.a.h.c.h.i.c.HttpRequestRetryExec - Recoverable I/O exception (java.io.IOException) caught when processing request to {}-&gt;unix://localhost:2375
20:18:52.674 [ducttape-0] DEBUG c.g.d.z.s.o.a.h.c.h.p.RequestAddCookies - Cookie spec selected: strict
20:18:52.674 [ducttape-0] DEBUG c.g.d.z.s.o.a.h.c.h.p.RequestAuthCache - Auth cache not set in the context
20:18:52.674 [ducttape-0] DEBUG c.g.d.z.s.o.a.h.c.h.i.c.ProtocolExec - ex-00000019: target auth state: UNCHALLENGED
20:18:52.674 [ducttape-0] DEBUG c.g.d.z.s.o.a.h.c.h.i.c.ProtocolExec - ex-00000019: proxy auth state: UNCHALLENGED
20:18:52.674 [ducttape-0] DEBUG c.g.d.z.s.o.a.h.c.h.i.c.ConnectExec - ex-00000019: acquiring connection with route {}-&gt;unix://localhost:2375
20:18:52.675 [ducttape-0] DEBUG c.g.d.z.s.o.a.h.c.h.i.c.InternalHttpClient - ex-00000019: acquiring endpoint (3 MINUTES)
20:18:52.675 [ducttape-0] DEBUG c.g.d.z.s.o.a.h.c.h.i.i.PoolingHttpClientConnectionManager - ex-00000019: endpoint lease request (3 MINUTES) [route: {}-&gt;unix://localhost:2375][total available: 0; route allocated: 0 of 2147483647; total allocated: 0 of 2147483647]
20:18:52.675 [ducttape-0] DEBUG c.g.d.z.s.o.a.h.c.h.i.i.PoolingHttpClientConnectionManager - ex-00000019: endpoint leased [route: {}-&gt;unix://localhost:2375][total available: 0; route allocated: 1 of 2147483647; total allocated: 1 of 2147483647]
20:18:52.675 [ducttape-0] DEBUG c.g.d.z.s.o.a.h.c.h.i.i.PoolingHttpClientConnectionManager - ex-00000019: acquired ep-00000031
20:18:52.675 [ducttape-0] DEBUG c.g.d.z.s.o.a.h.c.h.i.c.InternalHttpClient - ex-00000019: acquired endpoint ep-00000031
20:18:52.675 [ducttape-0] DEBUG c.g.d.z.s.o.a.h.c.h.i.c.ConnectExec - ex-00000019: opening connection {}-&gt;unix://localhost:2375
20:18:52.675 [ducttape-0] DEBUG c.g.d.z.s.o.a.h.c.h.i.c.InternalHttpClient - ep-00000031: connecting endpoint (3 MINUTES)
20:18:52.675 [ducttape-0] DEBUG c.g.d.z.s.o.a.h.c.h.i.i.PoolingHttpClientConnectionManager - ep-00000031: connecting endpoint to unix://localhost:2375 (3 MINUTES)
20:18:52.675 [ducttape-0] DEBUG c.g.d.z.s.o.a.h.c.h.i.i.DefaultManagedHttpClientConnection - http-outgoing-49: close connection IMMEDIATE
20:18:52.675 [ducttape-0] DEBUG c.g.d.z.s.o.a.h.c.h.i.c.InternalHttpClient - ep-00000031: endpoint closed
20:18:52.675 [ducttape-0] DEBUG c.g.d.z.s.o.a.h.c.h.i.c.InternalHttpClient - ep-00000031: discarding endpoint
20:18:52.675 [ducttape-0] DEBUG c.g.d.z.s.o.a.h.c.h.i.i.PoolingHttpClientConnectionManager - ep-00000031: releasing endpoint
20:18:52.675 [ducttape-0] DEBUG c.g.d.z.s.o.a.h.c.h.i.i.PoolingHttpClientConnectionManager - ep-00000031: connection is not kept alive
20:18:52.675 [ducttape-0] DEBUG c.g.d.z.s.o.a.h.c.h.i.i.PoolingHttpClientConnectionManager - ep-00000031: connection released [route: {}-&gt;unix://localhost:2375][total available: 0; route allocated: 0 of 2147483647; total allocated: 0 of 2147483647]
20:18:52.775 [ducttape-0] DEBUG o.t.d.DockerClientProviderStrategy - Pinging docker daemon...
20:18:52.776 [ducttape-0] DEBUG o.t.s.c.g.d.c.command.AbstrDockerCmd - Cmd: 
20:18:52.776 [ducttape-0] DEBUG c.g.d.z.s.o.a.h.c.h.i.c.InternalHttpClient - ex-0000001A: preparing request execution
20:18:52.777 [ducttape-0] DEBUG c.g.d.z.s.o.a.h.c.h.p.RequestAddCookies - Cookie spec selected: strict
20:18:52.777 [ducttape-0] DEBUG c.g.d.z.s.o.a.h.c.h.p.RequestAuthCache - Auth cache not set in the context
20:18:52.777 [ducttape-0] DEBUG c.g.d.z.s.o.a.h.c.h.i.c.ProtocolExec - ex-0000001A: target auth state: UNCHALLENGED
20:18:52.777 [ducttape-0] DEBUG c.g.d.z.s.o.a.h.c.h.i.c.ProtocolExec - ex-0000001A: proxy auth state: UNCHALLENGED
20:18:52.781 [ducttape-0] DEBUG c.g.d.z.s.o.a.h.c.h.i.c.ConnectExec - ex-0000001A: acquiring connection with route {}-&gt;unix://localhost:2375
20:18:52.781 [ducttape-0] DEBUG c.g.d.z.s.o.a.h.c.h.i.c.InternalHttpClient - ex-0000001A: acquiring endpoint (3 MINUTES)
20:18:52.782 [ducttape-0] DEBUG c.g.d.z.s.o.a.h.c.h.i.i.PoolingHttpClientConnectionManager - ex-0000001A: endpoint lease request (3 MINUTES) [route: {}-&gt;unix://localhost:2375][total available: 0; route allocated: 0 of 2147483647; total allocated: 0 of 2147483647]
20:18:52.782 [ducttape-0] DEBUG c.g.d.z.s.o.a.h.c.h.i.i.PoolingHttpClientConnectionManager - ex-0000001A: endpoint leased [route: {}-&gt;unix://localhost:2375][total available: 0; route allocated: 1 of 2147483647; total allocated: 1 of 2147483647]
20:18:52.782 [ducttape-0] DEBUG c.g.d.z.s.o.a.h.c.h.i.i.PoolingHttpClientConnectionManager - ex-0000001A: acquired ep-00000032
20:18:52.782 [ducttape-0] DEBUG c.g.d.z.s.o.a.h.c.h.i.c.InternalHttpClient - ex-0000001A: acquired endpoint ep-00000032
20:18:52.782 [ducttape-0] DEBUG c.g.d.z.s.o.a.h.c.h.i.c.ConnectExec - ex-0000001A: opening connection {}-&gt;unix://localhost:2375
20:18:52.782 [ducttape-0] DEBUG c.g.d.z.s.o.a.h.c.h.i.c.InternalHttpClient - ep-00000032: connecting endpoint (3 MINUTES)
20:18:52.782 [ducttape-0] DEBUG c.g.d.z.s.o.a.h.c.h.i.i.PoolingHttpClientConnectionManager - ep-00000032: connecting endpoint to unix://localhost:2375 (3 MINUTES)
20:18:52.784 [ducttape-0] DEBUG c.g.d.z.s.o.a.h.c.h.i.i.DefaultManagedHttpClientConnection - http-outgoing-50: close connection IMMEDIATE
20:18:52.786 [ducttape-0] DEBUG c.g.d.z.s.o.a.h.c.h.i.c.InternalHttpClient - ep-00000032: endpoint closed
20:18:52.786 [ducttape-0] DEBUG c.g.d.z.s.o.a.h.c.h.i.c.InternalHttpClient - ep-00000032: discarding endpoint
20:18:52.786 [ducttape-0] DEBUG c.g.d.z.s.o.a.h.c.h.i.i.PoolingHttpClientConnectionManager - ep-00000032: releasing endpoint
20:18:52.786 [ducttape-0] DEBUG c.g.d.z.s.o.a.h.c.h.i.i.PoolingHttpClientConnectionManager - ep-00000032: connection is not kept alive
20:18:52.786 [ducttape-0] DEBUG c.g.d.z.s.o.a.h.c.h.i.i.PoolingHttpClientConnectionManager - ep-00000032: connection released [route: {}-&gt;unix://localhost:2375][total available: 0; route allocated: 0 of 2147483647; total allocated: 0 of 2147483647]
20:18:52.788 [ducttape-0] DEBUG c.g.d.z.s.o.a.h.c.h.i.c.HttpRequestRetryExec - ex-0000001A: com.sun.jna.LastErrorException: [13] Permission denied
java.io.IOException: com.sun.jna.LastErrorException: [13] Permission denied
	at com.github.dockerjava.transport.DomainSocket.&lt;init&gt;(DomainSocket.java:63) ~[docker-java-transport-3.2.12.jar:na]
	at com.github.dockerjava.transport.LinuxDomainSocket.&lt;init&gt;(LinuxDomainSocket.java:41) ~[docker-java-transport-3.2.12.jar:na]
	at com.github.dockerjava.transport.DomainSocket.get(DomainSocket.java:140) ~[docker-java-transport-3.2.12.jar:na]
	at com.github.dockerjava.transport.UnixSocket.get(UnixSocket.java:27) ~[docker-java-transport-3.2.12.jar:na]
	at com.github.dockerjava.zerodep.ApacheDockerHttpClientImpl$2.createSocket(ApacheDockerHttpClientImpl.java:145) ~[docker-java-transport-zerodep-3.2.12.jar:na]
	at com.github.dockerjava.zerodep.shaded.org.apache.hc.client5.http.impl.io.DefaultHttpClientConnectionOperator.connect(DefaultHttpClientConnectionOperator.java:125) ~[docker-java-transport-zerodep-3.2.12.jar:na]
	at com.github.dockerjava.zerodep.shaded.org.apache.hc.client5.http.impl.io.PoolingHttpClientConnectionManager.connect(PoolingHttpClientConnectionManager.java:409) ~[docker-java-transport-zerodep-3.2.12.jar:na]
	at com.github.dockerjava.zerodep.shaded.org.apache.hc.client5.http.impl.classic.InternalExecRuntime.connectEndpoint(InternalExecRuntime.java:164) ~[docker-java-transport-zerodep-3.2.12.jar:na]
	at com.github.dockerjava.zerodep.shaded.org.apache.hc.client5.http.impl.classic.InternalExecRuntime.connectEndpoint(InternalExecRuntime.java:174) ~[docker-java-transport-zerodep-3.2.12.jar:na]
	at com.github.dockerjava.zerodep.shaded.org.apache.hc.client5.http.impl.classic.ConnectExec.execute(ConnectExec.java:135) ~[docker-java-transport-zerodep-3.2.12.jar:na]
	at com.github.dockerjava.zerodep.shaded.org.apache.hc.client5.http.impl.classic.ExecChainElement.execute(ExecChainElement.java:51) ~[docker-java-transport-zerodep-3.2.12.jar:na]
	at com.github.dockerjava.zerodep.shaded.org.apache.hc.client5.http.impl.classic.ExecChainElement$1.proceed(ExecChainElement.java:57) ~[docker-java-transport-zerodep-3.2.12.jar:na]
	at com.github.dockerjava.zerodep.shaded.org.apache.hc.client5.http.impl.classic.ProtocolExec.execute(ProtocolExec.java:172) ~[docker-java-transport-zerodep-3.2.12.jar:na]
	at com.github.dockerjava.zerodep.shaded.org.apache.hc.client5.http.impl.classic.ExecChainElement.execute(ExecChainElement.java:51) ~[docker-java-transport-zerodep-3.2.12.jar:na]
	at com.github.dockerjava.zerodep.shaded.org.apache.hc.client5.http.impl.classic.ExecChainElement$1.proceed(ExecChainElement.java:57) ~[docker-java-transport-zerodep-3.2.12.jar:na]
	at com.github.dockerjava.zerodep.shaded.org.apache.hc.client5.http.impl.classic.HttpRequestRetryExec.execute(HttpRequestRetryExec.java:93) ~[docker-java-transport-zerodep-3.2.12.jar:na]
	at com.github.dockerjava.zerodep.shaded.org.apache.hc.client5.http.impl.classic.ExecChainElement.execute(ExecChainElement.java:51) ~[docker-java-transport-zerodep-3.2.12.jar:na]
	at com.github.dockerjava.zerodep.shaded.org.apache.hc.client5.http.impl.classic.ExecChainElement$1.proceed(ExecChainElement.java:57) ~[docker-java-transport-zerodep-3.2.12.jar:na]
	at com.github.dockerjava.zerodep.shaded.org.apache.hc.client5.http.impl.classic.ContentCompressionExec.execute(ContentCompressionExec.java:128) ~[docker-java-transport-zerodep-3.2.12.jar:na]
	at com.github.dockerjava.zerodep.shaded.org.apache.hc.client5.http.impl.classic.ExecChainElement.execute(ExecChainElement.java:51) ~[docker-java-transport-zerodep-3.2.12.jar:na]
	at com.github.dockerjava.zerodep.shaded.org.apache.hc.client5.http.impl.classic.ExecChainElement$1.proceed(ExecChainElement.java:57) ~[docker-java-transport-zerodep-3.2.12.jar:na]
	at com.github.dockerjava.zerodep.shaded.org.apache.hc.client5.http.impl.classic.RedirectExec.execute(RedirectExec.java:116) ~[docker-java-transport-zerodep-3.2.12.jar:na]
	at com.github.dockerjava.zerodep.shaded.org.apache.hc.client5.http.impl.classic.ExecChainElement.execute(ExecChainElement.java:51) ~[docker-java-transport-zerodep-3.2.12.jar:na]
	at com.github.dockerjava.zerodep.shaded.org.apache.hc.client5.http.impl.classic.InternalHttpClient.doExecute(InternalHttpClient.java:178) ~[docker-java-transport-zerodep-3.2.12.jar:na]
	at com.github.dockerjava.zerodep.shaded.org.apache.hc.client5.http.impl.classic.CloseableHttpClient.execute(CloseableHttpClient.java:67) ~[docker-java-transport-zerodep-3.2.12.jar:na]
	at com.github.dockerjava.zerodep.ApacheDockerHttpClientImpl.execute(ApacheDockerHttpClientImpl.java:183) ~[docker-java-transport-zerodep-3.2.12.jar:na]
	at com.github.dockerjava.zerodep.ZerodepDockerHttpClient.execute(ZerodepDockerHttpClient.java:8) ~[docker-java-transport-zerodep-3.2.12.jar:na]
	at org.testcontainers.shaded.com.github.dockerjava.core.DefaultInvocationBuilder.execute(DefaultInvocationBuilder.java:228) ~[testcontainers-1.16.3.jar:na]
	at org.testcontainers.shaded.com.github.dockerjava.core.DefaultInvocationBuilder.get(DefaultInvocationBuilder.java:202) ~[testcontainers-1.16.3.jar:na]
	at org.testcontainers.shaded.com.github.dockerjava.core.DefaultInvocationBuilder.get(DefaultInvocationBuilder.java:74) ~[testcontainers-1.16.3.jar:na]
	at org.testcontainers.shaded.com.github.dockerjava.core.exec.InfoCmdExec.exec(InfoCmdExec.java:24) ~[testcontainers-1.16.3.jar:na]
	at org.testcontainers.shaded.com.github.dockerjava.core.exec.InfoCmdExec.exec(InfoCmdExec.java:14) ~[testcontainers-1.16.3.jar:na]
	at org.testcontainers.shaded.com.github.dockerjava.core.command.AbstrDockerCmd.exec(AbstrDockerCmd.java:35) ~[testcontainers-1.16.3.jar:na]
	at org.testcontainers.dockerclient.DockerClientProviderStrategy.lambda$null$5(DockerClientProviderStrategy.java:170) ~[testcontainers-1.16.3.jar:na]
	at org.rnorth.ducttape.ratelimits.RateLimiter.getWhenReady(RateLimiter.java:51) ~[duct-tape-1.0.8.jar:na]
	at org.testcontainers.dockerclient.DockerClientProviderStrategy.lambda$tryOutStrategy$6(DockerClientProviderStrategy.java:168) ~[testcontainers-1.16.3.jar:na]
	at org.rnorth.ducttape.unreliables.Unreliables.lambda$retryUntilSuccess$0(Unreliables.java:43) ~[duct-tape-1.0.8.jar:na]
	at java.base/java.util.concurrent.FutureTask.run(FutureTask.java:264) ~[na:na]
	at java.base/java.util.concurrent.ThreadPoolExecutor.runWorker(ThreadPoolExecutor.java:1128) ~[na:na]
	at java.base/java.util.concurrent.ThreadPoolExecutor$Worker.run(ThreadPoolExecutor.java:628) ~[na:na]
	at java.base/java.lang.Thread.run(Thread.java:829) ~[na:na]
Caused by: com.sun.jna.LastErrorException: [13] Permission denied
	at com.github.dockerjava.transport.LinuxDomainSocket.connect(Native Method) ~[docker-java-transport-3.2.12.jar:na]
	at com.github.dockerjava.transport.LinuxDomainSocket.connect(LinuxDomainSocket.java:49) ~[docker-java-transport-3.2.12.jar:na]
	at com.github.dockerjava.transport.DomainSocket.open(DomainSocket.java:69) ~[docker-java-transport-3.2.12.jar:na]
	at com.github.dockerjava.transport.DomainSocket.&lt;init&gt;(DomainSocket.java:59) ~[docker-java-transport-3.2.12.jar:na]
	... 40 common frames omitted
20:18:52.791 [ducttape-0] INFO  c.g.d.z.s.o.a.h.c.h.i.c.HttpRequestRetryExec - Recoverable I/O exception (java.io.IOException) caught when processing request to {}-&gt;unix://localhost:2375
20:18:52.791 [ducttape-0] DEBUG c.g.d.z.s.o.a.h.c.h.p.RequestAddCookies - Cookie spec selected: strict
20:18:52.792 [ducttape-0] DEBUG c.g.d.z.s.o.a.h.c.h.p.RequestAuthCache - Auth cache not set in the context
20:18:52.792 [ducttape-0] DEBUG c.g.d.z.s.o.a.h.c.h.i.c.ProtocolExec - ex-0000001A: target auth state: UNCHALLENGED
20:18:52.792 [ducttape-0] DEBUG c.g.d.z.s.o.a.h.c.h.i.c.ProtocolExec - ex-0000001A: proxy auth state: UNCHALLENGED
20:18:52.792 [ducttape-0] DEBUG c.g.d.z.s.o.a.h.c.h.i.c.ConnectExec - ex-0000001A: acquiring connection with route {}-&gt;unix://localhost:2375
20:18:52.792 [ducttape-0] DEBUG c.g.d.z.s.o.a.h.c.h.i.c.InternalHttpClient - ex-0000001A: acquiring endpoint (3 MINUTES)
20:18:52.792 [ducttape-0] DEBUG c.g.d.z.s.o.a.h.c.h.i.i.PoolingHttpClientConnectionManager - ex-0000001A: endpoint lease request (3 MINUTES) [route: {}-&gt;unix://localhost:2375][total available: 0; route allocated: 0 of 2147483647; total allocated: 0 of 2147483647]
20:18:52.794 [ducttape-0] DEBUG c.g.d.z.s.o.a.h.c.h.i.i.PoolingHttpClientConnectionManager - ex-0000001A: endpoint leased [route: {}-&gt;unix://localhost:2375][total available: 0; route allocated: 1 of 2147483647; total allocated: 1 of 2147483647]
20:18:52.794 [ducttape-0] DEBUG c.g.d.z.s.o.a.h.c.h.i.i.PoolingHttpClientConnectionManager - ex-0000001A: acquired ep-00000033
20:18:52.794 [ducttape-0] DEBUG c.g.d.z.s.o.a.h.c.h.i.c.InternalHttpClient - ex-0000001A: acquired endpoint ep-00000033
20:18:52.794 [ducttape-0] DEBUG c.g.d.z.s.o.a.h.c.h.i.c.ConnectExec - ex-0000001A: opening connection {}-&gt;unix://localhost:2375
20:18:52.799 [ducttape-0] DEBUG c.g.d.z.s.o.a.h.c.h.i.c.InternalHttpClient - ep-00000033: connecting endpoint (3 MINUTES)
20:18:52.800 [ducttape-0] DEBUG c.g.d.z.s.o.a.h.c.h.i.i.PoolingHttpClientConnectionManager - ep-00000033: connecting endpoint to unix://localhost:2375 (3 MINUTES)
20:18:52.802 [ducttape-0] DEBUG c.g.d.z.s.o.a.h.c.h.i.i.DefaultManagedHttpClientConnection - http-outgoing-51: close connection IMMEDIATE
20:18:52.804 [ducttape-0] DEBUG c.g.d.z.s.o.a.h.c.h.i.c.InternalHttpClient - ep-00000033: endpoint closed
20:18:52.804 [ducttape-0] DEBUG c.g.d.z.s.o.a.h.c.h.i.c.InternalHttpClient - ep-00000033: discarding endpoint
20:18:52.804 [ducttape-0] DEBUG c.g.d.z.s.o.a.h.c.h.i.i.PoolingHttpClientConnectionManager - ep-00000033: releasing endpoint
20:18:52.804 [ducttape-0] DEBUG c.g.d.z.s.o.a.h.c.h.i.i.PoolingHttpClientConnectionManager - ep-00000033: connection is not kept alive
20:18:52.804 [ducttape-0] DEBUG c.g.d.z.s.o.a.h.c.h.i.i.PoolingHttpClientConnectionManager - ep-00000033: connection released [route: {}-&gt;unix://localhost:2375][total available: 0; route allocated: 0 of 2147483647; total allocated: 0 of 2147483647]
20:18:52.904 [ducttape-0] DEBUG o.t.d.DockerClientProviderStrategy - Pinging docker daemon...
20:18:52.905 [ducttape-0] DEBUG o.t.s.c.g.d.c.command.AbstrDockerCmd - Cmd: 
20:18:52.905 [ducttape-0] DEBUG c.g.d.z.s.o.a.h.c.h.i.c.InternalHttpClient - ex-0000001B: preparing request execution
20:18:52.905 [ducttape-0] DEBUG c.g.d.z.s.o.a.h.c.h.p.RequestAddCookies - Cookie spec selected: strict
20:18:52.905 [ducttape-0] DEBUG c.g.d.z.s.o.a.h.c.h.p.RequestAuthCache - Auth cache not set in the context
20:18:52.905 [ducttape-0] DEBUG c.g.d.z.s.o.a.h.c.h.i.c.ProtocolExec - ex-0000001B: target auth state: UNCHALLENGED
20:18:52.905 [ducttape-0] DEBUG c.g.d.z.s.o.a.h.c.h.i.c.ProtocolExec - ex-0000001B: proxy auth state: UNCHALLENGED
20:18:52.905 [ducttape-0] DEBUG c.g.d.z.s.o.a.h.c.h.i.c.ConnectExec - ex-0000001B: acquiring connection with route {}-&gt;unix://localhost:2375
20:18:52.905 [ducttape-0] DEBUG c.g.d.z.s.o.a.h.c.h.i.c.InternalHttpClient - ex-0000001B: acquiring endpoint (3 MINUTES)
20:18:52.906 [ducttape-0] DEBUG c.g.d.z.s.o.a.h.c.h.i.i.PoolingHttpClientConnectionManager - ex-0000001B: endpoint lease request (3 MINUTES) [route: {}-&gt;unix://localhost:2375][total available: 0; route allocated: 0 of 2147483647; total allocated: 0 of 2147483647]
20:18:52.906 [ducttape-0] DEBUG c.g.d.z.s.o.a.h.c.h.i.i.PoolingHttpClientConnectionManager - ex-0000001B: endpoint leased [route: {}-&gt;unix://localhost:2375][total available: 0; route allocated: 1 of 2147483647; total allocated: 1 of 2147483647]
20:18:52.906 [ducttape-0] DEBUG c.g.d.z.s.o.a.h.c.h.i.i.PoolingHttpClientConnectionManager - ex-0000001B: acquired ep-00000034
20:18:52.906 [ducttape-0] DEBUG c.g.d.z.s.o.a.h.c.h.i.c.InternalHttpClient - ex-0000001B: acquired endpoint ep-00000034
20:18:52.906 [ducttape-0] DEBUG c.g.d.z.s.o.a.h.c.h.i.c.ConnectExec - ex-0000001B: opening connection {}-&gt;unix://localhost:2375
20:18:52.906 [ducttape-0] DEBUG c.g.d.z.s.o.a.h.c.h.i.c.InternalHttpClient - ep-00000034: connecting endpoint (3 MINUTES)
20:18:52.906 [ducttape-0] DEBUG c.g.d.z.s.o.a.h.c.h.i.i.PoolingHttpClientConnectionManager - ep-00000034: connecting endpoint to unix://localhost:2375 (3 MINUTES)
20:18:52.907 [ducttape-0] DEBUG c.g.d.z.s.o.a.h.c.h.i.i.DefaultManagedHttpClientConnection - http-outgoing-52: close connection IMMEDIATE
20:18:52.907 [ducttape-0] DEBUG c.g.d.z.s.o.a.h.c.h.i.c.InternalHttpClient - ep-00000034: endpoint closed
20:18:52.907 [ducttape-0] DEBUG c.g.d.z.s.o.a.h.c.h.i.c.InternalHttpClient - ep-00000034: discarding endpoint
20:18:52.907 [ducttape-0] DEBUG c.g.d.z.s.o.a.h.c.h.i.i.PoolingHttpClientConnectionManager - ep-00000034: releasing endpoint
20:18:52.908 [ducttape-0] DEBUG c.g.d.z.s.o.a.h.c.h.i.i.PoolingHttpClientConnectionManager - ep-00000034: connection is not kept alive
20:18:52.908 [ducttape-0] DEBUG c.g.d.z.s.o.a.h.c.h.i.i.PoolingHttpClientConnectionManager - ep-00000034: connection released [route: {}-&gt;unix://localhost:2375][total available: 0; route allocated: 0 of 2147483647; total allocated: 0 of 2147483647]
20:18:52.908 [ducttape-0] DEBUG c.g.d.z.s.o.a.h.c.h.i.c.HttpRequestRetryExec - ex-0000001B: com.sun.jna.LastErrorException: [13] Permission denied
java.io.IOException: com.sun.jna.LastErrorException: [13] Permission denied
	at com.github.dockerjava.transport.DomainSocket.&lt;init&gt;(DomainSocket.java:63) ~[docker-java-transport-3.2.12.jar:na]
	at com.github.dockerjava.transport.LinuxDomainSocket.&lt;init&gt;(LinuxDomainSocket.java:41) ~[docker-java-transport-3.2.12.jar:na]
	at com.github.dockerjava.transport.DomainSocket.get(DomainSocket.java:140) ~[docker-java-transport-3.2.12.jar:na]
	at com.github.dockerjava.transport.UnixSocket.get(UnixSocket.java:27) ~[docker-java-transport-3.2.12.jar:na]
	at com.github.dockerjava.zerodep.ApacheDockerHttpClientImpl$2.createSocket(ApacheDockerHttpClientImpl.java:145) ~[docker-java-transport-zerodep-3.2.12.jar:na]
	at com.github.dockerjava.zerodep.shaded.org.apache.hc.client5.http.impl.io.DefaultHttpClientConnectionOperator.connect(DefaultHttpClientConnectionOperator.java:125) ~[docker-java-transport-zerodep-3.2.12.jar:na]
	at com.github.dockerjava.zerodep.shaded.org.apache.hc.client5.http.impl.io.PoolingHttpClientConnectionManager.connect(PoolingHttpClientConnectionManager.java:409) ~[docker-java-transport-zerodep-3.2.12.jar:na]
	at com.github.dockerjava.zerodep.shaded.org.apache.hc.client5.http.impl.classic.InternalExecRuntime.connectEndpoint(InternalExecRuntime.java:164) ~[docker-java-transport-zerodep-3.2.12.jar:na]
	at com.github.dockerjava.zerodep.shaded.org.apache.hc.client5.http.impl.classic.InternalExecRuntime.connectEndpoint(InternalExecRuntime.java:174) ~[docker-java-transport-zerodep-3.2.12.jar:na]
	at com.github.dockerjava.zerodep.shaded.org.apache.hc.client5.http.impl.classic.ConnectExec.execute(ConnectExec.java:135) ~[docker-java-transport-zerodep-3.2.12.jar:na]
	at com.github.dockerjava.zerodep.shaded.org.apache.hc.client5.http.impl.classic.ExecChainElement.execute(ExecChainElement.java:51) ~[docker-java-transport-zerodep-3.2.12.jar:na]
	at com.github.dockerjava.zerodep.shaded.org.apache.hc.client5.http.impl.classic.ExecChainElement$1.proceed(ExecChainElement.java:57) ~[docker-java-transport-zerodep-3.2.12.jar:na]
	at com.github.dockerjava.zerodep.shaded.org.apache.hc.client5.http.impl.classic.ProtocolExec.execute(ProtocolExec.java:172) ~[docker-java-transport-zerodep-3.2.12.jar:na]
	at com.github.dockerjava.zerodep.shaded.org.apache.hc.client5.http.impl.classic.ExecChainElement.execute(ExecChainElement.java:51) ~[docker-java-transport-zerodep-3.2.12.jar:na]
	at com.github.dockerjava.zerodep.shaded.org.apache.hc.client5.http.impl.classic.ExecChainElement$1.proceed(ExecChainElement.java:57) ~[docker-java-transport-zerodep-3.2.12.jar:na]
	at com.github.dockerjava.zerodep.shaded.org.apache.hc.client5.http.impl.classic.HttpRequestRetryExec.execute(HttpRequestRetryExec.java:93) ~[docker-java-transport-zerodep-3.2.12.jar:na]
	at com.github.dockerjava.zerodep.shaded.org.apache.hc.client5.http.impl.classic.ExecChainElement.execute(ExecChainElement.java:51) ~[docker-java-transport-zerodep-3.2.12.jar:na]
	at com.github.dockerjava.zerodep.shaded.org.apache.hc.client5.http.impl.classic.ExecChainElement$1.proceed(ExecChainElement.java:57) ~[docker-java-transport-zerodep-3.2.12.jar:na]
	at com.github.dockerjava.zerodep.shaded.org.apache.hc.client5.http.impl.classic.ContentCompressionExec.execute(ContentCompressionExec.java:128) ~[docker-java-transport-zerodep-3.2.12.jar:na]
	at com.github.dockerjava.zerodep.shaded.org.apache.hc.client5.http.impl.classic.ExecChainElement.execute(ExecChainElement.java:51) ~[docker-java-transport-zerodep-3.2.12.jar:na]
	at com.github.dockerjava.zerodep.shaded.org.apache.hc.client5.http.impl.classic.ExecChainElement$1.proceed(ExecChainElement.java:57) ~[docker-java-transport-zerodep-3.2.12.jar:na]
	at com.github.dockerjava.zerodep.shaded.org.apache.hc.client5.http.impl.classic.RedirectExec.execute(RedirectExec.java:116) ~[docker-java-transport-zerodep-3.2.12.jar:na]
	at com.github.dockerjava.zerodep.shaded.org.apache.hc.client5.http.impl.classic.ExecChainElement.execute(ExecChainElement.java:51) ~[docker-java-transport-zerodep-3.2.12.jar:na]
	at com.github.dockerjava.zerodep.shaded.org.apache.hc.client5.http.impl.classic.InternalHttpClient.doExecute(InternalHttpClient.java:178) ~[docker-java-transport-zerodep-3.2.12.jar:na]
	at com.github.dockerjava.zerodep.shaded.org.apache.hc.client5.http.impl.classic.CloseableHttpClient.execute(CloseableHttpClient.java:67) ~[docker-java-transport-zerodep-3.2.12.jar:na]
	at com.github.dockerjava.zerodep.ApacheDockerHttpClientImpl.execute(ApacheDockerHttpClientImpl.java:183) ~[docker-java-transport-zerodep-3.2.12.jar:na]
	at com.github.dockerjava.zerodep.ZerodepDockerHttpClient.execute(ZerodepDockerHttpClient.java:8) ~[docker-java-transport-zerodep-3.2.12.jar:na]
	at org.testcontainers.shaded.com.github.dockerjava.core.DefaultInvocationBuilder.execute(DefaultInvocationBuilder.java:228) ~[testcontainers-1.16.3.jar:na]
	at org.testcontainers.shaded.com.github.dockerjava.core.DefaultInvocationBuilder.get(DefaultInvocationBuilder.java:202) ~[testcontainers-1.16.3.jar:na]
	at org.testcontainers.shaded.com.github.dockerjava.core.DefaultInvocationBuilder.get(DefaultInvocationBuilder.java:74) ~[testcontainers-1.16.3.jar:na]
	at org.testcontainers.shaded.com.github.dockerjava.core.exec.InfoCmdExec.exec(InfoCmdExec.java:24) ~[testcontainers-1.16.3.jar:na]
	at org.testcontainers.shaded.com.github.dockerjava.core.exec.InfoCmdExec.exec(InfoCmdExec.java:14) ~[testcontainers-1.16.3.jar:na]
	at org.testcontainers.shaded.com.github.dockerjava.core.command.AbstrDockerCmd.exec(AbstrDockerCmd.java:35) ~[testcontainers-1.16.3.jar:na]
	at org.testcontainers.dockerclient.DockerClientProviderStrategy.lambda$null$5(DockerClientProviderStrategy.java:170) ~[testcontainers-1.16.3.jar:na]
	at org.rnorth.ducttape.ratelimits.RateLimiter.getWhenReady(RateLimiter.java:51) ~[duct-tape-1.0.8.jar:na]
	at org.testcontainers.dockerclient.DockerClientProviderStrategy.lambda$tryOutStrategy$6(DockerClientProviderStrategy.java:168) ~[testcontainers-1.16.3.jar:na]
	at org.rnorth.ducttape.unreliables.Unreliables.lambda$retryUntilSuccess$0(Unreliables.java:43) ~[duct-tape-1.0.8.jar:na]
	at java.base/java.util.concurrent.FutureTask.run(FutureTask.java:264) ~[na:na]
	at java.base/java.util.concurrent.ThreadPoolExecutor.runWorker(ThreadPoolExecutor.java:1128) ~[na:na]
	at java.base/java.util.concurrent.ThreadPoolExecutor$Worker.run(ThreadPoolExecutor.java:628) ~[na:na]
	at java.base/java.lang.Thread.run(Thread.java:829) ~[na:na]
Caused by: com.sun.jna.LastErrorException: [13] Permission denied
	at com.github.dockerjava.transport.LinuxDomainSocket.connect(Native Method) ~[docker-java-transport-3.2.12.jar:na]
	at com.github.dockerjava.transport.LinuxDomainSocket.connect(LinuxDomainSocket.java:49) ~[docker-java-transport-3.2.12.jar:na]
	at com.github.dockerjava.transport.DomainSocket.open(DomainSocket.java:69) ~[docker-java-transport-3.2.12.jar:na]
	at com.github.dockerjava.transport.DomainSocket.&lt;init&gt;(DomainSocket.java:59) ~[docker-java-transport-3.2.12.jar:na]
	... 40 common frames omitted
20:18:52.911 [ducttape-0] INFO  c.g.d.z.s.o.a.h.c.h.i.c.HttpRequestRetryExec - Recoverable I/O exception (java.io.IOException) caught when processing request to {}-&gt;unix://localhost:2375
20:18:52.911 [ducttape-0] DEBUG c.g.d.z.s.o.a.h.c.h.p.RequestAddCookies - Cookie spec selected: strict
20:18:52.911 [ducttape-0] DEBUG c.g.d.z.s.o.a.h.c.h.p.RequestAuthCache - Auth cache not set in the context
20:18:52.912 [ducttape-0] DEBUG c.g.d.z.s.o.a.h.c.h.i.c.ProtocolExec - ex-0000001B: target auth state: UNCHALLENGED
20:18:52.912 [ducttape-0] DEBUG c.g.d.z.s.o.a.h.c.h.i.c.ProtocolExec - ex-0000001B: proxy auth state: UNCHALLENGED
20:18:52.912 [ducttape-0] DEBUG c.g.d.z.s.o.a.h.c.h.i.c.ConnectExec - ex-0000001B: acquiring connection with route {}-&gt;unix://localhost:2375
20:18:52.912 [ducttape-0] DEBUG c.g.d.z.s.o.a.h.c.h.i.c.InternalHttpClient - ex-0000001B: acquiring endpoint (3 MINUTES)
20:18:52.912 [ducttape-0] DEBUG c.g.d.z.s.o.a.h.c.h.i.i.PoolingHttpClientConnectionManager - ex-0000001B: endpoint lease request (3 MINUTES) [route: {}-&gt;unix://localhost:2375][total available: 0; route allocated: 0 of 2147483647; total allocated: 0 of 2147483647]
20:18:52.912 [ducttape-0] DEBUG c.g.d.z.s.o.a.h.c.h.i.i.PoolingHttpClientConnectionManager - ex-0000001B: endpoint leased [route: {}-&gt;unix://localhost:2375][total available: 0; route allocated: 1 of 2147483647; total allocated: 1 of 2147483647]
20:18:52.913 [ducttape-0] DEBUG c.g.d.z.s.o.a.h.c.h.i.i.PoolingHttpClientConnectionManager - ex-0000001B: acquired ep-00000035
20:18:52.913 [ducttape-0] DEBUG c.g.d.z.s.o.a.h.c.h.i.c.InternalHttpClient - ex-0000001B: acquired endpoint ep-00000035
20:18:52.914 [ducttape-0] DEBUG c.g.d.z.s.o.a.h.c.h.i.c.ConnectExec - ex-0000001B: opening connection {}-&gt;unix://localhost:2375
20:18:52.914 [ducttape-0] DEBUG c.g.d.z.s.o.a.h.c.h.i.c.InternalHttpClient - ep-00000035: connecting endpoint (3 MINUTES)
20:18:52.914 [ducttape-0] DEBUG c.g.d.z.s.o.a.h.c.h.i.i.PoolingHttpClientConnectionManager - ep-00000035: connecting endpoint to unix://localhost:2375 (3 MINUTES)
20:18:52.914 [ducttape-0] DEBUG c.g.d.z.s.o.a.h.c.h.i.i.DefaultManagedHttpClientConnection - http-outgoing-53: close connection IMMEDIATE
20:18:52.914 [ducttape-0] DEBUG c.g.d.z.s.o.a.h.c.h.i.c.InternalHttpClient - ep-00000035: endpoint closed
20:18:52.914 [ducttape-0] DEBUG c.g.d.z.s.o.a.h.c.h.i.c.InternalHttpClient - ep-00000035: discarding endpoint
20:18:52.916 [ducttape-0] DEBUG c.g.d.z.s.o.a.h.c.h.i.i.PoolingHttpClientConnectionManager - ep-00000035: releasing endpoint
20:18:52.916 [ducttape-0] DEBUG c.g.d.z.s.o.a.h.c.h.i.i.PoolingHttpClientConnectionManager - ep-00000035: connection is not kept alive
20:18:52.916 [ducttape-0] DEBUG c.g.d.z.s.o.a.h.c.h.i.i.PoolingHttpClientConnectionManager - ep-00000035: connection released [route: {}-&gt;unix://localhost:2375][total available: 0; route allocated: 0 of 2147483647; total allocated: 0 of 2147483647]
20:18:53.016 [ducttape-0] DEBUG o.t.d.DockerClientProviderStrategy - Pinging docker daemon...
20:18:53.016 [ducttape-0] DEBUG o.t.s.c.g.d.c.command.AbstrDockerCmd - Cmd: 
20:18:53.017 [ducttape-0] DEBUG c.g.d.z.s.o.a.h.c.h.i.c.InternalHttpClient - ex-0000001C: preparing request execution
20:18:53.017 [ducttape-0] DEBUG c.g.d.z.s.o.a.h.c.h.p.RequestAddCookies - Cookie spec selected: strict
20:18:53.017 [ducttape-0] DEBUG c.g.d.z.s.o.a.h.c.h.p.RequestAuthCache - Auth cache not set in the context
20:18:53.017 [ducttape-0] DEBUG c.g.d.z.s.o.a.h.c.h.i.c.ProtocolExec - ex-0000001C: target auth state: UNCHALLENGED
20:18:53.017 [ducttape-0] DEBUG c.g.d.z.s.o.a.h.c.h.i.c.ProtocolExec - ex-0000001C: proxy auth state: UNCHALLENGED
20:18:53.017 [ducttape-0] DEBUG c.g.d.z.s.o.a.h.c.h.i.c.ConnectExec - ex-0000001C: acquiring connection with route {}-&gt;unix://localhost:2375
20:18:53.017 [ducttape-0] DEBUG c.g.d.z.s.o.a.h.c.h.i.c.InternalHttpClient - ex-0000001C: acquiring endpoint (3 MINUTES)
20:18:53.017 [ducttape-0] DEBUG c.g.d.z.s.o.a.h.c.h.i.i.PoolingHttpClientConnectionManager - ex-0000001C: endpoint lease request (3 MINUTES) [route: {}-&gt;unix://localhost:2375][total available: 0; route allocated: 0 of 2147483647; total allocated: 0 of 2147483647]
20:18:53.017 [ducttape-0] DEBUG c.g.d.z.s.o.a.h.c.h.i.i.PoolingHttpClientConnectionManager - ex-0000001C: endpoint leased [route: {}-&gt;unix://localhost:2375][total available: 0; route allocated: 1 of 2147483647; total allocated: 1 of 2147483647]
20:18:53.017 [ducttape-0] DEBUG c.g.d.z.s.o.a.h.c.h.i.i.PoolingHttpClientConnectionManager - ex-0000001C: acquired ep-00000036
20:18:53.017 [ducttape-0] DEBUG c.g.d.z.s.o.a.h.c.h.i.c.InternalHttpClient - ex-0000001C: acquired endpoint ep-00000036
20:18:53.017 [ducttape-0] DEBUG c.g.d.z.s.o.a.h.c.h.i.c.ConnectExec - ex-0000001C: opening connection {}-&gt;unix://localhost:2375
20:18:53.018 [ducttape-0] DEBUG c.g.d.z.s.o.a.h.c.h.i.c.InternalHttpClient - ep-00000036: connecting endpoint (3 MINUTES)
20:18:53.018 [ducttape-0] DEBUG c.g.d.z.s.o.a.h.c.h.i.i.PoolingHttpClientConnectionManager - ep-00000036: connecting endpoint to unix://localhost:2375 (3 MINUTES)
20:18:53.019 [ducttape-0] DEBUG c.g.d.z.s.o.a.h.c.h.i.i.DefaultManagedHttpClientConnection - http-outgoing-54: close connection IMMEDIATE
20:18:53.020 [ducttape-0] DEBUG c.g.d.z.s.o.a.h.c.h.i.c.InternalHttpClient - ep-00000036: endpoint closed
20:18:53.020 [ducttape-0] DEBUG c.g.d.z.s.o.a.h.c.h.i.c.InternalHttpClient - ep-00000036: discarding endpoint
20:18:53.020 [ducttape-0] DEBUG c.g.d.z.s.o.a.h.c.h.i.i.PoolingHttpClientConnectionManager - ep-00000036: releasing endpoint
20:18:53.020 [ducttape-0] DEBUG c.g.d.z.s.o.a.h.c.h.i.i.PoolingHttpClientConnectionManager - ep-00000036: connection is not kept alive
20:18:53.021 [ducttape-0] DEBUG c.g.d.z.s.o.a.h.c.h.i.i.PoolingHttpClientConnectionManager - ep-00000036: connection released [route: {}-&gt;unix://localhost:2375][total available: 0; route allocated: 0 of 2147483647; total allocated: 0 of 2147483647]
20:18:53.024 [ducttape-0] DEBUG c.g.d.z.s.o.a.h.c.h.i.c.HttpRequestRetryExec - ex-0000001C: com.sun.jna.LastErrorException: [13] Permission denied
java.io.IOException: com.sun.jna.LastErrorException: [13] Permission denied
	at com.github.dockerjava.transport.DomainSocket.&lt;init&gt;(DomainSocket.java:63) ~[docker-java-transport-3.2.12.jar:na]
	at com.github.dockerjava.transport.LinuxDomainSocket.&lt;init&gt;(LinuxDomainSocket.java:41) ~[docker-java-transport-3.2.12.jar:na]
	at com.github.dockerjava.transport.DomainSocket.get(DomainSocket.java:140) ~[docker-java-transport-3.2.12.jar:na]
	at com.github.dockerjava.transport.UnixSocket.get(UnixSocket.java:27) ~[docker-java-transport-3.2.12.jar:na]
	at com.github.dockerjava.zerodep.ApacheDockerHttpClientImpl$2.createSocket(ApacheDockerHttpClientImpl.java:145) ~[docker-java-transport-zerodep-3.2.12.jar:na]
	at com.github.dockerjava.zerodep.shaded.org.apache.hc.client5.http.impl.io.DefaultHttpClientConnectionOperator.connect(DefaultHttpClientConnectionOperator.java:125) ~[docker-java-transport-zerodep-3.2.12.jar:na]
	at com.github.dockerjava.zerodep.shaded.org.apache.hc.client5.http.impl.io.PoolingHttpClientConnectionManager.connect(PoolingHttpClientConnectionManager.java:409) ~[docker-java-transport-zerodep-3.2.12.jar:na]
	at com.github.dockerjava.zerodep.shaded.org.apache.hc.client5.http.impl.classic.InternalExecRuntime.connectEndpoint(InternalExecRuntime.java:164) ~[docker-java-transport-zerodep-3.2.12.jar:na]
	at com.github.dockerjava.zerodep.shaded.org.apache.hc.client5.http.impl.classic.InternalExecRuntime.connectEndpoint(InternalExecRuntime.java:174) ~[docker-java-transport-zerodep-3.2.12.jar:na]
	at com.github.dockerjava.zerodep.shaded.org.apache.hc.client5.http.impl.classic.ConnectExec.execute(ConnectExec.java:135) ~[docker-java-transport-zerodep-3.2.12.jar:na]
	at com.github.dockerjava.zerodep.shaded.org.apache.hc.client5.http.impl.classic.ExecChainElement.execute(ExecChainElement.java:51) ~[docker-java-transport-zerodep-3.2.12.jar:na]
	at com.github.dockerjava.zerodep.shaded.org.apache.hc.client5.http.impl.classic.ExecChainElement$1.proceed(ExecChainElement.java:57) ~[docker-java-transport-zerodep-3.2.12.jar:na]
	at com.github.dockerjava.zerodep.shaded.org.apache.hc.client5.http.impl.classic.ProtocolExec.execute(ProtocolExec.java:172) ~[docker-java-transport-zerodep-3.2.12.jar:na]
	at com.github.dockerjava.zerodep.shaded.org.apache.hc.client5.http.impl.classic.ExecChainElement.execute(ExecChainElement.java:51) ~[docker-java-transport-zerodep-3.2.12.jar:na]
	at com.github.dockerjava.zerodep.shaded.org.apache.hc.client5.http.impl.classic.ExecChainElement$1.proceed(ExecChainElement.java:57) ~[docker-java-transport-zerodep-3.2.12.jar:na]
	at com.github.dockerjava.zerodep.shaded.org.apache.hc.client5.http.impl.classic.HttpRequestRetryExec.execute(HttpRequestRetryExec.java:93) ~[docker-java-transport-zerodep-3.2.12.jar:na]
	at com.github.dockerjava.zerodep.shaded.org.apache.hc.client5.http.impl.classic.ExecChainElement.execute(ExecChainElement.java:51) ~[docker-java-transport-zerodep-3.2.12.jar:na]
	at com.github.dockerjava.zerodep.shaded.org.apache.hc.client5.http.impl.classic.ExecChainElement$1.proceed(ExecChainElement.java:57) ~[docker-java-transport-zerodep-3.2.12.jar:na]
	at com.github.dockerjava.zerodep.shaded.org.apache.hc.client5.http.impl.classic.ContentCompressionExec.execute(ContentCompressionExec.java:128) ~[docker-java-transport-zerodep-3.2.12.jar:na]
	at com.github.dockerjava.zerodep.shaded.org.apache.hc.client5.http.impl.classic.ExecChainElement.execute(ExecChainElement.java:51) ~[docker-java-transport-zerodep-3.2.12.jar:na]
	at com.github.dockerjava.zerodep.shaded.org.apache.hc.client5.http.impl.classic.ExecChainElement$1.proceed(ExecChainElement.java:57) ~[docker-java-transport-zerodep-3.2.12.jar:na]
	at com.github.dockerjava.zerodep.shaded.org.apache.hc.client5.http.impl.classic.RedirectExec.execute(RedirectExec.java:116) ~[docker-java-transport-zerodep-3.2.12.jar:na]
	at com.github.dockerjava.zerodep.shaded.org.apache.hc.client5.http.impl.classic.ExecChainElement.execute(ExecChainElement.java:51) ~[docker-java-transport-zerodep-3.2.12.jar:na]
	at com.github.dockerjava.zerodep.shaded.org.apache.hc.client5.http.impl.classic.InternalHttpClient.doExecute(InternalHttpClient.java:178) ~[docker-java-transport-zerodep-3.2.12.jar:na]
	at com.github.dockerjava.zerodep.shaded.org.apache.hc.client5.http.impl.classic.CloseableHttpClient.execute(CloseableHttpClient.java:67) ~[docker-java-transport-zerodep-3.2.12.jar:na]
	at com.github.dockerjava.zerodep.ApacheDockerHttpClientImpl.execute(ApacheDockerHttpClientImpl.java:183) ~[docker-java-transport-zerodep-3.2.12.jar:na]
	at com.github.dockerjava.zerodep.ZerodepDockerHttpClient.execute(ZerodepDockerHttpClient.java:8) ~[docker-java-transport-zerodep-3.2.12.jar:na]
	at org.testcontainers.shaded.com.github.dockerjava.core.DefaultInvocationBuilder.execute(DefaultInvocationBuilder.java:228) ~[testcontainers-1.16.3.jar:na]
	at org.testcontainers.shaded.com.github.dockerjava.core.DefaultInvocationBuilder.get(DefaultInvocationBuilder.java:202) ~[testcontainers-1.16.3.jar:na]
	at org.testcontainers.shaded.com.github.dockerjava.core.DefaultInvocationBuilder.get(DefaultInvocationBuilder.java:74) ~[testcontainers-1.16.3.jar:na]
	at org.testcontainers.shaded.com.github.dockerjava.core.exec.InfoCmdExec.exec(InfoCmdExec.java:24) ~[testcontainers-1.16.3.jar:na]
	at org.testcontainers.shaded.com.github.dockerjava.core.exec.InfoCmdExec.exec(InfoCmdExec.java:14) ~[testcontainers-1.16.3.jar:na]
	at org.testcontainers.shaded.com.github.dockerjava.core.command.AbstrDockerCmd.exec(AbstrDockerCmd.java:35) ~[testcontainers-1.16.3.jar:na]
	at org.testcontainers.dockerclient.DockerClientProviderStrategy.lambda$null$5(DockerClientProviderStrategy.java:170) ~[testcontainers-1.16.3.jar:na]
	at org.rnorth.ducttape.ratelimits.RateLimiter.getWhenReady(RateLimiter.java:51) ~[duct-tape-1.0.8.jar:na]
	at org.testcontainers.dockerclient.DockerClientProviderStrategy.lambda$tryOutStrategy$6(DockerClientProviderStrategy.java:168) ~[testcontainers-1.16.3.jar:na]
	at org.rnorth.ducttape.unreliables.Unreliables.lambda$retryUntilSuccess$0(Unreliables.java:43) ~[duct-tape-1.0.8.jar:na]
	at java.base/java.util.concurrent.FutureTask.run(FutureTask.java:264) ~[na:na]
	at java.base/java.util.concurrent.ThreadPoolExecutor.runWorker(ThreadPoolExecutor.java:1128) ~[na:na]
	at java.base/java.util.concurrent.ThreadPoolExecutor$Worker.run(ThreadPoolExecutor.java:628) ~[na:na]
	at java.base/java.lang.Thread.run(Thread.java:829) ~[na:na]
Caused by: com.sun.jna.LastErrorException: [13] Permission denied
	at com.github.dockerjava.transport.LinuxDomainSocket.connect(Native Method) ~[docker-java-transport-3.2.12.jar:na]
	at com.github.dockerjava.transport.LinuxDomainSocket.connect(LinuxDomainSocket.java:49) ~[docker-java-transport-3.2.12.jar:na]
	at com.github.dockerjava.transport.DomainSocket.open(DomainSocket.java:69) ~[docker-java-transport-3.2.12.jar:na]
	at com.github.dockerjava.transport.DomainSocket.&lt;init&gt;(DomainSocket.java:59) ~[docker-java-transport-3.2.12.jar:na]
	... 40 common frames omitted
20:18:53.028 [ducttape-0] INFO  c.g.d.z.s.o.a.h.c.h.i.c.HttpRequestRetryExec - Recoverable I/O exception (java.io.IOException) caught when processing request to {}-&gt;unix://localhost:2375
20:18:53.028 [ducttape-0] DEBUG c.g.d.z.s.o.a.h.c.h.p.RequestAddCookies - Cookie spec selected: strict
20:18:53.028 [ducttape-0] DEBUG c.g.d.z.s.o.a.h.c.h.p.RequestAuthCache - Auth cache not set in the context
20:18:53.028 [ducttape-0] DEBUG c.g.d.z.s.o.a.h.c.h.i.c.ProtocolExec - ex-0000001C: target auth state: UNCHALLENGED
20:18:53.028 [ducttape-0] DEBUG c.g.d.z.s.o.a.h.c.h.i.c.ProtocolExec - ex-0000001C: proxy auth state: UNCHALLENGED
20:18:53.028 [ducttape-0] DEBUG c.g.d.z.s.o.a.h.c.h.i.c.ConnectExec - ex-0000001C: acquiring connection with route {}-&gt;unix://localhost:2375
20:18:53.028 [ducttape-0] DEBUG c.g.d.z.s.o.a.h.c.h.i.c.InternalHttpClient - ex-0000001C: acquiring endpoint (3 MINUTES)
20:18:53.028 [ducttape-0] DEBUG c.g.d.z.s.o.a.h.c.h.i.i.PoolingHttpClientConnectionManager - ex-0000001C: endpoint lease request (3 MINUTES) [route: {}-&gt;unix://localhost:2375][total available: 0; route allocated: 0 of 2147483647; total allocated: 0 of 2147483647]
20:18:53.029 [ducttape-0] DEBUG c.g.d.z.s.o.a.h.c.h.i.i.PoolingHttpClientConnectionManager - ex-0000001C: endpoint leased [route: {}-&gt;unix://localhost:2375][total available: 0; route allocated: 1 of 2147483647; total allocated: 1 of 2147483647]
20:18:53.029 [ducttape-0] DEBUG c.g.d.z.s.o.a.h.c.h.i.i.PoolingHttpClientConnectionManager - ex-0000001C: acquired ep-00000037
20:18:53.029 [ducttape-0] DEBUG c.g.d.z.s.o.a.h.c.h.i.c.InternalHttpClient - ex-0000001C: acquired endpoint ep-00000037
20:18:53.029 [ducttape-0] DEBUG c.g.d.z.s.o.a.h.c.h.i.c.ConnectExec - ex-0000001C: opening connection {}-&gt;unix://localhost:2375
20:18:53.029 [ducttape-0] DEBUG c.g.d.z.s.o.a.h.c.h.i.c.InternalHttpClient - ep-00000037: connecting endpoint (3 MINUTES)
20:18:53.029 [ducttape-0] DEBUG c.g.d.z.s.o.a.h.c.h.i.i.PoolingHttpClientConnectionManager - ep-00000037: connecting endpoint to unix://localhost:2375 (3 MINUTES)
20:18:53.036 [ducttape-0] DEBUG c.g.d.z.s.o.a.h.c.h.i.i.DefaultManagedHttpClientConnection - http-outgoing-55: close connection IMMEDIATE
20:18:53.036 [ducttape-0] DEBUG c.g.d.z.s.o.a.h.c.h.i.c.InternalHttpClient - ep-00000037: endpoint closed
20:18:53.036 [ducttape-0] DEBUG c.g.d.z.s.o.a.h.c.h.i.c.InternalHttpClient - ep-00000037: discarding endpoint
20:18:53.036 [ducttape-0] DEBUG c.g.d.z.s.o.a.h.c.h.i.i.PoolingHttpClientConnectionManager - ep-00000037: releasing endpoint
20:18:53.036 [ducttape-0] DEBUG c.g.d.z.s.o.a.h.c.h.i.i.PoolingHttpClientConnectionManager - ep-00000037: connection is not kept alive
20:18:53.036 [ducttape-0] DEBUG c.g.d.z.s.o.a.h.c.h.i.i.PoolingHttpClientConnectionManager - ep-00000037: connection released [route: {}-&gt;unix://localhost:2375][total available: 0; route allocated: 0 of 2147483647; total allocated: 0 of 2147483647]
20:18:53.136 [ducttape-0] DEBUG o.t.d.DockerClientProviderStrategy - Pinging docker daemon...
20:18:53.137 [ducttape-0] DEBUG o.t.s.c.g.d.c.command.AbstrDockerCmd - Cmd: 
20:18:53.137 [ducttape-0] DEBUG c.g.d.z.s.o.a.h.c.h.i.c.InternalHttpClient - ex-0000001D: preparing request execution
20:18:53.138 [ducttape-0] DEBUG c.g.d.z.s.o.a.h.c.h.p.RequestAddCookies - Cookie spec selected: strict
20:18:53.139 [ducttape-0] DEBUG c.g.d.z.s.o.a.h.c.h.p.RequestAuthCache - Auth cache not set in the context
20:18:53.139 [ducttape-0] DEBUG c.g.d.z.s.o.a.h.c.h.i.c.ProtocolExec - ex-0000001D: target auth state: UNCHALLENGED
20:18:53.139 [ducttape-0] DEBUG c.g.d.z.s.o.a.h.c.h.i.c.ProtocolExec - ex-0000001D: proxy auth state: UNCHALLENGED
20:18:53.139 [ducttape-0] DEBUG c.g.d.z.s.o.a.h.c.h.i.c.ConnectExec - ex-0000001D: acquiring connection with route {}-&gt;unix://localhost:2375
20:18:53.139 [ducttape-0] DEBUG c.g.d.z.s.o.a.h.c.h.i.c.InternalHttpClient - ex-0000001D: acquiring endpoint (3 MINUTES)
20:18:53.139 [ducttape-0] DEBUG c.g.d.z.s.o.a.h.c.h.i.i.PoolingHttpClientConnectionManager - ex-0000001D: endpoint lease request (3 MINUTES) [route: {}-&gt;unix://localhost:2375][total available: 0; route allocated: 0 of 2147483647; total allocated: 0 of 2147483647]
20:18:53.141 [ducttape-0] DEBUG c.g.d.z.s.o.a.h.c.h.i.i.PoolingHttpClientConnectionManager - ex-0000001D: endpoint leased [route: {}-&gt;unix://localhost:2375][total available: 0; route allocated: 1 of 2147483647; total allocated: 1 of 2147483647]
20:18:53.143 [ducttape-0] DEBUG c.g.d.z.s.o.a.h.c.h.i.i.PoolingHttpClientConnectionManager - ex-0000001D: acquired ep-00000038
20:18:53.143 [ducttape-0] DEBUG c.g.d.z.s.o.a.h.c.h.i.c.InternalHttpClient - ex-0000001D: acquired endpoint ep-00000038
20:18:53.143 [ducttape-0] DEBUG c.g.d.z.s.o.a.h.c.h.i.c.ConnectExec - ex-0000001D: opening connection {}-&gt;unix://localhost:2375
20:18:53.143 [ducttape-0] DEBUG c.g.d.z.s.o.a.h.c.h.i.c.InternalHttpClient - ep-00000038: connecting endpoint (3 MINUTES)
20:18:53.143 [ducttape-0] DEBUG c.g.d.z.s.o.a.h.c.h.i.i.PoolingHttpClientConnectionManager - ep-00000038: connecting endpoint to unix://localhost:2375 (3 MINUTES)
20:18:53.146 [ducttape-0] DEBUG c.g.d.z.s.o.a.h.c.h.i.i.DefaultManagedHttpClientConnection - http-outgoing-56: close connection IMMEDIATE
20:18:53.147 [ducttape-0] DEBUG c.g.d.z.s.o.a.h.c.h.i.c.InternalHttpClient - ep-00000038: endpoint closed
20:18:53.148 [ducttape-0] DEBUG c.g.d.z.s.o.a.h.c.h.i.c.InternalHttpClient - ep-00000038: discarding endpoint
20:18:53.148 [ducttape-0] DEBUG c.g.d.z.s.o.a.h.c.h.i.i.PoolingHttpClientConnectionManager - ep-00000038: releasing endpoint
20:18:53.148 [ducttape-0] DEBUG c.g.d.z.s.o.a.h.c.h.i.i.PoolingHttpClientConnectionManager - ep-00000038: connection is not kept alive
20:18:53.148 [ducttape-0] DEBUG c.g.d.z.s.o.a.h.c.h.i.i.PoolingHttpClientConnectionManager - ep-00000038: connection released [route: {}-&gt;unix://localhost:2375][total available: 0; route allocated: 0 of 2147483647; total allocated: 0 of 2147483647]
20:18:53.148 [ducttape-0] DEBUG c.g.d.z.s.o.a.h.c.h.i.c.HttpRequestRetryExec - ex-0000001D: com.sun.jna.LastErrorException: [13] Permission denied
java.io.IOException: com.sun.jna.LastErrorException: [13] Permission denied
	at com.github.dockerjava.transport.DomainSocket.&lt;init&gt;(DomainSocket.java:63) ~[docker-java-transport-3.2.12.jar:na]
	at com.github.dockerjava.transport.LinuxDomainSocket.&lt;init&gt;(LinuxDomainSocket.java:41) ~[docker-java-transport-3.2.12.jar:na]
	at com.github.dockerjava.transport.DomainSocket.get(DomainSocket.java:140) ~[docker-java-transport-3.2.12.jar:na]
	at com.github.dockerjava.transport.UnixSocket.get(UnixSocket.java:27) ~[docker-java-transport-3.2.12.jar:na]
	at com.github.dockerjava.zerodep.ApacheDockerHttpClientImpl$2.createSocket(ApacheDockerHttpClientImpl.java:145) ~[docker-java-transport-zerodep-3.2.12.jar:na]
	at com.github.dockerjava.zerodep.shaded.org.apache.hc.client5.http.impl.io.DefaultHttpClientConnectionOperator.connect(DefaultHttpClientConnectionOperator.java:125) ~[docker-java-transport-zerodep-3.2.12.jar:na]
	at com.github.dockerjava.zerodep.shaded.org.apache.hc.client5.http.impl.io.PoolingHttpClientConnectionManager.connect(PoolingHttpClientConnectionManager.java:409) ~[docker-java-transport-zerodep-3.2.12.jar:na]
	at com.github.dockerjava.zerodep.shaded.org.apache.hc.client5.http.impl.classic.InternalExecRuntime.connectEndpoint(InternalExecRuntime.java:164) ~[docker-java-transport-zerodep-3.2.12.jar:na]
	at com.github.dockerjava.zerodep.shaded.org.apache.hc.client5.http.impl.classic.InternalExecRuntime.connectEndpoint(InternalExecRuntime.java:174) ~[docker-java-transport-zerodep-3.2.12.jar:na]
	at com.github.dockerjava.zerodep.shaded.org.apache.hc.client5.http.impl.classic.ConnectExec.execute(ConnectExec.java:135) ~[docker-java-transport-zerodep-3.2.12.jar:na]
	at com.github.dockerjava.zerodep.shaded.org.apache.hc.client5.http.impl.classic.ExecChainElement.execute(ExecChainElement.java:51) ~[docker-java-transport-zerodep-3.2.12.jar:na]
	at com.github.dockerjava.zerodep.shaded.org.apache.hc.client5.http.impl.classic.ExecChainElement$1.proceed(ExecChainElement.java:57) ~[docker-java-transport-zerodep-3.2.12.jar:na]
	at com.github.dockerjava.zerodep.shaded.org.apache.hc.client5.http.impl.classic.ProtocolExec.execute(ProtocolExec.java:172) ~[docker-java-transport-zerodep-3.2.12.jar:na]
	at com.github.dockerjava.zerodep.shaded.org.apache.hc.client5.http.impl.classic.ExecChainElement.execute(ExecChainElement.java:51) ~[docker-java-transport-zerodep-3.2.12.jar:na]
	at com.github.dockerjava.zerodep.shaded.org.apache.hc.client5.http.impl.classic.ExecChainElement$1.proceed(ExecChainElement.java:57) ~[docker-java-transport-zerodep-3.2.12.jar:na]
	at com.github.dockerjava.zerodep.shaded.org.apache.hc.client5.http.impl.classic.HttpRequestRetryExec.execute(HttpRequestRetryExec.java:93) ~[docker-java-transport-zerodep-3.2.12.jar:na]
	at com.github.dockerjava.zerodep.shaded.org.apache.hc.client5.http.impl.classic.ExecChainElement.execute(ExecChainElement.java:51) ~[docker-java-transport-zerodep-3.2.12.jar:na]
	at com.github.dockerjava.zerodep.shaded.org.apache.hc.client5.http.impl.classic.ExecChainElement$1.proceed(ExecChainElement.java:57) ~[docker-java-transport-zerodep-3.2.12.jar:na]
	at com.github.dockerjava.zerodep.shaded.org.apache.hc.client5.http.impl.classic.ContentCompressionExec.execute(ContentCompressionExec.java:128) ~[docker-java-transport-zerodep-3.2.12.jar:na]
	at com.github.dockerjava.zerodep.shaded.org.apache.hc.client5.http.impl.classic.ExecChainElement.execute(ExecChainElement.java:51) ~[docker-java-transport-zerodep-3.2.12.jar:na]
	at com.github.dockerjava.zerodep.shaded.org.apache.hc.client5.http.impl.classic.ExecChainElement$1.proceed(ExecChainElement.java:57) ~[docker-java-transport-zerodep-3.2.12.jar:na]
	at com.github.dockerjava.zerodep.shaded.org.apache.hc.client5.http.impl.classic.RedirectExec.execute(RedirectExec.java:116) ~[docker-java-transport-zerodep-3.2.12.jar:na]
	at com.github.dockerjava.zerodep.shaded.org.apache.hc.client5.http.impl.classic.ExecChainElement.execute(ExecChainElement.java:51) ~[docker-java-transport-zerodep-3.2.12.jar:na]
	at com.github.dockerjava.zerodep.shaded.org.apache.hc.client5.http.impl.classic.InternalHttpClient.doExecute(InternalHttpClient.java:178) ~[docker-java-transport-zerodep-3.2.12.jar:na]
	at com.github.dockerjava.zerodep.shaded.org.apache.hc.client5.http.impl.classic.CloseableHttpClient.execute(CloseableHttpClient.java:67) ~[docker-java-transport-zerodep-3.2.12.jar:na]
	at com.github.dockerjava.zerodep.ApacheDockerHttpClientImpl.execute(ApacheDockerHttpClientImpl.java:183) ~[docker-java-transport-zerodep-3.2.12.jar:na]
	at com.github.dockerjava.zerodep.ZerodepDockerHttpClient.execute(ZerodepDockerHttpClient.java:8) ~[docker-java-transport-zerodep-3.2.12.jar:na]
	at org.testcontainers.shaded.com.github.dockerjava.core.DefaultInvocationBuilder.execute(DefaultInvocationBuilder.java:228) ~[testcontainers-1.16.3.jar:na]
	at org.testcontainers.shaded.com.github.dockerjava.core.DefaultInvocationBuilder.get(DefaultInvocationBuilder.java:202) ~[testcontainers-1.16.3.jar:na]
	at org.testcontainers.shaded.com.github.dockerjava.core.DefaultInvocationBuilder.get(DefaultInvocationBuilder.java:74) ~[testcontainers-1.16.3.jar:na]
	at org.testcontainers.shaded.com.github.dockerjava.core.exec.InfoCmdExec.exec(InfoCmdExec.java:24) ~[testcontainers-1.16.3.jar:na]
	at org.testcontainers.shaded.com.github.dockerjava.core.exec.InfoCmdExec.exec(InfoCmdExec.java:14) ~[testcontainers-1.16.3.jar:na]
	at org.testcontainers.shaded.com.github.dockerjava.core.command.AbstrDockerCmd.exec(AbstrDockerCmd.java:35) ~[testcontainers-1.16.3.jar:na]
	at org.testcontainers.dockerclient.DockerClientProviderStrategy.lambda$null$5(DockerClientProviderStrategy.java:170) ~[testcontainers-1.16.3.jar:na]
	at org.rnorth.ducttape.ratelimits.RateLimiter.getWhenReady(RateLimiter.java:51) ~[duct-tape-1.0.8.jar:na]
	at org.testcontainers.dockerclient.DockerClientProviderStrategy.lambda$tryOutStrategy$6(DockerClientProviderStrategy.java:168) ~[testcontainers-1.16.3.jar:na]
	at org.rnorth.ducttape.unreliables.Unreliables.lambda$retryUntilSuccess$0(Unreliables.java:43) ~[duct-tape-1.0.8.jar:na]
	at java.base/java.util.concurrent.FutureTask.run(FutureTask.java:264) ~[na:na]
	at java.base/java.util.concurrent.ThreadPoolExecutor.runWorker(ThreadPoolExecutor.java:1128) ~[na:na]
	at java.base/java.util.concurrent.ThreadPoolExecutor$Worker.run(ThreadPoolExecutor.java:628) ~[na:na]
	at java.base/java.lang.Thread.run(Thread.java:829) ~[na:na]
Caused by: com.sun.jna.LastErrorException: [13] Permission denied
	at com.github.dockerjava.transport.LinuxDomainSocket.connect(Native Method) ~[docker-java-transport-3.2.12.jar:na]
	at com.github.dockerjava.transport.LinuxDomainSocket.connect(LinuxDomainSocket.java:49) ~[docker-java-transport-3.2.12.jar:na]
	at com.github.dockerjava.transport.DomainSocket.open(DomainSocket.java:69) ~[docker-java-transport-3.2.12.jar:na]
	at com.github.dockerjava.transport.DomainSocket.&lt;init&gt;(DomainSocket.java:59) ~[docker-java-transport-3.2.12.jar:na]
	... 40 common frames omitted
20:18:53.151 [ducttape-0] INFO  c.g.d.z.s.o.a.h.c.h.i.c.HttpRequestRetryExec - Recoverable I/O exception (java.io.IOException) caught when processing request to {}-&gt;unix://localhost:2375
20:18:53.151 [ducttape-0] DEBUG c.g.d.z.s.o.a.h.c.h.p.RequestAddCookies - Cookie spec selected: strict
20:18:53.151 [ducttape-0] DEBUG c.g.d.z.s.o.a.h.c.h.p.RequestAuthCache - Auth cache not set in the context
20:18:53.151 [ducttape-0] DEBUG c.g.d.z.s.o.a.h.c.h.i.c.ProtocolExec - ex-0000001D: target auth state: UNCHALLENGED
20:18:53.152 [ducttape-0] DEBUG c.g.d.z.s.o.a.h.c.h.i.c.ProtocolExec - ex-0000001D: proxy auth state: UNCHALLENGED
20:18:53.152 [ducttape-0] DEBUG c.g.d.z.s.o.a.h.c.h.i.c.ConnectExec - ex-0000001D: acquiring connection with route {}-&gt;unix://localhost:2375
20:18:53.153 [ducttape-0] DEBUG c.g.d.z.s.o.a.h.c.h.i.c.InternalHttpClient - ex-0000001D: acquiring endpoint (3 MINUTES)
20:18:53.153 [ducttape-0] DEBUG c.g.d.z.s.o.a.h.c.h.i.i.PoolingHttpClientConnectionManager - ex-0000001D: endpoint lease request (3 MINUTES) [route: {}-&gt;unix://localhost:2375][total available: 0; route allocated: 0 of 2147483647; total allocated: 0 of 2147483647]
20:18:53.154 [ducttape-0] DEBUG c.g.d.z.s.o.a.h.c.h.i.i.PoolingHttpClientConnectionManager - ex-0000001D: endpoint leased [route: {}-&gt;unix://localhost:2375][total available: 0; route allocated: 1 of 2147483647; total allocated: 1 of 2147483647]
20:18:53.154 [ducttape-0] DEBUG c.g.d.z.s.o.a.h.c.h.i.i.PoolingHttpClientConnectionManager - ex-0000001D: acquired ep-00000039
20:18:53.154 [ducttape-0] DEBUG c.g.d.z.s.o.a.h.c.h.i.c.InternalHttpClient - ex-0000001D: acquired endpoint ep-00000039
20:18:53.154 [ducttape-0] DEBUG c.g.d.z.s.o.a.h.c.h.i.c.ConnectExec - ex-0000001D: opening connection {}-&gt;unix://localhost:2375
20:18:53.154 [ducttape-0] DEBUG c.g.d.z.s.o.a.h.c.h.i.c.InternalHttpClient - ep-00000039: connecting endpoint (3 MINUTES)
20:18:53.154 [ducttape-0] DEBUG c.g.d.z.s.o.a.h.c.h.i.i.PoolingHttpClientConnectionManager - ep-00000039: connecting endpoint to unix://localhost:2375 (3 MINUTES)
20:18:53.158 [ducttape-0] DEBUG c.g.d.z.s.o.a.h.c.h.i.i.DefaultManagedHttpClientConnection - http-outgoing-57: close connection IMMEDIATE
20:18:53.161 [ducttape-0] DEBUG c.g.d.z.s.o.a.h.c.h.i.c.InternalHttpClient - ep-00000039: endpoint closed
20:18:53.161 [ducttape-0] DEBUG c.g.d.z.s.o.a.h.c.h.i.c.InternalHttpClient - ep-00000039: discarding endpoint
20:18:53.161 [ducttape-0] DEBUG c.g.d.z.s.o.a.h.c.h.i.i.PoolingHttpClientConnectionManager - ep-00000039: releasing endpoint
20:18:53.161 [ducttape-0] DEBUG c.g.d.z.s.o.a.h.c.h.i.i.PoolingHttpClientConnectionManager - ep-00000039: connection is not kept alive
20:18:53.161 [ducttape-0] DEBUG c.g.d.z.s.o.a.h.c.h.i.i.PoolingHttpClientConnectionManager - ep-00000039: connection released [route: {}-&gt;unix://localhost:2375][total available: 0; route allocated: 0 of 2147483647; total allocated: 0 of 2147483647]
20:18:53.262 [ducttape-0] DEBUG o.t.d.DockerClientProviderStrategy - Pinging docker daemon...
20:18:53.262 [ducttape-0] DEBUG o.t.s.c.g.d.c.command.AbstrDockerCmd - Cmd: 
20:18:53.263 [ducttape-0] DEBUG c.g.d.z.s.o.a.h.c.h.i.c.InternalHttpClient - ex-0000001E: preparing request execution
20:18:53.263 [ducttape-0] DEBUG c.g.d.z.s.o.a.h.c.h.p.RequestAddCookies - Cookie spec selected: strict
20:18:53.264 [ducttape-0] DEBUG c.g.d.z.s.o.a.h.c.h.p.RequestAuthCache - Auth cache not set in the context
20:18:53.264 [ducttape-0] DEBUG c.g.d.z.s.o.a.h.c.h.i.c.ProtocolExec - ex-0000001E: target auth state: UNCHALLENGED
20:18:53.265 [ducttape-0] DEBUG c.g.d.z.s.o.a.h.c.h.i.c.ProtocolExec - ex-0000001E: proxy auth state: UNCHALLENGED
20:18:53.266 [ducttape-0] DEBUG c.g.d.z.s.o.a.h.c.h.i.c.ConnectExec - ex-0000001E: acquiring connection with route {}-&gt;unix://localhost:2375
20:18:53.268 [ducttape-0] DEBUG c.g.d.z.s.o.a.h.c.h.i.c.InternalHttpClient - ex-0000001E: acquiring endpoint (3 MINUTES)
20:18:53.271 [ducttape-0] DEBUG c.g.d.z.s.o.a.h.c.h.i.i.PoolingHttpClientConnectionManager - ex-0000001E: endpoint lease request (3 MINUTES) [route: {}-&gt;unix://localhost:2375][total available: 0; route allocated: 0 of 2147483647; total allocated: 0 of 2147483647]
20:18:53.273 [ducttape-0] DEBUG c.g.d.z.s.o.a.h.c.h.i.i.PoolingHttpClientConnectionManager - ex-0000001E: endpoint leased [route: {}-&gt;unix://localhost:2375][total available: 0; route allocated: 1 of 2147483647; total allocated: 1 of 2147483647]
20:18:53.273 [ducttape-0] DEBUG c.g.d.z.s.o.a.h.c.h.i.i.PoolingHttpClientConnectionManager - ex-0000001E: acquired ep-0000003A
20:18:53.277 [ducttape-0] DEBUG c.g.d.z.s.o.a.h.c.h.i.c.InternalHttpClient - ex-0000001E: acquired endpoint ep-0000003A
20:18:53.277 [ducttape-0] DEBUG c.g.d.z.s.o.a.h.c.h.i.c.ConnectExec - ex-0000001E: opening connection {}-&gt;unix://localhost:2375
20:18:53.277 [ducttape-0] DEBUG c.g.d.z.s.o.a.h.c.h.i.c.InternalHttpClient - ep-0000003A: connecting endpoint (3 MINUTES)
20:18:53.278 [ducttape-0] DEBUG c.g.d.z.s.o.a.h.c.h.i.i.PoolingHttpClientConnectionManager - ep-0000003A: connecting endpoint to unix://localhost:2375 (3 MINUTES)
20:18:53.278 [ducttape-0] DEBUG c.g.d.z.s.o.a.h.c.h.i.i.DefaultManagedHttpClientConnection - http-outgoing-58: close connection IMMEDIATE
20:18:53.279 [ducttape-0] DEBUG c.g.d.z.s.o.a.h.c.h.i.c.InternalHttpClient - ep-0000003A: endpoint closed
20:18:53.280 [ducttape-0] DEBUG c.g.d.z.s.o.a.h.c.h.i.c.InternalHttpClient - ep-0000003A: discarding endpoint
20:18:53.280 [ducttape-0] DEBUG c.g.d.z.s.o.a.h.c.h.i.i.PoolingHttpClientConnectionManager - ep-0000003A: releasing endpoint
20:18:53.280 [ducttape-0] DEBUG c.g.d.z.s.o.a.h.c.h.i.i.PoolingHttpClientConnectionManager - ep-0000003A: connection is not kept alive
20:18:53.280 [ducttape-0] DEBUG c.g.d.z.s.o.a.h.c.h.i.i.PoolingHttpClientConnectionManager - ep-0000003A: connection released [route: {}-&gt;unix://localhost:2375][total available: 0; route allocated: 0 of 2147483647; total allocated: 0 of 2147483647]
20:18:53.280 [ducttape-0] DEBUG c.g.d.z.s.o.a.h.c.h.i.c.HttpRequestRetryExec - ex-0000001E: com.sun.jna.LastErrorException: [13] Permission denied
java.io.IOException: com.sun.jna.LastErrorException: [13] Permission denied
	at com.github.dockerjava.transport.DomainSocket.&lt;init&gt;(DomainSocket.java:63) ~[docker-java-transport-3.2.12.jar:na]
	at com.github.dockerjava.transport.LinuxDomainSocket.&lt;init&gt;(LinuxDomainSocket.java:41) ~[docker-java-transport-3.2.12.jar:na]
	at com.github.dockerjava.transport.DomainSocket.get(DomainSocket.java:140) ~[docker-java-transport-3.2.12.jar:na]
	at com.github.dockerjava.transport.UnixSocket.get(UnixSocket.java:27) ~[docker-java-transport-3.2.12.jar:na]
	at com.github.dockerjava.zerodep.ApacheDockerHttpClientImpl$2.createSocket(ApacheDockerHttpClientImpl.java:145) ~[docker-java-transport-zerodep-3.2.12.jar:na]
	at com.github.dockerjava.zerodep.shaded.org.apache.hc.client5.http.impl.io.DefaultHttpClientConnectionOperator.connect(DefaultHttpClientConnectionOperator.java:125) ~[docker-java-transport-zerodep-3.2.12.jar:na]
	at com.github.dockerjava.zerodep.shaded.org.apache.hc.client5.http.impl.io.PoolingHttpClientConnectionManager.connect(PoolingHttpClientConnectionManager.java:409) ~[docker-java-transport-zerodep-3.2.12.jar:na]
	at com.github.dockerjava.zerodep.shaded.org.apache.hc.client5.http.impl.classic.InternalExecRuntime.connectEndpoint(InternalExecRuntime.java:164) ~[docker-java-transport-zerodep-3.2.12.jar:na]
	at com.github.dockerjava.zerodep.shaded.org.apache.hc.client5.http.impl.classic.InternalExecRuntime.connectEndpoint(InternalExecRuntime.java:174) ~[docker-java-transport-zerodep-3.2.12.jar:na]
	at com.github.dockerjava.zerodep.shaded.org.apache.hc.client5.http.impl.classic.ConnectExec.execute(ConnectExec.java:135) ~[docker-java-transport-zerodep-3.2.12.jar:na]
	at com.github.dockerjava.zerodep.shaded.org.apache.hc.client5.http.impl.classic.ExecChainElement.execute(ExecChainElement.java:51) ~[docker-java-transport-zerodep-3.2.12.jar:na]
	at com.github.dockerjava.zerodep.shaded.org.apache.hc.client5.http.impl.classic.ExecChainElement$1.proceed(ExecChainElement.java:57) ~[docker-java-transport-zerodep-3.2.12.jar:na]
	at com.github.dockerjava.zerodep.shaded.org.apache.hc.client5.http.impl.classic.ProtocolExec.execute(ProtocolExec.java:172) ~[docker-java-transport-zerodep-3.2.12.jar:na]
	at com.github.dockerjava.zerodep.shaded.org.apache.hc.client5.http.impl.classic.ExecChainElement.execute(ExecChainElement.java:51) ~[docker-java-transport-zerodep-3.2.12.jar:na]
	at com.github.dockerjava.zerodep.shaded.org.apache.hc.client5.http.impl.classic.ExecChainElement$1.proceed(ExecChainElement.java:57) ~[docker-java-transport-zerodep-3.2.12.jar:na]
	at com.github.dockerjava.zerodep.shaded.org.apache.hc.client5.http.impl.classic.HttpRequestRetryExec.execute(HttpRequestRetryExec.java:93) ~[docker-java-transport-zerodep-3.2.12.jar:na]
	at com.github.dockerjava.zerodep.shaded.org.apache.hc.client5.http.impl.classic.ExecChainElement.execute(ExecChainElement.java:51) ~[docker-java-transport-zerodep-3.2.12.jar:na]
	at com.github.dockerjava.zerodep.shaded.org.apache.hc.client5.http.impl.classic.ExecChainElement$1.proceed(ExecChainElement.java:57) ~[docker-java-transport-zerodep-3.2.12.jar:na]
	at com.github.dockerjava.zerodep.shaded.org.apache.hc.client5.http.impl.classic.ContentCompressionExec.execute(ContentCompressionExec.java:128) ~[docker-java-transport-zerodep-3.2.12.jar:na]
	at com.github.dockerjava.zerodep.shaded.org.apache.hc.client5.http.impl.classic.ExecChainElement.execute(ExecChainElement.java:51) ~[docker-java-transport-zerodep-3.2.12.jar:na]
	at com.github.dockerjava.zerodep.shaded.org.apache.hc.client5.http.impl.classic.ExecChainElement$1.proceed(ExecChainElement.java:57) ~[docker-java-transport-zerodep-3.2.12.jar:na]
	at com.github.dockerjava.zerodep.shaded.org.apache.hc.client5.http.impl.classic.RedirectExec.execute(RedirectExec.java:116) ~[docker-java-transport-zerodep-3.2.12.jar:na]
	at com.github.dockerjava.zerodep.shaded.org.apache.hc.client5.http.impl.classic.ExecChainElement.execute(ExecChainElement.java:51) ~[docker-java-transport-zerodep-3.2.12.jar:na]
	at com.github.dockerjava.zerodep.shaded.org.apache.hc.client5.http.impl.classic.InternalHttpClient.doExecute(InternalHttpClient.java:178) ~[docker-java-transport-zerodep-3.2.12.jar:na]
	at com.github.dockerjava.zerodep.shaded.org.apache.hc.client5.http.impl.classic.CloseableHttpClient.execute(CloseableHttpClient.java:67) ~[docker-java-transport-zerodep-3.2.12.jar:na]
	at com.github.dockerjava.zerodep.ApacheDockerHttpClientImpl.execute(ApacheDockerHttpClientImpl.java:183) ~[docker-java-transport-zerodep-3.2.12.jar:na]
	at com.github.dockerjava.zerodep.ZerodepDockerHttpClient.execute(ZerodepDockerHttpClient.java:8) ~[docker-java-transport-zerodep-3.2.12.jar:na]
	at org.testcontainers.shaded.com.github.dockerjava.core.DefaultInvocationBuilder.execute(DefaultInvocationBuilder.java:228) ~[testcontainers-1.16.3.jar:na]
	at org.testcontainers.shaded.com.github.dockerjava.core.DefaultInvocationBuilder.get(DefaultInvocationBuilder.java:202) ~[testcontainers-1.16.3.jar:na]
	at org.testcontainers.shaded.com.github.dockerjava.core.DefaultInvocationBuilder.get(DefaultInvocationBuilder.java:74) ~[testcontainers-1.16.3.jar:na]
	at org.testcontainers.shaded.com.github.dockerjava.core.exec.InfoCmdExec.exec(InfoCmdExec.java:24) ~[testcontainers-1.16.3.jar:na]
	at org.testcontainers.shaded.com.github.dockerjava.core.exec.InfoCmdExec.exec(InfoCmdExec.java:14) ~[testcontainers-1.16.3.jar:na]
	at org.testcontainers.shaded.com.github.dockerjava.core.command.AbstrDockerCmd.exec(AbstrDockerCmd.java:35) ~[testcontainers-1.16.3.jar:na]
	at org.testcontainers.dockerclient.DockerClientProviderStrategy.lambda$null$5(DockerClientProviderStrategy.java:170) ~[testcontainers-1.16.3.jar:na]
	at org.rnorth.ducttape.ratelimits.RateLimiter.getWhenReady(RateLimiter.java:51) ~[duct-tape-1.0.8.jar:na]
	at org.testcontainers.dockerclient.DockerClientProviderStrategy.lambda$tryOutStrategy$6(DockerClientProviderStrategy.java:168) ~[testcontainers-1.16.3.jar:na]
	at org.rnorth.ducttape.unreliables.Unreliables.lambda$retryUntilSuccess$0(Unreliables.java:43) ~[duct-tape-1.0.8.jar:na]
	at java.base/java.util.concurrent.FutureTask.run(FutureTask.java:264) ~[na:na]
	at java.base/java.util.concurrent.ThreadPoolExecutor.runWorker(ThreadPoolExecutor.java:1128) ~[na:na]
	at java.base/java.util.concurrent.ThreadPoolExecutor$Worker.run(ThreadPoolExecutor.java:628) ~[na:na]
	at java.base/java.lang.Thread.run(Thread.java:829) ~[na:na]
Caused by: com.sun.jna.LastErrorException: [13] Permission denied
	at com.github.dockerjava.transport.LinuxDomainSocket.connect(Native Method) ~[docker-java-transport-3.2.12.jar:na]
	at com.github.dockerjava.transport.LinuxDomainSocket.connect(LinuxDomainSocket.java:49) ~[docker-java-transport-3.2.12.jar:na]
	at com.github.dockerjava.transport.DomainSocket.open(DomainSocket.java:69) ~[docker-java-transport-3.2.12.jar:na]
	at com.github.dockerjava.transport.DomainSocket.&lt;init&gt;(DomainSocket.java:59) ~[docker-java-transport-3.2.12.jar:na]
	... 40 common frames omitted
20:18:53.283 [ducttape-0] INFO  c.g.d.z.s.o.a.h.c.h.i.c.HttpRequestRetryExec - Recoverable I/O exception (java.io.IOException) caught when processing request to {}-&gt;unix://localhost:2375
20:18:53.284 [ducttape-0] DEBUG c.g.d.z.s.o.a.h.c.h.p.RequestAddCookies - Cookie spec selected: strict
20:18:53.286 [ducttape-0] DEBUG c.g.d.z.s.o.a.h.c.h.p.RequestAuthCache - Auth cache not set in the context
20:18:53.286 [ducttape-0] DEBUG c.g.d.z.s.o.a.h.c.h.i.c.ProtocolExec - ex-0000001E: target auth state: UNCHALLENGED
20:18:53.286 [ducttape-0] DEBUG c.g.d.z.s.o.a.h.c.h.i.c.ProtocolExec - ex-0000001E: proxy auth state: UNCHALLENGED
20:18:53.286 [ducttape-0] DEBUG c.g.d.z.s.o.a.h.c.h.i.c.ConnectExec - ex-0000001E: acquiring connection with route {}-&gt;unix://localhost:2375
20:18:53.286 [ducttape-0] DEBUG c.g.d.z.s.o.a.h.c.h.i.c.InternalHttpClient - ex-0000001E: acquiring endpoint (3 MINUTES)
20:18:53.287 [ducttape-0] DEBUG c.g.d.z.s.o.a.h.c.h.i.i.PoolingHttpClientConnectionManager - ex-0000001E: endpoint lease request (3 MINUTES) [route: {}-&gt;unix://localhost:2375][total available: 0; route allocated: 0 of 2147483647; total allocated: 0 of 2147483647]
20:18:53.287 [ducttape-0] DEBUG c.g.d.z.s.o.a.h.c.h.i.i.PoolingHttpClientConnectionManager - ex-0000001E: endpoint leased [route: {}-&gt;unix://localhost:2375][total available: 0; route allocated: 1 of 2147483647; total allocated: 1 of 2147483647]
20:18:53.287 [ducttape-0] DEBUG c.g.d.z.s.o.a.h.c.h.i.i.PoolingHttpClientConnectionManager - ex-0000001E: acquired ep-0000003B
20:18:53.287 [ducttape-0] DEBUG c.g.d.z.s.o.a.h.c.h.i.c.InternalHttpClient - ex-0000001E: acquired endpoint ep-0000003B
20:18:53.287 [ducttape-0] DEBUG c.g.d.z.s.o.a.h.c.h.i.c.ConnectExec - ex-0000001E: opening connection {}-&gt;unix://localhost:2375
20:18:53.287 [ducttape-0] DEBUG c.g.d.z.s.o.a.h.c.h.i.c.InternalHttpClient - ep-0000003B: connecting endpoint (3 MINUTES)
20:18:53.287 [ducttape-0] DEBUG c.g.d.z.s.o.a.h.c.h.i.i.PoolingHttpClientConnectionManager - ep-0000003B: connecting endpoint to unix://localhost:2375 (3 MINUTES)
20:18:53.290 [ducttape-0] DEBUG c.g.d.z.s.o.a.h.c.h.i.i.DefaultManagedHttpClientConnection - http-outgoing-59: close connection IMMEDIATE
20:18:53.290 [ducttape-0] DEBUG c.g.d.z.s.o.a.h.c.h.i.c.InternalHttpClient - ep-0000003B: endpoint closed
20:18:53.290 [ducttape-0] DEBUG c.g.d.z.s.o.a.h.c.h.i.c.InternalHttpClient - ep-0000003B: discarding endpoint
20:18:53.290 [ducttape-0] DEBUG c.g.d.z.s.o.a.h.c.h.i.i.PoolingHttpClientConnectionManager - ep-0000003B: releasing endpoint
20:18:53.290 [ducttape-0] DEBUG c.g.d.z.s.o.a.h.c.h.i.i.PoolingHttpClientConnectionManager - ep-0000003B: connection is not kept alive
20:18:53.290 [ducttape-0] DEBUG c.g.d.z.s.o.a.h.c.h.i.i.PoolingHttpClientConnectionManager - ep-0000003B: connection released [route: {}-&gt;unix://localhost:2375][total available: 0; route allocated: 0 of 2147483647; total allocated: 0 of 2147483647]
20:18:53.391 [ducttape-0] DEBUG o.t.d.DockerClientProviderStrategy - Pinging docker daemon...
20:18:53.391 [ducttape-0] DEBUG o.t.s.c.g.d.c.command.AbstrDockerCmd - Cmd: 
20:18:53.392 [ducttape-0] DEBUG c.g.d.z.s.o.a.h.c.h.i.c.InternalHttpClient - ex-0000001F: preparing request execution
20:18:53.392 [ducttape-0] DEBUG c.g.d.z.s.o.a.h.c.h.p.RequestAddCookies - Cookie spec selected: strict
20:18:53.392 [ducttape-0] DEBUG c.g.d.z.s.o.a.h.c.h.p.RequestAuthCache - Auth cache not set in the context
20:18:53.393 [ducttape-0] DEBUG c.g.d.z.s.o.a.h.c.h.i.c.ProtocolExec - ex-0000001F: target auth state: UNCHALLENGED
20:18:53.393 [ducttape-0] DEBUG c.g.d.z.s.o.a.h.c.h.i.c.ProtocolExec - ex-0000001F: proxy auth state: UNCHALLENGED
20:18:53.393 [ducttape-0] DEBUG c.g.d.z.s.o.a.h.c.h.i.c.ConnectExec - ex-0000001F: acquiring connection with route {}-&gt;unix://localhost:2375
20:18:53.393 [ducttape-0] DEBUG c.g.d.z.s.o.a.h.c.h.i.c.InternalHttpClient - ex-0000001F: acquiring endpoint (3 MINUTES)
20:18:53.393 [ducttape-0] DEBUG c.g.d.z.s.o.a.h.c.h.i.i.PoolingHttpClientConnectionManager - ex-0000001F: endpoint lease request (3 MINUTES) [route: {}-&gt;unix://localhost:2375][total available: 0; route allocated: 0 of 2147483647; total allocated: 0 of 2147483647]
20:18:53.393 [ducttape-0] DEBUG c.g.d.z.s.o.a.h.c.h.i.i.PoolingHttpClientConnectionManager - ex-0000001F: endpoint leased [route: {}-&gt;unix://localhost:2375][total available: 0; route allocated: 1 of 2147483647; total allocated: 1 of 2147483647]
20:18:53.394 [ducttape-0] DEBUG c.g.d.z.s.o.a.h.c.h.i.i.PoolingHttpClientConnectionManager - ex-0000001F: acquired ep-0000003C
20:18:53.396 [ducttape-0] DEBUG c.g.d.z.s.o.a.h.c.h.i.c.InternalHttpClient - ex-0000001F: acquired endpoint ep-0000003C
20:18:53.396 [ducttape-0] DEBUG c.g.d.z.s.o.a.h.c.h.i.c.ConnectExec - ex-0000001F: opening connection {}-&gt;unix://localhost:2375
20:18:53.396 [ducttape-0] DEBUG c.g.d.z.s.o.a.h.c.h.i.c.InternalHttpClient - ep-0000003C: connecting endpoint (3 MINUTES)
20:18:53.396 [ducttape-0] DEBUG c.g.d.z.s.o.a.h.c.h.i.i.PoolingHttpClientConnectionManager - ep-0000003C: connecting endpoint to unix://localhost:2375 (3 MINUTES)
20:18:53.398 [ducttape-0] DEBUG c.g.d.z.s.o.a.h.c.h.i.i.DefaultManagedHttpClientConnection - http-outgoing-60: close connection IMMEDIATE
20:18:53.400 [ducttape-0] DEBUG c.g.d.z.s.o.a.h.c.h.i.c.InternalHttpClient - ep-0000003C: endpoint closed
20:18:53.400 [ducttape-0] DEBUG c.g.d.z.s.o.a.h.c.h.i.c.InternalHttpClient - ep-0000003C: discarding endpoint
20:18:53.400 [ducttape-0] DEBUG c.g.d.z.s.o.a.h.c.h.i.i.PoolingHttpClientConnectionManager - ep-0000003C: releasing endpoint
20:18:53.400 [ducttape-0] DEBUG c.g.d.z.s.o.a.h.c.h.i.i.PoolingHttpClientConnectionManager - ep-0000003C: connection is not kept alive
20:18:53.401 [ducttape-0] DEBUG c.g.d.z.s.o.a.h.c.h.i.i.PoolingHttpClientConnectionManager - ep-0000003C: connection released [route: {}-&gt;unix://localhost:2375][total available: 0; route allocated: 0 of 2147483647; total allocated: 0 of 2147483647]
20:18:53.413 [ducttape-0] DEBUG c.g.d.z.s.o.a.h.c.h.i.c.HttpRequestRetryExec - ex-0000001F: com.sun.jna.LastErrorException: [13] Permission denied
java.io.IOException: com.sun.jna.LastErrorException: [13] Permission denied
	at com.github.dockerjava.transport.DomainSocket.&lt;init&gt;(DomainSocket.java:63) ~[docker-java-transport-3.2.12.jar:na]
	at com.github.dockerjava.transport.LinuxDomainSocket.&lt;init&gt;(LinuxDomainSocket.java:41) ~[docker-java-transport-3.2.12.jar:na]
	at com.github.dockerjava.transport.DomainSocket.get(DomainSocket.java:140) ~[docker-java-transport-3.2.12.jar:na]
	at com.github.dockerjava.transport.UnixSocket.get(UnixSocket.java:27) ~[docker-java-transport-3.2.12.jar:na]
	at com.github.dockerjava.zerodep.ApacheDockerHttpClientImpl$2.createSocket(ApacheDockerHttpClientImpl.java:145) ~[docker-java-transport-zerodep-3.2.12.jar:na]
	at com.github.dockerjava.zerodep.shaded.org.apache.hc.client5.http.impl.io.DefaultHttpClientConnectionOperator.connect(DefaultHttpClientConnectionOperator.java:125) ~[docker-java-transport-zerodep-3.2.12.jar:na]
	at com.github.dockerjava.zerodep.shaded.org.apache.hc.client5.http.impl.io.PoolingHttpClientConnectionManager.connect(PoolingHttpClientConnectionManager.java:409) ~[docker-java-transport-zerodep-3.2.12.jar:na]
	at com.github.dockerjava.zerodep.shaded.org.apache.hc.client5.http.impl.classic.InternalExecRuntime.connectEndpoint(InternalExecRuntime.java:164) ~[docker-java-transport-zerodep-3.2.12.jar:na]
	at com.github.dockerjava.zerodep.shaded.org.apache.hc.client5.http.impl.classic.InternalExecRuntime.connectEndpoint(InternalExecRuntime.java:174) ~[docker-java-transport-zerodep-3.2.12.jar:na]
	at com.github.dockerjava.zerodep.shaded.org.apache.hc.client5.http.impl.classic.ConnectExec.execute(ConnectExec.java:135) ~[docker-java-transport-zerodep-3.2.12.jar:na]
	at com.github.dockerjava.zerodep.shaded.org.apache.hc.client5.http.impl.classic.ExecChainElement.execute(ExecChainElement.java:51) ~[docker-java-transport-zerodep-3.2.12.jar:na]
	at com.github.dockerjava.zerodep.shaded.org.apache.hc.client5.http.impl.classic.ExecChainElement$1.proceed(ExecChainElement.java:57) ~[docker-java-transport-zerodep-3.2.12.jar:na]
	at com.github.dockerjava.zerodep.shaded.org.apache.hc.client5.http.impl.classic.ProtocolExec.execute(ProtocolExec.java:172) ~[docker-java-transport-zerodep-3.2.12.jar:na]
	at com.github.dockerjava.zerodep.shaded.org.apache.hc.client5.http.impl.classic.ExecChainElement.execute(ExecChainElement.java:51) ~[docker-java-transport-zerodep-3.2.12.jar:na]
	at com.github.dockerjava.zerodep.shaded.org.apache.hc.client5.http.impl.classic.ExecChainElement$1.proceed(ExecChainElement.java:57) ~[docker-java-transport-zerodep-3.2.12.jar:na]
	at com.github.dockerjava.zerodep.shaded.org.apache.hc.client5.http.impl.classic.HttpRequestRetryExec.execute(HttpRequestRetryExec.java:93) ~[docker-java-transport-zerodep-3.2.12.jar:na]
	at com.github.dockerjava.zerodep.shaded.org.apache.hc.client5.http.impl.classic.ExecChainElement.execute(ExecChainElement.java:51) ~[docker-java-transport-zerodep-3.2.12.jar:na]
	at com.github.dockerjava.zerodep.shaded.org.apache.hc.client5.http.impl.classic.ExecChainElement$1.proceed(ExecChainElement.java:57) ~[docker-java-transport-zerodep-3.2.12.jar:na]
	at com.github.dockerjava.zerodep.shaded.org.apache.hc.client5.http.impl.classic.ContentCompressionExec.execute(ContentCompressionExec.java:128) ~[docker-java-transport-zerodep-3.2.12.jar:na]
	at com.github.dockerjava.zerodep.shaded.org.apache.hc.client5.http.impl.classic.ExecChainElement.execute(ExecChainElement.java:51) ~[docker-java-transport-zerodep-3.2.12.jar:na]
	at com.github.dockerjava.zerodep.shaded.org.apache.hc.client5.http.impl.classic.ExecChainElement$1.proceed(ExecChainElement.java:57) ~[docker-java-transport-zerodep-3.2.12.jar:na]
	at com.github.dockerjava.zerodep.shaded.org.apache.hc.client5.http.impl.classic.RedirectExec.execute(RedirectExec.java:116) ~[docker-java-transport-zerodep-3.2.12.jar:na]
	at com.github.dockerjava.zerodep.shaded.org.apache.hc.client5.http.impl.classic.ExecChainElement.execute(ExecChainElement.java:51) ~[docker-java-transport-zerodep-3.2.12.jar:na]
	at com.github.dockerjava.zerodep.shaded.org.apache.hc.client5.http.impl.classic.InternalHttpClient.doExecute(InternalHttpClient.java:178) ~[docker-java-transport-zerodep-3.2.12.jar:na]
	at com.github.dockerjava.zerodep.shaded.org.apache.hc.client5.http.impl.classic.CloseableHttpClient.execute(CloseableHttpClient.java:67) ~[docker-java-transport-zerodep-3.2.12.jar:na]
	at com.github.dockerjava.zerodep.ApacheDockerHttpClientImpl.execute(ApacheDockerHttpClientImpl.java:183) ~[docker-java-transport-zerodep-3.2.12.jar:na]
	at com.github.dockerjava.zerodep.ZerodepDockerHttpClient.execute(ZerodepDockerHttpClient.java:8) ~[docker-java-transport-zerodep-3.2.12.jar:na]
	at org.testcontainers.shaded.com.github.dockerjava.core.DefaultInvocationBuilder.execute(DefaultInvocationBuilder.java:228) ~[testcontainers-1.16.3.jar:na]
	at org.testcontainers.shaded.com.github.dockerjava.core.DefaultInvocationBuilder.get(DefaultInvocationBuilder.java:202) ~[testcontainers-1.16.3.jar:na]
	at org.testcontainers.shaded.com.github.dockerjava.core.DefaultInvocationBuilder.get(DefaultInvocationBuilder.java:74) ~[testcontainers-1.16.3.jar:na]
	at org.testcontainers.shaded.com.github.dockerjava.core.exec.InfoCmdExec.exec(InfoCmdExec.java:24) ~[testcontainers-1.16.3.jar:na]
	at org.testcontainers.shaded.com.github.dockerjava.core.exec.InfoCmdExec.exec(InfoCmdExec.java:14) ~[testcontainers-1.16.3.jar:na]
	at org.testcontainers.shaded.com.github.dockerjava.core.command.AbstrDockerCmd.exec(AbstrDockerCmd.java:35) ~[testcontainers-1.16.3.jar:na]
	at org.testcontainers.dockerclient.DockerClientProviderStrategy.lambda$null$5(DockerClientProviderStrategy.java:170) ~[testcontainers-1.16.3.jar:na]
	at org.rnorth.ducttape.ratelimits.RateLimiter.getWhenReady(RateLimiter.java:51) ~[duct-tape-1.0.8.jar:na]
	at org.testcontainers.dockerclient.DockerClientProviderStrategy.lambda$tryOutStrategy$6(DockerClientProviderStrategy.java:168) ~[testcontainers-1.16.3.jar:na]
	at org.rnorth.ducttape.unreliables.Unreliables.lambda$retryUntilSuccess$0(Unreliables.java:43) ~[duct-tape-1.0.8.jar:na]
	at java.base/java.util.concurrent.FutureTask.run(FutureTask.java:264) ~[na:na]
	at java.base/java.util.concurrent.ThreadPoolExecutor.runWorker(ThreadPoolExecutor.java:1128) ~[na:na]
	at java.base/java.util.concurrent.ThreadPoolExecutor$Worker.run(ThreadPoolExecutor.java:628) ~[na:na]
	at java.base/java.lang.Thread.run(Thread.java:829) ~[na:na]
Caused by: com.sun.jna.LastErrorException: [13] Permission denied
	at com.github.dockerjava.transport.LinuxDomainSocket.connect(Native Method) ~[docker-java-transport-3.2.12.jar:na]
	at com.github.dockerjava.transport.LinuxDomainSocket.connect(LinuxDomainSocket.java:49) ~[docker-java-transport-3.2.12.jar:na]
	at com.github.dockerjava.transport.DomainSocket.open(DomainSocket.java:69) ~[docker-java-transport-3.2.12.jar:na]
	at com.github.dockerjava.transport.DomainSocket.&lt;init&gt;(DomainSocket.java:59) ~[docker-java-transport-3.2.12.jar:na]
	... 40 common frames omitted
20:18:53.417 [ducttape-0] INFO  c.g.d.z.s.o.a.h.c.h.i.c.HttpRequestRetryExec - Recoverable I/O exception (java.io.IOException) caught when processing request to {}-&gt;unix://localhost:2375
20:18:53.417 [ducttape-0] DEBUG c.g.d.z.s.o.a.h.c.h.p.RequestAddCookies - Cookie spec selected: strict
20:18:53.418 [ducttape-0] DEBUG c.g.d.z.s.o.a.h.c.h.p.RequestAuthCache - Auth cache not set in the context
20:18:53.418 [ducttape-0] DEBUG c.g.d.z.s.o.a.h.c.h.i.c.ProtocolExec - ex-0000001F: target auth state: UNCHALLENGED
20:18:53.418 [ducttape-0] DEBUG c.g.d.z.s.o.a.h.c.h.i.c.ProtocolExec - ex-0000001F: proxy auth state: UNCHALLENGED
20:18:53.418 [ducttape-0] DEBUG c.g.d.z.s.o.a.h.c.h.i.c.ConnectExec - ex-0000001F: acquiring connection with route {}-&gt;unix://localhost:2375
20:18:53.418 [ducttape-0] DEBUG c.g.d.z.s.o.a.h.c.h.i.c.InternalHttpClient - ex-0000001F: acquiring endpoint (3 MINUTES)
20:18:53.418 [ducttape-0] DEBUG c.g.d.z.s.o.a.h.c.h.i.i.PoolingHttpClientConnectionManager - ex-0000001F: endpoint lease request (3 MINUTES) [route: {}-&gt;unix://localhost:2375][total available: 0; route allocated: 0 of 2147483647; total allocated: 0 of 2147483647]
20:18:53.418 [ducttape-0] DEBUG c.g.d.z.s.o.a.h.c.h.i.i.PoolingHttpClientConnectionManager - ex-0000001F: endpoint leased [route: {}-&gt;unix://localhost:2375][total available: 0; route allocated: 1 of 2147483647; total allocated: 1 of 2147483647]
20:18:53.419 [ducttape-0] DEBUG c.g.d.z.s.o.a.h.c.h.i.i.PoolingHttpClientConnectionManager - ex-0000001F: acquired ep-0000003D
20:18:53.419 [ducttape-0] DEBUG c.g.d.z.s.o.a.h.c.h.i.c.InternalHttpClient - ex-0000001F: acquired endpoint ep-0000003D
20:18:53.419 [ducttape-0] DEBUG c.g.d.z.s.o.a.h.c.h.i.c.ConnectExec - ex-0000001F: opening connection {}-&gt;unix://localhost:2375
20:18:53.419 [ducttape-0] DEBUG c.g.d.z.s.o.a.h.c.h.i.c.InternalHttpClient - ep-0000003D: connecting endpoint (3 MINUTES)
20:18:53.419 [ducttape-0] DEBUG c.g.d.z.s.o.a.h.c.h.i.i.PoolingHttpClientConnectionManager - ep-0000003D: connecting endpoint to unix://localhost:2375 (3 MINUTES)
20:18:53.419 [ducttape-0] DEBUG c.g.d.z.s.o.a.h.c.h.i.i.DefaultManagedHttpClientConnection - http-outgoing-61: close connection IMMEDIATE
20:18:53.420 [ducttape-0] DEBUG c.g.d.z.s.o.a.h.c.h.i.c.InternalHttpClient - ep-0000003D: endpoint closed
20:18:53.420 [ducttape-0] DEBUG c.g.d.z.s.o.a.h.c.h.i.c.InternalHttpClient - ep-0000003D: discarding endpoint
20:18:53.420 [ducttape-0] DEBUG c.g.d.z.s.o.a.h.c.h.i.i.PoolingHttpClientConnectionManager - ep-0000003D: releasing endpoint
20:18:53.420 [ducttape-0] DEBUG c.g.d.z.s.o.a.h.c.h.i.i.PoolingHttpClientConnectionManager - ep-0000003D: connection is not kept alive
20:18:53.420 [ducttape-0] DEBUG c.g.d.z.s.o.a.h.c.h.i.i.PoolingHttpClientConnectionManager - ep-0000003D: connection released [route: {}-&gt;unix://localhost:2375][total available: 0; route allocated: 0 of 2147483647; total allocated: 0 of 2147483647]
20:18:53.490 [main] DEBUG c.g.d.z.s.o.a.h.c.h.i.i.PoolingHttpClientConnectionManager - Shutdown connection pool GRACEFUL
20:18:53.491 [main] DEBUG c.g.d.z.s.o.a.h.c.h.i.i.PoolingHttpClientConnectionManager - Connection pool shut down
20:18:53.493 [main] DEBUG o.t.d.DockerClientProviderStrategy - UnixSocketClientProviderStrategy: failed with exception TimeoutException (Timeout waiting for result with exception). Root cause LastErrorException ([13] Permission denied)
20:18:53.502 [main] INFO  o.t.d.DockerMachineClientProviderStrategy - docker-machine executable was not found on PATH ([/usr/local/sbin, /usr/local/bin, /usr/sbin, /usr/bin, /sbin, /bin, /usr/games, /usr/local/games, /snap/bin])
20:18:53.508 [main] ERROR o.t.d.DockerClientProviderStrategy - Could not find a valid Docker environment. Please check configuration. Attempted configurations were:
20:18:53.511 [main] ERROR o.t.d.DockerClientProviderStrategy -     UnixSocketClientProviderStrategy: failed with exception TimeoutException (Timeout waiting for result with exception). Root cause LastErrorException ([13] Permission denied)
20:18:53.511 [main] ERROR o.t.d.DockerClientProviderStrategy - As no valid configuration was found, execution cannot continue
20:18:53.522 [ducttape-0] DEBUG o.t.d.DockerClientProviderStrategy - Pinging docker daemon...
20:18:53.522 [ducttape-0] DEBUG o.t.s.c.g.d.c.command.AbstrDockerCmd - Cmd: 
20:18:53.522 [ducttape-0] DEBUG c.g.d.z.s.o.a.h.c.h.i.c.InternalHttpClient - ex-00000020: preparing request execution
20:18:53.522 [ducttape-0] DEBUG c.g.d.z.s.o.a.h.c.h.p.RequestAddCookies - Cookie spec selected: strict
20:18:53.522 [ducttape-0] DEBUG c.g.d.z.s.o.a.h.c.h.p.RequestAuthCache - Auth cache not set in the context
20:18:53.522 [ducttape-0] DEBUG c.g.d.z.s.o.a.h.c.h.i.c.ProtocolExec - ex-00000020: target auth state: UNCHALLENGED
20:18:53.522 [ducttape-0] DEBUG c.g.d.z.s.o.a.h.c.h.i.c.ProtocolExec - ex-00000020: proxy auth state: UNCHALLENGED
20:18:53.522 [ducttape-0] DEBUG c.g.d.z.s.o.a.h.c.h.i.c.ConnectExec - ex-00000020: acquiring connection with route {}-&gt;unix://localhost:2375
20:18:53.522 [ducttape-0] DEBUG c.g.d.z.s.o.a.h.c.h.i.c.InternalHttpClient - ex-00000020: acquiring endpoint (3 MINUTES)
20:18:53.522 [ducttape-0] DEBUG c.g.d.z.s.o.a.h.c.h.i.i.PoolingHttpClientConnectionManager - ex-00000020: endpoint lease request (3 MINUTES) [route: {}-&gt;unix://localhost:2375][total available: 0; route allocated: 0 of 2147483647; total allocated: 0 of 2147483647]
</system-out>
  </testcase>
</testsuite>