<?xml version="1.0" encoding="UTF-8" ?>
<testsuite tests="2" failures="1" name="MenuCliTest" time="80.368" errors="0" skipped="0">
  <properties>
    <property name="java.runtime.name" value="OpenJDK Runtime Environment"/>
    <property name="java.vm.version" value="11.0.13+8-Ubuntu-0ubuntu1.20.04"/>
    <property name="sun.boot.library.path" value="/usr/lib/jvm/java-11-openjdk-amd64/lib"/>
    <property name="maven.multiModuleProjectDirectory" value="/home/hduser/Documents/CLI-menu-server"/>
    <property name="java.vm.vendor" value="Ubuntu"/>
    <property name="java.vendor.url" value="https://ubuntu.com/"/>
    <property name="guice.disable.misplaced.annotation.check" value="true"/>
    <property name="path.separator" value=":"/>
    <property name="java.vm.name" value="OpenJDK 64-Bit Server VM"/>
    <property name="sun.os.patch.level" value="unknown"/>
    <property name="user.country" value="US"/>
    <property name="sun.java.launcher" value="SUN_STANDARD"/>
    <property name="java.vm.specification.name" value="Java Virtual Machine Specification"/>
    <property name="user.dir" value="/home/hduser/Documents/CLI-menu-server"/>
    <property name="java.vm.compressedOopsMode" value="32-bit"/>
    <property name="java.runtime.version" value="11.0.13+8-Ubuntu-0ubuntu1.20.04"/>
    <property name="java.awt.graphicsenv" value="sun.awt.X11GraphicsEnvironment"/>
    <property name="os.arch" value="amd64"/>
    <property name="java.io.tmpdir" value="/tmp"/>
    <property name="line.separator" value="
"/>
    <property name="java.vm.specification.vendor" value="Oracle Corporation"/>
    <property name="os.name" value="Linux"/>
    <property name="classworlds.conf" value="/usr/share/maven/bin/m2.conf"/>
    <property name="sun.jnu.encoding" value="UTF-8"/>
    <property name="java.library.path" value="/usr/java/packages/lib:/usr/lib/x86_64-linux-gnu/jni:/lib/x86_64-linux-gnu:/usr/lib/x86_64-linux-gnu:/usr/lib/jni:/lib:/usr/lib"/>
    <property name="maven.conf" value="/usr/share/maven/conf"/>
    <property name="jdk.debug" value="release"/>
    <property name="java.class.version" value="55.0"/>
    <property name="java.specification.name" value="Java Platform API Specification"/>
    <property name="sun.management.compiler" value="HotSpot 64-Bit Tiered Compilers"/>
    <property name="os.version" value="5.13.0-28-generic"/>
    <property name="library.jansi.path" value="/usr/share/maven/lib/jansi-native"/>
    <property name="user.home" value="/root"/>
    <property name="user.timezone" value="Europe/Paris"/>
    <property name="java.awt.printerjob" value="sun.print.PSPrinterJob"/>
    <property name="file.encoding" value="UTF-8"/>
    <property name="java.specification.version" value="11"/>
    <property name="user.name" value="root"/>
    <property name="java.class.path" value="/usr/share/maven/boot/plexus-classworlds-2.x.jar"/>
    <property name="java.vm.specification.version" value="11"/>
    <property name="sun.arch.data.model" value="64"/>
    <property name="sun.java.command" value="org.codehaus.plexus.classworlds.launcher.Launcher clean verify"/>
    <property name="java.home" value="/usr/lib/jvm/java-11-openjdk-amd64"/>
    <property name="user.language" value="en"/>
    <property name="java.specification.vendor" value="Oracle Corporation"/>
    <property name="awt.toolkit" value="sun.awt.X11.XToolkit"/>
    <property name="java.vm.info" value="mixed mode, sharing"/>
    <property name="java.version" value="11.0.13"/>
    <property name="securerandom.source" value="file:/dev/./urandom"/>
    <property name="java.vendor" value="Ubuntu"/>
    <property name="maven.home" value="/usr/share/maven"/>
    <property name="file.separator" value="/"/>
    <property name="java.version.date" value="2021-10-19"/>
    <property name="java.vendor.url.bug" value="https://bugs.launchpad.net/ubuntu/+source/openjdk-lts"/>
    <property name="sun.io.unicode.encoding" value="UnicodeLittle"/>
    <property name="sun.cpu.endian" value="little"/>
    <property name="sun.cpu.isalist" value=""/>
  </properties>
  <testcase classname="MenuCliTest" name="testDeleteMenuCommandLineNotExisting" time="41.867"/>
  <testcase classname="MenuCliTest" name="testDeleteMenuCommandLine" time="38.501">
    <failure message="expected:&lt;0&gt; but was:&lt;1&gt;" type="java.lang.AssertionError">java.lang.AssertionError: expected:&lt;0&gt; but was:&lt;1&gt;
	at org.junit.Assert.fail(Assert.java:88)
	at org.junit.Assert.failNotEquals(Assert.java:834)
	at org.junit.Assert.assertEquals(Assert.java:645)
	at org.junit.Assert.assertEquals(Assert.java:631)
	at MenuCliTest.testDeleteMenuCommandLine(MenuCliTest.java:40)
	at java.base/jdk.internal.reflect.NativeMethodAccessorImpl.invoke0(Native Method)
	at java.base/jdk.internal.reflect.NativeMethodAccessorImpl.invoke(NativeMethodAccessorImpl.java:62)
	at java.base/jdk.internal.reflect.DelegatingMethodAccessorImpl.invoke(DelegatingMethodAccessorImpl.java:43)
	at java.base/java.lang.reflect.Method.invoke(Method.java:566)
	at org.junit.runners.model.FrameworkMethod$1.runReflectiveCall(FrameworkMethod.java:50)
	at org.junit.internal.runners.model.ReflectiveCallable.run(ReflectiveCallable.java:12)
	at org.junit.runners.model.FrameworkMethod.invokeExplosively(FrameworkMethod.java:47)
	at org.junit.internal.runners.statements.InvokeMethod.evaluate(InvokeMethod.java:17)
	at org.junit.internal.runners.statements.RunBefores.evaluate(RunBefores.java:26)
	at org.testcontainers.containers.FailureDetectingExternalResource$1.evaluate(FailureDetectingExternalResource.java:30)
	at org.junit.rules.RunRules.evaluate(RunRules.java:20)
	at org.junit.runners.ParentRunner.runLeaf(ParentRunner.java:325)
	at org.junit.runners.BlockJUnit4ClassRunner.runChild(BlockJUnit4ClassRunner.java:78)
	at org.junit.runners.BlockJUnit4ClassRunner.runChild(BlockJUnit4ClassRunner.java:57)
	at org.junit.runners.ParentRunner$3.run(ParentRunner.java:290)
	at org.junit.runners.ParentRunner$1.schedule(ParentRunner.java:71)
	at org.junit.runners.ParentRunner.runChildren(ParentRunner.java:288)
	at org.junit.runners.ParentRunner.access$000(ParentRunner.java:58)
	at org.junit.runners.ParentRunner$2.evaluate(ParentRunner.java:268)
	at org.junit.runners.ParentRunner.run(ParentRunner.java:363)
	at org.apache.maven.surefire.junit4.JUnit4Provider.execute(JUnit4Provider.java:252)
	at org.apache.maven.surefire.junit4.JUnit4Provider.executeTestSet(JUnit4Provider.java:141)
	at org.apache.maven.surefire.junit4.JUnit4Provider.invoke(JUnit4Provider.java:112)
	at java.base/jdk.internal.reflect.NativeMethodAccessorImpl.invoke0(Native Method)
	at java.base/jdk.internal.reflect.NativeMethodAccessorImpl.invoke(NativeMethodAccessorImpl.java:62)
	at java.base/jdk.internal.reflect.DelegatingMethodAccessorImpl.invoke(DelegatingMethodAccessorImpl.java:43)
	at java.base/java.lang.reflect.Method.invoke(Method.java:566)
	at org.apache.maven.surefire.util.ReflectionUtils.invokeMethodWithArray(ReflectionUtils.java:189)
	at org.apache.maven.surefire.booter.ProviderFactory$ProviderProxy.invoke(ProviderFactory.java:165)
	at org.apache.maven.surefire.booter.ProviderFactory.invokeProvider(ProviderFactory.java:85)
	at org.apache.maven.surefire.booter.ForkedBooter.runSuitesInProcess(ForkedBooter.java:115)
	at org.apache.maven.surefire.booter.ForkedBooter.main(ForkedBooter.java:75)
</failure>
    <system-out>21:53:16.145 [main] DEBUG o.t.u.PrefixingImageNameSubstitutor - No prefix is configured
21:53:16.145 [main] DEBUG o.t.utility.ImageNameSubstitutor - Did not find a substitute image for mailysm/menu-server:1.0.0 (using image substitutor: DefaultImageNameSubstitutor (composite of &apos;ConfigurationFileImageNameSubstitutor&apos; and &apos;PrefixingImageNameSubstitutor&apos;))
21:53:16.145 [main] DEBUG o.t.images.AbstractImagePullPolicy - Using locally available and not pulling image: mailysm/menu-server:1.0.0
21:53:16.154 [main] DEBUG üê≥ [mailysm/menu-server:1.0.0] - Starting container: mailysm/menu-server:1.0.0
21:53:16.154 [main] DEBUG üê≥ [mailysm/menu-server:1.0.0] - Trying to start container: mailysm/menu-server:1.0.0 (attempt 1/1)
21:53:16.155 [main] DEBUG üê≥ [mailysm/menu-server:1.0.0] - Starting container: mailysm/menu-server:1.0.0
21:53:16.155 [main] INFO  üê≥ [mailysm/menu-server:1.0.0] - Creating container for image: mailysm/menu-server:1.0.0
21:53:16.155 [main] DEBUG o.t.utility.RegistryAuthLocator - Looking up auth config for image: mailysm/menu-server:1.0.0 at registry: index.docker.io
21:53:16.155 [main] DEBUG o.t.utility.RegistryAuthLocator - No matching Auth Configs - falling back to defaultAuthConfig [null]
21:53:16.155 [main] DEBUG o.t.d.AuthDelegatingDockerClientConfig - Effective auth config [null]
21:53:16.155 [main] DEBUG o.t.s.c.g.d.c.command.AbstrDockerCmd - Cmd: org.testcontainers.shaded.com.github.dockerjava.core.command.CreateContainerCmdImpl@45e37a7e[name=&lt;null&gt;,hostName=&lt;null&gt;,domainName=&lt;null&gt;,user=&lt;null&gt;,attachStdin=&lt;null&gt;,attachStdout=&lt;null&gt;,attachStderr=&lt;null&gt;,portSpecs=&lt;null&gt;,tty=&lt;null&gt;,stdinOpen=&lt;null&gt;,stdInOnce=&lt;null&gt;,env={},cmd={},healthcheck=&lt;null&gt;,argsEscaped=&lt;null&gt;,entrypoint=&lt;null&gt;,image=mailysm/menu-server:1.0.0,volumes=Volumes(volumes=[]),workingDir=&lt;null&gt;,macAddress=&lt;null&gt;,onBuild=&lt;null&gt;,networkDisabled=&lt;null&gt;,exposedPorts=ExposedPorts(exposedPorts=[8080/tcp]),stopSignal=&lt;null&gt;,stopTimeout=&lt;null&gt;,hostConfig=HostConfig(binds=[], blkioWeight=null, blkioWeightDevice=null, blkioDeviceReadBps=null, blkioDeviceWriteBps=null, blkioDeviceReadIOps=null, blkioDeviceWriteIOps=null, memorySwappiness=null, nanoCPUs=null, capAdd=null, capDrop=null, containerIDFile=null, cpuPeriod=null, cpuRealtimePeriod=null, cpuRealtimeRuntime=null, cpuShares=null, cpuQuota=null, cpusetCpus=null, cpusetMems=null, devices=null, deviceCgroupRules=null, deviceRequests=null, diskQuota=null, dns=null, dnsOptions=null, dnsSearch=null, extraHosts=[], groupAdd=null, ipcMode=null, cgroup=null, links=[], logConfig=LogConfig(type=null, config=null), lxcConf=null, memory=null, memorySwap=null, memoryReservation=null, kernelMemory=null, networkMode=null, oomKillDisable=null, init=null, autoRemove=null, oomScoreAdj=null, portBindings={8080/tcp=[Lcom.github.dockerjava.api.model.Ports$Binding;@488eb7f2}, privileged=null, publishAllPorts=null, readonlyRootfs=null, restartPolicy=null, ulimits=null, cpuCount=null, cpuPercent=null, ioMaximumIOps=null, ioMaximumBandwidth=null, volumesFrom=[], mounts=null, pidMode=null, isolation=null, securityOpts=null, storageOpt=null, cgroupParent=null, volumeDriver=null, shmSize=null, pidsLimit=null, runtime=null, tmpFs=null, utSMode=null, usernsMode=null, sysctls=null, consoleSize=null),labels={org.testcontainers=true, org.testcontainers.sessionId=6d71591a-05bc-4505-bca8-a2037877e4d2},shell=&lt;null&gt;,networkingConfig=&lt;null&gt;,ipv4Address=&lt;null&gt;,ipv6Address=&lt;null&gt;,aliases=&lt;null&gt;,authConfig=&lt;null&gt;,platform=&lt;null&gt;]
21:53:16.188 [main] DEBUG c.g.d.z.s.o.a.h.c.h.i.c.InternalHttpClient - ex-00000017: preparing request execution
21:53:16.188 [main] DEBUG c.g.d.z.s.o.a.h.c.h.p.RequestAddCookies - Cookie spec selected: strict
21:53:16.188 [main] DEBUG c.g.d.z.s.o.a.h.c.h.p.RequestAuthCache - Auth cache not set in the context
21:53:16.188 [main] DEBUG c.g.d.z.s.o.a.h.c.h.i.c.ProtocolExec - ex-00000017: target auth state: UNCHALLENGED
21:53:16.188 [main] DEBUG c.g.d.z.s.o.a.h.c.h.i.c.ProtocolExec - ex-00000017: proxy auth state: UNCHALLENGED
21:53:16.197 [main] DEBUG c.g.d.z.s.o.a.h.c.h.i.c.ConnectExec - ex-00000017: acquiring connection with route {}-&gt;unix://localhost:2375
21:53:16.197 [main] DEBUG c.g.d.z.s.o.a.h.c.h.i.c.InternalHttpClient - ex-00000017: acquiring endpoint (3 MINUTES)
21:53:16.197 [main] DEBUG c.g.d.z.s.o.a.h.c.h.i.i.PoolingHttpClientConnectionManager - ex-00000017: endpoint lease request (3 MINUTES) [route: {}-&gt;unix://localhost:2375][total available: 1; route allocated: 1 of 2147483647; total allocated: 1 of 2147483647]
21:53:16.198 [main] DEBUG c.g.d.z.s.o.a.h.c.h.i.i.PoolingHttpClientConnectionManager - ex-00000017: endpoint leased [route: {}-&gt;unix://localhost:2375][total available: 0; route allocated: 1 of 2147483647; total allocated: 1 of 2147483647]
21:53:16.198 [main] DEBUG c.g.d.z.s.o.a.h.c.h.i.i.PoolingHttpClientConnectionManager - ex-00000017: acquired ep-00000016
21:53:16.198 [main] DEBUG c.g.d.z.s.o.a.h.c.h.i.c.InternalHttpClient - ex-00000017: acquired endpoint ep-00000016
21:53:16.198 [main] DEBUG c.g.d.z.s.o.a.h.c.h.i.c.MainClientExec - ex-00000017: executing POST /v1.32/containers/create HTTP/1.1
21:53:16.198 [main] DEBUG c.g.d.z.s.o.a.h.c.h.i.c.InternalHttpClient - ep-00000016: start execution ex-00000017
21:53:16.198 [main] DEBUG c.g.d.z.s.o.a.h.c.h.i.i.PoolingHttpClientConnectionManager - ep-00000016: executing exchange ex-00000017 over http-outgoing-3
21:53:16.198 [main] DEBUG c.g.d.z.s.o.a.h.client5.http.headers - http-outgoing-3 &gt;&gt; POST /v1.32/containers/create HTTP/1.1
21:53:16.198 [main] DEBUG c.g.d.z.s.o.a.h.client5.http.headers - http-outgoing-3 &gt;&gt; accept: application/json
21:53:16.198 [main] DEBUG c.g.d.z.s.o.a.h.client5.http.headers - http-outgoing-3 &gt;&gt; content-type: application/json
21:53:16.198 [main] DEBUG c.g.d.z.s.o.a.h.client5.http.headers - http-outgoing-3 &gt;&gt; Accept-Encoding: gzip, x-gzip, deflate
21:53:16.198 [main] DEBUG c.g.d.z.s.o.a.h.client5.http.headers - http-outgoing-3 &gt;&gt; Content-Length: 1933
21:53:16.198 [main] DEBUG c.g.d.z.s.o.a.h.client5.http.headers - http-outgoing-3 &gt;&gt; Host: localhost:2375
21:53:16.198 [main] DEBUG c.g.d.z.s.o.a.h.client5.http.headers - http-outgoing-3 &gt;&gt; Connection: keep-alive
21:53:16.198 [main] DEBUG c.g.d.z.s.o.a.h.client5.http.headers - http-outgoing-3 &gt;&gt; User-Agent: Apache-HttpClient/5.0.3 (Java/11.0.13)
21:53:16.199 [main] DEBUG c.g.d.z.s.o.a.hc.client5.http.wire - http-outgoing-3 &gt;&gt; &quot;POST /v1.32/containers/create HTTP/1.1[\r][\n]&quot;
21:53:16.199 [main] DEBUG c.g.d.z.s.o.a.hc.client5.http.wire - http-outgoing-3 &gt;&gt; &quot;accept: application/json[\r][\n]&quot;
21:53:16.199 [main] DEBUG c.g.d.z.s.o.a.hc.client5.http.wire - http-outgoing-3 &gt;&gt; &quot;content-type: application/json[\r][\n]&quot;
21:53:16.199 [main] DEBUG c.g.d.z.s.o.a.hc.client5.http.wire - http-outgoing-3 &gt;&gt; &quot;Accept-Encoding: gzip, x-gzip, deflate[\r][\n]&quot;
21:53:16.201 [main] DEBUG c.g.d.z.s.o.a.hc.client5.http.wire - http-outgoing-3 &gt;&gt; &quot;Content-Length: 1933[\r][\n]&quot;
21:53:16.201 [main] DEBUG c.g.d.z.s.o.a.hc.client5.http.wire - http-outgoing-3 &gt;&gt; &quot;Host: localhost:2375[\r][\n]&quot;
21:53:16.201 [main] DEBUG c.g.d.z.s.o.a.hc.client5.http.wire - http-outgoing-3 &gt;&gt; &quot;Connection: keep-alive[\r][\n]&quot;
21:53:16.201 [main] DEBUG c.g.d.z.s.o.a.hc.client5.http.wire - http-outgoing-3 &gt;&gt; &quot;User-Agent: Apache-HttpClient/5.0.3 (Java/11.0.13)[\r][\n]&quot;
21:53:16.201 [main] DEBUG c.g.d.z.s.o.a.hc.client5.http.wire - http-outgoing-3 &gt;&gt; &quot;[\r][\n]&quot;
21:53:16.201 [main] DEBUG c.g.d.z.s.o.a.hc.client5.http.wire - http-outgoing-3 &gt;&gt; &quot;{&quot;name&quot;:null,&quot;authConfig&quot;:null,&quot;platform&quot;:null,&quot;Hostname&quot;:null,&quot;Domainname&quot;:null,&quot;User&quot;:null,&quot;AttachStdin&quot;:null,&quot;AttachStdout&quot;:null,&quot;AttachStderr&quot;:null,&quot;PortSpecs&quot;:null,&quot;Tty&quot;:null,&quot;OpenStdin&quot;:null,&quot;StdinOnce&quot;:null,&quot;Env&quot;:[],&quot;Cmd&quot;:[],&quot;Healthcheck&quot;:null,&quot;ArgsEscaped&quot;:null,&quot;Entrypoint&quot;:null,&quot;Image&quot;:&quot;mailysm/menu-server:1.0.0&quot;,&quot;Volumes&quot;:{},&quot;WorkingDir&quot;:null,&quot;MacAddress&quot;:null,&quot;OnBuild&quot;:null,&quot;NetworkDisabled&quot;:null,&quot;ExposedPorts&quot;:{&quot;8080/tcp&quot;:{}},&quot;StopSignal&quot;:null,&quot;StopTimeout&quot;:null,&quot;HostConfig&quot;:{&quot;Binds&quot;:[],&quot;BlkioWeight&quot;:null,&quot;BlkioWeightDevice&quot;:null,&quot;BlkioDeviceReadBps&quot;:null,&quot;BlkioDeviceWriteBps&quot;:null,&quot;BlkioDeviceReadIOps&quot;:null,&quot;BlkioDeviceWriteIOps&quot;:null,&quot;MemorySwappiness&quot;:null,&quot;NanoCpus&quot;:null,&quot;CapAdd&quot;:null,&quot;CapDrop&quot;:null,&quot;ContainerIDFile&quot;:null,&quot;CpuPeriod&quot;:null,&quot;CpuRealtimePeriod&quot;:null,&quot;CpuRealtimeRuntime&quot;:null,&quot;CpuShares&quot;:null,&quot;CpuQuota&quot;:null,&quot;CpusetCpus&quot;:null,&quot;CpusetMems&quot;:null,&quot;Devices&quot;:null,&quot;DeviceCgroupRules&quot;:null,&quot;DeviceRequests&quot;:null,&quot;DiskQuota&quot;:null,&quot;Dns&quot;:null,&quot;DnsOptions&quot;:null,&quot;DnsSearch&quot;:null,&quot;ExtraHosts&quot;:[],&quot;GroupAdd&quot;:null,&quot;IpcMode&quot;:null,&quot;Cgroup&quot;:null,&quot;Links&quot;:[],&quot;LogConfig&quot;:null,&quot;LxcConf&quot;:null,&quot;Memory&quot;:null,&quot;MemorySwap&quot;:null,&quot;MemoryReservation&quot;:null,&quot;KernelMemory&quot;:null,&quot;NetworkMode&quot;:null,&quot;OomKillDisable&quot;:null,&quot;Init&quot;:null,&quot;AutoRemove&quot;:null,&quot;OomScoreAdj&quot;:null,&quot;PortBindings&quot;:{&quot;8080/tcp&quot;:[{&quot;HostIp&quot;:&quot;&quot;,&quot;HostPort&quot;:&quot;&quot;}]},&quot;Privileged&quot;:null,&quot;PublishAllPorts&quot;:null,&quot;ReadonlyRootfs&quot;:null,&quot;RestartPolicy&quot;:null,&quot;Ulimits&quot;:null,&quot;CpuCount&quot;:null,&quot;CpuPercent&quot;:null,&quot;IOMaximumIOps&quot;:null,&quot;IOMaximumBandwidth&quot;:null,&quot;VolumesFrom&quot;:[],&quot;Mounts&quot;:null,&quot;PidMode&quot;:null,&quot;Isolation&quot;:null,&quot;SecurityOpt&quot;:null,&quot;StorageOpt&quot;:null,&quot;CgroupParent&quot;:null,&quot;VolumeDriver&quot;:null,&quot;ShmSize&quot;:null,&quot;PidsLimit&quot;:null,&quot;Runtime&quot;:null,&quot;Tmpfs&quot;:null,&quot;UTSMode&quot;:null,&quot;UsernsMode&quot;:null,&quot;Sysctls&quot;:null,&quot;ConsoleSize&quot;:null},&quot;Labels&quot;:{&quot;org.testcontainers&quot;:&quot;true&quot;,&quot;org.testcontainers.sessionId&quot;:&quot;6d71591a-05bc-4505-bca8-a2037877e4d2&quot;},&quot;Shell&quot;:null,&quot;NetworkingConfig&quot;:null}&quot;
21:53:16.418 [main] DEBUG c.g.d.z.s.o.a.hc.client5.http.wire - http-outgoing-3 &lt;&lt; &quot;HTTP/1.1 201 Created[\r][\n]&quot;
21:53:16.418 [main] DEBUG c.g.d.z.s.o.a.hc.client5.http.wire - http-outgoing-3 &lt;&lt; &quot;Api-Version: 1.41[\r][\n]&quot;
21:53:16.418 [main] DEBUG c.g.d.z.s.o.a.hc.client5.http.wire - http-outgoing-3 &lt;&lt; &quot;Content-Type: application/json[\r][\n]&quot;
21:53:16.418 [main] DEBUG c.g.d.z.s.o.a.hc.client5.http.wire - http-outgoing-3 &lt;&lt; &quot;Docker-Experimental: false[\r][\n]&quot;
21:53:16.418 [main] DEBUG c.g.d.z.s.o.a.hc.client5.http.wire - http-outgoing-3 &lt;&lt; &quot;Ostype: linux[\r][\n]&quot;
21:53:16.418 [main] DEBUG c.g.d.z.s.o.a.hc.client5.http.wire - http-outgoing-3 &lt;&lt; &quot;Server: Docker/20.10.12 (linux)[\r][\n]&quot;
21:53:16.418 [main] DEBUG c.g.d.z.s.o.a.hc.client5.http.wire - http-outgoing-3 &lt;&lt; &quot;Date: Sun, 13 Feb 2022 20:53:16 GMT[\r][\n]&quot;
21:53:16.418 [main] DEBUG c.g.d.z.s.o.a.hc.client5.http.wire - http-outgoing-3 &lt;&lt; &quot;Content-Length: 88[\r][\n]&quot;
21:53:16.418 [main] DEBUG c.g.d.z.s.o.a.hc.client5.http.wire - http-outgoing-3 &lt;&lt; &quot;[\r][\n]&quot;
21:53:16.418 [main] DEBUG c.g.d.z.s.o.a.hc.client5.http.wire - http-outgoing-3 &lt;&lt; &quot;{&quot;Id&quot;:&quot;8321666f751f7c7d05be71fc2275963d0c8e38f637385481cc2ad563c34c860a&quot;,&quot;Warnings&quot;:[]}[\n]&quot;
21:53:16.418 [main] DEBUG c.g.d.z.s.o.a.h.client5.http.headers - http-outgoing-3 &lt;&lt; HTTP/1.1 201 Created
21:53:16.418 [main] DEBUG c.g.d.z.s.o.a.h.client5.http.headers - http-outgoing-3 &lt;&lt; Api-Version: 1.41
21:53:16.418 [main] DEBUG c.g.d.z.s.o.a.h.client5.http.headers - http-outgoing-3 &lt;&lt; Content-Type: application/json
21:53:16.418 [main] DEBUG c.g.d.z.s.o.a.h.client5.http.headers - http-outgoing-3 &lt;&lt; Docker-Experimental: false
21:53:16.418 [main] DEBUG c.g.d.z.s.o.a.h.client5.http.headers - http-outgoing-3 &lt;&lt; Ostype: linux
21:53:16.418 [main] DEBUG c.g.d.z.s.o.a.h.client5.http.headers - http-outgoing-3 &lt;&lt; Server: Docker/20.10.12 (linux)
21:53:16.418 [main] DEBUG c.g.d.z.s.o.a.h.client5.http.headers - http-outgoing-3 &lt;&lt; Date: Sun, 13 Feb 2022 20:53:16 GMT
21:53:16.418 [main] DEBUG c.g.d.z.s.o.a.h.client5.http.headers - http-outgoing-3 &lt;&lt; Content-Length: 88
21:53:16.418 [main] DEBUG c.g.d.z.s.o.a.h.c.h.i.c.MainClientExec - ex-00000017: connection can be kept alive for 3 MINUTES
21:53:16.419 [main] DEBUG c.g.d.z.s.o.a.h.c.h.i.c.InternalHttpClient - ep-00000016: releasing valid endpoint
21:53:16.419 [main] DEBUG c.g.d.z.s.o.a.h.c.h.i.i.PoolingHttpClientConnectionManager - ep-00000016: releasing endpoint
21:53:16.419 [main] DEBUG c.g.d.z.s.o.a.h.c.h.i.i.PoolingHttpClientConnectionManager - ep-00000016: connection http-outgoing-3 can be kept alive for 3 MINUTES
21:53:16.419 [main] DEBUG c.g.d.z.s.o.a.h.c.h.i.i.PoolingHttpClientConnectionManager - ep-00000016: connection released [route: {}-&gt;unix://localhost:2375][total available: 1; route allocated: 1 of 2147483647; total allocated: 1 of 2147483647]
21:53:16.419 [main] INFO  üê≥ [mailysm/menu-server:1.0.0] - Container mailysm/menu-server:1.0.0 is starting: 8321666f751f7c7d05be71fc2275963d0c8e38f637385481cc2ad563c34c860a
21:53:16.419 [main] DEBUG o.t.s.c.g.d.c.command.AbstrDockerCmd - Cmd: 8321666f751f7c7d05be71fc2275963d0c8e38f637385481cc2ad563c34c860a
21:53:16.419 [main] DEBUG c.g.d.z.s.o.a.h.c.h.i.c.InternalHttpClient - ex-00000018: preparing request execution
21:53:16.420 [main] DEBUG c.g.d.z.s.o.a.h.c.h.p.RequestAddCookies - Cookie spec selected: strict
21:53:16.420 [main] DEBUG c.g.d.z.s.o.a.h.c.h.p.RequestAuthCache - Auth cache not set in the context
21:53:16.420 [main] DEBUG c.g.d.z.s.o.a.h.c.h.i.c.ProtocolExec - ex-00000018: target auth state: UNCHALLENGED
21:53:16.420 [main] DEBUG c.g.d.z.s.o.a.h.c.h.i.c.ProtocolExec - ex-00000018: proxy auth state: UNCHALLENGED
21:53:16.420 [main] DEBUG c.g.d.z.s.o.a.h.c.h.i.c.ConnectExec - ex-00000018: acquiring connection with route {}-&gt;unix://localhost:2375
21:53:16.420 [main] DEBUG c.g.d.z.s.o.a.h.c.h.i.c.InternalHttpClient - ex-00000018: acquiring endpoint (3 MINUTES)
21:53:16.420 [main] DEBUG c.g.d.z.s.o.a.h.c.h.i.i.PoolingHttpClientConnectionManager - ex-00000018: endpoint lease request (3 MINUTES) [route: {}-&gt;unix://localhost:2375][total available: 1; route allocated: 1 of 2147483647; total allocated: 1 of 2147483647]
21:53:16.420 [main] DEBUG c.g.d.z.s.o.a.h.c.h.i.i.PoolingHttpClientConnectionManager - ex-00000018: endpoint leased [route: {}-&gt;unix://localhost:2375][total available: 0; route allocated: 1 of 2147483647; total allocated: 1 of 2147483647]
21:53:16.420 [main] DEBUG c.g.d.z.s.o.a.h.c.h.i.i.PoolingHttpClientConnectionManager - ex-00000018: acquired ep-00000017
21:53:16.420 [main] DEBUG c.g.d.z.s.o.a.h.c.h.i.c.InternalHttpClient - ex-00000018: acquired endpoint ep-00000017
21:53:16.420 [main] DEBUG c.g.d.z.s.o.a.h.c.h.i.c.MainClientExec - ex-00000018: executing POST /v1.32/containers/8321666f751f7c7d05be71fc2275963d0c8e38f637385481cc2ad563c34c860a/start HTTP/1.1
21:53:16.420 [main] DEBUG c.g.d.z.s.o.a.h.c.h.i.c.InternalHttpClient - ep-00000017: start execution ex-00000018
21:53:16.420 [main] DEBUG c.g.d.z.s.o.a.h.c.h.i.i.PoolingHttpClientConnectionManager - ep-00000017: executing exchange ex-00000018 over http-outgoing-3
21:53:16.420 [main] DEBUG c.g.d.z.s.o.a.h.client5.http.headers - http-outgoing-3 &gt;&gt; POST /v1.32/containers/8321666f751f7c7d05be71fc2275963d0c8e38f637385481cc2ad563c34c860a/start HTTP/1.1
21:53:16.420 [main] DEBUG c.g.d.z.s.o.a.h.client5.http.headers - http-outgoing-3 &gt;&gt; accept: application/json
21:53:16.420 [main] DEBUG c.g.d.z.s.o.a.h.client5.http.headers - http-outgoing-3 &gt;&gt; content-type: application/json
21:53:16.420 [main] DEBUG c.g.d.z.s.o.a.h.client5.http.headers - http-outgoing-3 &gt;&gt; Accept-Encoding: gzip, x-gzip, deflate
21:53:16.420 [main] DEBUG c.g.d.z.s.o.a.h.client5.http.headers - http-outgoing-3 &gt;&gt; Host: localhost:2375
21:53:16.420 [main] DEBUG c.g.d.z.s.o.a.h.client5.http.headers - http-outgoing-3 &gt;&gt; Connection: keep-alive
21:53:16.420 [main] DEBUG c.g.d.z.s.o.a.h.client5.http.headers - http-outgoing-3 &gt;&gt; User-Agent: Apache-HttpClient/5.0.3 (Java/11.0.13)
21:53:16.420 [main] DEBUG c.g.d.z.s.o.a.hc.client5.http.wire - http-outgoing-3 &gt;&gt; &quot;POST /v1.32/containers/8321666f751f7c7d05be71fc2275963d0c8e38f637385481cc2ad563c34c860a/start HTTP/1.1[\r][\n]&quot;
21:53:16.420 [main] DEBUG c.g.d.z.s.o.a.hc.client5.http.wire - http-outgoing-3 &gt;&gt; &quot;accept: application/json[\r][\n]&quot;
21:53:16.420 [main] DEBUG c.g.d.z.s.o.a.hc.client5.http.wire - http-outgoing-3 &gt;&gt; &quot;content-type: application/json[\r][\n]&quot;
21:53:16.420 [main] DEBUG c.g.d.z.s.o.a.hc.client5.http.wire - http-outgoing-3 &gt;&gt; &quot;Accept-Encoding: gzip, x-gzip, deflate[\r][\n]&quot;
21:53:16.420 [main] DEBUG c.g.d.z.s.o.a.hc.client5.http.wire - http-outgoing-3 &gt;&gt; &quot;Host: localhost:2375[\r][\n]&quot;
21:53:16.420 [main] DEBUG c.g.d.z.s.o.a.hc.client5.http.wire - http-outgoing-3 &gt;&gt; &quot;Connection: keep-alive[\r][\n]&quot;
21:53:16.420 [main] DEBUG c.g.d.z.s.o.a.hc.client5.http.wire - http-outgoing-3 &gt;&gt; &quot;User-Agent: Apache-HttpClient/5.0.3 (Java/11.0.13)[\r][\n]&quot;
21:53:16.420 [main] DEBUG c.g.d.z.s.o.a.hc.client5.http.wire - http-outgoing-3 &gt;&gt; &quot;[\r][\n]&quot;
21:53:17.671 [main] DEBUG c.g.d.z.s.o.a.hc.client5.http.wire - http-outgoing-3 &lt;&lt; &quot;HTTP/1.1 204 No Content[\r][\n]&quot;
21:53:17.671 [main] DEBUG c.g.d.z.s.o.a.hc.client5.http.wire - http-outgoing-3 &lt;&lt; &quot;Api-Version: 1.41[\r][\n]&quot;
21:53:17.671 [main] DEBUG c.g.d.z.s.o.a.hc.client5.http.wire - http-outgoing-3 &lt;&lt; &quot;Docker-Experimental: false[\r][\n]&quot;
21:53:17.671 [main] DEBUG c.g.d.z.s.o.a.hc.client5.http.wire - http-outgoing-3 &lt;&lt; &quot;Ostype: linux[\r][\n]&quot;
21:53:17.671 [main] DEBUG c.g.d.z.s.o.a.hc.client5.http.wire - http-outgoing-3 &lt;&lt; &quot;Server: Docker/20.10.12 (linux)[\r][\n]&quot;
21:53:17.671 [main] DEBUG c.g.d.z.s.o.a.hc.client5.http.wire - http-outgoing-3 &lt;&lt; &quot;Date: Sun, 13 Feb 2022 20:53:17 GMT[\r][\n]&quot;
21:53:17.671 [main] DEBUG c.g.d.z.s.o.a.hc.client5.http.wire - http-outgoing-3 &lt;&lt; &quot;[\r][\n]&quot;
21:53:17.671 [main] DEBUG c.g.d.z.s.o.a.h.client5.http.headers - http-outgoing-3 &lt;&lt; HTTP/1.1 204 No Content
21:53:17.671 [main] DEBUG c.g.d.z.s.o.a.h.client5.http.headers - http-outgoing-3 &lt;&lt; Api-Version: 1.41
21:53:17.671 [main] DEBUG c.g.d.z.s.o.a.h.client5.http.headers - http-outgoing-3 &lt;&lt; Docker-Experimental: false
21:53:17.671 [main] DEBUG c.g.d.z.s.o.a.h.client5.http.headers - http-outgoing-3 &lt;&lt; Ostype: linux
21:53:17.671 [main] DEBUG c.g.d.z.s.o.a.h.client5.http.headers - http-outgoing-3 &lt;&lt; Server: Docker/20.10.12 (linux)
21:53:17.671 [main] DEBUG c.g.d.z.s.o.a.h.client5.http.headers - http-outgoing-3 &lt;&lt; Date: Sun, 13 Feb 2022 20:53:17 GMT
21:53:17.671 [main] DEBUG c.g.d.z.s.o.a.h.c.h.i.c.MainClientExec - ex-00000018: connection can be kept alive for 3 MINUTES
21:53:17.671 [main] DEBUG c.g.d.z.s.o.a.h.c.h.i.c.InternalHttpClient - ep-00000017: releasing valid endpoint
21:53:17.671 [main] DEBUG c.g.d.z.s.o.a.h.c.h.i.i.PoolingHttpClientConnectionManager - ep-00000017: releasing endpoint
21:53:17.671 [main] DEBUG c.g.d.z.s.o.a.h.c.h.i.i.PoolingHttpClientConnectionManager - ep-00000017: connection http-outgoing-3 can be kept alive for 3 MINUTES
21:53:17.671 [main] DEBUG c.g.d.z.s.o.a.h.c.h.i.i.PoolingHttpClientConnectionManager - ep-00000017: connection released [route: {}-&gt;unix://localhost:2375][total available: 1; route allocated: 1 of 2147483647; total allocated: 1 of 2147483647]
21:53:17.672 [main] DEBUG o.t.s.c.g.d.c.command.AbstrDockerCmd - Cmd: 8321666f751f7c7d05be71fc2275963d0c8e38f637385481cc2ad563c34c860a,false
21:53:17.673 [main] DEBUG o.t.s.c.g.d.c.e.InspectContainerCmdExec - GET: DefaultWebTarget{path=[/containers/8321666f751f7c7d05be71fc2275963d0c8e38f637385481cc2ad563c34c860a/json], queryParams={}}
21:53:17.673 [main] DEBUG c.g.d.z.s.o.a.h.c.h.i.c.InternalHttpClient - ex-00000019: preparing request execution
21:53:17.673 [main] DEBUG c.g.d.z.s.o.a.h.c.h.p.RequestAddCookies - Cookie spec selected: strict
21:53:17.673 [main] DEBUG c.g.d.z.s.o.a.h.c.h.p.RequestAuthCache - Auth cache not set in the context
21:53:17.673 [main] DEBUG c.g.d.z.s.o.a.h.c.h.i.c.ProtocolExec - ex-00000019: target auth state: UNCHALLENGED
21:53:17.673 [main] DEBUG c.g.d.z.s.o.a.h.c.h.i.c.ProtocolExec - ex-00000019: proxy auth state: UNCHALLENGED
21:53:17.673 [main] DEBUG c.g.d.z.s.o.a.h.c.h.i.c.ConnectExec - ex-00000019: acquiring connection with route {}-&gt;unix://localhost:2375
21:53:17.673 [main] DEBUG c.g.d.z.s.o.a.h.c.h.i.c.InternalHttpClient - ex-00000019: acquiring endpoint (3 MINUTES)
21:53:17.674 [main] DEBUG c.g.d.z.s.o.a.h.c.h.i.i.PoolingHttpClientConnectionManager - ex-00000019: endpoint lease request (3 MINUTES) [route: {}-&gt;unix://localhost:2375][total available: 1; route allocated: 1 of 2147483647; total allocated: 1 of 2147483647]
21:53:17.674 [main] DEBUG c.g.d.z.s.o.a.h.c.h.i.i.PoolingHttpClientConnectionManager - ex-00000019: endpoint leased [route: {}-&gt;unix://localhost:2375][total available: 0; route allocated: 1 of 2147483647; total allocated: 1 of 2147483647]
21:53:17.675 [main] DEBUG c.g.d.z.s.o.a.h.c.h.i.i.PoolingHttpClientConnectionManager - ex-00000019: acquired ep-00000018
21:53:17.676 [main] DEBUG c.g.d.z.s.o.a.h.c.h.i.c.InternalHttpClient - ex-00000019: acquired endpoint ep-00000018
21:53:17.676 [main] DEBUG c.g.d.z.s.o.a.h.c.h.i.c.MainClientExec - ex-00000019: executing GET /v1.32/containers/8321666f751f7c7d05be71fc2275963d0c8e38f637385481cc2ad563c34c860a/json HTTP/1.1
21:53:17.676 [main] DEBUG c.g.d.z.s.o.a.h.c.h.i.c.InternalHttpClient - ep-00000018: start execution ex-00000019
21:53:17.677 [main] DEBUG c.g.d.z.s.o.a.h.c.h.i.i.PoolingHttpClientConnectionManager - ep-00000018: executing exchange ex-00000019 over http-outgoing-3
21:53:17.677 [main] DEBUG c.g.d.z.s.o.a.h.client5.http.headers - http-outgoing-3 &gt;&gt; GET /v1.32/containers/8321666f751f7c7d05be71fc2275963d0c8e38f637385481cc2ad563c34c860a/json HTTP/1.1
21:53:17.677 [main] DEBUG c.g.d.z.s.o.a.h.client5.http.headers - http-outgoing-3 &gt;&gt; accept: application/json
21:53:17.677 [main] DEBUG c.g.d.z.s.o.a.h.client5.http.headers - http-outgoing-3 &gt;&gt; Accept-Encoding: gzip, x-gzip, deflate
21:53:17.677 [main] DEBUG c.g.d.z.s.o.a.h.client5.http.headers - http-outgoing-3 &gt;&gt; Host: localhost:2375
21:53:17.678 [main] DEBUG c.g.d.z.s.o.a.h.client5.http.headers - http-outgoing-3 &gt;&gt; Connection: keep-alive
21:53:17.678 [main] DEBUG c.g.d.z.s.o.a.h.client5.http.headers - http-outgoing-3 &gt;&gt; User-Agent: Apache-HttpClient/5.0.3 (Java/11.0.13)
21:53:17.680 [main] DEBUG c.g.d.z.s.o.a.hc.client5.http.wire - http-outgoing-3 &gt;&gt; &quot;GET /v1.32/containers/8321666f751f7c7d05be71fc2275963d0c8e38f637385481cc2ad563c34c860a/json HTTP/1.1[\r][\n]&quot;
21:53:17.680 [main] DEBUG c.g.d.z.s.o.a.hc.client5.http.wire - http-outgoing-3 &gt;&gt; &quot;accept: application/json[\r][\n]&quot;
21:53:17.680 [main] DEBUG c.g.d.z.s.o.a.hc.client5.http.wire - http-outgoing-3 &gt;&gt; &quot;Accept-Encoding: gzip, x-gzip, deflate[\r][\n]&quot;
21:53:17.680 [main] DEBUG c.g.d.z.s.o.a.hc.client5.http.wire - http-outgoing-3 &gt;&gt; &quot;Host: localhost:2375[\r][\n]&quot;
21:53:17.680 [main] DEBUG c.g.d.z.s.o.a.hc.client5.http.wire - http-outgoing-3 &gt;&gt; &quot;Connection: keep-alive[\r][\n]&quot;
21:53:17.680 [main] DEBUG c.g.d.z.s.o.a.hc.client5.http.wire - http-outgoing-3 &gt;&gt; &quot;User-Agent: Apache-HttpClient/5.0.3 (Java/11.0.13)[\r][\n]&quot;
21:53:17.680 [main] DEBUG c.g.d.z.s.o.a.hc.client5.http.wire - http-outgoing-3 &gt;&gt; &quot;[\r][\n]&quot;
21:53:17.682 [main] DEBUG c.g.d.z.s.o.a.hc.client5.http.wire - http-outgoing-3 &lt;&lt; &quot;HTTP/1.1 200 OK[\r][\n]&quot;
21:53:17.682 [main] DEBUG c.g.d.z.s.o.a.hc.client5.http.wire - http-outgoing-3 &lt;&lt; &quot;Api-Version: 1.41[\r][\n]&quot;
21:53:17.682 [main] DEBUG c.g.d.z.s.o.a.hc.client5.http.wire - http-outgoing-3 &lt;&lt; &quot;Content-Type: application/json[\r][\n]&quot;
21:53:17.688 [main] DEBUG c.g.d.z.s.o.a.hc.client5.http.wire - http-outgoing-3 &lt;&lt; &quot;Docker-Experimental: false[\r][\n]&quot;
21:53:17.688 [main] DEBUG c.g.d.z.s.o.a.hc.client5.http.wire - http-outgoing-3 &lt;&lt; &quot;Ostype: linux[\r][\n]&quot;
21:53:17.688 [main] DEBUG c.g.d.z.s.o.a.hc.client5.http.wire - http-outgoing-3 &lt;&lt; &quot;Server: Docker/20.10.12 (linux)[\r][\n]&quot;
21:53:17.688 [main] DEBUG c.g.d.z.s.o.a.hc.client5.http.wire - http-outgoing-3 &lt;&lt; &quot;Date: Sun, 13 Feb 2022 20:53:17 GMT[\r][\n]&quot;
21:53:17.688 [main] DEBUG c.g.d.z.s.o.a.hc.client5.http.wire - http-outgoing-3 &lt;&lt; &quot;Transfer-Encoding: chunked[\r][\n]&quot;
21:53:17.688 [main] DEBUG c.g.d.z.s.o.a.hc.client5.http.wire - http-outgoing-3 &lt;&lt; &quot;[\r][\n]&quot;
21:53:17.688 [main] DEBUG c.g.d.z.s.o.a.hc.client5.http.wire - http-outgoing-3 &lt;&lt; &quot;145a[\r][\n]&quot;
21:53:17.689 [main] DEBUG c.g.d.z.s.o.a.hc.client5.http.wire - http-outgoing-3 &lt;&lt; &quot;{&quot;Id&quot;:&quot;8321666f751f7c7d05be71fc2275963d0c8e38f637385481cc2ad563c34c860a&quot;,&quot;Created&quot;:&quot;2022-02-13T20:53:16.20401655Z&quot;,&quot;Path&quot;:&quot;java&quot;,&quot;Args&quot;:[&quot;-jar&quot;,&quot;/opt/app/menu-server.jar&quot;,&quot;--server.port=8080&quot;],&quot;State&quot;:{&quot;Status&quot;:&quot;running&quot;,&quot;Running&quot;:true,&quot;Paused&quot;:false,&quot;Restarting&quot;:false,&quot;OOMKilled&quot;:false,&quot;Dead&quot;:false,&quot;Pid&quot;:60687,&quot;ExitCode&quot;:0,&quot;Error&quot;:&quot;&quot;,&quot;StartedAt&quot;:&quot;2022-02-13T20:53:17.660161305Z&quot;,&quot;FinishedAt&quot;:&quot;0001-01-01T00:00:00Z&quot;},&quot;Image&quot;:&quot;sha256:35ab7218180bf82c747ec97428348ff28028aebb6b860f6cff6cd03d1cef9f37&quot;,&quot;ResolvConfPath&quot;:&quot;/var/lib/docker/containers/8321666f751f7c7d05be71fc2275963d0c8e38f637385481cc2ad563c34c860a/resolv.conf&quot;,&quot;HostnamePath&quot;:&quot;/var/lib/docker/containers/8321666f751f7c7d05be71fc2275963d0c8e38f637385481cc2ad563c34c860a/hostname&quot;,&quot;HostsPath&quot;:&quot;/var/lib/docker/containers/8321666f751f7c7d05be71fc2275963d0c8e38f637385481cc2ad563c34c860a/hosts&quot;,&quot;LogPath&quot;:&quot;/var/lib/docker/containers/8321666f751f7c7d05be71fc2275963d0c8e38f637385481cc2ad563c34c860a/8321666f751f7c7d05be71fc2275963d0c8e38f637385481cc2ad563c34c860a-json.log&quot;,&quot;Name&quot;:&quot;/distracted_golick&quot;,&quot;RestartCount&quot;:0,&quot;Driver&quot;:&quot;overlay2&quot;,&quot;Platform&quot;:&quot;linux&quot;,&quot;MountLabel&quot;:&quot;&quot;,&quot;ProcessLabel&quot;:&quot;&quot;,&quot;AppArmorProfile&quot;:&quot;docker-default&quot;,&quot;ExecIDs&quot;:null,&quot;HostConfig&quot;:{&quot;Binds&quot;:[],&quot;ContainerIDFile&quot;:&quot;&quot;,&quot;LogConfig&quot;:{&quot;Type&quot;:&quot;json-file&quot;,&quot;Config&quot;:{}},&quot;NetworkMode&quot;:&quot;default&quot;,&quot;PortBindings&quot;:{&quot;8080/tcp&quot;:[{&quot;HostIp&quot;:&quot;&quot;,&quot;HostPort&quot;:&quot;&quot;}]},&quot;RestartPolicy&quot;:{&quot;Name&quot;:&quot;&quot;,&quot;MaximumRetryCount&quot;:0},&quot;AutoRemove&quot;:false,&quot;VolumeDriver&quot;:&quot;&quot;,&quot;VolumesFrom&quot;:[],&quot;CapAdd&quot;:null,&quot;CapDrop&quot;:null,&quot;CgroupnsMode&quot;:&quot;host&quot;,&quot;Dns&quot;:null,&quot;DnsOptions&quot;:null,&quot;DnsSearch&quot;:null,&quot;ExtraHosts&quot;:[],&quot;GroupAdd&quot;:null,&quot;IpcMode&quot;:&quot;shareable&quot;,&quot;Cgroup&quot;:&quot;&quot;,&quot;Links&quot;:null,&quot;OomScoreAdj&quot;:0,&quot;PidMode&quot;:&quot;&quot;,&quot;Privileged&quot;:false,&quot;PublishAllPorts&quot;:false,&quot;ReadonlyRootfs&quot;:false,&quot;SecurityOpt&quot;:null,&quot;UTSMode&quot;:&quot;&quot;,&quot;UsernsMode&quot;:&quot;&quot;,&quot;ShmSize&quot;:67108864,&quot;Runtime&quot;:&quot;runc&quot;,&quot;ConsoleSize&quot;:[0,0],&quot;Isolation&quot;:&quot;&quot;,&quot;CpuShares&quot;:0,&quot;Memory&quot;:0,&quot;NanoCpus&quot;:0,&quot;CgroupParent&quot;:&quot;&quot;,&quot;BlkioWeight&quot;:0,&quot;BlkioWeightDevice&quot;:null,&quot;BlkioDeviceReadBps&quot;:null,&quot;BlkioDeviceWriteBps&quot;:null,&quot;BlkioDeviceReadIOps&quot;:null,&quot;BlkioDeviceWriteIOps&quot;:null,&quot;CpuPeriod&quot;:0,&quot;CpuQuota&quot;:0,&quot;CpuRealtimePeriod&quot;:0,&quot;CpuRealtimeRuntime&quot;:0,&quot;CpusetCpus&quot;:&quot;&quot;,&quot;CpusetMems&quot;:&quot;&quot;,&quot;Devices&quot;:null,&quot;DeviceCgroupRules&quot;:null,&quot;DeviceRequests&quot;:null,&quot;KernelMemory&quot;:0,&quot;KernelMemoryTCP&quot;:0,&quot;MemoryReservation&quot;:0,&quot;MemorySwap&quot;:0,&quot;MemorySwappiness&quot;:null,&quot;OomKillDisable&quot;:false,&quot;PidsLimit&quot;:null,&quot;Ulimits&quot;:null,&quot;CpuCount&quot;:0,&quot;CpuPercent&quot;:0,&quot;IOMaximumIOps&quot;:0,&quot;IOMaximumBandwidth&quot;:0,&quot;MaskedPaths&quot;:[&quot;/proc/asound&quot;,&quot;/proc/acpi&quot;,&quot;/proc/kcore&quot;,&quot;/proc/keys&quot;,&quot;/proc/latency_stats&quot;,&quot;/proc/timer_list&quot;,&quot;/proc/timer_stats&quot;,&quot;/proc/sched_debug&quot;,&quot;/proc/scsi&quot;,&quot;/sys/firmware&quot;],&quot;ReadonlyPaths&quot;:[&quot;/proc/bus&quot;,&quot;/proc/fs&quot;,&quot;/proc/irq&quot;,&quot;/proc/sys&quot;,&quot;/proc/sysrq-trigger&quot;]},&quot;GraphDriver&quot;:{&quot;Data&quot;:{&quot;LowerDir&quot;:&quot;/var/lib/docker/overlay2/8bfaf9421773321ced6736545c0569ab56b047594f940d2cd9896a5637fb3b38-init/diff:/var/lib/docker/overlay2/b55ba49ce0a253837ca2f311ae89d6e2747163dfca37054daada71ac77a97d88/diff:/var/lib/docker/overlay2/84f1f4ada2daa8441cfcea481c746025190200e4b4e0cdbbc9c2e5de040b4985/diff:/var/lib/docker/overlay2/b6de60f3e8585c90976a17d31a0fe98cfbe4648dea139805da15e886bf52280e/diff&quot;,&quot;MergedDir&quot;:&quot;/var/lib/docker/overlay2/8bfaf9421773321ced6736545c0569ab56b047594f940d2cd9896a5637fb3b38/merged&quot;,&quot;UpperDir&quot;:&quot;/var/lib/docker/overlay2/8bfaf9421773321ced6736545c0569ab56b047594f940d2cd9896a5637fb3b38/diff&quot;,&quot;WorkDir&quot;:&quot;/var/lib/docker/overlay2/8bfaf9421773321ced6736545c0569ab56b047594f940d2cd9896a5637fb3b38/work&quot;},&quot;Name&quot;:&quot;overlay2&quot;},&quot;Mounts&quot;:[],&quot;Config&quot;:{&quot;Hostname&quot;:&quot;8321666f751f&quot;,&quot;Domainname&quot;:&quot;&quot;,&quot;User&quot;:&quot;&quot;,&quot;AttachStdin&quot;:false,&quot;AttachStdout&quot;:false,&quot;AttachStderr&quot;:false,&quot;ExposedPorts&quot;:{&quot;8080/tcp&quot;:{}},&quot;Tty&quot;:false,&quot;OpenStdin&quot;:false,&quot;StdinOnce&quot;:false,&quot;Env&quot;:[&quot;PATH=/usr/local/sbin:/usr/local/bin:/usr/sbin:/usr/bin:/sbin:/bin&quot;,&quot;LANG=en_US.UTF-8&quot;,&quot;LANGUAGE=en_US:en&quot;,&quot;LC_ALL=en_US.UTF-8&quot;,&quot;JAVA_HOME=/usr/lib/jvm/zulu11-ca-amd64&quot;],&quot;Cmd&quot;:[&quot;java&quot;,&quot;-jar&quot;,&quot;/opt/app/menu-server.jar&quot;,&quot;--server.port=8080&quot;],&quot;Image&quot;:&quot;mailysm/menu-server:1.0.0&quot;,&quot;Volumes&quot;:null,&quot;WorkingDir&quot;:&quot;&quot;,&quot;Entrypoint&quot;:null,&quot;OnBuild&quot;:null,&quot;Labels&quot;:{&quot;org.testcontainers&quot;:&quot;true&quot;,&quot;org.testcontainers.sessionId&quot;:&quot;6d71591a-05bc-4505-bca8-a2037877e4d2&quot;}},&quot;NetworkSettings&quot;:{&quot;Bridge&quot;:&quot;&quot;,&quot;SandboxID&quot;:&quot;ed5437008717f524f9ed729d7e047d0cf124a1d19090e5edad00413e6df60997&quot;,&quot;HairpinMode&quot;:false,&quot;LinkLocalIPv6Address&quot;:&quot;&quot;,&quot;LinkLocalIPv6PrefixLen&quot;:0,&quot;Ports&quot;:{&quot;8080/tcp&quot;:[{&quot;HostIp&quot;:&quot;0.0.0.0&quot;,&quot;HostPort&quot;:&quot;49193&quot;},{&quot;HostIp&quot;:&quot;::&quot;,&quot;HostPort&quot;:&quot;49193&quot;}]},&quot;SandboxKey&quot;:&quot;/var/run/docker/netns/ed5437008717&quot;,&quot;SecondaryIPAddresses&quot;:null,&quot;SecondaryIPv6Addresses&quot;:null,&quot;EndpointID&quot;:&quot;5ac0245f5385233f53bbd5f1cd9f70b69e736464dafc4ce83a30bd589669da7f&quot;,&quot;Gateway&quot;:&quot;172.17.0.1&quot;,&quot;GlobalIPv6Address&quot;:&quot;&quot;,&quot;GlobalIPv6PrefixLen&quot;:0,&quot;IPAddress&quot;:&quot;172.17.0.3&quot;,&quot;IPPrefixLen&quot;:16,&quot;IPv6Gateway&quot;:&quot;&quot;,&quot;MacAddress&quot;:&quot;02:42:ac:11:00:03&quot;,&quot;Networks&quot;:{&quot;bridge&quot;:{&quot;IPAMConfig&quot;:null,&quot;Links&quot;:null,&quot;Aliases&quot;:null,&quot;NetworkID&quot;:&quot;7fea8d8f25168661bbec75b303f62f73cfb20a15e4c52abad652a1b1174bf236&quot;,&quot;EndpointID&quot;:&quot;5ac0245f5385233f53bbd5f1cd9f70b69e736464dafc4ce83a30bd589669da7f&quot;,&quot;Gateway&quot;:&quot;172.17.0.1&quot;,&quot;IPAddress&quot;:&quot;172.17.0.3&quot;,&quot;IPPrefixLen&quot;:16,&quot;IPv6Gateway&quot;:&quot;&quot;,&quot;GlobalIPv6Address&quot;:&quot;&quot;,&quot;GlobalIPv6PrefixLen&quot;:0,&quot;MacAddress&quot;:&quot;02:42:ac:11:00:03&quot;,&quot;DriverOpts&quot;:null}}}}[\n]&quot;
21:53:17.693 [main] DEBUG c.g.d.z.s.o.a.hc.client5.http.wire - http-outgoing-3 &lt;&lt; &quot;[\r][\n]&quot;
21:53:17.693 [main] DEBUG c.g.d.z.s.o.a.hc.client5.http.wire - http-outgoing-3 &lt;&lt; &quot;0[\r][\n]&quot;
21:53:17.693 [main] DEBUG c.g.d.z.s.o.a.hc.client5.http.wire - http-outgoing-3 &lt;&lt; &quot;[\r][\n]&quot;
21:53:17.693 [main] DEBUG c.g.d.z.s.o.a.h.client5.http.headers - http-outgoing-3 &lt;&lt; HTTP/1.1 200 OK
21:53:17.706 [main] DEBUG c.g.d.z.s.o.a.h.client5.http.headers - http-outgoing-3 &lt;&lt; Api-Version: 1.41
21:53:17.707 [main] DEBUG c.g.d.z.s.o.a.h.client5.http.headers - http-outgoing-3 &lt;&lt; Content-Type: application/json
21:53:17.707 [main] DEBUG c.g.d.z.s.o.a.h.client5.http.headers - http-outgoing-3 &lt;&lt; Docker-Experimental: false
21:53:17.707 [main] DEBUG c.g.d.z.s.o.a.h.client5.http.headers - http-outgoing-3 &lt;&lt; Ostype: linux
21:53:17.707 [main] DEBUG c.g.d.z.s.o.a.h.client5.http.headers - http-outgoing-3 &lt;&lt; Server: Docker/20.10.12 (linux)
21:53:17.707 [main] DEBUG c.g.d.z.s.o.a.h.client5.http.headers - http-outgoing-3 &lt;&lt; Date: Sun, 13 Feb 2022 20:53:17 GMT
21:53:17.707 [main] DEBUG c.g.d.z.s.o.a.h.client5.http.headers - http-outgoing-3 &lt;&lt; Transfer-Encoding: chunked
21:53:17.707 [main] DEBUG c.g.d.z.s.o.a.h.c.h.i.c.MainClientExec - ex-00000019: connection can be kept alive for 3 MINUTES
21:53:17.716 [main] DEBUG c.g.d.z.s.o.a.h.c.h.i.c.InternalHttpClient - ep-00000018: releasing valid endpoint
21:53:17.722 [main] DEBUG c.g.d.z.s.o.a.h.c.h.i.i.PoolingHttpClientConnectionManager - ep-00000018: releasing endpoint
21:53:17.722 [main] DEBUG c.g.d.z.s.o.a.h.c.h.i.i.PoolingHttpClientConnectionManager - ep-00000018: connection http-outgoing-3 can be kept alive for 3 MINUTES
21:53:17.722 [main] DEBUG c.g.d.z.s.o.a.h.c.h.i.i.PoolingHttpClientConnectionManager - ep-00000018: connection released [route: {}-&gt;unix://localhost:2375][total available: 1; route allocated: 1 of 2147483647; total allocated: 1 of 2147483647]
21:53:17.734 [ducttape-0] DEBUG o.t.s.c.g.d.c.command.AbstrDockerCmd - Cmd: 8321666f751f7c7d05be71fc2275963d0c8e38f637385481cc2ad563c34c860a,false
21:53:17.734 [ducttape-0] DEBUG o.t.s.c.g.d.c.e.InspectContainerCmdExec - GET: DefaultWebTarget{path=[/containers/8321666f751f7c7d05be71fc2275963d0c8e38f637385481cc2ad563c34c860a/json], queryParams={}}
21:53:17.734 [ducttape-0] DEBUG c.g.d.z.s.o.a.h.c.h.i.c.InternalHttpClient - ex-0000001A: preparing request execution
21:53:17.734 [ducttape-0] DEBUG c.g.d.z.s.o.a.h.c.h.p.RequestAddCookies - Cookie spec selected: strict
21:53:17.734 [ducttape-0] DEBUG c.g.d.z.s.o.a.h.c.h.p.RequestAuthCache - Auth cache not set in the context
21:53:17.734 [ducttape-0] DEBUG c.g.d.z.s.o.a.h.c.h.i.c.ProtocolExec - ex-0000001A: target auth state: UNCHALLENGED
21:53:17.734 [ducttape-0] DEBUG c.g.d.z.s.o.a.h.c.h.i.c.ProtocolExec - ex-0000001A: proxy auth state: UNCHALLENGED
21:53:17.734 [ducttape-0] DEBUG c.g.d.z.s.o.a.h.c.h.i.c.ConnectExec - ex-0000001A: acquiring connection with route {}-&gt;unix://localhost:2375
21:53:17.734 [ducttape-0] DEBUG c.g.d.z.s.o.a.h.c.h.i.c.InternalHttpClient - ex-0000001A: acquiring endpoint (3 MINUTES)
21:53:17.735 [ducttape-0] DEBUG c.g.d.z.s.o.a.h.c.h.i.i.PoolingHttpClientConnectionManager - ex-0000001A: endpoint lease request (3 MINUTES) [route: {}-&gt;unix://localhost:2375][total available: 1; route allocated: 1 of 2147483647; total allocated: 1 of 2147483647]
21:53:17.735 [ducttape-0] DEBUG c.g.d.z.s.o.a.h.c.h.i.i.PoolingHttpClientConnectionManager - ex-0000001A: endpoint leased [route: {}-&gt;unix://localhost:2375][total available: 0; route allocated: 1 of 2147483647; total allocated: 1 of 2147483647]
21:53:17.735 [ducttape-0] DEBUG c.g.d.z.s.o.a.h.c.h.i.i.PoolingHttpClientConnectionManager - ex-0000001A: acquired ep-00000019
21:53:17.735 [ducttape-0] DEBUG c.g.d.z.s.o.a.h.c.h.i.c.InternalHttpClient - ex-0000001A: acquired endpoint ep-00000019
21:53:17.735 [ducttape-0] DEBUG c.g.d.z.s.o.a.h.c.h.i.c.MainClientExec - ex-0000001A: executing GET /v1.32/containers/8321666f751f7c7d05be71fc2275963d0c8e38f637385481cc2ad563c34c860a/json HTTP/1.1
21:53:17.735 [ducttape-0] DEBUG c.g.d.z.s.o.a.h.c.h.i.c.InternalHttpClient - ep-00000019: start execution ex-0000001A
21:53:17.735 [ducttape-0] DEBUG c.g.d.z.s.o.a.h.c.h.i.i.PoolingHttpClientConnectionManager - ep-00000019: executing exchange ex-0000001A over http-outgoing-3
21:53:17.735 [ducttape-0] DEBUG c.g.d.z.s.o.a.h.client5.http.headers - http-outgoing-3 &gt;&gt; GET /v1.32/containers/8321666f751f7c7d05be71fc2275963d0c8e38f637385481cc2ad563c34c860a/json HTTP/1.1
21:53:17.735 [ducttape-0] DEBUG c.g.d.z.s.o.a.h.client5.http.headers - http-outgoing-3 &gt;&gt; accept: application/json
21:53:17.735 [ducttape-0] DEBUG c.g.d.z.s.o.a.h.client5.http.headers - http-outgoing-3 &gt;&gt; Accept-Encoding: gzip, x-gzip, deflate
21:53:17.735 [ducttape-0] DEBUG c.g.d.z.s.o.a.h.client5.http.headers - http-outgoing-3 &gt;&gt; Host: localhost:2375
21:53:17.735 [ducttape-0] DEBUG c.g.d.z.s.o.a.h.client5.http.headers - http-outgoing-3 &gt;&gt; Connection: keep-alive
21:53:17.735 [ducttape-0] DEBUG c.g.d.z.s.o.a.h.client5.http.headers - http-outgoing-3 &gt;&gt; User-Agent: Apache-HttpClient/5.0.3 (Java/11.0.13)
21:53:17.735 [ducttape-0] DEBUG c.g.d.z.s.o.a.hc.client5.http.wire - http-outgoing-3 &gt;&gt; &quot;GET /v1.32/containers/8321666f751f7c7d05be71fc2275963d0c8e38f637385481cc2ad563c34c860a/json HTTP/1.1[\r][\n]&quot;
21:53:17.735 [ducttape-0] DEBUG c.g.d.z.s.o.a.hc.client5.http.wire - http-outgoing-3 &gt;&gt; &quot;accept: application/json[\r][\n]&quot;
21:53:17.735 [ducttape-0] DEBUG c.g.d.z.s.o.a.hc.client5.http.wire - http-outgoing-3 &gt;&gt; &quot;Accept-Encoding: gzip, x-gzip, deflate[\r][\n]&quot;
21:53:17.735 [ducttape-0] DEBUG c.g.d.z.s.o.a.hc.client5.http.wire - http-outgoing-3 &gt;&gt; &quot;Host: localhost:2375[\r][\n]&quot;
21:53:17.735 [ducttape-0] DEBUG c.g.d.z.s.o.a.hc.client5.http.wire - http-outgoing-3 &gt;&gt; &quot;Connection: keep-alive[\r][\n]&quot;
21:53:17.735 [ducttape-0] DEBUG c.g.d.z.s.o.a.hc.client5.http.wire - http-outgoing-3 &gt;&gt; &quot;User-Agent: Apache-HttpClient/5.0.3 (Java/11.0.13)[\r][\n]&quot;
21:53:17.735 [ducttape-0] DEBUG c.g.d.z.s.o.a.hc.client5.http.wire - http-outgoing-3 &gt;&gt; &quot;[\r][\n]&quot;
21:53:17.740 [ducttape-0] DEBUG c.g.d.z.s.o.a.hc.client5.http.wire - http-outgoing-3 &lt;&lt; &quot;HTTP/1.1 200 OK[\r][\n]&quot;
21:53:17.740 [ducttape-0] DEBUG c.g.d.z.s.o.a.hc.client5.http.wire - http-outgoing-3 &lt;&lt; &quot;Api-Version: 1.41[\r][\n]&quot;
21:53:17.740 [ducttape-0] DEBUG c.g.d.z.s.o.a.hc.client5.http.wire - http-outgoing-3 &lt;&lt; &quot;Content-Type: application/json[\r][\n]&quot;
21:53:17.740 [ducttape-0] DEBUG c.g.d.z.s.o.a.hc.client5.http.wire - http-outgoing-3 &lt;&lt; &quot;Docker-Experimental: false[\r][\n]&quot;
21:53:17.744 [ducttape-0] DEBUG c.g.d.z.s.o.a.hc.client5.http.wire - http-outgoing-3 &lt;&lt; &quot;Ostype: linux[\r][\n]&quot;
21:53:17.744 [ducttape-0] DEBUG c.g.d.z.s.o.a.hc.client5.http.wire - http-outgoing-3 &lt;&lt; &quot;Server: Docker/20.10.12 (linux)[\r][\n]&quot;
21:53:17.745 [ducttape-0] DEBUG c.g.d.z.s.o.a.hc.client5.http.wire - http-outgoing-3 &lt;&lt; &quot;Date: Sun, 13 Feb 2022 20:53:17 GMT[\r][\n]&quot;
21:53:17.746 [ducttape-0] DEBUG c.g.d.z.s.o.a.hc.client5.http.wire - http-outgoing-3 &lt;&lt; &quot;Transfer-Encoding: chunked[\r][\n]&quot;
21:53:17.746 [ducttape-0] DEBUG c.g.d.z.s.o.a.hc.client5.http.wire - http-outgoing-3 &lt;&lt; &quot;[\r][\n]&quot;
21:53:17.746 [ducttape-0] DEBUG c.g.d.z.s.o.a.hc.client5.http.wire - http-outgoing-3 &lt;&lt; &quot;145a[\r][\n]&quot;
21:53:17.746 [ducttape-0] DEBUG c.g.d.z.s.o.a.hc.client5.http.wire - http-outgoing-3 &lt;&lt; &quot;{&quot;Id&quot;:&quot;8321666f751f7c7d05be71fc2275963d0c8e38f637385481cc2ad563c34c860a&quot;,&quot;Created&quot;:&quot;2022-02-13T20:53:16.20401655Z&quot;,&quot;Path&quot;:&quot;java&quot;,&quot;Args&quot;:[&quot;-jar&quot;,&quot;/opt/app/menu-server.jar&quot;,&quot;--server.port=8080&quot;],&quot;State&quot;:{&quot;Status&quot;:&quot;running&quot;,&quot;Running&quot;:true,&quot;Paused&quot;:false,&quot;Restarting&quot;:false,&quot;OOMKilled&quot;:false,&quot;Dead&quot;:false,&quot;Pid&quot;:60687,&quot;ExitCode&quot;:0,&quot;Error&quot;:&quot;&quot;,&quot;StartedAt&quot;:&quot;2022-02-13T20:53:17.660161305Z&quot;,&quot;FinishedAt&quot;:&quot;0001-01-01T00:00:00Z&quot;},&quot;Image&quot;:&quot;sha256:35ab7218180bf82c747ec97428348ff28028aebb6b860f6cff6cd03d1cef9f37&quot;,&quot;ResolvConfPath&quot;:&quot;/var/lib/docker/containers/8321666f751f7c7d05be71fc2275963d0c8e38f637385481cc2ad563c34c860a/resolv.conf&quot;,&quot;HostnamePath&quot;:&quot;/var/lib/docker/containers/8321666f751f7c7d05be71fc2275963d0c8e38f637385481cc2ad563c34c860a/hostname&quot;,&quot;HostsPath&quot;:&quot;/var/lib/docker/containers/8321666f751f7c7d05be71fc2275963d0c8e38f637385481cc2ad563c34c860a/hosts&quot;,&quot;LogPath&quot;:&quot;/var/lib/docker/containers/8321666f751f7c7d05be71fc2275963d0c8e38f637385481cc2ad563c34c860a/8321666f751f7c7d05be71fc2275963d0c8e38f637385481cc2ad563c34c860a-json.log&quot;,&quot;Name&quot;:&quot;/distracted_golick&quot;,&quot;RestartCount&quot;:0,&quot;Driver&quot;:&quot;overlay2&quot;,&quot;Platform&quot;:&quot;linux&quot;,&quot;MountLabel&quot;:&quot;&quot;,&quot;ProcessLabel&quot;:&quot;&quot;,&quot;AppArmorProfile&quot;:&quot;docker-default&quot;,&quot;ExecIDs&quot;:null,&quot;HostConfig&quot;:{&quot;Binds&quot;:[],&quot;ContainerIDFile&quot;:&quot;&quot;,&quot;LogConfig&quot;:{&quot;Type&quot;:&quot;json-file&quot;,&quot;Config&quot;:{}},&quot;NetworkMode&quot;:&quot;default&quot;,&quot;PortBindings&quot;:{&quot;8080/tcp&quot;:[{&quot;HostIp&quot;:&quot;&quot;,&quot;HostPort&quot;:&quot;&quot;}]},&quot;RestartPolicy&quot;:{&quot;Name&quot;:&quot;&quot;,&quot;MaximumRetryCount&quot;:0},&quot;AutoRemove&quot;:false,&quot;VolumeDriver&quot;:&quot;&quot;,&quot;VolumesFrom&quot;:[],&quot;CapAdd&quot;:null,&quot;CapDrop&quot;:null,&quot;CgroupnsMode&quot;:&quot;host&quot;,&quot;Dns&quot;:null,&quot;DnsOptions&quot;:null,&quot;DnsSearch&quot;:null,&quot;ExtraHosts&quot;:[],&quot;GroupAdd&quot;:null,&quot;IpcMode&quot;:&quot;shareable&quot;,&quot;Cgroup&quot;:&quot;&quot;,&quot;Links&quot;:null,&quot;OomScoreAdj&quot;:0,&quot;PidMode&quot;:&quot;&quot;,&quot;Privileged&quot;:false,&quot;PublishAllPorts&quot;:false,&quot;ReadonlyRootfs&quot;:false,&quot;SecurityOpt&quot;:null,&quot;UTSMode&quot;:&quot;&quot;,&quot;UsernsMode&quot;:&quot;&quot;,&quot;ShmSize&quot;:67108864,&quot;Runtime&quot;:&quot;runc&quot;,&quot;ConsoleSize&quot;:[0,0],&quot;Isolation&quot;:&quot;&quot;,&quot;CpuShares&quot;:0,&quot;Memory&quot;:0,&quot;NanoCpus&quot;:0,&quot;CgroupParent&quot;:&quot;&quot;,&quot;BlkioWeight&quot;:0,&quot;BlkioWeightDevice&quot;:null,&quot;BlkioDeviceReadBps&quot;:null,&quot;BlkioDeviceWriteBps&quot;:null,&quot;BlkioDeviceReadIOps&quot;:null,&quot;BlkioDeviceWriteIOps&quot;:null,&quot;CpuPeriod&quot;:0,&quot;CpuQuota&quot;:0,&quot;CpuRealtimePeriod&quot;:0,&quot;CpuRealtimeRuntime&quot;:0,&quot;CpusetCpus&quot;:&quot;&quot;,&quot;CpusetMems&quot;:&quot;&quot;,&quot;Devices&quot;:null,&quot;DeviceCgroupRules&quot;:null,&quot;DeviceRequests&quot;:null,&quot;KernelMemory&quot;:0,&quot;KernelMemoryTCP&quot;:0,&quot;MemoryReservation&quot;:0,&quot;MemorySwap&quot;:0,&quot;MemorySwappiness&quot;:null,&quot;OomKillDisable&quot;:false,&quot;PidsLimit&quot;:null,&quot;Ulimits&quot;:null,&quot;CpuCount&quot;:0,&quot;CpuPercent&quot;:0,&quot;IOMaximumIOps&quot;:0,&quot;IOMaximumBandwidth&quot;:0,&quot;MaskedPaths&quot;:[&quot;/proc/asound&quot;,&quot;/proc/acpi&quot;,&quot;/proc/kcore&quot;,&quot;/proc/keys&quot;,&quot;/proc/latency_stats&quot;,&quot;/proc/timer_list&quot;,&quot;/proc/timer_stats&quot;,&quot;/proc/sched_debug&quot;,&quot;/proc/scsi&quot;,&quot;/sys/firmware&quot;],&quot;ReadonlyPaths&quot;:[&quot;/proc/bus&quot;,&quot;/proc/fs&quot;,&quot;/proc/irq&quot;,&quot;/proc/sys&quot;,&quot;/proc/sysrq-trigger&quot;]},&quot;GraphDriver&quot;:{&quot;Data&quot;:{&quot;LowerDir&quot;:&quot;/var/lib/docker/overlay2/8bfaf9421773321ced6736545c0569ab56b047594f940d2cd9896a5637fb3b38-init/diff:/var/lib/docker/overlay2/b55ba49ce0a253837ca2f311ae89d6e2747163dfca37054daada71ac77a97d88/diff:/var/lib/docker/overlay2/84f1f4ada2daa8441cfcea481c746025190200e4b4e0cdbbc9c2e5de040b4985/diff:/var/lib/docker/overlay2/b6de60f3e8585c90976a17d31a0fe98cfbe4648dea139805da15e886bf52280e/diff&quot;,&quot;MergedDir&quot;:&quot;/var/lib/docker/overlay2/8bfaf9421773321ced6736545c0569ab56b047594f940d2cd9896a5637fb3b38/merged&quot;,&quot;UpperDir&quot;:&quot;/var/lib/docker/overlay2/8bfaf9421773321ced6736545c0569ab56b047594f940d2cd9896a5637fb3b38/diff&quot;,&quot;WorkDir&quot;:&quot;/var/lib/docker/overlay2/8bfaf9421773321ced6736545c0569ab56b047594f940d2cd9896a5637fb3b38/work&quot;},&quot;Name&quot;:&quot;overlay2&quot;},&quot;Mounts&quot;:[],&quot;Config&quot;:{&quot;Hostname&quot;:&quot;8321666f751f&quot;,&quot;Domainname&quot;:&quot;&quot;,&quot;User&quot;:&quot;&quot;,&quot;AttachStdin&quot;:false,&quot;AttachStdout&quot;:false,&quot;AttachStderr&quot;:false,&quot;ExposedPorts&quot;:{&quot;8080/tcp&quot;:{}},&quot;Tty&quot;:false,&quot;OpenStdin&quot;:false,&quot;StdinOnce&quot;:false,&quot;Env&quot;:[&quot;PATH=/usr/local/sbin:/usr/local/bin:/usr/sbin:/usr/bin:/sbin:/bin&quot;,&quot;LANG=en_US.UTF-8&quot;,&quot;LANGUAGE=en_US:en&quot;,&quot;LC_ALL=en_US.UTF-8&quot;,&quot;JAVA_HOME=/usr/lib/jvm/zulu11-ca-amd64&quot;],&quot;Cmd&quot;:[&quot;java&quot;,&quot;-jar&quot;,&quot;/opt/app/menu-server.jar&quot;,&quot;--server.port=8080&quot;],&quot;Image&quot;:&quot;mailysm/menu-server:1.0.0&quot;,&quot;Volumes&quot;:null,&quot;WorkingDir&quot;:&quot;&quot;,&quot;Entrypoint&quot;:null,&quot;OnBuild&quot;:null,&quot;Labels&quot;:{&quot;org.testcontainers&quot;:&quot;true&quot;,&quot;org.testcontainers.sessionId&quot;:&quot;6d71591a-05bc-4505-bca8-a2037877e4d2&quot;}},&quot;NetworkSettings&quot;:{&quot;Bridge&quot;:&quot;&quot;,&quot;SandboxID&quot;:&quot;ed5437008717f524f9ed729d7e047d0cf124a1d19090e5edad00413e6df60997&quot;,&quot;HairpinMode&quot;:false,&quot;LinkLocalIPv6Address&quot;:&quot;&quot;,&quot;LinkLocalIPv6PrefixLen&quot;:0,&quot;Ports&quot;:{&quot;8080/tcp&quot;:[{&quot;HostIp&quot;:&quot;0.0.0.0&quot;,&quot;HostPort&quot;:&quot;49193&quot;},{&quot;HostIp&quot;:&quot;::&quot;,&quot;HostPort&quot;:&quot;49193&quot;}]},&quot;SandboxKey&quot;:&quot;/var/run/docker/netns/ed5437008717&quot;,&quot;SecondaryIPAddresses&quot;:null,&quot;SecondaryIPv6Addresses&quot;:null,&quot;EndpointID&quot;:&quot;5ac0245f5385233f53bbd5f1cd9f70b69e736464dafc4ce83a30bd589669da7f&quot;,&quot;Gateway&quot;:&quot;172.17.0.1&quot;,&quot;GlobalIPv6Address&quot;:&quot;&quot;,&quot;GlobalIPv6PrefixLen&quot;:0,&quot;IPAddress&quot;:&quot;172.17.0.3&quot;,&quot;IPPrefixLen&quot;:16,&quot;IPv6Gateway&quot;:&quot;&quot;,&quot;MacAddress&quot;:&quot;02:42:ac:11:00:03&quot;,&quot;Networks&quot;:{&quot;bridge&quot;:{&quot;IPAMConfig&quot;:null,&quot;Links&quot;:null,&quot;Aliases&quot;:null,&quot;NetworkID&quot;:&quot;7fea8d8f25168661bbec75b303f62f73cfb20a15e4c52abad652a1b1174bf236&quot;,&quot;EndpointID&quot;:&quot;5ac0245f5385233f53bbd5f1cd9f70b69e736464dafc4ce83a30bd589669da7f&quot;,&quot;Gateway&quot;:&quot;172.17.0.1&quot;,&quot;IPAddress&quot;:&quot;172.17.0.3&quot;,&quot;IPPrefixLen&quot;:16,&quot;IPv6Gateway&quot;:&quot;&quot;,&quot;GlobalIPv6Address&quot;:&quot;&quot;,&quot;GlobalIPv6PrefixLen&quot;:0,&quot;MacAddress&quot;:&quot;02:42:ac:11:00:03&quot;,&quot;DriverOpts&quot;:null}}}}[\n]&quot;
21:53:17.746 [ducttape-0] DEBUG c.g.d.z.s.o.a.hc.client5.http.wire - http-outgoing-3 &lt;&lt; &quot;[\r][\n]&quot;
21:53:17.746 [ducttape-0] DEBUG c.g.d.z.s.o.a.hc.client5.http.wire - http-outgoing-3 &lt;&lt; &quot;0[\r][\n]&quot;
21:53:17.746 [ducttape-0] DEBUG c.g.d.z.s.o.a.hc.client5.http.wire - http-outgoing-3 &lt;&lt; &quot;[\r][\n]&quot;
21:53:17.747 [ducttape-0] DEBUG c.g.d.z.s.o.a.h.client5.http.headers - http-outgoing-3 &lt;&lt; HTTP/1.1 200 OK
21:53:17.747 [ducttape-0] DEBUG c.g.d.z.s.o.a.h.client5.http.headers - http-outgoing-3 &lt;&lt; Api-Version: 1.41
21:53:17.747 [ducttape-0] DEBUG c.g.d.z.s.o.a.h.client5.http.headers - http-outgoing-3 &lt;&lt; Content-Type: application/json
21:53:17.747 [ducttape-0] DEBUG c.g.d.z.s.o.a.h.client5.http.headers - http-outgoing-3 &lt;&lt; Docker-Experimental: false
21:53:17.747 [ducttape-0] DEBUG c.g.d.z.s.o.a.h.client5.http.headers - http-outgoing-3 &lt;&lt; Ostype: linux
21:53:17.747 [ducttape-0] DEBUG c.g.d.z.s.o.a.h.client5.http.headers - http-outgoing-3 &lt;&lt; Server: Docker/20.10.12 (linux)
21:53:17.748 [ducttape-0] DEBUG c.g.d.z.s.o.a.h.client5.http.headers - http-outgoing-3 &lt;&lt; Date: Sun, 13 Feb 2022 20:53:17 GMT
21:53:17.748 [ducttape-0] DEBUG c.g.d.z.s.o.a.h.client5.http.headers - http-outgoing-3 &lt;&lt; Transfer-Encoding: chunked
21:53:17.748 [ducttape-0] DEBUG c.g.d.z.s.o.a.h.c.h.i.c.MainClientExec - ex-0000001A: connection can be kept alive for 3 MINUTES
21:53:17.788 [ducttape-0] DEBUG c.g.d.z.s.o.a.h.c.h.i.c.InternalHttpClient - ep-00000019: releasing valid endpoint
21:53:17.796 [ducttape-0] DEBUG c.g.d.z.s.o.a.h.c.h.i.i.PoolingHttpClientConnectionManager - ep-00000019: releasing endpoint
21:53:17.796 [ducttape-0] DEBUG c.g.d.z.s.o.a.h.c.h.i.i.PoolingHttpClientConnectionManager - ep-00000019: connection http-outgoing-3 can be kept alive for 3 MINUTES
21:53:17.798 [ducttape-0] DEBUG c.g.d.z.s.o.a.h.c.h.i.i.PoolingHttpClientConnectionManager - ep-00000019: connection released [route: {}-&gt;unix://localhost:2375][total available: 1; route allocated: 1 of 2147483647; total allocated: 1 of 2147483647]
21:53:17.799 [testcontainers-wait-0] DEBUG o.t.c.ExecInContainerPattern - /distracted_golick: Running &quot;exec&quot; command: /bin/sh -c while true; do ( true  &amp;&amp;  (grep -i &apos;:0*1f90&apos; /proc/net/tcp* || nc -vz -w 1 localhost 8080 || /bin/bash -c &apos;&lt;/dev/tcp/localhost/8080&apos;) ) &amp;&amp; exit 0 || sleep 0.1; done
21:53:17.799 [testcontainers-wait-0] DEBUG o.t.s.c.g.d.c.command.AbstrDockerCmd - Cmd: 8321666f751f7c7d05be71fc2275963d0c8e38f637385481cc2ad563c34c860a,&lt;null&gt;,true,true,&lt;null&gt;,&lt;null&gt;,&lt;null&gt;,{/bin/sh,-c,while true; do ( true  &amp;&amp;  (grep -i &apos;:0*1f90&apos; /proc/net/tcp* || nc -vz -w 1 localhost 8080 || /bin/bash -c &apos;&lt;/dev/tcp/localhost/8080&apos;) ) &amp;&amp; exit 0 || sleep 0.1; done},&lt;null&gt;,&lt;null&gt;
21:53:17.799 [testcontainers-wait-0] DEBUG c.g.d.z.s.o.a.h.c.h.i.c.InternalHttpClient - ex-0000001B: preparing request execution
21:53:17.804 [testcontainers-wait-1] DEBUG o.t.c.w.s.HostPortWaitStrategy - External port check passed for [8080] mapped as [49193] in PT0.001166S
21:53:17.804 [testcontainers-wait-0] DEBUG c.g.d.z.s.o.a.h.c.h.p.RequestAddCookies - Cookie spec selected: strict
21:53:17.806 [testcontainers-wait-0] DEBUG c.g.d.z.s.o.a.h.c.h.p.RequestAuthCache - Auth cache not set in the context
21:53:17.808 [testcontainers-wait-0] DEBUG c.g.d.z.s.o.a.h.c.h.i.c.ProtocolExec - ex-0000001B: target auth state: UNCHALLENGED
21:53:17.808 [testcontainers-wait-0] DEBUG c.g.d.z.s.o.a.h.c.h.i.c.ProtocolExec - ex-0000001B: proxy auth state: UNCHALLENGED
21:53:17.808 [testcontainers-wait-0] DEBUG c.g.d.z.s.o.a.h.c.h.i.c.ConnectExec - ex-0000001B: acquiring connection with route {}-&gt;unix://localhost:2375
21:53:17.808 [testcontainers-wait-0] DEBUG c.g.d.z.s.o.a.h.c.h.i.c.InternalHttpClient - ex-0000001B: acquiring endpoint (3 MINUTES)
21:53:17.808 [testcontainers-wait-0] DEBUG c.g.d.z.s.o.a.h.c.h.i.i.PoolingHttpClientConnectionManager - ex-0000001B: endpoint lease request (3 MINUTES) [route: {}-&gt;unix://localhost:2375][total available: 1; route allocated: 1 of 2147483647; total allocated: 1 of 2147483647]
21:53:17.809 [testcontainers-wait-0] DEBUG c.g.d.z.s.o.a.h.c.h.i.i.PoolingHttpClientConnectionManager - ex-0000001B: endpoint leased [route: {}-&gt;unix://localhost:2375][total available: 0; route allocated: 1 of 2147483647; total allocated: 1 of 2147483647]
21:53:17.809 [testcontainers-wait-0] DEBUG c.g.d.z.s.o.a.h.c.h.i.i.PoolingHttpClientConnectionManager - ex-0000001B: acquired ep-0000001A
21:53:17.809 [testcontainers-wait-0] DEBUG c.g.d.z.s.o.a.h.c.h.i.c.InternalHttpClient - ex-0000001B: acquired endpoint ep-0000001A
21:53:17.810 [testcontainers-wait-0] DEBUG c.g.d.z.s.o.a.h.c.h.i.c.MainClientExec - ex-0000001B: executing POST /v1.32/containers/8321666f751f7c7d05be71fc2275963d0c8e38f637385481cc2ad563c34c860a/exec HTTP/1.1
21:53:17.810 [testcontainers-wait-0] DEBUG c.g.d.z.s.o.a.h.c.h.i.c.InternalHttpClient - ep-0000001A: start execution ex-0000001B
21:53:17.810 [testcontainers-wait-0] DEBUG c.g.d.z.s.o.a.h.c.h.i.i.PoolingHttpClientConnectionManager - ep-0000001A: executing exchange ex-0000001B over http-outgoing-3
21:53:17.811 [testcontainers-wait-0] DEBUG c.g.d.z.s.o.a.h.client5.http.headers - http-outgoing-3 &gt;&gt; POST /v1.32/containers/8321666f751f7c7d05be71fc2275963d0c8e38f637385481cc2ad563c34c860a/exec HTTP/1.1
21:53:17.811 [testcontainers-wait-0] DEBUG c.g.d.z.s.o.a.h.client5.http.headers - http-outgoing-3 &gt;&gt; accept: application/json
21:53:17.811 [testcontainers-wait-0] DEBUG c.g.d.z.s.o.a.h.client5.http.headers - http-outgoing-3 &gt;&gt; content-type: application/json
21:53:17.811 [testcontainers-wait-0] DEBUG c.g.d.z.s.o.a.h.client5.http.headers - http-outgoing-3 &gt;&gt; Accept-Encoding: gzip, x-gzip, deflate
21:53:17.811 [testcontainers-wait-0] DEBUG c.g.d.z.s.o.a.h.client5.http.headers - http-outgoing-3 &gt;&gt; Content-Length: 402
21:53:17.811 [testcontainers-wait-0] DEBUG c.g.d.z.s.o.a.h.client5.http.headers - http-outgoing-3 &gt;&gt; Host: localhost:2375
21:53:17.811 [testcontainers-wait-0] DEBUG c.g.d.z.s.o.a.h.client5.http.headers - http-outgoing-3 &gt;&gt; Connection: keep-alive
21:53:17.811 [testcontainers-wait-0] DEBUG c.g.d.z.s.o.a.h.client5.http.headers - http-outgoing-3 &gt;&gt; User-Agent: Apache-HttpClient/5.0.3 (Java/11.0.13)
21:53:17.811 [testcontainers-wait-0] DEBUG c.g.d.z.s.o.a.hc.client5.http.wire - http-outgoing-3 &gt;&gt; &quot;POST /v1.32/containers/8321666f751f7c7d05be71fc2275963d0c8e38f637385481cc2ad563c34c860a/exec HTTP/1.1[\r][\n]&quot;
21:53:17.811 [testcontainers-wait-0] DEBUG c.g.d.z.s.o.a.hc.client5.http.wire - http-outgoing-3 &gt;&gt; &quot;accept: application/json[\r][\n]&quot;
21:53:17.812 [testcontainers-wait-0] DEBUG c.g.d.z.s.o.a.hc.client5.http.wire - http-outgoing-3 &gt;&gt; &quot;content-type: application/json[\r][\n]&quot;
21:53:17.812 [testcontainers-wait-0] DEBUG c.g.d.z.s.o.a.hc.client5.http.wire - http-outgoing-3 &gt;&gt; &quot;Accept-Encoding: gzip, x-gzip, deflate[\r][\n]&quot;
21:53:17.816 [testcontainers-wait-0] DEBUG c.g.d.z.s.o.a.hc.client5.http.wire - http-outgoing-3 &gt;&gt; &quot;Content-Length: 402[\r][\n]&quot;
21:53:17.816 [testcontainers-wait-0] DEBUG c.g.d.z.s.o.a.hc.client5.http.wire - http-outgoing-3 &gt;&gt; &quot;Host: localhost:2375[\r][\n]&quot;
21:53:17.817 [testcontainers-wait-0] DEBUG c.g.d.z.s.o.a.hc.client5.http.wire - http-outgoing-3 &gt;&gt; &quot;Connection: keep-alive[\r][\n]&quot;
21:53:17.817 [testcontainers-wait-0] DEBUG c.g.d.z.s.o.a.hc.client5.http.wire - http-outgoing-3 &gt;&gt; &quot;User-Agent: Apache-HttpClient/5.0.3 (Java/11.0.13)[\r][\n]&quot;
21:53:17.817 [testcontainers-wait-0] DEBUG c.g.d.z.s.o.a.hc.client5.http.wire - http-outgoing-3 &gt;&gt; &quot;[\r][\n]&quot;
21:53:17.817 [testcontainers-wait-0] DEBUG c.g.d.z.s.o.a.hc.client5.http.wire - http-outgoing-3 &gt;&gt; &quot;{&quot;containerId&quot;:&quot;8321666f751f7c7d05be71fc2275963d0c8e38f637385481cc2ad563c34c860a&quot;,&quot;AttachStdin&quot;:null,&quot;AttachStdout&quot;:true,&quot;AttachStderr&quot;:true,&quot;Tty&quot;:null,&quot;Privileged&quot;:null,&quot;User&quot;:null,&quot;Cmd&quot;:[&quot;/bin/sh&quot;,&quot;-c&quot;,&quot;while true; do ( true  &amp;&amp;  (grep -i &apos;:0*1f90&apos; /proc/net/tcp* || nc -vz -w 1 localhost 8080 || /bin/bash -c &apos;&lt;/dev/tcp/localhost/8080&apos;) ) &amp;&amp; exit 0 || sleep 0.1; done&quot;],&quot;Env&quot;:null,&quot;WorkingDir&quot;:null}&quot;
21:53:17.818 [testcontainers-wait-0] DEBUG c.g.d.z.s.o.a.hc.client5.http.wire - http-outgoing-3 &lt;&lt; &quot;HTTP/1.1 201 Created[\r][\n]&quot;
21:53:17.818 [testcontainers-wait-0] DEBUG c.g.d.z.s.o.a.hc.client5.http.wire - http-outgoing-3 &lt;&lt; &quot;Api-Version: 1.41[\r][\n]&quot;
21:53:17.818 [testcontainers-wait-0] DEBUG c.g.d.z.s.o.a.hc.client5.http.wire - http-outgoing-3 &lt;&lt; &quot;Content-Type: application/json[\r][\n]&quot;
21:53:17.818 [testcontainers-wait-0] DEBUG c.g.d.z.s.o.a.hc.client5.http.wire - http-outgoing-3 &lt;&lt; &quot;Docker-Experimental: false[\r][\n]&quot;
21:53:17.819 [testcontainers-wait-0] DEBUG c.g.d.z.s.o.a.hc.client5.http.wire - http-outgoing-3 &lt;&lt; &quot;Ostype: linux[\r][\n]&quot;
21:53:17.819 [testcontainers-wait-0] DEBUG c.g.d.z.s.o.a.hc.client5.http.wire - http-outgoing-3 &lt;&lt; &quot;Server: Docker/20.10.12 (linux)[\r][\n]&quot;
21:53:17.819 [testcontainers-wait-0] DEBUG c.g.d.z.s.o.a.hc.client5.http.wire - http-outgoing-3 &lt;&lt; &quot;Date: Sun, 13 Feb 2022 20:53:17 GMT[\r][\n]&quot;
21:53:17.820 [testcontainers-wait-0] DEBUG c.g.d.z.s.o.a.hc.client5.http.wire - http-outgoing-3 &lt;&lt; &quot;Content-Length: 74[\r][\n]&quot;
21:53:17.820 [testcontainers-wait-0] DEBUG c.g.d.z.s.o.a.hc.client5.http.wire - http-outgoing-3 &lt;&lt; &quot;[\r][\n]&quot;
21:53:17.820 [testcontainers-wait-0] DEBUG c.g.d.z.s.o.a.hc.client5.http.wire - http-outgoing-3 &lt;&lt; &quot;{&quot;Id&quot;:&quot;691e4743a3197ad003d38647ad53f19120af05d7cf053e6dff602c3a563ab626&quot;}[\n]&quot;
21:53:17.820 [testcontainers-wait-0] DEBUG c.g.d.z.s.o.a.h.client5.http.headers - http-outgoing-3 &lt;&lt; HTTP/1.1 201 Created
21:53:17.823 [testcontainers-wait-0] DEBUG c.g.d.z.s.o.a.h.client5.http.headers - http-outgoing-3 &lt;&lt; Api-Version: 1.41
21:53:17.823 [testcontainers-wait-0] DEBUG c.g.d.z.s.o.a.h.client5.http.headers - http-outgoing-3 &lt;&lt; Content-Type: application/json
21:53:17.823 [testcontainers-wait-0] DEBUG c.g.d.z.s.o.a.h.client5.http.headers - http-outgoing-3 &lt;&lt; Docker-Experimental: false
21:53:17.823 [testcontainers-wait-0] DEBUG c.g.d.z.s.o.a.h.client5.http.headers - http-outgoing-3 &lt;&lt; Ostype: linux
21:53:17.823 [testcontainers-wait-0] DEBUG c.g.d.z.s.o.a.h.client5.http.headers - http-outgoing-3 &lt;&lt; Server: Docker/20.10.12 (linux)
21:53:17.823 [testcontainers-wait-0] DEBUG c.g.d.z.s.o.a.h.client5.http.headers - http-outgoing-3 &lt;&lt; Date: Sun, 13 Feb 2022 20:53:17 GMT
21:53:17.823 [testcontainers-wait-0] DEBUG c.g.d.z.s.o.a.h.client5.http.headers - http-outgoing-3 &lt;&lt; Content-Length: 74
21:53:17.829 [testcontainers-wait-0] DEBUG c.g.d.z.s.o.a.h.c.h.i.c.MainClientExec - ex-0000001B: connection can be kept alive for 3 MINUTES
21:53:17.829 [testcontainers-wait-0] DEBUG c.g.d.z.s.o.a.h.c.h.i.c.InternalHttpClient - ep-0000001A: releasing valid endpoint
21:53:17.829 [testcontainers-wait-0] DEBUG c.g.d.z.s.o.a.h.c.h.i.i.PoolingHttpClientConnectionManager - ep-0000001A: releasing endpoint
21:53:17.832 [testcontainers-wait-0] DEBUG c.g.d.z.s.o.a.h.c.h.i.i.PoolingHttpClientConnectionManager - ep-0000001A: connection http-outgoing-3 can be kept alive for 3 MINUTES
21:53:17.836 [testcontainers-wait-0] DEBUG c.g.d.z.s.o.a.h.c.h.i.i.PoolingHttpClientConnectionManager - ep-0000001A: connection released [route: {}-&gt;unix://localhost:2375][total available: 1; route allocated: 1 of 2147483647; total allocated: 1 of 2147483647]
21:53:17.858 [docker-java-stream--1317766102] DEBUG c.g.d.z.s.o.a.h.c.h.i.c.InternalHttpClient - ex-0000001C: preparing request execution
21:53:17.858 [docker-java-stream--1317766102] DEBUG c.g.d.z.s.o.a.h.c.h.p.RequestAddCookies - Cookie spec selected: strict
21:53:17.861 [docker-java-stream--1317766102] DEBUG c.g.d.z.s.o.a.h.c.h.p.RequestAuthCache - Auth cache not set in the context
21:53:17.861 [docker-java-stream--1317766102] DEBUG c.g.d.z.s.o.a.h.c.h.i.c.ProtocolExec - ex-0000001C: target auth state: UNCHALLENGED
21:53:17.861 [docker-java-stream--1317766102] DEBUG c.g.d.z.s.o.a.h.c.h.i.c.ProtocolExec - ex-0000001C: proxy auth state: UNCHALLENGED
21:53:17.861 [docker-java-stream--1317766102] DEBUG c.g.d.z.s.o.a.h.c.h.i.c.ConnectExec - ex-0000001C: acquiring connection with route {}-&gt;unix://localhost:2375
21:53:17.863 [docker-java-stream--1317766102] DEBUG c.g.d.z.s.o.a.h.c.h.i.c.InternalHttpClient - ex-0000001C: acquiring endpoint (3 MINUTES)
21:53:17.869 [docker-java-stream--1317766102] DEBUG c.g.d.z.s.o.a.h.c.h.i.i.PoolingHttpClientConnectionManager - ex-0000001C: endpoint lease request (3 MINUTES) [route: {}-&gt;unix://localhost:2375][total available: 1; route allocated: 1 of 2147483647; total allocated: 1 of 2147483647]
21:53:17.872 [docker-java-stream--1317766102] DEBUG c.g.d.z.s.o.a.h.c.h.i.i.PoolingHttpClientConnectionManager - ex-0000001C: endpoint leased [route: {}-&gt;unix://localhost:2375][total available: 0; route allocated: 1 of 2147483647; total allocated: 1 of 2147483647]
21:53:17.872 [docker-java-stream--1317766102] DEBUG c.g.d.z.s.o.a.h.c.h.i.i.PoolingHttpClientConnectionManager - ex-0000001C: acquired ep-0000001B
21:53:17.876 [docker-java-stream--1317766102] DEBUG c.g.d.z.s.o.a.h.c.h.i.c.InternalHttpClient - ex-0000001C: acquired endpoint ep-0000001B
21:53:17.876 [docker-java-stream--1317766102] DEBUG c.g.d.z.s.o.a.h.c.h.i.c.MainClientExec - ex-0000001C: executing POST /v1.32/exec/691e4743a3197ad003d38647ad53f19120af05d7cf053e6dff602c3a563ab626/start HTTP/1.1
21:53:17.878 [docker-java-stream--1317766102] DEBUG c.g.d.z.s.o.a.h.c.h.i.c.InternalHttpClient - ep-0000001B: start execution ex-0000001C
21:53:17.878 [docker-java-stream--1317766102] DEBUG c.g.d.z.s.o.a.h.c.h.i.i.PoolingHttpClientConnectionManager - ep-0000001B: executing exchange ex-0000001C over http-outgoing-3
21:53:17.879 [docker-java-stream--1317766102] DEBUG c.g.d.z.s.o.a.h.client5.http.headers - http-outgoing-3 &gt;&gt; POST /v1.32/exec/691e4743a3197ad003d38647ad53f19120af05d7cf053e6dff602c3a563ab626/start HTTP/1.1
21:53:17.881 [docker-java-stream--1317766102] DEBUG c.g.d.z.s.o.a.h.client5.http.headers - http-outgoing-3 &gt;&gt; accept: application/json
21:53:17.881 [docker-java-stream--1317766102] DEBUG c.g.d.z.s.o.a.h.client5.http.headers - http-outgoing-3 &gt;&gt; content-type: application/json
21:53:17.881 [docker-java-stream--1317766102] DEBUG c.g.d.z.s.o.a.h.client5.http.headers - http-outgoing-3 &gt;&gt; Accept-Encoding: gzip, x-gzip, deflate
21:53:17.881 [docker-java-stream--1317766102] DEBUG c.g.d.z.s.o.a.h.client5.http.headers - http-outgoing-3 &gt;&gt; Content-Length: 26
21:53:17.881 [docker-java-stream--1317766102] DEBUG c.g.d.z.s.o.a.h.client5.http.headers - http-outgoing-3 &gt;&gt; Host: localhost:2375
21:53:17.881 [docker-java-stream--1317766102] DEBUG c.g.d.z.s.o.a.h.client5.http.headers - http-outgoing-3 &gt;&gt; Connection: keep-alive
21:53:17.881 [docker-java-stream--1317766102] DEBUG c.g.d.z.s.o.a.h.client5.http.headers - http-outgoing-3 &gt;&gt; User-Agent: Apache-HttpClient/5.0.3 (Java/11.0.13)
21:53:17.881 [docker-java-stream--1317766102] DEBUG c.g.d.z.s.o.a.hc.client5.http.wire - http-outgoing-3 &gt;&gt; &quot;POST /v1.32/exec/691e4743a3197ad003d38647ad53f19120af05d7cf053e6dff602c3a563ab626/start HTTP/1.1[\r][\n]&quot;
21:53:17.882 [docker-java-stream--1317766102] DEBUG c.g.d.z.s.o.a.hc.client5.http.wire - http-outgoing-3 &gt;&gt; &quot;accept: application/json[\r][\n]&quot;
21:53:17.883 [docker-java-stream--1317766102] DEBUG c.g.d.z.s.o.a.hc.client5.http.wire - http-outgoing-3 &gt;&gt; &quot;content-type: application/json[\r][\n]&quot;
21:53:17.884 [docker-java-stream--1317766102] DEBUG c.g.d.z.s.o.a.hc.client5.http.wire - http-outgoing-3 &gt;&gt; &quot;Accept-Encoding: gzip, x-gzip, deflate[\r][\n]&quot;
21:53:17.885 [docker-java-stream--1317766102] DEBUG c.g.d.z.s.o.a.hc.client5.http.wire - http-outgoing-3 &gt;&gt; &quot;Content-Length: 26[\r][\n]&quot;
21:53:17.892 [docker-java-stream--1317766102] DEBUG c.g.d.z.s.o.a.hc.client5.http.wire - http-outgoing-3 &gt;&gt; &quot;Host: localhost:2375[\r][\n]&quot;
21:53:17.893 [docker-java-stream--1317766102] DEBUG c.g.d.z.s.o.a.hc.client5.http.wire - http-outgoing-3 &gt;&gt; &quot;Connection: keep-alive[\r][\n]&quot;
21:53:17.894 [docker-java-stream--1317766102] DEBUG c.g.d.z.s.o.a.hc.client5.http.wire - http-outgoing-3 &gt;&gt; &quot;User-Agent: Apache-HttpClient/5.0.3 (Java/11.0.13)[\r][\n]&quot;
21:53:17.894 [docker-java-stream--1317766102] DEBUG c.g.d.z.s.o.a.hc.client5.http.wire - http-outgoing-3 &gt;&gt; &quot;[\r][\n]&quot;
21:53:17.894 [docker-java-stream--1317766102] DEBUG c.g.d.z.s.o.a.hc.client5.http.wire - http-outgoing-3 &gt;&gt; &quot;{&quot;Detach&quot;:null,&quot;Tty&quot;:null}&quot;
21:53:17.898 [docker-java-stream--1317766102] DEBUG c.g.d.z.s.o.a.hc.client5.http.wire - http-outgoing-3 &lt;&lt; &quot;HTTP/1.1 200 OK[\r][\n]&quot;
21:53:17.899 [docker-java-stream--1317766102] DEBUG c.g.d.z.s.o.a.hc.client5.http.wire - http-outgoing-3 &lt;&lt; &quot;Content-Type: application/vnd.docker.raw-stream[\r][\n]&quot;
21:53:17.899 [docker-java-stream--1317766102] DEBUG c.g.d.z.s.o.a.hc.client5.http.wire - http-outgoing-3 &lt;&lt; &quot;Api-Version: 1.41[\r][\n]&quot;
21:53:17.899 [docker-java-stream--1317766102] DEBUG c.g.d.z.s.o.a.hc.client5.http.wire - http-outgoing-3 &lt;&lt; &quot;Docker-Experimental: false[\r][\n]&quot;
21:53:17.899 [docker-java-stream--1317766102] DEBUG c.g.d.z.s.o.a.hc.client5.http.wire - http-outgoing-3 &lt;&lt; &quot;Ostype: linux[\r][\n]&quot;
21:53:17.900 [docker-java-stream--1317766102] DEBUG c.g.d.z.s.o.a.hc.client5.http.wire - http-outgoing-3 &lt;&lt; &quot;Server: Docker/20.10.12 (linux)[\r][\n]&quot;
21:53:17.901 [docker-java-stream--1317766102] DEBUG c.g.d.z.s.o.a.hc.client5.http.wire - http-outgoing-3 &lt;&lt; &quot;[\r][\n]&quot;
21:53:17.901 [docker-java-stream--1317766102] DEBUG c.g.d.z.s.o.a.h.client5.http.headers - http-outgoing-3 &lt;&lt; HTTP/1.1 200 OK
21:53:17.901 [docker-java-stream--1317766102] DEBUG c.g.d.z.s.o.a.h.client5.http.headers - http-outgoing-3 &lt;&lt; Content-Type: application/vnd.docker.raw-stream
21:53:17.901 [docker-java-stream--1317766102] DEBUG c.g.d.z.s.o.a.h.client5.http.headers - http-outgoing-3 &lt;&lt; Api-Version: 1.41
21:53:17.901 [docker-java-stream--1317766102] DEBUG c.g.d.z.s.o.a.h.client5.http.headers - http-outgoing-3 &lt;&lt; Docker-Experimental: false
21:53:17.901 [docker-java-stream--1317766102] DEBUG c.g.d.z.s.o.a.h.client5.http.headers - http-outgoing-3 &lt;&lt; Ostype: linux
21:53:17.901 [docker-java-stream--1317766102] DEBUG c.g.d.z.s.o.a.h.client5.http.headers - http-outgoing-3 &lt;&lt; Server: Docker/20.10.12 (linux)
21:53:18.423 [docker-java-stream--1317766102] DEBUG c.g.d.z.s.o.a.hc.client5.http.wire - http-outgoing-3 &lt;&lt; &quot;[0x2][0x0][0x0][0x0][0x0][0x0][0x0][0xc]/bin/sh: 1: &quot;
21:53:18.424 [docker-java-stream--1317766102] DEBUG c.g.d.z.s.o.a.hc.client5.http.wire - http-outgoing-3 &lt;&lt; &quot;[0x2][0x0][0x0][0x0][0x0][0x0][0x0][\r]nc: not found&quot;
21:53:18.426 [docker-java-stream--1317766102] DEBUG c.g.d.z.s.o.a.hc.client5.http.wire - http-outgoing-3 &lt;&lt; &quot;[0x2][0x0][0x0][0x0][0x0][0x0][0x0][0x1][\n]&quot;
21:53:18.437 [docker-java-stream--1317766102] DEBUG c.g.d.z.s.o.a.hc.client5.http.wire - http-outgoing-3 &lt;&lt; &quot;[0x2][0x0][0x0][0x0][0x0][0x0][0x0]4/bin/bash: connect: Cannot assign requested address[\n]&quot;
21:53:18.444 [docker-java-stream--1317766102] DEBUG c.g.d.z.s.o.a.hc.client5.http.wire - http-outgoing-3 &lt;&lt; &quot;[0x2][0x0][0x0][0x0][0x0][0x0][0x0]D/bin/bash: /dev/tcp/localhost/8080: Cannot assign requested address[\n]&quot;
21:53:18.577 [docker-java-stream--1317766102] DEBUG c.g.d.z.s.o.a.hc.client5.http.wire - http-outgoing-3 &lt;&lt; &quot;[0x2][0x0][0x0][0x0][0x0][0x0][0x0][0xc]/bin/sh: 1: &quot;
21:53:18.579 [docker-java-stream--1317766102] DEBUG c.g.d.z.s.o.a.hc.client5.http.wire - http-outgoing-3 &lt;&lt; &quot;[0x2][0x0][0x0][0x0][0x0][0x0][0x0][\r]nc: not found&quot;
21:53:18.579 [docker-java-stream--1317766102] DEBUG c.g.d.z.s.o.a.hc.client5.http.wire - http-outgoing-3 &lt;&lt; &quot;[0x2][0x0][0x0][0x0][0x0][0x0][0x0][0x1][\n]&quot;
21:53:18.587 [docker-java-stream--1317766102] DEBUG c.g.d.z.s.o.a.hc.client5.http.wire - http-outgoing-3 &lt;&lt; &quot;[0x2][0x0][0x0][0x0][0x0][0x0][0x0]4/bin/bash: connect: Cannot assign requested address[\n]&quot;
21:53:18.588 [docker-java-stream--1317766102] DEBUG c.g.d.z.s.o.a.hc.client5.http.wire - http-outgoing-3 &lt;&lt; &quot;[0x2][0x0][0x0][0x0][0x0][0x0][0x0]D/bin/bash: /dev/tcp/localhost/8080: Cannot assign requested address[\n]&quot;
21:53:18.711 [docker-java-stream--1317766102] DEBUG c.g.d.z.s.o.a.hc.client5.http.wire - http-outgoing-3 &lt;&lt; &quot;[0x2][0x0][0x0][0x0][0x0][0x0][0x0][0xc]/bin/sh: 1: &quot;
21:53:18.711 [docker-java-stream--1317766102] DEBUG c.g.d.z.s.o.a.hc.client5.http.wire - http-outgoing-3 &lt;&lt; &quot;[0x2][0x0][0x0][0x0][0x0][0x0][0x0][\r]nc: not found&quot;
21:53:18.712 [docker-java-stream--1317766102] DEBUG c.g.d.z.s.o.a.hc.client5.http.wire - http-outgoing-3 &lt;&lt; &quot;[0x2][0x0][0x0][0x0][0x0][0x0][0x0][0x1][\n]&quot;
21:53:18.719 [docker-java-stream--1317766102] DEBUG c.g.d.z.s.o.a.hc.client5.http.wire - http-outgoing-3 &lt;&lt; &quot;[0x2][0x0][0x0][0x0][0x0][0x0][0x0]4/bin/bash: connect: Cannot assign requested address[\n]&quot;
21:53:18.725 [docker-java-stream--1317766102] DEBUG c.g.d.z.s.o.a.hc.client5.http.wire - http-outgoing-3 &lt;&lt; &quot;[0x2][0x0][0x0][0x0][0x0][0x0][0x0]D/bin/bash: /dev/tcp/localhost/8080: Cannot assign requested address[\n]&quot;
21:53:18.850 [docker-java-stream--1317766102] DEBUG c.g.d.z.s.o.a.hc.client5.http.wire - http-outgoing-3 &lt;&lt; &quot;[0x2][0x0][0x0][0x0][0x0][0x0][0x0][0xc]/bin/sh: 1: &quot;
21:53:18.851 [docker-java-stream--1317766102] DEBUG c.g.d.z.s.o.a.hc.client5.http.wire - http-outgoing-3 &lt;&lt; &quot;[0x2][0x0][0x0][0x0][0x0][0x0][0x0][\r]nc: not found&quot;
21:53:18.851 [docker-java-stream--1317766102] DEBUG c.g.d.z.s.o.a.hc.client5.http.wire - http-outgoing-3 &lt;&lt; &quot;[0x2][0x0][0x0][0x0][0x0][0x0][0x0][0x1][\n]&quot;
21:53:18.857 [docker-java-stream--1317766102] DEBUG c.g.d.z.s.o.a.hc.client5.http.wire - http-outgoing-3 &lt;&lt; &quot;[0x2][0x0][0x0][0x0][0x0][0x0][0x0]4/bin/bash: connect: Cannot assign requested address[\n]&quot;
21:53:18.859 [docker-java-stream--1317766102] DEBUG c.g.d.z.s.o.a.hc.client5.http.wire - http-outgoing-3 &lt;&lt; &quot;[0x2][0x0][0x0][0x0][0x0][0x0][0x0]D/bin/bash: /dev/tcp/localhost/8080: Cannot assign requested address[\n]&quot;
21:53:18.971 [docker-java-stream--1317766102] DEBUG c.g.d.z.s.o.a.hc.client5.http.wire - http-outgoing-3 &lt;&lt; &quot;[0x2][0x0][0x0][0x0][0x0][0x0][0x0][0xc]/bin/sh: 1: &quot;
21:53:18.971 [docker-java-stream--1317766102] DEBUG c.g.d.z.s.o.a.hc.client5.http.wire - http-outgoing-3 &lt;&lt; &quot;[0x2][0x0][0x0][0x0][0x0][0x0][0x0][\r]nc: not found&quot;
21:53:18.972 [docker-java-stream--1317766102] DEBUG c.g.d.z.s.o.a.hc.client5.http.wire - http-outgoing-3 &lt;&lt; &quot;[0x2][0x0][0x0][0x0][0x0][0x0][0x0][0x1][\n]&quot;
21:53:18.999 [docker-java-stream--1317766102] DEBUG c.g.d.z.s.o.a.hc.client5.http.wire - http-outgoing-3 &lt;&lt; &quot;[0x2][0x0][0x0][0x0][0x0][0x0][0x0]4/bin/bash: connect: Cannot assign requested address[\n]&quot;
21:53:19.000 [docker-java-stream--1317766102] DEBUG c.g.d.z.s.o.a.hc.client5.http.wire - http-outgoing-3 &lt;&lt; &quot;[0x2][0x0][0x0][0x0][0x0][0x0][0x0]D/bin/bash: /dev/tcp/localhost/8080: Cannot assign requested address[\n]&quot;
21:53:19.117 [docker-java-stream--1317766102] DEBUG c.g.d.z.s.o.a.hc.client5.http.wire - http-outgoing-3 &lt;&lt; &quot;[0x2][0x0][0x0][0x0][0x0][0x0][0x0][0xc]/bin/sh: 1: &quot;
21:53:19.119 [docker-java-stream--1317766102] DEBUG c.g.d.z.s.o.a.hc.client5.http.wire - http-outgoing-3 &lt;&lt; &quot;[0x2][0x0][0x0][0x0][0x0][0x0][0x0][\r]nc: not found&quot;
21:53:19.120 [docker-java-stream--1317766102] DEBUG c.g.d.z.s.o.a.hc.client5.http.wire - http-outgoing-3 &lt;&lt; &quot;[0x2][0x0][0x0][0x0][0x0][0x0][0x0][0x1][\n]&quot;
21:53:19.127 [docker-java-stream--1317766102] DEBUG c.g.d.z.s.o.a.hc.client5.http.wire - http-outgoing-3 &lt;&lt; &quot;[0x2][0x0][0x0][0x0][0x0][0x0][0x0]4/bin/bash: connect: Cannot assign requested address[\n]&quot;
21:53:19.142 [docker-java-stream--1317766102] DEBUG c.g.d.z.s.o.a.hc.client5.http.wire - http-outgoing-3 &lt;&lt; &quot;[0x2][0x0][0x0][0x0][0x0][0x0][0x0]D/bin/bash: /dev/tcp/localhost/8080: Cannot assign requested address[\n]&quot;
21:53:19.271 [docker-java-stream--1317766102] DEBUG c.g.d.z.s.o.a.hc.client5.http.wire - http-outgoing-3 &lt;&lt; &quot;[0x2][0x0][0x0][0x0][0x0][0x0][0x0][0xc]/bin/sh: 1: [0x2][0x0][0x0][0x0][0x0][0x0][0x0][\r]nc: not found[0x2][0x0][0x0][0x0][0x0][0x0][0x0][0x1][\n]&quot;
21:53:19.281 [docker-java-stream--1317766102] DEBUG c.g.d.z.s.o.a.hc.client5.http.wire - http-outgoing-3 &lt;&lt; &quot;[0x2][0x0][0x0][0x0][0x0][0x0][0x0]4/bin/bash: connect: Cannot assign requested address[\n]&quot;
21:53:19.281 [docker-java-stream--1317766102] DEBUG c.g.d.z.s.o.a.hc.client5.http.wire - http-outgoing-3 &lt;&lt; &quot;[0x2][0x0][0x0][0x0][0x0][0x0][0x0]D/bin/bash: /dev/tcp/localhost/8080: Cannot assign requested address[\n]&quot;
21:53:19.447 [docker-java-stream--1317766102] DEBUG c.g.d.z.s.o.a.hc.client5.http.wire - http-outgoing-3 &lt;&lt; &quot;[0x2][0x0][0x0][0x0][0x0][0x0][0x0][0xc]/bin/sh: 1: &quot;
21:53:19.450 [docker-java-stream--1317766102] DEBUG c.g.d.z.s.o.a.hc.client5.http.wire - http-outgoing-3 &lt;&lt; &quot;[0x2][0x0][0x0][0x0][0x0][0x0][0x0][\r]nc: not found[0x2][0x0][0x0][0x0][0x0][0x0][0x0][0x1][\n]&quot;
21:53:19.474 [docker-java-stream--1317766102] DEBUG c.g.d.z.s.o.a.hc.client5.http.wire - http-outgoing-3 &lt;&lt; &quot;[0x2][0x0][0x0][0x0][0x0][0x0][0x0]4/bin/bash: connect: Cannot assign requested address[\n]&quot;
21:53:19.474 [docker-java-stream--1317766102] DEBUG c.g.d.z.s.o.a.hc.client5.http.wire - http-outgoing-3 &lt;&lt; &quot;[0x2][0x0][0x0][0x0][0x0][0x0][0x0]D/bin/bash: /dev/tcp/localhost/8080: Cannot assign requested address[\n]&quot;
21:53:19.625 [docker-java-stream--1317766102] DEBUG c.g.d.z.s.o.a.hc.client5.http.wire - http-outgoing-3 &lt;&lt; &quot;[0x2][0x0][0x0][0x0][0x0][0x0][0x0][0xc]/bin/sh: 1: [0x2][0x0][0x0][0x0][0x0][0x0][0x0][\r]nc: not found[0x2][0x0][0x0][0x0][0x0][0x0][0x0][0x1][\n]&quot;
21:53:19.633 [docker-java-stream--1317766102] DEBUG c.g.d.z.s.o.a.hc.client5.http.wire - http-outgoing-3 &lt;&lt; &quot;[0x2][0x0][0x0][0x0][0x0][0x0][0x0]4/bin/bash: connect: Cannot assign requested address[\n]&quot;
21:53:19.634 [docker-java-stream--1317766102] DEBUG c.g.d.z.s.o.a.hc.client5.http.wire - http-outgoing-3 &lt;&lt; &quot;[0x2][0x0][0x0][0x0][0x0][0x0][0x0]D/bin/bash: /dev/tcp/localhost/8080: Cannot assign requested address[\n]&quot;
21:53:19.769 [docker-java-stream--1317766102] DEBUG c.g.d.z.s.o.a.hc.client5.http.wire - http-outgoing-3 &lt;&lt; &quot;[0x2][0x0][0x0][0x0][0x0][0x0][0x0][0xc]/bin/sh: 1: [0x2][0x0][0x0][0x0][0x0][0x0][0x0][\r]nc: not found[0x2][0x0][0x0][0x0][0x0][0x0][0x0][0x1][\n]&quot;
21:53:19.782 [docker-java-stream--1317766102] DEBUG c.g.d.z.s.o.a.hc.client5.http.wire - http-outgoing-3 &lt;&lt; &quot;[0x2][0x0][0x0][0x0][0x0][0x0][0x0]4/bin/bash: connect: Cannot assign requested address[\n]&quot;
21:53:19.789 [docker-java-stream--1317766102] DEBUG c.g.d.z.s.o.a.hc.client5.http.wire - http-outgoing-3 &lt;&lt; &quot;[0x2][0x0][0x0][0x0][0x0][0x0][0x0]D/bin/bash: /dev/tcp/localhost/8080: Cannot assign requested address[\n]&quot;
21:53:19.916 [docker-java-stream--1317766102] DEBUG c.g.d.z.s.o.a.hc.client5.http.wire - http-outgoing-3 &lt;&lt; &quot;[0x2][0x0][0x0][0x0][0x0][0x0][0x0][0xc]/bin/sh: 1: &quot;
21:53:19.916 [docker-java-stream--1317766102] DEBUG c.g.d.z.s.o.a.hc.client5.http.wire - http-outgoing-3 &lt;&lt; &quot;[0x2][0x0][0x0][0x0][0x0][0x0][0x0][\r]nc: not found&quot;
21:53:19.917 [docker-java-stream--1317766102] DEBUG c.g.d.z.s.o.a.hc.client5.http.wire - http-outgoing-3 &lt;&lt; &quot;[0x2][0x0][0x0][0x0][0x0][0x0][0x0][0x1][\n]&quot;
21:53:19.927 [docker-java-stream--1317766102] DEBUG c.g.d.z.s.o.a.hc.client5.http.wire - http-outgoing-3 &lt;&lt; &quot;[0x2][0x0][0x0][0x0][0x0][0x0][0x0]4/bin/bash: connect: Cannot assign requested address[\n]&quot;
21:53:19.930 [docker-java-stream--1317766102] DEBUG c.g.d.z.s.o.a.hc.client5.http.wire - http-outgoing-3 &lt;&lt; &quot;[0x2][0x0][0x0][0x0][0x0][0x0][0x0]D/bin/bash: /dev/tcp/localhost/8080: Cannot assign requested address[\n]&quot;
21:53:20.059 [docker-java-stream--1317766102] DEBUG c.g.d.z.s.o.a.hc.client5.http.wire - http-outgoing-3 &lt;&lt; &quot;[0x2][0x0][0x0][0x0][0x0][0x0][0x0][0xc]/bin/sh: 1: &quot;
21:53:20.061 [docker-java-stream--1317766102] DEBUG c.g.d.z.s.o.a.hc.client5.http.wire - http-outgoing-3 &lt;&lt; &quot;[0x2][0x0][0x0][0x0][0x0][0x0][0x0][\r]nc: not found&quot;
21:53:20.061 [docker-java-stream--1317766102] DEBUG c.g.d.z.s.o.a.hc.client5.http.wire - http-outgoing-3 &lt;&lt; &quot;[0x2][0x0][0x0][0x0][0x0][0x0][0x0][0x1][\n]&quot;
21:53:20.070 [docker-java-stream--1317766102] DEBUG c.g.d.z.s.o.a.hc.client5.http.wire - http-outgoing-3 &lt;&lt; &quot;[0x2][0x0][0x0][0x0][0x0][0x0][0x0]4/bin/bash: connect: Cannot assign requested address[\n]&quot;
21:53:20.073 [docker-java-stream--1317766102] DEBUG c.g.d.z.s.o.a.hc.client5.http.wire - http-outgoing-3 &lt;&lt; &quot;[0x2][0x0][0x0][0x0][0x0][0x0][0x0]D/bin/bash: /dev/tcp/localhost/8080: Cannot assign requested address[\n]&quot;
21:53:20.194 [docker-java-stream--1317766102] DEBUG c.g.d.z.s.o.a.hc.client5.http.wire - http-outgoing-3 &lt;&lt; &quot;[0x2][0x0][0x0][0x0][0x0][0x0][0x0][0xc]/bin/sh: 1: &quot;
21:53:20.194 [docker-java-stream--1317766102] DEBUG c.g.d.z.s.o.a.hc.client5.http.wire - http-outgoing-3 &lt;&lt; &quot;[0x2][0x0][0x0][0x0][0x0][0x0][0x0][\r]nc: not found&quot;
21:53:20.194 [docker-java-stream--1317766102] DEBUG c.g.d.z.s.o.a.hc.client5.http.wire - http-outgoing-3 &lt;&lt; &quot;[0x2][0x0][0x0][0x0][0x0][0x0][0x0][0x1][\n]&quot;
21:53:20.203 [docker-java-stream--1317766102] DEBUG c.g.d.z.s.o.a.hc.client5.http.wire - http-outgoing-3 &lt;&lt; &quot;[0x2][0x0][0x0][0x0][0x0][0x0][0x0]4/bin/bash: connect: Cannot assign requested address[\n]&quot;
21:53:20.205 [docker-java-stream--1317766102] DEBUG c.g.d.z.s.o.a.hc.client5.http.wire - http-outgoing-3 &lt;&lt; &quot;[0x2][0x0][0x0][0x0][0x0][0x0][0x0]D/bin/bash: /dev/tcp/localhost/8080: Cannot assign requested address[\n]&quot;
21:53:20.357 [docker-java-stream--1317766102] DEBUG c.g.d.z.s.o.a.hc.client5.http.wire - http-outgoing-3 &lt;&lt; &quot;[0x2][0x0][0x0][0x0][0x0][0x0][0x0][0xc]/bin/sh: 1: &quot;
21:53:20.358 [docker-java-stream--1317766102] DEBUG c.g.d.z.s.o.a.hc.client5.http.wire - http-outgoing-3 &lt;&lt; &quot;[0x2][0x0][0x0][0x0][0x0][0x0][0x0][\r]nc: not found&quot;
21:53:20.358 [docker-java-stream--1317766102] DEBUG c.g.d.z.s.o.a.hc.client5.http.wire - http-outgoing-3 &lt;&lt; &quot;[0x2][0x0][0x0][0x0][0x0][0x0][0x0][0x1][\n]&quot;
21:53:20.367 [docker-java-stream--1317766102] DEBUG c.g.d.z.s.o.a.hc.client5.http.wire - http-outgoing-3 &lt;&lt; &quot;[0x2][0x0][0x0][0x0][0x0][0x0][0x0]4/bin/bash: connect: Cannot assign requested address[\n]&quot;
21:53:20.387 [docker-java-stream--1317766102] DEBUG c.g.d.z.s.o.a.hc.client5.http.wire - http-outgoing-3 &lt;&lt; &quot;[0x2][0x0][0x0][0x0][0x0][0x0][0x0]D/bin/bash: /dev/tcp/localhost/8080: Cannot assign requested address[\n]&quot;
21:53:20.518 [docker-java-stream--1317766102] DEBUG c.g.d.z.s.o.a.hc.client5.http.wire - http-outgoing-3 &lt;&lt; &quot;[0x2][0x0][0x0][0x0][0x0][0x0][0x0][0xc]/bin/sh: 1: &quot;
21:53:20.518 [docker-java-stream--1317766102] DEBUG c.g.d.z.s.o.a.hc.client5.http.wire - http-outgoing-3 &lt;&lt; &quot;[0x2][0x0][0x0][0x0][0x0][0x0][0x0][\r]nc: not found&quot;
21:53:20.518 [docker-java-stream--1317766102] DEBUG c.g.d.z.s.o.a.hc.client5.http.wire - http-outgoing-3 &lt;&lt; &quot;[0x2][0x0][0x0][0x0][0x0][0x0][0x0][0x1][\n]&quot;
21:53:20.540 [docker-java-stream--1317766102] DEBUG c.g.d.z.s.o.a.hc.client5.http.wire - http-outgoing-3 &lt;&lt; &quot;[0x2][0x0][0x0][0x0][0x0][0x0][0x0]4/bin/bash: connect: Cannot assign requested address[\n]&quot;
21:53:20.542 [docker-java-stream--1317766102] DEBUG c.g.d.z.s.o.a.hc.client5.http.wire - http-outgoing-3 &lt;&lt; &quot;[0x2][0x0][0x0][0x0][0x0][0x0][0x0]D/bin/bash: /dev/tcp/localhost/8080: Cannot assign requested address[\n]&quot;
21:53:20.678 [docker-java-stream--1317766102] DEBUG c.g.d.z.s.o.a.hc.client5.http.wire - http-outgoing-3 &lt;&lt; &quot;[0x2][0x0][0x0][0x0][0x0][0x0][0x0][0xc]/bin/sh: 1: &quot;
21:53:20.679 [docker-java-stream--1317766102] DEBUG c.g.d.z.s.o.a.hc.client5.http.wire - http-outgoing-3 &lt;&lt; &quot;[0x2][0x0][0x0][0x0][0x0][0x0][0x0][\r]nc: not found&quot;
21:53:20.680 [docker-java-stream--1317766102] DEBUG c.g.d.z.s.o.a.hc.client5.http.wire - http-outgoing-3 &lt;&lt; &quot;[0x2][0x0][0x0][0x0][0x0][0x0][0x0][0x1][\n]&quot;
21:53:20.685 [docker-java-stream--1317766102] DEBUG c.g.d.z.s.o.a.hc.client5.http.wire - http-outgoing-3 &lt;&lt; &quot;[0x2][0x0][0x0][0x0][0x0][0x0][0x0]4/bin/bash: connect: Cannot assign requested address[\n]&quot;
21:53:20.708 [docker-java-stream--1317766102] DEBUG c.g.d.z.s.o.a.hc.client5.http.wire - http-outgoing-3 &lt;&lt; &quot;[0x2][0x0][0x0][0x0][0x0][0x0][0x0]D/bin/bash: /dev/tcp/localhost/8080: Cannot assign requested address[\n]&quot;
21:53:20.819 [docker-java-stream--1317766102] DEBUG c.g.d.z.s.o.a.hc.client5.http.wire - http-outgoing-3 &lt;&lt; &quot;[0x2][0x0][0x0][0x0][0x0][0x0][0x0][0xc]/bin/sh: 1: &quot;
21:53:20.820 [docker-java-stream--1317766102] DEBUG c.g.d.z.s.o.a.hc.client5.http.wire - http-outgoing-3 &lt;&lt; &quot;[0x2][0x0][0x0][0x0][0x0][0x0][0x0][\r]nc: not found&quot;
21:53:20.820 [docker-java-stream--1317766102] DEBUG c.g.d.z.s.o.a.hc.client5.http.wire - http-outgoing-3 &lt;&lt; &quot;[0x2][0x0][0x0][0x0][0x0][0x0][0x0][0x1][\n]&quot;
21:53:20.834 [docker-java-stream--1317766102] DEBUG c.g.d.z.s.o.a.hc.client5.http.wire - http-outgoing-3 &lt;&lt; &quot;[0x2][0x0][0x0][0x0][0x0][0x0][0x0]4/bin/bash: connect: Cannot assign requested address[\n]&quot;
21:53:20.842 [docker-java-stream--1317766102] DEBUG c.g.d.z.s.o.a.hc.client5.http.wire - http-outgoing-3 &lt;&lt; &quot;[0x2][0x0][0x0][0x0][0x0][0x0][0x0]D/bin/bash: /dev/tcp/localhost/8080: Cannot assign requested address[\n]&quot;
21:53:20.962 [docker-java-stream--1317766102] DEBUG c.g.d.z.s.o.a.hc.client5.http.wire - http-outgoing-3 &lt;&lt; &quot;[0x2][0x0][0x0][0x0][0x0][0x0][0x0][0xc]/bin/sh: 1: &quot;
21:53:20.968 [docker-java-stream--1317766102] DEBUG c.g.d.z.s.o.a.hc.client5.http.wire - http-outgoing-3 &lt;&lt; &quot;[0x2][0x0][0x0][0x0][0x0][0x0][0x0][\r]nc: not found&quot;
21:53:20.968 [docker-java-stream--1317766102] DEBUG c.g.d.z.s.o.a.hc.client5.http.wire - http-outgoing-3 &lt;&lt; &quot;[0x2][0x0][0x0][0x0][0x0][0x0][0x0][0x1][\n]&quot;
21:53:20.992 [docker-java-stream--1317766102] DEBUG c.g.d.z.s.o.a.hc.client5.http.wire - http-outgoing-3 &lt;&lt; &quot;[0x2][0x0][0x0][0x0][0x0][0x0][0x0]4/bin/bash: connect: Cannot assign requested address[\n]&quot;
21:53:20.992 [docker-java-stream--1317766102] DEBUG c.g.d.z.s.o.a.hc.client5.http.wire - http-outgoing-3 &lt;&lt; &quot;[0x2][0x0][0x0][0x0][0x0][0x0][0x0]D/bin/bash: /dev/tcp/localhost/8080: Cannot assign requested address[\n]&quot;
21:53:21.127 [docker-java-stream--1317766102] DEBUG c.g.d.z.s.o.a.hc.client5.http.wire - http-outgoing-3 &lt;&lt; &quot;[0x2][0x0][0x0][0x0][0x0][0x0][0x0][0xc]/bin/sh: 1: &quot;
21:53:21.127 [docker-java-stream--1317766102] DEBUG c.g.d.z.s.o.a.hc.client5.http.wire - http-outgoing-3 &lt;&lt; &quot;[0x2][0x0][0x0][0x0][0x0][0x0][0x0][\r]nc: not found&quot;
21:53:21.127 [docker-java-stream--1317766102] DEBUG c.g.d.z.s.o.a.hc.client5.http.wire - http-outgoing-3 &lt;&lt; &quot;[0x2][0x0][0x0][0x0][0x0][0x0][0x0][0x1][\n]&quot;
21:53:21.137 [docker-java-stream--1317766102] DEBUG c.g.d.z.s.o.a.hc.client5.http.wire - http-outgoing-3 &lt;&lt; &quot;[0x2][0x0][0x0][0x0][0x0][0x0][0x0]4/bin/bash: connect: Cannot assign requested address[\n]&quot;
21:53:21.137 [docker-java-stream--1317766102] DEBUG c.g.d.z.s.o.a.hc.client5.http.wire - http-outgoing-3 &lt;&lt; &quot;[0x2][0x0][0x0][0x0][0x0][0x0][0x0]D/bin/bash: /dev/tcp/localhost/8080: Cannot assign requested address[\n]&quot;
21:53:21.258 [docker-java-stream--1317766102] DEBUG c.g.d.z.s.o.a.hc.client5.http.wire - http-outgoing-3 &lt;&lt; &quot;[0x2][0x0][0x0][0x0][0x0][0x0][0x0][0xc]/bin/sh: 1: &quot;
21:53:21.258 [docker-java-stream--1317766102] DEBUG c.g.d.z.s.o.a.hc.client5.http.wire - http-outgoing-3 &lt;&lt; &quot;[0x2][0x0][0x0][0x0][0x0][0x0][0x0][\r]nc: not found&quot;
21:53:21.258 [docker-java-stream--1317766102] DEBUG c.g.d.z.s.o.a.hc.client5.http.wire - http-outgoing-3 &lt;&lt; &quot;[0x2][0x0][0x0][0x0][0x0][0x0][0x0][0x1][\n]&quot;
21:53:21.267 [docker-java-stream--1317766102] DEBUG c.g.d.z.s.o.a.hc.client5.http.wire - http-outgoing-3 &lt;&lt; &quot;[0x2][0x0][0x0][0x0][0x0][0x0][0x0]4/bin/bash: connect: Cannot assign requested address[\n]&quot;
21:53:21.267 [docker-java-stream--1317766102] DEBUG c.g.d.z.s.o.a.hc.client5.http.wire - http-outgoing-3 &lt;&lt; &quot;[0x2][0x0][0x0][0x0][0x0][0x0][0x0]D/bin/bash: /dev/tcp/localhost/8080: Cannot assign requested address[\n]&quot;
21:53:21.399 [docker-java-stream--1317766102] DEBUG c.g.d.z.s.o.a.hc.client5.http.wire - http-outgoing-3 &lt;&lt; &quot;[0x2][0x0][0x0][0x0][0x0][0x0][0x0][0xc]/bin/sh: 1: &quot;
21:53:21.400 [docker-java-stream--1317766102] DEBUG c.g.d.z.s.o.a.hc.client5.http.wire - http-outgoing-3 &lt;&lt; &quot;[0x2][0x0][0x0][0x0][0x0][0x0][0x0][\r]nc: not found&quot;
21:53:21.400 [docker-java-stream--1317766102] DEBUG c.g.d.z.s.o.a.hc.client5.http.wire - http-outgoing-3 &lt;&lt; &quot;[0x2][0x0][0x0][0x0][0x0][0x0][0x0][0x1][\n]&quot;
21:53:21.420 [docker-java-stream--1317766102] DEBUG c.g.d.z.s.o.a.hc.client5.http.wire - http-outgoing-3 &lt;&lt; &quot;[0x2][0x0][0x0][0x0][0x0][0x0][0x0]x/bin/bash: connect: Cannot assign requested address[\n]&quot;
21:53:21.420 [docker-java-stream--1317766102] DEBUG c.g.d.z.s.o.a.hc.client5.http.wire - http-outgoing-3 &lt;&lt; &quot;/bin/bash: /dev/tcp/localhost/8080: Cannot assign requested address[\n]&quot;
21:53:21.568 [docker-java-stream--1317766102] DEBUG c.g.d.z.s.o.a.hc.client5.http.wire - http-outgoing-3 &lt;&lt; &quot;[0x2][0x0][0x0][0x0][0x0][0x0][0x0][0xc]/bin/sh: 1: &quot;
21:53:21.568 [docker-java-stream--1317766102] DEBUG c.g.d.z.s.o.a.hc.client5.http.wire - http-outgoing-3 &lt;&lt; &quot;[0x2][0x0][0x0][0x0][0x0][0x0][0x0][\r]nc: not found&quot;
21:53:21.569 [docker-java-stream--1317766102] DEBUG c.g.d.z.s.o.a.hc.client5.http.wire - http-outgoing-3 &lt;&lt; &quot;[0x2][0x0][0x0][0x0][0x0][0x0][0x0][0x1][\n]&quot;
21:53:21.580 [docker-java-stream--1317766102] DEBUG c.g.d.z.s.o.a.hc.client5.http.wire - http-outgoing-3 &lt;&lt; &quot;[0x2][0x0][0x0][0x0][0x0][0x0][0x0]4/bin/bash: connect: Cannot assign requested address[\n]&quot;
21:53:21.582 [docker-java-stream--1317766102] DEBUG c.g.d.z.s.o.a.hc.client5.http.wire - http-outgoing-3 &lt;&lt; &quot;[0x2][0x0][0x0][0x0][0x0][0x0][0x0]D/bin/bash: /dev/tcp/localhost/8080: Cannot assign requested address[\n]&quot;
21:53:21.703 [docker-java-stream--1317766102] DEBUG c.g.d.z.s.o.a.hc.client5.http.wire - http-outgoing-3 &lt;&lt; &quot;[0x2][0x0][0x0][0x0][0x0][0x0][0x0][0xc]/bin/sh: 1: &quot;
21:53:21.705 [docker-java-stream--1317766102] DEBUG c.g.d.z.s.o.a.hc.client5.http.wire - http-outgoing-3 &lt;&lt; &quot;[0x2][0x0][0x0][0x0][0x0][0x0][0x0][\r]nc: not found&quot;
21:53:21.705 [docker-java-stream--1317766102] DEBUG c.g.d.z.s.o.a.hc.client5.http.wire - http-outgoing-3 &lt;&lt; &quot;[0x2][0x0][0x0][0x0][0x0][0x0][0x0][0x1][\n]&quot;
21:53:21.714 [docker-java-stream--1317766102] DEBUG c.g.d.z.s.o.a.hc.client5.http.wire - http-outgoing-3 &lt;&lt; &quot;[0x2][0x0][0x0][0x0][0x0][0x0][0x0]4/bin/bash: connect: Cannot assign requested address[\n]&quot;
21:53:21.716 [docker-java-stream--1317766102] DEBUG c.g.d.z.s.o.a.hc.client5.http.wire - http-outgoing-3 &lt;&lt; &quot;[0x2][0x0][0x0][0x0][0x0][0x0][0x0]D/bin/bash: /dev/tcp/localhost/8080: Cannot assign requested address[\n]&quot;
21:53:21.857 [docker-java-stream--1317766102] DEBUG c.g.d.z.s.o.a.hc.client5.http.wire - http-outgoing-3 &lt;&lt; &quot;[0x2][0x0][0x0][0x0][0x0][0x0][0x0][0xc]/bin/sh: 1: &quot;
21:53:21.858 [docker-java-stream--1317766102] DEBUG c.g.d.z.s.o.a.hc.client5.http.wire - http-outgoing-3 &lt;&lt; &quot;[0x2][0x0][0x0][0x0][0x0][0x0][0x0][\r]nc: not found&quot;
21:53:21.858 [docker-java-stream--1317766102] DEBUG c.g.d.z.s.o.a.hc.client5.http.wire - http-outgoing-3 &lt;&lt; &quot;[0x2][0x0][0x0][0x0][0x0][0x0][0x0][0x1][\n]&quot;
21:53:21.863 [docker-java-stream--1317766102] DEBUG c.g.d.z.s.o.a.hc.client5.http.wire - http-outgoing-3 &lt;&lt; &quot;[0x2][0x0][0x0][0x0][0x0][0x0][0x0]4/bin/bash: connect: Cannot assign requested address[\n]&quot;
21:53:21.864 [docker-java-stream--1317766102] DEBUG c.g.d.z.s.o.a.hc.client5.http.wire - http-outgoing-3 &lt;&lt; &quot;[0x2][0x0][0x0][0x0][0x0][0x0][0x0]D/bin/bash: /dev/tcp/localhost/8080: Cannot assign requested address[\n]&quot;
21:53:22.000 [docker-java-stream--1317766102] DEBUG c.g.d.z.s.o.a.hc.client5.http.wire - http-outgoing-3 &lt;&lt; &quot;[0x2][0x0][0x0][0x0][0x0][0x0][0x0][0xc]/bin/sh: 1: &quot;
21:53:22.000 [docker-java-stream--1317766102] DEBUG c.g.d.z.s.o.a.hc.client5.http.wire - http-outgoing-3 &lt;&lt; &quot;[0x2][0x0][0x0][0x0][0x0][0x0][0x0][\r]nc: not found&quot;
21:53:22.001 [docker-java-stream--1317766102] DEBUG c.g.d.z.s.o.a.hc.client5.http.wire - http-outgoing-3 &lt;&lt; &quot;[0x2][0x0][0x0][0x0][0x0][0x0][0x0][0x1][\n]&quot;
21:53:22.007 [docker-java-stream--1317766102] DEBUG c.g.d.z.s.o.a.hc.client5.http.wire - http-outgoing-3 &lt;&lt; &quot;[0x2][0x0][0x0][0x0][0x0][0x0][0x0]4/bin/bash: connect: Cannot assign requested address[\n]&quot;
21:53:22.008 [docker-java-stream--1317766102] DEBUG c.g.d.z.s.o.a.hc.client5.http.wire - http-outgoing-3 &lt;&lt; &quot;[0x2][0x0][0x0][0x0][0x0][0x0][0x0]D/bin/bash: /dev/tcp/localhost/8080: Cannot assign requested address[\n]&quot;
21:53:22.141 [docker-java-stream--1317766102] DEBUG c.g.d.z.s.o.a.hc.client5.http.wire - http-outgoing-3 &lt;&lt; &quot;[0x2][0x0][0x0][0x0][0x0][0x0][0x0][0xc]/bin/sh: 1: &quot;
21:53:22.141 [docker-java-stream--1317766102] DEBUG c.g.d.z.s.o.a.hc.client5.http.wire - http-outgoing-3 &lt;&lt; &quot;[0x2][0x0][0x0][0x0][0x0][0x0][0x0][\r]nc: not found&quot;
21:53:22.142 [docker-java-stream--1317766102] DEBUG c.g.d.z.s.o.a.hc.client5.http.wire - http-outgoing-3 &lt;&lt; &quot;[0x2][0x0][0x0][0x0][0x0][0x0][0x0][0x1][\n]&quot;
21:53:22.158 [docker-java-stream--1317766102] DEBUG c.g.d.z.s.o.a.hc.client5.http.wire - http-outgoing-3 &lt;&lt; &quot;[0x2][0x0][0x0][0x0][0x0][0x0][0x0]4/bin/bash: connect: Cannot assign requested address[\n]&quot;
21:53:22.172 [docker-java-stream--1317766102] DEBUG c.g.d.z.s.o.a.hc.client5.http.wire - http-outgoing-3 &lt;&lt; &quot;[0x2][0x0][0x0][0x0][0x0][0x0][0x0]D/bin/bash: /dev/tcp/localhost/8080: Cannot assign requested address[\n]&quot;
21:53:22.294 [docker-java-stream--1317766102] DEBUG c.g.d.z.s.o.a.hc.client5.http.wire - http-outgoing-3 &lt;&lt; &quot;[0x2][0x0][0x0][0x0][0x0][0x0][0x0][0xc]/bin/sh: 1: &quot;
21:53:22.294 [docker-java-stream--1317766102] DEBUG c.g.d.z.s.o.a.hc.client5.http.wire - http-outgoing-3 &lt;&lt; &quot;[0x2][0x0][0x0][0x0][0x0][0x0][0x0][\r]nc: not found&quot;
21:53:22.294 [docker-java-stream--1317766102] DEBUG c.g.d.z.s.o.a.hc.client5.http.wire - http-outgoing-3 &lt;&lt; &quot;[0x2][0x0][0x0][0x0][0x0][0x0][0x0][0x1][\n]&quot;
21:53:22.314 [docker-java-stream--1317766102] DEBUG c.g.d.z.s.o.a.hc.client5.http.wire - http-outgoing-3 &lt;&lt; &quot;[0x2][0x0][0x0][0x0][0x0][0x0][0x0]4/bin/bash: connect: Cannot assign requested address[\n]&quot;
21:53:22.321 [docker-java-stream--1317766102] DEBUG c.g.d.z.s.o.a.hc.client5.http.wire - http-outgoing-3 &lt;&lt; &quot;[0x2][0x0][0x0][0x0][0x0][0x0][0x0]D/bin/bash: /dev/tcp/localhost/8080: Cannot assign requested address[\n]&quot;
21:53:22.440 [docker-java-stream--1317766102] DEBUG c.g.d.z.s.o.a.hc.client5.http.wire - http-outgoing-3 &lt;&lt; &quot;[0x2][0x0][0x0][0x0][0x0][0x0][0x0][0xc]/bin/sh: 1: &quot;
21:53:22.440 [docker-java-stream--1317766102] DEBUG c.g.d.z.s.o.a.hc.client5.http.wire - http-outgoing-3 &lt;&lt; &quot;[0x2][0x0][0x0][0x0][0x0][0x0][0x0][\r]nc: not found&quot;
21:53:22.440 [docker-java-stream--1317766102] DEBUG c.g.d.z.s.o.a.hc.client5.http.wire - http-outgoing-3 &lt;&lt; &quot;[0x2][0x0][0x0][0x0][0x0][0x0][0x0][0x1][\n]&quot;
21:53:22.455 [docker-java-stream--1317766102] DEBUG c.g.d.z.s.o.a.hc.client5.http.wire - http-outgoing-3 &lt;&lt; &quot;[0x2][0x0][0x0][0x0][0x0][0x0][0x0]4/bin/bash: connect: Cannot assign requested address[\n]&quot;
21:53:22.455 [docker-java-stream--1317766102] DEBUG c.g.d.z.s.o.a.hc.client5.http.wire - http-outgoing-3 &lt;&lt; &quot;[0x2][0x0][0x0][0x0][0x0][0x0][0x0]D/bin/bash: /dev/tcp/localhost/8080: Cannot assign requested address[\n]&quot;
21:53:22.586 [docker-java-stream--1317766102] DEBUG c.g.d.z.s.o.a.hc.client5.http.wire - http-outgoing-3 &lt;&lt; &quot;[0x2][0x0][0x0][0x0][0x0][0x0][0x0][0xc]/bin/sh: 1: &quot;
21:53:22.587 [docker-java-stream--1317766102] DEBUG c.g.d.z.s.o.a.hc.client5.http.wire - http-outgoing-3 &lt;&lt; &quot;[0x2][0x0][0x0][0x0][0x0][0x0][0x0][\r]nc: not found&quot;
21:53:22.587 [docker-java-stream--1317766102] DEBUG c.g.d.z.s.o.a.hc.client5.http.wire - http-outgoing-3 &lt;&lt; &quot;[0x2][0x0][0x0][0x0][0x0][0x0][0x0][0x1][\n]&quot;
21:53:22.615 [docker-java-stream--1317766102] DEBUG c.g.d.z.s.o.a.hc.client5.http.wire - http-outgoing-3 &lt;&lt; &quot;[0x2][0x0][0x0][0x0][0x0][0x0][0x0]4/bin/bash: connect: Cannot assign requested address[\n]&quot;
21:53:22.617 [docker-java-stream--1317766102] DEBUG c.g.d.z.s.o.a.hc.client5.http.wire - http-outgoing-3 &lt;&lt; &quot;[0x2][0x0][0x0][0x0][0x0][0x0][0x0]D/bin/bash: /dev/tcp/localhost/8080: Cannot assign requested address[\n]&quot;
21:53:22.747 [docker-java-stream--1317766102] DEBUG c.g.d.z.s.o.a.hc.client5.http.wire - http-outgoing-3 &lt;&lt; &quot;[0x2][0x0][0x0][0x0][0x0][0x0][0x0][0xc]/bin/sh: 1: &quot;
21:53:22.748 [docker-java-stream--1317766102] DEBUG c.g.d.z.s.o.a.hc.client5.http.wire - http-outgoing-3 &lt;&lt; &quot;[0x2][0x0][0x0][0x0][0x0][0x0][0x0][\r]nc: not found&quot;
21:53:22.749 [docker-java-stream--1317766102] DEBUG c.g.d.z.s.o.a.hc.client5.http.wire - http-outgoing-3 &lt;&lt; &quot;[0x2][0x0][0x0][0x0][0x0][0x0][0x0][0x1][\n]&quot;
21:53:22.768 [docker-java-stream--1317766102] DEBUG c.g.d.z.s.o.a.hc.client5.http.wire - http-outgoing-3 &lt;&lt; &quot;[0x2][0x0][0x0][0x0][0x0][0x0][0x0]4/bin/bash: connect: Cannot assign requested address[\n]&quot;
21:53:22.770 [docker-java-stream--1317766102] DEBUG c.g.d.z.s.o.a.hc.client5.http.wire - http-outgoing-3 &lt;&lt; &quot;[0x2][0x0][0x0][0x0][0x0][0x0][0x0]D/bin/bash: /dev/tcp/localhost/8080: Cannot assign requested address[\n]&quot;
21:53:22.895 [docker-java-stream--1317766102] DEBUG c.g.d.z.s.o.a.hc.client5.http.wire - http-outgoing-3 &lt;&lt; &quot;[0x2][0x0][0x0][0x0][0x0][0x0][0x0][0xc]/bin/sh: 1: &quot;
21:53:22.896 [docker-java-stream--1317766102] DEBUG c.g.d.z.s.o.a.hc.client5.http.wire - http-outgoing-3 &lt;&lt; &quot;[0x2][0x0][0x0][0x0][0x0][0x0][0x0][\r]nc: not found&quot;
21:53:22.897 [docker-java-stream--1317766102] DEBUG c.g.d.z.s.o.a.hc.client5.http.wire - http-outgoing-3 &lt;&lt; &quot;[0x2][0x0][0x0][0x0][0x0][0x0][0x0][0x1][\n]&quot;
21:53:22.905 [docker-java-stream--1317766102] DEBUG c.g.d.z.s.o.a.hc.client5.http.wire - http-outgoing-3 &lt;&lt; &quot;[0x2][0x0][0x0][0x0][0x0][0x0][0x0]4/bin/bash: connect: Cannot assign requested address[\n]&quot;
21:53:22.910 [docker-java-stream--1317766102] DEBUG c.g.d.z.s.o.a.hc.client5.http.wire - http-outgoing-3 &lt;&lt; &quot;[0x2][0x0][0x0][0x0][0x0][0x0][0x0]D/bin/bash: /dev/tcp/localhost/8080: Cannot assign requested address[\n]&quot;
21:53:23.039 [docker-java-stream--1317766102] DEBUG c.g.d.z.s.o.a.hc.client5.http.wire - http-outgoing-3 &lt;&lt; &quot;[0x2][0x0][0x0][0x0][0x0][0x0][0x0][0xc]/bin/sh: 1: &quot;
21:53:23.040 [docker-java-stream--1317766102] DEBUG c.g.d.z.s.o.a.hc.client5.http.wire - http-outgoing-3 &lt;&lt; &quot;[0x2][0x0][0x0][0x0][0x0][0x0][0x0][\r]nc: not found&quot;
21:53:23.040 [docker-java-stream--1317766102] DEBUG c.g.d.z.s.o.a.hc.client5.http.wire - http-outgoing-3 &lt;&lt; &quot;[0x2][0x0][0x0][0x0][0x0][0x0][0x0][0x1][\n]&quot;
21:53:23.044 [docker-java-stream--1317766102] DEBUG c.g.d.z.s.o.a.hc.client5.http.wire - http-outgoing-3 &lt;&lt; &quot;[0x2][0x0][0x0][0x0][0x0][0x0][0x0]4/bin/bash: connect: Cannot assign requested address[\n]&quot;
21:53:23.046 [docker-java-stream--1317766102] DEBUG c.g.d.z.s.o.a.hc.client5.http.wire - http-outgoing-3 &lt;&lt; &quot;[0x2][0x0][0x0][0x0][0x0][0x0][0x0]D/bin/bash: /dev/tcp/localhost/8080: Cannot assign requested address[\n]&quot;
21:53:23.186 [docker-java-stream--1317766102] DEBUG c.g.d.z.s.o.a.hc.client5.http.wire - http-outgoing-3 &lt;&lt; &quot;[0x2][0x0][0x0][0x0][0x0][0x0][0x0][0xc]/bin/sh: 1: &quot;
21:53:23.186 [docker-java-stream--1317766102] DEBUG c.g.d.z.s.o.a.hc.client5.http.wire - http-outgoing-3 &lt;&lt; &quot;[0x2][0x0][0x0][0x0][0x0][0x0][0x0][\r]nc: not found&quot;
21:53:23.186 [docker-java-stream--1317766102] DEBUG c.g.d.z.s.o.a.hc.client5.http.wire - http-outgoing-3 &lt;&lt; &quot;[0x2][0x0][0x0][0x0][0x0][0x0][0x0][0x1][\n]&quot;
21:53:23.199 [docker-java-stream--1317766102] DEBUG c.g.d.z.s.o.a.hc.client5.http.wire - http-outgoing-3 &lt;&lt; &quot;[0x2][0x0][0x0][0x0][0x0][0x0][0x0]4/bin/bash: connect: Cannot assign requested address[\n]&quot;
21:53:23.201 [docker-java-stream--1317766102] DEBUG c.g.d.z.s.o.a.hc.client5.http.wire - http-outgoing-3 &lt;&lt; &quot;[0x2][0x0][0x0][0x0][0x0][0x0][0x0]D/bin/bash: /dev/tcp/localhost/8080: Cannot assign requested address[\n]&quot;
21:53:23.327 [docker-java-stream--1317766102] DEBUG c.g.d.z.s.o.a.hc.client5.http.wire - http-outgoing-3 &lt;&lt; &quot;[0x2][0x0][0x0][0x0][0x0][0x0][0x0][0xc]/bin/sh: 1: &quot;
21:53:23.328 [docker-java-stream--1317766102] DEBUG c.g.d.z.s.o.a.hc.client5.http.wire - http-outgoing-3 &lt;&lt; &quot;[0x2][0x0][0x0][0x0][0x0][0x0][0x0][\r]nc: not found&quot;
21:53:23.329 [docker-java-stream--1317766102] DEBUG c.g.d.z.s.o.a.hc.client5.http.wire - http-outgoing-3 &lt;&lt; &quot;[0x2][0x0][0x0][0x0][0x0][0x0][0x0][0x1][\n]&quot;
21:53:23.338 [docker-java-stream--1317766102] DEBUG c.g.d.z.s.o.a.hc.client5.http.wire - http-outgoing-3 &lt;&lt; &quot;[0x2][0x0][0x0][0x0][0x0][0x0][0x0]4/bin/bash: connect: Cannot assign requested address[\n]&quot;
21:53:23.348 [docker-java-stream--1317766102] DEBUG c.g.d.z.s.o.a.hc.client5.http.wire - http-outgoing-3 &lt;&lt; &quot;[0x2][0x0][0x0][0x0][0x0][0x0][0x0]D/bin/bash: /dev/tcp/localhost/8080: Cannot assign requested address[\n]&quot;
21:53:23.462 [docker-java-stream--1317766102] DEBUG c.g.d.z.s.o.a.hc.client5.http.wire - http-outgoing-3 &lt;&lt; &quot;[0x2][0x0][0x0][0x0][0x0][0x0][0x0][0xc]/bin/sh: 1: &quot;
21:53:23.463 [docker-java-stream--1317766102] DEBUG c.g.d.z.s.o.a.hc.client5.http.wire - http-outgoing-3 &lt;&lt; &quot;[0x2][0x0][0x0][0x0][0x0][0x0][0x0][\r]nc: not found&quot;
21:53:23.463 [docker-java-stream--1317766102] DEBUG c.g.d.z.s.o.a.hc.client5.http.wire - http-outgoing-3 &lt;&lt; &quot;[0x2][0x0][0x0][0x0][0x0][0x0][0x0][0x1][\n]&quot;
21:53:23.476 [docker-java-stream--1317766102] DEBUG c.g.d.z.s.o.a.hc.client5.http.wire - http-outgoing-3 &lt;&lt; &quot;[0x2][0x0][0x0][0x0][0x0][0x0][0x0]4/bin/bash: connect: Cannot assign requested address[\n]&quot;
21:53:23.477 [docker-java-stream--1317766102] DEBUG c.g.d.z.s.o.a.hc.client5.http.wire - http-outgoing-3 &lt;&lt; &quot;[0x2][0x0][0x0][0x0][0x0][0x0][0x0]D/bin/bash: /dev/tcp/localhost/8080: Cannot assign requested address[\n]&quot;
21:53:23.593 [docker-java-stream--1317766102] DEBUG c.g.d.z.s.o.a.hc.client5.http.wire - http-outgoing-3 &lt;&lt; &quot;[0x2][0x0][0x0][0x0][0x0][0x0][0x0][0xc]/bin/sh: 1: &quot;
21:53:23.595 [docker-java-stream--1317766102] DEBUG c.g.d.z.s.o.a.hc.client5.http.wire - http-outgoing-3 &lt;&lt; &quot;[0x2][0x0][0x0][0x0][0x0][0x0][0x0][\r]nc: not found&quot;
21:53:23.596 [docker-java-stream--1317766102] DEBUG c.g.d.z.s.o.a.hc.client5.http.wire - http-outgoing-3 &lt;&lt; &quot;[0x2][0x0][0x0][0x0][0x0][0x0][0x0][0x1][\n]&quot;
21:53:23.630 [docker-java-stream--1317766102] DEBUG c.g.d.z.s.o.a.hc.client5.http.wire - http-outgoing-3 &lt;&lt; &quot;[0x2][0x0][0x0][0x0][0x0][0x0][0x0]4/bin/bash: connect: Cannot assign requested address[\n]&quot;
21:53:23.631 [docker-java-stream--1317766102] DEBUG c.g.d.z.s.o.a.hc.client5.http.wire - http-outgoing-3 &lt;&lt; &quot;[0x2][0x0][0x0][0x0][0x0][0x0][0x0]D/bin/bash: /dev/tcp/localhost/8080: Cannot assign requested address[\n]&quot;
21:53:23.764 [docker-java-stream--1317766102] DEBUG c.g.d.z.s.o.a.hc.client5.http.wire - http-outgoing-3 &lt;&lt; &quot;[0x2][0x0][0x0][0x0][0x0][0x0][0x0][0xc]/bin/sh: 1: &quot;
21:53:23.766 [docker-java-stream--1317766102] DEBUG c.g.d.z.s.o.a.hc.client5.http.wire - http-outgoing-3 &lt;&lt; &quot;[0x2][0x0][0x0][0x0][0x0][0x0][0x0][\r]nc: not found&quot;
21:53:23.766 [docker-java-stream--1317766102] DEBUG c.g.d.z.s.o.a.hc.client5.http.wire - http-outgoing-3 &lt;&lt; &quot;[0x2][0x0][0x0][0x0][0x0][0x0][0x0][0x1][\n]&quot;
21:53:23.776 [docker-java-stream--1317766102] DEBUG c.g.d.z.s.o.a.hc.client5.http.wire - http-outgoing-3 &lt;&lt; &quot;[0x2][0x0][0x0][0x0][0x0][0x0][0x0]4/bin/bash: connect: Cannot assign requested address[\n]&quot;
21:53:23.777 [docker-java-stream--1317766102] DEBUG c.g.d.z.s.o.a.hc.client5.http.wire - http-outgoing-3 &lt;&lt; &quot;[0x2][0x0][0x0][0x0][0x0][0x0][0x0]D/bin/bash: /dev/tcp/localhost/8080: Cannot assign requested address[\n]&quot;
21:53:23.911 [docker-java-stream--1317766102] DEBUG c.g.d.z.s.o.a.hc.client5.http.wire - http-outgoing-3 &lt;&lt; &quot;[0x2][0x0][0x0][0x0][0x0][0x0][0x0][0xc]/bin/sh: 1: &quot;
21:53:23.911 [docker-java-stream--1317766102] DEBUG c.g.d.z.s.o.a.hc.client5.http.wire - http-outgoing-3 &lt;&lt; &quot;[0x2][0x0][0x0][0x0][0x0][0x0][0x0][\r]nc: not found&quot;
21:53:23.912 [docker-java-stream--1317766102] DEBUG c.g.d.z.s.o.a.hc.client5.http.wire - http-outgoing-3 &lt;&lt; &quot;[0x2][0x0][0x0][0x0][0x0][0x0][0x0][0x1][\n]&quot;
21:53:23.919 [docker-java-stream--1317766102] DEBUG c.g.d.z.s.o.a.hc.client5.http.wire - http-outgoing-3 &lt;&lt; &quot;[0x2][0x0][0x0][0x0][0x0][0x0][0x0]4/bin/bash: connect: Cannot assign requested address[\n]&quot;
21:53:23.919 [docker-java-stream--1317766102] DEBUG c.g.d.z.s.o.a.hc.client5.http.wire - http-outgoing-3 &lt;&lt; &quot;[0x2][0x0][0x0][0x0][0x0][0x0][0x0]D/bin/bash: /dev/tcp/localhost/8080: Cannot assign requested address[\n]&quot;
21:53:24.043 [docker-java-stream--1317766102] DEBUG c.g.d.z.s.o.a.hc.client5.http.wire - http-outgoing-3 &lt;&lt; &quot;[0x2][0x0][0x0][0x0][0x0][0x0][0x0][0xc]/bin/sh: 1: &quot;
21:53:24.044 [docker-java-stream--1317766102] DEBUG c.g.d.z.s.o.a.hc.client5.http.wire - http-outgoing-3 &lt;&lt; &quot;[0x2][0x0][0x0][0x0][0x0][0x0][0x0][\r]nc: not found&quot;
21:53:24.045 [docker-java-stream--1317766102] DEBUG c.g.d.z.s.o.a.hc.client5.http.wire - http-outgoing-3 &lt;&lt; &quot;[0x2][0x0][0x0][0x0][0x0][0x0][0x0][0x1][\n]&quot;
21:53:24.051 [docker-java-stream--1317766102] DEBUG c.g.d.z.s.o.a.hc.client5.http.wire - http-outgoing-3 &lt;&lt; &quot;[0x2][0x0][0x0][0x0][0x0][0x0][0x0]4/bin/bash: connect: Cannot assign requested address[\n]&quot;
21:53:24.052 [docker-java-stream--1317766102] DEBUG c.g.d.z.s.o.a.hc.client5.http.wire - http-outgoing-3 &lt;&lt; &quot;[0x2][0x0][0x0][0x0][0x0][0x0][0x0]D/bin/bash: /dev/tcp/localhost/8080: Cannot assign requested address[\n]&quot;
21:53:24.183 [docker-java-stream--1317766102] DEBUG c.g.d.z.s.o.a.hc.client5.http.wire - http-outgoing-3 &lt;&lt; &quot;[0x2][0x0][0x0][0x0][0x0][0x0][0x0][0xc]/bin/sh: 1: &quot;
21:53:24.184 [docker-java-stream--1317766102] DEBUG c.g.d.z.s.o.a.hc.client5.http.wire - http-outgoing-3 &lt;&lt; &quot;[0x2][0x0][0x0][0x0][0x0][0x0][0x0][\r]nc: not found&quot;
21:53:24.184 [docker-java-stream--1317766102] DEBUG c.g.d.z.s.o.a.hc.client5.http.wire - http-outgoing-3 &lt;&lt; &quot;[0x2][0x0][0x0][0x0][0x0][0x0][0x0][0x1][\n]&quot;
21:53:24.196 [docker-java-stream--1317766102] DEBUG c.g.d.z.s.o.a.hc.client5.http.wire - http-outgoing-3 &lt;&lt; &quot;[0x2][0x0][0x0][0x0][0x0][0x0][0x0]4/bin/bash: connect: Cannot assign requested address[\n]&quot;
21:53:24.208 [docker-java-stream--1317766102] DEBUG c.g.d.z.s.o.a.hc.client5.http.wire - http-outgoing-3 &lt;&lt; &quot;[0x2][0x0][0x0][0x0][0x0][0x0][0x0]D/bin/bash: /dev/tcp/localhost/8080: Cannot assign requested address[\n]&quot;
21:53:24.343 [docker-java-stream--1317766102] DEBUG c.g.d.z.s.o.a.hc.client5.http.wire - http-outgoing-3 &lt;&lt; &quot;[0x2][0x0][0x0][0x0][0x0][0x0][0x0][0xc]/bin/sh: 1: &quot;
21:53:24.343 [docker-java-stream--1317766102] DEBUG c.g.d.z.s.o.a.hc.client5.http.wire - http-outgoing-3 &lt;&lt; &quot;[0x2][0x0][0x0][0x0][0x0][0x0][0x0][\r]nc: not found&quot;
21:53:24.343 [docker-java-stream--1317766102] DEBUG c.g.d.z.s.o.a.hc.client5.http.wire - http-outgoing-3 &lt;&lt; &quot;[0x2][0x0][0x0][0x0][0x0][0x0][0x0][0x1][\n]&quot;
21:53:24.348 [docker-java-stream--1317766102] DEBUG c.g.d.z.s.o.a.hc.client5.http.wire - http-outgoing-3 &lt;&lt; &quot;[0x2][0x0][0x0][0x0][0x0][0x0][0x0]4/bin/bash: connect: Cannot assign requested address[\n]&quot;
21:53:24.354 [docker-java-stream--1317766102] DEBUG c.g.d.z.s.o.a.hc.client5.http.wire - http-outgoing-3 &lt;&lt; &quot;[0x2][0x0][0x0][0x0][0x0][0x0][0x0]D/bin/bash: /dev/tcp/localhost/8080: Cannot assign requested address[\n]&quot;
21:53:24.490 [docker-java-stream--1317766102] DEBUG c.g.d.z.s.o.a.hc.client5.http.wire - http-outgoing-3 &lt;&lt; &quot;[0x2][0x0][0x0][0x0][0x0][0x0][0x0][0xc]/bin/sh: 1: &quot;
21:53:24.490 [docker-java-stream--1317766102] DEBUG c.g.d.z.s.o.a.hc.client5.http.wire - http-outgoing-3 &lt;&lt; &quot;[0x2][0x0][0x0][0x0][0x0][0x0][0x0][\r]nc: not found&quot;
21:53:24.490 [docker-java-stream--1317766102] DEBUG c.g.d.z.s.o.a.hc.client5.http.wire - http-outgoing-3 &lt;&lt; &quot;[0x2][0x0][0x0][0x0][0x0][0x0][0x0][0x1][\n]&quot;
21:53:24.503 [docker-java-stream--1317766102] DEBUG c.g.d.z.s.o.a.hc.client5.http.wire - http-outgoing-3 &lt;&lt; &quot;[0x2][0x0][0x0][0x0][0x0][0x0][0x0]4/bin/bash: connect: Cannot assign requested address[\n]&quot;
21:53:24.503 [docker-java-stream--1317766102] DEBUG c.g.d.z.s.o.a.hc.client5.http.wire - http-outgoing-3 &lt;&lt; &quot;[0x2][0x0][0x0][0x0][0x0][0x0][0x0]D/bin/bash: /dev/tcp/localhost/8080: Cannot assign requested address[\n]&quot;
21:53:24.632 [docker-java-stream--1317766102] DEBUG c.g.d.z.s.o.a.hc.client5.http.wire - http-outgoing-3 &lt;&lt; &quot;[0x2][0x0][0x0][0x0][0x0][0x0][0x0][0xc]/bin/sh: 1: &quot;
21:53:24.632 [docker-java-stream--1317766102] DEBUG c.g.d.z.s.o.a.hc.client5.http.wire - http-outgoing-3 &lt;&lt; &quot;[0x2][0x0][0x0][0x0][0x0][0x0][0x0][\r]nc: not found&quot;
21:53:24.633 [docker-java-stream--1317766102] DEBUG c.g.d.z.s.o.a.hc.client5.http.wire - http-outgoing-3 &lt;&lt; &quot;[0x2][0x0][0x0][0x0][0x0][0x0][0x0][0x1][\n]&quot;
21:53:24.649 [docker-java-stream--1317766102] DEBUG c.g.d.z.s.o.a.hc.client5.http.wire - http-outgoing-3 &lt;&lt; &quot;[0x2][0x0][0x0][0x0][0x0][0x0][0x0]4/bin/bash: connect: Cannot assign requested address[\n]&quot;
21:53:24.653 [docker-java-stream--1317766102] DEBUG c.g.d.z.s.o.a.hc.client5.http.wire - http-outgoing-3 &lt;&lt; &quot;[0x2][0x0][0x0][0x0][0x0][0x0][0x0]D/bin/bash: /dev/tcp/localhost/8080: Cannot assign requested address[\n]&quot;
21:53:24.780 [docker-java-stream--1317766102] DEBUG c.g.d.z.s.o.a.hc.client5.http.wire - http-outgoing-3 &lt;&lt; &quot;[0x2][0x0][0x0][0x0][0x0][0x0][0x0][0xc]/bin/sh: 1: &quot;
21:53:24.782 [docker-java-stream--1317766102] DEBUG c.g.d.z.s.o.a.hc.client5.http.wire - http-outgoing-3 &lt;&lt; &quot;[0x2][0x0][0x0][0x0][0x0][0x0][0x0][\r]nc: not found&quot;
21:53:24.782 [docker-java-stream--1317766102] DEBUG c.g.d.z.s.o.a.hc.client5.http.wire - http-outgoing-3 &lt;&lt; &quot;[0x2][0x0][0x0][0x0][0x0][0x0][0x0][0x1][\n]&quot;
21:53:24.802 [docker-java-stream--1317766102] DEBUG c.g.d.z.s.o.a.hc.client5.http.wire - http-outgoing-3 &lt;&lt; &quot;[0x2][0x0][0x0][0x0][0x0][0x0][0x0]4/bin/bash: connect: Cannot assign requested address[\n]&quot;
21:53:24.804 [docker-java-stream--1317766102] DEBUG c.g.d.z.s.o.a.hc.client5.http.wire - http-outgoing-3 &lt;&lt; &quot;[0x2][0x0][0x0][0x0][0x0][0x0][0x0]D/bin/bash: /dev/tcp/localhost/8080: Cannot assign requested address[\n]&quot;
21:53:24.923 [docker-java-stream--1317766102] DEBUG c.g.d.z.s.o.a.hc.client5.http.wire - http-outgoing-3 &lt;&lt; &quot;[0x2][0x0][0x0][0x0][0x0][0x0][0x0][0xc]/bin/sh: 1: &quot;
21:53:24.926 [docker-java-stream--1317766102] DEBUG c.g.d.z.s.o.a.hc.client5.http.wire - http-outgoing-3 &lt;&lt; &quot;[0x2][0x0][0x0][0x0][0x0][0x0][0x0][\r]nc: not found&quot;
21:53:24.926 [docker-java-stream--1317766102] DEBUG c.g.d.z.s.o.a.hc.client5.http.wire - http-outgoing-3 &lt;&lt; &quot;[0x2][0x0][0x0][0x0][0x0][0x0][0x0][0x1][\n]&quot;
21:53:24.939 [docker-java-stream--1317766102] DEBUG c.g.d.z.s.o.a.hc.client5.http.wire - http-outgoing-3 &lt;&lt; &quot;[0x2][0x0][0x0][0x0][0x0][0x0][0x0]4/bin/bash: connect: Cannot assign requested address[\n]&quot;
21:53:24.942 [docker-java-stream--1317766102] DEBUG c.g.d.z.s.o.a.hc.client5.http.wire - http-outgoing-3 &lt;&lt; &quot;[0x2][0x0][0x0][0x0][0x0][0x0][0x0]D/bin/bash: /dev/tcp/localhost/8080: Cannot assign requested address[\n]&quot;
21:53:25.063 [docker-java-stream--1317766102] DEBUG c.g.d.z.s.o.a.hc.client5.http.wire - http-outgoing-3 &lt;&lt; &quot;[0x2][0x0][0x0][0x0][0x0][0x0][0x0][0xc]/bin/sh: 1: &quot;
21:53:25.064 [docker-java-stream--1317766102] DEBUG c.g.d.z.s.o.a.hc.client5.http.wire - http-outgoing-3 &lt;&lt; &quot;[0x2][0x0][0x0][0x0][0x0][0x0][0x0][\r]nc: not found&quot;
21:53:25.064 [docker-java-stream--1317766102] DEBUG c.g.d.z.s.o.a.hc.client5.http.wire - http-outgoing-3 &lt;&lt; &quot;[0x2][0x0][0x0][0x0][0x0][0x0][0x0][0x1][\n]&quot;
21:53:25.080 [docker-java-stream--1317766102] DEBUG c.g.d.z.s.o.a.hc.client5.http.wire - http-outgoing-3 &lt;&lt; &quot;[0x2][0x0][0x0][0x0][0x0][0x0][0x0]4/bin/bash: connect: Cannot assign requested address[\n]&quot;
21:53:25.081 [docker-java-stream--1317766102] DEBUG c.g.d.z.s.o.a.hc.client5.http.wire - http-outgoing-3 &lt;&lt; &quot;[0x2][0x0][0x0][0x0][0x0][0x0][0x0]D/bin/bash: /dev/tcp/localhost/8080: Cannot assign requested address[\n]&quot;
21:53:25.205 [docker-java-stream--1317766102] DEBUG c.g.d.z.s.o.a.hc.client5.http.wire - http-outgoing-3 &lt;&lt; &quot;[0x2][0x0][0x0][0x0][0x0][0x0][0x0][0xc]/bin/sh: 1: &quot;
21:53:25.206 [docker-java-stream--1317766102] DEBUG c.g.d.z.s.o.a.hc.client5.http.wire - http-outgoing-3 &lt;&lt; &quot;[0x2][0x0][0x0][0x0][0x0][0x0][0x0][\r]nc: not found&quot;
21:53:25.213 [docker-java-stream--1317766102] DEBUG c.g.d.z.s.o.a.hc.client5.http.wire - http-outgoing-3 &lt;&lt; &quot;[0x2][0x0][0x0][0x0][0x0][0x0][0x0][0x1][\n]&quot;
21:53:25.223 [docker-java-stream--1317766102] DEBUG c.g.d.z.s.o.a.hc.client5.http.wire - http-outgoing-3 &lt;&lt; &quot;[0x2][0x0][0x0][0x0][0x0][0x0][0x0]4/bin/bash: connect: Cannot assign requested address[\n]&quot;
21:53:25.230 [docker-java-stream--1317766102] DEBUG c.g.d.z.s.o.a.hc.client5.http.wire - http-outgoing-3 &lt;&lt; &quot;[0x2][0x0][0x0][0x0][0x0][0x0][0x0]D/bin/bash: /dev/tcp/localhost/8080: Cannot assign requested address[\n]&quot;
21:53:25.347 [docker-java-stream--1317766102] DEBUG c.g.d.z.s.o.a.hc.client5.http.wire - http-outgoing-3 &lt;&lt; &quot;[0x2][0x0][0x0][0x0][0x0][0x0][0x0][0xc]/bin/sh: 1: &quot;
21:53:25.349 [docker-java-stream--1317766102] DEBUG c.g.d.z.s.o.a.hc.client5.http.wire - http-outgoing-3 &lt;&lt; &quot;[0x2][0x0][0x0][0x0][0x0][0x0][0x0][\r]nc: not found&quot;
21:53:25.349 [docker-java-stream--1317766102] DEBUG c.g.d.z.s.o.a.hc.client5.http.wire - http-outgoing-3 &lt;&lt; &quot;[0x2][0x0][0x0][0x0][0x0][0x0][0x0][0x1][\n]&quot;
21:53:25.358 [docker-java-stream--1317766102] DEBUG c.g.d.z.s.o.a.hc.client5.http.wire - http-outgoing-3 &lt;&lt; &quot;[0x2][0x0][0x0][0x0][0x0][0x0][0x0]4/bin/bash: connect: Cannot assign requested address[\n]&quot;
21:53:25.358 [docker-java-stream--1317766102] DEBUG c.g.d.z.s.o.a.hc.client5.http.wire - http-outgoing-3 &lt;&lt; &quot;[0x2][0x0][0x0][0x0][0x0][0x0][0x0]D/bin/bash: /dev/tcp/localhost/8080: Cannot assign requested address[\n]&quot;
21:53:25.477 [docker-java-stream--1317766102] DEBUG c.g.d.z.s.o.a.hc.client5.http.wire - http-outgoing-3 &lt;&lt; &quot;[0x2][0x0][0x0][0x0][0x0][0x0][0x0][0xc]/bin/sh: 1: &quot;
21:53:25.480 [docker-java-stream--1317766102] DEBUG c.g.d.z.s.o.a.hc.client5.http.wire - http-outgoing-3 &lt;&lt; &quot;[0x2][0x0][0x0][0x0][0x0][0x0][0x0][\r]nc: not found&quot;
21:53:25.480 [docker-java-stream--1317766102] DEBUG c.g.d.z.s.o.a.hc.client5.http.wire - http-outgoing-3 &lt;&lt; &quot;[0x2][0x0][0x0][0x0][0x0][0x0][0x0][0x1][\n]&quot;
21:53:25.494 [docker-java-stream--1317766102] DEBUG c.g.d.z.s.o.a.hc.client5.http.wire - http-outgoing-3 &lt;&lt; &quot;[0x2][0x0][0x0][0x0][0x0][0x0][0x0]4/bin/bash: connect: Cannot assign requested address[\n]&quot;
21:53:25.502 [docker-java-stream--1317766102] DEBUG c.g.d.z.s.o.a.hc.client5.http.wire - http-outgoing-3 &lt;&lt; &quot;[0x2][0x0][0x0][0x0][0x0][0x0][0x0]D/bin/bash: /dev/tcp/localhost/8080: Cannot assign requested address[\n]&quot;
21:53:25.622 [docker-java-stream--1317766102] DEBUG c.g.d.z.s.o.a.hc.client5.http.wire - http-outgoing-3 &lt;&lt; &quot;[0x2][0x0][0x0][0x0][0x0][0x0][0x0][0xc]/bin/sh: 1: &quot;
21:53:25.623 [docker-java-stream--1317766102] DEBUG c.g.d.z.s.o.a.hc.client5.http.wire - http-outgoing-3 &lt;&lt; &quot;[0x2][0x0][0x0][0x0][0x0][0x0][0x0][\r]nc: not found&quot;
21:53:25.623 [docker-java-stream--1317766102] DEBUG c.g.d.z.s.o.a.hc.client5.http.wire - http-outgoing-3 &lt;&lt; &quot;[0x2][0x0][0x0][0x0][0x0][0x0][0x0][0x1][\n]&quot;
21:53:25.633 [docker-java-stream--1317766102] DEBUG c.g.d.z.s.o.a.hc.client5.http.wire - http-outgoing-3 &lt;&lt; &quot;[0x2][0x0][0x0][0x0][0x0][0x0][0x0]4/bin/bash: connect: Cannot assign requested address[\n]&quot;
21:53:25.637 [docker-java-stream--1317766102] DEBUG c.g.d.z.s.o.a.hc.client5.http.wire - http-outgoing-3 &lt;&lt; &quot;[0x2][0x0][0x0][0x0][0x0][0x0][0x0]D/bin/bash: /dev/tcp/localhost/8080: Cannot assign requested address[\n]&quot;
21:53:25.764 [docker-java-stream--1317766102] DEBUG c.g.d.z.s.o.a.hc.client5.http.wire - http-outgoing-3 &lt;&lt; &quot;[0x2][0x0][0x0][0x0][0x0][0x0][0x0][0xc]/bin/sh: 1: &quot;
21:53:25.764 [docker-java-stream--1317766102] DEBUG c.g.d.z.s.o.a.hc.client5.http.wire - http-outgoing-3 &lt;&lt; &quot;[0x2][0x0][0x0][0x0][0x0][0x0][0x0][\r]nc: not found&quot;
21:53:25.764 [docker-java-stream--1317766102] DEBUG c.g.d.z.s.o.a.hc.client5.http.wire - http-outgoing-3 &lt;&lt; &quot;[0x2][0x0][0x0][0x0][0x0][0x0][0x0][0x1][\n]&quot;
21:53:25.783 [docker-java-stream--1317766102] DEBUG c.g.d.z.s.o.a.hc.client5.http.wire - http-outgoing-3 &lt;&lt; &quot;[0x2][0x0][0x0][0x0][0x0][0x0][0x0]4/bin/bash: connect: Cannot assign requested address[\n]&quot;
21:53:25.783 [docker-java-stream--1317766102] DEBUG c.g.d.z.s.o.a.hc.client5.http.wire - http-outgoing-3 &lt;&lt; &quot;[0x2][0x0][0x0][0x0][0x0][0x0][0x0]D/bin/bash: /dev/tcp/localhost/8080: Cannot assign requested address[\n]&quot;
21:53:25.903 [docker-java-stream--1317766102] DEBUG c.g.d.z.s.o.a.hc.client5.http.wire - http-outgoing-3 &lt;&lt; &quot;[0x2][0x0][0x0][0x0][0x0][0x0][0x0][0xc]/bin/sh: 1: &quot;
21:53:25.905 [docker-java-stream--1317766102] DEBUG c.g.d.z.s.o.a.hc.client5.http.wire - http-outgoing-3 &lt;&lt; &quot;[0x2][0x0][0x0][0x0][0x0][0x0][0x0][\r]nc: not found&quot;
21:53:25.905 [docker-java-stream--1317766102] DEBUG c.g.d.z.s.o.a.hc.client5.http.wire - http-outgoing-3 &lt;&lt; &quot;[0x2][0x0][0x0][0x0][0x0][0x0][0x0][0x1][\n]&quot;
21:53:25.915 [docker-java-stream--1317766102] DEBUG c.g.d.z.s.o.a.hc.client5.http.wire - http-outgoing-3 &lt;&lt; &quot;[0x2][0x0][0x0][0x0][0x0][0x0][0x0]4/bin/bash: connect: Cannot assign requested address[\n]&quot;
21:53:25.917 [docker-java-stream--1317766102] DEBUG c.g.d.z.s.o.a.hc.client5.http.wire - http-outgoing-3 &lt;&lt; &quot;[0x2][0x0][0x0][0x0][0x0][0x0][0x0]D/bin/bash: /dev/tcp/localhost/8080: Cannot assign requested address[\n]&quot;
21:53:26.060 [docker-java-stream--1317766102] DEBUG c.g.d.z.s.o.a.hc.client5.http.wire - http-outgoing-3 &lt;&lt; &quot;[0x2][0x0][0x0][0x0][0x0][0x0][0x0][0xc]/bin/sh: 1: &quot;
21:53:26.060 [docker-java-stream--1317766102] DEBUG c.g.d.z.s.o.a.hc.client5.http.wire - http-outgoing-3 &lt;&lt; &quot;[0x2][0x0][0x0][0x0][0x0][0x0][0x0][\r]nc: not found&quot;
21:53:26.060 [docker-java-stream--1317766102] DEBUG c.g.d.z.s.o.a.hc.client5.http.wire - http-outgoing-3 &lt;&lt; &quot;[0x2][0x0][0x0][0x0][0x0][0x0][0x0][0x1][\n]&quot;
21:53:26.064 [docker-java-stream--1317766102] DEBUG c.g.d.z.s.o.a.hc.client5.http.wire - http-outgoing-3 &lt;&lt; &quot;[0x2][0x0][0x0][0x0][0x0][0x0][0x0]4/bin/bash: connect: Cannot assign requested address[\n]&quot;
21:53:26.064 [docker-java-stream--1317766102] DEBUG c.g.d.z.s.o.a.hc.client5.http.wire - http-outgoing-3 &lt;&lt; &quot;[0x2][0x0][0x0][0x0][0x0][0x0][0x0]D/bin/bash: /dev/tcp/localhost/8080: Cannot assign requested address[\n]&quot;
21:53:26.195 [docker-java-stream--1317766102] DEBUG c.g.d.z.s.o.a.hc.client5.http.wire - http-outgoing-3 &lt;&lt; &quot;[0x2][0x0][0x0][0x0][0x0][0x0][0x0][0xc]/bin/sh: 1: &quot;
21:53:26.195 [docker-java-stream--1317766102] DEBUG c.g.d.z.s.o.a.hc.client5.http.wire - http-outgoing-3 &lt;&lt; &quot;[0x2][0x0][0x0][0x0][0x0][0x0][0x0][\r]nc: not found&quot;
21:53:26.195 [docker-java-stream--1317766102] DEBUG c.g.d.z.s.o.a.hc.client5.http.wire - http-outgoing-3 &lt;&lt; &quot;[0x2][0x0][0x0][0x0][0x0][0x0][0x0][0x1][\n]&quot;
21:53:26.205 [docker-java-stream--1317766102] DEBUG c.g.d.z.s.o.a.hc.client5.http.wire - http-outgoing-3 &lt;&lt; &quot;[0x2][0x0][0x0][0x0][0x0][0x0][0x0]4/bin/bash: connect: Cannot assign requested address[\n]&quot;
21:53:26.213 [docker-java-stream--1317766102] DEBUG c.g.d.z.s.o.a.hc.client5.http.wire - http-outgoing-3 &lt;&lt; &quot;[0x2][0x0][0x0][0x0][0x0][0x0][0x0]D/bin/bash: /dev/tcp/localhost/8080: Cannot assign requested address[\n]&quot;
21:53:26.348 [docker-java-stream--1317766102] DEBUG c.g.d.z.s.o.a.hc.client5.http.wire - http-outgoing-3 &lt;&lt; &quot;[0x2][0x0][0x0][0x0][0x0][0x0][0x0][0xc]/bin/sh: 1: &quot;
21:53:26.348 [docker-java-stream--1317766102] DEBUG c.g.d.z.s.o.a.hc.client5.http.wire - http-outgoing-3 &lt;&lt; &quot;[0x2][0x0][0x0][0x0][0x0][0x0][0x0][\r]nc: not found&quot;
21:53:26.348 [docker-java-stream--1317766102] DEBUG c.g.d.z.s.o.a.hc.client5.http.wire - http-outgoing-3 &lt;&lt; &quot;[0x2][0x0][0x0][0x0][0x0][0x0][0x0][0x1][\n]&quot;
21:53:26.358 [docker-java-stream--1317766102] DEBUG c.g.d.z.s.o.a.hc.client5.http.wire - http-outgoing-3 &lt;&lt; &quot;[0x2][0x0][0x0][0x0][0x0][0x0][0x0]4/bin/bash: connect: Cannot assign requested address[\n]&quot;
21:53:26.361 [docker-java-stream--1317766102] DEBUG c.g.d.z.s.o.a.hc.client5.http.wire - http-outgoing-3 &lt;&lt; &quot;[0x2][0x0][0x0][0x0][0x0][0x0][0x0]D/bin/bash: /dev/tcp/localhost/8080: Cannot assign requested address[\n]&quot;
21:53:26.492 [docker-java-stream--1317766102] DEBUG c.g.d.z.s.o.a.hc.client5.http.wire - http-outgoing-3 &lt;&lt; &quot;[0x2][0x0][0x0][0x0][0x0][0x0][0x0][0xc]/bin/sh: 1: &quot;
21:53:26.494 [docker-java-stream--1317766102] DEBUG c.g.d.z.s.o.a.hc.client5.http.wire - http-outgoing-3 &lt;&lt; &quot;[0x2][0x0][0x0][0x0][0x0][0x0][0x0][\r]nc: not found&quot;
21:53:26.494 [docker-java-stream--1317766102] DEBUG c.g.d.z.s.o.a.hc.client5.http.wire - http-outgoing-3 &lt;&lt; &quot;[0x2][0x0][0x0][0x0][0x0][0x0][0x0][0x1][\n]&quot;
21:53:26.500 [docker-java-stream--1317766102] DEBUG c.g.d.z.s.o.a.hc.client5.http.wire - http-outgoing-3 &lt;&lt; &quot;[0x2][0x0][0x0][0x0][0x0][0x0][0x0]4/bin/bash: connect: Cannot assign requested address[\n]&quot;
21:53:26.506 [docker-java-stream--1317766102] DEBUG c.g.d.z.s.o.a.hc.client5.http.wire - http-outgoing-3 &lt;&lt; &quot;[0x2][0x0][0x0][0x0][0x0][0x0][0x0]D/bin/bash: /dev/tcp/localhost/8080: Cannot assign requested address[\n]&quot;
21:53:26.623 [docker-java-stream--1317766102] DEBUG c.g.d.z.s.o.a.hc.client5.http.wire - http-outgoing-3 &lt;&lt; &quot;[0x2][0x0][0x0][0x0][0x0][0x0][0x0][0xc]/bin/sh: 1: &quot;
21:53:26.625 [docker-java-stream--1317766102] DEBUG c.g.d.z.s.o.a.hc.client5.http.wire - http-outgoing-3 &lt;&lt; &quot;[0x2][0x0][0x0][0x0][0x0][0x0][0x0][\r]nc: not found&quot;
21:53:26.625 [docker-java-stream--1317766102] DEBUG c.g.d.z.s.o.a.hc.client5.http.wire - http-outgoing-3 &lt;&lt; &quot;[0x2][0x0][0x0][0x0][0x0][0x0][0x0][0x1][\n]&quot;
21:53:26.631 [docker-java-stream--1317766102] DEBUG c.g.d.z.s.o.a.hc.client5.http.wire - http-outgoing-3 &lt;&lt; &quot;[0x2][0x0][0x0][0x0][0x0][0x0][0x0]4/bin/bash: connect: Cannot assign requested address[\n]&quot;
21:53:26.641 [docker-java-stream--1317766102] DEBUG c.g.d.z.s.o.a.hc.client5.http.wire - http-outgoing-3 &lt;&lt; &quot;[0x2][0x0][0x0][0x0][0x0][0x0][0x0]D/bin/bash: /dev/tcp/localhost/8080: Cannot assign requested address[\n]&quot;
21:53:26.762 [docker-java-stream--1317766102] DEBUG c.g.d.z.s.o.a.hc.client5.http.wire - http-outgoing-3 &lt;&lt; &quot;[0x2][0x0][0x0][0x0][0x0][0x0][0x0][0xc]/bin/sh: 1: &quot;
21:53:26.765 [docker-java-stream--1317766102] DEBUG c.g.d.z.s.o.a.hc.client5.http.wire - http-outgoing-3 &lt;&lt; &quot;[0x2][0x0][0x0][0x0][0x0][0x0][0x0][\r]nc: not found&quot;
21:53:26.765 [docker-java-stream--1317766102] DEBUG c.g.d.z.s.o.a.hc.client5.http.wire - http-outgoing-3 &lt;&lt; &quot;[0x2][0x0][0x0][0x0][0x0][0x0][0x0][0x1][\n]&quot;
21:53:26.780 [docker-java-stream--1317766102] DEBUG c.g.d.z.s.o.a.hc.client5.http.wire - http-outgoing-3 &lt;&lt; &quot;[0x2][0x0][0x0][0x0][0x0][0x0][0x0]4/bin/bash: connect: Cannot assign requested address[\n]&quot;
21:53:26.784 [docker-java-stream--1317766102] DEBUG c.g.d.z.s.o.a.hc.client5.http.wire - http-outgoing-3 &lt;&lt; &quot;[0x2][0x0][0x0][0x0][0x0][0x0][0x0]D/bin/bash: /dev/tcp/localhost/8080: Cannot assign requested address[\n]&quot;
21:53:26.915 [docker-java-stream--1317766102] DEBUG c.g.d.z.s.o.a.hc.client5.http.wire - http-outgoing-3 &lt;&lt; &quot;[0x2][0x0][0x0][0x0][0x0][0x0][0x0][0xc]/bin/sh: 1: &quot;
21:53:26.916 [docker-java-stream--1317766102] DEBUG c.g.d.z.s.o.a.hc.client5.http.wire - http-outgoing-3 &lt;&lt; &quot;[0x2][0x0][0x0][0x0][0x0][0x0][0x0][\r]nc: not found&quot;
21:53:26.916 [docker-java-stream--1317766102] DEBUG c.g.d.z.s.o.a.hc.client5.http.wire - http-outgoing-3 &lt;&lt; &quot;[0x2][0x0][0x0][0x0][0x0][0x0][0x0][0x1][\n]&quot;
21:53:26.932 [docker-java-stream--1317766102] DEBUG c.g.d.z.s.o.a.hc.client5.http.wire - http-outgoing-3 &lt;&lt; &quot;[0x2][0x0][0x0][0x0][0x0][0x0][0x0]4/bin/bash: connect: Cannot assign requested address[\n]&quot;
21:53:26.932 [docker-java-stream--1317766102] DEBUG c.g.d.z.s.o.a.hc.client5.http.wire - http-outgoing-3 &lt;&lt; &quot;[0x2][0x0][0x0][0x0][0x0][0x0][0x0]D/bin/bash: /dev/tcp/localhost/8080: Cannot assign requested address[\n]&quot;
21:53:27.050 [docker-java-stream--1317766102] DEBUG c.g.d.z.s.o.a.hc.client5.http.wire - http-outgoing-3 &lt;&lt; &quot;[0x2][0x0][0x0][0x0][0x0][0x0][0x0][0xc]/bin/sh: 1: &quot;
21:53:27.052 [docker-java-stream--1317766102] DEBUG c.g.d.z.s.o.a.hc.client5.http.wire - http-outgoing-3 &lt;&lt; &quot;[0x2][0x0][0x0][0x0][0x0][0x0][0x0][\r]nc: not found&quot;
21:53:27.052 [docker-java-stream--1317766102] DEBUG c.g.d.z.s.o.a.hc.client5.http.wire - http-outgoing-3 &lt;&lt; &quot;[0x2][0x0][0x0][0x0][0x0][0x0][0x0][0x1][\n]&quot;
21:53:27.059 [docker-java-stream--1317766102] DEBUG c.g.d.z.s.o.a.hc.client5.http.wire - http-outgoing-3 &lt;&lt; &quot;[0x2][0x0][0x0][0x0][0x0][0x0][0x0]4/bin/bash: connect: Cannot assign requested address[\n]&quot;
21:53:27.066 [docker-java-stream--1317766102] DEBUG c.g.d.z.s.o.a.hc.client5.http.wire - http-outgoing-3 &lt;&lt; &quot;[0x2][0x0][0x0][0x0][0x0][0x0][0x0]D/bin/bash: /dev/tcp/localhost/8080: Cannot assign requested address[\n]&quot;
21:53:27.203 [docker-java-stream--1317766102] DEBUG c.g.d.z.s.o.a.hc.client5.http.wire - http-outgoing-3 &lt;&lt; &quot;[0x2][0x0][0x0][0x0][0x0][0x0][0x0][0xc]/bin/sh: 1: &quot;
21:53:27.204 [docker-java-stream--1317766102] DEBUG c.g.d.z.s.o.a.hc.client5.http.wire - http-outgoing-3 &lt;&lt; &quot;[0x2][0x0][0x0][0x0][0x0][0x0][0x0][\r]nc: not found&quot;
21:53:27.205 [docker-java-stream--1317766102] DEBUG c.g.d.z.s.o.a.hc.client5.http.wire - http-outgoing-3 &lt;&lt; &quot;[0x2][0x0][0x0][0x0][0x0][0x0][0x0][0x1][\n]&quot;
21:53:27.212 [docker-java-stream--1317766102] DEBUG c.g.d.z.s.o.a.hc.client5.http.wire - http-outgoing-3 &lt;&lt; &quot;[0x2][0x0][0x0][0x0][0x0][0x0][0x0]4/bin/bash: connect: Cannot assign requested address[\n]&quot;
21:53:27.213 [docker-java-stream--1317766102] DEBUG c.g.d.z.s.o.a.hc.client5.http.wire - http-outgoing-3 &lt;&lt; &quot;[0x2][0x0][0x0][0x0][0x0][0x0][0x0]D/bin/bash: /dev/tcp/localhost/8080: Cannot assign requested address[\n]&quot;
21:53:27.341 [docker-java-stream--1317766102] DEBUG c.g.d.z.s.o.a.hc.client5.http.wire - http-outgoing-3 &lt;&lt; &quot;[0x2][0x0][0x0][0x0][0x0][0x0][0x0][0xc]/bin/sh: 1: &quot;
21:53:27.341 [docker-java-stream--1317766102] DEBUG c.g.d.z.s.o.a.hc.client5.http.wire - http-outgoing-3 &lt;&lt; &quot;[0x2][0x0][0x0][0x0][0x0][0x0][0x0][\r]nc: not found&quot;
21:53:27.341 [docker-java-stream--1317766102] DEBUG c.g.d.z.s.o.a.hc.client5.http.wire - http-outgoing-3 &lt;&lt; &quot;[0x2][0x0][0x0][0x0][0x0][0x0][0x0][0x1][\n]&quot;
21:53:27.352 [docker-java-stream--1317766102] DEBUG c.g.d.z.s.o.a.hc.client5.http.wire - http-outgoing-3 &lt;&lt; &quot;[0x2][0x0][0x0][0x0][0x0][0x0][0x0]4/bin/bash: connect: Cannot assign requested address[\n]&quot;
21:53:27.355 [docker-java-stream--1317766102] DEBUG c.g.d.z.s.o.a.hc.client5.http.wire - http-outgoing-3 &lt;&lt; &quot;[0x2][0x0][0x0][0x0][0x0][0x0][0x0]D/bin/bash: /dev/tcp/localhost/8080: Cannot assign requested address[\n]&quot;
21:53:27.484 [docker-java-stream--1317766102] DEBUG c.g.d.z.s.o.a.hc.client5.http.wire - http-outgoing-3 &lt;&lt; &quot;[0x2][0x0][0x0][0x0][0x0][0x0][0x0][0xc]/bin/sh: 1: &quot;
21:53:27.487 [docker-java-stream--1317766102] DEBUG c.g.d.z.s.o.a.hc.client5.http.wire - http-outgoing-3 &lt;&lt; &quot;[0x2][0x0][0x0][0x0][0x0][0x0][0x0][\r]nc: not found&quot;
21:53:27.487 [docker-java-stream--1317766102] DEBUG c.g.d.z.s.o.a.hc.client5.http.wire - http-outgoing-3 &lt;&lt; &quot;[0x2][0x0][0x0][0x0][0x0][0x0][0x0][0x1][\n]&quot;
21:53:27.495 [docker-java-stream--1317766102] DEBUG c.g.d.z.s.o.a.hc.client5.http.wire - http-outgoing-3 &lt;&lt; &quot;[0x2][0x0][0x0][0x0][0x0][0x0][0x0]4/bin/bash: connect: Cannot assign requested address[\n]&quot;
21:53:27.495 [docker-java-stream--1317766102] DEBUG c.g.d.z.s.o.a.hc.client5.http.wire - http-outgoing-3 &lt;&lt; &quot;[0x2][0x0][0x0][0x0][0x0][0x0][0x0]D/bin/bash: /dev/tcp/localhost/8080: Cannot assign requested address[\n]&quot;
21:53:27.619 [docker-java-stream--1317766102] DEBUG c.g.d.z.s.o.a.hc.client5.http.wire - http-outgoing-3 &lt;&lt; &quot;[0x2][0x0][0x0][0x0][0x0][0x0][0x0][0xc]/bin/sh: 1: &quot;
21:53:27.620 [docker-java-stream--1317766102] DEBUG c.g.d.z.s.o.a.hc.client5.http.wire - http-outgoing-3 &lt;&lt; &quot;[0x2][0x0][0x0][0x0][0x0][0x0][0x0][\r]nc: not found&quot;
21:53:27.621 [docker-java-stream--1317766102] DEBUG c.g.d.z.s.o.a.hc.client5.http.wire - http-outgoing-3 &lt;&lt; &quot;[0x2][0x0][0x0][0x0][0x0][0x0][0x0][0x1][\n]&quot;
21:53:27.627 [docker-java-stream--1317766102] DEBUG c.g.d.z.s.o.a.hc.client5.http.wire - http-outgoing-3 &lt;&lt; &quot;[0x2][0x0][0x0][0x0][0x0][0x0][0x0]4/bin/bash: connect: Cannot assign requested address[\n]&quot;
21:53:27.635 [docker-java-stream--1317766102] DEBUG c.g.d.z.s.o.a.hc.client5.http.wire - http-outgoing-3 &lt;&lt; &quot;[0x2][0x0][0x0][0x0][0x0][0x0][0x0]D/bin/bash: /dev/tcp/localhost/8080: Cannot assign requested address[\n]&quot;
21:53:27.767 [docker-java-stream--1317766102] DEBUG c.g.d.z.s.o.a.hc.client5.http.wire - http-outgoing-3 &lt;&lt; &quot;[0x2][0x0][0x0][0x0][0x0][0x0][0x0][0xc]/bin/sh: 1: &quot;
21:53:27.767 [docker-java-stream--1317766102] DEBUG c.g.d.z.s.o.a.hc.client5.http.wire - http-outgoing-3 &lt;&lt; &quot;[0x2][0x0][0x0][0x0][0x0][0x0][0x0][\r]nc: not found&quot;
21:53:27.768 [docker-java-stream--1317766102] DEBUG c.g.d.z.s.o.a.hc.client5.http.wire - http-outgoing-3 &lt;&lt; &quot;[0x2][0x0][0x0][0x0][0x0][0x0][0x0][0x1][\n]&quot;
21:53:27.774 [docker-java-stream--1317766102] DEBUG c.g.d.z.s.o.a.hc.client5.http.wire - http-outgoing-3 &lt;&lt; &quot;[0x2][0x0][0x0][0x0][0x0][0x0][0x0]4/bin/bash: connect: Cannot assign requested address[\n]&quot;
21:53:27.775 [docker-java-stream--1317766102] DEBUG c.g.d.z.s.o.a.hc.client5.http.wire - http-outgoing-3 &lt;&lt; &quot;[0x2][0x0][0x0][0x0][0x0][0x0][0x0]D/bin/bash: /dev/tcp/localhost/8080: Cannot assign requested address[\n]&quot;
21:53:27.906 [docker-java-stream--1317766102] DEBUG c.g.d.z.s.o.a.hc.client5.http.wire - http-outgoing-3 &lt;&lt; &quot;[0x2][0x0][0x0][0x0][0x0][0x0][0x0][0xc]/bin/sh: 1: &quot;
21:53:27.907 [docker-java-stream--1317766102] DEBUG c.g.d.z.s.o.a.hc.client5.http.wire - http-outgoing-3 &lt;&lt; &quot;[0x2][0x0][0x0][0x0][0x0][0x0][0x0][\r]nc: not found&quot;
21:53:27.908 [docker-java-stream--1317766102] DEBUG c.g.d.z.s.o.a.hc.client5.http.wire - http-outgoing-3 &lt;&lt; &quot;[0x2][0x0][0x0][0x0][0x0][0x0][0x0][0x1][\n]&quot;
21:53:27.921 [docker-java-stream--1317766102] DEBUG c.g.d.z.s.o.a.hc.client5.http.wire - http-outgoing-3 &lt;&lt; &quot;[0x2][0x0][0x0][0x0][0x0][0x0][0x0]4/bin/bash: connect: Cannot assign requested address[\n]&quot;
21:53:27.935 [docker-java-stream--1317766102] DEBUG c.g.d.z.s.o.a.hc.client5.http.wire - http-outgoing-3 &lt;&lt; &quot;[0x2][0x0][0x0][0x0][0x0][0x0][0x0]D/bin/bash: /dev/tcp/localhost/8080: Cannot assign requested address[\n]&quot;
21:53:28.056 [docker-java-stream--1317766102] DEBUG c.g.d.z.s.o.a.hc.client5.http.wire - http-outgoing-3 &lt;&lt; &quot;[0x2][0x0][0x0][0x0][0x0][0x0][0x0][0xc]/bin/sh: 1: &quot;
21:53:28.062 [docker-java-stream--1317766102] DEBUG c.g.d.z.s.o.a.hc.client5.http.wire - http-outgoing-3 &lt;&lt; &quot;[0x2][0x0][0x0][0x0][0x0][0x0][0x0][\r]nc: not found[0x2][0x0][0x0][0x0][0x0][0x0][0x0][0x1][\n]&quot;
21:53:28.069 [docker-java-stream--1317766102] DEBUG c.g.d.z.s.o.a.hc.client5.http.wire - http-outgoing-3 &lt;&lt; &quot;[0x2][0x0][0x0][0x0][0x0][0x0][0x0]4/bin/bash: connect: Cannot assign requested address[\n]&quot;
21:53:28.069 [docker-java-stream--1317766102] DEBUG c.g.d.z.s.o.a.hc.client5.http.wire - http-outgoing-3 &lt;&lt; &quot;[0x2][0x0][0x0][0x0][0x0][0x0][0x0]D/bin/bash: /dev/tcp/localhost/8080: Cannot assign requested address[\n]&quot;
21:53:28.196 [docker-java-stream--1317766102] DEBUG c.g.d.z.s.o.a.hc.client5.http.wire - http-outgoing-3 &lt;&lt; &quot;[0x2][0x0][0x0][0x0][0x0][0x0][0x0][0xc]/bin/sh: 1: &quot;
21:53:28.196 [docker-java-stream--1317766102] DEBUG c.g.d.z.s.o.a.hc.client5.http.wire - http-outgoing-3 &lt;&lt; &quot;[0x2][0x0][0x0][0x0][0x0][0x0][0x0][\r]nc: not found&quot;
21:53:28.197 [docker-java-stream--1317766102] DEBUG c.g.d.z.s.o.a.hc.client5.http.wire - http-outgoing-3 &lt;&lt; &quot;[0x2][0x0][0x0][0x0][0x0][0x0][0x0][0x1][\n]&quot;
21:53:28.204 [docker-java-stream--1317766102] DEBUG c.g.d.z.s.o.a.hc.client5.http.wire - http-outgoing-3 &lt;&lt; &quot;[0x2][0x0][0x0][0x0][0x0][0x0][0x0]4/bin/bash: connect: Cannot assign requested address[\n]&quot;
21:53:28.210 [docker-java-stream--1317766102] DEBUG c.g.d.z.s.o.a.hc.client5.http.wire - http-outgoing-3 &lt;&lt; &quot;[0x2][0x0][0x0][0x0][0x0][0x0][0x0]D/bin/bash: /dev/tcp/localhost/8080: Cannot assign requested address[\n]&quot;
21:53:28.334 [docker-java-stream--1317766102] DEBUG c.g.d.z.s.o.a.hc.client5.http.wire - http-outgoing-3 &lt;&lt; &quot;[0x2][0x0][0x0][0x0][0x0][0x0][0x0][0xc]/bin/sh: 1: &quot;
21:53:28.334 [docker-java-stream--1317766102] DEBUG c.g.d.z.s.o.a.hc.client5.http.wire - http-outgoing-3 &lt;&lt; &quot;[0x2][0x0][0x0][0x0][0x0][0x0][0x0][\r]nc: not found&quot;
21:53:28.334 [docker-java-stream--1317766102] DEBUG c.g.d.z.s.o.a.hc.client5.http.wire - http-outgoing-3 &lt;&lt; &quot;[0x2][0x0][0x0][0x0][0x0][0x0][0x0][0x1][\n]&quot;
21:53:28.347 [docker-java-stream--1317766102] DEBUG c.g.d.z.s.o.a.hc.client5.http.wire - http-outgoing-3 &lt;&lt; &quot;[0x2][0x0][0x0][0x0][0x0][0x0][0x0]4/bin/bash: connect: Cannot assign requested address[\n]&quot;
21:53:28.352 [docker-java-stream--1317766102] DEBUG c.g.d.z.s.o.a.hc.client5.http.wire - http-outgoing-3 &lt;&lt; &quot;[0x2][0x0][0x0][0x0][0x0][0x0][0x0]D/bin/bash: /dev/tcp/localhost/8080: Cannot assign requested address[\n]&quot;
21:53:28.473 [docker-java-stream--1317766102] DEBUG c.g.d.z.s.o.a.hc.client5.http.wire - http-outgoing-3 &lt;&lt; &quot;[0x2][0x0][0x0][0x0][0x0][0x0][0x0][0xc]/bin/sh: 1: &quot;
21:53:28.474 [docker-java-stream--1317766102] DEBUG c.g.d.z.s.o.a.hc.client5.http.wire - http-outgoing-3 &lt;&lt; &quot;[0x2][0x0][0x0][0x0][0x0][0x0][0x0][\r]nc: not found&quot;
21:53:28.474 [docker-java-stream--1317766102] DEBUG c.g.d.z.s.o.a.hc.client5.http.wire - http-outgoing-3 &lt;&lt; &quot;[0x2][0x0][0x0][0x0][0x0][0x0][0x0][0x1][\n]&quot;
21:53:28.483 [docker-java-stream--1317766102] DEBUG c.g.d.z.s.o.a.hc.client5.http.wire - http-outgoing-3 &lt;&lt; &quot;[0x2][0x0][0x0][0x0][0x0][0x0][0x0]4/bin/bash: connect: Cannot assign requested address[\n]&quot;
21:53:28.488 [docker-java-stream--1317766102] DEBUG c.g.d.z.s.o.a.hc.client5.http.wire - http-outgoing-3 &lt;&lt; &quot;[0x2][0x0][0x0][0x0][0x0][0x0][0x0]D/bin/bash: /dev/tcp/localhost/8080: Cannot assign requested address[\n]&quot;
21:53:28.611 [docker-java-stream--1317766102] DEBUG c.g.d.z.s.o.a.hc.client5.http.wire - http-outgoing-3 &lt;&lt; &quot;[0x2][0x0][0x0][0x0][0x0][0x0][0x0][0xc]/bin/sh: 1: &quot;
21:53:28.612 [docker-java-stream--1317766102] DEBUG c.g.d.z.s.o.a.hc.client5.http.wire - http-outgoing-3 &lt;&lt; &quot;[0x2][0x0][0x0][0x0][0x0][0x0][0x0][\r]nc: not found&quot;
21:53:28.613 [docker-java-stream--1317766102] DEBUG c.g.d.z.s.o.a.hc.client5.http.wire - http-outgoing-3 &lt;&lt; &quot;[0x2][0x0][0x0][0x0][0x0][0x0][0x0][0x1][\n]&quot;
21:53:28.621 [docker-java-stream--1317766102] DEBUG c.g.d.z.s.o.a.hc.client5.http.wire - http-outgoing-3 &lt;&lt; &quot;[0x2][0x0][0x0][0x0][0x0][0x0][0x0]4/bin/bash: connect: Cannot assign requested address[\n]&quot;
21:53:28.624 [docker-java-stream--1317766102] DEBUG c.g.d.z.s.o.a.hc.client5.http.wire - http-outgoing-3 &lt;&lt; &quot;[0x2][0x0][0x0][0x0][0x0][0x0][0x0]D/bin/bash: /dev/tcp/localhost/8080: Cannot assign requested address[\n]&quot;
21:53:28.766 [docker-java-stream--1317766102] DEBUG c.g.d.z.s.o.a.hc.client5.http.wire - http-outgoing-3 &lt;&lt; &quot;[0x2][0x0][0x0][0x0][0x0][0x0][0x0][0xc]/bin/sh: 1: &quot;
21:53:28.767 [docker-java-stream--1317766102] DEBUG c.g.d.z.s.o.a.hc.client5.http.wire - http-outgoing-3 &lt;&lt; &quot;[0x2][0x0][0x0][0x0][0x0][0x0][0x0][\r]nc: not found&quot;
21:53:28.767 [docker-java-stream--1317766102] DEBUG c.g.d.z.s.o.a.hc.client5.http.wire - http-outgoing-3 &lt;&lt; &quot;[0x2][0x0][0x0][0x0][0x0][0x0][0x0][0x1][\n]&quot;
21:53:28.786 [docker-java-stream--1317766102] DEBUG c.g.d.z.s.o.a.hc.client5.http.wire - http-outgoing-3 &lt;&lt; &quot;[0x2][0x0][0x0][0x0][0x0][0x0][0x0]4/bin/bash: connect: Cannot assign requested address[\n]&quot;
21:53:28.807 [docker-java-stream--1317766102] DEBUG c.g.d.z.s.o.a.hc.client5.http.wire - http-outgoing-3 &lt;&lt; &quot;[0x2][0x0][0x0][0x0][0x0][0x0][0x0]D/bin/bash: /dev/tcp/localhost/8080: Cannot assign requested address[\n]&quot;
21:53:28.936 [docker-java-stream--1317766102] DEBUG c.g.d.z.s.o.a.hc.client5.http.wire - http-outgoing-3 &lt;&lt; &quot;[0x2][0x0][0x0][0x0][0x0][0x0][0x0][0xc]/bin/sh: 1: [0x2][0x0][0x0][0x0][0x0][0x0][0x0][\r]nc: not found[0x2][0x0][0x0][0x0][0x0][0x0][0x0][0x1][\n]&quot;
21:53:28.939 [docker-java-stream--1317766102] DEBUG c.g.d.z.s.o.a.hc.client5.http.wire - http-outgoing-3 &lt;&lt; &quot;[0x2][0x0][0x0][0x0][0x0][0x0][0x0]4/bin/bash: connect: Cannot assign requested address[\n]&quot;
21:53:28.940 [docker-java-stream--1317766102] DEBUG c.g.d.z.s.o.a.hc.client5.http.wire - http-outgoing-3 &lt;&lt; &quot;[0x2][0x0][0x0][0x0][0x0][0x0][0x0]D/bin/bash: /dev/tcp/localhost/8080: Cannot assign requested address[\n]&quot;
21:53:29.064 [docker-java-stream--1317766102] DEBUG c.g.d.z.s.o.a.hc.client5.http.wire - http-outgoing-3 &lt;&lt; &quot;[0x2][0x0][0x0][0x0][0x0][0x0][0x0][0xc]/bin/sh: 1: &quot;
21:53:29.066 [docker-java-stream--1317766102] DEBUG c.g.d.z.s.o.a.hc.client5.http.wire - http-outgoing-3 &lt;&lt; &quot;[0x2][0x0][0x0][0x0][0x0][0x0][0x0][\r]nc: not found&quot;
21:53:29.066 [docker-java-stream--1317766102] DEBUG c.g.d.z.s.o.a.hc.client5.http.wire - http-outgoing-3 &lt;&lt; &quot;[0x2][0x0][0x0][0x0][0x0][0x0][0x0][0x1][\n]&quot;
21:53:29.078 [docker-java-stream--1317766102] DEBUG c.g.d.z.s.o.a.hc.client5.http.wire - http-outgoing-3 &lt;&lt; &quot;[0x2][0x0][0x0][0x0][0x0][0x0][0x0]4/bin/bash: connect: Cannot assign requested address[\n]&quot;
21:53:29.082 [docker-java-stream--1317766102] DEBUG c.g.d.z.s.o.a.hc.client5.http.wire - http-outgoing-3 &lt;&lt; &quot;[0x2][0x0][0x0][0x0][0x0][0x0][0x0]D/bin/bash: /dev/tcp/localhost/8080: Cannot assign requested address[\n]&quot;
21:53:29.200 [docker-java-stream--1317766102] DEBUG c.g.d.z.s.o.a.hc.client5.http.wire - http-outgoing-3 &lt;&lt; &quot;[0x2][0x0][0x0][0x0][0x0][0x0][0x0][0xc]/bin/sh: 1: &quot;
21:53:29.200 [docker-java-stream--1317766102] DEBUG c.g.d.z.s.o.a.hc.client5.http.wire - http-outgoing-3 &lt;&lt; &quot;[0x2][0x0][0x0][0x0][0x0][0x0][0x0][\r]nc: not found&quot;
21:53:29.200 [docker-java-stream--1317766102] DEBUG c.g.d.z.s.o.a.hc.client5.http.wire - http-outgoing-3 &lt;&lt; &quot;[0x2][0x0][0x0][0x0][0x0][0x0][0x0][0x1][\n]&quot;
21:53:29.216 [docker-java-stream--1317766102] DEBUG c.g.d.z.s.o.a.hc.client5.http.wire - http-outgoing-3 &lt;&lt; &quot;[0x2][0x0][0x0][0x0][0x0][0x0][0x0]4/bin/bash: connect: Cannot assign requested address[\n]&quot;
21:53:29.216 [docker-java-stream--1317766102] DEBUG c.g.d.z.s.o.a.hc.client5.http.wire - http-outgoing-3 &lt;&lt; &quot;[0x2][0x0][0x0][0x0][0x0][0x0][0x0]D/bin/bash: /dev/tcp/localhost/8080: Cannot assign requested address[\n]&quot;
21:53:29.342 [docker-java-stream--1317766102] DEBUG c.g.d.z.s.o.a.hc.client5.http.wire - http-outgoing-3 &lt;&lt; &quot;[0x2][0x0][0x0][0x0][0x0][0x0][0x0][0xc]/bin/sh: 1: &quot;
21:53:29.343 [docker-java-stream--1317766102] DEBUG c.g.d.z.s.o.a.hc.client5.http.wire - http-outgoing-3 &lt;&lt; &quot;[0x2][0x0][0x0][0x0][0x0][0x0][0x0][\r]nc: not found&quot;
21:53:29.343 [docker-java-stream--1317766102] DEBUG c.g.d.z.s.o.a.hc.client5.http.wire - http-outgoing-3 &lt;&lt; &quot;[0x2][0x0][0x0][0x0][0x0][0x0][0x0][0x1][\n]&quot;
21:53:29.350 [docker-java-stream--1317766102] DEBUG c.g.d.z.s.o.a.hc.client5.http.wire - http-outgoing-3 &lt;&lt; &quot;[0x2][0x0][0x0][0x0][0x0][0x0][0x0]4/bin/bash: connect: Cannot assign requested address[\n]&quot;
21:53:29.359 [docker-java-stream--1317766102] DEBUG c.g.d.z.s.o.a.hc.client5.http.wire - http-outgoing-3 &lt;&lt; &quot;[0x2][0x0][0x0][0x0][0x0][0x0][0x0]D/bin/bash: /dev/tcp/localhost/8080: Cannot assign requested address[\n]&quot;
21:53:29.494 [docker-java-stream--1317766102] DEBUG c.g.d.z.s.o.a.hc.client5.http.wire - http-outgoing-3 &lt;&lt; &quot;[0x2][0x0][0x0][0x0][0x0][0x0][0x0][0xc]/bin/sh: 1: &quot;
21:53:29.495 [docker-java-stream--1317766102] DEBUG c.g.d.z.s.o.a.hc.client5.http.wire - http-outgoing-3 &lt;&lt; &quot;[0x2][0x0][0x0][0x0][0x0][0x0][0x0][\r]nc: not found&quot;
21:53:29.495 [docker-java-stream--1317766102] DEBUG c.g.d.z.s.o.a.hc.client5.http.wire - http-outgoing-3 &lt;&lt; &quot;[0x2][0x0][0x0][0x0][0x0][0x0][0x0][0x1][\n]&quot;
21:53:29.503 [docker-java-stream--1317766102] DEBUG c.g.d.z.s.o.a.hc.client5.http.wire - http-outgoing-3 &lt;&lt; &quot;[0x2][0x0][0x0][0x0][0x0][0x0][0x0]4/bin/bash: connect: Cannot assign requested address[\n]&quot;
21:53:29.503 [docker-java-stream--1317766102] DEBUG c.g.d.z.s.o.a.hc.client5.http.wire - http-outgoing-3 &lt;&lt; &quot;[0x2][0x0][0x0][0x0][0x0][0x0][0x0]D/bin/bash: /dev/tcp/localhost/8080: Cannot assign requested address[\n]&quot;
21:53:29.637 [docker-java-stream--1317766102] DEBUG c.g.d.z.s.o.a.hc.client5.http.wire - http-outgoing-3 &lt;&lt; &quot;[0x2][0x0][0x0][0x0][0x0][0x0][0x0][0xc]/bin/sh: 1: &quot;
21:53:29.637 [docker-java-stream--1317766102] DEBUG c.g.d.z.s.o.a.hc.client5.http.wire - http-outgoing-3 &lt;&lt; &quot;[0x2][0x0][0x0][0x0][0x0][0x0][0x0][\r]nc: not found&quot;
21:53:29.637 [docker-java-stream--1317766102] DEBUG c.g.d.z.s.o.a.hc.client5.http.wire - http-outgoing-3 &lt;&lt; &quot;[0x2][0x0][0x0][0x0][0x0][0x0][0x0][0x1][\n]&quot;
21:53:29.667 [docker-java-stream--1317766102] DEBUG c.g.d.z.s.o.a.hc.client5.http.wire - http-outgoing-3 &lt;&lt; &quot;[0x2][0x0][0x0][0x0][0x0][0x0][0x0]4/bin/bash: connect: Cannot assign requested address[\n]&quot;
21:53:29.667 [docker-java-stream--1317766102] DEBUG c.g.d.z.s.o.a.hc.client5.http.wire - http-outgoing-3 &lt;&lt; &quot;[0x2][0x0][0x0][0x0][0x0][0x0][0x0]D/bin/bash: /dev/tcp/localhost/8080: Cannot assign requested address[\n]&quot;
21:53:29.841 [docker-java-stream--1317766102] DEBUG c.g.d.z.s.o.a.hc.client5.http.wire - http-outgoing-3 &lt;&lt; &quot;[0x2][0x0][0x0][0x0][0x0][0x0][0x0][0xc]/bin/sh: 1: &quot;
21:53:29.841 [docker-java-stream--1317766102] DEBUG c.g.d.z.s.o.a.hc.client5.http.wire - http-outgoing-3 &lt;&lt; &quot;[0x2][0x0][0x0][0x0][0x0][0x0][0x0][\r]nc: not found&quot;
21:53:29.841 [docker-java-stream--1317766102] DEBUG c.g.d.z.s.o.a.hc.client5.http.wire - http-outgoing-3 &lt;&lt; &quot;[0x2][0x0][0x0][0x0][0x0][0x0][0x0][0x1][\n]&quot;
21:53:29.855 [docker-java-stream--1317766102] DEBUG c.g.d.z.s.o.a.hc.client5.http.wire - http-outgoing-3 &lt;&lt; &quot;[0x2][0x0][0x0][0x0][0x0][0x0][0x0]4/bin/bash: connect: Cannot assign requested address[\n]&quot;
21:53:29.860 [docker-java-stream--1317766102] DEBUG c.g.d.z.s.o.a.hc.client5.http.wire - http-outgoing-3 &lt;&lt; &quot;[0x2][0x0][0x0][0x0][0x0][0x0][0x0]D/bin/bash: /dev/tcp/localhost/8080: Cannot assign requested address[\n]&quot;
21:53:30.000 [docker-java-stream--1317766102] DEBUG c.g.d.z.s.o.a.hc.client5.http.wire - http-outgoing-3 &lt;&lt; &quot;[0x2][0x0][0x0][0x0][0x0][0x0][0x0][0xc]/bin/sh: 1: &quot;
21:53:30.002 [docker-java-stream--1317766102] DEBUG c.g.d.z.s.o.a.hc.client5.http.wire - http-outgoing-3 &lt;&lt; &quot;[0x2][0x0][0x0][0x0][0x0][0x0][0x0][\r]nc: not found&quot;
21:53:30.002 [docker-java-stream--1317766102] DEBUG c.g.d.z.s.o.a.hc.client5.http.wire - http-outgoing-3 &lt;&lt; &quot;[0x2][0x0][0x0][0x0][0x0][0x0][0x0][0x1][\n]&quot;
21:53:30.011 [docker-java-stream--1317766102] DEBUG c.g.d.z.s.o.a.hc.client5.http.wire - http-outgoing-3 &lt;&lt; &quot;[0x2][0x0][0x0][0x0][0x0][0x0][0x0]4/bin/bash: connect: Cannot assign requested address[\n]&quot;
21:53:30.014 [docker-java-stream--1317766102] DEBUG c.g.d.z.s.o.a.hc.client5.http.wire - http-outgoing-3 &lt;&lt; &quot;[0x2][0x0][0x0][0x0][0x0][0x0][0x0]D/bin/bash: /dev/tcp/localhost/8080: Cannot assign requested address[\n]&quot;
21:53:30.146 [docker-java-stream--1317766102] DEBUG c.g.d.z.s.o.a.hc.client5.http.wire - http-outgoing-3 &lt;&lt; &quot;[0x2][0x0][0x0][0x0][0x0][0x0][0x0][0xc]/bin/sh: 1: &quot;
21:53:30.146 [docker-java-stream--1317766102] DEBUG c.g.d.z.s.o.a.hc.client5.http.wire - http-outgoing-3 &lt;&lt; &quot;[0x2][0x0][0x0][0x0][0x0][0x0][0x0][\r]nc: not found&quot;
21:53:30.146 [docker-java-stream--1317766102] DEBUG c.g.d.z.s.o.a.hc.client5.http.wire - http-outgoing-3 &lt;&lt; &quot;[0x2][0x0][0x0][0x0][0x0][0x0][0x0][0x1][\n]&quot;
21:53:30.150 [docker-java-stream--1317766102] DEBUG c.g.d.z.s.o.a.hc.client5.http.wire - http-outgoing-3 &lt;&lt; &quot;[0x2][0x0][0x0][0x0][0x0][0x0][0x0]4/bin/bash: connect: Cannot assign requested address[\n]&quot;
21:53:30.154 [docker-java-stream--1317766102] DEBUG c.g.d.z.s.o.a.hc.client5.http.wire - http-outgoing-3 &lt;&lt; &quot;[0x2][0x0][0x0][0x0][0x0][0x0][0x0]D/bin/bash: /dev/tcp/localhost/8080: Cannot assign requested address[\n]&quot;
21:53:30.283 [docker-java-stream--1317766102] DEBUG c.g.d.z.s.o.a.hc.client5.http.wire - http-outgoing-3 &lt;&lt; &quot;[0x2][0x0][0x0][0x0][0x0][0x0][0x0][0xc]/bin/sh: 1: &quot;
21:53:30.285 [docker-java-stream--1317766102] DEBUG c.g.d.z.s.o.a.hc.client5.http.wire - http-outgoing-3 &lt;&lt; &quot;[0x2][0x0][0x0][0x0][0x0][0x0][0x0][\r]nc: not found&quot;
21:53:30.285 [docker-java-stream--1317766102] DEBUG c.g.d.z.s.o.a.hc.client5.http.wire - http-outgoing-3 &lt;&lt; &quot;[0x2][0x0][0x0][0x0][0x0][0x0][0x0][0x1][\n]&quot;
21:53:30.293 [docker-java-stream--1317766102] DEBUG c.g.d.z.s.o.a.hc.client5.http.wire - http-outgoing-3 &lt;&lt; &quot;[0x2][0x0][0x0][0x0][0x0][0x0][0x0]4/bin/bash: connect: Cannot assign requested address[\n]&quot;
21:53:30.295 [docker-java-stream--1317766102] DEBUG c.g.d.z.s.o.a.hc.client5.http.wire - http-outgoing-3 &lt;&lt; &quot;[0x2][0x0][0x0][0x0][0x0][0x0][0x0]D/bin/bash: /dev/tcp/localhost/8080: Cannot assign requested address[\n]&quot;
21:53:30.431 [docker-java-stream--1317766102] DEBUG c.g.d.z.s.o.a.hc.client5.http.wire - http-outgoing-3 &lt;&lt; &quot;[0x2][0x0][0x0][0x0][0x0][0x0][0x0][0xc]/bin/sh: 1: &quot;
21:53:30.432 [docker-java-stream--1317766102] DEBUG c.g.d.z.s.o.a.hc.client5.http.wire - http-outgoing-3 &lt;&lt; &quot;[0x2][0x0][0x0][0x0][0x0][0x0][0x0][\r]nc: not found&quot;
21:53:30.432 [docker-java-stream--1317766102] DEBUG c.g.d.z.s.o.a.hc.client5.http.wire - http-outgoing-3 &lt;&lt; &quot;[0x2][0x0][0x0][0x0][0x0][0x0][0x0][0x1][\n]&quot;
21:53:30.443 [docker-java-stream--1317766102] DEBUG c.g.d.z.s.o.a.hc.client5.http.wire - http-outgoing-3 &lt;&lt; &quot;[0x2][0x0][0x0][0x0][0x0][0x0][0x0]4/bin/bash: connect: Cannot assign requested address[\n]&quot;
21:53:30.443 [docker-java-stream--1317766102] DEBUG c.g.d.z.s.o.a.hc.client5.http.wire - http-outgoing-3 &lt;&lt; &quot;[0x2][0x0][0x0][0x0][0x0][0x0][0x0]D/bin/bash: /dev/tcp/localhost/8080: Cannot assign requested address[\n]&quot;
21:53:30.579 [docker-java-stream--1317766102] DEBUG c.g.d.z.s.o.a.hc.client5.http.wire - http-outgoing-3 &lt;&lt; &quot;[0x2][0x0][0x0][0x0][0x0][0x0][0x0][0xc]/bin/sh: 1: &quot;
21:53:30.580 [docker-java-stream--1317766102] DEBUG c.g.d.z.s.o.a.hc.client5.http.wire - http-outgoing-3 &lt;&lt; &quot;[0x2][0x0][0x0][0x0][0x0][0x0][0x0][\r]nc: not found&quot;
21:53:30.580 [docker-java-stream--1317766102] DEBUG c.g.d.z.s.o.a.hc.client5.http.wire - http-outgoing-3 &lt;&lt; &quot;[0x2][0x0][0x0][0x0][0x0][0x0][0x0][0x1][\n]&quot;
21:53:30.587 [docker-java-stream--1317766102] DEBUG c.g.d.z.s.o.a.hc.client5.http.wire - http-outgoing-3 &lt;&lt; &quot;[0x2][0x0][0x0][0x0][0x0][0x0][0x0]4/bin/bash: connect: Cannot assign requested address[\n]&quot;
21:53:30.587 [docker-java-stream--1317766102] DEBUG c.g.d.z.s.o.a.hc.client5.http.wire - http-outgoing-3 &lt;&lt; &quot;[0x2][0x0][0x0][0x0][0x0][0x0][0x0]D/bin/bash: /dev/tcp/localhost/8080: Cannot assign requested address[\n]&quot;
21:53:30.707 [docker-java-stream--1317766102] DEBUG c.g.d.z.s.o.a.hc.client5.http.wire - http-outgoing-3 &lt;&lt; &quot;[0x2][0x0][0x0][0x0][0x0][0x0][0x0][0xc]/bin/sh: 1: &quot;
21:53:30.710 [docker-java-stream--1317766102] DEBUG c.g.d.z.s.o.a.hc.client5.http.wire - http-outgoing-3 &lt;&lt; &quot;[0x2][0x0][0x0][0x0][0x0][0x0][0x0][\r]nc: not found&quot;
21:53:30.711 [docker-java-stream--1317766102] DEBUG c.g.d.z.s.o.a.hc.client5.http.wire - http-outgoing-3 &lt;&lt; &quot;[0x2][0x0][0x0][0x0][0x0][0x0][0x0][0x1][\n]&quot;
21:53:30.719 [docker-java-stream--1317766102] DEBUG c.g.d.z.s.o.a.hc.client5.http.wire - http-outgoing-3 &lt;&lt; &quot;[0x2][0x0][0x0][0x0][0x0][0x0][0x0]4/bin/bash: connect: Cannot assign requested address[\n]&quot;
21:53:30.719 [docker-java-stream--1317766102] DEBUG c.g.d.z.s.o.a.hc.client5.http.wire - http-outgoing-3 &lt;&lt; &quot;[0x2][0x0][0x0][0x0][0x0][0x0][0x0]D/bin/bash: /dev/tcp/localhost/8080: Cannot assign requested address[\n]&quot;
21:53:30.850 [docker-java-stream--1317766102] DEBUG c.g.d.z.s.o.a.hc.client5.http.wire - http-outgoing-3 &lt;&lt; &quot;[0x2][0x0][0x0][0x0][0x0][0x0][0x0][0xc]/bin/sh: 1: &quot;
21:53:30.850 [docker-java-stream--1317766102] DEBUG c.g.d.z.s.o.a.hc.client5.http.wire - http-outgoing-3 &lt;&lt; &quot;[0x2][0x0][0x0][0x0][0x0][0x0][0x0][\r]nc: not found&quot;
21:53:30.850 [docker-java-stream--1317766102] DEBUG c.g.d.z.s.o.a.hc.client5.http.wire - http-outgoing-3 &lt;&lt; &quot;[0x2][0x0][0x0][0x0][0x0][0x0][0x0][0x1][\n]&quot;
21:53:30.864 [docker-java-stream--1317766102] DEBUG c.g.d.z.s.o.a.hc.client5.http.wire - http-outgoing-3 &lt;&lt; &quot;[0x2][0x0][0x0][0x0][0x0][0x0][0x0]4/bin/bash: connect: Cannot assign requested address[\n]&quot;
21:53:30.865 [docker-java-stream--1317766102] DEBUG c.g.d.z.s.o.a.hc.client5.http.wire - http-outgoing-3 &lt;&lt; &quot;[0x2][0x0][0x0][0x0][0x0][0x0][0x0]D/bin/bash: /dev/tcp/localhost/8080: Cannot assign requested address[\n]&quot;
21:53:31.004 [docker-java-stream--1317766102] DEBUG c.g.d.z.s.o.a.hc.client5.http.wire - http-outgoing-3 &lt;&lt; &quot;[0x2][0x0][0x0][0x0][0x0][0x0][0x0][0xc]/bin/sh: 1: &quot;
21:53:31.004 [docker-java-stream--1317766102] DEBUG c.g.d.z.s.o.a.hc.client5.http.wire - http-outgoing-3 &lt;&lt; &quot;[0x2][0x0][0x0][0x0][0x0][0x0][0x0][\r]nc: not found&quot;
21:53:31.004 [docker-java-stream--1317766102] DEBUG c.g.d.z.s.o.a.hc.client5.http.wire - http-outgoing-3 &lt;&lt; &quot;[0x2][0x0][0x0][0x0][0x0][0x0][0x0][0x1][\n]&quot;
21:53:31.013 [docker-java-stream--1317766102] DEBUG c.g.d.z.s.o.a.hc.client5.http.wire - http-outgoing-3 &lt;&lt; &quot;[0x2][0x0][0x0][0x0][0x0][0x0][0x0]4/bin/bash: connect: Cannot assign requested address[\n]&quot;
21:53:31.016 [docker-java-stream--1317766102] DEBUG c.g.d.z.s.o.a.hc.client5.http.wire - http-outgoing-3 &lt;&lt; &quot;[0x2][0x0][0x0][0x0][0x0][0x0][0x0]D/bin/bash: /dev/tcp/localhost/8080: Cannot assign requested address[\n]&quot;
21:53:31.139 [docker-java-stream--1317766102] DEBUG c.g.d.z.s.o.a.hc.client5.http.wire - http-outgoing-3 &lt;&lt; &quot;[0x2][0x0][0x0][0x0][0x0][0x0][0x0][0xc]/bin/sh: 1: &quot;
21:53:31.141 [docker-java-stream--1317766102] DEBUG c.g.d.z.s.o.a.hc.client5.http.wire - http-outgoing-3 &lt;&lt; &quot;[0x2][0x0][0x0][0x0][0x0][0x0][0x0][\r]nc: not found&quot;
21:53:31.141 [docker-java-stream--1317766102] DEBUG c.g.d.z.s.o.a.hc.client5.http.wire - http-outgoing-3 &lt;&lt; &quot;[0x2][0x0][0x0][0x0][0x0][0x0][0x0][0x1][\n]&quot;
21:53:31.146 [docker-java-stream--1317766102] DEBUG c.g.d.z.s.o.a.hc.client5.http.wire - http-outgoing-3 &lt;&lt; &quot;[0x2][0x0][0x0][0x0][0x0][0x0][0x0]4/bin/bash: connect: Cannot assign requested address[\n]&quot;
21:53:31.146 [docker-java-stream--1317766102] DEBUG c.g.d.z.s.o.a.hc.client5.http.wire - http-outgoing-3 &lt;&lt; &quot;[0x2][0x0][0x0][0x0][0x0][0x0][0x0]D/bin/bash: /dev/tcp/localhost/8080: Cannot assign requested address[\n]&quot;
21:53:31.273 [docker-java-stream--1317766102] DEBUG c.g.d.z.s.o.a.hc.client5.http.wire - http-outgoing-3 &lt;&lt; &quot;[0x2][0x0][0x0][0x0][0x0][0x0][0x0][0xc]/bin/sh: 1: &quot;
21:53:31.274 [docker-java-stream--1317766102] DEBUG c.g.d.z.s.o.a.hc.client5.http.wire - http-outgoing-3 &lt;&lt; &quot;[0x2][0x0][0x0][0x0][0x0][0x0][0x0][\r]nc: not found&quot;
21:53:31.275 [docker-java-stream--1317766102] DEBUG c.g.d.z.s.o.a.hc.client5.http.wire - http-outgoing-3 &lt;&lt; &quot;[0x2][0x0][0x0][0x0][0x0][0x0][0x0][0x1][\n]&quot;
21:53:31.281 [docker-java-stream--1317766102] DEBUG c.g.d.z.s.o.a.hc.client5.http.wire - http-outgoing-3 &lt;&lt; &quot;[0x2][0x0][0x0][0x0][0x0][0x0][0x0]4/bin/bash: connect: Cannot assign requested address[\n]&quot;
21:53:31.282 [docker-java-stream--1317766102] DEBUG c.g.d.z.s.o.a.hc.client5.http.wire - http-outgoing-3 &lt;&lt; &quot;[0x2][0x0][0x0][0x0][0x0][0x0][0x0]D/bin/bash: /dev/tcp/localhost/8080: Cannot assign requested address[\n]&quot;
21:53:31.430 [docker-java-stream--1317766102] DEBUG c.g.d.z.s.o.a.hc.client5.http.wire - http-outgoing-3 &lt;&lt; &quot;[0x2][0x0][0x0][0x0][0x0][0x0][0x0][0xc]/bin/sh: 1: &quot;
21:53:31.431 [docker-java-stream--1317766102] DEBUG c.g.d.z.s.o.a.hc.client5.http.wire - http-outgoing-3 &lt;&lt; &quot;[0x2][0x0][0x0][0x0][0x0][0x0][0x0][\r]nc: not found&quot;
21:53:31.431 [docker-java-stream--1317766102] DEBUG c.g.d.z.s.o.a.hc.client5.http.wire - http-outgoing-3 &lt;&lt; &quot;[0x2][0x0][0x0][0x0][0x0][0x0][0x0][0x1][\n]&quot;
21:53:31.439 [docker-java-stream--1317766102] DEBUG c.g.d.z.s.o.a.hc.client5.http.wire - http-outgoing-3 &lt;&lt; &quot;[0x2][0x0][0x0][0x0][0x0][0x0][0x0]4/bin/bash: connect: Cannot assign requested address[\n]&quot;
21:53:31.445 [docker-java-stream--1317766102] DEBUG c.g.d.z.s.o.a.hc.client5.http.wire - http-outgoing-3 &lt;&lt; &quot;[0x2][0x0][0x0][0x0][0x0][0x0][0x0]D/bin/bash: /dev/tcp/localhost/8080: Cannot assign requested address[\n]&quot;
21:53:31.570 [docker-java-stream--1317766102] DEBUG c.g.d.z.s.o.a.hc.client5.http.wire - http-outgoing-3 &lt;&lt; &quot;[0x2][0x0][0x0][0x0][0x0][0x0][0x0][0xc]/bin/sh: 1: &quot;
21:53:31.572 [docker-java-stream--1317766102] DEBUG c.g.d.z.s.o.a.hc.client5.http.wire - http-outgoing-3 &lt;&lt; &quot;[0x2][0x0][0x0][0x0][0x0][0x0][0x0][\r]nc: not found&quot;
21:53:31.572 [docker-java-stream--1317766102] DEBUG c.g.d.z.s.o.a.hc.client5.http.wire - http-outgoing-3 &lt;&lt; &quot;[0x2][0x0][0x0][0x0][0x0][0x0][0x0][0x1][\n]&quot;
21:53:31.590 [docker-java-stream--1317766102] DEBUG c.g.d.z.s.o.a.hc.client5.http.wire - http-outgoing-3 &lt;&lt; &quot;[0x2][0x0][0x0][0x0][0x0][0x0][0x0]4/bin/bash: connect: Cannot assign requested address[\n]&quot;
21:53:31.590 [docker-java-stream--1317766102] DEBUG c.g.d.z.s.o.a.hc.client5.http.wire - http-outgoing-3 &lt;&lt; &quot;[0x2][0x0][0x0][0x0][0x0][0x0][0x0]D/bin/bash: /dev/tcp/localhost/8080: Cannot assign requested address[\n]&quot;
21:53:31.718 [docker-java-stream--1317766102] DEBUG c.g.d.z.s.o.a.hc.client5.http.wire - http-outgoing-3 &lt;&lt; &quot;[0x2][0x0][0x0][0x0][0x0][0x0][0x0][0xc]/bin/sh: 1: &quot;
21:53:31.720 [docker-java-stream--1317766102] DEBUG c.g.d.z.s.o.a.hc.client5.http.wire - http-outgoing-3 &lt;&lt; &quot;[0x2][0x0][0x0][0x0][0x0][0x0][0x0][\r]nc: not found&quot;
21:53:31.720 [docker-java-stream--1317766102] DEBUG c.g.d.z.s.o.a.hc.client5.http.wire - http-outgoing-3 &lt;&lt; &quot;[0x2][0x0][0x0][0x0][0x0][0x0][0x0][0x1][\n]&quot;
21:53:31.738 [docker-java-stream--1317766102] DEBUG c.g.d.z.s.o.a.hc.client5.http.wire - http-outgoing-3 &lt;&lt; &quot;[0x2][0x0][0x0][0x0][0x0][0x0][0x0]4/bin/bash: connect: Cannot assign requested address[\n]&quot;
21:53:31.738 [docker-java-stream--1317766102] DEBUG c.g.d.z.s.o.a.hc.client5.http.wire - http-outgoing-3 &lt;&lt; &quot;[0x2][0x0][0x0][0x0][0x0][0x0][0x0]D/bin/bash: /dev/tcp/localhost/8080: Cannot assign requested address[\n]&quot;
21:53:31.859 [docker-java-stream--1317766102] DEBUG c.g.d.z.s.o.a.hc.client5.http.wire - http-outgoing-3 &lt;&lt; &quot;[0x2][0x0][0x0][0x0][0x0][0x0][0x0][0xc]/bin/sh: 1: &quot;
21:53:31.859 [docker-java-stream--1317766102] DEBUG c.g.d.z.s.o.a.hc.client5.http.wire - http-outgoing-3 &lt;&lt; &quot;[0x2][0x0][0x0][0x0][0x0][0x0][0x0][\r]nc: not found&quot;
21:53:31.860 [docker-java-stream--1317766102] DEBUG c.g.d.z.s.o.a.hc.client5.http.wire - http-outgoing-3 &lt;&lt; &quot;[0x2][0x0][0x0][0x0][0x0][0x0][0x0][0x1][\n]&quot;
21:53:31.881 [docker-java-stream--1317766102] DEBUG c.g.d.z.s.o.a.hc.client5.http.wire - http-outgoing-3 &lt;&lt; &quot;[0x2][0x0][0x0][0x0][0x0][0x0][0x0]4/bin/bash: connect: Cannot assign requested address[\n]&quot;
21:53:31.886 [docker-java-stream--1317766102] DEBUG c.g.d.z.s.o.a.hc.client5.http.wire - http-outgoing-3 &lt;&lt; &quot;[0x2][0x0][0x0][0x0][0x0][0x0][0x0]D/bin/bash: /dev/tcp/localhost/8080: Cannot assign requested address[\n]&quot;
21:53:32.034 [docker-java-stream--1317766102] DEBUG c.g.d.z.s.o.a.hc.client5.http.wire - http-outgoing-3 &lt;&lt; &quot;[0x2][0x0][0x0][0x0][0x0][0x0][0x0][0xc]/bin/sh: 1: &quot;
21:53:32.034 [docker-java-stream--1317766102] DEBUG c.g.d.z.s.o.a.hc.client5.http.wire - http-outgoing-3 &lt;&lt; &quot;[0x2][0x0][0x0][0x0][0x0][0x0][0x0][\r]nc: not found&quot;
21:53:32.034 [docker-java-stream--1317766102] DEBUG c.g.d.z.s.o.a.hc.client5.http.wire - http-outgoing-3 &lt;&lt; &quot;[0x2][0x0][0x0][0x0][0x0][0x0][0x0][0x1][\n]&quot;
21:53:32.047 [docker-java-stream--1317766102] DEBUG c.g.d.z.s.o.a.hc.client5.http.wire - http-outgoing-3 &lt;&lt; &quot;[0x2][0x0][0x0][0x0][0x0][0x0][0x0]4/bin/bash: connect: Cannot assign requested address[\n]&quot;
21:53:32.048 [docker-java-stream--1317766102] DEBUG c.g.d.z.s.o.a.hc.client5.http.wire - http-outgoing-3 &lt;&lt; &quot;[0x2][0x0][0x0][0x0][0x0][0x0][0x0]D/bin/bash: /dev/tcp/localhost/8080: Cannot assign requested address[\n]&quot;
21:53:32.164 [docker-java-stream--1317766102] DEBUG c.g.d.z.s.o.a.hc.client5.http.wire - http-outgoing-3 &lt;&lt; &quot;[0x2][0x0][0x0][0x0][0x0][0x0][0x0][0xc]/bin/sh: 1: &quot;
21:53:32.164 [docker-java-stream--1317766102] DEBUG c.g.d.z.s.o.a.hc.client5.http.wire - http-outgoing-3 &lt;&lt; &quot;[0x2][0x0][0x0][0x0][0x0][0x0][0x0][\r]nc: not found&quot;
21:53:32.165 [docker-java-stream--1317766102] DEBUG c.g.d.z.s.o.a.hc.client5.http.wire - http-outgoing-3 &lt;&lt; &quot;[0x2][0x0][0x0][0x0][0x0][0x0][0x0][0x1][\n]&quot;
21:53:32.191 [docker-java-stream--1317766102] DEBUG c.g.d.z.s.o.a.hc.client5.http.wire - http-outgoing-3 &lt;&lt; &quot;[0x2][0x0][0x0][0x0][0x0][0x0][0x0]4/bin/bash: connect: Cannot assign requested address[\n]&quot;
21:53:32.191 [docker-java-stream--1317766102] DEBUG c.g.d.z.s.o.a.hc.client5.http.wire - http-outgoing-3 &lt;&lt; &quot;[0x2][0x0][0x0][0x0][0x0][0x0][0x0]D/bin/bash: /dev/tcp/localhost/8080: Cannot assign requested address[\n]&quot;
21:53:32.320 [docker-java-stream--1317766102] DEBUG c.g.d.z.s.o.a.hc.client5.http.wire - http-outgoing-3 &lt;&lt; &quot;[0x2][0x0][0x0][0x0][0x0][0x0][0x0][0xc]/bin/sh: 1: &quot;
21:53:32.326 [docker-java-stream--1317766102] DEBUG c.g.d.z.s.o.a.hc.client5.http.wire - http-outgoing-3 &lt;&lt; &quot;[0x2][0x0][0x0][0x0][0x0][0x0][0x0][\r]nc: not found[0x2][0x0][0x0][0x0][0x0][0x0][0x0][0x1][\n]&quot;
21:53:32.330 [docker-java-stream--1317766102] DEBUG c.g.d.z.s.o.a.hc.client5.http.wire - http-outgoing-3 &lt;&lt; &quot;[0x2][0x0][0x0][0x0][0x0][0x0][0x0]4/bin/bash: connect: Cannot assign requested address[\n]&quot;
21:53:32.330 [docker-java-stream--1317766102] DEBUG c.g.d.z.s.o.a.hc.client5.http.wire - http-outgoing-3 &lt;&lt; &quot;[0x2][0x0][0x0][0x0][0x0][0x0][0x0]D/bin/bash: /dev/tcp/localhost/8080: Cannot assign requested address[\n]&quot;
21:53:32.464 [docker-java-stream--1317766102] DEBUG c.g.d.z.s.o.a.hc.client5.http.wire - http-outgoing-3 &lt;&lt; &quot;[0x2][0x0][0x0][0x0][0x0][0x0][0x0][0xc]/bin/sh: 1: &quot;
21:53:32.464 [docker-java-stream--1317766102] DEBUG c.g.d.z.s.o.a.hc.client5.http.wire - http-outgoing-3 &lt;&lt; &quot;[0x2][0x0][0x0][0x0][0x0][0x0][0x0][\r]nc: not found&quot;
21:53:32.464 [docker-java-stream--1317766102] DEBUG c.g.d.z.s.o.a.hc.client5.http.wire - http-outgoing-3 &lt;&lt; &quot;[0x2][0x0][0x0][0x0][0x0][0x0][0x0][0x1][\n]&quot;
21:53:32.470 [docker-java-stream--1317766102] DEBUG c.g.d.z.s.o.a.hc.client5.http.wire - http-outgoing-3 &lt;&lt; &quot;[0x2][0x0][0x0][0x0][0x0][0x0][0x0]4/bin/bash: connect: Cannot assign requested address[\n]&quot;
21:53:32.473 [docker-java-stream--1317766102] DEBUG c.g.d.z.s.o.a.hc.client5.http.wire - http-outgoing-3 &lt;&lt; &quot;[0x2][0x0][0x0][0x0][0x0][0x0][0x0]D/bin/bash: /dev/tcp/localhost/8080: Cannot assign requested address[\n]&quot;
21:53:32.597 [docker-java-stream--1317766102] DEBUG c.g.d.z.s.o.a.hc.client5.http.wire - http-outgoing-3 &lt;&lt; &quot;[0x2][0x0][0x0][0x0][0x0][0x0][0x0][0xc]/bin/sh: 1: &quot;
21:53:32.598 [docker-java-stream--1317766102] DEBUG c.g.d.z.s.o.a.hc.client5.http.wire - http-outgoing-3 &lt;&lt; &quot;[0x2][0x0][0x0][0x0][0x0][0x0][0x0][\r]nc: not found&quot;
21:53:32.598 [docker-java-stream--1317766102] DEBUG c.g.d.z.s.o.a.hc.client5.http.wire - http-outgoing-3 &lt;&lt; &quot;[0x2][0x0][0x0][0x0][0x0][0x0][0x0][0x1][\n]&quot;
21:53:32.616 [docker-java-stream--1317766102] DEBUG c.g.d.z.s.o.a.hc.client5.http.wire - http-outgoing-3 &lt;&lt; &quot;[0x2][0x0][0x0][0x0][0x0][0x0][0x0]4/bin/bash: connect: Cannot assign requested address[\n]&quot;
21:53:32.616 [docker-java-stream--1317766102] DEBUG c.g.d.z.s.o.a.hc.client5.http.wire - http-outgoing-3 &lt;&lt; &quot;[0x2][0x0][0x0][0x0][0x0][0x0][0x0]D/bin/bash: /dev/tcp/localhost/8080: Cannot assign requested address[\n]&quot;
21:53:32.743 [docker-java-stream--1317766102] DEBUG c.g.d.z.s.o.a.hc.client5.http.wire - http-outgoing-3 &lt;&lt; &quot;[0x2][0x0][0x0][0x0][0x0][0x0][0x0][0xc]/bin/sh: 1: &quot;
21:53:32.743 [docker-java-stream--1317766102] DEBUG c.g.d.z.s.o.a.hc.client5.http.wire - http-outgoing-3 &lt;&lt; &quot;[0x2][0x0][0x0][0x0][0x0][0x0][0x0][\r]nc: not found&quot;
21:53:32.743 [docker-java-stream--1317766102] DEBUG c.g.d.z.s.o.a.hc.client5.http.wire - http-outgoing-3 &lt;&lt; &quot;[0x2][0x0][0x0][0x0][0x0][0x0][0x0][0x1][\n]&quot;
21:53:32.765 [docker-java-stream--1317766102] DEBUG c.g.d.z.s.o.a.hc.client5.http.wire - http-outgoing-3 &lt;&lt; &quot;[0x2][0x0][0x0][0x0][0x0][0x0][0x0]4/bin/bash: connect: Cannot assign requested address[\n]&quot;
21:53:32.765 [docker-java-stream--1317766102] DEBUG c.g.d.z.s.o.a.hc.client5.http.wire - http-outgoing-3 &lt;&lt; &quot;[0x2][0x0][0x0][0x0][0x0][0x0][0x0]D/bin/bash: /dev/tcp/localhost/8080: Cannot assign requested address[\n]&quot;
21:53:32.898 [docker-java-stream--1317766102] DEBUG c.g.d.z.s.o.a.hc.client5.http.wire - http-outgoing-3 &lt;&lt; &quot;[0x2][0x0][0x0][0x0][0x0][0x0][0x0][0xc]/bin/sh: 1: &quot;
21:53:32.898 [docker-java-stream--1317766102] DEBUG c.g.d.z.s.o.a.hc.client5.http.wire - http-outgoing-3 &lt;&lt; &quot;[0x2][0x0][0x0][0x0][0x0][0x0][0x0][\r]nc: not found&quot;
21:53:32.899 [docker-java-stream--1317766102] DEBUG c.g.d.z.s.o.a.hc.client5.http.wire - http-outgoing-3 &lt;&lt; &quot;[0x2][0x0][0x0][0x0][0x0][0x0][0x0][0x1][\n]&quot;
21:53:32.907 [docker-java-stream--1317766102] DEBUG c.g.d.z.s.o.a.hc.client5.http.wire - http-outgoing-3 &lt;&lt; &quot;[0x2][0x0][0x0][0x0][0x0][0x0][0x0]4/bin/bash: connect: Cannot assign requested address[\n]&quot;
21:53:32.908 [docker-java-stream--1317766102] DEBUG c.g.d.z.s.o.a.hc.client5.http.wire - http-outgoing-3 &lt;&lt; &quot;[0x2][0x0][0x0][0x0][0x0][0x0][0x0]D/bin/bash: /dev/tcp/localhost/8080: Cannot assign requested address[\n]&quot;
21:53:33.031 [docker-java-stream--1317766102] DEBUG c.g.d.z.s.o.a.hc.client5.http.wire - http-outgoing-3 &lt;&lt; &quot;[0x2][0x0][0x0][0x0][0x0][0x0][0x0][0xc]/bin/sh: 1: &quot;
21:53:33.032 [docker-java-stream--1317766102] DEBUG c.g.d.z.s.o.a.hc.client5.http.wire - http-outgoing-3 &lt;&lt; &quot;[0x2][0x0][0x0][0x0][0x0][0x0][0x0][\r]nc: not found&quot;
21:53:33.032 [docker-java-stream--1317766102] DEBUG c.g.d.z.s.o.a.hc.client5.http.wire - http-outgoing-3 &lt;&lt; &quot;[0x2][0x0][0x0][0x0][0x0][0x0][0x0][0x1][\n]&quot;
21:53:33.048 [docker-java-stream--1317766102] DEBUG c.g.d.z.s.o.a.hc.client5.http.wire - http-outgoing-3 &lt;&lt; &quot;[0x2][0x0][0x0][0x0][0x0][0x0][0x0]4/bin/bash: connect: Cannot assign requested address[\n]&quot;
21:53:33.048 [docker-java-stream--1317766102] DEBUG c.g.d.z.s.o.a.hc.client5.http.wire - http-outgoing-3 &lt;&lt; &quot;[0x2][0x0][0x0][0x0][0x0][0x0][0x0]D/bin/bash: /dev/tcp/localhost/8080: Cannot assign requested address[\n]&quot;
21:53:33.176 [docker-java-stream--1317766102] DEBUG c.g.d.z.s.o.a.hc.client5.http.wire - http-outgoing-3 &lt;&lt; &quot;[0x2][0x0][0x0][0x0][0x0][0x0][0x0][0xc]/bin/sh: 1: &quot;
21:53:33.177 [docker-java-stream--1317766102] DEBUG c.g.d.z.s.o.a.hc.client5.http.wire - http-outgoing-3 &lt;&lt; &quot;[0x2][0x0][0x0][0x0][0x0][0x0][0x0][\r]nc: not found&quot;
21:53:33.178 [docker-java-stream--1317766102] DEBUG c.g.d.z.s.o.a.hc.client5.http.wire - http-outgoing-3 &lt;&lt; &quot;[0x2][0x0][0x0][0x0][0x0][0x0][0x0][0x1][\n]&quot;
21:53:33.188 [docker-java-stream--1317766102] DEBUG c.g.d.z.s.o.a.hc.client5.http.wire - http-outgoing-3 &lt;&lt; &quot;[0x2][0x0][0x0][0x0][0x0][0x0][0x0]4/bin/bash: connect: Cannot assign requested address[\n]&quot;
21:53:33.189 [docker-java-stream--1317766102] DEBUG c.g.d.z.s.o.a.hc.client5.http.wire - http-outgoing-3 &lt;&lt; &quot;[0x2][0x0][0x0][0x0][0x0][0x0][0x0]D/bin/bash: /dev/tcp/localhost/8080: Cannot assign requested address[\n]&quot;
21:53:33.324 [docker-java-stream--1317766102] DEBUG c.g.d.z.s.o.a.hc.client5.http.wire - http-outgoing-3 &lt;&lt; &quot;[0x2][0x0][0x0][0x0][0x0][0x0][0x0][0xc]/bin/sh: 1: &quot;
21:53:33.325 [docker-java-stream--1317766102] DEBUG c.g.d.z.s.o.a.hc.client5.http.wire - http-outgoing-3 &lt;&lt; &quot;[0x2][0x0][0x0][0x0][0x0][0x0][0x0][\r]nc: not found&quot;
21:53:33.325 [docker-java-stream--1317766102] DEBUG c.g.d.z.s.o.a.hc.client5.http.wire - http-outgoing-3 &lt;&lt; &quot;[0x2][0x0][0x0][0x0][0x0][0x0][0x0][0x1][\n]&quot;
21:53:33.348 [docker-java-stream--1317766102] DEBUG c.g.d.z.s.o.a.hc.client5.http.wire - http-outgoing-3 &lt;&lt; &quot;[0x2][0x0][0x0][0x0][0x0][0x0][0x0]4/bin/bash: connect: Cannot assign requested address[\n]&quot;
21:53:33.358 [docker-java-stream--1317766102] DEBUG c.g.d.z.s.o.a.hc.client5.http.wire - http-outgoing-3 &lt;&lt; &quot;[0x2][0x0][0x0][0x0][0x0][0x0][0x0]D/bin/bash: /dev/tcp/localhost/8080: Cannot assign requested address[\n]&quot;
21:53:33.489 [docker-java-stream--1317766102] DEBUG c.g.d.z.s.o.a.hc.client5.http.wire - http-outgoing-3 &lt;&lt; &quot;[0x2][0x0][0x0][0x0][0x0][0x0][0x0][0xc]/bin/sh: 1: &quot;
21:53:33.491 [docker-java-stream--1317766102] DEBUG c.g.d.z.s.o.a.hc.client5.http.wire - http-outgoing-3 &lt;&lt; &quot;[0x2][0x0][0x0][0x0][0x0][0x0][0x0][\r]nc: not found&quot;
21:53:33.491 [docker-java-stream--1317766102] DEBUG c.g.d.z.s.o.a.hc.client5.http.wire - http-outgoing-3 &lt;&lt; &quot;[0x2][0x0][0x0][0x0][0x0][0x0][0x0][0x1][\n]&quot;
21:53:33.497 [docker-java-stream--1317766102] DEBUG c.g.d.z.s.o.a.hc.client5.http.wire - http-outgoing-3 &lt;&lt; &quot;[0x2][0x0][0x0][0x0][0x0][0x0][0x0]4/bin/bash: connect: Cannot assign requested address[\n]&quot;
21:53:33.500 [docker-java-stream--1317766102] DEBUG c.g.d.z.s.o.a.hc.client5.http.wire - http-outgoing-3 &lt;&lt; &quot;[0x2][0x0][0x0][0x0][0x0][0x0][0x0]D/bin/bash: /dev/tcp/localhost/8080: Cannot assign requested address[\n]&quot;
21:53:33.632 [docker-java-stream--1317766102] DEBUG c.g.d.z.s.o.a.hc.client5.http.wire - http-outgoing-3 &lt;&lt; &quot;[0x2][0x0][0x0][0x0][0x0][0x0][0x0][0xc]/bin/sh: 1: &quot;
21:53:33.634 [docker-java-stream--1317766102] DEBUG c.g.d.z.s.o.a.hc.client5.http.wire - http-outgoing-3 &lt;&lt; &quot;[0x2][0x0][0x0][0x0][0x0][0x0][0x0][\r]nc: not found&quot;
21:53:33.634 [docker-java-stream--1317766102] DEBUG c.g.d.z.s.o.a.hc.client5.http.wire - http-outgoing-3 &lt;&lt; &quot;[0x2][0x0][0x0][0x0][0x0][0x0][0x0][0x1][\n]&quot;
21:53:33.640 [docker-java-stream--1317766102] DEBUG c.g.d.z.s.o.a.hc.client5.http.wire - http-outgoing-3 &lt;&lt; &quot;[0x2][0x0][0x0][0x0][0x0][0x0][0x0]4/bin/bash: connect: Cannot assign requested address[\n]&quot;
21:53:33.641 [docker-java-stream--1317766102] DEBUG c.g.d.z.s.o.a.hc.client5.http.wire - http-outgoing-3 &lt;&lt; &quot;[0x2][0x0][0x0][0x0][0x0][0x0][0x0]D/bin/bash: /dev/tcp/localhost/8080: Cannot assign requested address[\n]&quot;
21:53:33.773 [docker-java-stream--1317766102] DEBUG c.g.d.z.s.o.a.hc.client5.http.wire - http-outgoing-3 &lt;&lt; &quot;[0x2][0x0][0x0][0x0][0x0][0x0][0x0][0xc]/bin/sh: 1: &quot;
21:53:33.775 [docker-java-stream--1317766102] DEBUG c.g.d.z.s.o.a.hc.client5.http.wire - http-outgoing-3 &lt;&lt; &quot;[0x2][0x0][0x0][0x0][0x0][0x0][0x0][\r]nc: not found&quot;
21:53:33.775 [docker-java-stream--1317766102] DEBUG c.g.d.z.s.o.a.hc.client5.http.wire - http-outgoing-3 &lt;&lt; &quot;[0x2][0x0][0x0][0x0][0x0][0x0][0x0][0x1][\n]&quot;
21:53:33.783 [docker-java-stream--1317766102] DEBUG c.g.d.z.s.o.a.hc.client5.http.wire - http-outgoing-3 &lt;&lt; &quot;[0x2][0x0][0x0][0x0][0x0][0x0][0x0]4/bin/bash: connect: Cannot assign requested address[\n]&quot;
21:53:33.783 [docker-java-stream--1317766102] DEBUG c.g.d.z.s.o.a.hc.client5.http.wire - http-outgoing-3 &lt;&lt; &quot;[0x2][0x0][0x0][0x0][0x0][0x0][0x0]D/bin/bash: /dev/tcp/localhost/8080: Cannot assign requested address[\n]&quot;
21:53:33.918 [docker-java-stream--1317766102] DEBUG c.g.d.z.s.o.a.hc.client5.http.wire - http-outgoing-3 &lt;&lt; &quot;[0x2][0x0][0x0][0x0][0x0][0x0][0x0][0xc]/bin/sh: 1: &quot;
21:53:33.918 [docker-java-stream--1317766102] DEBUG c.g.d.z.s.o.a.hc.client5.http.wire - http-outgoing-3 &lt;&lt; &quot;[0x2][0x0][0x0][0x0][0x0][0x0][0x0][\r]nc: not found&quot;
21:53:33.918 [docker-java-stream--1317766102] DEBUG c.g.d.z.s.o.a.hc.client5.http.wire - http-outgoing-3 &lt;&lt; &quot;[0x2][0x0][0x0][0x0][0x0][0x0][0x0][0x1][\n]&quot;
21:53:33.939 [docker-java-stream--1317766102] DEBUG c.g.d.z.s.o.a.hc.client5.http.wire - http-outgoing-3 &lt;&lt; &quot;[0x2][0x0][0x0][0x0][0x0][0x0][0x0]4/bin/bash: connect: Cannot assign requested address[\n]&quot;
21:53:33.940 [docker-java-stream--1317766102] DEBUG c.g.d.z.s.o.a.hc.client5.http.wire - http-outgoing-3 &lt;&lt; &quot;[0x2][0x0][0x0][0x0][0x0][0x0][0x0]D/bin/bash: /dev/tcp/localhost/8080: Cannot assign requested address[\n]&quot;
21:53:34.065 [docker-java-stream--1317766102] DEBUG c.g.d.z.s.o.a.hc.client5.http.wire - http-outgoing-3 &lt;&lt; &quot;[0x2][0x0][0x0][0x0][0x0][0x0][0x0][0xc]/bin/sh: 1: &quot;
21:53:34.067 [docker-java-stream--1317766102] DEBUG c.g.d.z.s.o.a.hc.client5.http.wire - http-outgoing-3 &lt;&lt; &quot;[0x2][0x0][0x0][0x0][0x0][0x0][0x0][\r]nc: not found&quot;
21:53:34.067 [docker-java-stream--1317766102] DEBUG c.g.d.z.s.o.a.hc.client5.http.wire - http-outgoing-3 &lt;&lt; &quot;[0x2][0x0][0x0][0x0][0x0][0x0][0x0][0x1][\n]&quot;
21:53:34.111 [docker-java-stream--1317766102] DEBUG c.g.d.z.s.o.a.hc.client5.http.wire - http-outgoing-3 &lt;&lt; &quot;[0x2][0x0][0x0][0x0][0x0][0x0][0x0]4/bin/bash: connect: Cannot assign requested address[\n]&quot;
21:53:34.113 [docker-java-stream--1317766102] DEBUG c.g.d.z.s.o.a.hc.client5.http.wire - http-outgoing-3 &lt;&lt; &quot;[0x2][0x0][0x0][0x0][0x0][0x0][0x0]D/bin/bash: /dev/tcp/localhost/8080: Cannot assign requested address[\n]&quot;
21:53:34.248 [docker-java-stream--1317766102] DEBUG c.g.d.z.s.o.a.hc.client5.http.wire - http-outgoing-3 &lt;&lt; &quot;[0x2][0x0][0x0][0x0][0x0][0x0][0x0][0xc]/bin/sh: 1: &quot;
21:53:34.250 [docker-java-stream--1317766102] DEBUG c.g.d.z.s.o.a.hc.client5.http.wire - http-outgoing-3 &lt;&lt; &quot;[0x2][0x0][0x0][0x0][0x0][0x0][0x0][\r]nc: not found&quot;
21:53:34.250 [docker-java-stream--1317766102] DEBUG c.g.d.z.s.o.a.hc.client5.http.wire - http-outgoing-3 &lt;&lt; &quot;[0x2][0x0][0x0][0x0][0x0][0x0][0x0][0x1][\n]&quot;
21:53:34.258 [docker-java-stream--1317766102] DEBUG c.g.d.z.s.o.a.hc.client5.http.wire - http-outgoing-3 &lt;&lt; &quot;[0x2][0x0][0x0][0x0][0x0][0x0][0x0]4/bin/bash: connect: Cannot assign requested address[\n]&quot;
21:53:34.258 [docker-java-stream--1317766102] DEBUG c.g.d.z.s.o.a.hc.client5.http.wire - http-outgoing-3 &lt;&lt; &quot;[0x2][0x0][0x0][0x0][0x0][0x0][0x0]D/bin/bash: /dev/tcp/localhost/8080: Cannot assign requested address[\n]&quot;
21:53:34.380 [docker-java-stream--1317766102] DEBUG c.g.d.z.s.o.a.hc.client5.http.wire - http-outgoing-3 &lt;&lt; &quot;[0x2][0x0][0x0][0x0][0x0][0x0][0x0][0xc]/bin/sh: 1: &quot;
21:53:34.382 [docker-java-stream--1317766102] DEBUG c.g.d.z.s.o.a.hc.client5.http.wire - http-outgoing-3 &lt;&lt; &quot;[0x2][0x0][0x0][0x0][0x0][0x0][0x0][\r]nc: not found&quot;
21:53:34.382 [docker-java-stream--1317766102] DEBUG c.g.d.z.s.o.a.hc.client5.http.wire - http-outgoing-3 &lt;&lt; &quot;[0x2][0x0][0x0][0x0][0x0][0x0][0x0][0x1][\n]&quot;
21:53:34.387 [docker-java-stream--1317766102] DEBUG c.g.d.z.s.o.a.hc.client5.http.wire - http-outgoing-3 &lt;&lt; &quot;[0x2][0x0][0x0][0x0][0x0][0x0][0x0]4/bin/bash: connect: Cannot assign requested address[\n]&quot;
21:53:34.394 [docker-java-stream--1317766102] DEBUG c.g.d.z.s.o.a.hc.client5.http.wire - http-outgoing-3 &lt;&lt; &quot;[0x2][0x0][0x0][0x0][0x0][0x0][0x0]D/bin/bash: /dev/tcp/localhost/8080: Cannot assign requested address[\n]&quot;
21:53:34.535 [docker-java-stream--1317766102] DEBUG c.g.d.z.s.o.a.hc.client5.http.wire - http-outgoing-3 &lt;&lt; &quot;[0x2][0x0][0x0][0x0][0x0][0x0][0x0][0xc]/bin/sh: 1: &quot;
21:53:34.535 [docker-java-stream--1317766102] DEBUG c.g.d.z.s.o.a.hc.client5.http.wire - http-outgoing-3 &lt;&lt; &quot;[0x2][0x0][0x0][0x0][0x0][0x0][0x0][\r]nc: not found&quot;
21:53:34.535 [docker-java-stream--1317766102] DEBUG c.g.d.z.s.o.a.hc.client5.http.wire - http-outgoing-3 &lt;&lt; &quot;[0x2][0x0][0x0][0x0][0x0][0x0][0x0][0x1][\n]&quot;
21:53:34.557 [docker-java-stream--1317766102] DEBUG c.g.d.z.s.o.a.hc.client5.http.wire - http-outgoing-3 &lt;&lt; &quot;[0x2][0x0][0x0][0x0][0x0][0x0][0x0]4/bin/bash: connect: Cannot assign requested address[\n]&quot;
21:53:34.557 [docker-java-stream--1317766102] DEBUG c.g.d.z.s.o.a.hc.client5.http.wire - http-outgoing-3 &lt;&lt; &quot;[0x2][0x0][0x0][0x0][0x0][0x0][0x0]D/bin/bash: /dev/tcp/localhost/8080: Cannot assign requested address[\n]&quot;
21:53:34.675 [docker-java-stream--1317766102] DEBUG c.g.d.z.s.o.a.hc.client5.http.wire - http-outgoing-3 &lt;&lt; &quot;[0x2][0x0][0x0][0x0][0x0][0x0][0x0][0xc]/bin/sh: 1: &quot;
21:53:34.677 [docker-java-stream--1317766102] DEBUG c.g.d.z.s.o.a.hc.client5.http.wire - http-outgoing-3 &lt;&lt; &quot;[0x2][0x0][0x0][0x0][0x0][0x0][0x0][\r]nc: not found&quot;
21:53:34.677 [docker-java-stream--1317766102] DEBUG c.g.d.z.s.o.a.hc.client5.http.wire - http-outgoing-3 &lt;&lt; &quot;[0x2][0x0][0x0][0x0][0x0][0x0][0x0][0x1][\n]&quot;
21:53:34.684 [docker-java-stream--1317766102] DEBUG c.g.d.z.s.o.a.hc.client5.http.wire - http-outgoing-3 &lt;&lt; &quot;[0x2][0x0][0x0][0x0][0x0][0x0][0x0]4/bin/bash: connect: Cannot assign requested address[\n]&quot;
21:53:34.689 [docker-java-stream--1317766102] DEBUG c.g.d.z.s.o.a.hc.client5.http.wire - http-outgoing-3 &lt;&lt; &quot;[0x2][0x0][0x0][0x0][0x0][0x0][0x0]D/bin/bash: /dev/tcp/localhost/8080: Cannot assign requested address[\n]&quot;
21:53:34.825 [docker-java-stream--1317766102] DEBUG c.g.d.z.s.o.a.hc.client5.http.wire - http-outgoing-3 &lt;&lt; &quot;[0x2][0x0][0x0][0x0][0x0][0x0][0x0][0xc]/bin/sh: 1: &quot;
21:53:34.826 [docker-java-stream--1317766102] DEBUG c.g.d.z.s.o.a.hc.client5.http.wire - http-outgoing-3 &lt;&lt; &quot;[0x2][0x0][0x0][0x0][0x0][0x0][0x0][\r]nc: not found&quot;
21:53:34.827 [docker-java-stream--1317766102] DEBUG c.g.d.z.s.o.a.hc.client5.http.wire - http-outgoing-3 &lt;&lt; &quot;[0x2][0x0][0x0][0x0][0x0][0x0][0x0][0x1][\n]&quot;
21:53:34.838 [docker-java-stream--1317766102] DEBUG c.g.d.z.s.o.a.hc.client5.http.wire - http-outgoing-3 &lt;&lt; &quot;[0x2][0x0][0x0][0x0][0x0][0x0][0x0]4/bin/bash: connect: Cannot assign requested address[\n]&quot;
21:53:34.838 [docker-java-stream--1317766102] DEBUG c.g.d.z.s.o.a.hc.client5.http.wire - http-outgoing-3 &lt;&lt; &quot;[0x2][0x0][0x0][0x0][0x0][0x0][0x0]D/bin/bash: /dev/tcp/localhost/8080: Cannot assign requested address[\n]&quot;
21:53:34.967 [docker-java-stream--1317766102] DEBUG c.g.d.z.s.o.a.hc.client5.http.wire - http-outgoing-3 &lt;&lt; &quot;[0x2][0x0][0x0][0x0][0x0][0x0][0x0][0xc]/bin/sh: 1: &quot;
21:53:34.979 [docker-java-stream--1317766102] DEBUG c.g.d.z.s.o.a.hc.client5.http.wire - http-outgoing-3 &lt;&lt; &quot;[0x2][0x0][0x0][0x0][0x0][0x0][0x0][\r]nc: not found&quot;
21:53:34.979 [docker-java-stream--1317766102] DEBUG c.g.d.z.s.o.a.hc.client5.http.wire - http-outgoing-3 &lt;&lt; &quot;[0x2][0x0][0x0][0x0][0x0][0x0][0x0][0x1][\n]&quot;
21:53:34.985 [docker-java-stream--1317766102] DEBUG c.g.d.z.s.o.a.hc.client5.http.wire - http-outgoing-3 &lt;&lt; &quot;[0x2][0x0][0x0][0x0][0x0][0x0][0x0]4/bin/bash: connect: Cannot assign requested address[\n]&quot;
21:53:34.985 [docker-java-stream--1317766102] DEBUG c.g.d.z.s.o.a.hc.client5.http.wire - http-outgoing-3 &lt;&lt; &quot;[0x2][0x0][0x0][0x0][0x0][0x0][0x0]D/bin/bash: /dev/tcp/localhost/8080: Cannot assign requested address[\n]&quot;
21:53:35.103 [docker-java-stream--1317766102] DEBUG c.g.d.z.s.o.a.hc.client5.http.wire - http-outgoing-3 &lt;&lt; &quot;[0x2][0x0][0x0][0x0][0x0][0x0][0x0][0xc]/bin/sh: 1: &quot;
21:53:35.105 [docker-java-stream--1317766102] DEBUG c.g.d.z.s.o.a.hc.client5.http.wire - http-outgoing-3 &lt;&lt; &quot;[0x2][0x0][0x0][0x0][0x0][0x0][0x0][\r]nc: not found&quot;
21:53:35.105 [docker-java-stream--1317766102] DEBUG c.g.d.z.s.o.a.hc.client5.http.wire - http-outgoing-3 &lt;&lt; &quot;[0x2][0x0][0x0][0x0][0x0][0x0][0x0][0x1][\n]&quot;
21:53:35.120 [docker-java-stream--1317766102] DEBUG c.g.d.z.s.o.a.hc.client5.http.wire - http-outgoing-3 &lt;&lt; &quot;[0x2][0x0][0x0][0x0][0x0][0x0][0x0]4/bin/bash: connect: Cannot assign requested address[\n]&quot;
21:53:35.127 [docker-java-stream--1317766102] DEBUG c.g.d.z.s.o.a.hc.client5.http.wire - http-outgoing-3 &lt;&lt; &quot;[0x2][0x0][0x0][0x0][0x0][0x0][0x0]D/bin/bash: /dev/tcp/localhost/8080: Cannot assign requested address[\n]&quot;
21:53:35.274 [docker-java-stream--1317766102] DEBUG c.g.d.z.s.o.a.hc.client5.http.wire - http-outgoing-3 &lt;&lt; &quot;[0x2][0x0][0x0][0x0][0x0][0x0][0x0][0xc]/bin/sh: 1: &quot;
21:53:35.275 [docker-java-stream--1317766102] DEBUG c.g.d.z.s.o.a.hc.client5.http.wire - http-outgoing-3 &lt;&lt; &quot;[0x2][0x0][0x0][0x0][0x0][0x0][0x0][\r]nc: not found&quot;
21:53:35.275 [docker-java-stream--1317766102] DEBUG c.g.d.z.s.o.a.hc.client5.http.wire - http-outgoing-3 &lt;&lt; &quot;[0x2][0x0][0x0][0x0][0x0][0x0][0x0][0x1][\n]&quot;
21:53:35.288 [docker-java-stream--1317766102] DEBUG c.g.d.z.s.o.a.hc.client5.http.wire - http-outgoing-3 &lt;&lt; &quot;[0x2][0x0][0x0][0x0][0x0][0x0][0x0]4/bin/bash: connect: Cannot assign requested address[\n]&quot;
21:53:35.291 [docker-java-stream--1317766102] DEBUG c.g.d.z.s.o.a.hc.client5.http.wire - http-outgoing-3 &lt;&lt; &quot;[0x2][0x0][0x0][0x0][0x0][0x0][0x0]D/bin/bash: /dev/tcp/localhost/8080: Cannot assign requested address[\n]&quot;
21:53:35.421 [docker-java-stream--1317766102] DEBUG c.g.d.z.s.o.a.hc.client5.http.wire - http-outgoing-3 &lt;&lt; &quot;[0x2][0x0][0x0][0x0][0x0][0x0][0x0][0xc]/bin/sh: 1: &quot;
21:53:35.422 [docker-java-stream--1317766102] DEBUG c.g.d.z.s.o.a.hc.client5.http.wire - http-outgoing-3 &lt;&lt; &quot;[0x2][0x0][0x0][0x0][0x0][0x0][0x0][\r]nc: not found&quot;
21:53:35.423 [docker-java-stream--1317766102] DEBUG c.g.d.z.s.o.a.hc.client5.http.wire - http-outgoing-3 &lt;&lt; &quot;[0x2][0x0][0x0][0x0][0x0][0x0][0x0][0x1][\n]&quot;
21:53:35.426 [docker-java-stream--1317766102] DEBUG c.g.d.z.s.o.a.hc.client5.http.wire - http-outgoing-3 &lt;&lt; &quot;[0x2][0x0][0x0][0x0][0x0][0x0][0x0]4/bin/bash: connect: Cannot assign requested address[\n]&quot;
21:53:35.437 [docker-java-stream--1317766102] DEBUG c.g.d.z.s.o.a.hc.client5.http.wire - http-outgoing-3 &lt;&lt; &quot;[0x2][0x0][0x0][0x0][0x0][0x0][0x0]D/bin/bash: /dev/tcp/localhost/8080: Cannot assign requested address[\n]&quot;
21:53:35.552 [docker-java-stream--1317766102] DEBUG c.g.d.z.s.o.a.hc.client5.http.wire - http-outgoing-3 &lt;&lt; &quot;[0x2][0x0][0x0][0x0][0x0][0x0][0x0][0xc]/bin/sh: 1: &quot;
21:53:35.554 [docker-java-stream--1317766102] DEBUG c.g.d.z.s.o.a.hc.client5.http.wire - http-outgoing-3 &lt;&lt; &quot;[0x2][0x0][0x0][0x0][0x0][0x0][0x0][\r]nc: not found&quot;
21:53:35.554 [docker-java-stream--1317766102] DEBUG c.g.d.z.s.o.a.hc.client5.http.wire - http-outgoing-3 &lt;&lt; &quot;[0x2][0x0][0x0][0x0][0x0][0x0][0x0][0x1][\n]&quot;
21:53:35.561 [docker-java-stream--1317766102] DEBUG c.g.d.z.s.o.a.hc.client5.http.wire - http-outgoing-3 &lt;&lt; &quot;[0x2][0x0][0x0][0x0][0x0][0x0][0x0]4/bin/bash: connect: Cannot assign requested address[\n]&quot;
21:53:35.570 [docker-java-stream--1317766102] DEBUG c.g.d.z.s.o.a.hc.client5.http.wire - http-outgoing-3 &lt;&lt; &quot;[0x2][0x0][0x0][0x0][0x0][0x0][0x0]D/bin/bash: /dev/tcp/localhost/8080: Cannot assign requested address[\n]&quot;
21:53:35.689 [docker-java-stream--1317766102] DEBUG c.g.d.z.s.o.a.hc.client5.http.wire - http-outgoing-3 &lt;&lt; &quot;[0x2][0x0][0x0][0x0][0x0][0x0][0x0][0xc]/bin/sh: 1: &quot;
21:53:35.692 [docker-java-stream--1317766102] DEBUG c.g.d.z.s.o.a.hc.client5.http.wire - http-outgoing-3 &lt;&lt; &quot;[0x2][0x0][0x0][0x0][0x0][0x0][0x0][\r]nc: not found&quot;
21:53:35.692 [docker-java-stream--1317766102] DEBUG c.g.d.z.s.o.a.hc.client5.http.wire - http-outgoing-3 &lt;&lt; &quot;[0x2][0x0][0x0][0x0][0x0][0x0][0x0][0x1][\n]&quot;
21:53:35.700 [docker-java-stream--1317766102] DEBUG c.g.d.z.s.o.a.hc.client5.http.wire - http-outgoing-3 &lt;&lt; &quot;[0x2][0x0][0x0][0x0][0x0][0x0][0x0]4/bin/bash: connect: Cannot assign requested address[\n]&quot;
21:53:35.709 [docker-java-stream--1317766102] DEBUG c.g.d.z.s.o.a.hc.client5.http.wire - http-outgoing-3 &lt;&lt; &quot;[0x2][0x0][0x0][0x0][0x0][0x0][0x0]D/bin/bash: /dev/tcp/localhost/8080: Cannot assign requested address[\n]&quot;
21:53:35.833 [docker-java-stream--1317766102] DEBUG c.g.d.z.s.o.a.hc.client5.http.wire - http-outgoing-3 &lt;&lt; &quot;[0x2][0x0][0x0][0x0][0x0][0x0][0x0][0xc]/bin/sh: 1: &quot;
21:53:35.835 [docker-java-stream--1317766102] DEBUG c.g.d.z.s.o.a.hc.client5.http.wire - http-outgoing-3 &lt;&lt; &quot;[0x2][0x0][0x0][0x0][0x0][0x0][0x0][\r]nc: not found&quot;
21:53:35.836 [docker-java-stream--1317766102] DEBUG c.g.d.z.s.o.a.hc.client5.http.wire - http-outgoing-3 &lt;&lt; &quot;[0x2][0x0][0x0][0x0][0x0][0x0][0x0][0x1][\n]&quot;
21:53:35.840 [docker-java-stream--1317766102] DEBUG c.g.d.z.s.o.a.hc.client5.http.wire - http-outgoing-3 &lt;&lt; &quot;[0x2][0x0][0x0][0x0][0x0][0x0][0x0]4/bin/bash: connect: Cannot assign requested address[\n]&quot;
21:53:35.843 [docker-java-stream--1317766102] DEBUG c.g.d.z.s.o.a.hc.client5.http.wire - http-outgoing-3 &lt;&lt; &quot;[0x2][0x0][0x0][0x0][0x0][0x0][0x0]D/bin/bash: /dev/tcp/localhost/8080: Cannot assign requested address[\n]&quot;
21:53:35.964 [docker-java-stream--1317766102] DEBUG c.g.d.z.s.o.a.hc.client5.http.wire - http-outgoing-3 &lt;&lt; &quot;[0x2][0x0][0x0][0x0][0x0][0x0][0x0][0xc]/bin/sh: 1: &quot;
21:53:35.966 [docker-java-stream--1317766102] DEBUG c.g.d.z.s.o.a.hc.client5.http.wire - http-outgoing-3 &lt;&lt; &quot;[0x2][0x0][0x0][0x0][0x0][0x0][0x0][\r]nc: not found&quot;
21:53:35.966 [docker-java-stream--1317766102] DEBUG c.g.d.z.s.o.a.hc.client5.http.wire - http-outgoing-3 &lt;&lt; &quot;[0x2][0x0][0x0][0x0][0x0][0x0][0x0][0x1][\n]&quot;
21:53:35.976 [docker-java-stream--1317766102] DEBUG c.g.d.z.s.o.a.hc.client5.http.wire - http-outgoing-3 &lt;&lt; &quot;[0x2][0x0][0x0][0x0][0x0][0x0][0x0]4/bin/bash: connect: Cannot assign requested address[\n]&quot;
21:53:35.983 [docker-java-stream--1317766102] DEBUG c.g.d.z.s.o.a.hc.client5.http.wire - http-outgoing-3 &lt;&lt; &quot;[0x2][0x0][0x0][0x0][0x0][0x0][0x0]D/bin/bash: /dev/tcp/localhost/8080: Cannot assign requested address[\n]&quot;
21:53:36.120 [docker-java-stream--1317766102] DEBUG c.g.d.z.s.o.a.hc.client5.http.wire - http-outgoing-3 &lt;&lt; &quot;[0x2][0x0][0x0][0x0][0x0][0x0][0x0][0xc]/bin/sh: 1: &quot;
21:53:36.121 [docker-java-stream--1317766102] DEBUG c.g.d.z.s.o.a.hc.client5.http.wire - http-outgoing-3 &lt;&lt; &quot;[0x2][0x0][0x0][0x0][0x0][0x0][0x0][\r]nc: not found&quot;
21:53:36.121 [docker-java-stream--1317766102] DEBUG c.g.d.z.s.o.a.hc.client5.http.wire - http-outgoing-3 &lt;&lt; &quot;[0x2][0x0][0x0][0x0][0x0][0x0][0x0][0x1][\n]&quot;
21:53:36.132 [docker-java-stream--1317766102] DEBUG c.g.d.z.s.o.a.hc.client5.http.wire - http-outgoing-3 &lt;&lt; &quot;[0x2][0x0][0x0][0x0][0x0][0x0][0x0]4/bin/bash: connect: Cannot assign requested address[\n]&quot;
21:53:36.132 [docker-java-stream--1317766102] DEBUG c.g.d.z.s.o.a.hc.client5.http.wire - http-outgoing-3 &lt;&lt; &quot;[0x2][0x0][0x0][0x0][0x0][0x0][0x0]D/bin/bash: /dev/tcp/localhost/8080: Cannot assign requested address[\n]&quot;
21:53:36.259 [docker-java-stream--1317766102] DEBUG c.g.d.z.s.o.a.hc.client5.http.wire - http-outgoing-3 &lt;&lt; &quot;[0x2][0x0][0x0][0x0][0x0][0x0][0x0][0xc]/bin/sh: 1: &quot;
21:53:36.259 [docker-java-stream--1317766102] DEBUG c.g.d.z.s.o.a.hc.client5.http.wire - http-outgoing-3 &lt;&lt; &quot;[0x2][0x0][0x0][0x0][0x0][0x0][0x0][\r]nc: not found&quot;
21:53:36.260 [docker-java-stream--1317766102] DEBUG c.g.d.z.s.o.a.hc.client5.http.wire - http-outgoing-3 &lt;&lt; &quot;[0x2][0x0][0x0][0x0][0x0][0x0][0x0][0x1][\n]&quot;
21:53:36.267 [docker-java-stream--1317766102] DEBUG c.g.d.z.s.o.a.hc.client5.http.wire - http-outgoing-3 &lt;&lt; &quot;[0x2][0x0][0x0][0x0][0x0][0x0][0x0]4/bin/bash: connect: Cannot assign requested address[\n]&quot;
21:53:36.277 [docker-java-stream--1317766102] DEBUG c.g.d.z.s.o.a.hc.client5.http.wire - http-outgoing-3 &lt;&lt; &quot;[0x2][0x0][0x0][0x0][0x0][0x0][0x0]D/bin/bash: /dev/tcp/localhost/8080: Cannot assign requested address[\n]&quot;
21:53:36.403 [docker-java-stream--1317766102] DEBUG c.g.d.z.s.o.a.hc.client5.http.wire - http-outgoing-3 &lt;&lt; &quot;[0x2][0x0][0x0][0x0][0x0][0x0][0x0][0xc]/bin/sh: 1: &quot;
21:53:36.403 [docker-java-stream--1317766102] DEBUG c.g.d.z.s.o.a.hc.client5.http.wire - http-outgoing-3 &lt;&lt; &quot;[0x2][0x0][0x0][0x0][0x0][0x0][0x0][\r]nc: not found&quot;
21:53:36.403 [docker-java-stream--1317766102] DEBUG c.g.d.z.s.o.a.hc.client5.http.wire - http-outgoing-3 &lt;&lt; &quot;[0x2][0x0][0x0][0x0][0x0][0x0][0x0][0x1][\n]&quot;
21:53:36.415 [docker-java-stream--1317766102] DEBUG c.g.d.z.s.o.a.hc.client5.http.wire - http-outgoing-3 &lt;&lt; &quot;[0x2][0x0][0x0][0x0][0x0][0x0][0x0]4/bin/bash: connect: Cannot assign requested address[\n]&quot;
21:53:36.416 [docker-java-stream--1317766102] DEBUG c.g.d.z.s.o.a.hc.client5.http.wire - http-outgoing-3 &lt;&lt; &quot;[0x2][0x0][0x0][0x0][0x0][0x0][0x0]D/bin/bash: /dev/tcp/localhost/8080: Cannot assign requested address[\n]&quot;
21:53:36.537 [docker-java-stream--1317766102] DEBUG c.g.d.z.s.o.a.hc.client5.http.wire - http-outgoing-3 &lt;&lt; &quot;[0x2][0x0][0x0][0x0][0x0][0x0][0x0][0xc]/bin/sh: 1: &quot;
21:53:36.539 [docker-java-stream--1317766102] DEBUG c.g.d.z.s.o.a.hc.client5.http.wire - http-outgoing-3 &lt;&lt; &quot;[0x2][0x0][0x0][0x0][0x0][0x0][0x0][\r]nc: not found&quot;
21:53:36.540 [docker-java-stream--1317766102] DEBUG c.g.d.z.s.o.a.hc.client5.http.wire - http-outgoing-3 &lt;&lt; &quot;[0x2][0x0][0x0][0x0][0x0][0x0][0x0][0x1][\n]&quot;
21:53:36.549 [docker-java-stream--1317766102] DEBUG c.g.d.z.s.o.a.hc.client5.http.wire - http-outgoing-3 &lt;&lt; &quot;[0x2][0x0][0x0][0x0][0x0][0x0][0x0]4/bin/bash: connect: Cannot assign requested address[\n]&quot;
21:53:36.549 [docker-java-stream--1317766102] DEBUG c.g.d.z.s.o.a.hc.client5.http.wire - http-outgoing-3 &lt;&lt; &quot;[0x2][0x0][0x0][0x0][0x0][0x0][0x0]D/bin/bash: /dev/tcp/localhost/8080: Cannot assign requested address[\n]&quot;
21:53:36.675 [docker-java-stream--1317766102] DEBUG c.g.d.z.s.o.a.hc.client5.http.wire - http-outgoing-3 &lt;&lt; &quot;[0x2][0x0][0x0][0x0][0x0][0x0][0x0][0xc]/bin/sh: 1: &quot;
21:53:36.676 [docker-java-stream--1317766102] DEBUG c.g.d.z.s.o.a.hc.client5.http.wire - http-outgoing-3 &lt;&lt; &quot;[0x2][0x0][0x0][0x0][0x0][0x0][0x0][\r]nc: not found&quot;
21:53:36.676 [docker-java-stream--1317766102] DEBUG c.g.d.z.s.o.a.hc.client5.http.wire - http-outgoing-3 &lt;&lt; &quot;[0x2][0x0][0x0][0x0][0x0][0x0][0x0][0x1][\n]&quot;
21:53:36.696 [docker-java-stream--1317766102] DEBUG c.g.d.z.s.o.a.hc.client5.http.wire - http-outgoing-3 &lt;&lt; &quot;[0x2][0x0][0x0][0x0][0x0][0x0][0x0]4/bin/bash: connect: Cannot assign requested address[\n]&quot;
21:53:36.696 [docker-java-stream--1317766102] DEBUG c.g.d.z.s.o.a.hc.client5.http.wire - http-outgoing-3 &lt;&lt; &quot;[0x2][0x0][0x0][0x0][0x0][0x0][0x0]D/bin/bash: /dev/tcp/localhost/8080: Cannot assign requested address[\n]&quot;
21:53:36.823 [docker-java-stream--1317766102] DEBUG c.g.d.z.s.o.a.hc.client5.http.wire - http-outgoing-3 &lt;&lt; &quot;[0x2][0x0][0x0][0x0][0x0][0x0][0x0][0xc]/bin/sh: 1: &quot;
21:53:36.824 [docker-java-stream--1317766102] DEBUG c.g.d.z.s.o.a.hc.client5.http.wire - http-outgoing-3 &lt;&lt; &quot;[0x2][0x0][0x0][0x0][0x0][0x0][0x0][\r]nc: not found&quot;
21:53:36.824 [docker-java-stream--1317766102] DEBUG c.g.d.z.s.o.a.hc.client5.http.wire - http-outgoing-3 &lt;&lt; &quot;[0x2][0x0][0x0][0x0][0x0][0x0][0x0][0x1][\n]&quot;
21:53:36.839 [docker-java-stream--1317766102] DEBUG c.g.d.z.s.o.a.hc.client5.http.wire - http-outgoing-3 &lt;&lt; &quot;[0x2][0x0][0x0][0x0][0x0][0x0][0x0]4/bin/bash: connect: Cannot assign requested address[\n]&quot;
21:53:36.840 [docker-java-stream--1317766102] DEBUG c.g.d.z.s.o.a.hc.client5.http.wire - http-outgoing-3 &lt;&lt; &quot;[0x2][0x0][0x0][0x0][0x0][0x0][0x0]D/bin/bash: /dev/tcp/localhost/8080: Cannot assign requested address[\n]&quot;
21:53:36.986 [docker-java-stream--1317766102] DEBUG c.g.d.z.s.o.a.hc.client5.http.wire - http-outgoing-3 &lt;&lt; &quot;[0x2][0x0][0x0][0x0][0x0][0x0][0x0][0xc]/bin/sh: 1: &quot;
21:53:36.986 [docker-java-stream--1317766102] DEBUG c.g.d.z.s.o.a.hc.client5.http.wire - http-outgoing-3 &lt;&lt; &quot;[0x2][0x0][0x0][0x0][0x0][0x0][0x0][\r]nc: not found&quot;
21:53:36.986 [docker-java-stream--1317766102] DEBUG c.g.d.z.s.o.a.hc.client5.http.wire - http-outgoing-3 &lt;&lt; &quot;[0x2][0x0][0x0][0x0][0x0][0x0][0x0][0x1][\n]&quot;
21:53:37.005 [docker-java-stream--1317766102] DEBUG c.g.d.z.s.o.a.hc.client5.http.wire - http-outgoing-3 &lt;&lt; &quot;[0x2][0x0][0x0][0x0][0x0][0x0][0x0]4/bin/bash: connect: Cannot assign requested address[\n]&quot;
21:53:37.006 [docker-java-stream--1317766102] DEBUG c.g.d.z.s.o.a.hc.client5.http.wire - http-outgoing-3 &lt;&lt; &quot;[0x2][0x0][0x0][0x0][0x0][0x0][0x0]D/bin/bash: /dev/tcp/localhost/8080: Cannot assign requested address[\n]&quot;
21:53:37.130 [docker-java-stream--1317766102] DEBUG c.g.d.z.s.o.a.hc.client5.http.wire - http-outgoing-3 &lt;&lt; &quot;[0x2][0x0][0x0][0x0][0x0][0x0][0x0][0xc]/bin/sh: 1: &quot;
21:53:37.141 [docker-java-stream--1317766102] DEBUG c.g.d.z.s.o.a.hc.client5.http.wire - http-outgoing-3 &lt;&lt; &quot;[0x2][0x0][0x0][0x0][0x0][0x0][0x0][\r]nc: not found[0x2][0x0][0x0][0x0][0x0][0x0][0x0][0x1][\n]&quot;
21:53:37.149 [docker-java-stream--1317766102] DEBUG c.g.d.z.s.o.a.hc.client5.http.wire - http-outgoing-3 &lt;&lt; &quot;[0x2][0x0][0x0][0x0][0x0][0x0][0x0]4/bin/bash: connect: Cannot assign requested address[\n]&quot;
21:53:37.151 [docker-java-stream--1317766102] DEBUG c.g.d.z.s.o.a.hc.client5.http.wire - http-outgoing-3 &lt;&lt; &quot;[0x2][0x0][0x0][0x0][0x0][0x0][0x0]D/bin/bash: /dev/tcp/localhost/8080: Cannot assign requested address[\n]&quot;
21:53:37.276 [docker-java-stream--1317766102] DEBUG c.g.d.z.s.o.a.hc.client5.http.wire - http-outgoing-3 &lt;&lt; &quot;[0x2][0x0][0x0][0x0][0x0][0x0][0x0][0xc]/bin/sh: 1: &quot;
21:53:37.277 [docker-java-stream--1317766102] DEBUG c.g.d.z.s.o.a.hc.client5.http.wire - http-outgoing-3 &lt;&lt; &quot;[0x2][0x0][0x0][0x0][0x0][0x0][0x0][\r]nc: not found&quot;
21:53:37.277 [docker-java-stream--1317766102] DEBUG c.g.d.z.s.o.a.hc.client5.http.wire - http-outgoing-3 &lt;&lt; &quot;[0x2][0x0][0x0][0x0][0x0][0x0][0x0][0x1][\n]&quot;
21:53:37.285 [docker-java-stream--1317766102] DEBUG c.g.d.z.s.o.a.hc.client5.http.wire - http-outgoing-3 &lt;&lt; &quot;[0x2][0x0][0x0][0x0][0x0][0x0][0x0]4/bin/bash: connect: Cannot assign requested address[\n]&quot;
21:53:37.290 [docker-java-stream--1317766102] DEBUG c.g.d.z.s.o.a.hc.client5.http.wire - http-outgoing-3 &lt;&lt; &quot;[0x2][0x0][0x0][0x0][0x0][0x0][0x0]D/bin/bash: /dev/tcp/localhost/8080: Cannot assign requested address[\n]&quot;
21:53:37.427 [docker-java-stream--1317766102] DEBUG c.g.d.z.s.o.a.hc.client5.http.wire - http-outgoing-3 &lt;&lt; &quot;[0x2][0x0][0x0][0x0][0x0][0x0][0x0][0xc]/bin/sh: 1: &quot;
21:53:37.428 [docker-java-stream--1317766102] DEBUG c.g.d.z.s.o.a.hc.client5.http.wire - http-outgoing-3 &lt;&lt; &quot;[0x2][0x0][0x0][0x0][0x0][0x0][0x0][\r]nc: not found&quot;
21:53:37.428 [docker-java-stream--1317766102] DEBUG c.g.d.z.s.o.a.hc.client5.http.wire - http-outgoing-3 &lt;&lt; &quot;[0x2][0x0][0x0][0x0][0x0][0x0][0x0][0x1][\n]&quot;
21:53:37.435 [docker-java-stream--1317766102] DEBUG c.g.d.z.s.o.a.hc.client5.http.wire - http-outgoing-3 &lt;&lt; &quot;[0x2][0x0][0x0][0x0][0x0][0x0][0x0]4/bin/bash: connect: Cannot assign requested address[\n]&quot;
21:53:37.438 [docker-java-stream--1317766102] DEBUG c.g.d.z.s.o.a.hc.client5.http.wire - http-outgoing-3 &lt;&lt; &quot;[0x2][0x0][0x0][0x0][0x0][0x0][0x0]D/bin/bash: /dev/tcp/localhost/8080: Cannot assign requested address[\n]&quot;
21:53:37.571 [docker-java-stream--1317766102] DEBUG c.g.d.z.s.o.a.hc.client5.http.wire - http-outgoing-3 &lt;&lt; &quot;[0x2][0x0][0x0][0x0][0x0][0x0][0x0][0xc]/bin/sh: 1: &quot;
21:53:37.573 [docker-java-stream--1317766102] DEBUG c.g.d.z.s.o.a.hc.client5.http.wire - http-outgoing-3 &lt;&lt; &quot;[0x2][0x0][0x0][0x0][0x0][0x0][0x0][\r]nc: not found&quot;
21:53:37.573 [docker-java-stream--1317766102] DEBUG c.g.d.z.s.o.a.hc.client5.http.wire - http-outgoing-3 &lt;&lt; &quot;[0x2][0x0][0x0][0x0][0x0][0x0][0x0][0x1][\n]&quot;
21:53:37.579 [docker-java-stream--1317766102] DEBUG c.g.d.z.s.o.a.hc.client5.http.wire - http-outgoing-3 &lt;&lt; &quot;[0x2][0x0][0x0][0x0][0x0][0x0][0x0]4/bin/bash: connect: Cannot assign requested address[\n]&quot;
21:53:37.579 [docker-java-stream--1317766102] DEBUG c.g.d.z.s.o.a.hc.client5.http.wire - http-outgoing-3 &lt;&lt; &quot;[0x2][0x0][0x0][0x0][0x0][0x0][0x0]D/bin/bash: /dev/tcp/localhost/8080: Cannot assign requested address[\n]&quot;
21:53:37.705 [docker-java-stream--1317766102] DEBUG c.g.d.z.s.o.a.hc.client5.http.wire - http-outgoing-3 &lt;&lt; &quot;[0x2][0x0][0x0][0x0][0x0][0x0][0x0][0xc]/bin/sh: 1: &quot;
21:53:37.707 [docker-java-stream--1317766102] DEBUG c.g.d.z.s.o.a.hc.client5.http.wire - http-outgoing-3 &lt;&lt; &quot;[0x2][0x0][0x0][0x0][0x0][0x0][0x0][\r]nc: not found&quot;
21:53:37.707 [docker-java-stream--1317766102] DEBUG c.g.d.z.s.o.a.hc.client5.http.wire - http-outgoing-3 &lt;&lt; &quot;[0x2][0x0][0x0][0x0][0x0][0x0][0x0][0x1][\n]&quot;
21:53:37.716 [docker-java-stream--1317766102] DEBUG c.g.d.z.s.o.a.hc.client5.http.wire - http-outgoing-3 &lt;&lt; &quot;[0x2][0x0][0x0][0x0][0x0][0x0][0x0]4/bin/bash: connect: Cannot assign requested address[\n]&quot;
21:53:37.718 [docker-java-stream--1317766102] DEBUG c.g.d.z.s.o.a.hc.client5.http.wire - http-outgoing-3 &lt;&lt; &quot;[0x2][0x0][0x0][0x0][0x0][0x0][0x0]D/bin/bash: /dev/tcp/localhost/8080: Cannot assign requested address[\n]&quot;
21:53:37.835 [docker-java-stream--1317766102] DEBUG c.g.d.z.s.o.a.hc.client5.http.wire - http-outgoing-3 &lt;&lt; &quot;[0x2][0x0][0x0][0x0][0x0][0x0][0x0][0xc]/bin/sh: 1: &quot;
21:53:37.837 [docker-java-stream--1317766102] DEBUG c.g.d.z.s.o.a.hc.client5.http.wire - http-outgoing-3 &lt;&lt; &quot;[0x2][0x0][0x0][0x0][0x0][0x0][0x0][\r]nc: not found&quot;
21:53:37.838 [docker-java-stream--1317766102] DEBUG c.g.d.z.s.o.a.hc.client5.http.wire - http-outgoing-3 &lt;&lt; &quot;[0x2][0x0][0x0][0x0][0x0][0x0][0x0][0x1][\n]&quot;
21:53:37.848 [docker-java-stream--1317766102] DEBUG c.g.d.z.s.o.a.hc.client5.http.wire - http-outgoing-3 &lt;&lt; &quot;[0x2][0x0][0x0][0x0][0x0][0x0][0x0]4/bin/bash: connect: Cannot assign requested address[\n]&quot;
21:53:37.852 [docker-java-stream--1317766102] DEBUG c.g.d.z.s.o.a.hc.client5.http.wire - http-outgoing-3 &lt;&lt; &quot;[0x2][0x0][0x0][0x0][0x0][0x0][0x0]D/bin/bash: /dev/tcp/localhost/8080: Cannot assign requested address[\n]&quot;
21:53:37.981 [docker-java-stream--1317766102] DEBUG c.g.d.z.s.o.a.hc.client5.http.wire - http-outgoing-3 &lt;&lt; &quot;[0x2][0x0][0x0][0x0][0x0][0x0][0x0][0xc]/bin/sh: 1: &quot;
21:53:37.981 [docker-java-stream--1317766102] DEBUG c.g.d.z.s.o.a.hc.client5.http.wire - http-outgoing-3 &lt;&lt; &quot;[0x2][0x0][0x0][0x0][0x0][0x0][0x0][\r]nc: not found&quot;
21:53:37.982 [docker-java-stream--1317766102] DEBUG c.g.d.z.s.o.a.hc.client5.http.wire - http-outgoing-3 &lt;&lt; &quot;[0x2][0x0][0x0][0x0][0x0][0x0][0x0][0x1][\n]&quot;
21:53:37.992 [docker-java-stream--1317766102] DEBUG c.g.d.z.s.o.a.hc.client5.http.wire - http-outgoing-3 &lt;&lt; &quot;[0x2][0x0][0x0][0x0][0x0][0x0][0x0]4/bin/bash: connect: Cannot assign requested address[\n]&quot;
21:53:37.995 [docker-java-stream--1317766102] DEBUG c.g.d.z.s.o.a.hc.client5.http.wire - http-outgoing-3 &lt;&lt; &quot;[0x2][0x0][0x0][0x0][0x0][0x0][0x0]D/bin/bash: /dev/tcp/localhost/8080: Cannot assign requested address[\n]&quot;
21:53:38.125 [docker-java-stream--1317766102] DEBUG c.g.d.z.s.o.a.hc.client5.http.wire - http-outgoing-3 &lt;&lt; &quot;[0x2][0x0][0x0][0x0][0x0][0x0][0x0][0xc]/bin/sh: 1: &quot;
21:53:38.125 [docker-java-stream--1317766102] DEBUG c.g.d.z.s.o.a.hc.client5.http.wire - http-outgoing-3 &lt;&lt; &quot;[0x2][0x0][0x0][0x0][0x0][0x0][0x0][\r]nc: not found&quot;
21:53:38.125 [docker-java-stream--1317766102] DEBUG c.g.d.z.s.o.a.hc.client5.http.wire - http-outgoing-3 &lt;&lt; &quot;[0x2][0x0][0x0][0x0][0x0][0x0][0x0][0x1][\n]&quot;
21:53:38.138 [docker-java-stream--1317766102] DEBUG c.g.d.z.s.o.a.hc.client5.http.wire - http-outgoing-3 &lt;&lt; &quot;[0x2][0x0][0x0][0x0][0x0][0x0][0x0]4/bin/bash: connect: Cannot assign requested address[\n]&quot;
21:53:38.138 [docker-java-stream--1317766102] DEBUG c.g.d.z.s.o.a.hc.client5.http.wire - http-outgoing-3 &lt;&lt; &quot;[0x2][0x0][0x0][0x0][0x0][0x0][0x0]D/bin/bash: /dev/tcp/localhost/8080: Cannot assign requested address[\n]&quot;
21:53:38.254 [docker-java-stream--1317766102] DEBUG c.g.d.z.s.o.a.hc.client5.http.wire - http-outgoing-3 &lt;&lt; &quot;[0x2][0x0][0x0][0x0][0x0][0x0][0x0][0xc]/bin/sh: 1: &quot;
21:53:38.256 [docker-java-stream--1317766102] DEBUG c.g.d.z.s.o.a.hc.client5.http.wire - http-outgoing-3 &lt;&lt; &quot;[0x2][0x0][0x0][0x0][0x0][0x0][0x0][\r]nc: not found&quot;
21:53:38.256 [docker-java-stream--1317766102] DEBUG c.g.d.z.s.o.a.hc.client5.http.wire - http-outgoing-3 &lt;&lt; &quot;[0x2][0x0][0x0][0x0][0x0][0x0][0x0][0x1][\n]&quot;
21:53:38.266 [docker-java-stream--1317766102] DEBUG c.g.d.z.s.o.a.hc.client5.http.wire - http-outgoing-3 &lt;&lt; &quot;[0x2][0x0][0x0][0x0][0x0][0x0][0x0]4/bin/bash: connect: Cannot assign requested address[\n]&quot;
21:53:38.267 [docker-java-stream--1317766102] DEBUG c.g.d.z.s.o.a.hc.client5.http.wire - http-outgoing-3 &lt;&lt; &quot;[0x2][0x0][0x0][0x0][0x0][0x0][0x0]D/bin/bash: /dev/tcp/localhost/8080: Cannot assign requested address[\n]&quot;
21:53:38.393 [docker-java-stream--1317766102] DEBUG c.g.d.z.s.o.a.hc.client5.http.wire - http-outgoing-3 &lt;&lt; &quot;[0x2][0x0][0x0][0x0][0x0][0x0][0x0][0xc]/bin/sh: 1: &quot;
21:53:38.395 [docker-java-stream--1317766102] DEBUG c.g.d.z.s.o.a.hc.client5.http.wire - http-outgoing-3 &lt;&lt; &quot;[0x2][0x0][0x0][0x0][0x0][0x0][0x0][\r]nc: not found&quot;
21:53:38.395 [docker-java-stream--1317766102] DEBUG c.g.d.z.s.o.a.hc.client5.http.wire - http-outgoing-3 &lt;&lt; &quot;[0x2][0x0][0x0][0x0][0x0][0x0][0x0][0x1][\n]&quot;
21:53:38.405 [docker-java-stream--1317766102] DEBUG c.g.d.z.s.o.a.hc.client5.http.wire - http-outgoing-3 &lt;&lt; &quot;[0x2][0x0][0x0][0x0][0x0][0x0][0x0]4/bin/bash: connect: Cannot assign requested address[\n]&quot;
21:53:38.406 [docker-java-stream--1317766102] DEBUG c.g.d.z.s.o.a.hc.client5.http.wire - http-outgoing-3 &lt;&lt; &quot;[0x2][0x0][0x0][0x0][0x0][0x0][0x0]D/bin/bash: /dev/tcp/localhost/8080: Cannot assign requested address[\n]&quot;
21:53:38.530 [docker-java-stream--1317766102] DEBUG c.g.d.z.s.o.a.hc.client5.http.wire - http-outgoing-3 &lt;&lt; &quot;[0x2][0x0][0x0][0x0][0x0][0x0][0x0][0xc]/bin/sh: 1: &quot;
21:53:38.530 [docker-java-stream--1317766102] DEBUG c.g.d.z.s.o.a.hc.client5.http.wire - http-outgoing-3 &lt;&lt; &quot;[0x2][0x0][0x0][0x0][0x0][0x0][0x0][\r]nc: not found&quot;
21:53:38.530 [docker-java-stream--1317766102] DEBUG c.g.d.z.s.o.a.hc.client5.http.wire - http-outgoing-3 &lt;&lt; &quot;[0x2][0x0][0x0][0x0][0x0][0x0][0x0][0x1][\n]&quot;
21:53:38.545 [docker-java-stream--1317766102] DEBUG c.g.d.z.s.o.a.hc.client5.http.wire - http-outgoing-3 &lt;&lt; &quot;[0x2][0x0][0x0][0x0][0x0][0x0][0x0]4/bin/bash: connect: Cannot assign requested address[\n]&quot;
21:53:38.547 [docker-java-stream--1317766102] DEBUG c.g.d.z.s.o.a.hc.client5.http.wire - http-outgoing-3 &lt;&lt; &quot;[0x2][0x0][0x0][0x0][0x0][0x0][0x0]D/bin/bash: /dev/tcp/localhost/8080: Cannot assign requested address[\n]&quot;
21:53:38.668 [docker-java-stream--1317766102] DEBUG c.g.d.z.s.o.a.hc.client5.http.wire - http-outgoing-3 &lt;&lt; &quot;[0x2][0x0][0x0][0x0][0x0][0x0][0x0][0xc]/bin/sh: 1: &quot;
21:53:38.670 [docker-java-stream--1317766102] DEBUG c.g.d.z.s.o.a.hc.client5.http.wire - http-outgoing-3 &lt;&lt; &quot;[0x2][0x0][0x0][0x0][0x0][0x0][0x0][\r]nc: not found&quot;
21:53:38.671 [docker-java-stream--1317766102] DEBUG c.g.d.z.s.o.a.hc.client5.http.wire - http-outgoing-3 &lt;&lt; &quot;[0x2][0x0][0x0][0x0][0x0][0x0][0x0][0x1][\n]&quot;
21:53:38.683 [docker-java-stream--1317766102] DEBUG c.g.d.z.s.o.a.hc.client5.http.wire - http-outgoing-3 &lt;&lt; &quot;[0x2][0x0][0x0][0x0][0x0][0x0][0x0]4/bin/bash: connect: Cannot assign requested address[\n]&quot;
21:53:38.684 [docker-java-stream--1317766102] DEBUG c.g.d.z.s.o.a.hc.client5.http.wire - http-outgoing-3 &lt;&lt; &quot;[0x2][0x0][0x0][0x0][0x0][0x0][0x0]D/bin/bash: /dev/tcp/localhost/8080: Cannot assign requested address[\n]&quot;
21:53:38.798 [docker-java-stream--1317766102] DEBUG c.g.d.z.s.o.a.hc.client5.http.wire - http-outgoing-3 &lt;&lt; &quot;[0x2][0x0][0x0][0x0][0x0][0x0][0x0][0xc]/bin/sh: 1: &quot;
21:53:38.800 [docker-java-stream--1317766102] DEBUG c.g.d.z.s.o.a.hc.client5.http.wire - http-outgoing-3 &lt;&lt; &quot;[0x2][0x0][0x0][0x0][0x0][0x0][0x0][\r]nc: not found&quot;
21:53:38.800 [docker-java-stream--1317766102] DEBUG c.g.d.z.s.o.a.hc.client5.http.wire - http-outgoing-3 &lt;&lt; &quot;[0x2][0x0][0x0][0x0][0x0][0x0][0x0][0x1][\n]&quot;
21:53:38.809 [docker-java-stream--1317766102] DEBUG c.g.d.z.s.o.a.hc.client5.http.wire - http-outgoing-3 &lt;&lt; &quot;[0x2][0x0][0x0][0x0][0x0][0x0][0x0]4/bin/bash: connect: Cannot assign requested address[\n]&quot;
21:53:38.809 [docker-java-stream--1317766102] DEBUG c.g.d.z.s.o.a.hc.client5.http.wire - http-outgoing-3 &lt;&lt; &quot;[0x2][0x0][0x0][0x0][0x0][0x0][0x0]D/bin/bash: /dev/tcp/localhost/8080: Cannot assign requested address[\n]&quot;
21:53:38.933 [docker-java-stream--1317766102] DEBUG c.g.d.z.s.o.a.hc.client5.http.wire - http-outgoing-3 &lt;&lt; &quot;[0x2][0x0][0x0][0x0][0x0][0x0][0x0][0xc]/bin/sh: 1: &quot;
21:53:38.934 [docker-java-stream--1317766102] DEBUG c.g.d.z.s.o.a.hc.client5.http.wire - http-outgoing-3 &lt;&lt; &quot;[0x2][0x0][0x0][0x0][0x0][0x0][0x0][\r]nc: not found&quot;
21:53:38.935 [docker-java-stream--1317766102] DEBUG c.g.d.z.s.o.a.hc.client5.http.wire - http-outgoing-3 &lt;&lt; &quot;[0x2][0x0][0x0][0x0][0x0][0x0][0x0][0x1][\n]&quot;
21:53:38.949 [docker-java-stream--1317766102] DEBUG c.g.d.z.s.o.a.hc.client5.http.wire - http-outgoing-3 &lt;&lt; &quot;[0x2][0x0][0x0][0x0][0x0][0x0][0x0]4/bin/bash: connect: Cannot assign requested address[\n]&quot;
21:53:38.954 [docker-java-stream--1317766102] DEBUG c.g.d.z.s.o.a.hc.client5.http.wire - http-outgoing-3 &lt;&lt; &quot;[0x2][0x0][0x0][0x0][0x0][0x0][0x0]D/bin/bash: /dev/tcp/localhost/8080: Cannot assign requested address[\n]&quot;
21:53:39.079 [docker-java-stream--1317766102] DEBUG c.g.d.z.s.o.a.hc.client5.http.wire - http-outgoing-3 &lt;&lt; &quot;[0x2][0x0][0x0][0x0][0x0][0x0][0x0][0xc]/bin/sh: 1: &quot;
21:53:39.081 [docker-java-stream--1317766102] DEBUG c.g.d.z.s.o.a.hc.client5.http.wire - http-outgoing-3 &lt;&lt; &quot;[0x2][0x0][0x0][0x0][0x0][0x0][0x0][\r]nc: not found&quot;
21:53:39.081 [docker-java-stream--1317766102] DEBUG c.g.d.z.s.o.a.hc.client5.http.wire - http-outgoing-3 &lt;&lt; &quot;[0x2][0x0][0x0][0x0][0x0][0x0][0x0][0x1][\n]&quot;
21:53:39.090 [docker-java-stream--1317766102] DEBUG c.g.d.z.s.o.a.hc.client5.http.wire - http-outgoing-3 &lt;&lt; &quot;[0x2][0x0][0x0][0x0][0x0][0x0][0x0]4/bin/bash: connect: Cannot assign requested address[\n]&quot;
21:53:39.090 [docker-java-stream--1317766102] DEBUG c.g.d.z.s.o.a.hc.client5.http.wire - http-outgoing-3 &lt;&lt; &quot;[0x2][0x0][0x0][0x0][0x0][0x0][0x0]D/bin/bash: /dev/tcp/localhost/8080: Cannot assign requested address[\n]&quot;
21:53:39.209 [docker-java-stream--1317766102] DEBUG c.g.d.z.s.o.a.hc.client5.http.wire - http-outgoing-3 &lt;&lt; &quot;[0x2][0x0][0x0][0x0][0x0][0x0][0x0][0xc]/bin/sh: 1: &quot;
21:53:39.210 [docker-java-stream--1317766102] DEBUG c.g.d.z.s.o.a.hc.client5.http.wire - http-outgoing-3 &lt;&lt; &quot;[0x2][0x0][0x0][0x0][0x0][0x0][0x0][\r]nc: not found&quot;
21:53:39.210 [docker-java-stream--1317766102] DEBUG c.g.d.z.s.o.a.hc.client5.http.wire - http-outgoing-3 &lt;&lt; &quot;[0x2][0x0][0x0][0x0][0x0][0x0][0x0][0x1][\n]&quot;
21:53:39.219 [docker-java-stream--1317766102] DEBUG c.g.d.z.s.o.a.hc.client5.http.wire - http-outgoing-3 &lt;&lt; &quot;[0x2][0x0][0x0][0x0][0x0][0x0][0x0]4/bin/bash: connect: Cannot assign requested address[\n]&quot;
21:53:39.225 [docker-java-stream--1317766102] DEBUG c.g.d.z.s.o.a.hc.client5.http.wire - http-outgoing-3 &lt;&lt; &quot;[0x2][0x0][0x0][0x0][0x0][0x0][0x0]D/bin/bash: /dev/tcp/localhost/8080: Cannot assign requested address[\n]&quot;
21:53:39.351 [docker-java-stream--1317766102] DEBUG c.g.d.z.s.o.a.hc.client5.http.wire - http-outgoing-3 &lt;&lt; &quot;[0x2][0x0][0x0][0x0][0x0][0x0][0x0][0xc]/bin/sh: 1: &quot;
21:53:39.352 [docker-java-stream--1317766102] DEBUG c.g.d.z.s.o.a.hc.client5.http.wire - http-outgoing-3 &lt;&lt; &quot;[0x2][0x0][0x0][0x0][0x0][0x0][0x0][\r]nc: not found&quot;
21:53:39.352 [docker-java-stream--1317766102] DEBUG c.g.d.z.s.o.a.hc.client5.http.wire - http-outgoing-3 &lt;&lt; &quot;[0x2][0x0][0x0][0x0][0x0][0x0][0x0][0x1][\n]&quot;
21:53:39.364 [docker-java-stream--1317766102] DEBUG c.g.d.z.s.o.a.hc.client5.http.wire - http-outgoing-3 &lt;&lt; &quot;[0x2][0x0][0x0][0x0][0x0][0x0][0x0]4/bin/bash: connect: Cannot assign requested address[\n]&quot;
21:53:39.364 [docker-java-stream--1317766102] DEBUG c.g.d.z.s.o.a.hc.client5.http.wire - http-outgoing-3 &lt;&lt; &quot;[0x2][0x0][0x0][0x0][0x0][0x0][0x0]D/bin/bash: /dev/tcp/localhost/8080: Cannot assign requested address[\n]&quot;
21:53:39.497 [docker-java-stream--1317766102] DEBUG c.g.d.z.s.o.a.hc.client5.http.wire - http-outgoing-3 &lt;&lt; &quot;[0x2][0x0][0x0][0x0][0x0][0x0][0x0][0xc]/bin/sh: 1: &quot;
21:53:39.497 [docker-java-stream--1317766102] DEBUG c.g.d.z.s.o.a.hc.client5.http.wire - http-outgoing-3 &lt;&lt; &quot;[0x2][0x0][0x0][0x0][0x0][0x0][0x0][\r]nc: not found&quot;
21:53:39.498 [docker-java-stream--1317766102] DEBUG c.g.d.z.s.o.a.hc.client5.http.wire - http-outgoing-3 &lt;&lt; &quot;[0x2][0x0][0x0][0x0][0x0][0x0][0x0][0x1][\n]&quot;
21:53:39.505 [docker-java-stream--1317766102] DEBUG c.g.d.z.s.o.a.hc.client5.http.wire - http-outgoing-3 &lt;&lt; &quot;[0x2][0x0][0x0][0x0][0x0][0x0][0x0]4/bin/bash: connect: Cannot assign requested address[\n]&quot;
21:53:39.512 [docker-java-stream--1317766102] DEBUG c.g.d.z.s.o.a.hc.client5.http.wire - http-outgoing-3 &lt;&lt; &quot;[0x2][0x0][0x0][0x0][0x0][0x0][0x0]D/bin/bash: /dev/tcp/localhost/8080: Cannot assign requested address[\n]&quot;
21:53:39.642 [docker-java-stream--1317766102] DEBUG c.g.d.z.s.o.a.hc.client5.http.wire - http-outgoing-3 &lt;&lt; &quot;[0x2][0x0][0x0][0x0][0x0][0x0][0x0][0xc]/bin/sh: 1: &quot;
21:53:39.643 [docker-java-stream--1317766102] DEBUG c.g.d.z.s.o.a.hc.client5.http.wire - http-outgoing-3 &lt;&lt; &quot;[0x2][0x0][0x0][0x0][0x0][0x0][0x0][\r]nc: not found&quot;
21:53:39.643 [docker-java-stream--1317766102] DEBUG c.g.d.z.s.o.a.hc.client5.http.wire - http-outgoing-3 &lt;&lt; &quot;[0x2][0x0][0x0][0x0][0x0][0x0][0x0][0x1][\n]&quot;
21:53:39.658 [docker-java-stream--1317766102] DEBUG c.g.d.z.s.o.a.hc.client5.http.wire - http-outgoing-3 &lt;&lt; &quot;[0x2][0x0][0x0][0x0][0x0][0x0][0x0]4/bin/bash: connect: Cannot assign requested address[\n]&quot;
21:53:39.659 [docker-java-stream--1317766102] DEBUG c.g.d.z.s.o.a.hc.client5.http.wire - http-outgoing-3 &lt;&lt; &quot;[0x2][0x0][0x0][0x0][0x0][0x0][0x0]D/bin/bash: /dev/tcp/localhost/8080: Cannot assign requested address[\n]&quot;
21:53:39.786 [docker-java-stream--1317766102] DEBUG c.g.d.z.s.o.a.hc.client5.http.wire - http-outgoing-3 &lt;&lt; &quot;[0x2][0x0][0x0][0x0][0x0][0x0][0x0][0xc]/bin/sh: 1: &quot;
21:53:39.788 [docker-java-stream--1317766102] DEBUG c.g.d.z.s.o.a.hc.client5.http.wire - http-outgoing-3 &lt;&lt; &quot;[0x2][0x0][0x0][0x0][0x0][0x0][0x0][\r]nc: not found&quot;
21:53:39.788 [docker-java-stream--1317766102] DEBUG c.g.d.z.s.o.a.hc.client5.http.wire - http-outgoing-3 &lt;&lt; &quot;[0x2][0x0][0x0][0x0][0x0][0x0][0x0][0x1][\n]&quot;
21:53:39.794 [docker-java-stream--1317766102] DEBUG c.g.d.z.s.o.a.hc.client5.http.wire - http-outgoing-3 &lt;&lt; &quot;[0x2][0x0][0x0][0x0][0x0][0x0][0x0]4/bin/bash: connect: Cannot assign requested address[\n]&quot;
21:53:39.796 [docker-java-stream--1317766102] DEBUG c.g.d.z.s.o.a.hc.client5.http.wire - http-outgoing-3 &lt;&lt; &quot;[0x2][0x0][0x0][0x0][0x0][0x0][0x0]D/bin/bash: /dev/tcp/localhost/8080: Cannot assign requested address[\n]&quot;
21:53:39.911 [docker-java-stream--1317766102] DEBUG c.g.d.z.s.o.a.hc.client5.http.wire - http-outgoing-3 &lt;&lt; &quot;[0x2][0x0][0x0][0x0][0x0][0x0][0x0][0xc]/bin/sh: 1: &quot;
21:53:39.912 [docker-java-stream--1317766102] DEBUG c.g.d.z.s.o.a.hc.client5.http.wire - http-outgoing-3 &lt;&lt; &quot;[0x2][0x0][0x0][0x0][0x0][0x0][0x0][\r]nc: not found&quot;
21:53:39.912 [docker-java-stream--1317766102] DEBUG c.g.d.z.s.o.a.hc.client5.http.wire - http-outgoing-3 &lt;&lt; &quot;[0x2][0x0][0x0][0x0][0x0][0x0][0x0][0x1][\n]&quot;
21:53:39.928 [docker-java-stream--1317766102] DEBUG c.g.d.z.s.o.a.hc.client5.http.wire - http-outgoing-3 &lt;&lt; &quot;[0x2][0x0][0x0][0x0][0x0][0x0][0x0]4/bin/bash: connect: Cannot assign requested address[\n]&quot;
21:53:39.929 [docker-java-stream--1317766102] DEBUG c.g.d.z.s.o.a.hc.client5.http.wire - http-outgoing-3 &lt;&lt; &quot;[0x2][0x0][0x0][0x0][0x0][0x0][0x0]D/bin/bash: /dev/tcp/localhost/8080: Cannot assign requested address[\n]&quot;
21:53:40.049 [docker-java-stream--1317766102] DEBUG c.g.d.z.s.o.a.hc.client5.http.wire - http-outgoing-3 &lt;&lt; &quot;[0x2][0x0][0x0][0x0][0x0][0x0][0x0][0xc]/bin/sh: 1: &quot;
21:53:40.050 [docker-java-stream--1317766102] DEBUG c.g.d.z.s.o.a.hc.client5.http.wire - http-outgoing-3 &lt;&lt; &quot;[0x2][0x0][0x0][0x0][0x0][0x0][0x0][\r]nc: not found&quot;
21:53:40.051 [docker-java-stream--1317766102] DEBUG c.g.d.z.s.o.a.hc.client5.http.wire - http-outgoing-3 &lt;&lt; &quot;[0x2][0x0][0x0][0x0][0x0][0x0][0x0][0x1][\n]&quot;
21:53:40.058 [docker-java-stream--1317766102] DEBUG c.g.d.z.s.o.a.hc.client5.http.wire - http-outgoing-3 &lt;&lt; &quot;[0x2][0x0][0x0][0x0][0x0][0x0][0x0]4/bin/bash: connect: Cannot assign requested address[\n]&quot;
21:53:40.063 [docker-java-stream--1317766102] DEBUG c.g.d.z.s.o.a.hc.client5.http.wire - http-outgoing-3 &lt;&lt; &quot;[0x2][0x0][0x0][0x0][0x0][0x0][0x0]D/bin/bash: /dev/tcp/localhost/8080: Cannot assign requested address[\n]&quot;
21:53:40.186 [docker-java-stream--1317766102] DEBUG c.g.d.z.s.o.a.hc.client5.http.wire - http-outgoing-3 &lt;&lt; &quot;[0x2][0x0][0x0][0x0][0x0][0x0][0x0][0xc]/bin/sh: 1: &quot;
21:53:40.188 [docker-java-stream--1317766102] DEBUG c.g.d.z.s.o.a.hc.client5.http.wire - http-outgoing-3 &lt;&lt; &quot;[0x2][0x0][0x0][0x0][0x0][0x0][0x0][\r]nc: not found&quot;
21:53:40.188 [docker-java-stream--1317766102] DEBUG c.g.d.z.s.o.a.hc.client5.http.wire - http-outgoing-3 &lt;&lt; &quot;[0x2][0x0][0x0][0x0][0x0][0x0][0x0][0x1][\n]&quot;
21:53:40.198 [docker-java-stream--1317766102] DEBUG c.g.d.z.s.o.a.hc.client5.http.wire - http-outgoing-3 &lt;&lt; &quot;[0x2][0x0][0x0][0x0][0x0][0x0][0x0]4/bin/bash: connect: Cannot assign requested address[\n]&quot;
21:53:40.201 [docker-java-stream--1317766102] DEBUG c.g.d.z.s.o.a.hc.client5.http.wire - http-outgoing-3 &lt;&lt; &quot;[0x2][0x0][0x0][0x0][0x0][0x0][0x0]D/bin/bash: /dev/tcp/localhost/8080: Cannot assign requested address[\n]&quot;
21:53:40.338 [docker-java-stream--1317766102] DEBUG c.g.d.z.s.o.a.hc.client5.http.wire - http-outgoing-3 &lt;&lt; &quot;[0x2][0x0][0x0][0x0][0x0][0x0][0x0][0xc]/bin/sh: 1: &quot;
21:53:40.338 [docker-java-stream--1317766102] DEBUG c.g.d.z.s.o.a.hc.client5.http.wire - http-outgoing-3 &lt;&lt; &quot;[0x2][0x0][0x0][0x0][0x0][0x0][0x0][\r]nc: not found&quot;
21:53:40.338 [docker-java-stream--1317766102] DEBUG c.g.d.z.s.o.a.hc.client5.http.wire - http-outgoing-3 &lt;&lt; &quot;[0x2][0x0][0x0][0x0][0x0][0x0][0x0][0x1][\n]&quot;
21:53:40.347 [docker-java-stream--1317766102] DEBUG c.g.d.z.s.o.a.hc.client5.http.wire - http-outgoing-3 &lt;&lt; &quot;[0x2][0x0][0x0][0x0][0x0][0x0][0x0]4/bin/bash: connect: Cannot assign requested address[\n]&quot;
21:53:40.350 [docker-java-stream--1317766102] DEBUG c.g.d.z.s.o.a.hc.client5.http.wire - http-outgoing-3 &lt;&lt; &quot;[0x2][0x0][0x0][0x0][0x0][0x0][0x0]D/bin/bash: /dev/tcp/localhost/8080: Cannot assign requested address[\n]&quot;
21:53:40.472 [docker-java-stream--1317766102] DEBUG c.g.d.z.s.o.a.hc.client5.http.wire - http-outgoing-3 &lt;&lt; &quot;[0x2][0x0][0x0][0x0][0x0][0x0][0x0][0xc]/bin/sh: 1: &quot;
21:53:40.473 [docker-java-stream--1317766102] DEBUG c.g.d.z.s.o.a.hc.client5.http.wire - http-outgoing-3 &lt;&lt; &quot;[0x2][0x0][0x0][0x0][0x0][0x0][0x0][\r]nc: not found&quot;
21:53:40.474 [docker-java-stream--1317766102] DEBUG c.g.d.z.s.o.a.hc.client5.http.wire - http-outgoing-3 &lt;&lt; &quot;[0x2][0x0][0x0][0x0][0x0][0x0][0x0][0x1][\n]&quot;
21:53:40.478 [docker-java-stream--1317766102] DEBUG c.g.d.z.s.o.a.hc.client5.http.wire - http-outgoing-3 &lt;&lt; &quot;[0x2][0x0][0x0][0x0][0x0][0x0][0x0]4/bin/bash: connect: Cannot assign requested address[\n]&quot;
21:53:40.486 [docker-java-stream--1317766102] DEBUG c.g.d.z.s.o.a.hc.client5.http.wire - http-outgoing-3 &lt;&lt; &quot;[0x2][0x0][0x0][0x0][0x0][0x0][0x0]D/bin/bash: /dev/tcp/localhost/8080: Cannot assign requested address[\n]&quot;
21:53:40.602 [docker-java-stream--1317766102] DEBUG c.g.d.z.s.o.a.hc.client5.http.wire - http-outgoing-3 &lt;&lt; &quot;[0x2][0x0][0x0][0x0][0x0][0x0][0x0][0xc]/bin/sh: 1: &quot;
21:53:40.602 [docker-java-stream--1317766102] DEBUG c.g.d.z.s.o.a.hc.client5.http.wire - http-outgoing-3 &lt;&lt; &quot;[0x2][0x0][0x0][0x0][0x0][0x0][0x0][\r]nc: not found&quot;
21:53:40.602 [docker-java-stream--1317766102] DEBUG c.g.d.z.s.o.a.hc.client5.http.wire - http-outgoing-3 &lt;&lt; &quot;[0x2][0x0][0x0][0x0][0x0][0x0][0x0][0x1][\n]&quot;
21:53:40.609 [docker-java-stream--1317766102] DEBUG c.g.d.z.s.o.a.hc.client5.http.wire - http-outgoing-3 &lt;&lt; &quot;[0x2][0x0][0x0][0x0][0x0][0x0][0x0]4/bin/bash: connect: Cannot assign requested address[\n]&quot;
21:53:40.616 [docker-java-stream--1317766102] DEBUG c.g.d.z.s.o.a.hc.client5.http.wire - http-outgoing-3 &lt;&lt; &quot;[0x2][0x0][0x0][0x0][0x0][0x0][0x0]D/bin/bash: /dev/tcp/localhost/8080: Cannot assign requested address[\n]&quot;
21:53:40.745 [docker-java-stream--1317766102] DEBUG c.g.d.z.s.o.a.hc.client5.http.wire - http-outgoing-3 &lt;&lt; &quot;[0x2][0x0][0x0][0x0][0x0][0x0][0x0][0xc]/bin/sh: 1: &quot;
21:53:40.746 [docker-java-stream--1317766102] DEBUG c.g.d.z.s.o.a.hc.client5.http.wire - http-outgoing-3 &lt;&lt; &quot;[0x2][0x0][0x0][0x0][0x0][0x0][0x0][\r]nc: not found&quot;
21:53:40.747 [docker-java-stream--1317766102] DEBUG c.g.d.z.s.o.a.hc.client5.http.wire - http-outgoing-3 &lt;&lt; &quot;[0x2][0x0][0x0][0x0][0x0][0x0][0x0][0x1][\n]&quot;
21:53:40.762 [docker-java-stream--1317766102] DEBUG c.g.d.z.s.o.a.hc.client5.http.wire - http-outgoing-3 &lt;&lt; &quot;[0x2][0x0][0x0][0x0][0x0][0x0][0x0]4/bin/bash: connect: Cannot assign requested address[\n]&quot;
21:53:40.763 [docker-java-stream--1317766102] DEBUG c.g.d.z.s.o.a.hc.client5.http.wire - http-outgoing-3 &lt;&lt; &quot;[0x2][0x0][0x0][0x0][0x0][0x0][0x0]D/bin/bash: /dev/tcp/localhost/8080: Cannot assign requested address[\n]&quot;
21:53:40.901 [docker-java-stream--1317766102] DEBUG c.g.d.z.s.o.a.hc.client5.http.wire - http-outgoing-3 &lt;&lt; &quot;[0x2][0x0][0x0][0x0][0x0][0x0][0x0][0xc]/bin/sh: 1: &quot;
21:53:40.903 [docker-java-stream--1317766102] DEBUG c.g.d.z.s.o.a.hc.client5.http.wire - http-outgoing-3 &lt;&lt; &quot;[0x2][0x0][0x0][0x0][0x0][0x0][0x0][\r]nc: not found&quot;
21:53:40.904 [docker-java-stream--1317766102] DEBUG c.g.d.z.s.o.a.hc.client5.http.wire - http-outgoing-3 &lt;&lt; &quot;[0x2][0x0][0x0][0x0][0x0][0x0][0x0][0x1][\n]&quot;
21:53:40.913 [docker-java-stream--1317766102] DEBUG c.g.d.z.s.o.a.hc.client5.http.wire - http-outgoing-3 &lt;&lt; &quot;[0x2][0x0][0x0][0x0][0x0][0x0][0x0]4/bin/bash: connect: Cannot assign requested address[\n]&quot;
21:53:40.914 [docker-java-stream--1317766102] DEBUG c.g.d.z.s.o.a.hc.client5.http.wire - http-outgoing-3 &lt;&lt; &quot;[0x2][0x0][0x0][0x0][0x0][0x0][0x0]D/bin/bash: /dev/tcp/localhost/8080: Cannot assign requested address[\n]&quot;
21:53:41.027 [docker-java-stream--1317766102] DEBUG c.g.d.z.s.o.a.hc.client5.http.wire - http-outgoing-3 &lt;&lt; &quot;[0x2][0x0][0x0][0x0][0x0][0x0][0x0][0xc]/bin/sh: 1: &quot;
21:53:41.029 [docker-java-stream--1317766102] DEBUG c.g.d.z.s.o.a.hc.client5.http.wire - http-outgoing-3 &lt;&lt; &quot;[0x2][0x0][0x0][0x0][0x0][0x0][0x0][\r]nc: not found&quot;
21:53:41.029 [docker-java-stream--1317766102] DEBUG c.g.d.z.s.o.a.hc.client5.http.wire - http-outgoing-3 &lt;&lt; &quot;[0x2][0x0][0x0][0x0][0x0][0x0][0x0][0x1][\n]&quot;
21:53:41.044 [docker-java-stream--1317766102] DEBUG c.g.d.z.s.o.a.hc.client5.http.wire - http-outgoing-3 &lt;&lt; &quot;[0x2][0x0][0x0][0x0][0x0][0x0][0x0]4/bin/bash: connect: Cannot assign requested address[\n]&quot;
21:53:41.045 [docker-java-stream--1317766102] DEBUG c.g.d.z.s.o.a.hc.client5.http.wire - http-outgoing-3 &lt;&lt; &quot;[0x2][0x0][0x0][0x0][0x0][0x0][0x0]D/bin/bash: /dev/tcp/localhost/8080: Cannot assign requested address[\n]&quot;
21:53:41.235 [docker-java-stream--1317766102] DEBUG c.g.d.z.s.o.a.hc.client5.http.wire - http-outgoing-3 &lt;&lt; &quot;[0x2][0x0][0x0][0x0][0x0][0x0][0x0][0xc]/bin/sh: 1: &quot;
21:53:41.236 [docker-java-stream--1317766102] DEBUG c.g.d.z.s.o.a.hc.client5.http.wire - http-outgoing-3 &lt;&lt; &quot;[0x2][0x0][0x0][0x0][0x0][0x0][0x0][\r]nc: not found&quot;
21:53:41.237 [docker-java-stream--1317766102] DEBUG c.g.d.z.s.o.a.hc.client5.http.wire - http-outgoing-3 &lt;&lt; &quot;[0x2][0x0][0x0][0x0][0x0][0x0][0x0][0x1][\n]&quot;
21:53:41.252 [docker-java-stream--1317766102] DEBUG c.g.d.z.s.o.a.hc.client5.http.wire - http-outgoing-3 &lt;&lt; &quot;[0x2][0x0][0x0][0x0][0x0][0x0][0x0]4/bin/bash: connect: Cannot assign requested address[\n]&quot;
21:53:41.252 [docker-java-stream--1317766102] DEBUG c.g.d.z.s.o.a.hc.client5.http.wire - http-outgoing-3 &lt;&lt; &quot;[0x2][0x0][0x0][0x0][0x0][0x0][0x0]D/bin/bash: /dev/tcp/localhost/8080: Cannot assign requested address[\n]&quot;
21:53:41.387 [docker-java-stream--1317766102] DEBUG c.g.d.z.s.o.a.hc.client5.http.wire - http-outgoing-3 &lt;&lt; &quot;[0x2][0x0][0x0][0x0][0x0][0x0][0x0][0xc]/bin/sh: 1: &quot;
21:53:41.389 [docker-java-stream--1317766102] DEBUG c.g.d.z.s.o.a.hc.client5.http.wire - http-outgoing-3 &lt;&lt; &quot;[0x2][0x0][0x0][0x0][0x0][0x0][0x0][\r]nc: not found&quot;
21:53:41.389 [docker-java-stream--1317766102] DEBUG c.g.d.z.s.o.a.hc.client5.http.wire - http-outgoing-3 &lt;&lt; &quot;[0x2][0x0][0x0][0x0][0x0][0x0][0x0][0x1][\n]&quot;
21:53:41.408 [docker-java-stream--1317766102] DEBUG c.g.d.z.s.o.a.hc.client5.http.wire - http-outgoing-3 &lt;&lt; &quot;[0x2][0x0][0x0][0x0][0x0][0x0][0x0]4/bin/bash: connect: Cannot assign requested address[\n]&quot;
21:53:41.409 [docker-java-stream--1317766102] DEBUG c.g.d.z.s.o.a.hc.client5.http.wire - http-outgoing-3 &lt;&lt; &quot;[0x2][0x0][0x0][0x0][0x0][0x0][0x0]D/bin/bash: /dev/tcp/localhost/8080: Cannot assign requested address[\n]&quot;
21:53:41.535 [docker-java-stream--1317766102] DEBUG c.g.d.z.s.o.a.hc.client5.http.wire - http-outgoing-3 &lt;&lt; &quot;[0x2][0x0][0x0][0x0][0x0][0x0][0x0][0xc]/bin/sh: 1: &quot;
21:53:41.536 [docker-java-stream--1317766102] DEBUG c.g.d.z.s.o.a.hc.client5.http.wire - http-outgoing-3 &lt;&lt; &quot;[0x2][0x0][0x0][0x0][0x0][0x0][0x0][\r]nc: not found&quot;
21:53:41.537 [docker-java-stream--1317766102] DEBUG c.g.d.z.s.o.a.hc.client5.http.wire - http-outgoing-3 &lt;&lt; &quot;[0x2][0x0][0x0][0x0][0x0][0x0][0x0][0x1][\n]&quot;
21:53:41.548 [docker-java-stream--1317766102] DEBUG c.g.d.z.s.o.a.hc.client5.http.wire - http-outgoing-3 &lt;&lt; &quot;[0x2][0x0][0x0][0x0][0x0][0x0][0x0]4/bin/bash: connect: Cannot assign requested address[\n]&quot;
21:53:41.550 [docker-java-stream--1317766102] DEBUG c.g.d.z.s.o.a.hc.client5.http.wire - http-outgoing-3 &lt;&lt; &quot;[0x2][0x0][0x0][0x0][0x0][0x0][0x0]D/bin/bash: /dev/tcp/localhost/8080: Cannot assign requested address[\n]&quot;
21:53:41.689 [docker-java-stream--1317766102] DEBUG c.g.d.z.s.o.a.hc.client5.http.wire - http-outgoing-3 &lt;&lt; &quot;[0x2][0x0][0x0][0x0][0x0][0x0][0x0][0xc]/bin/sh: 1: &quot;
21:53:41.691 [docker-java-stream--1317766102] DEBUG c.g.d.z.s.o.a.hc.client5.http.wire - http-outgoing-3 &lt;&lt; &quot;[0x2][0x0][0x0][0x0][0x0][0x0][0x0][\r]nc: not found&quot;
21:53:41.691 [docker-java-stream--1317766102] DEBUG c.g.d.z.s.o.a.hc.client5.http.wire - http-outgoing-3 &lt;&lt; &quot;[0x2][0x0][0x0][0x0][0x0][0x0][0x0][0x1][\n]&quot;
21:53:41.704 [docker-java-stream--1317766102] DEBUG c.g.d.z.s.o.a.hc.client5.http.wire - http-outgoing-3 &lt;&lt; &quot;[0x2][0x0][0x0][0x0][0x0][0x0][0x0]4/bin/bash: connect: Cannot assign requested address[\n]&quot;
21:53:41.704 [docker-java-stream--1317766102] DEBUG c.g.d.z.s.o.a.hc.client5.http.wire - http-outgoing-3 &lt;&lt; &quot;[0x2][0x0][0x0][0x0][0x0][0x0][0x0]D/bin/bash: /dev/tcp/localhost/8080: Cannot assign requested address[\n]&quot;
21:53:41.824 [docker-java-stream--1317766102] DEBUG c.g.d.z.s.o.a.hc.client5.http.wire - http-outgoing-3 &lt;&lt; &quot;[0x2][0x0][0x0][0x0][0x0][0x0][0x0][0xc]/bin/sh: 1: &quot;
21:53:41.825 [docker-java-stream--1317766102] DEBUG c.g.d.z.s.o.a.hc.client5.http.wire - http-outgoing-3 &lt;&lt; &quot;[0x2][0x0][0x0][0x0][0x0][0x0][0x0][\r]nc: not found&quot;
21:53:41.826 [docker-java-stream--1317766102] DEBUG c.g.d.z.s.o.a.hc.client5.http.wire - http-outgoing-3 &lt;&lt; &quot;[0x2][0x0][0x0][0x0][0x0][0x0][0x0][0x1][\n]&quot;
21:53:41.834 [docker-java-stream--1317766102] DEBUG c.g.d.z.s.o.a.hc.client5.http.wire - http-outgoing-3 &lt;&lt; &quot;[0x2][0x0][0x0][0x0][0x0][0x0][0x0]4/bin/bash: connect: Cannot assign requested address[\n]&quot;
21:53:41.835 [docker-java-stream--1317766102] DEBUG c.g.d.z.s.o.a.hc.client5.http.wire - http-outgoing-3 &lt;&lt; &quot;[0x2][0x0][0x0][0x0][0x0][0x0][0x0]D/bin/bash: /dev/tcp/localhost/8080: Cannot assign requested address[\n]&quot;
21:53:41.953 [docker-java-stream--1317766102] DEBUG c.g.d.z.s.o.a.hc.client5.http.wire - http-outgoing-3 &lt;&lt; &quot;[0x2][0x0][0x0][0x0][0x0][0x0][0x0][0xc]/bin/sh: 1: &quot;
21:53:41.956 [docker-java-stream--1317766102] DEBUG c.g.d.z.s.o.a.hc.client5.http.wire - http-outgoing-3 &lt;&lt; &quot;[0x2][0x0][0x0][0x0][0x0][0x0][0x0][\r]nc: not found&quot;
21:53:41.956 [docker-java-stream--1317766102] DEBUG c.g.d.z.s.o.a.hc.client5.http.wire - http-outgoing-3 &lt;&lt; &quot;[0x2][0x0][0x0][0x0][0x0][0x0][0x0][0x1][\n]&quot;
21:53:41.968 [docker-java-stream--1317766102] DEBUG c.g.d.z.s.o.a.hc.client5.http.wire - http-outgoing-3 &lt;&lt; &quot;[0x2][0x0][0x0][0x0][0x0][0x0][0x0]4/bin/bash: connect: Cannot assign requested address[\n]&quot;
21:53:41.968 [docker-java-stream--1317766102] DEBUG c.g.d.z.s.o.a.hc.client5.http.wire - http-outgoing-3 &lt;&lt; &quot;[0x2][0x0][0x0][0x0][0x0][0x0][0x0]D/bin/bash: /dev/tcp/localhost/8080: Cannot assign requested address[\n]&quot;
21:53:42.112 [docker-java-stream--1317766102] DEBUG c.g.d.z.s.o.a.hc.client5.http.wire - http-outgoing-3 &lt;&lt; &quot;[0x2][0x0][0x0][0x0][0x0][0x0][0x0][0xc]/bin/sh: 1: &quot;
21:53:42.112 [docker-java-stream--1317766102] DEBUG c.g.d.z.s.o.a.hc.client5.http.wire - http-outgoing-3 &lt;&lt; &quot;[0x2][0x0][0x0][0x0][0x0][0x0][0x0][\r]nc: not found&quot;
21:53:42.113 [docker-java-stream--1317766102] DEBUG c.g.d.z.s.o.a.hc.client5.http.wire - http-outgoing-3 &lt;&lt; &quot;[0x2][0x0][0x0][0x0][0x0][0x0][0x0][0x1][\n]&quot;
21:53:42.119 [docker-java-stream--1317766102] DEBUG c.g.d.z.s.o.a.hc.client5.http.wire - http-outgoing-3 &lt;&lt; &quot;[0x2][0x0][0x0][0x0][0x0][0x0][0x0]4/bin/bash: connect: Cannot assign requested address[\n]&quot;
21:53:42.128 [docker-java-stream--1317766102] DEBUG c.g.d.z.s.o.a.hc.client5.http.wire - http-outgoing-3 &lt;&lt; &quot;[0x2][0x0][0x0][0x0][0x0][0x0][0x0]D/bin/bash: /dev/tcp/localhost/8080: Cannot assign requested address[\n]&quot;
21:53:42.249 [docker-java-stream--1317766102] DEBUG c.g.d.z.s.o.a.hc.client5.http.wire - http-outgoing-3 &lt;&lt; &quot;[0x2][0x0][0x0][0x0][0x0][0x0][0x0][0xc]/bin/sh: 1: &quot;
21:53:42.251 [docker-java-stream--1317766102] DEBUG c.g.d.z.s.o.a.hc.client5.http.wire - http-outgoing-3 &lt;&lt; &quot;[0x2][0x0][0x0][0x0][0x0][0x0][0x0][\r]nc: not found&quot;
21:53:42.251 [docker-java-stream--1317766102] DEBUG c.g.d.z.s.o.a.hc.client5.http.wire - http-outgoing-3 &lt;&lt; &quot;[0x2][0x0][0x0][0x0][0x0][0x0][0x0][0x1][\n]&quot;
21:53:42.258 [docker-java-stream--1317766102] DEBUG c.g.d.z.s.o.a.hc.client5.http.wire - http-outgoing-3 &lt;&lt; &quot;[0x2][0x0][0x0][0x0][0x0][0x0][0x0]4/bin/bash: connect: Cannot assign requested address[\n]&quot;
21:53:42.258 [docker-java-stream--1317766102] DEBUG c.g.d.z.s.o.a.hc.client5.http.wire - http-outgoing-3 &lt;&lt; &quot;[0x2][0x0][0x0][0x0][0x0][0x0][0x0]D/bin/bash: /dev/tcp/localhost/8080: Cannot assign requested address[\n]&quot;
21:53:42.393 [docker-java-stream--1317766102] DEBUG c.g.d.z.s.o.a.hc.client5.http.wire - http-outgoing-3 &lt;&lt; &quot;[0x2][0x0][0x0][0x0][0x0][0x0][0x0][0xc]/bin/sh: 1: &quot;
21:53:42.397 [docker-java-stream--1317766102] DEBUG c.g.d.z.s.o.a.hc.client5.http.wire - http-outgoing-3 &lt;&lt; &quot;[0x2][0x0][0x0][0x0][0x0][0x0][0x0][\r]nc: not found&quot;
21:53:42.397 [docker-java-stream--1317766102] DEBUG c.g.d.z.s.o.a.hc.client5.http.wire - http-outgoing-3 &lt;&lt; &quot;[0x2][0x0][0x0][0x0][0x0][0x0][0x0][0x1][\n]&quot;
21:53:42.404 [docker-java-stream--1317766102] DEBUG c.g.d.z.s.o.a.hc.client5.http.wire - http-outgoing-3 &lt;&lt; &quot;[0x2][0x0][0x0][0x0][0x0][0x0][0x0]4/bin/bash: connect: Cannot assign requested address[\n]&quot;
21:53:42.416 [docker-java-stream--1317766102] DEBUG c.g.d.z.s.o.a.hc.client5.http.wire - http-outgoing-3 &lt;&lt; &quot;[0x2][0x0][0x0][0x0][0x0][0x0][0x0]D/bin/bash: /dev/tcp/localhost/8080: Cannot assign requested address[\n]&quot;
21:53:42.537 [docker-java-stream--1317766102] DEBUG c.g.d.z.s.o.a.hc.client5.http.wire - http-outgoing-3 &lt;&lt; &quot;[0x2][0x0][0x0][0x0][0x0][0x0][0x0][0xc]/bin/sh: 1: &quot;
21:53:42.539 [docker-java-stream--1317766102] DEBUG c.g.d.z.s.o.a.hc.client5.http.wire - http-outgoing-3 &lt;&lt; &quot;[0x2][0x0][0x0][0x0][0x0][0x0][0x0][\r]nc: not found&quot;
21:53:42.540 [docker-java-stream--1317766102] DEBUG c.g.d.z.s.o.a.hc.client5.http.wire - http-outgoing-3 &lt;&lt; &quot;[0x2][0x0][0x0][0x0][0x0][0x0][0x0][0x1][\n]&quot;
21:53:42.554 [docker-java-stream--1317766102] DEBUG c.g.d.z.s.o.a.hc.client5.http.wire - http-outgoing-3 &lt;&lt; &quot;[0x2][0x0][0x0][0x0][0x0][0x0][0x0]4/bin/bash: connect: Cannot assign requested address[\n]&quot;
21:53:42.554 [docker-java-stream--1317766102] DEBUG c.g.d.z.s.o.a.hc.client5.http.wire - http-outgoing-3 &lt;&lt; &quot;[0x2][0x0][0x0][0x0][0x0][0x0][0x0]D/bin/bash: /dev/tcp/localhost/8080: Cannot assign requested address[\n]&quot;
21:53:42.689 [docker-java-stream--1317766102] DEBUG c.g.d.z.s.o.a.hc.client5.http.wire - http-outgoing-3 &lt;&lt; &quot;[0x2][0x0][0x0][0x0][0x0][0x0][0x0][0xc]/bin/sh: 1: &quot;
21:53:42.690 [docker-java-stream--1317766102] DEBUG c.g.d.z.s.o.a.hc.client5.http.wire - http-outgoing-3 &lt;&lt; &quot;[0x2][0x0][0x0][0x0][0x0][0x0][0x0][\r]nc: not found&quot;
21:53:42.690 [docker-java-stream--1317766102] DEBUG c.g.d.z.s.o.a.hc.client5.http.wire - http-outgoing-3 &lt;&lt; &quot;[0x2][0x0][0x0][0x0][0x0][0x0][0x0][0x1][\n]&quot;
21:53:42.705 [docker-java-stream--1317766102] DEBUG c.g.d.z.s.o.a.hc.client5.http.wire - http-outgoing-3 &lt;&lt; &quot;[0x2][0x0][0x0][0x0][0x0][0x0][0x0]4/bin/bash: connect: Cannot assign requested address[\n]&quot;
21:53:42.705 [docker-java-stream--1317766102] DEBUG c.g.d.z.s.o.a.hc.client5.http.wire - http-outgoing-3 &lt;&lt; &quot;[0x2][0x0][0x0][0x0][0x0][0x0][0x0]D/bin/bash: /dev/tcp/localhost/8080: Cannot assign requested address[\n]&quot;
21:53:42.822 [docker-java-stream--1317766102] DEBUG c.g.d.z.s.o.a.hc.client5.http.wire - http-outgoing-3 &lt;&lt; &quot;[0x2][0x0][0x0][0x0][0x0][0x0][0x0][0xc]/bin/sh: 1: &quot;
21:53:42.822 [docker-java-stream--1317766102] DEBUG c.g.d.z.s.o.a.hc.client5.http.wire - http-outgoing-3 &lt;&lt; &quot;[0x2][0x0][0x0][0x0][0x0][0x0][0x0][\r]nc: not found&quot;
21:53:42.822 [docker-java-stream--1317766102] DEBUG c.g.d.z.s.o.a.hc.client5.http.wire - http-outgoing-3 &lt;&lt; &quot;[0x2][0x0][0x0][0x0][0x0][0x0][0x0][0x1][\n]&quot;
21:53:42.839 [docker-java-stream--1317766102] DEBUG c.g.d.z.s.o.a.hc.client5.http.wire - http-outgoing-3 &lt;&lt; &quot;[0x2][0x0][0x0][0x0][0x0][0x0][0x0]4/bin/bash: connect: Cannot assign requested address[\n]&quot;
21:53:42.841 [docker-java-stream--1317766102] DEBUG c.g.d.z.s.o.a.hc.client5.http.wire - http-outgoing-3 &lt;&lt; &quot;[0x2][0x0][0x0][0x0][0x0][0x0][0x0]D/bin/bash: /dev/tcp/localhost/8080: Cannot assign requested address[\n]&quot;
21:53:42.962 [docker-java-stream--1317766102] DEBUG c.g.d.z.s.o.a.hc.client5.http.wire - http-outgoing-3 &lt;&lt; &quot;[0x2][0x0][0x0][0x0][0x0][0x0][0x0][0xc]/bin/sh: 1: &quot;
21:53:42.964 [docker-java-stream--1317766102] DEBUG c.g.d.z.s.o.a.hc.client5.http.wire - http-outgoing-3 &lt;&lt; &quot;[0x2][0x0][0x0][0x0][0x0][0x0][0x0][\r]nc: not found&quot;
21:53:42.964 [docker-java-stream--1317766102] DEBUG c.g.d.z.s.o.a.hc.client5.http.wire - http-outgoing-3 &lt;&lt; &quot;[0x2][0x0][0x0][0x0][0x0][0x0][0x0][0x1][\n]&quot;
21:53:42.974 [docker-java-stream--1317766102] DEBUG c.g.d.z.s.o.a.hc.client5.http.wire - http-outgoing-3 &lt;&lt; &quot;[0x2][0x0][0x0][0x0][0x0][0x0][0x0]4/bin/bash: connect: Cannot assign requested address[\n]&quot;
21:53:42.974 [docker-java-stream--1317766102] DEBUG c.g.d.z.s.o.a.hc.client5.http.wire - http-outgoing-3 &lt;&lt; &quot;[0x2][0x0][0x0][0x0][0x0][0x0][0x0]D/bin/bash: /dev/tcp/localhost/8080: Cannot assign requested address[\n]&quot;
21:53:43.097 [docker-java-stream--1317766102] DEBUG c.g.d.z.s.o.a.hc.client5.http.wire - http-outgoing-3 &lt;&lt; &quot;[0x2][0x0][0x0][0x0][0x0][0x0][0x0][0xc]/bin/sh: 1: &quot;
21:53:43.099 [docker-java-stream--1317766102] DEBUG c.g.d.z.s.o.a.hc.client5.http.wire - http-outgoing-3 &lt;&lt; &quot;[0x2][0x0][0x0][0x0][0x0][0x0][0x0][\r]nc: not found&quot;
21:53:43.099 [docker-java-stream--1317766102] DEBUG c.g.d.z.s.o.a.hc.client5.http.wire - http-outgoing-3 &lt;&lt; &quot;[0x2][0x0][0x0][0x0][0x0][0x0][0x0][0x1][\n]&quot;
21:53:43.110 [docker-java-stream--1317766102] DEBUG c.g.d.z.s.o.a.hc.client5.http.wire - http-outgoing-3 &lt;&lt; &quot;[0x2][0x0][0x0][0x0][0x0][0x0][0x0]4/bin/bash: connect: Cannot assign requested address[\n]&quot;
21:53:43.110 [docker-java-stream--1317766102] DEBUG c.g.d.z.s.o.a.hc.client5.http.wire - http-outgoing-3 &lt;&lt; &quot;[0x2][0x0][0x0][0x0][0x0][0x0][0x0]D/bin/bash: /dev/tcp/localhost/8080: Cannot assign requested address[\n]&quot;
21:53:43.223 [docker-java-stream--1317766102] DEBUG c.g.d.z.s.o.a.hc.client5.http.wire - http-outgoing-3 &lt;&lt; &quot;[0x2][0x0][0x0][0x0][0x0][0x0][0x0][0xc]/bin/sh: 1: &quot;
21:53:43.224 [docker-java-stream--1317766102] DEBUG c.g.d.z.s.o.a.hc.client5.http.wire - http-outgoing-3 &lt;&lt; &quot;[0x2][0x0][0x0][0x0][0x0][0x0][0x0][\r]nc: not found&quot;
21:53:43.224 [docker-java-stream--1317766102] DEBUG c.g.d.z.s.o.a.hc.client5.http.wire - http-outgoing-3 &lt;&lt; &quot;[0x2][0x0][0x0][0x0][0x0][0x0][0x0][0x1][\n]&quot;
21:53:43.245 [docker-java-stream--1317766102] DEBUG c.g.d.z.s.o.a.hc.client5.http.wire - http-outgoing-3 &lt;&lt; &quot;[0x2][0x0][0x0][0x0][0x0][0x0][0x0]4/bin/bash: connect: Cannot assign requested address[\n]&quot;
21:53:43.245 [docker-java-stream--1317766102] DEBUG c.g.d.z.s.o.a.hc.client5.http.wire - http-outgoing-3 &lt;&lt; &quot;[0x2][0x0][0x0][0x0][0x0][0x0][0x0]D/bin/bash: /dev/tcp/localhost/8080: Cannot assign requested address[\n]&quot;
21:53:43.378 [docker-java-stream--1317766102] DEBUG c.g.d.z.s.o.a.hc.client5.http.wire - http-outgoing-3 &lt;&lt; &quot;[0x2][0x0][0x0][0x0][0x0][0x0][0x0][0xc]/bin/sh: 1: &quot;
21:53:43.379 [docker-java-stream--1317766102] DEBUG c.g.d.z.s.o.a.hc.client5.http.wire - http-outgoing-3 &lt;&lt; &quot;[0x2][0x0][0x0][0x0][0x0][0x0][0x0][\r]nc: not found&quot;
21:53:43.380 [docker-java-stream--1317766102] DEBUG c.g.d.z.s.o.a.hc.client5.http.wire - http-outgoing-3 &lt;&lt; &quot;[0x2][0x0][0x0][0x0][0x0][0x0][0x0][0x1][\n]&quot;
21:53:43.386 [docker-java-stream--1317766102] DEBUG c.g.d.z.s.o.a.hc.client5.http.wire - http-outgoing-3 &lt;&lt; &quot;[0x2][0x0][0x0][0x0][0x0][0x0][0x0]4/bin/bash: connect: Cannot assign requested address[\n]&quot;
21:53:43.390 [docker-java-stream--1317766102] DEBUG c.g.d.z.s.o.a.hc.client5.http.wire - http-outgoing-3 &lt;&lt; &quot;[0x2][0x0][0x0][0x0][0x0][0x0][0x0]D/bin/bash: /dev/tcp/localhost/8080: Cannot assign requested address[\n]&quot;
21:53:43.511 [docker-java-stream--1317766102] DEBUG c.g.d.z.s.o.a.hc.client5.http.wire - http-outgoing-3 &lt;&lt; &quot;[0x2][0x0][0x0][0x0][0x0][0x0][0x0][0xc]/bin/sh: 1: &quot;
21:53:43.512 [docker-java-stream--1317766102] DEBUG c.g.d.z.s.o.a.hc.client5.http.wire - http-outgoing-3 &lt;&lt; &quot;[0x2][0x0][0x0][0x0][0x0][0x0][0x0][\r]nc: not found&quot;
21:53:43.516 [docker-java-stream--1317766102] DEBUG c.g.d.z.s.o.a.hc.client5.http.wire - http-outgoing-3 &lt;&lt; &quot;[0x2][0x0][0x0][0x0][0x0][0x0][0x0][0x1][\n]&quot;
21:53:43.525 [docker-java-stream--1317766102] DEBUG c.g.d.z.s.o.a.hc.client5.http.wire - http-outgoing-3 &lt;&lt; &quot;[0x2][0x0][0x0][0x0][0x0][0x0][0x0]4/bin/bash: connect: Cannot assign requested address[\n]&quot;
21:53:43.533 [docker-java-stream--1317766102] DEBUG c.g.d.z.s.o.a.hc.client5.http.wire - http-outgoing-3 &lt;&lt; &quot;[0x2][0x0][0x0][0x0][0x0][0x0][0x0]D/bin/bash: /dev/tcp/localhost/8080: Cannot assign requested address[\n]&quot;
21:53:43.661 [docker-java-stream--1317766102] DEBUG c.g.d.z.s.o.a.hc.client5.http.wire - http-outgoing-3 &lt;&lt; &quot;[0x2][0x0][0x0][0x0][0x0][0x0][0x0][0xc]/bin/sh: 1: &quot;
21:53:43.663 [docker-java-stream--1317766102] DEBUG c.g.d.z.s.o.a.hc.client5.http.wire - http-outgoing-3 &lt;&lt; &quot;[0x2][0x0][0x0][0x0][0x0][0x0][0x0][\r]nc: not found&quot;
21:53:43.663 [docker-java-stream--1317766102] DEBUG c.g.d.z.s.o.a.hc.client5.http.wire - http-outgoing-3 &lt;&lt; &quot;[0x2][0x0][0x0][0x0][0x0][0x0][0x0][0x1][\n]&quot;
21:53:43.683 [docker-java-stream--1317766102] DEBUG c.g.d.z.s.o.a.hc.client5.http.wire - http-outgoing-3 &lt;&lt; &quot;[0x2][0x0][0x0][0x0][0x0][0x0][0x0]4/bin/bash: connect: Cannot assign requested address[\n]&quot;
21:53:43.683 [docker-java-stream--1317766102] DEBUG c.g.d.z.s.o.a.hc.client5.http.wire - http-outgoing-3 &lt;&lt; &quot;[0x2][0x0][0x0][0x0][0x0][0x0][0x0]D/bin/bash: /dev/tcp/localhost/8080: Cannot assign requested address[\n]&quot;
21:53:43.799 [docker-java-stream--1317766102] DEBUG c.g.d.z.s.o.a.hc.client5.http.wire - http-outgoing-3 &lt;&lt; &quot;[0x2][0x0][0x0][0x0][0x0][0x0][0x0][0xc]/bin/sh: 1: &quot;
21:53:43.801 [docker-java-stream--1317766102] DEBUG c.g.d.z.s.o.a.hc.client5.http.wire - http-outgoing-3 &lt;&lt; &quot;[0x2][0x0][0x0][0x0][0x0][0x0][0x0][\r]nc: not found&quot;
21:53:43.801 [docker-java-stream--1317766102] DEBUG c.g.d.z.s.o.a.hc.client5.http.wire - http-outgoing-3 &lt;&lt; &quot;[0x2][0x0][0x0][0x0][0x0][0x0][0x0][0x1][\n]&quot;
21:53:43.807 [docker-java-stream--1317766102] DEBUG c.g.d.z.s.o.a.hc.client5.http.wire - http-outgoing-3 &lt;&lt; &quot;[0x2][0x0][0x0][0x0][0x0][0x0][0x0]4/bin/bash: connect: Cannot assign requested address[\n]&quot;
21:53:43.808 [docker-java-stream--1317766102] DEBUG c.g.d.z.s.o.a.hc.client5.http.wire - http-outgoing-3 &lt;&lt; &quot;[0x2][0x0][0x0][0x0][0x0][0x0][0x0]D/bin/bash: /dev/tcp/localhost/8080: Cannot assign requested address[\n]&quot;
21:53:43.932 [docker-java-stream--1317766102] DEBUG c.g.d.z.s.o.a.hc.client5.http.wire - http-outgoing-3 &lt;&lt; &quot;[0x2][0x0][0x0][0x0][0x0][0x0][0x0][0xc]/bin/sh: 1: &quot;
21:53:43.933 [docker-java-stream--1317766102] DEBUG c.g.d.z.s.o.a.hc.client5.http.wire - http-outgoing-3 &lt;&lt; &quot;[0x2][0x0][0x0][0x0][0x0][0x0][0x0][\r]nc: not found&quot;
21:53:43.934 [docker-java-stream--1317766102] DEBUG c.g.d.z.s.o.a.hc.client5.http.wire - http-outgoing-3 &lt;&lt; &quot;[0x2][0x0][0x0][0x0][0x0][0x0][0x0][0x1][\n]&quot;
21:53:43.943 [docker-java-stream--1317766102] DEBUG c.g.d.z.s.o.a.hc.client5.http.wire - http-outgoing-3 &lt;&lt; &quot;[0x2][0x0][0x0][0x0][0x0][0x0][0x0]4/bin/bash: connect: Cannot assign requested address[\n]&quot;
21:53:43.946 [docker-java-stream--1317766102] DEBUG c.g.d.z.s.o.a.hc.client5.http.wire - http-outgoing-3 &lt;&lt; &quot;[0x2][0x0][0x0][0x0][0x0][0x0][0x0]D/bin/bash: /dev/tcp/localhost/8080: Cannot assign requested address[\n]&quot;
21:53:44.066 [docker-java-stream--1317766102] DEBUG c.g.d.z.s.o.a.hc.client5.http.wire - http-outgoing-3 &lt;&lt; &quot;[0x2][0x0][0x0][0x0][0x0][0x0][0x0][0xc]/bin/sh: 1: &quot;
21:53:44.067 [docker-java-stream--1317766102] DEBUG c.g.d.z.s.o.a.hc.client5.http.wire - http-outgoing-3 &lt;&lt; &quot;[0x2][0x0][0x0][0x0][0x0][0x0][0x0][\r]nc: not found&quot;
21:53:44.067 [docker-java-stream--1317766102] DEBUG c.g.d.z.s.o.a.hc.client5.http.wire - http-outgoing-3 &lt;&lt; &quot;[0x2][0x0][0x0][0x0][0x0][0x0][0x0][0x1][\n]&quot;
21:53:44.103 [docker-java-stream--1317766102] DEBUG c.g.d.z.s.o.a.hc.client5.http.wire - http-outgoing-3 &lt;&lt; &quot;[0x2][0x0][0x0][0x0][0x0][0x0][0x0]4/bin/bash: connect: Cannot assign requested address[\n]&quot;
21:53:44.105 [docker-java-stream--1317766102] DEBUG c.g.d.z.s.o.a.hc.client5.http.wire - http-outgoing-3 &lt;&lt; &quot;[0x2][0x0][0x0][0x0][0x0][0x0][0x0]D/bin/bash: /dev/tcp/localhost/8080: Cannot assign requested address[\n]&quot;
21:53:44.227 [docker-java-stream--1317766102] DEBUG c.g.d.z.s.o.a.hc.client5.http.wire - http-outgoing-3 &lt;&lt; &quot;[0x2][0x0][0x0][0x0][0x0][0x0][0x0][0xc]/bin/sh: 1: &quot;
21:53:44.229 [docker-java-stream--1317766102] DEBUG c.g.d.z.s.o.a.hc.client5.http.wire - http-outgoing-3 &lt;&lt; &quot;[0x2][0x0][0x0][0x0][0x0][0x0][0x0][\r]nc: not found&quot;
21:53:44.229 [docker-java-stream--1317766102] DEBUG c.g.d.z.s.o.a.hc.client5.http.wire - http-outgoing-3 &lt;&lt; &quot;[0x2][0x0][0x0][0x0][0x0][0x0][0x0][0x1][\n]&quot;
21:53:44.236 [docker-java-stream--1317766102] DEBUG c.g.d.z.s.o.a.hc.client5.http.wire - http-outgoing-3 &lt;&lt; &quot;[0x2][0x0][0x0][0x0][0x0][0x0][0x0]4/bin/bash: connect: Cannot assign requested address[\n]&quot;
21:53:44.239 [docker-java-stream--1317766102] DEBUG c.g.d.z.s.o.a.hc.client5.http.wire - http-outgoing-3 &lt;&lt; &quot;[0x2][0x0][0x0][0x0][0x0][0x0][0x0]D/bin/bash: /dev/tcp/localhost/8080: Cannot assign requested address[\n]&quot;
21:53:44.370 [docker-java-stream--1317766102] DEBUG c.g.d.z.s.o.a.hc.client5.http.wire - http-outgoing-3 &lt;&lt; &quot;[0x2][0x0][0x0][0x0][0x0][0x0][0x0][0xc]/bin/sh: 1: &quot;
21:53:44.370 [docker-java-stream--1317766102] DEBUG c.g.d.z.s.o.a.hc.client5.http.wire - http-outgoing-3 &lt;&lt; &quot;[0x2][0x0][0x0][0x0][0x0][0x0][0x0][\r]nc: not found&quot;
21:53:44.371 [docker-java-stream--1317766102] DEBUG c.g.d.z.s.o.a.hc.client5.http.wire - http-outgoing-3 &lt;&lt; &quot;[0x2][0x0][0x0][0x0][0x0][0x0][0x0][0x1][\n]&quot;
21:53:44.379 [docker-java-stream--1317766102] DEBUG c.g.d.z.s.o.a.hc.client5.http.wire - http-outgoing-3 &lt;&lt; &quot;[0x2][0x0][0x0][0x0][0x0][0x0][0x0]4/bin/bash: connect: Cannot assign requested address[\n]&quot;
21:53:44.387 [docker-java-stream--1317766102] DEBUG c.g.d.z.s.o.a.hc.client5.http.wire - http-outgoing-3 &lt;&lt; &quot;[0x2][0x0][0x0][0x0][0x0][0x0][0x0]D/bin/bash: /dev/tcp/localhost/8080: Cannot assign requested address[\n]&quot;
21:53:44.511 [docker-java-stream--1317766102] DEBUG c.g.d.z.s.o.a.hc.client5.http.wire - http-outgoing-3 &lt;&lt; &quot;[0x2][0x0][0x0][0x0][0x0][0x0][0x0][0xc]/bin/sh: 1: &quot;
21:53:44.512 [docker-java-stream--1317766102] DEBUG c.g.d.z.s.o.a.hc.client5.http.wire - http-outgoing-3 &lt;&lt; &quot;[0x2][0x0][0x0][0x0][0x0][0x0][0x0][\r]nc: not found&quot;
21:53:44.513 [docker-java-stream--1317766102] DEBUG c.g.d.z.s.o.a.hc.client5.http.wire - http-outgoing-3 &lt;&lt; &quot;[0x2][0x0][0x0][0x0][0x0][0x0][0x0][0x1][\n]&quot;
21:53:44.526 [docker-java-stream--1317766102] DEBUG c.g.d.z.s.o.a.hc.client5.http.wire - http-outgoing-3 &lt;&lt; &quot;[0x2][0x0][0x0][0x0][0x0][0x0][0x0]4/bin/bash: connect: Cannot assign requested address[\n]&quot;
21:53:44.527 [docker-java-stream--1317766102] DEBUG c.g.d.z.s.o.a.hc.client5.http.wire - http-outgoing-3 &lt;&lt; &quot;[0x2][0x0][0x0][0x0][0x0][0x0][0x0]D/bin/bash: /dev/tcp/localhost/8080: Cannot assign requested address[\n]&quot;
21:53:44.643 [docker-java-stream--1317766102] DEBUG c.g.d.z.s.o.a.hc.client5.http.wire - http-outgoing-3 &lt;&lt; &quot;[0x2][0x0][0x0][0x0][0x0][0x0][0x0][0xc]/bin/sh: 1: &quot;
21:53:44.645 [docker-java-stream--1317766102] DEBUG c.g.d.z.s.o.a.hc.client5.http.wire - http-outgoing-3 &lt;&lt; &quot;[0x2][0x0][0x0][0x0][0x0][0x0][0x0][\r]nc: not found&quot;
21:53:44.645 [docker-java-stream--1317766102] DEBUG c.g.d.z.s.o.a.hc.client5.http.wire - http-outgoing-3 &lt;&lt; &quot;[0x2][0x0][0x0][0x0][0x0][0x0][0x0][0x1][\n]&quot;
21:53:44.664 [docker-java-stream--1317766102] DEBUG c.g.d.z.s.o.a.hc.client5.http.wire - http-outgoing-3 &lt;&lt; &quot;[0x2][0x0][0x0][0x0][0x0][0x0][0x0]4/bin/bash: connect: Cannot assign requested address[\n]&quot;
21:53:44.664 [docker-java-stream--1317766102] DEBUG c.g.d.z.s.o.a.hc.client5.http.wire - http-outgoing-3 &lt;&lt; &quot;[0x2][0x0][0x0][0x0][0x0][0x0][0x0]D/bin/bash: /dev/tcp/localhost/8080: Cannot assign requested address[\n]&quot;
21:53:44.786 [docker-java-stream--1317766102] DEBUG c.g.d.z.s.o.a.hc.client5.http.wire - http-outgoing-3 &lt;&lt; &quot;[0x2][0x0][0x0][0x0][0x0][0x0][0x0][0xc]/bin/sh: 1: &quot;
21:53:44.787 [docker-java-stream--1317766102] DEBUG c.g.d.z.s.o.a.hc.client5.http.wire - http-outgoing-3 &lt;&lt; &quot;[0x2][0x0][0x0][0x0][0x0][0x0][0x0][\r]nc: not found&quot;
21:53:44.787 [docker-java-stream--1317766102] DEBUG c.g.d.z.s.o.a.hc.client5.http.wire - http-outgoing-3 &lt;&lt; &quot;[0x2][0x0][0x0][0x0][0x0][0x0][0x0][0x1][\n]&quot;
21:53:44.797 [docker-java-stream--1317766102] DEBUG c.g.d.z.s.o.a.hc.client5.http.wire - http-outgoing-3 &lt;&lt; &quot;[0x2][0x0][0x0][0x0][0x0][0x0][0x0]4/bin/bash: connect: Cannot assign requested address[\n]&quot;
21:53:44.800 [docker-java-stream--1317766102] DEBUG c.g.d.z.s.o.a.hc.client5.http.wire - http-outgoing-3 &lt;&lt; &quot;[0x2][0x0][0x0][0x0][0x0][0x0][0x0]D/bin/bash: /dev/tcp/localhost/8080: Cannot assign requested address[\n]&quot;
21:53:44.929 [docker-java-stream--1317766102] DEBUG c.g.d.z.s.o.a.hc.client5.http.wire - http-outgoing-3 &lt;&lt; &quot;[0x2][0x0][0x0][0x0][0x0][0x0][0x0][0xc]/bin/sh: 1: &quot;
21:53:44.932 [docker-java-stream--1317766102] DEBUG c.g.d.z.s.o.a.hc.client5.http.wire - http-outgoing-3 &lt;&lt; &quot;[0x2][0x0][0x0][0x0][0x0][0x0][0x0][\r]nc: not found&quot;
21:53:44.932 [docker-java-stream--1317766102] DEBUG c.g.d.z.s.o.a.hc.client5.http.wire - http-outgoing-3 &lt;&lt; &quot;[0x2][0x0][0x0][0x0][0x0][0x0][0x0][0x1][\n]&quot;
21:53:44.940 [docker-java-stream--1317766102] DEBUG c.g.d.z.s.o.a.hc.client5.http.wire - http-outgoing-3 &lt;&lt; &quot;[0x2][0x0][0x0][0x0][0x0][0x0][0x0]4/bin/bash: connect: Cannot assign requested address[\n]&quot;
21:53:44.946 [docker-java-stream--1317766102] DEBUG c.g.d.z.s.o.a.hc.client5.http.wire - http-outgoing-3 &lt;&lt; &quot;[0x2][0x0][0x0][0x0][0x0][0x0][0x0]D/bin/bash: /dev/tcp/localhost/8080: Cannot assign requested address[\n]&quot;
21:53:45.077 [docker-java-stream--1317766102] DEBUG c.g.d.z.s.o.a.hc.client5.http.wire - http-outgoing-3 &lt;&lt; &quot;[0x2][0x0][0x0][0x0][0x0][0x0][0x0][0xc]/bin/sh: 1: &quot;
21:53:45.078 [docker-java-stream--1317766102] DEBUG c.g.d.z.s.o.a.hc.client5.http.wire - http-outgoing-3 &lt;&lt; &quot;[0x2][0x0][0x0][0x0][0x0][0x0][0x0][\r]nc: not found&quot;
21:53:45.078 [docker-java-stream--1317766102] DEBUG c.g.d.z.s.o.a.hc.client5.http.wire - http-outgoing-3 &lt;&lt; &quot;[0x2][0x0][0x0][0x0][0x0][0x0][0x0][0x1][\n]&quot;
21:53:45.088 [docker-java-stream--1317766102] DEBUG c.g.d.z.s.o.a.hc.client5.http.wire - http-outgoing-3 &lt;&lt; &quot;[0x2][0x0][0x0][0x0][0x0][0x0][0x0]4/bin/bash: connect: Cannot assign requested address[\n]&quot;
21:53:45.093 [docker-java-stream--1317766102] DEBUG c.g.d.z.s.o.a.hc.client5.http.wire - http-outgoing-3 &lt;&lt; &quot;[0x2][0x0][0x0][0x0][0x0][0x0][0x0]D/bin/bash: /dev/tcp/localhost/8080: Cannot assign requested address[\n]&quot;
21:53:45.215 [docker-java-stream--1317766102] DEBUG c.g.d.z.s.o.a.hc.client5.http.wire - http-outgoing-3 &lt;&lt; &quot;[0x2][0x0][0x0][0x0][0x0][0x0][0x0][0xc]/bin/sh: 1: &quot;
21:53:45.217 [docker-java-stream--1317766102] DEBUG c.g.d.z.s.o.a.hc.client5.http.wire - http-outgoing-3 &lt;&lt; &quot;[0x2][0x0][0x0][0x0][0x0][0x0][0x0][\r]nc: not found&quot;
21:53:45.217 [docker-java-stream--1317766102] DEBUG c.g.d.z.s.o.a.hc.client5.http.wire - http-outgoing-3 &lt;&lt; &quot;[0x2][0x0][0x0][0x0][0x0][0x0][0x0][0x1][\n]&quot;
21:53:45.227 [docker-java-stream--1317766102] DEBUG c.g.d.z.s.o.a.hc.client5.http.wire - http-outgoing-3 &lt;&lt; &quot;[0x2][0x0][0x0][0x0][0x0][0x0][0x0]4/bin/bash: connect: Cannot assign requested address[\n]&quot;
21:53:45.229 [docker-java-stream--1317766102] DEBUG c.g.d.z.s.o.a.hc.client5.http.wire - http-outgoing-3 &lt;&lt; &quot;[0x2][0x0][0x0][0x0][0x0][0x0][0x0]D/bin/bash: /dev/tcp/localhost/8080: Cannot assign requested address[\n]&quot;
21:53:45.353 [docker-java-stream--1317766102] DEBUG c.g.d.z.s.o.a.hc.client5.http.wire - http-outgoing-3 &lt;&lt; &quot;[0x2][0x0][0x0][0x0][0x0][0x0][0x0][0xc]/bin/sh: 1: &quot;
21:53:45.355 [docker-java-stream--1317766102] DEBUG c.g.d.z.s.o.a.hc.client5.http.wire - http-outgoing-3 &lt;&lt; &quot;[0x2][0x0][0x0][0x0][0x0][0x0][0x0][\r]nc: not found&quot;
21:53:45.355 [docker-java-stream--1317766102] DEBUG c.g.d.z.s.o.a.hc.client5.http.wire - http-outgoing-3 &lt;&lt; &quot;[0x2][0x0][0x0][0x0][0x0][0x0][0x0][0x1][\n]&quot;
21:53:45.371 [docker-java-stream--1317766102] DEBUG c.g.d.z.s.o.a.hc.client5.http.wire - http-outgoing-3 &lt;&lt; &quot;[0x2][0x0][0x0][0x0][0x0][0x0][0x0]4/bin/bash: connect: Cannot assign requested address[\n]&quot;
21:53:45.371 [docker-java-stream--1317766102] DEBUG c.g.d.z.s.o.a.hc.client5.http.wire - http-outgoing-3 &lt;&lt; &quot;[0x2][0x0][0x0][0x0][0x0][0x0][0x0]D/bin/bash: /dev/tcp/localhost/8080: Cannot assign requested address[\n]&quot;
21:53:45.496 [docker-java-stream--1317766102] DEBUG c.g.d.z.s.o.a.hc.client5.http.wire - http-outgoing-3 &lt;&lt; &quot;[0x2][0x0][0x0][0x0][0x0][0x0][0x0][0xc]/bin/sh: 1: &quot;
21:53:45.496 [docker-java-stream--1317766102] DEBUG c.g.d.z.s.o.a.hc.client5.http.wire - http-outgoing-3 &lt;&lt; &quot;[0x2][0x0][0x0][0x0][0x0][0x0][0x0][\r]nc: not found&quot;
21:53:45.497 [docker-java-stream--1317766102] DEBUG c.g.d.z.s.o.a.hc.client5.http.wire - http-outgoing-3 &lt;&lt; &quot;[0x2][0x0][0x0][0x0][0x0][0x0][0x0][0x1][\n]&quot;
21:53:45.513 [docker-java-stream--1317766102] DEBUG c.g.d.z.s.o.a.hc.client5.http.wire - http-outgoing-3 &lt;&lt; &quot;[0x2][0x0][0x0][0x0][0x0][0x0][0x0]4/bin/bash: connect: Cannot assign requested address[\n]&quot;
21:53:45.513 [docker-java-stream--1317766102] DEBUG c.g.d.z.s.o.a.hc.client5.http.wire - http-outgoing-3 &lt;&lt; &quot;[0x2][0x0][0x0][0x0][0x0][0x0][0x0]D/bin/bash: /dev/tcp/localhost/8080: Cannot assign requested address[\n]&quot;
21:53:45.643 [docker-java-stream--1317766102] DEBUG c.g.d.z.s.o.a.hc.client5.http.wire - http-outgoing-3 &lt;&lt; &quot;[0x2][0x0][0x0][0x0][0x0][0x0][0x0][0xc]/bin/sh: 1: &quot;
21:53:45.644 [docker-java-stream--1317766102] DEBUG c.g.d.z.s.o.a.hc.client5.http.wire - http-outgoing-3 &lt;&lt; &quot;[0x2][0x0][0x0][0x0][0x0][0x0][0x0][\r]nc: not found&quot;
21:53:45.644 [docker-java-stream--1317766102] DEBUG c.g.d.z.s.o.a.hc.client5.http.wire - http-outgoing-3 &lt;&lt; &quot;[0x2][0x0][0x0][0x0][0x0][0x0][0x0][0x1][\n]&quot;
21:53:45.650 [docker-java-stream--1317766102] DEBUG c.g.d.z.s.o.a.hc.client5.http.wire - http-outgoing-3 &lt;&lt; &quot;[0x2][0x0][0x0][0x0][0x0][0x0][0x0]4/bin/bash: connect: Cannot assign requested address[\n]&quot;
21:53:45.651 [docker-java-stream--1317766102] DEBUG c.g.d.z.s.o.a.hc.client5.http.wire - http-outgoing-3 &lt;&lt; &quot;[0x2][0x0][0x0][0x0][0x0][0x0][0x0]D/bin/bash: /dev/tcp/localhost/8080: Cannot assign requested address[\n]&quot;
21:53:45.787 [docker-java-stream--1317766102] DEBUG c.g.d.z.s.o.a.hc.client5.http.wire - http-outgoing-3 &lt;&lt; &quot;[0x2][0x0][0x0][0x0][0x0][0x0][0x0][0xc]/bin/sh: 1: &quot;
21:53:45.788 [docker-java-stream--1317766102] DEBUG c.g.d.z.s.o.a.hc.client5.http.wire - http-outgoing-3 &lt;&lt; &quot;[0x2][0x0][0x0][0x0][0x0][0x0][0x0][\r]nc: not found&quot;
21:53:45.794 [docker-java-stream--1317766102] DEBUG c.g.d.z.s.o.a.hc.client5.http.wire - http-outgoing-3 &lt;&lt; &quot;[0x2][0x0][0x0][0x0][0x0][0x0][0x0][0x1][\n]&quot;
21:53:45.810 [docker-java-stream--1317766102] DEBUG c.g.d.z.s.o.a.hc.client5.http.wire - http-outgoing-3 &lt;&lt; &quot;[0x2][0x0][0x0][0x0][0x0][0x0][0x0]4/bin/bash: connect: Cannot assign requested address[\n]&quot;
21:53:45.810 [docker-java-stream--1317766102] DEBUG c.g.d.z.s.o.a.hc.client5.http.wire - http-outgoing-3 &lt;&lt; &quot;[0x2][0x0][0x0][0x0][0x0][0x0][0x0]D/bin/bash: /dev/tcp/localhost/8080: Cannot assign requested address[\n]&quot;
21:53:45.953 [docker-java-stream--1317766102] DEBUG c.g.d.z.s.o.a.hc.client5.http.wire - http-outgoing-3 &lt;&lt; &quot;[0x2][0x0][0x0][0x0][0x0][0x0][0x0][0xc]/bin/sh: 1: [0x2][0x0][0x0][0x0][0x0][0x0][0x0][\r]nc: not found[0x2][0x0][0x0][0x0][0x0][0x0][0x0][0x1][\n]&quot;
21:53:45.960 [docker-java-stream--1317766102] DEBUG c.g.d.z.s.o.a.hc.client5.http.wire - http-outgoing-3 &lt;&lt; &quot;[0x2][0x0][0x0][0x0][0x0][0x0][0x0]4/bin/bash: connect: Cannot assign requested address[\n]&quot;
21:53:45.960 [docker-java-stream--1317766102] DEBUG c.g.d.z.s.o.a.hc.client5.http.wire - http-outgoing-3 &lt;&lt; &quot;[0x2][0x0][0x0][0x0][0x0][0x0][0x0]D/bin/bash: /dev/tcp/localhost/8080: Cannot assign requested address[\n]&quot;
21:53:46.083 [docker-java-stream--1317766102] DEBUG c.g.d.z.s.o.a.hc.client5.http.wire - http-outgoing-3 &lt;&lt; &quot;[0x2][0x0][0x0][0x0][0x0][0x0][0x0][0xc]/bin/sh: 1: &quot;
21:53:46.085 [docker-java-stream--1317766102] DEBUG c.g.d.z.s.o.a.hc.client5.http.wire - http-outgoing-3 &lt;&lt; &quot;[0x2][0x0][0x0][0x0][0x0][0x0][0x0][\r]nc: not found&quot;
21:53:46.085 [docker-java-stream--1317766102] DEBUG c.g.d.z.s.o.a.hc.client5.http.wire - http-outgoing-3 &lt;&lt; &quot;[0x2][0x0][0x0][0x0][0x0][0x0][0x0][0x1][\n]&quot;
21:53:46.096 [docker-java-stream--1317766102] DEBUG c.g.d.z.s.o.a.hc.client5.http.wire - http-outgoing-3 &lt;&lt; &quot;[0x2][0x0][0x0][0x0][0x0][0x0][0x0]4/bin/bash: connect: Cannot assign requested address[\n]&quot;
21:53:46.099 [docker-java-stream--1317766102] DEBUG c.g.d.z.s.o.a.hc.client5.http.wire - http-outgoing-3 &lt;&lt; &quot;[0x2][0x0][0x0][0x0][0x0][0x0][0x0]D/bin/bash: /dev/tcp/localhost/8080: Cannot assign requested address[\n]&quot;
21:53:46.210 [docker-java-stream--1317766102] DEBUG c.g.d.z.s.o.a.hc.client5.http.wire - http-outgoing-3 &lt;&lt; &quot;[0x2][0x0][0x0][0x0][0x0][0x0][0x0][0xc]/bin/sh: 1: &quot;
21:53:46.211 [docker-java-stream--1317766102] DEBUG c.g.d.z.s.o.a.hc.client5.http.wire - http-outgoing-3 &lt;&lt; &quot;[0x2][0x0][0x0][0x0][0x0][0x0][0x0][\r]nc: not found&quot;
21:53:46.211 [docker-java-stream--1317766102] DEBUG c.g.d.z.s.o.a.hc.client5.http.wire - http-outgoing-3 &lt;&lt; &quot;[0x2][0x0][0x0][0x0][0x0][0x0][0x0][0x1][\n]&quot;
21:53:46.219 [docker-java-stream--1317766102] DEBUG c.g.d.z.s.o.a.hc.client5.http.wire - http-outgoing-3 &lt;&lt; &quot;[0x2][0x0][0x0][0x0][0x0][0x0][0x0]4/bin/bash: connect: Cannot assign requested address[\n]&quot;
21:53:46.220 [docker-java-stream--1317766102] DEBUG c.g.d.z.s.o.a.hc.client5.http.wire - http-outgoing-3 &lt;&lt; &quot;[0x2][0x0][0x0][0x0][0x0][0x0][0x0]D/bin/bash: /dev/tcp/localhost/8080: Cannot assign requested address[\n]&quot;
21:53:46.337 [docker-java-stream--1317766102] DEBUG c.g.d.z.s.o.a.hc.client5.http.wire - http-outgoing-3 &lt;&lt; &quot;[0x2][0x0][0x0][0x0][0x0][0x0][0x0][0xc]/bin/sh: 1: &quot;
21:53:46.339 [docker-java-stream--1317766102] DEBUG c.g.d.z.s.o.a.hc.client5.http.wire - http-outgoing-3 &lt;&lt; &quot;[0x2][0x0][0x0][0x0][0x0][0x0][0x0][\r]nc: not found&quot;
21:53:46.339 [docker-java-stream--1317766102] DEBUG c.g.d.z.s.o.a.hc.client5.http.wire - http-outgoing-3 &lt;&lt; &quot;[0x2][0x0][0x0][0x0][0x0][0x0][0x0][0x1][\n]&quot;
21:53:46.360 [docker-java-stream--1317766102] DEBUG c.g.d.z.s.o.a.hc.client5.http.wire - http-outgoing-3 &lt;&lt; &quot;[0x2][0x0][0x0][0x0][0x0][0x0][0x0]4/bin/bash: connect: Cannot assign requested address[\n]&quot;
21:53:46.361 [docker-java-stream--1317766102] DEBUG c.g.d.z.s.o.a.hc.client5.http.wire - http-outgoing-3 &lt;&lt; &quot;[0x2][0x0][0x0][0x0][0x0][0x0][0x0]D/bin/bash: /dev/tcp/localhost/8080: Cannot assign requested address[\n]&quot;
21:53:46.484 [docker-java-stream--1317766102] DEBUG c.g.d.z.s.o.a.hc.client5.http.wire - http-outgoing-3 &lt;&lt; &quot;[0x2][0x0][0x0][0x0][0x0][0x0][0x0][0xc]/bin/sh: 1: &quot;
21:53:46.486 [docker-java-stream--1317766102] DEBUG c.g.d.z.s.o.a.hc.client5.http.wire - http-outgoing-3 &lt;&lt; &quot;[0x2][0x0][0x0][0x0][0x0][0x0][0x0][\r]nc: not found&quot;
21:53:46.489 [docker-java-stream--1317766102] DEBUG c.g.d.z.s.o.a.hc.client5.http.wire - http-outgoing-3 &lt;&lt; &quot;[0x2][0x0][0x0][0x0][0x0][0x0][0x0][0x1][\n]&quot;
21:53:46.496 [docker-java-stream--1317766102] DEBUG c.g.d.z.s.o.a.hc.client5.http.wire - http-outgoing-3 &lt;&lt; &quot;[0x2][0x0][0x0][0x0][0x0][0x0][0x0]4/bin/bash: connect: Cannot assign requested address[\n]&quot;
21:53:46.497 [docker-java-stream--1317766102] DEBUG c.g.d.z.s.o.a.hc.client5.http.wire - http-outgoing-3 &lt;&lt; &quot;[0x2][0x0][0x0][0x0][0x0][0x0][0x0]D/bin/bash: /dev/tcp/localhost/8080: Cannot assign requested address[\n]&quot;
21:53:46.627 [docker-java-stream--1317766102] DEBUG c.g.d.z.s.o.a.hc.client5.http.wire - http-outgoing-3 &lt;&lt; &quot;[0x2][0x0][0x0][0x0][0x0][0x0][0x0][0xc]/bin/sh: 1: &quot;
21:53:46.629 [docker-java-stream--1317766102] DEBUG c.g.d.z.s.o.a.hc.client5.http.wire - http-outgoing-3 &lt;&lt; &quot;[0x2][0x0][0x0][0x0][0x0][0x0][0x0][\r]nc: not found&quot;
21:53:46.629 [docker-java-stream--1317766102] DEBUG c.g.d.z.s.o.a.hc.client5.http.wire - http-outgoing-3 &lt;&lt; &quot;[0x2][0x0][0x0][0x0][0x0][0x0][0x0][0x1][\n]&quot;
21:53:46.636 [docker-java-stream--1317766102] DEBUG c.g.d.z.s.o.a.hc.client5.http.wire - http-outgoing-3 &lt;&lt; &quot;[0x2][0x0][0x0][0x0][0x0][0x0][0x0]4/bin/bash: connect: Cannot assign requested address[\n]&quot;
21:53:46.636 [docker-java-stream--1317766102] DEBUG c.g.d.z.s.o.a.hc.client5.http.wire - http-outgoing-3 &lt;&lt; &quot;[0x2][0x0][0x0][0x0][0x0][0x0][0x0]D/bin/bash: /dev/tcp/localhost/8080: Cannot assign requested address[\n]&quot;
21:53:46.754 [docker-java-stream--1317766102] DEBUG c.g.d.z.s.o.a.hc.client5.http.wire - http-outgoing-3 &lt;&lt; &quot;[0x2][0x0][0x0][0x0][0x0][0x0][0x0][0xc]/bin/sh: 1: &quot;
21:53:46.756 [docker-java-stream--1317766102] DEBUG c.g.d.z.s.o.a.hc.client5.http.wire - http-outgoing-3 &lt;&lt; &quot;[0x2][0x0][0x0][0x0][0x0][0x0][0x0][\r]nc: not found&quot;
21:53:46.756 [docker-java-stream--1317766102] DEBUG c.g.d.z.s.o.a.hc.client5.http.wire - http-outgoing-3 &lt;&lt; &quot;[0x2][0x0][0x0][0x0][0x0][0x0][0x0][0x1][\n]&quot;
21:53:46.776 [docker-java-stream--1317766102] DEBUG c.g.d.z.s.o.a.hc.client5.http.wire - http-outgoing-3 &lt;&lt; &quot;[0x2][0x0][0x0][0x0][0x0][0x0][0x0]4/bin/bash: connect: Cannot assign requested address[\n]&quot;
21:53:46.776 [docker-java-stream--1317766102] DEBUG c.g.d.z.s.o.a.hc.client5.http.wire - http-outgoing-3 &lt;&lt; &quot;[0x2][0x0][0x0][0x0][0x0][0x0][0x0]D/bin/bash: /dev/tcp/localhost/8080: Cannot assign requested address[\n]&quot;
21:53:46.899 [docker-java-stream--1317766102] DEBUG c.g.d.z.s.o.a.hc.client5.http.wire - http-outgoing-3 &lt;&lt; &quot;[0x2][0x0][0x0][0x0][0x0][0x0][0x0][0xc]/bin/sh: 1: &quot;
21:53:46.902 [docker-java-stream--1317766102] DEBUG c.g.d.z.s.o.a.hc.client5.http.wire - http-outgoing-3 &lt;&lt; &quot;[0x2][0x0][0x0][0x0][0x0][0x0][0x0][\r]nc: not found&quot;
21:53:46.903 [docker-java-stream--1317766102] DEBUG c.g.d.z.s.o.a.hc.client5.http.wire - http-outgoing-3 &lt;&lt; &quot;[0x2][0x0][0x0][0x0][0x0][0x0][0x0][0x1][\n]&quot;
21:53:46.917 [docker-java-stream--1317766102] DEBUG c.g.d.z.s.o.a.hc.client5.http.wire - http-outgoing-3 &lt;&lt; &quot;[0x2][0x0][0x0][0x0][0x0][0x0][0x0]4/bin/bash: connect: Cannot assign requested address[\n]&quot;
21:53:46.925 [docker-java-stream--1317766102] DEBUG c.g.d.z.s.o.a.hc.client5.http.wire - http-outgoing-3 &lt;&lt; &quot;[0x2][0x0][0x0][0x0][0x0][0x0][0x0]D/bin/bash: /dev/tcp/localhost/8080: Cannot assign requested address[\n]&quot;
21:53:47.046 [docker-java-stream--1317766102] DEBUG c.g.d.z.s.o.a.hc.client5.http.wire - http-outgoing-3 &lt;&lt; &quot;[0x2][0x0][0x0][0x0][0x0][0x0][0x0][0xc]/bin/sh: 1: &quot;
21:53:47.048 [docker-java-stream--1317766102] DEBUG c.g.d.z.s.o.a.hc.client5.http.wire - http-outgoing-3 &lt;&lt; &quot;[0x2][0x0][0x0][0x0][0x0][0x0][0x0][\r]nc: not found&quot;
21:53:47.048 [docker-java-stream--1317766102] DEBUG c.g.d.z.s.o.a.hc.client5.http.wire - http-outgoing-3 &lt;&lt; &quot;[0x2][0x0][0x0][0x0][0x0][0x0][0x0][0x1][\n]&quot;
21:53:47.061 [docker-java-stream--1317766102] DEBUG c.g.d.z.s.o.a.hc.client5.http.wire - http-outgoing-3 &lt;&lt; &quot;[0x2][0x0][0x0][0x0][0x0][0x0][0x0]4/bin/bash: connect: Cannot assign requested address[\n]&quot;
21:53:47.070 [docker-java-stream--1317766102] DEBUG c.g.d.z.s.o.a.hc.client5.http.wire - http-outgoing-3 &lt;&lt; &quot;[0x2][0x0][0x0][0x0][0x0][0x0][0x0]D/bin/bash: /dev/tcp/localhost/8080: Cannot assign requested address[\n]&quot;
21:53:47.193 [docker-java-stream--1317766102] DEBUG c.g.d.z.s.o.a.hc.client5.http.wire - http-outgoing-3 &lt;&lt; &quot;[0x2][0x0][0x0][0x0][0x0][0x0][0x0][0xc]/bin/sh: 1: &quot;
21:53:47.196 [docker-java-stream--1317766102] DEBUG c.g.d.z.s.o.a.hc.client5.http.wire - http-outgoing-3 &lt;&lt; &quot;[0x2][0x0][0x0][0x0][0x0][0x0][0x0][\r]nc: not found&quot;
21:53:47.196 [docker-java-stream--1317766102] DEBUG c.g.d.z.s.o.a.hc.client5.http.wire - http-outgoing-3 &lt;&lt; &quot;[0x2][0x0][0x0][0x0][0x0][0x0][0x0][0x1][\n]&quot;
21:53:47.208 [docker-java-stream--1317766102] DEBUG c.g.d.z.s.o.a.hc.client5.http.wire - http-outgoing-3 &lt;&lt; &quot;[0x2][0x0][0x0][0x0][0x0][0x0][0x0]4/bin/bash: connect: Cannot assign requested address[\n]&quot;
21:53:47.209 [docker-java-stream--1317766102] DEBUG c.g.d.z.s.o.a.hc.client5.http.wire - http-outgoing-3 &lt;&lt; &quot;[0x2][0x0][0x0][0x0][0x0][0x0][0x0]D/bin/bash: /dev/tcp/localhost/8080: Cannot assign requested address[\n]&quot;
21:53:47.337 [docker-java-stream--1317766102] DEBUG c.g.d.z.s.o.a.hc.client5.http.wire - http-outgoing-3 &lt;&lt; &quot;[0x2][0x0][0x0][0x0][0x0][0x0][0x0][0xc]/bin/sh: 1: &quot;
21:53:47.337 [docker-java-stream--1317766102] DEBUG c.g.d.z.s.o.a.hc.client5.http.wire - http-outgoing-3 &lt;&lt; &quot;[0x2][0x0][0x0][0x0][0x0][0x0][0x0][\r]nc: not found&quot;
21:53:47.338 [docker-java-stream--1317766102] DEBUG c.g.d.z.s.o.a.hc.client5.http.wire - http-outgoing-3 &lt;&lt; &quot;[0x2][0x0][0x0][0x0][0x0][0x0][0x0][0x1][\n]&quot;
21:53:47.343 [docker-java-stream--1317766102] DEBUG c.g.d.z.s.o.a.hc.client5.http.wire - http-outgoing-3 &lt;&lt; &quot;[0x2][0x0][0x0][0x0][0x0][0x0][0x0]4/bin/bash: connect: Cannot assign requested address[\n]&quot;
21:53:47.344 [docker-java-stream--1317766102] DEBUG c.g.d.z.s.o.a.hc.client5.http.wire - http-outgoing-3 &lt;&lt; &quot;[0x2][0x0][0x0][0x0][0x0][0x0][0x0]D/bin/bash: /dev/tcp/localhost/8080: Cannot assign requested address[\n]&quot;
21:53:47.474 [docker-java-stream--1317766102] DEBUG c.g.d.z.s.o.a.hc.client5.http.wire - http-outgoing-3 &lt;&lt; &quot;[0x2][0x0][0x0][0x0][0x0][0x0][0x0][0xc]/bin/sh: 1: &quot;
21:53:47.475 [docker-java-stream--1317766102] DEBUG c.g.d.z.s.o.a.hc.client5.http.wire - http-outgoing-3 &lt;&lt; &quot;[0x2][0x0][0x0][0x0][0x0][0x0][0x0][\r]nc: not found&quot;
21:53:47.476 [docker-java-stream--1317766102] DEBUG c.g.d.z.s.o.a.hc.client5.http.wire - http-outgoing-3 &lt;&lt; &quot;[0x2][0x0][0x0][0x0][0x0][0x0][0x0][0x1][\n]&quot;
21:53:47.487 [docker-java-stream--1317766102] DEBUG c.g.d.z.s.o.a.hc.client5.http.wire - http-outgoing-3 &lt;&lt; &quot;[0x2][0x0][0x0][0x0][0x0][0x0][0x0]4/bin/bash: connect: Cannot assign requested address[\n]&quot;
21:53:47.488 [docker-java-stream--1317766102] DEBUG c.g.d.z.s.o.a.hc.client5.http.wire - http-outgoing-3 &lt;&lt; &quot;[0x2][0x0][0x0][0x0][0x0][0x0][0x0]D/bin/bash: /dev/tcp/localhost/8080: Cannot assign requested address[\n]&quot;
21:53:47.622 [docker-java-stream--1317766102] DEBUG c.g.d.z.s.o.a.hc.client5.http.wire - http-outgoing-3 &lt;&lt; &quot;[0x2][0x0][0x0][0x0][0x0][0x0][0x0][0xc]/bin/sh: 1: &quot;
21:53:47.624 [docker-java-stream--1317766102] DEBUG c.g.d.z.s.o.a.hc.client5.http.wire - http-outgoing-3 &lt;&lt; &quot;[0x2][0x0][0x0][0x0][0x0][0x0][0x0][\r]nc: not found&quot;
21:53:47.624 [docker-java-stream--1317766102] DEBUG c.g.d.z.s.o.a.hc.client5.http.wire - http-outgoing-3 &lt;&lt; &quot;[0x2][0x0][0x0][0x0][0x0][0x0][0x0][0x1][\n]&quot;
21:53:47.637 [docker-java-stream--1317766102] DEBUG c.g.d.z.s.o.a.hc.client5.http.wire - http-outgoing-3 &lt;&lt; &quot;[0x2][0x0][0x0][0x0][0x0][0x0][0x0]4/bin/bash: connect: Cannot assign requested address[\n]&quot;
21:53:47.637 [docker-java-stream--1317766102] DEBUG c.g.d.z.s.o.a.hc.client5.http.wire - http-outgoing-3 &lt;&lt; &quot;[0x2][0x0][0x0][0x0][0x0][0x0][0x0]D/bin/bash: /dev/tcp/localhost/8080: Cannot assign requested address[\n]&quot;
21:53:47.760 [docker-java-stream--1317766102] DEBUG c.g.d.z.s.o.a.hc.client5.http.wire - http-outgoing-3 &lt;&lt; &quot;[0x2][0x0][0x0][0x0][0x0][0x0][0x0][0xc]/bin/sh: 1: &quot;
21:53:47.762 [docker-java-stream--1317766102] DEBUG c.g.d.z.s.o.a.hc.client5.http.wire - http-outgoing-3 &lt;&lt; &quot;[0x2][0x0][0x0][0x0][0x0][0x0][0x0][\r]nc: not found&quot;
21:53:47.762 [docker-java-stream--1317766102] DEBUG c.g.d.z.s.o.a.hc.client5.http.wire - http-outgoing-3 &lt;&lt; &quot;[0x2][0x0][0x0][0x0][0x0][0x0][0x0][0x1][\n]&quot;
21:53:47.767 [docker-java-stream--1317766102] DEBUG c.g.d.z.s.o.a.hc.client5.http.wire - http-outgoing-3 &lt;&lt; &quot;[0x2][0x0][0x0][0x0][0x0][0x0][0x0]4/bin/bash: connect: Cannot assign requested address[\n]&quot;
21:53:47.770 [docker-java-stream--1317766102] DEBUG c.g.d.z.s.o.a.hc.client5.http.wire - http-outgoing-3 &lt;&lt; &quot;[0x2][0x0][0x0][0x0][0x0][0x0][0x0]D/bin/bash: /dev/tcp/localhost/8080: Cannot assign requested address[\n]&quot;
21:53:47.892 [docker-java-stream--1317766102] DEBUG c.g.d.z.s.o.a.hc.client5.http.wire - http-outgoing-3 &lt;&lt; &quot;[0x2][0x0][0x0][0x0][0x0][0x0][0x0][0xc]/bin/sh: 1: &quot;
21:53:47.892 [docker-java-stream--1317766102] DEBUG c.g.d.z.s.o.a.hc.client5.http.wire - http-outgoing-3 &lt;&lt; &quot;[0x2][0x0][0x0][0x0][0x0][0x0][0x0][\r]nc: not found&quot;
21:53:47.892 [docker-java-stream--1317766102] DEBUG c.g.d.z.s.o.a.hc.client5.http.wire - http-outgoing-3 &lt;&lt; &quot;[0x2][0x0][0x0][0x0][0x0][0x0][0x0][0x1][\n]&quot;
21:53:47.902 [docker-java-stream--1317766102] DEBUG c.g.d.z.s.o.a.hc.client5.http.wire - http-outgoing-3 &lt;&lt; &quot;[0x2][0x0][0x0][0x0][0x0][0x0][0x0]4/bin/bash: connect: Cannot assign requested address[\n]&quot;
21:53:47.903 [docker-java-stream--1317766102] DEBUG c.g.d.z.s.o.a.hc.client5.http.wire - http-outgoing-3 &lt;&lt; &quot;[0x2][0x0][0x0][0x0][0x0][0x0][0x0]D/bin/bash: /dev/tcp/localhost/8080: Cannot assign requested address[\n]&quot;
21:53:48.022 [docker-java-stream--1317766102] DEBUG c.g.d.z.s.o.a.hc.client5.http.wire - http-outgoing-3 &lt;&lt; &quot;[0x2][0x0][0x0][0x0][0x0][0x0][0x0][0xc]/bin/sh: 1: &quot;
21:53:48.022 [docker-java-stream--1317766102] DEBUG c.g.d.z.s.o.a.hc.client5.http.wire - http-outgoing-3 &lt;&lt; &quot;[0x2][0x0][0x0][0x0][0x0][0x0][0x0][\r]nc: not found&quot;
21:53:48.022 [docker-java-stream--1317766102] DEBUG c.g.d.z.s.o.a.hc.client5.http.wire - http-outgoing-3 &lt;&lt; &quot;[0x2][0x0][0x0][0x0][0x0][0x0][0x0][0x1][\n]&quot;
21:53:48.036 [docker-java-stream--1317766102] DEBUG c.g.d.z.s.o.a.hc.client5.http.wire - http-outgoing-3 &lt;&lt; &quot;[0x2][0x0][0x0][0x0][0x0][0x0][0x0]4/bin/bash: connect: Cannot assign requested address[\n]&quot;
21:53:48.046 [docker-java-stream--1317766102] DEBUG c.g.d.z.s.o.a.hc.client5.http.wire - http-outgoing-3 &lt;&lt; &quot;[0x2][0x0][0x0][0x0][0x0][0x0][0x0]D/bin/bash: /dev/tcp/localhost/8080: Cannot assign requested address[\n]&quot;
21:53:48.170 [docker-java-stream--1317766102] DEBUG c.g.d.z.s.o.a.hc.client5.http.wire - http-outgoing-3 &lt;&lt; &quot;[0x2][0x0][0x0][0x0][0x0][0x0][0x0][0xc]/bin/sh: 1: &quot;
21:53:48.173 [docker-java-stream--1317766102] DEBUG c.g.d.z.s.o.a.hc.client5.http.wire - http-outgoing-3 &lt;&lt; &quot;[0x2][0x0][0x0][0x0][0x0][0x0][0x0][\r]nc: not found&quot;
21:53:48.173 [docker-java-stream--1317766102] DEBUG c.g.d.z.s.o.a.hc.client5.http.wire - http-outgoing-3 &lt;&lt; &quot;[0x2][0x0][0x0][0x0][0x0][0x0][0x0][0x1][\n]&quot;
21:53:48.178 [docker-java-stream--1317766102] DEBUG c.g.d.z.s.o.a.hc.client5.http.wire - http-outgoing-3 &lt;&lt; &quot;[0x2][0x0][0x0][0x0][0x0][0x0][0x0]4/bin/bash: connect: Cannot assign requested address[\n]&quot;
21:53:48.181 [docker-java-stream--1317766102] DEBUG c.g.d.z.s.o.a.hc.client5.http.wire - http-outgoing-3 &lt;&lt; &quot;[0x2][0x0][0x0][0x0][0x0][0x0][0x0]D/bin/bash: /dev/tcp/localhost/8080: Cannot assign requested address[\n]&quot;
21:53:48.312 [docker-java-stream--1317766102] DEBUG c.g.d.z.s.o.a.hc.client5.http.wire - http-outgoing-3 &lt;&lt; &quot;[0x2][0x0][0x0][0x0][0x0][0x0][0x0][0xc]/bin/sh: 1: &quot;
21:53:48.312 [docker-java-stream--1317766102] DEBUG c.g.d.z.s.o.a.hc.client5.http.wire - http-outgoing-3 &lt;&lt; &quot;[0x2][0x0][0x0][0x0][0x0][0x0][0x0][\r]nc: not found&quot;
21:53:48.312 [docker-java-stream--1317766102] DEBUG c.g.d.z.s.o.a.hc.client5.http.wire - http-outgoing-3 &lt;&lt; &quot;[0x2][0x0][0x0][0x0][0x0][0x0][0x0][0x1][\n]&quot;
21:53:48.320 [docker-java-stream--1317766102] DEBUG c.g.d.z.s.o.a.hc.client5.http.wire - http-outgoing-3 &lt;&lt; &quot;[0x2][0x0][0x0][0x0][0x0][0x0][0x0]4/bin/bash: connect: Cannot assign requested address[\n]&quot;
21:53:48.322 [docker-java-stream--1317766102] DEBUG c.g.d.z.s.o.a.hc.client5.http.wire - http-outgoing-3 &lt;&lt; &quot;[0x2][0x0][0x0][0x0][0x0][0x0][0x0]D/bin/bash: /dev/tcp/localhost/8080: Cannot assign requested address[\n]&quot;
21:53:48.449 [docker-java-stream--1317766102] DEBUG c.g.d.z.s.o.a.hc.client5.http.wire - http-outgoing-3 &lt;&lt; &quot;[0x2][0x0][0x0][0x0][0x0][0x0][0x0][0xc]/bin/sh: 1: &quot;
21:53:48.449 [docker-java-stream--1317766102] DEBUG c.g.d.z.s.o.a.hc.client5.http.wire - http-outgoing-3 &lt;&lt; &quot;[0x2][0x0][0x0][0x0][0x0][0x0][0x0][\r]nc: not found&quot;
21:53:48.449 [docker-java-stream--1317766102] DEBUG c.g.d.z.s.o.a.hc.client5.http.wire - http-outgoing-3 &lt;&lt; &quot;[0x2][0x0][0x0][0x0][0x0][0x0][0x0][0x1][\n]&quot;
21:53:48.466 [docker-java-stream--1317766102] DEBUG c.g.d.z.s.o.a.hc.client5.http.wire - http-outgoing-3 &lt;&lt; &quot;[0x2][0x0][0x0][0x0][0x0][0x0][0x0]4/bin/bash: connect: Cannot assign requested address[\n]&quot;
21:53:48.467 [docker-java-stream--1317766102] DEBUG c.g.d.z.s.o.a.hc.client5.http.wire - http-outgoing-3 &lt;&lt; &quot;[0x2][0x0][0x0][0x0][0x0][0x0][0x0]D/bin/bash: /dev/tcp/localhost/8080: Cannot assign requested address[\n]&quot;
21:53:48.589 [docker-java-stream--1317766102] DEBUG c.g.d.z.s.o.a.hc.client5.http.wire - http-outgoing-3 &lt;&lt; &quot;[0x2][0x0][0x0][0x0][0x0][0x0][0x0][0xc]/bin/sh: 1: &quot;
21:53:48.596 [docker-java-stream--1317766102] DEBUG c.g.d.z.s.o.a.hc.client5.http.wire - http-outgoing-3 &lt;&lt; &quot;[0x2][0x0][0x0][0x0][0x0][0x0][0x0][\r]nc: not found&quot;
21:53:48.596 [docker-java-stream--1317766102] DEBUG c.g.d.z.s.o.a.hc.client5.http.wire - http-outgoing-3 &lt;&lt; &quot;[0x2][0x0][0x0][0x0][0x0][0x0][0x0][0x1][\n]&quot;
21:53:48.604 [docker-java-stream--1317766102] DEBUG c.g.d.z.s.o.a.hc.client5.http.wire - http-outgoing-3 &lt;&lt; &quot;[0x2][0x0][0x0][0x0][0x0][0x0][0x0]4/bin/bash: connect: Cannot assign requested address[\n]&quot;
21:53:48.605 [docker-java-stream--1317766102] DEBUG c.g.d.z.s.o.a.hc.client5.http.wire - http-outgoing-3 &lt;&lt; &quot;[0x2][0x0][0x0][0x0][0x0][0x0][0x0]D/bin/bash: /dev/tcp/localhost/8080: Cannot assign requested address[\n]&quot;
21:53:48.729 [docker-java-stream--1317766102] DEBUG c.g.d.z.s.o.a.hc.client5.http.wire - http-outgoing-3 &lt;&lt; &quot;[0x2][0x0][0x0][0x0][0x0][0x0][0x0][0xc]/bin/sh: 1: &quot;
21:53:48.732 [docker-java-stream--1317766102] DEBUG c.g.d.z.s.o.a.hc.client5.http.wire - http-outgoing-3 &lt;&lt; &quot;[0x2][0x0][0x0][0x0][0x0][0x0][0x0][\r]nc: not found&quot;
21:53:48.732 [docker-java-stream--1317766102] DEBUG c.g.d.z.s.o.a.hc.client5.http.wire - http-outgoing-3 &lt;&lt; &quot;[0x2][0x0][0x0][0x0][0x0][0x0][0x0][0x1][\n]&quot;
21:53:48.739 [docker-java-stream--1317766102] DEBUG c.g.d.z.s.o.a.hc.client5.http.wire - http-outgoing-3 &lt;&lt; &quot;[0x2][0x0][0x0][0x0][0x0][0x0][0x0]4/bin/bash: connect: Cannot assign requested address[\n]&quot;
21:53:48.744 [docker-java-stream--1317766102] DEBUG c.g.d.z.s.o.a.hc.client5.http.wire - http-outgoing-3 &lt;&lt; &quot;[0x2][0x0][0x0][0x0][0x0][0x0][0x0]D/bin/bash: /dev/tcp/localhost/8080: Cannot assign requested address[\n]&quot;
21:53:48.869 [docker-java-stream--1317766102] DEBUG c.g.d.z.s.o.a.hc.client5.http.wire - http-outgoing-3 &lt;&lt; &quot;[0x2][0x0][0x0][0x0][0x0][0x0][0x0][0xc]/bin/sh: 1: &quot;
21:53:48.871 [docker-java-stream--1317766102] DEBUG c.g.d.z.s.o.a.hc.client5.http.wire - http-outgoing-3 &lt;&lt; &quot;[0x2][0x0][0x0][0x0][0x0][0x0][0x0][\r]nc: not found&quot;
21:53:48.871 [docker-java-stream--1317766102] DEBUG c.g.d.z.s.o.a.hc.client5.http.wire - http-outgoing-3 &lt;&lt; &quot;[0x2][0x0][0x0][0x0][0x0][0x0][0x0][0x1][\n]&quot;
21:53:48.882 [docker-java-stream--1317766102] DEBUG c.g.d.z.s.o.a.hc.client5.http.wire - http-outgoing-3 &lt;&lt; &quot;[0x2][0x0][0x0][0x0][0x0][0x0][0x0]4/bin/bash: connect: Cannot assign requested address[\n]&quot;
21:53:48.883 [docker-java-stream--1317766102] DEBUG c.g.d.z.s.o.a.hc.client5.http.wire - http-outgoing-3 &lt;&lt; &quot;[0x2][0x0][0x0][0x0][0x0][0x0][0x0]D/bin/bash: /dev/tcp/localhost/8080: Cannot assign requested address[\n]&quot;
21:53:49.004 [docker-java-stream--1317766102] DEBUG c.g.d.z.s.o.a.hc.client5.http.wire - http-outgoing-3 &lt;&lt; &quot;[0x2][0x0][0x0][0x0][0x0][0x0][0x0][0xc]/bin/sh: 1: &quot;
21:53:49.008 [docker-java-stream--1317766102] DEBUG c.g.d.z.s.o.a.hc.client5.http.wire - http-outgoing-3 &lt;&lt; &quot;[0x2][0x0][0x0][0x0][0x0][0x0][0x0][\r]nc: not found&quot;
21:53:49.008 [docker-java-stream--1317766102] DEBUG c.g.d.z.s.o.a.hc.client5.http.wire - http-outgoing-3 &lt;&lt; &quot;[0x2][0x0][0x0][0x0][0x0][0x0][0x0][0x1][\n]&quot;
21:53:49.011 [docker-java-stream--1317766102] DEBUG c.g.d.z.s.o.a.hc.client5.http.wire - http-outgoing-3 &lt;&lt; &quot;[0x2][0x0][0x0][0x0][0x0][0x0][0x0]4/bin/bash: connect: Cannot assign requested address[\n]&quot;
21:53:49.020 [docker-java-stream--1317766102] DEBUG c.g.d.z.s.o.a.hc.client5.http.wire - http-outgoing-3 &lt;&lt; &quot;[0x2][0x0][0x0][0x0][0x0][0x0][0x0]D/bin/bash: /dev/tcp/localhost/8080: Cannot assign requested address[\n]&quot;
21:53:49.141 [docker-java-stream--1317766102] DEBUG c.g.d.z.s.o.a.hc.client5.http.wire - http-outgoing-3 &lt;&lt; &quot;[0x2][0x0][0x0][0x0][0x0][0x0][0x0][0xc]/bin/sh: 1: &quot;
21:53:49.142 [docker-java-stream--1317766102] DEBUG c.g.d.z.s.o.a.hc.client5.http.wire - http-outgoing-3 &lt;&lt; &quot;[0x2][0x0][0x0][0x0][0x0][0x0][0x0][\r]nc: not found&quot;
21:53:49.143 [docker-java-stream--1317766102] DEBUG c.g.d.z.s.o.a.hc.client5.http.wire - http-outgoing-3 &lt;&lt; &quot;[0x2][0x0][0x0][0x0][0x0][0x0][0x0][0x1][\n]&quot;
21:53:49.149 [docker-java-stream--1317766102] DEBUG c.g.d.z.s.o.a.hc.client5.http.wire - http-outgoing-3 &lt;&lt; &quot;[0x2][0x0][0x0][0x0][0x0][0x0][0x0]4/bin/bash: connect: Cannot assign requested address[\n]&quot;
21:53:49.154 [docker-java-stream--1317766102] DEBUG c.g.d.z.s.o.a.hc.client5.http.wire - http-outgoing-3 &lt;&lt; &quot;[0x2][0x0][0x0][0x0][0x0][0x0][0x0]D/bin/bash: /dev/tcp/localhost/8080: Cannot assign requested address[\n]&quot;
21:53:49.300 [docker-java-stream--1317766102] DEBUG c.g.d.z.s.o.a.hc.client5.http.wire - http-outgoing-3 &lt;&lt; &quot;[0x2][0x0][0x0][0x0][0x0][0x0][0x0][0xc]/bin/sh: 1: &quot;
21:53:49.300 [docker-java-stream--1317766102] DEBUG c.g.d.z.s.o.a.hc.client5.http.wire - http-outgoing-3 &lt;&lt; &quot;[0x2][0x0][0x0][0x0][0x0][0x0][0x0][\r]nc: not found&quot;
21:53:49.300 [docker-java-stream--1317766102] DEBUG c.g.d.z.s.o.a.hc.client5.http.wire - http-outgoing-3 &lt;&lt; &quot;[0x2][0x0][0x0][0x0][0x0][0x0][0x0][0x1][\n]&quot;
21:53:49.307 [docker-java-stream--1317766102] DEBUG c.g.d.z.s.o.a.hc.client5.http.wire - http-outgoing-3 &lt;&lt; &quot;[0x2][0x0][0x0][0x0][0x0][0x0][0x0]4/bin/bash: connect: Cannot assign requested address[\n]&quot;
21:53:49.317 [docker-java-stream--1317766102] DEBUG c.g.d.z.s.o.a.hc.client5.http.wire - http-outgoing-3 &lt;&lt; &quot;[0x2][0x0][0x0][0x0][0x0][0x0][0x0]D/bin/bash: /dev/tcp/localhost/8080: Cannot assign requested address[\n]&quot;
21:53:49.445 [docker-java-stream--1317766102] DEBUG c.g.d.z.s.o.a.hc.client5.http.wire - http-outgoing-3 &lt;&lt; &quot;[0x2][0x0][0x0][0x0][0x0][0x0][0x0][0xc]/bin/sh: 1: &quot;
21:53:49.446 [docker-java-stream--1317766102] DEBUG c.g.d.z.s.o.a.hc.client5.http.wire - http-outgoing-3 &lt;&lt; &quot;[0x2][0x0][0x0][0x0][0x0][0x0][0x0][\r]nc: not found&quot;
21:53:49.446 [docker-java-stream--1317766102] DEBUG c.g.d.z.s.o.a.hc.client5.http.wire - http-outgoing-3 &lt;&lt; &quot;[0x2][0x0][0x0][0x0][0x0][0x0][0x0][0x1][\n]&quot;
21:53:49.455 [docker-java-stream--1317766102] DEBUG c.g.d.z.s.o.a.hc.client5.http.wire - http-outgoing-3 &lt;&lt; &quot;[0x2][0x0][0x0][0x0][0x0][0x0][0x0]4/bin/bash: connect: Cannot assign requested address[\n]&quot;
21:53:49.455 [docker-java-stream--1317766102] DEBUG c.g.d.z.s.o.a.hc.client5.http.wire - http-outgoing-3 &lt;&lt; &quot;[0x2][0x0][0x0][0x0][0x0][0x0][0x0]D/bin/bash: /dev/tcp/localhost/8080: Cannot assign requested address[\n]&quot;
21:53:49.582 [docker-java-stream--1317766102] DEBUG c.g.d.z.s.o.a.hc.client5.http.wire - http-outgoing-3 &lt;&lt; &quot;[0x2][0x0][0x0][0x0][0x0][0x0][0x0][0xc]/bin/sh: 1: &quot;
21:53:49.583 [docker-java-stream--1317766102] DEBUG c.g.d.z.s.o.a.hc.client5.http.wire - http-outgoing-3 &lt;&lt; &quot;[0x2][0x0][0x0][0x0][0x0][0x0][0x0][\r]nc: not found&quot;
21:53:49.584 [docker-java-stream--1317766102] DEBUG c.g.d.z.s.o.a.hc.client5.http.wire - http-outgoing-3 &lt;&lt; &quot;[0x2][0x0][0x0][0x0][0x0][0x0][0x0][0x1][\n]&quot;
21:53:49.599 [docker-java-stream--1317766102] DEBUG c.g.d.z.s.o.a.hc.client5.http.wire - http-outgoing-3 &lt;&lt; &quot;[0x2][0x0][0x0][0x0][0x0][0x0][0x0]4/bin/bash: connect: Cannot assign requested address[\n]&quot;
21:53:49.604 [docker-java-stream--1317766102] DEBUG c.g.d.z.s.o.a.hc.client5.http.wire - http-outgoing-3 &lt;&lt; &quot;[0x2][0x0][0x0][0x0][0x0][0x0][0x0]D/bin/bash: /dev/tcp/localhost/8080: Cannot assign requested address[\n]&quot;
21:53:49.724 [docker-java-stream--1317766102] DEBUG c.g.d.z.s.o.a.hc.client5.http.wire - http-outgoing-3 &lt;&lt; &quot;[0x2][0x0][0x0][0x0][0x0][0x0][0x0][0xc]/bin/sh: 1: &quot;
21:53:49.724 [docker-java-stream--1317766102] DEBUG c.g.d.z.s.o.a.hc.client5.http.wire - http-outgoing-3 &lt;&lt; &quot;[0x2][0x0][0x0][0x0][0x0][0x0][0x0][\r]nc: not found&quot;
21:53:49.725 [docker-java-stream--1317766102] DEBUG c.g.d.z.s.o.a.hc.client5.http.wire - http-outgoing-3 &lt;&lt; &quot;[0x2][0x0][0x0][0x0][0x0][0x0][0x0][0x1][\n]&quot;
21:53:49.740 [docker-java-stream--1317766102] DEBUG c.g.d.z.s.o.a.hc.client5.http.wire - http-outgoing-3 &lt;&lt; &quot;[0x2][0x0][0x0][0x0][0x0][0x0][0x0]4/bin/bash: connect: Cannot assign requested address[\n]&quot;
21:53:49.748 [docker-java-stream--1317766102] DEBUG c.g.d.z.s.o.a.hc.client5.http.wire - http-outgoing-3 &lt;&lt; &quot;[0x2][0x0][0x0][0x0][0x0][0x0][0x0]D/bin/bash: /dev/tcp/localhost/8080: Cannot assign requested address[\n]&quot;
21:53:49.862 [docker-java-stream--1317766102] DEBUG c.g.d.z.s.o.a.hc.client5.http.wire - http-outgoing-3 &lt;&lt; &quot;[0x2][0x0][0x0][0x0][0x0][0x0][0x0][0xc]/bin/sh: 1: &quot;
21:53:49.864 [docker-java-stream--1317766102] DEBUG c.g.d.z.s.o.a.hc.client5.http.wire - http-outgoing-3 &lt;&lt; &quot;[0x2][0x0][0x0][0x0][0x0][0x0][0x0][\r]nc: not found&quot;
21:53:49.864 [docker-java-stream--1317766102] DEBUG c.g.d.z.s.o.a.hc.client5.http.wire - http-outgoing-3 &lt;&lt; &quot;[0x2][0x0][0x0][0x0][0x0][0x0][0x0][0x1][\n]&quot;
21:53:49.878 [docker-java-stream--1317766102] DEBUG c.g.d.z.s.o.a.hc.client5.http.wire - http-outgoing-3 &lt;&lt; &quot;[0x2][0x0][0x0][0x0][0x0][0x0][0x0]4/bin/bash: connect: Cannot assign requested address[\n]&quot;
21:53:49.878 [docker-java-stream--1317766102] DEBUG c.g.d.z.s.o.a.hc.client5.http.wire - http-outgoing-3 &lt;&lt; &quot;[0x2][0x0][0x0][0x0][0x0][0x0][0x0]D/bin/bash: /dev/tcp/localhost/8080: Cannot assign requested address[\n]&quot;
21:53:49.991 [docker-java-stream--1317766102] DEBUG c.g.d.z.s.o.a.hc.client5.http.wire - http-outgoing-3 &lt;&lt; &quot;[0x2][0x0][0x0][0x0][0x0][0x0][0x0][0xc]/bin/sh: 1: &quot;
21:53:49.993 [docker-java-stream--1317766102] DEBUG c.g.d.z.s.o.a.hc.client5.http.wire - http-outgoing-3 &lt;&lt; &quot;[0x2][0x0][0x0][0x0][0x0][0x0][0x0][\r]nc: not found&quot;
21:53:49.993 [docker-java-stream--1317766102] DEBUG c.g.d.z.s.o.a.hc.client5.http.wire - http-outgoing-3 &lt;&lt; &quot;[0x2][0x0][0x0][0x0][0x0][0x0][0x0][0x1][\n]&quot;
21:53:50.007 [docker-java-stream--1317766102] DEBUG c.g.d.z.s.o.a.hc.client5.http.wire - http-outgoing-3 &lt;&lt; &quot;[0x2][0x0][0x0][0x0][0x0][0x0][0x0]4/bin/bash: connect: Cannot assign requested address[\n]&quot;
21:53:50.007 [docker-java-stream--1317766102] DEBUG c.g.d.z.s.o.a.hc.client5.http.wire - http-outgoing-3 &lt;&lt; &quot;[0x2][0x0][0x0][0x0][0x0][0x0][0x0]D/bin/bash: /dev/tcp/localhost/8080: Cannot assign requested address[\n]&quot;
21:53:50.130 [docker-java-stream--1317766102] DEBUG c.g.d.z.s.o.a.hc.client5.http.wire - http-outgoing-3 &lt;&lt; &quot;[0x2][0x0][0x0][0x0][0x0][0x0][0x0][0xc]/bin/sh: 1: &quot;
21:53:50.133 [docker-java-stream--1317766102] DEBUG c.g.d.z.s.o.a.hc.client5.http.wire - http-outgoing-3 &lt;&lt; &quot;[0x2][0x0][0x0][0x0][0x0][0x0][0x0][\r]nc: not found&quot;
21:53:50.133 [docker-java-stream--1317766102] DEBUG c.g.d.z.s.o.a.hc.client5.http.wire - http-outgoing-3 &lt;&lt; &quot;[0x2][0x0][0x0][0x0][0x0][0x0][0x0][0x1][\n]&quot;
21:53:50.142 [docker-java-stream--1317766102] DEBUG c.g.d.z.s.o.a.hc.client5.http.wire - http-outgoing-3 &lt;&lt; &quot;[0x2][0x0][0x0][0x0][0x0][0x0][0x0]4/bin/bash: connect: Cannot assign requested address[\n]&quot;
21:53:50.145 [docker-java-stream--1317766102] DEBUG c.g.d.z.s.o.a.hc.client5.http.wire - http-outgoing-3 &lt;&lt; &quot;[0x2][0x0][0x0][0x0][0x0][0x0][0x0]D/bin/bash: /dev/tcp/localhost/8080: Cannot assign requested address[\n]&quot;
21:53:50.267 [docker-java-stream--1317766102] DEBUG c.g.d.z.s.o.a.hc.client5.http.wire - http-outgoing-3 &lt;&lt; &quot;[0x2][0x0][0x0][0x0][0x0][0x0][0x0][0xc]/bin/sh: 1: &quot;
21:53:50.271 [docker-java-stream--1317766102] DEBUG c.g.d.z.s.o.a.hc.client5.http.wire - http-outgoing-3 &lt;&lt; &quot;[0x2][0x0][0x0][0x0][0x0][0x0][0x0][\r]nc: not found&quot;
21:53:50.271 [docker-java-stream--1317766102] DEBUG c.g.d.z.s.o.a.hc.client5.http.wire - http-outgoing-3 &lt;&lt; &quot;[0x2][0x0][0x0][0x0][0x0][0x0][0x0][0x1][\n]&quot;
21:53:50.281 [docker-java-stream--1317766102] DEBUG c.g.d.z.s.o.a.hc.client5.http.wire - http-outgoing-3 &lt;&lt; &quot;[0x2][0x0][0x0][0x0][0x0][0x0][0x0]4/bin/bash: connect: Cannot assign requested address[\n]&quot;
21:53:50.281 [docker-java-stream--1317766102] DEBUG c.g.d.z.s.o.a.hc.client5.http.wire - http-outgoing-3 &lt;&lt; &quot;[0x2][0x0][0x0][0x0][0x0][0x0][0x0]D/bin/bash: /dev/tcp/localhost/8080: Cannot assign requested address[\n]&quot;
21:53:50.406 [docker-java-stream--1317766102] DEBUG c.g.d.z.s.o.a.hc.client5.http.wire - http-outgoing-3 &lt;&lt; &quot;[0x2][0x0][0x0][0x0][0x0][0x0][0x0][0xc]/bin/sh: 1: &quot;
21:53:50.408 [docker-java-stream--1317766102] DEBUG c.g.d.z.s.o.a.hc.client5.http.wire - http-outgoing-3 &lt;&lt; &quot;[0x2][0x0][0x0][0x0][0x0][0x0][0x0][\r]nc: not found&quot;
21:53:50.408 [docker-java-stream--1317766102] DEBUG c.g.d.z.s.o.a.hc.client5.http.wire - http-outgoing-3 &lt;&lt; &quot;[0x2][0x0][0x0][0x0][0x0][0x0][0x0][0x1][\n]&quot;
21:53:50.415 [docker-java-stream--1317766102] DEBUG c.g.d.z.s.o.a.hc.client5.http.wire - http-outgoing-3 &lt;&lt; &quot;[0x2][0x0][0x0][0x0][0x0][0x0][0x0]4/bin/bash: connect: Cannot assign requested address[\n]&quot;
21:53:50.415 [docker-java-stream--1317766102] DEBUG c.g.d.z.s.o.a.hc.client5.http.wire - http-outgoing-3 &lt;&lt; &quot;[0x2][0x0][0x0][0x0][0x0][0x0][0x0]D/bin/bash: /dev/tcp/localhost/8080: Cannot assign requested address[\n]&quot;
21:53:50.542 [docker-java-stream--1317766102] DEBUG c.g.d.z.s.o.a.hc.client5.http.wire - http-outgoing-3 &lt;&lt; &quot;[0x2][0x0][0x0][0x0][0x0][0x0][0x0][0xc]/bin/sh: 1: &quot;
21:53:50.543 [docker-java-stream--1317766102] DEBUG c.g.d.z.s.o.a.hc.client5.http.wire - http-outgoing-3 &lt;&lt; &quot;[0x2][0x0][0x0][0x0][0x0][0x0][0x0][\r]nc: not found&quot;
21:53:50.544 [docker-java-stream--1317766102] DEBUG c.g.d.z.s.o.a.hc.client5.http.wire - http-outgoing-3 &lt;&lt; &quot;[0x2][0x0][0x0][0x0][0x0][0x0][0x0][0x1][\n]&quot;
21:53:50.565 [docker-java-stream--1317766102] DEBUG c.g.d.z.s.o.a.hc.client5.http.wire - http-outgoing-3 &lt;&lt; &quot;[0x2][0x0][0x0][0x0][0x0][0x0][0x0]4/bin/bash: connect: Cannot assign requested address[\n]&quot;
21:53:50.565 [docker-java-stream--1317766102] DEBUG c.g.d.z.s.o.a.hc.client5.http.wire - http-outgoing-3 &lt;&lt; &quot;[0x2][0x0][0x0][0x0][0x0][0x0][0x0]D/bin/bash: /dev/tcp/localhost/8080: Cannot assign requested address[\n]&quot;
21:53:50.688 [docker-java-stream--1317766102] DEBUG c.g.d.z.s.o.a.hc.client5.http.wire - http-outgoing-3 &lt;&lt; &quot;[0x2][0x0][0x0][0x0][0x0][0x0][0x0][0xc]/bin/sh: 1: &quot;
21:53:50.690 [docker-java-stream--1317766102] DEBUG c.g.d.z.s.o.a.hc.client5.http.wire - http-outgoing-3 &lt;&lt; &quot;[0x2][0x0][0x0][0x0][0x0][0x0][0x0][\r]nc: not found&quot;
21:53:50.691 [docker-java-stream--1317766102] DEBUG c.g.d.z.s.o.a.hc.client5.http.wire - http-outgoing-3 &lt;&lt; &quot;[0x2][0x0][0x0][0x0][0x0][0x0][0x0][0x1][\n]&quot;
21:53:50.702 [docker-java-stream--1317766102] DEBUG c.g.d.z.s.o.a.hc.client5.http.wire - http-outgoing-3 &lt;&lt; &quot;[0x2][0x0][0x0][0x0][0x0][0x0][0x0]4/bin/bash: connect: Cannot assign requested address[\n]&quot;
21:53:50.703 [docker-java-stream--1317766102] DEBUG c.g.d.z.s.o.a.hc.client5.http.wire - http-outgoing-3 &lt;&lt; &quot;[0x2][0x0][0x0][0x0][0x0][0x0][0x0]D/bin/bash: /dev/tcp/localhost/8080: Cannot assign requested address[\n]&quot;
21:53:50.836 [docker-java-stream--1317766102] DEBUG c.g.d.z.s.o.a.hc.client5.http.wire - http-outgoing-3 &lt;&lt; &quot;[0x2][0x0][0x0][0x0][0x0][0x0][0x0][0xc]/bin/sh: 1: &quot;
21:53:50.836 [docker-java-stream--1317766102] DEBUG c.g.d.z.s.o.a.hc.client5.http.wire - http-outgoing-3 &lt;&lt; &quot;[0x2][0x0][0x0][0x0][0x0][0x0][0x0][\r]nc: not found&quot;
21:53:50.836 [docker-java-stream--1317766102] DEBUG c.g.d.z.s.o.a.hc.client5.http.wire - http-outgoing-3 &lt;&lt; &quot;[0x2][0x0][0x0][0x0][0x0][0x0][0x0][0x1][\n]&quot;
21:53:50.842 [docker-java-stream--1317766102] DEBUG c.g.d.z.s.o.a.hc.client5.http.wire - http-outgoing-3 &lt;&lt; &quot;[0x2][0x0][0x0][0x0][0x0][0x0][0x0]4/bin/bash: connect: Cannot assign requested address[\n]&quot;
21:53:50.845 [docker-java-stream--1317766102] DEBUG c.g.d.z.s.o.a.hc.client5.http.wire - http-outgoing-3 &lt;&lt; &quot;[0x2][0x0][0x0][0x0][0x0][0x0][0x0]D/bin/bash: /dev/tcp/localhost/8080: Cannot assign requested address[\n]&quot;
21:53:50.970 [docker-java-stream--1317766102] DEBUG c.g.d.z.s.o.a.hc.client5.http.wire - http-outgoing-3 &lt;&lt; &quot;[0x2][0x0][0x0][0x0][0x0][0x0][0x0][0xc]/bin/sh: 1: &quot;
21:53:50.971 [docker-java-stream--1317766102] DEBUG c.g.d.z.s.o.a.hc.client5.http.wire - http-outgoing-3 &lt;&lt; &quot;[0x2][0x0][0x0][0x0][0x0][0x0][0x0][\r]nc: not found&quot;
21:53:50.971 [docker-java-stream--1317766102] DEBUG c.g.d.z.s.o.a.hc.client5.http.wire - http-outgoing-3 &lt;&lt; &quot;[0x2][0x0][0x0][0x0][0x0][0x0][0x0][0x1][\n]&quot;
21:53:50.977 [docker-java-stream--1317766102] DEBUG c.g.d.z.s.o.a.hc.client5.http.wire - http-outgoing-3 &lt;&lt; &quot;[0x2][0x0][0x0][0x0][0x0][0x0][0x0]4/bin/bash: connect: Cannot assign requested address[\n]&quot;
21:53:50.987 [docker-java-stream--1317766102] DEBUG c.g.d.z.s.o.a.hc.client5.http.wire - http-outgoing-3 &lt;&lt; &quot;[0x2][0x0][0x0][0x0][0x0][0x0][0x0]D/bin/bash: /dev/tcp/localhost/8080: Cannot assign requested address[\n]&quot;
21:53:51.118 [docker-java-stream--1317766102] DEBUG c.g.d.z.s.o.a.hc.client5.http.wire - http-outgoing-3 &lt;&lt; &quot;[0x2][0x0][0x0][0x0][0x0][0x0][0x0][0xc]/bin/sh: 1: &quot;
21:53:51.118 [docker-java-stream--1317766102] DEBUG c.g.d.z.s.o.a.hc.client5.http.wire - http-outgoing-3 &lt;&lt; &quot;[0x2][0x0][0x0][0x0][0x0][0x0][0x0][\r]nc: not found&quot;
21:53:51.119 [docker-java-stream--1317766102] DEBUG c.g.d.z.s.o.a.hc.client5.http.wire - http-outgoing-3 &lt;&lt; &quot;[0x2][0x0][0x0][0x0][0x0][0x0][0x0][0x1][\n]&quot;
21:53:51.130 [docker-java-stream--1317766102] DEBUG c.g.d.z.s.o.a.hc.client5.http.wire - http-outgoing-3 &lt;&lt; &quot;[0x2][0x0][0x0][0x0][0x0][0x0][0x0]4/bin/bash: connect: Cannot assign requested address[\n]&quot;
21:53:51.133 [docker-java-stream--1317766102] DEBUG c.g.d.z.s.o.a.hc.client5.http.wire - http-outgoing-3 &lt;&lt; &quot;[0x2][0x0][0x0][0x0][0x0][0x0][0x0]D/bin/bash: /dev/tcp/localhost/8080: Cannot assign requested address[\n]&quot;
21:53:51.264 [docker-java-stream--1317766102] DEBUG c.g.d.z.s.o.a.hc.client5.http.wire - http-outgoing-3 &lt;&lt; &quot;[0x2][0x0][0x0][0x0][0x0][0x0][0x0][0xc]/bin/sh: 1: &quot;
21:53:51.264 [docker-java-stream--1317766102] DEBUG c.g.d.z.s.o.a.hc.client5.http.wire - http-outgoing-3 &lt;&lt; &quot;[0x2][0x0][0x0][0x0][0x0][0x0][0x0][\r]nc: not found&quot;
21:53:51.264 [docker-java-stream--1317766102] DEBUG c.g.d.z.s.o.a.hc.client5.http.wire - http-outgoing-3 &lt;&lt; &quot;[0x2][0x0][0x0][0x0][0x0][0x0][0x0][0x1][\n]&quot;
21:53:51.275 [docker-java-stream--1317766102] DEBUG c.g.d.z.s.o.a.hc.client5.http.wire - http-outgoing-3 &lt;&lt; &quot;[0x2][0x0][0x0][0x0][0x0][0x0][0x0]4/bin/bash: connect: Cannot assign requested address[\n]&quot;
21:53:51.278 [docker-java-stream--1317766102] DEBUG c.g.d.z.s.o.a.hc.client5.http.wire - http-outgoing-3 &lt;&lt; &quot;[0x2][0x0][0x0][0x0][0x0][0x0][0x0]D/bin/bash: /dev/tcp/localhost/8080: Cannot assign requested address[\n]&quot;
21:53:51.403 [docker-java-stream--1317766102] DEBUG c.g.d.z.s.o.a.hc.client5.http.wire - http-outgoing-3 &lt;&lt; &quot;[0x2][0x0][0x0][0x0][0x0][0x0][0x0][0xc]/bin/sh: 1: &quot;
21:53:51.404 [docker-java-stream--1317766102] DEBUG c.g.d.z.s.o.a.hc.client5.http.wire - http-outgoing-3 &lt;&lt; &quot;[0x2][0x0][0x0][0x0][0x0][0x0][0x0][\r]nc: not found&quot;
21:53:51.405 [docker-java-stream--1317766102] DEBUG c.g.d.z.s.o.a.hc.client5.http.wire - http-outgoing-3 &lt;&lt; &quot;[0x2][0x0][0x0][0x0][0x0][0x0][0x0][0x1][\n]&quot;
21:53:51.417 [docker-java-stream--1317766102] DEBUG c.g.d.z.s.o.a.hc.client5.http.wire - http-outgoing-3 &lt;&lt; &quot;[0x2][0x0][0x0][0x0][0x0][0x0][0x0]4/bin/bash: connect: Cannot assign requested address[\n]&quot;
21:53:51.417 [docker-java-stream--1317766102] DEBUG c.g.d.z.s.o.a.hc.client5.http.wire - http-outgoing-3 &lt;&lt; &quot;[0x2][0x0][0x0][0x0][0x0][0x0][0x0]D/bin/bash: /dev/tcp/localhost/8080: Cannot assign requested address[\n]&quot;
21:53:51.533 [docker-java-stream--1317766102] DEBUG c.g.d.z.s.o.a.hc.client5.http.wire - http-outgoing-3 &lt;&lt; &quot;[0x2][0x0][0x0][0x0][0x0][0x0][0x0][0xc]/bin/sh: 1: &quot;
21:53:51.534 [docker-java-stream--1317766102] DEBUG c.g.d.z.s.o.a.hc.client5.http.wire - http-outgoing-3 &lt;&lt; &quot;[0x2][0x0][0x0][0x0][0x0][0x0][0x0][\r]nc: not found&quot;
21:53:51.534 [docker-java-stream--1317766102] DEBUG c.g.d.z.s.o.a.hc.client5.http.wire - http-outgoing-3 &lt;&lt; &quot;[0x2][0x0][0x0][0x0][0x0][0x0][0x0][0x1][\n]&quot;
21:53:51.540 [docker-java-stream--1317766102] DEBUG c.g.d.z.s.o.a.hc.client5.http.wire - http-outgoing-3 &lt;&lt; &quot;[0x2][0x0][0x0][0x0][0x0][0x0][0x0]4/bin/bash: connect: Cannot assign requested address[\n]&quot;
21:53:51.550 [docker-java-stream--1317766102] DEBUG c.g.d.z.s.o.a.hc.client5.http.wire - http-outgoing-3 &lt;&lt; &quot;[0x2][0x0][0x0][0x0][0x0][0x0][0x0]D/bin/bash: /dev/tcp/localhost/8080: Cannot assign requested address[\n]&quot;
21:53:51.678 [docker-java-stream--1317766102] DEBUG c.g.d.z.s.o.a.hc.client5.http.wire - http-outgoing-3 &lt;&lt; &quot;[0x2][0x0][0x0][0x0][0x0][0x0][0x0][0xc]/bin/sh: 1: &quot;
21:53:51.679 [docker-java-stream--1317766102] DEBUG c.g.d.z.s.o.a.hc.client5.http.wire - http-outgoing-3 &lt;&lt; &quot;[0x2][0x0][0x0][0x0][0x0][0x0][0x0][\r]nc: not found&quot;
21:53:51.679 [docker-java-stream--1317766102] DEBUG c.g.d.z.s.o.a.hc.client5.http.wire - http-outgoing-3 &lt;&lt; &quot;[0x2][0x0][0x0][0x0][0x0][0x0][0x0][0x1][\n]&quot;
21:53:51.700 [docker-java-stream--1317766102] DEBUG c.g.d.z.s.o.a.hc.client5.http.wire - http-outgoing-3 &lt;&lt; &quot;[0x2][0x0][0x0][0x0][0x0][0x0][0x0]4/bin/bash: connect: Cannot assign requested address[\n]&quot;
21:53:51.701 [docker-java-stream--1317766102] DEBUG c.g.d.z.s.o.a.hc.client5.http.wire - http-outgoing-3 &lt;&lt; &quot;[0x2][0x0][0x0][0x0][0x0][0x0][0x0]D/bin/bash: /dev/tcp/localhost/8080: Cannot assign requested address[\n]&quot;
21:53:51.826 [docker-java-stream--1317766102] DEBUG c.g.d.z.s.o.a.hc.client5.http.wire - http-outgoing-3 &lt;&lt; &quot;[0x2][0x0][0x0][0x0][0x0][0x0][0x0][0xc]/bin/sh: 1: &quot;
21:53:51.826 [docker-java-stream--1317766102] DEBUG c.g.d.z.s.o.a.hc.client5.http.wire - http-outgoing-3 &lt;&lt; &quot;[0x2][0x0][0x0][0x0][0x0][0x0][0x0][\r]nc: not found&quot;
21:53:51.827 [docker-java-stream--1317766102] DEBUG c.g.d.z.s.o.a.hc.client5.http.wire - http-outgoing-3 &lt;&lt; &quot;[0x2][0x0][0x0][0x0][0x0][0x0][0x0][0x1][\n]&quot;
21:53:51.839 [docker-java-stream--1317766102] DEBUG c.g.d.z.s.o.a.hc.client5.http.wire - http-outgoing-3 &lt;&lt; &quot;[0x2][0x0][0x0][0x0][0x0][0x0][0x0]4/bin/bash: connect: Cannot assign requested address[\n]&quot;
21:53:51.844 [docker-java-stream--1317766102] DEBUG c.g.d.z.s.o.a.hc.client5.http.wire - http-outgoing-3 &lt;&lt; &quot;[0x2][0x0][0x0][0x0][0x0][0x0][0x0]D/bin/bash: /dev/tcp/localhost/8080: Cannot assign requested address[\n]&quot;
21:53:51.965 [docker-java-stream--1317766102] DEBUG c.g.d.z.s.o.a.hc.client5.http.wire - http-outgoing-3 &lt;&lt; &quot;[0x2][0x0][0x0][0x0][0x0][0x0][0x0][0xc]/bin/sh: 1: &quot;
21:53:51.966 [docker-java-stream--1317766102] DEBUG c.g.d.z.s.o.a.hc.client5.http.wire - http-outgoing-3 &lt;&lt; &quot;[0x2][0x0][0x0][0x0][0x0][0x0][0x0][\r]nc: not found&quot;
21:53:51.966 [docker-java-stream--1317766102] DEBUG c.g.d.z.s.o.a.hc.client5.http.wire - http-outgoing-3 &lt;&lt; &quot;[0x2][0x0][0x0][0x0][0x0][0x0][0x0][0x1][\n]&quot;
21:53:51.973 [docker-java-stream--1317766102] DEBUG c.g.d.z.s.o.a.hc.client5.http.wire - http-outgoing-3 &lt;&lt; &quot;[0x2][0x0][0x0][0x0][0x0][0x0][0x0]4/bin/bash: connect: Cannot assign requested address[\n]&quot;
21:53:51.982 [docker-java-stream--1317766102] DEBUG c.g.d.z.s.o.a.hc.client5.http.wire - http-outgoing-3 &lt;&lt; &quot;[0x2][0x0][0x0][0x0][0x0][0x0][0x0]D/bin/bash: /dev/tcp/localhost/8080: Cannot assign requested address[\n]&quot;
21:53:52.108 [docker-java-stream--1317766102] DEBUG c.g.d.z.s.o.a.hc.client5.http.wire - http-outgoing-3 &lt;&lt; &quot;[0x2][0x0][0x0][0x0][0x0][0x0][0x0][0xc]/bin/sh: 1: &quot;
21:53:52.108 [docker-java-stream--1317766102] DEBUG c.g.d.z.s.o.a.hc.client5.http.wire - http-outgoing-3 &lt;&lt; &quot;[0x2][0x0][0x0][0x0][0x0][0x0][0x0][\r]nc: not found&quot;
21:53:52.108 [docker-java-stream--1317766102] DEBUG c.g.d.z.s.o.a.hc.client5.http.wire - http-outgoing-3 &lt;&lt; &quot;[0x2][0x0][0x0][0x0][0x0][0x0][0x0][0x1][\n]&quot;
21:53:52.124 [docker-java-stream--1317766102] DEBUG c.g.d.z.s.o.a.hc.client5.http.wire - http-outgoing-3 &lt;&lt; &quot;[0x2][0x0][0x0][0x0][0x0][0x0][0x0]4/bin/bash: connect: Cannot assign requested address[\n]&quot;
21:53:52.125 [docker-java-stream--1317766102] DEBUG c.g.d.z.s.o.a.hc.client5.http.wire - http-outgoing-3 &lt;&lt; &quot;[0x2][0x0][0x0][0x0][0x0][0x0][0x0]D/bin/bash: /dev/tcp/localhost/8080: Cannot assign requested address[\n]&quot;
21:53:52.247 [docker-java-stream--1317766102] DEBUG c.g.d.z.s.o.a.hc.client5.http.wire - http-outgoing-3 &lt;&lt; &quot;[0x2][0x0][0x0][0x0][0x0][0x0][0x0][0xc]/bin/sh: 1: &quot;
21:53:52.247 [docker-java-stream--1317766102] DEBUG c.g.d.z.s.o.a.hc.client5.http.wire - http-outgoing-3 &lt;&lt; &quot;[0x2][0x0][0x0][0x0][0x0][0x0][0x0][\r]nc: not found&quot;
21:53:52.247 [docker-java-stream--1317766102] DEBUG c.g.d.z.s.o.a.hc.client5.http.wire - http-outgoing-3 &lt;&lt; &quot;[0x2][0x0][0x0][0x0][0x0][0x0][0x0][0x1][\n]&quot;
21:53:52.261 [docker-java-stream--1317766102] DEBUG c.g.d.z.s.o.a.hc.client5.http.wire - http-outgoing-3 &lt;&lt; &quot;[0x2][0x0][0x0][0x0][0x0][0x0][0x0]4/bin/bash: connect: Cannot assign requested address[\n]&quot;
21:53:52.267 [docker-java-stream--1317766102] DEBUG c.g.d.z.s.o.a.hc.client5.http.wire - http-outgoing-3 &lt;&lt; &quot;[0x2][0x0][0x0][0x0][0x0][0x0][0x0]D/bin/bash: /dev/tcp/localhost/8080: Cannot assign requested address[\n]&quot;
21:53:52.392 [docker-java-stream--1317766102] DEBUG c.g.d.z.s.o.a.hc.client5.http.wire - http-outgoing-3 &lt;&lt; &quot;[0x2][0x0][0x0][0x0][0x0][0x0][0x0][0xc]/bin/sh: 1: &quot;
21:53:52.393 [docker-java-stream--1317766102] DEBUG c.g.d.z.s.o.a.hc.client5.http.wire - http-outgoing-3 &lt;&lt; &quot;[0x2][0x0][0x0][0x0][0x0][0x0][0x0][\r]nc: not found&quot;
21:53:52.393 [docker-java-stream--1317766102] DEBUG c.g.d.z.s.o.a.hc.client5.http.wire - http-outgoing-3 &lt;&lt; &quot;[0x2][0x0][0x0][0x0][0x0][0x0][0x0][0x1][\n]&quot;
21:53:52.403 [docker-java-stream--1317766102] DEBUG c.g.d.z.s.o.a.hc.client5.http.wire - http-outgoing-3 &lt;&lt; &quot;[0x2][0x0][0x0][0x0][0x0][0x0][0x0]4/bin/bash: connect: Cannot assign requested address[\n]&quot;
21:53:52.412 [docker-java-stream--1317766102] DEBUG c.g.d.z.s.o.a.hc.client5.http.wire - http-outgoing-3 &lt;&lt; &quot;[0x2][0x0][0x0][0x0][0x0][0x0][0x0]D/bin/bash: /dev/tcp/localhost/8080: Cannot assign requested address[\n]&quot;
21:53:52.537 [docker-java-stream--1317766102] DEBUG c.g.d.z.s.o.a.hc.client5.http.wire - http-outgoing-3 &lt;&lt; &quot;[0x2][0x0][0x0][0x0][0x0][0x0][0x0][0xc]/bin/sh: 1: &quot;
21:53:52.537 [docker-java-stream--1317766102] DEBUG c.g.d.z.s.o.a.hc.client5.http.wire - http-outgoing-3 &lt;&lt; &quot;[0x2][0x0][0x0][0x0][0x0][0x0][0x0][\r]nc: not found&quot;
21:53:52.538 [docker-java-stream--1317766102] DEBUG c.g.d.z.s.o.a.hc.client5.http.wire - http-outgoing-3 &lt;&lt; &quot;[0x2][0x0][0x0][0x0][0x0][0x0][0x0][0x1][\n]&quot;
21:53:52.560 [docker-java-stream--1317766102] DEBUG c.g.d.z.s.o.a.hc.client5.http.wire - http-outgoing-3 &lt;&lt; &quot;[0x2][0x0][0x0][0x0][0x0][0x0][0x0]4/bin/bash: connect: Cannot assign requested address[\n]&quot;
21:53:52.560 [docker-java-stream--1317766102] DEBUG c.g.d.z.s.o.a.hc.client5.http.wire - http-outgoing-3 &lt;&lt; &quot;[0x2][0x0][0x0][0x0][0x0][0x0][0x0]D/bin/bash: /dev/tcp/localhost/8080: Cannot assign requested address[\n]&quot;
21:53:52.680 [docker-java-stream--1317766102] DEBUG c.g.d.z.s.o.a.hc.client5.http.wire - http-outgoing-3 &lt;&lt; &quot;[0x2][0x0][0x0][0x0][0x0][0x0][0x0][0xc]/bin/sh: 1: &quot;
21:53:52.680 [docker-java-stream--1317766102] DEBUG c.g.d.z.s.o.a.hc.client5.http.wire - http-outgoing-3 &lt;&lt; &quot;[0x2][0x0][0x0][0x0][0x0][0x0][0x0][\r]nc: not found&quot;
21:53:52.680 [docker-java-stream--1317766102] DEBUG c.g.d.z.s.o.a.hc.client5.http.wire - http-outgoing-3 &lt;&lt; &quot;[0x2][0x0][0x0][0x0][0x0][0x0][0x0][0x1][\n]&quot;
21:53:52.687 [docker-java-stream--1317766102] DEBUG c.g.d.z.s.o.a.hc.client5.http.wire - http-outgoing-3 &lt;&lt; &quot;[0x2][0x0][0x0][0x0][0x0][0x0][0x0]4/bin/bash: connect: Cannot assign requested address[\n]&quot;
21:53:52.687 [docker-java-stream--1317766102] DEBUG c.g.d.z.s.o.a.hc.client5.http.wire - http-outgoing-3 &lt;&lt; &quot;[0x2][0x0][0x0][0x0][0x0][0x0][0x0]D/bin/bash: /dev/tcp/localhost/8080: Cannot assign requested address[\n]&quot;
21:53:52.809 [docker-java-stream--1317766102] DEBUG c.g.d.z.s.o.a.hc.client5.http.wire - http-outgoing-3 &lt;&lt; &quot;[0x2][0x0][0x0][0x0][0x0][0x0][0x0][0xc]/bin/sh: 1: &quot;
21:53:52.824 [docker-java-stream--1317766102] DEBUG c.g.d.z.s.o.a.hc.client5.http.wire - http-outgoing-3 &lt;&lt; &quot;[0x2][0x0][0x0][0x0][0x0][0x0][0x0][\r]nc: not found[0x2][0x0][0x0][0x0][0x0][0x0][0x0][0x1][\n]&quot;
21:53:52.832 [docker-java-stream--1317766102] DEBUG c.g.d.z.s.o.a.hc.client5.http.wire - http-outgoing-3 &lt;&lt; &quot;[0x2][0x0][0x0][0x0][0x0][0x0][0x0]4/bin/bash: connect: Cannot assign requested address[\n]&quot;
21:53:52.833 [docker-java-stream--1317766102] DEBUG c.g.d.z.s.o.a.hc.client5.http.wire - http-outgoing-3 &lt;&lt; &quot;[0x2][0x0][0x0][0x0][0x0][0x0][0x0]D/bin/bash: /dev/tcp/localhost/8080: Cannot assign requested address[\n]&quot;
21:53:52.971 [docker-java-stream--1317766102] DEBUG c.g.d.z.s.o.a.hc.client5.http.wire - http-outgoing-3 &lt;&lt; &quot;[0x2][0x0][0x0][0x0][0x0][0x0][0x0][0xc]/bin/sh: 1: &quot;
21:53:52.977 [docker-java-stream--1317766102] DEBUG c.g.d.z.s.o.a.hc.client5.http.wire - http-outgoing-3 &lt;&lt; &quot;[0x2][0x0][0x0][0x0][0x0][0x0][0x0][\r]nc: not found[0x2][0x0][0x0][0x0][0x0][0x0][0x0][0x1][\n]&quot;
21:53:53.004 [docker-java-stream--1317766102] DEBUG c.g.d.z.s.o.a.hc.client5.http.wire - http-outgoing-3 &lt;&lt; &quot;[0x2][0x0][0x0][0x0][0x0][0x0][0x0]4/bin/bash: connect: Cannot assign requested address[\n]&quot;
21:53:53.004 [docker-java-stream--1317766102] DEBUG c.g.d.z.s.o.a.hc.client5.http.wire - http-outgoing-3 &lt;&lt; &quot;[0x2][0x0][0x0][0x0][0x0][0x0][0x0]D/bin/bash: /dev/tcp/localhost/8080: Cannot assign requested address[\n]&quot;
21:53:53.129 [docker-java-stream--1317766102] DEBUG c.g.d.z.s.o.a.hc.client5.http.wire - http-outgoing-3 &lt;&lt; &quot;[0x2][0x0][0x0][0x0][0x0][0x0][0x0][0xc]/bin/sh: 1: &quot;
21:53:53.130 [docker-java-stream--1317766102] DEBUG c.g.d.z.s.o.a.hc.client5.http.wire - http-outgoing-3 &lt;&lt; &quot;[0x2][0x0][0x0][0x0][0x0][0x0][0x0][\r]nc: not found&quot;
21:53:53.130 [docker-java-stream--1317766102] DEBUG c.g.d.z.s.o.a.hc.client5.http.wire - http-outgoing-3 &lt;&lt; &quot;[0x2][0x0][0x0][0x0][0x0][0x0][0x0][0x1][\n]&quot;
21:53:53.138 [docker-java-stream--1317766102] DEBUG c.g.d.z.s.o.a.hc.client5.http.wire - http-outgoing-3 &lt;&lt; &quot;[0x2][0x0][0x0][0x0][0x0][0x0][0x0]4/bin/bash: connect: Cannot assign requested address[\n]&quot;
21:53:53.141 [docker-java-stream--1317766102] DEBUG c.g.d.z.s.o.a.hc.client5.http.wire - http-outgoing-3 &lt;&lt; &quot;[0x2][0x0][0x0][0x0][0x0][0x0][0x0]D/bin/bash: /dev/tcp/localhost/8080: Cannot assign requested address[\n]&quot;
21:53:53.268 [docker-java-stream--1317766102] DEBUG c.g.d.z.s.o.a.hc.client5.http.wire - http-outgoing-3 &lt;&lt; &quot;[0x2][0x0][0x0][0x0][0x0][0x0][0x0][0xc]/bin/sh: 1: &quot;
21:53:53.268 [docker-java-stream--1317766102] DEBUG c.g.d.z.s.o.a.hc.client5.http.wire - http-outgoing-3 &lt;&lt; &quot;[0x2][0x0][0x0][0x0][0x0][0x0][0x0][\r]nc: not found&quot;
21:53:53.268 [docker-java-stream--1317766102] DEBUG c.g.d.z.s.o.a.hc.client5.http.wire - http-outgoing-3 &lt;&lt; &quot;[0x2][0x0][0x0][0x0][0x0][0x0][0x0][0x1][\n]&quot;
21:53:53.276 [docker-java-stream--1317766102] DEBUG c.g.d.z.s.o.a.hc.client5.http.wire - http-outgoing-3 &lt;&lt; &quot;[0x2][0x0][0x0][0x0][0x0][0x0][0x0]4/bin/bash: connect: Cannot assign requested address[\n]&quot;
21:53:53.276 [docker-java-stream--1317766102] DEBUG c.g.d.z.s.o.a.hc.client5.http.wire - http-outgoing-3 &lt;&lt; &quot;[0x2][0x0][0x0][0x0][0x0][0x0][0x0]D/bin/bash: /dev/tcp/localhost/8080: Cannot assign requested address[\n]&quot;
21:53:53.395 [docker-java-stream--1317766102] DEBUG c.g.d.z.s.o.a.hc.client5.http.wire - http-outgoing-3 &lt;&lt; &quot;[0x2][0x0][0x0][0x0][0x0][0x0][0x0][0xc]/bin/sh: 1: &quot;
21:53:53.397 [docker-java-stream--1317766102] DEBUG c.g.d.z.s.o.a.hc.client5.http.wire - http-outgoing-3 &lt;&lt; &quot;[0x2][0x0][0x0][0x0][0x0][0x0][0x0][\r]nc: not found&quot;
21:53:53.397 [docker-java-stream--1317766102] DEBUG c.g.d.z.s.o.a.hc.client5.http.wire - http-outgoing-3 &lt;&lt; &quot;[0x2][0x0][0x0][0x0][0x0][0x0][0x0][0x1][\n]&quot;
21:53:53.414 [docker-java-stream--1317766102] DEBUG c.g.d.z.s.o.a.hc.client5.http.wire - http-outgoing-3 &lt;&lt; &quot;[0x2][0x0][0x0][0x0][0x0][0x0][0x0]4/bin/bash: connect: Cannot assign requested address[\n]&quot;
21:53:53.416 [docker-java-stream--1317766102] DEBUG c.g.d.z.s.o.a.hc.client5.http.wire - http-outgoing-3 &lt;&lt; &quot;[0x2][0x0][0x0][0x0][0x0][0x0][0x0]D/bin/bash: /dev/tcp/localhost/8080: Cannot assign requested address[\n]&quot;
21:53:53.540 [docker-java-stream--1317766102] DEBUG c.g.d.z.s.o.a.hc.client5.http.wire - http-outgoing-3 &lt;&lt; &quot;[0x2][0x0][0x0][0x0][0x0][0x0][0x0][0xc]/bin/sh: 1: &quot;
21:53:53.540 [docker-java-stream--1317766102] DEBUG c.g.d.z.s.o.a.hc.client5.http.wire - http-outgoing-3 &lt;&lt; &quot;[0x2][0x0][0x0][0x0][0x0][0x0][0x0][\r]nc: not found&quot;
21:53:53.540 [docker-java-stream--1317766102] DEBUG c.g.d.z.s.o.a.hc.client5.http.wire - http-outgoing-3 &lt;&lt; &quot;[0x2][0x0][0x0][0x0][0x0][0x0][0x0][0x1][\n]&quot;
21:53:53.549 [docker-java-stream--1317766102] DEBUG c.g.d.z.s.o.a.hc.client5.http.wire - http-outgoing-3 &lt;&lt; &quot;[0x2][0x0][0x0][0x0][0x0][0x0][0x0]4/bin/bash: connect: Cannot assign requested address[\n]&quot;
21:53:53.550 [docker-java-stream--1317766102] DEBUG c.g.d.z.s.o.a.hc.client5.http.wire - http-outgoing-3 &lt;&lt; &quot;[0x2][0x0][0x0][0x0][0x0][0x0][0x0]D/bin/bash: /dev/tcp/localhost/8080: Cannot assign requested address[\n]&quot;
21:53:53.675 [docker-java-stream--1317766102] DEBUG c.g.d.z.s.o.a.hc.client5.http.wire - http-outgoing-3 &lt;&lt; &quot;[0x2][0x0][0x0][0x0][0x0][0x0][0x0][0xc]/bin/sh: 1: &quot;
21:53:53.677 [docker-java-stream--1317766102] DEBUG c.g.d.z.s.o.a.hc.client5.http.wire - http-outgoing-3 &lt;&lt; &quot;[0x2][0x0][0x0][0x0][0x0][0x0][0x0][\r]nc: not found&quot;
21:53:53.677 [docker-java-stream--1317766102] DEBUG c.g.d.z.s.o.a.hc.client5.http.wire - http-outgoing-3 &lt;&lt; &quot;[0x2][0x0][0x0][0x0][0x0][0x0][0x0][0x1][\n]&quot;
21:53:53.688 [docker-java-stream--1317766102] DEBUG c.g.d.z.s.o.a.hc.client5.http.wire - http-outgoing-3 &lt;&lt; &quot;[0x2][0x0][0x0][0x0][0x0][0x0][0x0]4/bin/bash: connect: Cannot assign requested address[\n]&quot;
21:53:53.694 [docker-java-stream--1317766102] DEBUG c.g.d.z.s.o.a.hc.client5.http.wire - http-outgoing-3 &lt;&lt; &quot;[0x2][0x0][0x0][0x0][0x0][0x0][0x0]D/bin/bash: /dev/tcp/localhost/8080: Cannot assign requested address[\n]&quot;
21:53:53.811 [docker-java-stream--1317766102] DEBUG c.g.d.z.s.o.a.hc.client5.http.wire - http-outgoing-3 &lt;&lt; &quot;[0x2][0x0][0x0][0x0][0x0][0x0][0x0][0xc]/bin/sh: 1: &quot;
21:53:53.813 [docker-java-stream--1317766102] DEBUG c.g.d.z.s.o.a.hc.client5.http.wire - http-outgoing-3 &lt;&lt; &quot;[0x2][0x0][0x0][0x0][0x0][0x0][0x0][\r]nc: not found&quot;
21:53:53.813 [docker-java-stream--1317766102] DEBUG c.g.d.z.s.o.a.hc.client5.http.wire - http-outgoing-3 &lt;&lt; &quot;[0x2][0x0][0x0][0x0][0x0][0x0][0x0][0x1][\n]&quot;
21:53:53.820 [docker-java-stream--1317766102] DEBUG c.g.d.z.s.o.a.hc.client5.http.wire - http-outgoing-3 &lt;&lt; &quot;[0x2][0x0][0x0][0x0][0x0][0x0][0x0]4/bin/bash: connect: Cannot assign requested address[\n]&quot;
21:53:53.822 [docker-java-stream--1317766102] DEBUG c.g.d.z.s.o.a.hc.client5.http.wire - http-outgoing-3 &lt;&lt; &quot;[0x2][0x0][0x0][0x0][0x0][0x0][0x0]D/bin/bash: /dev/tcp/localhost/8080: Cannot assign requested address[\n]&quot;
21:53:53.939 [docker-java-stream--1317766102] DEBUG c.g.d.z.s.o.a.hc.client5.http.wire - http-outgoing-3 &lt;&lt; &quot;[0x1][0x0][0x0][0x0][0x0][0x0][0x0][0xffffffa4]/proc/net/tcp:   0: 00000000:1F90 00000000:0000 0A 00000000:00000000 00:00000000 00000000     0        0 639241 1 0000000000000000 100 0 0 10 0                    [\n]&quot;
21:53:53.949 [docker-java-stream--1317766102] DEBUG c.g.d.z.s.o.a.hc.client5.http.wire - http-outgoing-3 &lt;&lt; &quot;end of stream&quot;
21:53:53.949 [docker-java-stream--1317766102] DEBUG c.g.d.z.s.o.a.h.c.h.i.i.DefaultManagedHttpClientConnection - http-outgoing-3: close connection IMMEDIATE
21:53:53.949 [docker-java-stream--1317766102] DEBUG c.g.d.z.s.o.a.h.c.h.i.c.InternalHttpClient - ep-0000001B: endpoint closed
21:53:53.949 [docker-java-stream--1317766102] DEBUG c.g.d.z.s.o.a.h.c.h.i.c.InternalHttpClient - ep-0000001B: discarding endpoint
21:53:53.949 [docker-java-stream--1317766102] DEBUG c.g.d.z.s.o.a.h.c.h.i.i.PoolingHttpClientConnectionManager - ep-0000001B: releasing endpoint
21:53:53.949 [docker-java-stream--1317766102] DEBUG c.g.d.z.s.o.a.h.c.h.i.i.PoolingHttpClientConnectionManager - ep-0000001B: connection is not kept alive
21:53:53.950 [docker-java-stream--1317766102] DEBUG c.g.d.z.s.o.a.h.c.h.i.i.PoolingHttpClientConnectionManager - ep-0000001B: connection released [route: {}-&gt;unix://localhost:2375][total available: 0; route allocated: 0 of 2147483647; total allocated: 0 of 2147483647]
21:53:53.950 [testcontainers-wait-0] DEBUG o.t.s.c.g.d.c.command.AbstrDockerCmd - Cmd: 691e4743a3197ad003d38647ad53f19120af05d7cf053e6dff602c3a563ab626
21:53:53.950 [testcontainers-wait-0] DEBUG o.t.s.c.g.d.c.e.InspectExecCmdExec - GET: DefaultWebTarget{path=[/exec/691e4743a3197ad003d38647ad53f19120af05d7cf053e6dff602c3a563ab626/json], queryParams={}}
21:53:53.950 [testcontainers-wait-0] DEBUG c.g.d.z.s.o.a.h.c.h.i.c.InternalHttpClient - ex-0000001D: preparing request execution
21:53:53.950 [testcontainers-wait-0] DEBUG c.g.d.z.s.o.a.h.c.h.p.RequestAddCookies - Cookie spec selected: strict
21:53:53.950 [testcontainers-wait-0] DEBUG c.g.d.z.s.o.a.h.c.h.p.RequestAuthCache - Auth cache not set in the context
21:53:53.950 [testcontainers-wait-0] DEBUG c.g.d.z.s.o.a.h.c.h.i.c.ProtocolExec - ex-0000001D: target auth state: UNCHALLENGED
21:53:53.950 [testcontainers-wait-0] DEBUG c.g.d.z.s.o.a.h.c.h.i.c.ProtocolExec - ex-0000001D: proxy auth state: UNCHALLENGED
21:53:53.950 [testcontainers-wait-0] DEBUG c.g.d.z.s.o.a.h.c.h.i.c.ConnectExec - ex-0000001D: acquiring connection with route {}-&gt;unix://localhost:2375
21:53:53.950 [testcontainers-wait-0] DEBUG c.g.d.z.s.o.a.h.c.h.i.c.InternalHttpClient - ex-0000001D: acquiring endpoint (3 MINUTES)
21:53:53.950 [testcontainers-wait-0] DEBUG c.g.d.z.s.o.a.h.c.h.i.i.PoolingHttpClientConnectionManager - ex-0000001D: endpoint lease request (3 MINUTES) [route: {}-&gt;unix://localhost:2375][total available: 0; route allocated: 0 of 2147483647; total allocated: 0 of 2147483647]
21:53:53.951 [testcontainers-wait-0] DEBUG c.g.d.z.s.o.a.h.c.h.i.i.PoolingHttpClientConnectionManager - ex-0000001D: endpoint leased [route: {}-&gt;unix://localhost:2375][total available: 0; route allocated: 1 of 2147483647; total allocated: 1 of 2147483647]
21:53:53.951 [testcontainers-wait-0] DEBUG c.g.d.z.s.o.a.h.c.h.i.i.PoolingHttpClientConnectionManager - ex-0000001D: acquired ep-0000001C
21:53:53.951 [testcontainers-wait-0] DEBUG c.g.d.z.s.o.a.h.c.h.i.c.InternalHttpClient - ex-0000001D: acquired endpoint ep-0000001C
21:53:53.951 [testcontainers-wait-0] DEBUG c.g.d.z.s.o.a.h.c.h.i.c.ConnectExec - ex-0000001D: opening connection {}-&gt;unix://localhost:2375
21:53:53.951 [testcontainers-wait-0] DEBUG c.g.d.z.s.o.a.h.c.h.i.c.InternalHttpClient - ep-0000001C: connecting endpoint (3 MINUTES)
21:53:53.951 [testcontainers-wait-0] DEBUG c.g.d.z.s.o.a.h.c.h.i.i.PoolingHttpClientConnectionManager - ep-0000001C: connecting endpoint to unix://localhost:2375 (3 MINUTES)
21:53:53.951 [testcontainers-wait-0] DEBUG c.g.d.z.s.o.a.h.c.h.i.i.DefaultHttpClientConnectionOperator - http-outgoing-4: connecting to localhost/127.0.0.1:2375
21:53:53.951 [testcontainers-wait-0] DEBUG c.g.d.z.s.o.a.h.c.h.i.i.DefaultHttpClientConnectionOperator - http-outgoing-4: connection established 
21:53:53.951 [testcontainers-wait-0] DEBUG c.g.d.z.s.o.a.h.c.h.i.i.PoolingHttpClientConnectionManager - ep-0000001C: connected http-outgoing-4
21:53:53.951 [testcontainers-wait-0] DEBUG c.g.d.z.s.o.a.h.c.h.i.c.InternalHttpClient - ep-0000001C: endpoint connected
21:53:53.951 [testcontainers-wait-0] DEBUG c.g.d.z.s.o.a.h.c.h.i.c.MainClientExec - ex-0000001D: executing GET /v1.32/exec/691e4743a3197ad003d38647ad53f19120af05d7cf053e6dff602c3a563ab626/json HTTP/1.1
21:53:53.952 [testcontainers-wait-0] DEBUG c.g.d.z.s.o.a.h.c.h.i.c.InternalHttpClient - ep-0000001C: start execution ex-0000001D
21:53:53.952 [testcontainers-wait-0] DEBUG c.g.d.z.s.o.a.h.c.h.i.i.PoolingHttpClientConnectionManager - ep-0000001C: executing exchange ex-0000001D over http-outgoing-4
21:53:53.952 [testcontainers-wait-0] DEBUG c.g.d.z.s.o.a.h.client5.http.headers - http-outgoing-4 &gt;&gt; GET /v1.32/exec/691e4743a3197ad003d38647ad53f19120af05d7cf053e6dff602c3a563ab626/json HTTP/1.1
21:53:53.952 [testcontainers-wait-0] DEBUG c.g.d.z.s.o.a.h.client5.http.headers - http-outgoing-4 &gt;&gt; accept: application/json
21:53:53.952 [testcontainers-wait-0] DEBUG c.g.d.z.s.o.a.h.client5.http.headers - http-outgoing-4 &gt;&gt; Accept-Encoding: gzip, x-gzip, deflate
21:53:53.952 [testcontainers-wait-0] DEBUG c.g.d.z.s.o.a.h.client5.http.headers - http-outgoing-4 &gt;&gt; Host: localhost:2375
21:53:53.952 [testcontainers-wait-0] DEBUG c.g.d.z.s.o.a.h.client5.http.headers - http-outgoing-4 &gt;&gt; Connection: keep-alive
21:53:53.952 [testcontainers-wait-0] DEBUG c.g.d.z.s.o.a.h.client5.http.headers - http-outgoing-4 &gt;&gt; User-Agent: Apache-HttpClient/5.0.3 (Java/11.0.13)
21:53:53.952 [testcontainers-wait-0] DEBUG c.g.d.z.s.o.a.hc.client5.http.wire - http-outgoing-4 &gt;&gt; &quot;GET /v1.32/exec/691e4743a3197ad003d38647ad53f19120af05d7cf053e6dff602c3a563ab626/json HTTP/1.1[\r][\n]&quot;
21:53:53.952 [testcontainers-wait-0] DEBUG c.g.d.z.s.o.a.hc.client5.http.wire - http-outgoing-4 &gt;&gt; &quot;accept: application/json[\r][\n]&quot;
21:53:53.952 [testcontainers-wait-0] DEBUG c.g.d.z.s.o.a.hc.client5.http.wire - http-outgoing-4 &gt;&gt; &quot;Accept-Encoding: gzip, x-gzip, deflate[\r][\n]&quot;
21:53:53.952 [testcontainers-wait-0] DEBUG c.g.d.z.s.o.a.hc.client5.http.wire - http-outgoing-4 &gt;&gt; &quot;Host: localhost:2375[\r][\n]&quot;
21:53:53.952 [testcontainers-wait-0] DEBUG c.g.d.z.s.o.a.hc.client5.http.wire - http-outgoing-4 &gt;&gt; &quot;Connection: keep-alive[\r][\n]&quot;
21:53:53.952 [testcontainers-wait-0] DEBUG c.g.d.z.s.o.a.hc.client5.http.wire - http-outgoing-4 &gt;&gt; &quot;User-Agent: Apache-HttpClient/5.0.3 (Java/11.0.13)[\r][\n]&quot;
21:53:53.952 [testcontainers-wait-0] DEBUG c.g.d.z.s.o.a.hc.client5.http.wire - http-outgoing-4 &gt;&gt; &quot;[\r][\n]&quot;
21:53:53.965 [testcontainers-wait-0] DEBUG c.g.d.z.s.o.a.hc.client5.http.wire - http-outgoing-4 &lt;&lt; &quot;HTTP/1.1 200 OK[\r][\n]&quot;
21:53:53.965 [testcontainers-wait-0] DEBUG c.g.d.z.s.o.a.hc.client5.http.wire - http-outgoing-4 &lt;&lt; &quot;Api-Version: 1.41[\r][\n]&quot;
21:53:53.965 [testcontainers-wait-0] DEBUG c.g.d.z.s.o.a.hc.client5.http.wire - http-outgoing-4 &lt;&lt; &quot;Content-Type: application/json[\r][\n]&quot;
21:53:53.965 [testcontainers-wait-0] DEBUG c.g.d.z.s.o.a.hc.client5.http.wire - http-outgoing-4 &lt;&lt; &quot;Docker-Experimental: false[\r][\n]&quot;
21:53:53.965 [testcontainers-wait-0] DEBUG c.g.d.z.s.o.a.hc.client5.http.wire - http-outgoing-4 &lt;&lt; &quot;Ostype: linux[\r][\n]&quot;
21:53:53.965 [testcontainers-wait-0] DEBUG c.g.d.z.s.o.a.hc.client5.http.wire - http-outgoing-4 &lt;&lt; &quot;Server: Docker/20.10.12 (linux)[\r][\n]&quot;
21:53:53.966 [testcontainers-wait-0] DEBUG c.g.d.z.s.o.a.hc.client5.http.wire - http-outgoing-4 &lt;&lt; &quot;Date: Sun, 13 Feb 2022 20:53:53 GMT[\r][\n]&quot;
21:53:53.967 [testcontainers-wait-0] DEBUG c.g.d.z.s.o.a.hc.client5.http.wire - http-outgoing-4 &lt;&lt; &quot;Content-Length: 543[\r][\n]&quot;
21:53:53.967 [testcontainers-wait-0] DEBUG c.g.d.z.s.o.a.hc.client5.http.wire - http-outgoing-4 &lt;&lt; &quot;[\r][\n]&quot;
21:53:53.967 [testcontainers-wait-0] DEBUG c.g.d.z.s.o.a.hc.client5.http.wire - http-outgoing-4 &lt;&lt; &quot;{&quot;ID&quot;:&quot;691e4743a3197ad003d38647ad53f19120af05d7cf053e6dff602c3a563ab626&quot;,&quot;Running&quot;:false,&quot;ExitCode&quot;:0,&quot;ProcessConfig&quot;:{&quot;tty&quot;:false,&quot;entrypoint&quot;:&quot;/bin/sh&quot;,&quot;arguments&quot;:[&quot;-c&quot;,&quot;while true; do ( true  &amp;&amp;  (grep -i &apos;:0*1f90&apos; /proc/net/tcp* || nc -vz -w 1 localhost 8080 || /bin/bash -c &apos;&lt;/dev/tcp/localhost/8080&apos;) ) &amp;&amp; exit 0 || sleep 0.1; done&quot;],&quot;privileged&quot;:false},&quot;OpenStdin&quot;:false,&quot;OpenStderr&quot;:true,&quot;OpenStdout&quot;:true,&quot;CanRemove&quot;:false,&quot;ContainerID&quot;:&quot;8321666f751f7c7d05be71fc2275963d0c8e38f637385481cc2ad563c34c860a&quot;,&quot;DetachKeys&quot;:&quot;&quot;,&quot;Pid&quot;:60744}[\n]&quot;
21:53:53.967 [testcontainers-wait-0] DEBUG c.g.d.z.s.o.a.h.client5.http.headers - http-outgoing-4 &lt;&lt; HTTP/1.1 200 OK
21:53:53.967 [testcontainers-wait-0] DEBUG c.g.d.z.s.o.a.h.client5.http.headers - http-outgoing-4 &lt;&lt; Api-Version: 1.41
21:53:53.967 [testcontainers-wait-0] DEBUG c.g.d.z.s.o.a.h.client5.http.headers - http-outgoing-4 &lt;&lt; Content-Type: application/json
21:53:53.967 [testcontainers-wait-0] DEBUG c.g.d.z.s.o.a.h.client5.http.headers - http-outgoing-4 &lt;&lt; Docker-Experimental: false
21:53:53.967 [testcontainers-wait-0] DEBUG c.g.d.z.s.o.a.h.client5.http.headers - http-outgoing-4 &lt;&lt; Ostype: linux
21:53:53.967 [testcontainers-wait-0] DEBUG c.g.d.z.s.o.a.h.client5.http.headers - http-outgoing-4 &lt;&lt; Server: Docker/20.10.12 (linux)
21:53:53.967 [testcontainers-wait-0] DEBUG c.g.d.z.s.o.a.h.client5.http.headers - http-outgoing-4 &lt;&lt; Date: Sun, 13 Feb 2022 20:53:53 GMT
21:53:53.967 [testcontainers-wait-0] DEBUG c.g.d.z.s.o.a.h.client5.http.headers - http-outgoing-4 &lt;&lt; Content-Length: 543
21:53:53.968 [testcontainers-wait-0] DEBUG c.g.d.z.s.o.a.h.c.h.i.c.MainClientExec - ex-0000001D: connection can be kept alive for 3 MINUTES
21:53:53.972 [testcontainers-wait-0] DEBUG c.g.d.z.s.o.a.h.c.h.i.c.InternalHttpClient - ep-0000001C: releasing valid endpoint
21:53:53.972 [testcontainers-wait-0] DEBUG c.g.d.z.s.o.a.h.c.h.i.i.PoolingHttpClientConnectionManager - ep-0000001C: releasing endpoint
21:53:53.972 [testcontainers-wait-0] DEBUG c.g.d.z.s.o.a.h.c.h.i.i.PoolingHttpClientConnectionManager - ep-0000001C: connection http-outgoing-4 can be kept alive for 3 MINUTES
21:53:53.972 [testcontainers-wait-0] DEBUG c.g.d.z.s.o.a.h.c.h.i.i.PoolingHttpClientConnectionManager - ep-0000001C: connection released [route: {}-&gt;unix://localhost:2375][total available: 1; route allocated: 1 of 2147483647; total allocated: 1 of 2147483647]
21:53:53.978 [testcontainers-wait-0] DEBUG o.t.c.w.s.HostPortWaitStrategy - Internal port check passed for [8080] in PT36.179135S
21:53:53.978 [main] INFO  üê≥ [mailysm/menu-server:1.0.0] - Container mailysm/menu-server:1.0.0 started in PT37.833539S
DeleteMenu
http://localhost:49193/menus/0
Une erreur est survenue...
404
21:53:54.502 [main] DEBUG o.t.s.c.g.d.c.command.AbstrDockerCmd - Cmd: 8321666f751f7c7d05be71fc2275963d0c8e38f637385481cc2ad563c34c860a,false
21:53:54.502 [main] DEBUG o.t.s.c.g.d.c.e.InspectContainerCmdExec - GET: DefaultWebTarget{path=[/containers/8321666f751f7c7d05be71fc2275963d0c8e38f637385481cc2ad563c34c860a/json], queryParams={}}
21:53:54.502 [main] DEBUG c.g.d.z.s.o.a.h.c.h.i.c.InternalHttpClient - ex-0000001E: preparing request execution
21:53:54.502 [main] DEBUG c.g.d.z.s.o.a.h.c.h.p.RequestAddCookies - Cookie spec selected: strict
21:53:54.502 [main] DEBUG c.g.d.z.s.o.a.h.c.h.p.RequestAuthCache - Auth cache not set in the context
21:53:54.502 [main] DEBUG c.g.d.z.s.o.a.h.c.h.i.c.ProtocolExec - ex-0000001E: target auth state: UNCHALLENGED
21:53:54.502 [main] DEBUG c.g.d.z.s.o.a.h.c.h.i.c.ProtocolExec - ex-0000001E: proxy auth state: UNCHALLENGED
21:53:54.502 [main] DEBUG c.g.d.z.s.o.a.h.c.h.i.c.ConnectExec - ex-0000001E: acquiring connection with route {}-&gt;unix://localhost:2375
21:53:54.502 [main] DEBUG c.g.d.z.s.o.a.h.c.h.i.c.InternalHttpClient - ex-0000001E: acquiring endpoint (3 MINUTES)
21:53:54.502 [main] DEBUG c.g.d.z.s.o.a.h.c.h.i.i.PoolingHttpClientConnectionManager - ex-0000001E: endpoint lease request (3 MINUTES) [route: {}-&gt;unix://localhost:2375][total available: 1; route allocated: 1 of 2147483647; total allocated: 1 of 2147483647]
21:53:54.503 [main] DEBUG c.g.d.z.s.o.a.h.c.h.i.i.PoolingHttpClientConnectionManager - ex-0000001E: endpoint leased [route: {}-&gt;unix://localhost:2375][total available: 0; route allocated: 1 of 2147483647; total allocated: 1 of 2147483647]
21:53:54.508 [main] DEBUG c.g.d.z.s.o.a.h.c.h.i.i.PoolingHttpClientConnectionManager - ex-0000001E: acquired ep-0000001D
21:53:54.512 [main] DEBUG c.g.d.z.s.o.a.h.c.h.i.c.InternalHttpClient - ex-0000001E: acquired endpoint ep-0000001D
21:53:54.512 [main] DEBUG c.g.d.z.s.o.a.h.c.h.i.c.MainClientExec - ex-0000001E: executing GET /v1.32/containers/8321666f751f7c7d05be71fc2275963d0c8e38f637385481cc2ad563c34c860a/json HTTP/1.1
21:53:54.512 [main] DEBUG c.g.d.z.s.o.a.h.c.h.i.c.InternalHttpClient - ep-0000001D: start execution ex-0000001E
21:53:54.512 [main] DEBUG c.g.d.z.s.o.a.h.c.h.i.i.PoolingHttpClientConnectionManager - ep-0000001D: executing exchange ex-0000001E over http-outgoing-4
21:53:54.512 [main] DEBUG c.g.d.z.s.o.a.h.client5.http.headers - http-outgoing-4 &gt;&gt; GET /v1.32/containers/8321666f751f7c7d05be71fc2275963d0c8e38f637385481cc2ad563c34c860a/json HTTP/1.1
21:53:54.513 [main] DEBUG c.g.d.z.s.o.a.h.client5.http.headers - http-outgoing-4 &gt;&gt; accept: application/json
21:53:54.513 [main] DEBUG c.g.d.z.s.o.a.h.client5.http.headers - http-outgoing-4 &gt;&gt; Accept-Encoding: gzip, x-gzip, deflate
21:53:54.513 [main] DEBUG c.g.d.z.s.o.a.h.client5.http.headers - http-outgoing-4 &gt;&gt; Host: localhost:2375
21:53:54.513 [main] DEBUG c.g.d.z.s.o.a.h.client5.http.headers - http-outgoing-4 &gt;&gt; Connection: keep-alive
21:53:54.513 [main] DEBUG c.g.d.z.s.o.a.h.client5.http.headers - http-outgoing-4 &gt;&gt; User-Agent: Apache-HttpClient/5.0.3 (Java/11.0.13)
21:53:54.513 [main] DEBUG c.g.d.z.s.o.a.hc.client5.http.wire - http-outgoing-4 &gt;&gt; &quot;GET /v1.32/containers/8321666f751f7c7d05be71fc2275963d0c8e38f637385481cc2ad563c34c860a/json HTTP/1.1[\r][\n]&quot;
21:53:54.515 [main] DEBUG c.g.d.z.s.o.a.hc.client5.http.wire - http-outgoing-4 &gt;&gt; &quot;accept: application/json[\r][\n]&quot;
21:53:54.515 [main] DEBUG c.g.d.z.s.o.a.hc.client5.http.wire - http-outgoing-4 &gt;&gt; &quot;Accept-Encoding: gzip, x-gzip, deflate[\r][\n]&quot;
21:53:54.515 [main] DEBUG c.g.d.z.s.o.a.hc.client5.http.wire - http-outgoing-4 &gt;&gt; &quot;Host: localhost:2375[\r][\n]&quot;
21:53:54.515 [main] DEBUG c.g.d.z.s.o.a.hc.client5.http.wire - http-outgoing-4 &gt;&gt; &quot;Connection: keep-alive[\r][\n]&quot;
21:53:54.515 [main] DEBUG c.g.d.z.s.o.a.hc.client5.http.wire - http-outgoing-4 &gt;&gt; &quot;User-Agent: Apache-HttpClient/5.0.3 (Java/11.0.13)[\r][\n]&quot;
21:53:54.515 [main] DEBUG c.g.d.z.s.o.a.hc.client5.http.wire - http-outgoing-4 &gt;&gt; &quot;[\r][\n]&quot;
21:53:54.515 [main] DEBUG c.g.d.z.s.o.a.hc.client5.http.wire - http-outgoing-4 &lt;&lt; &quot;HTTP/1.1 200 OK[\r][\n]&quot;
21:53:54.516 [main] DEBUG c.g.d.z.s.o.a.hc.client5.http.wire - http-outgoing-4 &lt;&lt; &quot;Api-Version: 1.41[\r][\n]&quot;
21:53:54.516 [main] DEBUG c.g.d.z.s.o.a.hc.client5.http.wire - http-outgoing-4 &lt;&lt; &quot;Content-Type: application/json[\r][\n]&quot;
21:53:54.516 [main] DEBUG c.g.d.z.s.o.a.hc.client5.http.wire - http-outgoing-4 &lt;&lt; &quot;Docker-Experimental: false[\r][\n]&quot;
21:53:54.516 [main] DEBUG c.g.d.z.s.o.a.hc.client5.http.wire - http-outgoing-4 &lt;&lt; &quot;Ostype: linux[\r][\n]&quot;
21:53:54.516 [main] DEBUG c.g.d.z.s.o.a.hc.client5.http.wire - http-outgoing-4 &lt;&lt; &quot;Server: Docker/20.10.12 (linux)[\r][\n]&quot;
21:53:54.516 [main] DEBUG c.g.d.z.s.o.a.hc.client5.http.wire - http-outgoing-4 &lt;&lt; &quot;Date: Sun, 13 Feb 2022 20:53:54 GMT[\r][\n]&quot;
21:53:54.516 [main] DEBUG c.g.d.z.s.o.a.hc.client5.http.wire - http-outgoing-4 &lt;&lt; &quot;Transfer-Encoding: chunked[\r][\n]&quot;
21:53:54.516 [main] DEBUG c.g.d.z.s.o.a.hc.client5.http.wire - http-outgoing-4 &lt;&lt; &quot;[\r][\n]&quot;
21:53:54.516 [main] DEBUG c.g.d.z.s.o.a.hc.client5.http.wire - http-outgoing-4 &lt;&lt; &quot;145a[\r][\n]&quot;
21:53:54.516 [main] DEBUG c.g.d.z.s.o.a.hc.client5.http.wire - http-outgoing-4 &lt;&lt; &quot;{&quot;Id&quot;:&quot;8321666f751f7c7d05be71fc2275963d0c8e38f637385481cc2ad563c34c860a&quot;,&quot;Created&quot;:&quot;2022-02-13T20:53:16.20401655Z&quot;,&quot;Path&quot;:&quot;java&quot;,&quot;Args&quot;:[&quot;-jar&quot;,&quot;/opt/app/menu-server.jar&quot;,&quot;--server.port=8080&quot;],&quot;State&quot;:{&quot;Status&quot;:&quot;running&quot;,&quot;Running&quot;:true,&quot;Paused&quot;:false,&quot;Restarting&quot;:false,&quot;OOMKilled&quot;:false,&quot;Dead&quot;:false,&quot;Pid&quot;:60687,&quot;ExitCode&quot;:0,&quot;Error&quot;:&quot;&quot;,&quot;StartedAt&quot;:&quot;2022-02-13T20:53:17.660161305Z&quot;,&quot;FinishedAt&quot;:&quot;0001-01-01T00:00:00Z&quot;},&quot;Image&quot;:&quot;sha256:35ab7218180bf82c747ec97428348ff28028aebb6b860f6cff6cd03d1cef9f37&quot;,&quot;ResolvConfPath&quot;:&quot;/var/lib/docker/containers/8321666f751f7c7d05be71fc2275963d0c8e38f637385481cc2ad563c34c860a/resolv.conf&quot;,&quot;HostnamePath&quot;:&quot;/var/lib/docker/containers/8321666f751f7c7d05be71fc2275963d0c8e38f637385481cc2ad563c34c860a/hostname&quot;,&quot;HostsPath&quot;:&quot;/var/lib/docker/containers/8321666f751f7c7d05be71fc2275963d0c8e38f637385481cc2ad563c34c860a/hosts&quot;,&quot;LogPath&quot;:&quot;/var/lib/docker/containers/8321666f751f7c7d05be71fc2275963d0c8e38f637385481cc2ad563c34c860a/8321666f751f7c7d05be71fc2275963d0c8e38f637385481cc2ad563c34c860a-json.log&quot;,&quot;Name&quot;:&quot;/distracted_golick&quot;,&quot;RestartCount&quot;:0,&quot;Driver&quot;:&quot;overlay2&quot;,&quot;Platform&quot;:&quot;linux&quot;,&quot;MountLabel&quot;:&quot;&quot;,&quot;ProcessLabel&quot;:&quot;&quot;,&quot;AppArmorProfile&quot;:&quot;docker-default&quot;,&quot;ExecIDs&quot;:null,&quot;HostConfig&quot;:{&quot;Binds&quot;:[],&quot;ContainerIDFile&quot;:&quot;&quot;,&quot;LogConfig&quot;:{&quot;Type&quot;:&quot;json-file&quot;,&quot;Config&quot;:{}},&quot;NetworkMode&quot;:&quot;default&quot;,&quot;PortBindings&quot;:{&quot;8080/tcp&quot;:[{&quot;HostIp&quot;:&quot;&quot;,&quot;HostPort&quot;:&quot;&quot;}]},&quot;RestartPolicy&quot;:{&quot;Name&quot;:&quot;&quot;,&quot;MaximumRetryCount&quot;:0},&quot;AutoRemove&quot;:false,&quot;VolumeDriver&quot;:&quot;&quot;,&quot;VolumesFrom&quot;:[],&quot;CapAdd&quot;:null,&quot;CapDrop&quot;:null,&quot;CgroupnsMode&quot;:&quot;host&quot;,&quot;Dns&quot;:null,&quot;DnsOptions&quot;:null,&quot;DnsSearch&quot;:null,&quot;ExtraHosts&quot;:[],&quot;GroupAdd&quot;:null,&quot;IpcMode&quot;:&quot;shareable&quot;,&quot;Cgroup&quot;:&quot;&quot;,&quot;Links&quot;:null,&quot;OomScoreAdj&quot;:0,&quot;PidMode&quot;:&quot;&quot;,&quot;Privileged&quot;:false,&quot;PublishAllPorts&quot;:false,&quot;ReadonlyRootfs&quot;:false,&quot;SecurityOpt&quot;:null,&quot;UTSMode&quot;:&quot;&quot;,&quot;UsernsMode&quot;:&quot;&quot;,&quot;ShmSize&quot;:67108864,&quot;Runtime&quot;:&quot;runc&quot;,&quot;ConsoleSize&quot;:[0,0],&quot;Isolation&quot;:&quot;&quot;,&quot;CpuShares&quot;:0,&quot;Memory&quot;:0,&quot;NanoCpus&quot;:0,&quot;CgroupParent&quot;:&quot;&quot;,&quot;BlkioWeight&quot;:0,&quot;BlkioWeightDevice&quot;:null,&quot;BlkioDeviceReadBps&quot;:null,&quot;BlkioDeviceWriteBps&quot;:null,&quot;BlkioDeviceReadIOps&quot;:null,&quot;BlkioDeviceWriteIOps&quot;:null,&quot;CpuPeriod&quot;:0,&quot;CpuQuota&quot;:0,&quot;CpuRealtimePeriod&quot;:0,&quot;CpuRealtimeRuntime&quot;:0,&quot;CpusetCpus&quot;:&quot;&quot;,&quot;CpusetMems&quot;:&quot;&quot;,&quot;Devices&quot;:null,&quot;DeviceCgroupRules&quot;:null,&quot;DeviceRequests&quot;:null,&quot;KernelMemory&quot;:0,&quot;KernelMemoryTCP&quot;:0,&quot;MemoryReservation&quot;:0,&quot;MemorySwap&quot;:0,&quot;MemorySwappiness&quot;:null,&quot;OomKillDisable&quot;:false,&quot;PidsLimit&quot;:null,&quot;Ulimits&quot;:null,&quot;CpuCount&quot;:0,&quot;CpuPercent&quot;:0,&quot;IOMaximumIOps&quot;:0,&quot;IOMaximumBandwidth&quot;:0,&quot;MaskedPaths&quot;:[&quot;/proc/asound&quot;,&quot;/proc/acpi&quot;,&quot;/proc/kcore&quot;,&quot;/proc/keys&quot;,&quot;/proc/latency_stats&quot;,&quot;/proc/timer_list&quot;,&quot;/proc/timer_stats&quot;,&quot;/proc/sched_debug&quot;,&quot;/proc/scsi&quot;,&quot;/sys/firmware&quot;],&quot;ReadonlyPaths&quot;:[&quot;/proc/bus&quot;,&quot;/proc/fs&quot;,&quot;/proc/irq&quot;,&quot;/proc/sys&quot;,&quot;/proc/sysrq-trigger&quot;]},&quot;GraphDriver&quot;:{&quot;Data&quot;:{&quot;LowerDir&quot;:&quot;/var/lib/docker/overlay2/8bfaf9421773321ced6736545c0569ab56b047594f940d2cd9896a5637fb3b38-init/diff:/var/lib/docker/overlay2/b55ba49ce0a253837ca2f311ae89d6e2747163dfca37054daada71ac77a97d88/diff:/var/lib/docker/overlay2/84f1f4ada2daa8441cfcea481c746025190200e4b4e0cdbbc9c2e5de040b4985/diff:/var/lib/docker/overlay2/b6de60f3e8585c90976a17d31a0fe98cfbe4648dea139805da15e886bf52280e/diff&quot;,&quot;MergedDir&quot;:&quot;/var/lib/docker/overlay2/8bfaf9421773321ced6736545c0569ab56b047594f940d2cd9896a5637fb3b38/merged&quot;,&quot;UpperDir&quot;:&quot;/var/lib/docker/overlay2/8bfaf9421773321ced6736545c0569ab56b047594f940d2cd9896a5637fb3b38/diff&quot;,&quot;WorkDir&quot;:&quot;/var/lib/docker/overlay2/8bfaf9421773321ced6736545c0569ab56b047594f940d2cd9896a5637fb3b38/work&quot;},&quot;Name&quot;:&quot;overlay2&quot;},&quot;Mounts&quot;:[],&quot;Config&quot;:{&quot;Hostname&quot;:&quot;8321666f751f&quot;,&quot;Domainname&quot;:&quot;&quot;,&quot;User&quot;:&quot;&quot;,&quot;AttachStdin&quot;:false,&quot;AttachStdout&quot;:false,&quot;AttachStderr&quot;:false,&quot;ExposedPorts&quot;:{&quot;8080/tcp&quot;:{}},&quot;Tty&quot;:false,&quot;OpenStdin&quot;:false,&quot;StdinOnce&quot;:false,&quot;Env&quot;:[&quot;PATH=/usr/local/sbin:/usr/local/bin:/usr/sbin:/usr/bin:/sbin:/bin&quot;,&quot;LANG=en_US.UTF-8&quot;,&quot;LANGUAGE=en_US:en&quot;,&quot;LC_ALL=en_US.UTF-8&quot;,&quot;JAVA_HOME=/usr/lib/jvm/zulu11-ca-amd64&quot;],&quot;Cmd&quot;:[&quot;java&quot;,&quot;-jar&quot;,&quot;/opt/app/menu-server.jar&quot;,&quot;--server.port=8080&quot;],&quot;Image&quot;:&quot;mailysm/menu-server:1.0.0&quot;,&quot;Volumes&quot;:null,&quot;WorkingDir&quot;:&quot;&quot;,&quot;Entrypoint&quot;:null,&quot;OnBuild&quot;:null,&quot;Labels&quot;:{&quot;org.testcontainers&quot;:&quot;true&quot;,&quot;org.testcontainers.sessionId&quot;:&quot;6d71591a-05bc-4505-bca8-a2037877e4d2&quot;}},&quot;NetworkSettings&quot;:{&quot;Bridge&quot;:&quot;&quot;,&quot;SandboxID&quot;:&quot;ed5437008717f524f9ed729d7e047d0cf124a1d19090e5edad00413e6df60997&quot;,&quot;HairpinMode&quot;:false,&quot;LinkLocalIPv6Address&quot;:&quot;&quot;,&quot;LinkLocalIPv6PrefixLen&quot;:0,&quot;Ports&quot;:{&quot;8080/tcp&quot;:[{&quot;HostIp&quot;:&quot;0.0.0.0&quot;,&quot;HostPort&quot;:&quot;49193&quot;},{&quot;HostIp&quot;:&quot;::&quot;,&quot;HostPort&quot;:&quot;49193&quot;}]},&quot;SandboxKey&quot;:&quot;/var/run/docker/netns/ed5437008717&quot;,&quot;SecondaryIPAddresses&quot;:null,&quot;SecondaryIPv6Addresses&quot;:null,&quot;EndpointID&quot;:&quot;5ac0245f5385233f53bbd5f1cd9f70b69e736464dafc4ce83a30bd589669da7f&quot;,&quot;Gateway&quot;:&quot;172.17.0.1&quot;,&quot;GlobalIPv6Address&quot;:&quot;&quot;,&quot;GlobalIPv6PrefixLen&quot;:0,&quot;IPAddress&quot;:&quot;172.17.0.3&quot;,&quot;IPPrefixLen&quot;:16,&quot;IPv6Gateway&quot;:&quot;&quot;,&quot;MacAddress&quot;:&quot;02:42:ac:11:00:03&quot;,&quot;Networks&quot;:{&quot;bridge&quot;:{&quot;IPAMConfig&quot;:null,&quot;Links&quot;:null,&quot;Aliases&quot;:null,&quot;NetworkID&quot;:&quot;7fea8d8f25168661bbec75b303f62f73cfb20a15e4c52abad652a1b1174bf236&quot;,&quot;EndpointID&quot;:&quot;5ac0245f5385233f53bbd5f1cd9f70b69e736464dafc4ce83a30bd589669da7f&quot;,&quot;Gateway&quot;:&quot;172.17.0.1&quot;,&quot;IPAddress&quot;:&quot;172.17.0.3&quot;,&quot;IPPrefixLen&quot;:16,&quot;IPv6Gateway&quot;:&quot;&quot;,&quot;GlobalIPv6Address&quot;:&quot;&quot;,&quot;GlobalIPv6PrefixLen&quot;:0,&quot;MacAddress&quot;:&quot;02:42:ac:11:00:03&quot;,&quot;DriverOpts&quot;:null}}}}[\n]&quot;
21:53:54.520 [main] DEBUG c.g.d.z.s.o.a.hc.client5.http.wire - http-outgoing-4 &lt;&lt; &quot;[\r][\n]&quot;
21:53:54.520 [main] DEBUG c.g.d.z.s.o.a.hc.client5.http.wire - http-outgoing-4 &lt;&lt; &quot;0[\r][\n]&quot;
21:53:54.520 [main] DEBUG c.g.d.z.s.o.a.hc.client5.http.wire - http-outgoing-4 &lt;&lt; &quot;[\r][\n]&quot;
21:53:54.521 [main] DEBUG c.g.d.z.s.o.a.h.client5.http.headers - http-outgoing-4 &lt;&lt; HTTP/1.1 200 OK
21:53:54.521 [main] DEBUG c.g.d.z.s.o.a.h.client5.http.headers - http-outgoing-4 &lt;&lt; Api-Version: 1.41
21:53:54.521 [main] DEBUG c.g.d.z.s.o.a.h.client5.http.headers - http-outgoing-4 &lt;&lt; Content-Type: application/json
21:53:54.521 [main] DEBUG c.g.d.z.s.o.a.h.client5.http.headers - http-outgoing-4 &lt;&lt; Docker-Experimental: false
21:53:54.522 [main] DEBUG c.g.d.z.s.o.a.h.client5.http.headers - http-outgoing-4 &lt;&lt; Ostype: linux
21:53:54.522 [main] DEBUG c.g.d.z.s.o.a.h.client5.http.headers - http-outgoing-4 &lt;&lt; Server: Docker/20.10.12 (linux)
21:53:54.522 [main] DEBUG c.g.d.z.s.o.a.h.client5.http.headers - http-outgoing-4 &lt;&lt; Date: Sun, 13 Feb 2022 20:53:54 GMT
21:53:54.522 [main] DEBUG c.g.d.z.s.o.a.h.client5.http.headers - http-outgoing-4 &lt;&lt; Transfer-Encoding: chunked
21:53:54.522 [main] DEBUG c.g.d.z.s.o.a.h.c.h.i.c.MainClientExec - ex-0000001E: connection can be kept alive for 3 MINUTES
21:53:54.550 [main] DEBUG c.g.d.z.s.o.a.h.c.h.i.c.InternalHttpClient - ep-0000001D: releasing valid endpoint
21:53:54.550 [main] DEBUG c.g.d.z.s.o.a.h.c.h.i.i.PoolingHttpClientConnectionManager - ep-0000001D: releasing endpoint
21:53:54.550 [main] DEBUG c.g.d.z.s.o.a.h.c.h.i.i.PoolingHttpClientConnectionManager - ep-0000001D: connection http-outgoing-4 can be kept alive for 3 MINUTES
21:53:54.550 [main] DEBUG c.g.d.z.s.o.a.h.c.h.i.i.PoolingHttpClientConnectionManager - ep-0000001D: connection released [route: {}-&gt;unix://localhost:2375][total available: 1; route allocated: 1 of 2147483647; total allocated: 1 of 2147483647]
21:53:54.550 [main] DEBUG o.t.s.c.g.d.c.command.AbstrDockerCmd - Cmd: 8321666f751f7c7d05be71fc2275963d0c8e38f637385481cc2ad563c34c860a,&lt;null&gt;
21:53:54.551 [main] DEBUG c.g.d.z.s.o.a.h.c.h.i.c.InternalHttpClient - ex-0000001F: preparing request execution
21:53:54.553 [main] DEBUG c.g.d.z.s.o.a.h.c.h.p.RequestAddCookies - Cookie spec selected: strict
21:53:54.553 [main] DEBUG c.g.d.z.s.o.a.h.c.h.p.RequestAuthCache - Auth cache not set in the context
21:53:54.556 [main] DEBUG c.g.d.z.s.o.a.h.c.h.i.c.ProtocolExec - ex-0000001F: target auth state: UNCHALLENGED
21:53:54.556 [main] DEBUG c.g.d.z.s.o.a.h.c.h.i.c.ProtocolExec - ex-0000001F: proxy auth state: UNCHALLENGED
21:53:54.556 [main] DEBUG c.g.d.z.s.o.a.h.c.h.i.c.ConnectExec - ex-0000001F: acquiring connection with route {}-&gt;unix://localhost:2375
21:53:54.556 [main] DEBUG c.g.d.z.s.o.a.h.c.h.i.c.InternalHttpClient - ex-0000001F: acquiring endpoint (3 MINUTES)
21:53:54.557 [main] DEBUG c.g.d.z.s.o.a.h.c.h.i.i.PoolingHttpClientConnectionManager - ex-0000001F: endpoint lease request (3 MINUTES) [route: {}-&gt;unix://localhost:2375][total available: 1; route allocated: 1 of 2147483647; total allocated: 1 of 2147483647]
21:53:54.559 [main] DEBUG c.g.d.z.s.o.a.h.c.h.i.i.PoolingHttpClientConnectionManager - ex-0000001F: endpoint leased [route: {}-&gt;unix://localhost:2375][total available: 0; route allocated: 1 of 2147483647; total allocated: 1 of 2147483647]
21:53:54.559 [main] DEBUG c.g.d.z.s.o.a.h.c.h.i.i.PoolingHttpClientConnectionManager - ex-0000001F: acquired ep-0000001E
21:53:54.559 [main] DEBUG c.g.d.z.s.o.a.h.c.h.i.c.InternalHttpClient - ex-0000001F: acquired endpoint ep-0000001E
21:53:54.559 [main] DEBUG c.g.d.z.s.o.a.h.c.h.i.c.MainClientExec - ex-0000001F: executing POST /v1.32/containers/8321666f751f7c7d05be71fc2275963d0c8e38f637385481cc2ad563c34c860a/kill HTTP/1.1
21:53:54.559 [main] DEBUG c.g.d.z.s.o.a.h.c.h.i.c.InternalHttpClient - ep-0000001E: start execution ex-0000001F
21:53:54.560 [main] DEBUG c.g.d.z.s.o.a.h.c.h.i.i.PoolingHttpClientConnectionManager - ep-0000001E: executing exchange ex-0000001F over http-outgoing-4
21:53:54.560 [main] DEBUG c.g.d.z.s.o.a.h.client5.http.headers - http-outgoing-4 &gt;&gt; POST /v1.32/containers/8321666f751f7c7d05be71fc2275963d0c8e38f637385481cc2ad563c34c860a/kill HTTP/1.1
21:53:54.560 [main] DEBUG c.g.d.z.s.o.a.h.client5.http.headers - http-outgoing-4 &gt;&gt; accept: application/json
21:53:54.560 [main] DEBUG c.g.d.z.s.o.a.h.client5.http.headers - http-outgoing-4 &gt;&gt; content-type: application/json
21:53:54.560 [main] DEBUG c.g.d.z.s.o.a.h.client5.http.headers - http-outgoing-4 &gt;&gt; Accept-Encoding: gzip, x-gzip, deflate
21:53:54.560 [main] DEBUG c.g.d.z.s.o.a.h.client5.http.headers - http-outgoing-4 &gt;&gt; Host: localhost:2375
21:53:54.560 [main] DEBUG c.g.d.z.s.o.a.h.client5.http.headers - http-outgoing-4 &gt;&gt; Connection: keep-alive
21:53:54.560 [main] DEBUG c.g.d.z.s.o.a.h.client5.http.headers - http-outgoing-4 &gt;&gt; User-Agent: Apache-HttpClient/5.0.3 (Java/11.0.13)
21:53:54.561 [main] DEBUG c.g.d.z.s.o.a.hc.client5.http.wire - http-outgoing-4 &gt;&gt; &quot;POST /v1.32/containers/8321666f751f7c7d05be71fc2275963d0c8e38f637385481cc2ad563c34c860a/kill HTTP/1.1[\r][\n]&quot;
21:53:54.561 [main] DEBUG c.g.d.z.s.o.a.hc.client5.http.wire - http-outgoing-4 &gt;&gt; &quot;accept: application/json[\r][\n]&quot;
21:53:54.562 [main] DEBUG c.g.d.z.s.o.a.hc.client5.http.wire - http-outgoing-4 &gt;&gt; &quot;content-type: application/json[\r][\n]&quot;
21:53:54.562 [main] DEBUG c.g.d.z.s.o.a.hc.client5.http.wire - http-outgoing-4 &gt;&gt; &quot;Accept-Encoding: gzip, x-gzip, deflate[\r][\n]&quot;
21:53:54.562 [main] DEBUG c.g.d.z.s.o.a.hc.client5.http.wire - http-outgoing-4 &gt;&gt; &quot;Host: localhost:2375[\r][\n]&quot;
21:53:54.562 [main] DEBUG c.g.d.z.s.o.a.hc.client5.http.wire - http-outgoing-4 &gt;&gt; &quot;Connection: keep-alive[\r][\n]&quot;
21:53:54.562 [main] DEBUG c.g.d.z.s.o.a.hc.client5.http.wire - http-outgoing-4 &gt;&gt; &quot;User-Agent: Apache-HttpClient/5.0.3 (Java/11.0.13)[\r][\n]&quot;
21:53:54.562 [main] DEBUG c.g.d.z.s.o.a.hc.client5.http.wire - http-outgoing-4 &gt;&gt; &quot;[\r][\n]&quot;
21:53:54.936 [main] DEBUG c.g.d.z.s.o.a.hc.client5.http.wire - http-outgoing-4 &lt;&lt; &quot;HTTP/1.1 204 No Content[\r][\n]&quot;
21:53:54.936 [main] DEBUG c.g.d.z.s.o.a.hc.client5.http.wire - http-outgoing-4 &lt;&lt; &quot;Api-Version: 1.41[\r][\n]&quot;
21:53:54.936 [main] DEBUG c.g.d.z.s.o.a.hc.client5.http.wire - http-outgoing-4 &lt;&lt; &quot;Docker-Experimental: false[\r][\n]&quot;
21:53:54.936 [main] DEBUG c.g.d.z.s.o.a.hc.client5.http.wire - http-outgoing-4 &lt;&lt; &quot;Ostype: linux[\r][\n]&quot;
21:53:54.936 [main] DEBUG c.g.d.z.s.o.a.hc.client5.http.wire - http-outgoing-4 &lt;&lt; &quot;Server: Docker/20.10.12 (linux)[\r][\n]&quot;
21:53:54.936 [main] DEBUG c.g.d.z.s.o.a.hc.client5.http.wire - http-outgoing-4 &lt;&lt; &quot;Date: Sun, 13 Feb 2022 20:53:54 GMT[\r][\n]&quot;
21:53:54.936 [main] DEBUG c.g.d.z.s.o.a.hc.client5.http.wire - http-outgoing-4 &lt;&lt; &quot;[\r][\n]&quot;
21:53:54.938 [main] DEBUG c.g.d.z.s.o.a.h.client5.http.headers - http-outgoing-4 &lt;&lt; HTTP/1.1 204 No Content
21:53:54.938 [main] DEBUG c.g.d.z.s.o.a.h.client5.http.headers - http-outgoing-4 &lt;&lt; Api-Version: 1.41
21:53:54.938 [main] DEBUG c.g.d.z.s.o.a.h.client5.http.headers - http-outgoing-4 &lt;&lt; Docker-Experimental: false
21:53:54.938 [main] DEBUG c.g.d.z.s.o.a.h.client5.http.headers - http-outgoing-4 &lt;&lt; Ostype: linux
21:53:54.938 [main] DEBUG c.g.d.z.s.o.a.h.client5.http.headers - http-outgoing-4 &lt;&lt; Server: Docker/20.10.12 (linux)
21:53:54.938 [main] DEBUG c.g.d.z.s.o.a.h.client5.http.headers - http-outgoing-4 &lt;&lt; Date: Sun, 13 Feb 2022 20:53:54 GMT
21:53:54.938 [main] DEBUG c.g.d.z.s.o.a.h.c.h.i.c.MainClientExec - ex-0000001F: connection can be kept alive for 3 MINUTES
21:53:54.938 [main] DEBUG c.g.d.z.s.o.a.h.c.h.i.c.InternalHttpClient - ep-0000001E: releasing valid endpoint
21:53:54.938 [main] DEBUG c.g.d.z.s.o.a.h.c.h.i.i.PoolingHttpClientConnectionManager - ep-0000001E: releasing endpoint
21:53:54.938 [main] DEBUG c.g.d.z.s.o.a.h.c.h.i.i.PoolingHttpClientConnectionManager - ep-0000001E: connection http-outgoing-4 can be kept alive for 3 MINUTES
21:53:54.943 [main] DEBUG c.g.d.z.s.o.a.h.c.h.i.i.PoolingHttpClientConnectionManager - ep-0000001E: connection released [route: {}-&gt;unix://localhost:2375][total available: 1; route allocated: 1 of 2147483647; total allocated: 1 of 2147483647]
21:53:54.943 [main] DEBUG o.t.s.c.g.d.c.command.AbstrDockerCmd - Cmd: 8321666f751f7c7d05be71fc2275963d0c8e38f637385481cc2ad563c34c860a,false
21:53:54.944 [main] DEBUG o.t.s.c.g.d.c.e.InspectContainerCmdExec - GET: DefaultWebTarget{path=[/containers/8321666f751f7c7d05be71fc2275963d0c8e38f637385481cc2ad563c34c860a/json], queryParams={}}
21:53:54.944 [main] DEBUG c.g.d.z.s.o.a.h.c.h.i.c.InternalHttpClient - ex-00000020: preparing request execution
21:53:54.948 [main] DEBUG c.g.d.z.s.o.a.h.c.h.p.RequestAddCookies - Cookie spec selected: strict
21:53:54.949 [main] DEBUG c.g.d.z.s.o.a.h.c.h.p.RequestAuthCache - Auth cache not set in the context
21:53:54.949 [main] DEBUG c.g.d.z.s.o.a.h.c.h.i.c.ProtocolExec - ex-00000020: target auth state: UNCHALLENGED
21:53:54.952 [main] DEBUG c.g.d.z.s.o.a.h.c.h.i.c.ProtocolExec - ex-00000020: proxy auth state: UNCHALLENGED
21:53:54.952 [main] DEBUG c.g.d.z.s.o.a.h.c.h.i.c.ConnectExec - ex-00000020: acquiring connection with route {}-&gt;unix://localhost:2375
21:53:54.956 [main] DEBUG c.g.d.z.s.o.a.h.c.h.i.c.InternalHttpClient - ex-00000020: acquiring endpoint (3 MINUTES)
21:53:54.960 [main] DEBUG c.g.d.z.s.o.a.h.c.h.i.i.PoolingHttpClientConnectionManager - ex-00000020: endpoint lease request (3 MINUTES) [route: {}-&gt;unix://localhost:2375][total available: 1; route allocated: 1 of 2147483647; total allocated: 1 of 2147483647]
21:53:54.966 [main] DEBUG c.g.d.z.s.o.a.h.c.h.i.i.PoolingHttpClientConnectionManager - ex-00000020: endpoint leased [route: {}-&gt;unix://localhost:2375][total available: 0; route allocated: 1 of 2147483647; total allocated: 1 of 2147483647]
21:53:54.969 [main] DEBUG c.g.d.z.s.o.a.h.c.h.i.i.PoolingHttpClientConnectionManager - ex-00000020: acquired ep-0000001F
21:53:54.971 [main] DEBUG c.g.d.z.s.o.a.h.c.h.i.c.InternalHttpClient - ex-00000020: acquired endpoint ep-0000001F
21:53:54.972 [main] DEBUG c.g.d.z.s.o.a.h.c.h.i.c.MainClientExec - ex-00000020: executing GET /v1.32/containers/8321666f751f7c7d05be71fc2275963d0c8e38f637385481cc2ad563c34c860a/json HTTP/1.1
21:53:54.972 [main] DEBUG c.g.d.z.s.o.a.h.c.h.i.c.InternalHttpClient - ep-0000001F: start execution ex-00000020
21:53:54.972 [main] DEBUG c.g.d.z.s.o.a.h.c.h.i.i.PoolingHttpClientConnectionManager - ep-0000001F: executing exchange ex-00000020 over http-outgoing-4
21:53:54.972 [main] DEBUG c.g.d.z.s.o.a.h.client5.http.headers - http-outgoing-4 &gt;&gt; GET /v1.32/containers/8321666f751f7c7d05be71fc2275963d0c8e38f637385481cc2ad563c34c860a/json HTTP/1.1
21:53:54.980 [main] DEBUG c.g.d.z.s.o.a.h.client5.http.headers - http-outgoing-4 &gt;&gt; accept: application/json
21:53:54.981 [main] DEBUG c.g.d.z.s.o.a.h.client5.http.headers - http-outgoing-4 &gt;&gt; Accept-Encoding: gzip, x-gzip, deflate
21:53:54.982 [main] DEBUG c.g.d.z.s.o.a.h.client5.http.headers - http-outgoing-4 &gt;&gt; Host: localhost:2375
21:53:54.983 [main] DEBUG c.g.d.z.s.o.a.h.client5.http.headers - http-outgoing-4 &gt;&gt; Connection: keep-alive
21:53:54.983 [main] DEBUG c.g.d.z.s.o.a.h.client5.http.headers - http-outgoing-4 &gt;&gt; User-Agent: Apache-HttpClient/5.0.3 (Java/11.0.13)
21:53:54.983 [main] DEBUG c.g.d.z.s.o.a.hc.client5.http.wire - http-outgoing-4 &gt;&gt; &quot;GET /v1.32/containers/8321666f751f7c7d05be71fc2275963d0c8e38f637385481cc2ad563c34c860a/json HTTP/1.1[\r][\n]&quot;
21:53:54.983 [main] DEBUG c.g.d.z.s.o.a.hc.client5.http.wire - http-outgoing-4 &gt;&gt; &quot;accept: application/json[\r][\n]&quot;
21:53:54.983 [main] DEBUG c.g.d.z.s.o.a.hc.client5.http.wire - http-outgoing-4 &gt;&gt; &quot;Accept-Encoding: gzip, x-gzip, deflate[\r][\n]&quot;
21:53:54.983 [main] DEBUG c.g.d.z.s.o.a.hc.client5.http.wire - http-outgoing-4 &gt;&gt; &quot;Host: localhost:2375[\r][\n]&quot;
21:53:54.983 [main] DEBUG c.g.d.z.s.o.a.hc.client5.http.wire - http-outgoing-4 &gt;&gt; &quot;Connection: keep-alive[\r][\n]&quot;
21:53:54.983 [main] DEBUG c.g.d.z.s.o.a.hc.client5.http.wire - http-outgoing-4 &gt;&gt; &quot;User-Agent: Apache-HttpClient/5.0.3 (Java/11.0.13)[\r][\n]&quot;
21:53:54.983 [main] DEBUG c.g.d.z.s.o.a.hc.client5.http.wire - http-outgoing-4 &gt;&gt; &quot;[\r][\n]&quot;
21:53:54.990 [main] DEBUG c.g.d.z.s.o.a.hc.client5.http.wire - http-outgoing-4 &lt;&lt; &quot;HTTP/1.1 200 OK[\r][\n]&quot;
21:53:54.990 [main] DEBUG c.g.d.z.s.o.a.hc.client5.http.wire - http-outgoing-4 &lt;&lt; &quot;Api-Version: 1.41[\r][\n]&quot;
21:53:54.990 [main] DEBUG c.g.d.z.s.o.a.hc.client5.http.wire - http-outgoing-4 &lt;&lt; &quot;Content-Type: application/json[\r][\n]&quot;
21:53:54.990 [main] DEBUG c.g.d.z.s.o.a.hc.client5.http.wire - http-outgoing-4 &lt;&lt; &quot;Docker-Experimental: false[\r][\n]&quot;
21:53:54.990 [main] DEBUG c.g.d.z.s.o.a.hc.client5.http.wire - http-outgoing-4 &lt;&lt; &quot;Ostype: linux[\r][\n]&quot;
21:53:54.990 [main] DEBUG c.g.d.z.s.o.a.hc.client5.http.wire - http-outgoing-4 &lt;&lt; &quot;Server: Docker/20.10.12 (linux)[\r][\n]&quot;
21:53:54.990 [main] DEBUG c.g.d.z.s.o.a.hc.client5.http.wire - http-outgoing-4 &lt;&lt; &quot;Date: Sun, 13 Feb 2022 20:53:54 GMT[\r][\n]&quot;
21:53:54.990 [main] DEBUG c.g.d.z.s.o.a.hc.client5.http.wire - http-outgoing-4 &lt;&lt; &quot;Transfer-Encoding: chunked[\r][\n]&quot;
21:53:54.990 [main] DEBUG c.g.d.z.s.o.a.hc.client5.http.wire - http-outgoing-4 &lt;&lt; &quot;[\r][\n]&quot;
21:53:54.990 [main] DEBUG c.g.d.z.s.o.a.hc.client5.http.wire - http-outgoing-4 &lt;&lt; &quot;133f[\r][\n]&quot;
21:53:54.991 [main] DEBUG c.g.d.z.s.o.a.hc.client5.http.wire - http-outgoing-4 &lt;&lt; &quot;{&quot;Id&quot;:&quot;8321666f751f7c7d05be71fc2275963d0c8e38f637385481cc2ad563c34c860a&quot;,&quot;Created&quot;:&quot;2022-02-13T20:53:16.20401655Z&quot;,&quot;Path&quot;:&quot;java&quot;,&quot;Args&quot;:[&quot;-jar&quot;,&quot;/opt/app/menu-server.jar&quot;,&quot;--server.port=8080&quot;],&quot;State&quot;:{&quot;Status&quot;:&quot;exited&quot;,&quot;Running&quot;:false,&quot;Paused&quot;:false,&quot;Restarting&quot;:false,&quot;OOMKilled&quot;:false,&quot;Dead&quot;:false,&quot;Pid&quot;:0,&quot;ExitCode&quot;:137,&quot;Error&quot;:&quot;&quot;,&quot;StartedAt&quot;:&quot;2022-02-13T20:53:17.660161305Z&quot;,&quot;FinishedAt&quot;:&quot;2022-02-13T20:53:54.627359905Z&quot;},&quot;Image&quot;:&quot;sha256:35ab7218180bf82c747ec97428348ff28028aebb6b860f6cff6cd03d1cef9f37&quot;,&quot;ResolvConfPath&quot;:&quot;/var/lib/docker/containers/8321666f751f7c7d05be71fc2275963d0c8e38f637385481cc2ad563c34c860a/resolv.conf&quot;,&quot;HostnamePath&quot;:&quot;/var/lib/docker/containers/8321666f751f7c7d05be71fc2275963d0c8e38f637385481cc2ad563c34c860a/hostname&quot;,&quot;HostsPath&quot;:&quot;/var/lib/docker/containers/8321666f751f7c7d05be71fc2275963d0c8e38f637385481cc2ad563c34c860a/hosts&quot;,&quot;LogPath&quot;:&quot;/var/lib/docker/containers/8321666f751f7c7d05be71fc2275963d0c8e38f637385481cc2ad563c34c860a/8321666f751f7c7d05be71fc2275963d0c8e38f637385481cc2ad563c34c860a-json.log&quot;,&quot;Name&quot;:&quot;/distracted_golick&quot;,&quot;RestartCount&quot;:0,&quot;Driver&quot;:&quot;overlay2&quot;,&quot;Platform&quot;:&quot;linux&quot;,&quot;MountLabel&quot;:&quot;&quot;,&quot;ProcessLabel&quot;:&quot;&quot;,&quot;AppArmorProfile&quot;:&quot;docker-default&quot;,&quot;ExecIDs&quot;:null,&quot;HostConfig&quot;:{&quot;Binds&quot;:[],&quot;ContainerIDFile&quot;:&quot;&quot;,&quot;LogConfig&quot;:{&quot;Type&quot;:&quot;json-file&quot;,&quot;Config&quot;:{}},&quot;NetworkMode&quot;:&quot;default&quot;,&quot;PortBindings&quot;:{&quot;8080/tcp&quot;:[{&quot;HostIp&quot;:&quot;&quot;,&quot;HostPort&quot;:&quot;&quot;}]},&quot;RestartPolicy&quot;:{&quot;Name&quot;:&quot;&quot;,&quot;MaximumRetryCount&quot;:0},&quot;AutoRemove&quot;:false,&quot;VolumeDriver&quot;:&quot;&quot;,&quot;VolumesFrom&quot;:[],&quot;CapAdd&quot;:null,&quot;CapDrop&quot;:null,&quot;CgroupnsMode&quot;:&quot;host&quot;,&quot;Dns&quot;:null,&quot;DnsOptions&quot;:null,&quot;DnsSearch&quot;:null,&quot;ExtraHosts&quot;:[],&quot;GroupAdd&quot;:null,&quot;IpcMode&quot;:&quot;shareable&quot;,&quot;Cgroup&quot;:&quot;&quot;,&quot;Links&quot;:null,&quot;OomScoreAdj&quot;:0,&quot;PidMode&quot;:&quot;&quot;,&quot;Privileged&quot;:false,&quot;PublishAllPorts&quot;:false,&quot;ReadonlyRootfs&quot;:false,&quot;SecurityOpt&quot;:null,&quot;UTSMode&quot;:&quot;&quot;,&quot;UsernsMode&quot;:&quot;&quot;,&quot;ShmSize&quot;:67108864,&quot;Runtime&quot;:&quot;runc&quot;,&quot;ConsoleSize&quot;:[0,0],&quot;Isolation&quot;:&quot;&quot;,&quot;CpuShares&quot;:0,&quot;Memory&quot;:0,&quot;NanoCpus&quot;:0,&quot;CgroupParent&quot;:&quot;&quot;,&quot;BlkioWeight&quot;:0,&quot;BlkioWeightDevice&quot;:null,&quot;BlkioDeviceReadBps&quot;:null,&quot;BlkioDeviceWriteBps&quot;:null,&quot;BlkioDeviceReadIOps&quot;:null,&quot;BlkioDeviceWriteIOps&quot;:null,&quot;CpuPeriod&quot;:0,&quot;CpuQuota&quot;:0,&quot;CpuRealtimePeriod&quot;:0,&quot;CpuRealtimeRuntime&quot;:0,&quot;CpusetCpus&quot;:&quot;&quot;,&quot;CpusetMems&quot;:&quot;&quot;,&quot;Devices&quot;:null,&quot;DeviceCgroupRules&quot;:null,&quot;DeviceRequests&quot;:null,&quot;KernelMemory&quot;:0,&quot;KernelMemoryTCP&quot;:0,&quot;MemoryReservation&quot;:0,&quot;MemorySwap&quot;:0,&quot;MemorySwappiness&quot;:null,&quot;OomKillDisable&quot;:false,&quot;PidsLimit&quot;:null,&quot;Ulimits&quot;:null,&quot;CpuCount&quot;:0,&quot;CpuPercent&quot;:0,&quot;IOMaximumIOps&quot;:0,&quot;IOMaximumBandwidth&quot;:0,&quot;MaskedPaths&quot;:[&quot;/proc/asound&quot;,&quot;/proc/acpi&quot;,&quot;/proc/kcore&quot;,&quot;/proc/keys&quot;,&quot;/proc/latency_stats&quot;,&quot;/proc/timer_list&quot;,&quot;/proc/timer_stats&quot;,&quot;/proc/sched_debug&quot;,&quot;/proc/scsi&quot;,&quot;/sys/firmware&quot;],&quot;ReadonlyPaths&quot;:[&quot;/proc/bus&quot;,&quot;/proc/fs&quot;,&quot;/proc/irq&quot;,&quot;/proc/sys&quot;,&quot;/proc/sysrq-trigger&quot;]},&quot;GraphDriver&quot;:{&quot;Data&quot;:{&quot;LowerDir&quot;:&quot;/var/lib/docker/overlay2/8bfaf9421773321ced6736545c0569ab56b047594f940d2cd9896a5637fb3b38-init/diff:/var/lib/docker/overlay2/b55ba49ce0a253837ca2f311ae89d6e2747163dfca37054daada71ac77a97d88/diff:/var/lib/docker/overlay2/84f1f4ada2daa8441cfcea481c746025190200e4b4e0cdbbc9c2e5de040b4985/diff:/var/lib/docker/overlay2/b6de60f3e8585c90976a17d31a0fe98cfbe4648dea139805da15e886bf52280e/diff&quot;,&quot;MergedDir&quot;:&quot;/var/lib/docker/overlay2/8bfaf9421773321ced6736545c0569ab56b047594f940d2cd9896a5637fb3b38/merged&quot;,&quot;UpperDir&quot;:&quot;/var/lib/docker/overlay2/8bfaf9421773321ced6736545c0569ab56b047594f940d2cd9896a5637fb3b38/diff&quot;,&quot;WorkDir&quot;:&quot;/var/lib/docker/overlay2/8bfaf9421773321ced6736545c0569ab56b047594f940d2cd9896a5637fb3b38/work&quot;},&quot;Name&quot;:&quot;overlay2&quot;},&quot;Mounts&quot;:[],&quot;Config&quot;:{&quot;Hostname&quot;:&quot;8321666f751f&quot;,&quot;Domainname&quot;:&quot;&quot;,&quot;User&quot;:&quot;&quot;,&quot;AttachStdin&quot;:false,&quot;AttachStdout&quot;:false,&quot;AttachStderr&quot;:false,&quot;ExposedPorts&quot;:{&quot;8080/tcp&quot;:{}},&quot;Tty&quot;:false,&quot;OpenStdin&quot;:false,&quot;StdinOnce&quot;:false,&quot;Env&quot;:[&quot;PATH=/usr/local/sbin:/usr/local/bin:/usr/sbin:/usr/bin:/sbin:/bin&quot;,&quot;LANG=en_US.UTF-8&quot;,&quot;LANGUAGE=en_US:en&quot;,&quot;LC_ALL=en_US.UTF-8&quot;,&quot;JAVA_HOME=/usr/lib/jvm/zulu11-ca-amd64&quot;],&quot;Cmd&quot;:[&quot;java&quot;,&quot;-jar&quot;,&quot;/opt/app/menu-server.jar&quot;,&quot;--server.port=8080&quot;],&quot;Image&quot;:&quot;mailysm/menu-server:1.0.0&quot;,&quot;Volumes&quot;:null,&quot;WorkingDir&quot;:&quot;&quot;,&quot;Entrypoint&quot;:null,&quot;OnBuild&quot;:null,&quot;Labels&quot;:{&quot;org.testcontainers&quot;:&quot;true&quot;,&quot;org.testcontainers.sessionId&quot;:&quot;6d71591a-05bc-4505-bca8-a2037877e4d2&quot;}},&quot;NetworkSettings&quot;:{&quot;Bridge&quot;:&quot;&quot;,&quot;SandboxID&quot;:&quot;ed5437008717f524f9ed729d7e047d0cf124a1d19090e5edad00413e6df60997&quot;,&quot;HairpinMode&quot;:false,&quot;LinkLocalIPv6Address&quot;:&quot;&quot;,&quot;LinkLocalIPv6PrefixLen&quot;:0,&quot;Ports&quot;:{},&quot;SandboxKey&quot;:&quot;/var/run/docker/netns/ed5437008717&quot;,&quot;SecondaryIPAddresses&quot;:null,&quot;SecondaryIPv6Addresses&quot;:null,&quot;EndpointID&quot;:&quot;&quot;,&quot;Gateway&quot;:&quot;&quot;,&quot;GlobalIPv6Address&quot;:&quot;&quot;,&quot;GlobalIPv6PrefixLen&quot;:0,&quot;IPAddress&quot;:&quot;&quot;,&quot;IPPrefixLen&quot;:0,&quot;IPv6Gateway&quot;:&quot;&quot;,&quot;MacAddress&quot;:&quot;&quot;,&quot;Networks&quot;:{&quot;bridge&quot;:{&quot;IPAMConfig&quot;:null,&quot;Links&quot;:null,&quot;Aliases&quot;:null,&quot;NetworkID&quot;:&quot;7fea8d8f25168661bbec75b303f62f73cfb20a15e4c52abad652a1b1174bf236&quot;,&quot;EndpointID&quot;:&quot;&quot;,&quot;Gateway&quot;:&quot;&quot;,&quot;IPAddress&quot;:&quot;&quot;,&quot;IPPrefixLen&quot;:0,&quot;IPv6Gateway&quot;:&quot;&quot;,&quot;GlobalIPv6Address&quot;:&quot;&quot;,&quot;GlobalIPv6PrefixLen&quot;:0,&quot;MacAddress&quot;:&quot;&quot;,&quot;DriverOpts&quot;:null}}}}[\n]&quot;
21:53:54.992 [main] DEBUG c.g.d.z.s.o.a.hc.client5.http.wire - http-outgoing-4 &lt;&lt; &quot;[\r][\n]&quot;
21:53:54.992 [main] DEBUG c.g.d.z.s.o.a.hc.client5.http.wire - http-outgoing-4 &lt;&lt; &quot;0[\r][\n]&quot;
21:53:54.992 [main] DEBUG c.g.d.z.s.o.a.hc.client5.http.wire - http-outgoing-4 &lt;&lt; &quot;[\r][\n]&quot;
21:53:54.992 [main] DEBUG c.g.d.z.s.o.a.h.client5.http.headers - http-outgoing-4 &lt;&lt; HTTP/1.1 200 OK
21:53:54.992 [main] DEBUG c.g.d.z.s.o.a.h.client5.http.headers - http-outgoing-4 &lt;&lt; Api-Version: 1.41
21:53:54.992 [main] DEBUG c.g.d.z.s.o.a.h.client5.http.headers - http-outgoing-4 &lt;&lt; Content-Type: application/json
21:53:54.992 [main] DEBUG c.g.d.z.s.o.a.h.client5.http.headers - http-outgoing-4 &lt;&lt; Docker-Experimental: false
21:53:54.992 [main] DEBUG c.g.d.z.s.o.a.h.client5.http.headers - http-outgoing-4 &lt;&lt; Ostype: linux
21:53:54.994 [main] DEBUG c.g.d.z.s.o.a.h.client5.http.headers - http-outgoing-4 &lt;&lt; Server: Docker/20.10.12 (linux)
21:53:54.994 [main] DEBUG c.g.d.z.s.o.a.h.client5.http.headers - http-outgoing-4 &lt;&lt; Date: Sun, 13 Feb 2022 20:53:54 GMT
21:53:54.994 [main] DEBUG c.g.d.z.s.o.a.h.client5.http.headers - http-outgoing-4 &lt;&lt; Transfer-Encoding: chunked
21:53:54.995 [main] DEBUG c.g.d.z.s.o.a.h.c.h.i.c.MainClientExec - ex-00000020: connection can be kept alive for 3 MINUTES
21:53:55.031 [main] DEBUG c.g.d.z.s.o.a.h.c.h.i.c.InternalHttpClient - ep-0000001F: releasing valid endpoint
21:53:55.033 [main] DEBUG c.g.d.z.s.o.a.h.c.h.i.i.PoolingHttpClientConnectionManager - ep-0000001F: releasing endpoint
21:53:55.036 [main] DEBUG c.g.d.z.s.o.a.h.c.h.i.i.PoolingHttpClientConnectionManager - ep-0000001F: connection http-outgoing-4 can be kept alive for 3 MINUTES
21:53:55.038 [main] DEBUG c.g.d.z.s.o.a.h.c.h.i.i.PoolingHttpClientConnectionManager - ep-0000001F: connection released [route: {}-&gt;unix://localhost:2375][total available: 1; route allocated: 1 of 2147483647; total allocated: 1 of 2147483647]
21:53:55.038 [main] DEBUG o.t.s.c.g.d.c.command.AbstrDockerCmd - Cmd: 8321666f751f7c7d05be71fc2275963d0c8e38f637385481cc2ad563c34c860a,true,true
21:53:55.039 [main] DEBUG c.g.d.z.s.o.a.h.c.h.i.c.InternalHttpClient - ex-00000021: preparing request execution
21:53:55.039 [main] DEBUG c.g.d.z.s.o.a.h.c.h.p.RequestAddCookies - Cookie spec selected: strict
21:53:55.079 [main] DEBUG c.g.d.z.s.o.a.h.c.h.p.RequestAuthCache - Auth cache not set in the context
21:53:55.079 [main] DEBUG c.g.d.z.s.o.a.h.c.h.i.c.ProtocolExec - ex-00000021: target auth state: UNCHALLENGED
21:53:55.079 [main] DEBUG c.g.d.z.s.o.a.h.c.h.i.c.ProtocolExec - ex-00000021: proxy auth state: UNCHALLENGED
21:53:55.079 [main] DEBUG c.g.d.z.s.o.a.h.c.h.i.c.ConnectExec - ex-00000021: acquiring connection with route {}-&gt;unix://localhost:2375
21:53:55.079 [main] DEBUG c.g.d.z.s.o.a.h.c.h.i.c.InternalHttpClient - ex-00000021: acquiring endpoint (3 MINUTES)
21:53:55.079 [main] DEBUG c.g.d.z.s.o.a.h.c.h.i.i.PoolingHttpClientConnectionManager - ex-00000021: endpoint lease request (3 MINUTES) [route: {}-&gt;unix://localhost:2375][total available: 1; route allocated: 1 of 2147483647; total allocated: 1 of 2147483647]
21:53:55.096 [main] DEBUG c.g.d.z.s.o.a.h.c.h.i.i.PoolingHttpClientConnectionManager - ex-00000021: endpoint leased [route: {}-&gt;unix://localhost:2375][total available: 0; route allocated: 1 of 2147483647; total allocated: 1 of 2147483647]
21:53:55.096 [main] DEBUG c.g.d.z.s.o.a.h.c.h.i.i.PoolingHttpClientConnectionManager - ex-00000021: acquired ep-00000020
21:53:55.096 [main] DEBUG c.g.d.z.s.o.a.h.c.h.i.c.InternalHttpClient - ex-00000021: acquired endpoint ep-00000020
21:53:55.096 [main] DEBUG c.g.d.z.s.o.a.h.c.h.i.c.MainClientExec - ex-00000021: executing DELETE /v1.32/containers/8321666f751f7c7d05be71fc2275963d0c8e38f637385481cc2ad563c34c860a?v=true&amp;force=true HTTP/1.1
21:53:55.097 [main] DEBUG c.g.d.z.s.o.a.h.c.h.i.c.InternalHttpClient - ep-00000020: start execution ex-00000021
21:53:55.097 [main] DEBUG c.g.d.z.s.o.a.h.c.h.i.i.PoolingHttpClientConnectionManager - ep-00000020: executing exchange ex-00000021 over http-outgoing-4
21:53:55.097 [main] DEBUG c.g.d.z.s.o.a.h.client5.http.headers - http-outgoing-4 &gt;&gt; DELETE /v1.32/containers/8321666f751f7c7d05be71fc2275963d0c8e38f637385481cc2ad563c34c860a?v=true&amp;force=true HTTP/1.1
21:53:55.098 [main] DEBUG c.g.d.z.s.o.a.h.client5.http.headers - http-outgoing-4 &gt;&gt; accept: application/json
21:53:55.099 [main] DEBUG c.g.d.z.s.o.a.h.client5.http.headers - http-outgoing-4 &gt;&gt; Accept-Encoding: gzip, x-gzip, deflate
21:53:55.102 [main] DEBUG c.g.d.z.s.o.a.h.client5.http.headers - http-outgoing-4 &gt;&gt; Host: localhost:2375
21:53:55.102 [main] DEBUG c.g.d.z.s.o.a.h.client5.http.headers - http-outgoing-4 &gt;&gt; Connection: keep-alive
21:53:55.102 [main] DEBUG c.g.d.z.s.o.a.h.client5.http.headers - http-outgoing-4 &gt;&gt; User-Agent: Apache-HttpClient/5.0.3 (Java/11.0.13)
21:53:55.102 [main] DEBUG c.g.d.z.s.o.a.hc.client5.http.wire - http-outgoing-4 &gt;&gt; &quot;DELETE /v1.32/containers/8321666f751f7c7d05be71fc2275963d0c8e38f637385481cc2ad563c34c860a?v=true&amp;force=true HTTP/1.1[\r][\n]&quot;
21:53:55.102 [main] DEBUG c.g.d.z.s.o.a.hc.client5.http.wire - http-outgoing-4 &gt;&gt; &quot;accept: application/json[\r][\n]&quot;
21:53:55.102 [main] DEBUG c.g.d.z.s.o.a.hc.client5.http.wire - http-outgoing-4 &gt;&gt; &quot;Accept-Encoding: gzip, x-gzip, deflate[\r][\n]&quot;
21:53:55.102 [main] DEBUG c.g.d.z.s.o.a.hc.client5.http.wire - http-outgoing-4 &gt;&gt; &quot;Host: localhost:2375[\r][\n]&quot;
21:53:55.102 [main] DEBUG c.g.d.z.s.o.a.hc.client5.http.wire - http-outgoing-4 &gt;&gt; &quot;Connection: keep-alive[\r][\n]&quot;
21:53:55.102 [main] DEBUG c.g.d.z.s.o.a.hc.client5.http.wire - http-outgoing-4 &gt;&gt; &quot;User-Agent: Apache-HttpClient/5.0.3 (Java/11.0.13)[\r][\n]&quot;
21:53:55.102 [main] DEBUG c.g.d.z.s.o.a.hc.client5.http.wire - http-outgoing-4 &gt;&gt; &quot;[\r][\n]&quot;
21:53:55.121 [main] DEBUG c.g.d.z.s.o.a.hc.client5.http.wire - http-outgoing-4 &lt;&lt; &quot;HTTP/1.1 204 No Content[\r][\n]&quot;
21:53:55.121 [main] DEBUG c.g.d.z.s.o.a.hc.client5.http.wire - http-outgoing-4 &lt;&lt; &quot;Api-Version: 1.41[\r][\n]&quot;
21:53:55.121 [main] DEBUG c.g.d.z.s.o.a.hc.client5.http.wire - http-outgoing-4 &lt;&lt; &quot;Docker-Experimental: false[\r][\n]&quot;
21:53:55.121 [main] DEBUG c.g.d.z.s.o.a.hc.client5.http.wire - http-outgoing-4 &lt;&lt; &quot;Ostype: linux[\r][\n]&quot;
21:53:55.121 [main] DEBUG c.g.d.z.s.o.a.hc.client5.http.wire - http-outgoing-4 &lt;&lt; &quot;Server: Docker/20.10.12 (linux)[\r][\n]&quot;
21:53:55.121 [main] DEBUG c.g.d.z.s.o.a.hc.client5.http.wire - http-outgoing-4 &lt;&lt; &quot;Date: Sun, 13 Feb 2022 20:53:55 GMT[\r][\n]&quot;
21:53:55.121 [main] DEBUG c.g.d.z.s.o.a.hc.client5.http.wire - http-outgoing-4 &lt;&lt; &quot;[\r][\n]&quot;
21:53:55.121 [main] DEBUG c.g.d.z.s.o.a.h.client5.http.headers - http-outgoing-4 &lt;&lt; HTTP/1.1 204 No Content
21:53:55.121 [main] DEBUG c.g.d.z.s.o.a.h.client5.http.headers - http-outgoing-4 &lt;&lt; Api-Version: 1.41
21:53:55.121 [main] DEBUG c.g.d.z.s.o.a.h.client5.http.headers - http-outgoing-4 &lt;&lt; Docker-Experimental: false
21:53:55.121 [main] DEBUG c.g.d.z.s.o.a.h.client5.http.headers - http-outgoing-4 &lt;&lt; Ostype: linux
21:53:55.121 [main] DEBUG c.g.d.z.s.o.a.h.client5.http.headers - http-outgoing-4 &lt;&lt; Server: Docker/20.10.12 (linux)
21:53:55.121 [main] DEBUG c.g.d.z.s.o.a.h.client5.http.headers - http-outgoing-4 &lt;&lt; Date: Sun, 13 Feb 2022 20:53:55 GMT
21:53:55.121 [main] DEBUG c.g.d.z.s.o.a.h.c.h.i.c.MainClientExec - ex-00000021: connection can be kept alive for 3 MINUTES
21:53:55.121 [main] DEBUG c.g.d.z.s.o.a.h.c.h.i.c.InternalHttpClient - ep-00000020: releasing valid endpoint
21:53:55.121 [main] DEBUG c.g.d.z.s.o.a.h.c.h.i.i.PoolingHttpClientConnectionManager - ep-00000020: releasing endpoint
21:53:55.121 [main] DEBUG c.g.d.z.s.o.a.h.c.h.i.i.PoolingHttpClientConnectionManager - ep-00000020: connection http-outgoing-4 can be kept alive for 3 MINUTES
21:53:55.121 [main] DEBUG c.g.d.z.s.o.a.h.c.h.i.i.PoolingHttpClientConnectionManager - ep-00000020: connection released [route: {}-&gt;unix://localhost:2375][total available: 1; route allocated: 1 of 2147483647; total allocated: 1 of 2147483647]
21:53:55.121 [main] DEBUG o.t.utility.ResourceReaper - Removed container and associated volume(s): mailysm/menu-server:1.0.0
</system-out>
  </testcase>
</testsuite>