<?xml version="1.0" encoding="UTF-8" ?>
<testsuite tests="2" failures="1" name="MenuCliTest" time="83.299" errors="0" skipped="0">
  <properties>
    <property name="java.runtime.name" value="OpenJDK Runtime Environment"/>
    <property name="java.vm.version" value="11.0.13+8-Ubuntu-0ubuntu1.20.04"/>
    <property name="sun.boot.library.path" value="/usr/lib/jvm/java-11-openjdk-amd64/lib"/>
    <property name="maven.multiModuleProjectDirectory" value="/home/hduser/Documents/CLI-menu-server"/>
    <property name="java.vm.vendor" value="Ubuntu"/>
    <property name="java.vendor.url" value="https://ubuntu.com/"/>
    <property name="guice.disable.misplaced.annotation.check" value="true"/>
    <property name="path.separator" value=":"/>
    <property name="java.vm.name" value="OpenJDK 64-Bit Server VM"/>
    <property name="sun.os.patch.level" value="unknown"/>
    <property name="user.country" value="US"/>
    <property name="sun.java.launcher" value="SUN_STANDARD"/>
    <property name="java.vm.specification.name" value="Java Virtual Machine Specification"/>
    <property name="user.dir" value="/home/hduser/Documents/CLI-menu-server"/>
    <property name="java.vm.compressedOopsMode" value="32-bit"/>
    <property name="java.runtime.version" value="11.0.13+8-Ubuntu-0ubuntu1.20.04"/>
    <property name="java.awt.graphicsenv" value="sun.awt.X11GraphicsEnvironment"/>
    <property name="os.arch" value="amd64"/>
    <property name="java.io.tmpdir" value="/tmp"/>
    <property name="line.separator" value="
"/>
    <property name="java.vm.specification.vendor" value="Oracle Corporation"/>
    <property name="os.name" value="Linux"/>
    <property name="classworlds.conf" value="/usr/share/maven/bin/m2.conf"/>
    <property name="sun.jnu.encoding" value="UTF-8"/>
    <property name="java.library.path" value="/usr/java/packages/lib:/usr/lib/x86_64-linux-gnu/jni:/lib/x86_64-linux-gnu:/usr/lib/x86_64-linux-gnu:/usr/lib/jni:/lib:/usr/lib"/>
    <property name="maven.conf" value="/usr/share/maven/conf"/>
    <property name="jdk.debug" value="release"/>
    <property name="java.class.version" value="55.0"/>
    <property name="java.specification.name" value="Java Platform API Specification"/>
    <property name="sun.management.compiler" value="HotSpot 64-Bit Tiered Compilers"/>
    <property name="os.version" value="5.13.0-28-generic"/>
    <property name="library.jansi.path" value="/usr/share/maven/lib/jansi-native"/>
    <property name="user.home" value="/root"/>
    <property name="user.timezone" value="Europe/Paris"/>
    <property name="java.awt.printerjob" value="sun.print.PSPrinterJob"/>
    <property name="file.encoding" value="UTF-8"/>
    <property name="java.specification.version" value="11"/>
    <property name="user.name" value="root"/>
    <property name="java.class.path" value="/usr/share/maven/boot/plexus-classworlds-2.x.jar"/>
    <property name="java.vm.specification.version" value="11"/>
    <property name="sun.arch.data.model" value="64"/>
    <property name="sun.java.command" value="org.codehaus.plexus.classworlds.launcher.Launcher clean verify"/>
    <property name="java.home" value="/usr/lib/jvm/java-11-openjdk-amd64"/>
    <property name="user.language" value="en"/>
    <property name="java.specification.vendor" value="Oracle Corporation"/>
    <property name="awt.toolkit" value="sun.awt.X11.XToolkit"/>
    <property name="java.vm.info" value="mixed mode, sharing"/>
    <property name="java.version" value="11.0.13"/>
    <property name="securerandom.source" value="file:/dev/./urandom"/>
    <property name="java.vendor" value="Ubuntu"/>
    <property name="maven.home" value="/usr/share/maven"/>
    <property name="file.separator" value="/"/>
    <property name="java.version.date" value="2021-10-19"/>
    <property name="java.vendor.url.bug" value="https://bugs.launchpad.net/ubuntu/+source/openjdk-lts"/>
    <property name="sun.io.unicode.encoding" value="UnicodeLittle"/>
    <property name="sun.cpu.endian" value="little"/>
    <property name="sun.cpu.isalist" value=""/>
  </properties>
  <testcase classname="MenuCliTest" name="testDeleteMenuCommandLineNotExisting" time="44.458"/>
  <testcase classname="MenuCliTest" name="testDeleteMenuCommandLine" time="38.841">
    <failure message="expected:&lt;0&gt; but was:&lt;1&gt;" type="java.lang.AssertionError">java.lang.AssertionError: expected:&lt;0&gt; but was:&lt;1&gt;
	at org.junit.Assert.fail(Assert.java:88)
	at org.junit.Assert.failNotEquals(Assert.java:834)
	at org.junit.Assert.assertEquals(Assert.java:645)
	at org.junit.Assert.assertEquals(Assert.java:631)
	at MenuCliTest.testDeleteMenuCommandLine(MenuCliTest.java:40)
	at java.base/jdk.internal.reflect.NativeMethodAccessorImpl.invoke0(Native Method)
	at java.base/jdk.internal.reflect.NativeMethodAccessorImpl.invoke(NativeMethodAccessorImpl.java:62)
	at java.base/jdk.internal.reflect.DelegatingMethodAccessorImpl.invoke(DelegatingMethodAccessorImpl.java:43)
	at java.base/java.lang.reflect.Method.invoke(Method.java:566)
	at org.junit.runners.model.FrameworkMethod$1.runReflectiveCall(FrameworkMethod.java:50)
	at org.junit.internal.runners.model.ReflectiveCallable.run(ReflectiveCallable.java:12)
	at org.junit.runners.model.FrameworkMethod.invokeExplosively(FrameworkMethod.java:47)
	at org.junit.internal.runners.statements.InvokeMethod.evaluate(InvokeMethod.java:17)
	at org.junit.internal.runners.statements.RunBefores.evaluate(RunBefores.java:26)
	at org.testcontainers.containers.FailureDetectingExternalResource$1.evaluate(FailureDetectingExternalResource.java:30)
	at org.junit.rules.RunRules.evaluate(RunRules.java:20)
	at org.junit.runners.ParentRunner.runLeaf(ParentRunner.java:325)
	at org.junit.runners.BlockJUnit4ClassRunner.runChild(BlockJUnit4ClassRunner.java:78)
	at org.junit.runners.BlockJUnit4ClassRunner.runChild(BlockJUnit4ClassRunner.java:57)
	at org.junit.runners.ParentRunner$3.run(ParentRunner.java:290)
	at org.junit.runners.ParentRunner$1.schedule(ParentRunner.java:71)
	at org.junit.runners.ParentRunner.runChildren(ParentRunner.java:288)
	at org.junit.runners.ParentRunner.access$000(ParentRunner.java:58)
	at org.junit.runners.ParentRunner$2.evaluate(ParentRunner.java:268)
	at org.junit.runners.ParentRunner.run(ParentRunner.java:363)
	at org.apache.maven.surefire.junit4.JUnit4Provider.execute(JUnit4Provider.java:252)
	at org.apache.maven.surefire.junit4.JUnit4Provider.executeTestSet(JUnit4Provider.java:141)
	at org.apache.maven.surefire.junit4.JUnit4Provider.invoke(JUnit4Provider.java:112)
	at java.base/jdk.internal.reflect.NativeMethodAccessorImpl.invoke0(Native Method)
	at java.base/jdk.internal.reflect.NativeMethodAccessorImpl.invoke(NativeMethodAccessorImpl.java:62)
	at java.base/jdk.internal.reflect.DelegatingMethodAccessorImpl.invoke(DelegatingMethodAccessorImpl.java:43)
	at java.base/java.lang.reflect.Method.invoke(Method.java:566)
	at org.apache.maven.surefire.util.ReflectionUtils.invokeMethodWithArray(ReflectionUtils.java:189)
	at org.apache.maven.surefire.booter.ProviderFactory$ProviderProxy.invoke(ProviderFactory.java:165)
	at org.apache.maven.surefire.booter.ProviderFactory.invokeProvider(ProviderFactory.java:85)
	at org.apache.maven.surefire.booter.ForkedBooter.runSuitesInProcess(ForkedBooter.java:115)
	at org.apache.maven.surefire.booter.ForkedBooter.main(ForkedBooter.java:75)
</failure>
    <system-out>22:48:23.940 [main] DEBUG o.t.u.PrefixingImageNameSubstitutor - No prefix is configured
22:48:23.963 [main] DEBUG o.t.utility.ImageNameSubstitutor - Did not find a substitute image for mailysm/menu-server:1.0.0 (using image substitutor: DefaultImageNameSubstitutor (composite of &apos;ConfigurationFileImageNameSubstitutor&apos; and &apos;PrefixingImageNameSubstitutor&apos;))
22:48:23.963 [main] DEBUG o.t.images.AbstractImagePullPolicy - Using locally available and not pulling image: mailysm/menu-server:1.0.0
22:48:23.963 [main] DEBUG üê≥ [mailysm/menu-server:1.0.0] - Starting container: mailysm/menu-server:1.0.0
22:48:23.963 [main] DEBUG üê≥ [mailysm/menu-server:1.0.0] - Trying to start container: mailysm/menu-server:1.0.0 (attempt 1/1)
22:48:23.963 [main] DEBUG üê≥ [mailysm/menu-server:1.0.0] - Starting container: mailysm/menu-server:1.0.0
22:48:23.963 [main] INFO  üê≥ [mailysm/menu-server:1.0.0] - Creating container for image: mailysm/menu-server:1.0.0
22:48:23.964 [main] DEBUG o.t.utility.RegistryAuthLocator - Looking up auth config for image: mailysm/menu-server:1.0.0 at registry: index.docker.io
22:48:23.974 [main] DEBUG o.t.utility.RegistryAuthLocator - No matching Auth Configs - falling back to defaultAuthConfig [null]
22:48:23.974 [main] DEBUG o.t.d.AuthDelegatingDockerClientConfig - Effective auth config [null]
22:48:23.974 [main] DEBUG o.t.s.c.g.d.c.command.AbstrDockerCmd - Cmd: org.testcontainers.shaded.com.github.dockerjava.core.command.CreateContainerCmdImpl@45e37a7e[name=&lt;null&gt;,hostName=&lt;null&gt;,domainName=&lt;null&gt;,user=&lt;null&gt;,attachStdin=&lt;null&gt;,attachStdout=&lt;null&gt;,attachStderr=&lt;null&gt;,portSpecs=&lt;null&gt;,tty=&lt;null&gt;,stdinOpen=&lt;null&gt;,stdInOnce=&lt;null&gt;,env={},cmd={},healthcheck=&lt;null&gt;,argsEscaped=&lt;null&gt;,entrypoint=&lt;null&gt;,image=mailysm/menu-server:1.0.0,volumes=Volumes(volumes=[]),workingDir=&lt;null&gt;,macAddress=&lt;null&gt;,onBuild=&lt;null&gt;,networkDisabled=&lt;null&gt;,exposedPorts=ExposedPorts(exposedPorts=[8080/tcp]),stopSignal=&lt;null&gt;,stopTimeout=&lt;null&gt;,hostConfig=HostConfig(binds=[], blkioWeight=null, blkioWeightDevice=null, blkioDeviceReadBps=null, blkioDeviceWriteBps=null, blkioDeviceReadIOps=null, blkioDeviceWriteIOps=null, memorySwappiness=null, nanoCPUs=null, capAdd=null, capDrop=null, containerIDFile=null, cpuPeriod=null, cpuRealtimePeriod=null, cpuRealtimeRuntime=null, cpuShares=null, cpuQuota=null, cpusetCpus=null, cpusetMems=null, devices=null, deviceCgroupRules=null, deviceRequests=null, diskQuota=null, dns=null, dnsOptions=null, dnsSearch=null, extraHosts=[], groupAdd=null, ipcMode=null, cgroup=null, links=[], logConfig=LogConfig(type=null, config=null), lxcConf=null, memory=null, memorySwap=null, memoryReservation=null, kernelMemory=null, networkMode=null, oomKillDisable=null, init=null, autoRemove=null, oomScoreAdj=null, portBindings={8080/tcp=[Lcom.github.dockerjava.api.model.Ports$Binding;@488eb7f2}, privileged=null, publishAllPorts=null, readonlyRootfs=null, restartPolicy=null, ulimits=null, cpuCount=null, cpuPercent=null, ioMaximumIOps=null, ioMaximumBandwidth=null, volumesFrom=[], mounts=null, pidMode=null, isolation=null, securityOpts=null, storageOpt=null, cgroupParent=null, volumeDriver=null, shmSize=null, pidsLimit=null, runtime=null, tmpFs=null, utSMode=null, usernsMode=null, sysctls=null, consoleSize=null),labels={org.testcontainers=true, org.testcontainers.sessionId=9146b6e3-da97-4d26-876d-8c297a218575},shell=&lt;null&gt;,networkingConfig=&lt;null&gt;,ipv4Address=&lt;null&gt;,ipv6Address=&lt;null&gt;,aliases=&lt;null&gt;,authConfig=&lt;null&gt;,platform=&lt;null&gt;]
22:48:24.006 [main] DEBUG c.g.d.z.s.o.a.h.c.h.i.c.InternalHttpClient - ex-00000017: preparing request execution
22:48:24.026 [main] DEBUG c.g.d.z.s.o.a.h.c.h.p.RequestAddCookies - Cookie spec selected: strict
22:48:24.026 [main] DEBUG c.g.d.z.s.o.a.h.c.h.p.RequestAuthCache - Auth cache not set in the context
22:48:24.026 [main] DEBUG c.g.d.z.s.o.a.h.c.h.i.c.ProtocolExec - ex-00000017: target auth state: UNCHALLENGED
22:48:24.026 [main] DEBUG c.g.d.z.s.o.a.h.c.h.i.c.ProtocolExec - ex-00000017: proxy auth state: UNCHALLENGED
22:48:24.026 [main] DEBUG c.g.d.z.s.o.a.h.c.h.i.c.ConnectExec - ex-00000017: acquiring connection with route {}-&gt;unix://localhost:2375
22:48:24.026 [main] DEBUG c.g.d.z.s.o.a.h.c.h.i.c.InternalHttpClient - ex-00000017: acquiring endpoint (3 MINUTES)
22:48:24.027 [main] DEBUG c.g.d.z.s.o.a.h.c.h.i.i.PoolingHttpClientConnectionManager - ex-00000017: endpoint lease request (3 MINUTES) [route: {}-&gt;unix://localhost:2375][total available: 1; route allocated: 1 of 2147483647; total allocated: 1 of 2147483647]
22:48:24.027 [main] DEBUG c.g.d.z.s.o.a.h.c.h.i.i.PoolingHttpClientConnectionManager - ex-00000017: endpoint leased [route: {}-&gt;unix://localhost:2375][total available: 0; route allocated: 1 of 2147483647; total allocated: 1 of 2147483647]
22:48:24.027 [main] DEBUG c.g.d.z.s.o.a.h.c.h.i.i.PoolingHttpClientConnectionManager - ex-00000017: acquired ep-00000016
22:48:24.027 [main] DEBUG c.g.d.z.s.o.a.h.c.h.i.c.InternalHttpClient - ex-00000017: acquired endpoint ep-00000016
22:48:24.027 [main] DEBUG c.g.d.z.s.o.a.h.c.h.i.c.MainClientExec - ex-00000017: executing POST /v1.32/containers/create HTTP/1.1
22:48:24.027 [main] DEBUG c.g.d.z.s.o.a.h.c.h.i.c.InternalHttpClient - ep-00000016: start execution ex-00000017
22:48:24.027 [main] DEBUG c.g.d.z.s.o.a.h.c.h.i.i.PoolingHttpClientConnectionManager - ep-00000016: executing exchange ex-00000017 over http-outgoing-3
22:48:24.027 [main] DEBUG c.g.d.z.s.o.a.h.client5.http.headers - http-outgoing-3 &gt;&gt; POST /v1.32/containers/create HTTP/1.1
22:48:24.033 [main] DEBUG c.g.d.z.s.o.a.h.client5.http.headers - http-outgoing-3 &gt;&gt; accept: application/json
22:48:24.033 [main] DEBUG c.g.d.z.s.o.a.h.client5.http.headers - http-outgoing-3 &gt;&gt; content-type: application/json
22:48:24.033 [main] DEBUG c.g.d.z.s.o.a.h.client5.http.headers - http-outgoing-3 &gt;&gt; Accept-Encoding: gzip, x-gzip, deflate
22:48:24.033 [main] DEBUG c.g.d.z.s.o.a.h.client5.http.headers - http-outgoing-3 &gt;&gt; Content-Length: 1933
22:48:24.033 [main] DEBUG c.g.d.z.s.o.a.h.client5.http.headers - http-outgoing-3 &gt;&gt; Host: localhost:2375
22:48:24.033 [main] DEBUG c.g.d.z.s.o.a.h.client5.http.headers - http-outgoing-3 &gt;&gt; Connection: keep-alive
22:48:24.033 [main] DEBUG c.g.d.z.s.o.a.h.client5.http.headers - http-outgoing-3 &gt;&gt; User-Agent: Apache-HttpClient/5.0.3 (Java/11.0.13)
22:48:24.033 [main] DEBUG c.g.d.z.s.o.a.hc.client5.http.wire - http-outgoing-3 &gt;&gt; &quot;POST /v1.32/containers/create HTTP/1.1[\r][\n]&quot;
22:48:24.033 [main] DEBUG c.g.d.z.s.o.a.hc.client5.http.wire - http-outgoing-3 &gt;&gt; &quot;accept: application/json[\r][\n]&quot;
22:48:24.033 [main] DEBUG c.g.d.z.s.o.a.hc.client5.http.wire - http-outgoing-3 &gt;&gt; &quot;content-type: application/json[\r][\n]&quot;
22:48:24.033 [main] DEBUG c.g.d.z.s.o.a.hc.client5.http.wire - http-outgoing-3 &gt;&gt; &quot;Accept-Encoding: gzip, x-gzip, deflate[\r][\n]&quot;
22:48:24.033 [main] DEBUG c.g.d.z.s.o.a.hc.client5.http.wire - http-outgoing-3 &gt;&gt; &quot;Content-Length: 1933[\r][\n]&quot;
22:48:24.033 [main] DEBUG c.g.d.z.s.o.a.hc.client5.http.wire - http-outgoing-3 &gt;&gt; &quot;Host: localhost:2375[\r][\n]&quot;
22:48:24.033 [main] DEBUG c.g.d.z.s.o.a.hc.client5.http.wire - http-outgoing-3 &gt;&gt; &quot;Connection: keep-alive[\r][\n]&quot;
22:48:24.033 [main] DEBUG c.g.d.z.s.o.a.hc.client5.http.wire - http-outgoing-3 &gt;&gt; &quot;User-Agent: Apache-HttpClient/5.0.3 (Java/11.0.13)[\r][\n]&quot;
22:48:24.033 [main] DEBUG c.g.d.z.s.o.a.hc.client5.http.wire - http-outgoing-3 &gt;&gt; &quot;[\r][\n]&quot;
22:48:24.034 [main] DEBUG c.g.d.z.s.o.a.hc.client5.http.wire - http-outgoing-3 &gt;&gt; &quot;{&quot;name&quot;:null,&quot;authConfig&quot;:null,&quot;platform&quot;:null,&quot;Hostname&quot;:null,&quot;Domainname&quot;:null,&quot;User&quot;:null,&quot;AttachStdin&quot;:null,&quot;AttachStdout&quot;:null,&quot;AttachStderr&quot;:null,&quot;PortSpecs&quot;:null,&quot;Tty&quot;:null,&quot;OpenStdin&quot;:null,&quot;StdinOnce&quot;:null,&quot;Env&quot;:[],&quot;Cmd&quot;:[],&quot;Healthcheck&quot;:null,&quot;ArgsEscaped&quot;:null,&quot;Entrypoint&quot;:null,&quot;Image&quot;:&quot;mailysm/menu-server:1.0.0&quot;,&quot;Volumes&quot;:{},&quot;WorkingDir&quot;:null,&quot;MacAddress&quot;:null,&quot;OnBuild&quot;:null,&quot;NetworkDisabled&quot;:null,&quot;ExposedPorts&quot;:{&quot;8080/tcp&quot;:{}},&quot;StopSignal&quot;:null,&quot;StopTimeout&quot;:null,&quot;HostConfig&quot;:{&quot;Binds&quot;:[],&quot;BlkioWeight&quot;:null,&quot;BlkioWeightDevice&quot;:null,&quot;BlkioDeviceReadBps&quot;:null,&quot;BlkioDeviceWriteBps&quot;:null,&quot;BlkioDeviceReadIOps&quot;:null,&quot;BlkioDeviceWriteIOps&quot;:null,&quot;MemorySwappiness&quot;:null,&quot;NanoCpus&quot;:null,&quot;CapAdd&quot;:null,&quot;CapDrop&quot;:null,&quot;ContainerIDFile&quot;:null,&quot;CpuPeriod&quot;:null,&quot;CpuRealtimePeriod&quot;:null,&quot;CpuRealtimeRuntime&quot;:null,&quot;CpuShares&quot;:null,&quot;CpuQuota&quot;:null,&quot;CpusetCpus&quot;:null,&quot;CpusetMems&quot;:null,&quot;Devices&quot;:null,&quot;DeviceCgroupRules&quot;:null,&quot;DeviceRequests&quot;:null,&quot;DiskQuota&quot;:null,&quot;Dns&quot;:null,&quot;DnsOptions&quot;:null,&quot;DnsSearch&quot;:null,&quot;ExtraHosts&quot;:[],&quot;GroupAdd&quot;:null,&quot;IpcMode&quot;:null,&quot;Cgroup&quot;:null,&quot;Links&quot;:[],&quot;LogConfig&quot;:null,&quot;LxcConf&quot;:null,&quot;Memory&quot;:null,&quot;MemorySwap&quot;:null,&quot;MemoryReservation&quot;:null,&quot;KernelMemory&quot;:null,&quot;NetworkMode&quot;:null,&quot;OomKillDisable&quot;:null,&quot;Init&quot;:null,&quot;AutoRemove&quot;:null,&quot;OomScoreAdj&quot;:null,&quot;PortBindings&quot;:{&quot;8080/tcp&quot;:[{&quot;HostIp&quot;:&quot;&quot;,&quot;HostPort&quot;:&quot;&quot;}]},&quot;Privileged&quot;:null,&quot;PublishAllPorts&quot;:null,&quot;ReadonlyRootfs&quot;:null,&quot;RestartPolicy&quot;:null,&quot;Ulimits&quot;:null,&quot;CpuCount&quot;:null,&quot;CpuPercent&quot;:null,&quot;IOMaximumIOps&quot;:null,&quot;IOMaximumBandwidth&quot;:null,&quot;VolumesFrom&quot;:[],&quot;Mounts&quot;:null,&quot;PidMode&quot;:null,&quot;Isolation&quot;:null,&quot;SecurityOpt&quot;:null,&quot;StorageOpt&quot;:null,&quot;CgroupParent&quot;:null,&quot;VolumeDriver&quot;:null,&quot;ShmSize&quot;:null,&quot;PidsLimit&quot;:null,&quot;Runtime&quot;:null,&quot;Tmpfs&quot;:null,&quot;UTSMode&quot;:null,&quot;UsernsMode&quot;:null,&quot;Sysctls&quot;:null,&quot;ConsoleSize&quot;:null},&quot;Labels&quot;:{&quot;org.testcontainers&quot;:&quot;true&quot;,&quot;org.testcontainers.sessionId&quot;:&quot;9146b6e3-da97-4d26-876d-8c297a218575&quot;},&quot;Shell&quot;:null,&quot;NetworkingConfig&quot;:null}&quot;
22:48:24.240 [main] DEBUG c.g.d.z.s.o.a.hc.client5.http.wire - http-outgoing-3 &lt;&lt; &quot;HTTP/1.1 201 Created[\r][\n]&quot;
22:48:24.240 [main] DEBUG c.g.d.z.s.o.a.hc.client5.http.wire - http-outgoing-3 &lt;&lt; &quot;Api-Version: 1.41[\r][\n]&quot;
22:48:24.240 [main] DEBUG c.g.d.z.s.o.a.hc.client5.http.wire - http-outgoing-3 &lt;&lt; &quot;Content-Type: application/json[\r][\n]&quot;
22:48:24.240 [main] DEBUG c.g.d.z.s.o.a.hc.client5.http.wire - http-outgoing-3 &lt;&lt; &quot;Docker-Experimental: false[\r][\n]&quot;
22:48:24.240 [main] DEBUG c.g.d.z.s.o.a.hc.client5.http.wire - http-outgoing-3 &lt;&lt; &quot;Ostype: linux[\r][\n]&quot;
22:48:24.240 [main] DEBUG c.g.d.z.s.o.a.hc.client5.http.wire - http-outgoing-3 &lt;&lt; &quot;Server: Docker/20.10.12 (linux)[\r][\n]&quot;
22:48:24.240 [main] DEBUG c.g.d.z.s.o.a.hc.client5.http.wire - http-outgoing-3 &lt;&lt; &quot;Date: Sun, 13 Feb 2022 21:48:24 GMT[\r][\n]&quot;
22:48:24.240 [main] DEBUG c.g.d.z.s.o.a.hc.client5.http.wire - http-outgoing-3 &lt;&lt; &quot;Content-Length: 88[\r][\n]&quot;
22:48:24.240 [main] DEBUG c.g.d.z.s.o.a.hc.client5.http.wire - http-outgoing-3 &lt;&lt; &quot;[\r][\n]&quot;
22:48:24.240 [main] DEBUG c.g.d.z.s.o.a.hc.client5.http.wire - http-outgoing-3 &lt;&lt; &quot;{&quot;Id&quot;:&quot;aa6f16155ec7bc5f538d4a7724907940507d1503be109380040678518e6b5789&quot;,&quot;Warnings&quot;:[]}[\n]&quot;
22:48:24.240 [main] DEBUG c.g.d.z.s.o.a.h.client5.http.headers - http-outgoing-3 &lt;&lt; HTTP/1.1 201 Created
22:48:24.240 [main] DEBUG c.g.d.z.s.o.a.h.client5.http.headers - http-outgoing-3 &lt;&lt; Api-Version: 1.41
22:48:24.240 [main] DEBUG c.g.d.z.s.o.a.h.client5.http.headers - http-outgoing-3 &lt;&lt; Content-Type: application/json
22:48:24.240 [main] DEBUG c.g.d.z.s.o.a.h.client5.http.headers - http-outgoing-3 &lt;&lt; Docker-Experimental: false
22:48:24.240 [main] DEBUG c.g.d.z.s.o.a.h.client5.http.headers - http-outgoing-3 &lt;&lt; Ostype: linux
22:48:24.240 [main] DEBUG c.g.d.z.s.o.a.h.client5.http.headers - http-outgoing-3 &lt;&lt; Server: Docker/20.10.12 (linux)
22:48:24.240 [main] DEBUG c.g.d.z.s.o.a.h.client5.http.headers - http-outgoing-3 &lt;&lt; Date: Sun, 13 Feb 2022 21:48:24 GMT
22:48:24.240 [main] DEBUG c.g.d.z.s.o.a.h.client5.http.headers - http-outgoing-3 &lt;&lt; Content-Length: 88
22:48:24.242 [main] DEBUG c.g.d.z.s.o.a.h.c.h.i.c.MainClientExec - ex-00000017: connection can be kept alive for 3 MINUTES
22:48:24.242 [main] DEBUG c.g.d.z.s.o.a.h.c.h.i.c.InternalHttpClient - ep-00000016: releasing valid endpoint
22:48:24.242 [main] DEBUG c.g.d.z.s.o.a.h.c.h.i.i.PoolingHttpClientConnectionManager - ep-00000016: releasing endpoint
22:48:24.242 [main] DEBUG c.g.d.z.s.o.a.h.c.h.i.i.PoolingHttpClientConnectionManager - ep-00000016: connection http-outgoing-3 can be kept alive for 3 MINUTES
22:48:24.242 [main] DEBUG c.g.d.z.s.o.a.h.c.h.i.i.PoolingHttpClientConnectionManager - ep-00000016: connection released [route: {}-&gt;unix://localhost:2375][total available: 1; route allocated: 1 of 2147483647; total allocated: 1 of 2147483647]
22:48:24.242 [main] INFO  üê≥ [mailysm/menu-server:1.0.0] - Container mailysm/menu-server:1.0.0 is starting: aa6f16155ec7bc5f538d4a7724907940507d1503be109380040678518e6b5789
22:48:24.242 [main] DEBUG o.t.s.c.g.d.c.command.AbstrDockerCmd - Cmd: aa6f16155ec7bc5f538d4a7724907940507d1503be109380040678518e6b5789
22:48:24.243 [main] DEBUG c.g.d.z.s.o.a.h.c.h.i.c.InternalHttpClient - ex-00000018: preparing request execution
22:48:24.243 [main] DEBUG c.g.d.z.s.o.a.h.c.h.p.RequestAddCookies - Cookie spec selected: strict
22:48:24.243 [main] DEBUG c.g.d.z.s.o.a.h.c.h.p.RequestAuthCache - Auth cache not set in the context
22:48:24.243 [main] DEBUG c.g.d.z.s.o.a.h.c.h.i.c.ProtocolExec - ex-00000018: target auth state: UNCHALLENGED
22:48:24.243 [main] DEBUG c.g.d.z.s.o.a.h.c.h.i.c.ProtocolExec - ex-00000018: proxy auth state: UNCHALLENGED
22:48:24.243 [main] DEBUG c.g.d.z.s.o.a.h.c.h.i.c.ConnectExec - ex-00000018: acquiring connection with route {}-&gt;unix://localhost:2375
22:48:24.243 [main] DEBUG c.g.d.z.s.o.a.h.c.h.i.c.InternalHttpClient - ex-00000018: acquiring endpoint (3 MINUTES)
22:48:24.243 [main] DEBUG c.g.d.z.s.o.a.h.c.h.i.i.PoolingHttpClientConnectionManager - ex-00000018: endpoint lease request (3 MINUTES) [route: {}-&gt;unix://localhost:2375][total available: 1; route allocated: 1 of 2147483647; total allocated: 1 of 2147483647]
22:48:24.243 [main] DEBUG c.g.d.z.s.o.a.h.c.h.i.i.PoolingHttpClientConnectionManager - ex-00000018: endpoint leased [route: {}-&gt;unix://localhost:2375][total available: 0; route allocated: 1 of 2147483647; total allocated: 1 of 2147483647]
22:48:24.243 [main] DEBUG c.g.d.z.s.o.a.h.c.h.i.i.PoolingHttpClientConnectionManager - ex-00000018: acquired ep-00000017
22:48:24.243 [main] DEBUG c.g.d.z.s.o.a.h.c.h.i.c.InternalHttpClient - ex-00000018: acquired endpoint ep-00000017
22:48:24.243 [main] DEBUG c.g.d.z.s.o.a.h.c.h.i.c.MainClientExec - ex-00000018: executing POST /v1.32/containers/aa6f16155ec7bc5f538d4a7724907940507d1503be109380040678518e6b5789/start HTTP/1.1
22:48:24.243 [main] DEBUG c.g.d.z.s.o.a.h.c.h.i.c.InternalHttpClient - ep-00000017: start execution ex-00000018
22:48:24.243 [main] DEBUG c.g.d.z.s.o.a.h.c.h.i.i.PoolingHttpClientConnectionManager - ep-00000017: executing exchange ex-00000018 over http-outgoing-3
22:48:24.243 [main] DEBUG c.g.d.z.s.o.a.h.client5.http.headers - http-outgoing-3 &gt;&gt; POST /v1.32/containers/aa6f16155ec7bc5f538d4a7724907940507d1503be109380040678518e6b5789/start HTTP/1.1
22:48:24.243 [main] DEBUG c.g.d.z.s.o.a.h.client5.http.headers - http-outgoing-3 &gt;&gt; accept: application/json
22:48:24.243 [main] DEBUG c.g.d.z.s.o.a.h.client5.http.headers - http-outgoing-3 &gt;&gt; content-type: application/json
22:48:24.243 [main] DEBUG c.g.d.z.s.o.a.h.client5.http.headers - http-outgoing-3 &gt;&gt; Accept-Encoding: gzip, x-gzip, deflate
22:48:24.244 [main] DEBUG c.g.d.z.s.o.a.h.client5.http.headers - http-outgoing-3 &gt;&gt; Host: localhost:2375
22:48:24.244 [main] DEBUG c.g.d.z.s.o.a.h.client5.http.headers - http-outgoing-3 &gt;&gt; Connection: keep-alive
22:48:24.244 [main] DEBUG c.g.d.z.s.o.a.h.client5.http.headers - http-outgoing-3 &gt;&gt; User-Agent: Apache-HttpClient/5.0.3 (Java/11.0.13)
22:48:24.244 [main] DEBUG c.g.d.z.s.o.a.hc.client5.http.wire - http-outgoing-3 &gt;&gt; &quot;POST /v1.32/containers/aa6f16155ec7bc5f538d4a7724907940507d1503be109380040678518e6b5789/start HTTP/1.1[\r][\n]&quot;
22:48:24.244 [main] DEBUG c.g.d.z.s.o.a.hc.client5.http.wire - http-outgoing-3 &gt;&gt; &quot;accept: application/json[\r][\n]&quot;
22:48:24.244 [main] DEBUG c.g.d.z.s.o.a.hc.client5.http.wire - http-outgoing-3 &gt;&gt; &quot;content-type: application/json[\r][\n]&quot;
22:48:24.244 [main] DEBUG c.g.d.z.s.o.a.hc.client5.http.wire - http-outgoing-3 &gt;&gt; &quot;Accept-Encoding: gzip, x-gzip, deflate[\r][\n]&quot;
22:48:24.244 [main] DEBUG c.g.d.z.s.o.a.hc.client5.http.wire - http-outgoing-3 &gt;&gt; &quot;Host: localhost:2375[\r][\n]&quot;
22:48:24.244 [main] DEBUG c.g.d.z.s.o.a.hc.client5.http.wire - http-outgoing-3 &gt;&gt; &quot;Connection: keep-alive[\r][\n]&quot;
22:48:24.244 [main] DEBUG c.g.d.z.s.o.a.hc.client5.http.wire - http-outgoing-3 &gt;&gt; &quot;User-Agent: Apache-HttpClient/5.0.3 (Java/11.0.13)[\r][\n]&quot;
22:48:24.244 [main] DEBUG c.g.d.z.s.o.a.hc.client5.http.wire - http-outgoing-3 &gt;&gt; &quot;[\r][\n]&quot;
22:48:25.415 [main] DEBUG c.g.d.z.s.o.a.hc.client5.http.wire - http-outgoing-3 &lt;&lt; &quot;HTTP/1.1 204 No Content[\r][\n]&quot;
22:48:25.415 [main] DEBUG c.g.d.z.s.o.a.hc.client5.http.wire - http-outgoing-3 &lt;&lt; &quot;Api-Version: 1.41[\r][\n]&quot;
22:48:25.415 [main] DEBUG c.g.d.z.s.o.a.hc.client5.http.wire - http-outgoing-3 &lt;&lt; &quot;Docker-Experimental: false[\r][\n]&quot;
22:48:25.415 [main] DEBUG c.g.d.z.s.o.a.hc.client5.http.wire - http-outgoing-3 &lt;&lt; &quot;Ostype: linux[\r][\n]&quot;
22:48:25.415 [main] DEBUG c.g.d.z.s.o.a.hc.client5.http.wire - http-outgoing-3 &lt;&lt; &quot;Server: Docker/20.10.12 (linux)[\r][\n]&quot;
22:48:25.415 [main] DEBUG c.g.d.z.s.o.a.hc.client5.http.wire - http-outgoing-3 &lt;&lt; &quot;Date: Sun, 13 Feb 2022 21:48:25 GMT[\r][\n]&quot;
22:48:25.415 [main] DEBUG c.g.d.z.s.o.a.hc.client5.http.wire - http-outgoing-3 &lt;&lt; &quot;[\r][\n]&quot;
22:48:25.415 [main] DEBUG c.g.d.z.s.o.a.h.client5.http.headers - http-outgoing-3 &lt;&lt; HTTP/1.1 204 No Content
22:48:25.456 [main] DEBUG c.g.d.z.s.o.a.h.client5.http.headers - http-outgoing-3 &lt;&lt; Api-Version: 1.41
22:48:25.456 [main] DEBUG c.g.d.z.s.o.a.h.client5.http.headers - http-outgoing-3 &lt;&lt; Docker-Experimental: false
22:48:25.456 [main] DEBUG c.g.d.z.s.o.a.h.client5.http.headers - http-outgoing-3 &lt;&lt; Ostype: linux
22:48:25.456 [main] DEBUG c.g.d.z.s.o.a.h.client5.http.headers - http-outgoing-3 &lt;&lt; Server: Docker/20.10.12 (linux)
22:48:25.456 [main] DEBUG c.g.d.z.s.o.a.h.client5.http.headers - http-outgoing-3 &lt;&lt; Date: Sun, 13 Feb 2022 21:48:25 GMT
22:48:25.456 [main] DEBUG c.g.d.z.s.o.a.h.c.h.i.c.MainClientExec - ex-00000018: connection can be kept alive for 3 MINUTES
22:48:25.456 [main] DEBUG c.g.d.z.s.o.a.h.c.h.i.c.InternalHttpClient - ep-00000017: releasing valid endpoint
22:48:25.456 [main] DEBUG c.g.d.z.s.o.a.h.c.h.i.i.PoolingHttpClientConnectionManager - ep-00000017: releasing endpoint
22:48:25.456 [main] DEBUG c.g.d.z.s.o.a.h.c.h.i.i.PoolingHttpClientConnectionManager - ep-00000017: connection http-outgoing-3 can be kept alive for 3 MINUTES
22:48:25.456 [main] DEBUG c.g.d.z.s.o.a.h.c.h.i.i.PoolingHttpClientConnectionManager - ep-00000017: connection released [route: {}-&gt;unix://localhost:2375][total available: 1; route allocated: 1 of 2147483647; total allocated: 1 of 2147483647]
22:48:25.460 [main] DEBUG o.t.s.c.g.d.c.command.AbstrDockerCmd - Cmd: aa6f16155ec7bc5f538d4a7724907940507d1503be109380040678518e6b5789,false
22:48:25.461 [main] DEBUG o.t.s.c.g.d.c.e.InspectContainerCmdExec - GET: DefaultWebTarget{path=[/containers/aa6f16155ec7bc5f538d4a7724907940507d1503be109380040678518e6b5789/json], queryParams={}}
22:48:25.461 [main] DEBUG c.g.d.z.s.o.a.h.c.h.i.c.InternalHttpClient - ex-00000019: preparing request execution
22:48:25.461 [main] DEBUG c.g.d.z.s.o.a.h.c.h.p.RequestAddCookies - Cookie spec selected: strict
22:48:25.461 [main] DEBUG c.g.d.z.s.o.a.h.c.h.p.RequestAuthCache - Auth cache not set in the context
22:48:25.461 [main] DEBUG c.g.d.z.s.o.a.h.c.h.i.c.ProtocolExec - ex-00000019: target auth state: UNCHALLENGED
22:48:25.461 [main] DEBUG c.g.d.z.s.o.a.h.c.h.i.c.ProtocolExec - ex-00000019: proxy auth state: UNCHALLENGED
22:48:25.461 [main] DEBUG c.g.d.z.s.o.a.h.c.h.i.c.ConnectExec - ex-00000019: acquiring connection with route {}-&gt;unix://localhost:2375
22:48:25.461 [main] DEBUG c.g.d.z.s.o.a.h.c.h.i.c.InternalHttpClient - ex-00000019: acquiring endpoint (3 MINUTES)
22:48:25.461 [main] DEBUG c.g.d.z.s.o.a.h.c.h.i.i.PoolingHttpClientConnectionManager - ex-00000019: endpoint lease request (3 MINUTES) [route: {}-&gt;unix://localhost:2375][total available: 1; route allocated: 1 of 2147483647; total allocated: 1 of 2147483647]
22:48:25.461 [main] DEBUG c.g.d.z.s.o.a.h.c.h.i.i.PoolingHttpClientConnectionManager - ex-00000019: endpoint leased [route: {}-&gt;unix://localhost:2375][total available: 0; route allocated: 1 of 2147483647; total allocated: 1 of 2147483647]
22:48:25.461 [main] DEBUG c.g.d.z.s.o.a.h.c.h.i.i.PoolingHttpClientConnectionManager - ex-00000019: acquired ep-00000018
22:48:25.461 [main] DEBUG c.g.d.z.s.o.a.h.c.h.i.c.InternalHttpClient - ex-00000019: acquired endpoint ep-00000018
22:48:25.461 [main] DEBUG c.g.d.z.s.o.a.h.c.h.i.c.MainClientExec - ex-00000019: executing GET /v1.32/containers/aa6f16155ec7bc5f538d4a7724907940507d1503be109380040678518e6b5789/json HTTP/1.1
22:48:25.461 [main] DEBUG c.g.d.z.s.o.a.h.c.h.i.c.InternalHttpClient - ep-00000018: start execution ex-00000019
22:48:25.461 [main] DEBUG c.g.d.z.s.o.a.h.c.h.i.i.PoolingHttpClientConnectionManager - ep-00000018: executing exchange ex-00000019 over http-outgoing-3
22:48:25.462 [main] DEBUG c.g.d.z.s.o.a.h.client5.http.headers - http-outgoing-3 &gt;&gt; GET /v1.32/containers/aa6f16155ec7bc5f538d4a7724907940507d1503be109380040678518e6b5789/json HTTP/1.1
22:48:25.462 [main] DEBUG c.g.d.z.s.o.a.h.client5.http.headers - http-outgoing-3 &gt;&gt; accept: application/json
22:48:25.462 [main] DEBUG c.g.d.z.s.o.a.h.client5.http.headers - http-outgoing-3 &gt;&gt; Accept-Encoding: gzip, x-gzip, deflate
22:48:25.462 [main] DEBUG c.g.d.z.s.o.a.h.client5.http.headers - http-outgoing-3 &gt;&gt; Host: localhost:2375
22:48:25.462 [main] DEBUG c.g.d.z.s.o.a.h.client5.http.headers - http-outgoing-3 &gt;&gt; Connection: keep-alive
22:48:25.462 [main] DEBUG c.g.d.z.s.o.a.h.client5.http.headers - http-outgoing-3 &gt;&gt; User-Agent: Apache-HttpClient/5.0.3 (Java/11.0.13)
22:48:25.462 [main] DEBUG c.g.d.z.s.o.a.hc.client5.http.wire - http-outgoing-3 &gt;&gt; &quot;GET /v1.32/containers/aa6f16155ec7bc5f538d4a7724907940507d1503be109380040678518e6b5789/json HTTP/1.1[\r][\n]&quot;
22:48:25.462 [main] DEBUG c.g.d.z.s.o.a.hc.client5.http.wire - http-outgoing-3 &gt;&gt; &quot;accept: application/json[\r][\n]&quot;
22:48:25.462 [main] DEBUG c.g.d.z.s.o.a.hc.client5.http.wire - http-outgoing-3 &gt;&gt; &quot;Accept-Encoding: gzip, x-gzip, deflate[\r][\n]&quot;
22:48:25.462 [main] DEBUG c.g.d.z.s.o.a.hc.client5.http.wire - http-outgoing-3 &gt;&gt; &quot;Host: localhost:2375[\r][\n]&quot;
22:48:25.462 [main] DEBUG c.g.d.z.s.o.a.hc.client5.http.wire - http-outgoing-3 &gt;&gt; &quot;Connection: keep-alive[\r][\n]&quot;
22:48:25.462 [main] DEBUG c.g.d.z.s.o.a.hc.client5.http.wire - http-outgoing-3 &gt;&gt; &quot;User-Agent: Apache-HttpClient/5.0.3 (Java/11.0.13)[\r][\n]&quot;
22:48:25.462 [main] DEBUG c.g.d.z.s.o.a.hc.client5.http.wire - http-outgoing-3 &gt;&gt; &quot;[\r][\n]&quot;
22:48:25.466 [main] DEBUG c.g.d.z.s.o.a.hc.client5.http.wire - http-outgoing-3 &lt;&lt; &quot;HTTP/1.1 200 OK[\r][\n]&quot;
22:48:25.466 [main] DEBUG c.g.d.z.s.o.a.hc.client5.http.wire - http-outgoing-3 &lt;&lt; &quot;Api-Version: 1.41[\r][\n]&quot;
22:48:25.466 [main] DEBUG c.g.d.z.s.o.a.hc.client5.http.wire - http-outgoing-3 &lt;&lt; &quot;Content-Type: application/json[\r][\n]&quot;
22:48:25.466 [main] DEBUG c.g.d.z.s.o.a.hc.client5.http.wire - http-outgoing-3 &lt;&lt; &quot;Docker-Experimental: false[\r][\n]&quot;
22:48:25.467 [main] DEBUG c.g.d.z.s.o.a.hc.client5.http.wire - http-outgoing-3 &lt;&lt; &quot;Ostype: linux[\r][\n]&quot;
22:48:25.467 [main] DEBUG c.g.d.z.s.o.a.hc.client5.http.wire - http-outgoing-3 &lt;&lt; &quot;Server: Docker/20.10.12 (linux)[\r][\n]&quot;
22:48:25.467 [main] DEBUG c.g.d.z.s.o.a.hc.client5.http.wire - http-outgoing-3 &lt;&lt; &quot;Date: Sun, 13 Feb 2022 21:48:25 GMT[\r][\n]&quot;
22:48:25.468 [main] DEBUG c.g.d.z.s.o.a.hc.client5.http.wire - http-outgoing-3 &lt;&lt; &quot;Transfer-Encoding: chunked[\r][\n]&quot;
22:48:25.468 [main] DEBUG c.g.d.z.s.o.a.hc.client5.http.wire - http-outgoing-3 &lt;&lt; &quot;[\r][\n]&quot;
22:48:25.468 [main] DEBUG c.g.d.z.s.o.a.hc.client5.http.wire - http-outgoing-3 &lt;&lt; &quot;1459[\r][\n]&quot;
22:48:25.468 [main] DEBUG c.g.d.z.s.o.a.hc.client5.http.wire - http-outgoing-3 &lt;&lt; &quot;{&quot;Id&quot;:&quot;aa6f16155ec7bc5f538d4a7724907940507d1503be109380040678518e6b5789&quot;,&quot;Created&quot;:&quot;2022-02-13T21:48:24.041651243Z&quot;,&quot;Path&quot;:&quot;java&quot;,&quot;Args&quot;:[&quot;-jar&quot;,&quot;/opt/app/menu-server.jar&quot;,&quot;--server.port=8080&quot;],&quot;State&quot;:{&quot;Status&quot;:&quot;running&quot;,&quot;Running&quot;:true,&quot;Paused&quot;:false,&quot;Restarting&quot;:false,&quot;OOMKilled&quot;:false,&quot;Dead&quot;:false,&quot;Pid&quot;:75487,&quot;ExitCode&quot;:0,&quot;Error&quot;:&quot;&quot;,&quot;StartedAt&quot;:&quot;2022-02-13T21:48:25.408147454Z&quot;,&quot;FinishedAt&quot;:&quot;0001-01-01T00:00:00Z&quot;},&quot;Image&quot;:&quot;sha256:35ab7218180bf82c747ec97428348ff28028aebb6b860f6cff6cd03d1cef9f37&quot;,&quot;ResolvConfPath&quot;:&quot;/var/lib/docker/containers/aa6f16155ec7bc5f538d4a7724907940507d1503be109380040678518e6b5789/resolv.conf&quot;,&quot;HostnamePath&quot;:&quot;/var/lib/docker/containers/aa6f16155ec7bc5f538d4a7724907940507d1503be109380040678518e6b5789/hostname&quot;,&quot;HostsPath&quot;:&quot;/var/lib/docker/containers/aa6f16155ec7bc5f538d4a7724907940507d1503be109380040678518e6b5789/hosts&quot;,&quot;LogPath&quot;:&quot;/var/lib/docker/containers/aa6f16155ec7bc5f538d4a7724907940507d1503be109380040678518e6b5789/aa6f16155ec7bc5f538d4a7724907940507d1503be109380040678518e6b5789-json.log&quot;,&quot;Name&quot;:&quot;/peaceful_newton&quot;,&quot;RestartCount&quot;:0,&quot;Driver&quot;:&quot;overlay2&quot;,&quot;Platform&quot;:&quot;linux&quot;,&quot;MountLabel&quot;:&quot;&quot;,&quot;ProcessLabel&quot;:&quot;&quot;,&quot;AppArmorProfile&quot;:&quot;docker-default&quot;,&quot;ExecIDs&quot;:null,&quot;HostConfig&quot;:{&quot;Binds&quot;:[],&quot;ContainerIDFile&quot;:&quot;&quot;,&quot;LogConfig&quot;:{&quot;Type&quot;:&quot;json-file&quot;,&quot;Config&quot;:{}},&quot;NetworkMode&quot;:&quot;default&quot;,&quot;PortBindings&quot;:{&quot;8080/tcp&quot;:[{&quot;HostIp&quot;:&quot;&quot;,&quot;HostPort&quot;:&quot;&quot;}]},&quot;RestartPolicy&quot;:{&quot;Name&quot;:&quot;&quot;,&quot;MaximumRetryCount&quot;:0},&quot;AutoRemove&quot;:false,&quot;VolumeDriver&quot;:&quot;&quot;,&quot;VolumesFrom&quot;:[],&quot;CapAdd&quot;:null,&quot;CapDrop&quot;:null,&quot;CgroupnsMode&quot;:&quot;host&quot;,&quot;Dns&quot;:null,&quot;DnsOptions&quot;:null,&quot;DnsSearch&quot;:null,&quot;ExtraHosts&quot;:[],&quot;GroupAdd&quot;:null,&quot;IpcMode&quot;:&quot;shareable&quot;,&quot;Cgroup&quot;:&quot;&quot;,&quot;Links&quot;:null,&quot;OomScoreAdj&quot;:0,&quot;PidMode&quot;:&quot;&quot;,&quot;Privileged&quot;:false,&quot;PublishAllPorts&quot;:false,&quot;ReadonlyRootfs&quot;:false,&quot;SecurityOpt&quot;:null,&quot;UTSMode&quot;:&quot;&quot;,&quot;UsernsMode&quot;:&quot;&quot;,&quot;ShmSize&quot;:67108864,&quot;Runtime&quot;:&quot;runc&quot;,&quot;ConsoleSize&quot;:[0,0],&quot;Isolation&quot;:&quot;&quot;,&quot;CpuShares&quot;:0,&quot;Memory&quot;:0,&quot;NanoCpus&quot;:0,&quot;CgroupParent&quot;:&quot;&quot;,&quot;BlkioWeight&quot;:0,&quot;BlkioWeightDevice&quot;:null,&quot;BlkioDeviceReadBps&quot;:null,&quot;BlkioDeviceWriteBps&quot;:null,&quot;BlkioDeviceReadIOps&quot;:null,&quot;BlkioDeviceWriteIOps&quot;:null,&quot;CpuPeriod&quot;:0,&quot;CpuQuota&quot;:0,&quot;CpuRealtimePeriod&quot;:0,&quot;CpuRealtimeRuntime&quot;:0,&quot;CpusetCpus&quot;:&quot;&quot;,&quot;CpusetMems&quot;:&quot;&quot;,&quot;Devices&quot;:null,&quot;DeviceCgroupRules&quot;:null,&quot;DeviceRequests&quot;:null,&quot;KernelMemory&quot;:0,&quot;KernelMemoryTCP&quot;:0,&quot;MemoryReservation&quot;:0,&quot;MemorySwap&quot;:0,&quot;MemorySwappiness&quot;:null,&quot;OomKillDisable&quot;:false,&quot;PidsLimit&quot;:null,&quot;Ulimits&quot;:null,&quot;CpuCount&quot;:0,&quot;CpuPercent&quot;:0,&quot;IOMaximumIOps&quot;:0,&quot;IOMaximumBandwidth&quot;:0,&quot;MaskedPaths&quot;:[&quot;/proc/asound&quot;,&quot;/proc/acpi&quot;,&quot;/proc/kcore&quot;,&quot;/proc/keys&quot;,&quot;/proc/latency_stats&quot;,&quot;/proc/timer_list&quot;,&quot;/proc/timer_stats&quot;,&quot;/proc/sched_debug&quot;,&quot;/proc/scsi&quot;,&quot;/sys/firmware&quot;],&quot;ReadonlyPaths&quot;:[&quot;/proc/bus&quot;,&quot;/proc/fs&quot;,&quot;/proc/irq&quot;,&quot;/proc/sys&quot;,&quot;/proc/sysrq-trigger&quot;]},&quot;GraphDriver&quot;:{&quot;Data&quot;:{&quot;LowerDir&quot;:&quot;/var/lib/docker/overlay2/1fa43cd180228652a417ab4fdec30c46716818d569b1fd013c93a9fc6111e539-init/diff:/var/lib/docker/overlay2/b55ba49ce0a253837ca2f311ae89d6e2747163dfca37054daada71ac77a97d88/diff:/var/lib/docker/overlay2/84f1f4ada2daa8441cfcea481c746025190200e4b4e0cdbbc9c2e5de040b4985/diff:/var/lib/docker/overlay2/b6de60f3e8585c90976a17d31a0fe98cfbe4648dea139805da15e886bf52280e/diff&quot;,&quot;MergedDir&quot;:&quot;/var/lib/docker/overlay2/1fa43cd180228652a417ab4fdec30c46716818d569b1fd013c93a9fc6111e539/merged&quot;,&quot;UpperDir&quot;:&quot;/var/lib/docker/overlay2/1fa43cd180228652a417ab4fdec30c46716818d569b1fd013c93a9fc6111e539/diff&quot;,&quot;WorkDir&quot;:&quot;/var/lib/docker/overlay2/1fa43cd180228652a417ab4fdec30c46716818d569b1fd013c93a9fc6111e539/work&quot;},&quot;Name&quot;:&quot;overlay2&quot;},&quot;Mounts&quot;:[],&quot;Config&quot;:{&quot;Hostname&quot;:&quot;aa6f16155ec7&quot;,&quot;Domainname&quot;:&quot;&quot;,&quot;User&quot;:&quot;&quot;,&quot;AttachStdin&quot;:false,&quot;AttachStdout&quot;:false,&quot;AttachStderr&quot;:false,&quot;ExposedPorts&quot;:{&quot;8080/tcp&quot;:{}},&quot;Tty&quot;:false,&quot;OpenStdin&quot;:false,&quot;StdinOnce&quot;:false,&quot;Env&quot;:[&quot;PATH=/usr/local/sbin:/usr/local/bin:/usr/sbin:/usr/bin:/sbin:/bin&quot;,&quot;LANG=en_US.UTF-8&quot;,&quot;LANGUAGE=en_US:en&quot;,&quot;LC_ALL=en_US.UTF-8&quot;,&quot;JAVA_HOME=/usr/lib/jvm/zulu11-ca-amd64&quot;],&quot;Cmd&quot;:[&quot;java&quot;,&quot;-jar&quot;,&quot;/opt/app/menu-server.jar&quot;,&quot;--server.port=8080&quot;],&quot;Image&quot;:&quot;mailysm/menu-server:1.0.0&quot;,&quot;Volumes&quot;:null,&quot;WorkingDir&quot;:&quot;&quot;,&quot;Entrypoint&quot;:null,&quot;OnBuild&quot;:null,&quot;Labels&quot;:{&quot;org.testcontainers&quot;:&quot;true&quot;,&quot;org.testcontainers.sessionId&quot;:&quot;9146b6e3-da97-4d26-876d-8c297a218575&quot;}},&quot;NetworkSettings&quot;:{&quot;Bridge&quot;:&quot;&quot;,&quot;SandboxID&quot;:&quot;a5bc9b45fa6105192279fb81e35de55c53bc1b474e641e05963b204243c6d0fc&quot;,&quot;HairpinMode&quot;:false,&quot;LinkLocalIPv6Address&quot;:&quot;&quot;,&quot;LinkLocalIPv6PrefixLen&quot;:0,&quot;Ports&quot;:{&quot;8080/tcp&quot;:[{&quot;HostIp&quot;:&quot;0.0.0.0&quot;,&quot;HostPort&quot;:&quot;49205&quot;},{&quot;HostIp&quot;:&quot;::&quot;,&quot;HostPort&quot;:&quot;49205&quot;}]},&quot;SandboxKey&quot;:&quot;/var/run/docker/netns/a5bc9b45fa61&quot;,&quot;SecondaryIPAddresses&quot;:null,&quot;SecondaryIPv6Addresses&quot;:null,&quot;EndpointID&quot;:&quot;fe89e2ddc1353eeb8cadfb40cfbac8ac349ad224ca97e54c4d327bf2973c2cc5&quot;,&quot;Gateway&quot;:&quot;172.17.0.1&quot;,&quot;GlobalIPv6Address&quot;:&quot;&quot;,&quot;GlobalIPv6PrefixLen&quot;:0,&quot;IPAddress&quot;:&quot;172.17.0.3&quot;,&quot;IPPrefixLen&quot;:16,&quot;IPv6Gateway&quot;:&quot;&quot;,&quot;MacAddress&quot;:&quot;02:42:ac:11:00:03&quot;,&quot;Networks&quot;:{&quot;bridge&quot;:{&quot;IPAMConfig&quot;:null,&quot;Links&quot;:null,&quot;Aliases&quot;:null,&quot;NetworkID&quot;:&quot;7fea8d8f25168661bbec75b303f62f73cfb20a15e4c52abad652a1b1174bf236&quot;,&quot;EndpointID&quot;:&quot;fe89e2ddc1353eeb8cadfb40cfbac8ac349ad224ca97e54c4d327bf2973c2cc5&quot;,&quot;Gateway&quot;:&quot;172.17.0.1&quot;,&quot;IPAddress&quot;:&quot;172.17.0.3&quot;,&quot;IPPrefixLen&quot;:16,&quot;IPv6Gateway&quot;:&quot;&quot;,&quot;GlobalIPv6Address&quot;:&quot;&quot;,&quot;GlobalIPv6PrefixLen&quot;:0,&quot;MacAddress&quot;:&quot;02:42:ac:11:00:03&quot;,&quot;DriverOpts&quot;:null}}}}[\n]&quot;
22:48:25.470 [main] DEBUG c.g.d.z.s.o.a.hc.client5.http.wire - http-outgoing-3 &lt;&lt; &quot;[\r][\n]&quot;
22:48:25.472 [main] DEBUG c.g.d.z.s.o.a.hc.client5.http.wire - http-outgoing-3 &lt;&lt; &quot;0[\r][\n]&quot;
22:48:25.472 [main] DEBUG c.g.d.z.s.o.a.hc.client5.http.wire - http-outgoing-3 &lt;&lt; &quot;[\r][\n]&quot;
22:48:25.478 [main] DEBUG c.g.d.z.s.o.a.h.client5.http.headers - http-outgoing-3 &lt;&lt; HTTP/1.1 200 OK
22:48:25.478 [main] DEBUG c.g.d.z.s.o.a.h.client5.http.headers - http-outgoing-3 &lt;&lt; Api-Version: 1.41
22:48:25.478 [main] DEBUG c.g.d.z.s.o.a.h.client5.http.headers - http-outgoing-3 &lt;&lt; Content-Type: application/json
22:48:25.478 [main] DEBUG c.g.d.z.s.o.a.h.client5.http.headers - http-outgoing-3 &lt;&lt; Docker-Experimental: false
22:48:25.480 [main] DEBUG c.g.d.z.s.o.a.h.client5.http.headers - http-outgoing-3 &lt;&lt; Ostype: linux
22:48:25.480 [main] DEBUG c.g.d.z.s.o.a.h.client5.http.headers - http-outgoing-3 &lt;&lt; Server: Docker/20.10.12 (linux)
22:48:25.480 [main] DEBUG c.g.d.z.s.o.a.h.client5.http.headers - http-outgoing-3 &lt;&lt; Date: Sun, 13 Feb 2022 21:48:25 GMT
22:48:25.480 [main] DEBUG c.g.d.z.s.o.a.h.client5.http.headers - http-outgoing-3 &lt;&lt; Transfer-Encoding: chunked
22:48:25.480 [main] DEBUG c.g.d.z.s.o.a.h.c.h.i.c.MainClientExec - ex-00000019: connection can be kept alive for 3 MINUTES
22:48:25.508 [main] DEBUG c.g.d.z.s.o.a.h.c.h.i.c.InternalHttpClient - ep-00000018: releasing valid endpoint
22:48:25.510 [main] DEBUG c.g.d.z.s.o.a.h.c.h.i.i.PoolingHttpClientConnectionManager - ep-00000018: releasing endpoint
22:48:25.510 [main] DEBUG c.g.d.z.s.o.a.h.c.h.i.i.PoolingHttpClientConnectionManager - ep-00000018: connection http-outgoing-3 can be kept alive for 3 MINUTES
22:48:25.510 [main] DEBUG c.g.d.z.s.o.a.h.c.h.i.i.PoolingHttpClientConnectionManager - ep-00000018: connection released [route: {}-&gt;unix://localhost:2375][total available: 1; route allocated: 1 of 2147483647; total allocated: 1 of 2147483647]
22:48:25.517 [ducttape-0] DEBUG o.t.s.c.g.d.c.command.AbstrDockerCmd - Cmd: aa6f16155ec7bc5f538d4a7724907940507d1503be109380040678518e6b5789,false
22:48:25.517 [ducttape-0] DEBUG o.t.s.c.g.d.c.e.InspectContainerCmdExec - GET: DefaultWebTarget{path=[/containers/aa6f16155ec7bc5f538d4a7724907940507d1503be109380040678518e6b5789/json], queryParams={}}
22:48:25.517 [ducttape-0] DEBUG c.g.d.z.s.o.a.h.c.h.i.c.InternalHttpClient - ex-0000001A: preparing request execution
22:48:25.517 [ducttape-0] DEBUG c.g.d.z.s.o.a.h.c.h.p.RequestAddCookies - Cookie spec selected: strict
22:48:25.517 [ducttape-0] DEBUG c.g.d.z.s.o.a.h.c.h.p.RequestAuthCache - Auth cache not set in the context
22:48:25.517 [ducttape-0] DEBUG c.g.d.z.s.o.a.h.c.h.i.c.ProtocolExec - ex-0000001A: target auth state: UNCHALLENGED
22:48:25.517 [ducttape-0] DEBUG c.g.d.z.s.o.a.h.c.h.i.c.ProtocolExec - ex-0000001A: proxy auth state: UNCHALLENGED
22:48:25.517 [ducttape-0] DEBUG c.g.d.z.s.o.a.h.c.h.i.c.ConnectExec - ex-0000001A: acquiring connection with route {}-&gt;unix://localhost:2375
22:48:25.517 [ducttape-0] DEBUG c.g.d.z.s.o.a.h.c.h.i.c.InternalHttpClient - ex-0000001A: acquiring endpoint (3 MINUTES)
22:48:25.517 [ducttape-0] DEBUG c.g.d.z.s.o.a.h.c.h.i.i.PoolingHttpClientConnectionManager - ex-0000001A: endpoint lease request (3 MINUTES) [route: {}-&gt;unix://localhost:2375][total available: 1; route allocated: 1 of 2147483647; total allocated: 1 of 2147483647]
22:48:25.519 [ducttape-0] DEBUG c.g.d.z.s.o.a.h.c.h.i.i.PoolingHttpClientConnectionManager - ex-0000001A: endpoint leased [route: {}-&gt;unix://localhost:2375][total available: 0; route allocated: 1 of 2147483647; total allocated: 1 of 2147483647]
22:48:25.519 [ducttape-0] DEBUG c.g.d.z.s.o.a.h.c.h.i.i.PoolingHttpClientConnectionManager - ex-0000001A: acquired ep-00000019
22:48:25.521 [ducttape-0] DEBUG c.g.d.z.s.o.a.h.c.h.i.c.InternalHttpClient - ex-0000001A: acquired endpoint ep-00000019
22:48:25.521 [ducttape-0] DEBUG c.g.d.z.s.o.a.h.c.h.i.c.MainClientExec - ex-0000001A: executing GET /v1.32/containers/aa6f16155ec7bc5f538d4a7724907940507d1503be109380040678518e6b5789/json HTTP/1.1
22:48:25.521 [ducttape-0] DEBUG c.g.d.z.s.o.a.h.c.h.i.c.InternalHttpClient - ep-00000019: start execution ex-0000001A
22:48:25.521 [ducttape-0] DEBUG c.g.d.z.s.o.a.h.c.h.i.i.PoolingHttpClientConnectionManager - ep-00000019: executing exchange ex-0000001A over http-outgoing-3
22:48:25.521 [ducttape-0] DEBUG c.g.d.z.s.o.a.h.client5.http.headers - http-outgoing-3 &gt;&gt; GET /v1.32/containers/aa6f16155ec7bc5f538d4a7724907940507d1503be109380040678518e6b5789/json HTTP/1.1
22:48:25.521 [ducttape-0] DEBUG c.g.d.z.s.o.a.h.client5.http.headers - http-outgoing-3 &gt;&gt; accept: application/json
22:48:25.521 [ducttape-0] DEBUG c.g.d.z.s.o.a.h.client5.http.headers - http-outgoing-3 &gt;&gt; Accept-Encoding: gzip, x-gzip, deflate
22:48:25.522 [ducttape-0] DEBUG c.g.d.z.s.o.a.h.client5.http.headers - http-outgoing-3 &gt;&gt; Host: localhost:2375
22:48:25.522 [ducttape-0] DEBUG c.g.d.z.s.o.a.h.client5.http.headers - http-outgoing-3 &gt;&gt; Connection: keep-alive
22:48:25.522 [ducttape-0] DEBUG c.g.d.z.s.o.a.h.client5.http.headers - http-outgoing-3 &gt;&gt; User-Agent: Apache-HttpClient/5.0.3 (Java/11.0.13)
22:48:25.523 [ducttape-0] DEBUG c.g.d.z.s.o.a.hc.client5.http.wire - http-outgoing-3 &gt;&gt; &quot;GET /v1.32/containers/aa6f16155ec7bc5f538d4a7724907940507d1503be109380040678518e6b5789/json HTTP/1.1[\r][\n]&quot;
22:48:25.523 [ducttape-0] DEBUG c.g.d.z.s.o.a.hc.client5.http.wire - http-outgoing-3 &gt;&gt; &quot;accept: application/json[\r][\n]&quot;
22:48:25.523 [ducttape-0] DEBUG c.g.d.z.s.o.a.hc.client5.http.wire - http-outgoing-3 &gt;&gt; &quot;Accept-Encoding: gzip, x-gzip, deflate[\r][\n]&quot;
22:48:25.523 [ducttape-0] DEBUG c.g.d.z.s.o.a.hc.client5.http.wire - http-outgoing-3 &gt;&gt; &quot;Host: localhost:2375[\r][\n]&quot;
22:48:25.523 [ducttape-0] DEBUG c.g.d.z.s.o.a.hc.client5.http.wire - http-outgoing-3 &gt;&gt; &quot;Connection: keep-alive[\r][\n]&quot;
22:48:25.523 [ducttape-0] DEBUG c.g.d.z.s.o.a.hc.client5.http.wire - http-outgoing-3 &gt;&gt; &quot;User-Agent: Apache-HttpClient/5.0.3 (Java/11.0.13)[\r][\n]&quot;
22:48:25.523 [ducttape-0] DEBUG c.g.d.z.s.o.a.hc.client5.http.wire - http-outgoing-3 &gt;&gt; &quot;[\r][\n]&quot;
22:48:25.525 [ducttape-0] DEBUG c.g.d.z.s.o.a.hc.client5.http.wire - http-outgoing-3 &lt;&lt; &quot;HTTP/1.1 200 OK[\r][\n]&quot;
22:48:25.525 [ducttape-0] DEBUG c.g.d.z.s.o.a.hc.client5.http.wire - http-outgoing-3 &lt;&lt; &quot;Api-Version: 1.41[\r][\n]&quot;
22:48:25.525 [ducttape-0] DEBUG c.g.d.z.s.o.a.hc.client5.http.wire - http-outgoing-3 &lt;&lt; &quot;Content-Type: application/json[\r][\n]&quot;
22:48:25.525 [ducttape-0] DEBUG c.g.d.z.s.o.a.hc.client5.http.wire - http-outgoing-3 &lt;&lt; &quot;Docker-Experimental: false[\r][\n]&quot;
22:48:25.525 [ducttape-0] DEBUG c.g.d.z.s.o.a.hc.client5.http.wire - http-outgoing-3 &lt;&lt; &quot;Ostype: linux[\r][\n]&quot;
22:48:25.525 [ducttape-0] DEBUG c.g.d.z.s.o.a.hc.client5.http.wire - http-outgoing-3 &lt;&lt; &quot;Server: Docker/20.10.12 (linux)[\r][\n]&quot;
22:48:25.526 [ducttape-0] DEBUG c.g.d.z.s.o.a.hc.client5.http.wire - http-outgoing-3 &lt;&lt; &quot;Date: Sun, 13 Feb 2022 21:48:25 GMT[\r][\n]&quot;
22:48:25.526 [ducttape-0] DEBUG c.g.d.z.s.o.a.hc.client5.http.wire - http-outgoing-3 &lt;&lt; &quot;Transfer-Encoding: chunked[\r][\n]&quot;
22:48:25.526 [ducttape-0] DEBUG c.g.d.z.s.o.a.hc.client5.http.wire - http-outgoing-3 &lt;&lt; &quot;[\r][\n]&quot;
22:48:25.526 [ducttape-0] DEBUG c.g.d.z.s.o.a.hc.client5.http.wire - http-outgoing-3 &lt;&lt; &quot;1459[\r][\n]&quot;
22:48:25.526 [ducttape-0] DEBUG c.g.d.z.s.o.a.hc.client5.http.wire - http-outgoing-3 &lt;&lt; &quot;{&quot;Id&quot;:&quot;aa6f16155ec7bc5f538d4a7724907940507d1503be109380040678518e6b5789&quot;,&quot;Created&quot;:&quot;2022-02-13T21:48:24.041651243Z&quot;,&quot;Path&quot;:&quot;java&quot;,&quot;Args&quot;:[&quot;-jar&quot;,&quot;/opt/app/menu-server.jar&quot;,&quot;--server.port=8080&quot;],&quot;State&quot;:{&quot;Status&quot;:&quot;running&quot;,&quot;Running&quot;:true,&quot;Paused&quot;:false,&quot;Restarting&quot;:false,&quot;OOMKilled&quot;:false,&quot;Dead&quot;:false,&quot;Pid&quot;:75487,&quot;ExitCode&quot;:0,&quot;Error&quot;:&quot;&quot;,&quot;StartedAt&quot;:&quot;2022-02-13T21:48:25.408147454Z&quot;,&quot;FinishedAt&quot;:&quot;0001-01-01T00:00:00Z&quot;},&quot;Image&quot;:&quot;sha256:35ab7218180bf82c747ec97428348ff28028aebb6b860f6cff6cd03d1cef9f37&quot;,&quot;ResolvConfPath&quot;:&quot;/var/lib/docker/containers/aa6f16155ec7bc5f538d4a7724907940507d1503be109380040678518e6b5789/resolv.conf&quot;,&quot;HostnamePath&quot;:&quot;/var/lib/docker/containers/aa6f16155ec7bc5f538d4a7724907940507d1503be109380040678518e6b5789/hostname&quot;,&quot;HostsPath&quot;:&quot;/var/lib/docker/containers/aa6f16155ec7bc5f538d4a7724907940507d1503be109380040678518e6b5789/hosts&quot;,&quot;LogPath&quot;:&quot;/var/lib/docker/containers/aa6f16155ec7bc5f538d4a7724907940507d1503be109380040678518e6b5789/aa6f16155ec7bc5f538d4a7724907940507d1503be109380040678518e6b5789-json.log&quot;,&quot;Name&quot;:&quot;/peaceful_newton&quot;,&quot;RestartCount&quot;:0,&quot;Driver&quot;:&quot;overlay2&quot;,&quot;Platform&quot;:&quot;linux&quot;,&quot;MountLabel&quot;:&quot;&quot;,&quot;ProcessLabel&quot;:&quot;&quot;,&quot;AppArmorProfile&quot;:&quot;docker-default&quot;,&quot;ExecIDs&quot;:null,&quot;HostConfig&quot;:{&quot;Binds&quot;:[],&quot;ContainerIDFile&quot;:&quot;&quot;,&quot;LogConfig&quot;:{&quot;Type&quot;:&quot;json-file&quot;,&quot;Config&quot;:{}},&quot;NetworkMode&quot;:&quot;default&quot;,&quot;PortBindings&quot;:{&quot;8080/tcp&quot;:[{&quot;HostIp&quot;:&quot;&quot;,&quot;HostPort&quot;:&quot;&quot;}]},&quot;RestartPolicy&quot;:{&quot;Name&quot;:&quot;&quot;,&quot;MaximumRetryCount&quot;:0},&quot;AutoRemove&quot;:false,&quot;VolumeDriver&quot;:&quot;&quot;,&quot;VolumesFrom&quot;:[],&quot;CapAdd&quot;:null,&quot;CapDrop&quot;:null,&quot;CgroupnsMode&quot;:&quot;host&quot;,&quot;Dns&quot;:null,&quot;DnsOptions&quot;:null,&quot;DnsSearch&quot;:null,&quot;ExtraHosts&quot;:[],&quot;GroupAdd&quot;:null,&quot;IpcMode&quot;:&quot;shareable&quot;,&quot;Cgroup&quot;:&quot;&quot;,&quot;Links&quot;:null,&quot;OomScoreAdj&quot;:0,&quot;PidMode&quot;:&quot;&quot;,&quot;Privileged&quot;:false,&quot;PublishAllPorts&quot;:false,&quot;ReadonlyRootfs&quot;:false,&quot;SecurityOpt&quot;:null,&quot;UTSMode&quot;:&quot;&quot;,&quot;UsernsMode&quot;:&quot;&quot;,&quot;ShmSize&quot;:67108864,&quot;Runtime&quot;:&quot;runc&quot;,&quot;ConsoleSize&quot;:[0,0],&quot;Isolation&quot;:&quot;&quot;,&quot;CpuShares&quot;:0,&quot;Memory&quot;:0,&quot;NanoCpus&quot;:0,&quot;CgroupParent&quot;:&quot;&quot;,&quot;BlkioWeight&quot;:0,&quot;BlkioWeightDevice&quot;:null,&quot;BlkioDeviceReadBps&quot;:null,&quot;BlkioDeviceWriteBps&quot;:null,&quot;BlkioDeviceReadIOps&quot;:null,&quot;BlkioDeviceWriteIOps&quot;:null,&quot;CpuPeriod&quot;:0,&quot;CpuQuota&quot;:0,&quot;CpuRealtimePeriod&quot;:0,&quot;CpuRealtimeRuntime&quot;:0,&quot;CpusetCpus&quot;:&quot;&quot;,&quot;CpusetMems&quot;:&quot;&quot;,&quot;Devices&quot;:null,&quot;DeviceCgroupRules&quot;:null,&quot;DeviceRequests&quot;:null,&quot;KernelMemory&quot;:0,&quot;KernelMemoryTCP&quot;:0,&quot;MemoryReservation&quot;:0,&quot;MemorySwap&quot;:0,&quot;MemorySwappiness&quot;:null,&quot;OomKillDisable&quot;:false,&quot;PidsLimit&quot;:null,&quot;Ulimits&quot;:null,&quot;CpuCount&quot;:0,&quot;CpuPercent&quot;:0,&quot;IOMaximumIOps&quot;:0,&quot;IOMaximumBandwidth&quot;:0,&quot;MaskedPaths&quot;:[&quot;/proc/asound&quot;,&quot;/proc/acpi&quot;,&quot;/proc/kcore&quot;,&quot;/proc/keys&quot;,&quot;/proc/latency_stats&quot;,&quot;/proc/timer_list&quot;,&quot;/proc/timer_stats&quot;,&quot;/proc/sched_debug&quot;,&quot;/proc/scsi&quot;,&quot;/sys/firmware&quot;],&quot;ReadonlyPaths&quot;:[&quot;/proc/bus&quot;,&quot;/proc/fs&quot;,&quot;/proc/irq&quot;,&quot;/proc/sys&quot;,&quot;/proc/sysrq-trigger&quot;]},&quot;GraphDriver&quot;:{&quot;Data&quot;:{&quot;LowerDir&quot;:&quot;/var/lib/docker/overlay2/1fa43cd180228652a417ab4fdec30c46716818d569b1fd013c93a9fc6111e539-init/diff:/var/lib/docker/overlay2/b55ba49ce0a253837ca2f311ae89d6e2747163dfca37054daada71ac77a97d88/diff:/var/lib/docker/overlay2/84f1f4ada2daa8441cfcea481c746025190200e4b4e0cdbbc9c2e5de040b4985/diff:/var/lib/docker/overlay2/b6de60f3e8585c90976a17d31a0fe98cfbe4648dea139805da15e886bf52280e/diff&quot;,&quot;MergedDir&quot;:&quot;/var/lib/docker/overlay2/1fa43cd180228652a417ab4fdec30c46716818d569b1fd013c93a9fc6111e539/merged&quot;,&quot;UpperDir&quot;:&quot;/var/lib/docker/overlay2/1fa43cd180228652a417ab4fdec30c46716818d569b1fd013c93a9fc6111e539/diff&quot;,&quot;WorkDir&quot;:&quot;/var/lib/docker/overlay2/1fa43cd180228652a417ab4fdec30c46716818d569b1fd013c93a9fc6111e539/work&quot;},&quot;Name&quot;:&quot;overlay2&quot;},&quot;Mounts&quot;:[],&quot;Config&quot;:{&quot;Hostname&quot;:&quot;aa6f16155ec7&quot;,&quot;Domainname&quot;:&quot;&quot;,&quot;User&quot;:&quot;&quot;,&quot;AttachStdin&quot;:false,&quot;AttachStdout&quot;:false,&quot;AttachStderr&quot;:false,&quot;ExposedPorts&quot;:{&quot;8080/tcp&quot;:{}},&quot;Tty&quot;:false,&quot;OpenStdin&quot;:false,&quot;StdinOnce&quot;:false,&quot;Env&quot;:[&quot;PATH=/usr/local/sbin:/usr/local/bin:/usr/sbin:/usr/bin:/sbin:/bin&quot;,&quot;LANG=en_US.UTF-8&quot;,&quot;LANGUAGE=en_US:en&quot;,&quot;LC_ALL=en_US.UTF-8&quot;,&quot;JAVA_HOME=/usr/lib/jvm/zulu11-ca-amd64&quot;],&quot;Cmd&quot;:[&quot;java&quot;,&quot;-jar&quot;,&quot;/opt/app/menu-server.jar&quot;,&quot;--server.port=8080&quot;],&quot;Image&quot;:&quot;mailysm/menu-server:1.0.0&quot;,&quot;Volumes&quot;:null,&quot;WorkingDir&quot;:&quot;&quot;,&quot;Entrypoint&quot;:null,&quot;OnBuild&quot;:null,&quot;Labels&quot;:{&quot;org.testcontainers&quot;:&quot;true&quot;,&quot;org.testcontainers.sessionId&quot;:&quot;9146b6e3-da97-4d26-876d-8c297a218575&quot;}},&quot;NetworkSettings&quot;:{&quot;Bridge&quot;:&quot;&quot;,&quot;SandboxID&quot;:&quot;a5bc9b45fa6105192279fb81e35de55c53bc1b474e641e05963b204243c6d0fc&quot;,&quot;HairpinMode&quot;:false,&quot;LinkLocalIPv6Address&quot;:&quot;&quot;,&quot;LinkLocalIPv6PrefixLen&quot;:0,&quot;Ports&quot;:{&quot;8080/tcp&quot;:[{&quot;HostIp&quot;:&quot;0.0.0.0&quot;,&quot;HostPort&quot;:&quot;49205&quot;},{&quot;HostIp&quot;:&quot;::&quot;,&quot;HostPort&quot;:&quot;49205&quot;}]},&quot;SandboxKey&quot;:&quot;/var/run/docker/netns/a5bc9b45fa61&quot;,&quot;SecondaryIPAddresses&quot;:null,&quot;SecondaryIPv6Addresses&quot;:null,&quot;EndpointID&quot;:&quot;fe89e2ddc1353eeb8cadfb40cfbac8ac349ad224ca97e54c4d327bf2973c2cc5&quot;,&quot;Gateway&quot;:&quot;172.17.0.1&quot;,&quot;GlobalIPv6Address&quot;:&quot;&quot;,&quot;GlobalIPv6PrefixLen&quot;:0,&quot;IPAddress&quot;:&quot;172.17.0.3&quot;,&quot;IPPrefixLen&quot;:16,&quot;IPv6Gateway&quot;:&quot;&quot;,&quot;MacAddress&quot;:&quot;02:42:ac:11:00:03&quot;,&quot;Networks&quot;:{&quot;bridge&quot;:{&quot;IPAMConfig&quot;:null,&quot;Links&quot;:null,&quot;Aliases&quot;:null,&quot;NetworkID&quot;:&quot;7fea8d8f25168661bbec75b303f62f73cfb20a15e4c52abad652a1b1174bf236&quot;,&quot;EndpointID&quot;:&quot;fe89e2ddc1353eeb8cadfb40cfbac8ac349ad224ca97e54c4d327bf2973c2cc5&quot;,&quot;Gateway&quot;:&quot;172.17.0.1&quot;,&quot;IPAddress&quot;:&quot;172.17.0.3&quot;,&quot;IPPrefixLen&quot;:16,&quot;IPv6Gateway&quot;:&quot;&quot;,&quot;GlobalIPv6Address&quot;:&quot;&quot;,&quot;GlobalIPv6PrefixLen&quot;:0,&quot;MacAddress&quot;:&quot;02:42:ac:11:00:03&quot;,&quot;DriverOpts&quot;:null}}}}[\n]&quot;
22:48:25.528 [ducttape-0] DEBUG c.g.d.z.s.o.a.hc.client5.http.wire - http-outgoing-3 &lt;&lt; &quot;[\r][\n]&quot;
22:48:25.537 [ducttape-0] DEBUG c.g.d.z.s.o.a.hc.client5.http.wire - http-outgoing-3 &lt;&lt; &quot;0[\r][\n]&quot;
22:48:25.537 [ducttape-0] DEBUG c.g.d.z.s.o.a.hc.client5.http.wire - http-outgoing-3 &lt;&lt; &quot;[\r][\n]&quot;
22:48:25.537 [ducttape-0] DEBUG c.g.d.z.s.o.a.h.client5.http.headers - http-outgoing-3 &lt;&lt; HTTP/1.1 200 OK
22:48:25.541 [ducttape-0] DEBUG c.g.d.z.s.o.a.h.client5.http.headers - http-outgoing-3 &lt;&lt; Api-Version: 1.41
22:48:25.541 [ducttape-0] DEBUG c.g.d.z.s.o.a.h.client5.http.headers - http-outgoing-3 &lt;&lt; Content-Type: application/json
22:48:25.541 [ducttape-0] DEBUG c.g.d.z.s.o.a.h.client5.http.headers - http-outgoing-3 &lt;&lt; Docker-Experimental: false
22:48:25.541 [ducttape-0] DEBUG c.g.d.z.s.o.a.h.client5.http.headers - http-outgoing-3 &lt;&lt; Ostype: linux
22:48:25.541 [ducttape-0] DEBUG c.g.d.z.s.o.a.h.client5.http.headers - http-outgoing-3 &lt;&lt; Server: Docker/20.10.12 (linux)
22:48:25.541 [ducttape-0] DEBUG c.g.d.z.s.o.a.h.client5.http.headers - http-outgoing-3 &lt;&lt; Date: Sun, 13 Feb 2022 21:48:25 GMT
22:48:25.542 [ducttape-0] DEBUG c.g.d.z.s.o.a.h.client5.http.headers - http-outgoing-3 &lt;&lt; Transfer-Encoding: chunked
22:48:25.542 [ducttape-0] DEBUG c.g.d.z.s.o.a.h.c.h.i.c.MainClientExec - ex-0000001A: connection can be kept alive for 3 MINUTES
22:48:25.561 [ducttape-0] DEBUG c.g.d.z.s.o.a.h.c.h.i.c.InternalHttpClient - ep-00000019: releasing valid endpoint
22:48:25.564 [ducttape-0] DEBUG c.g.d.z.s.o.a.h.c.h.i.i.PoolingHttpClientConnectionManager - ep-00000019: releasing endpoint
22:48:25.566 [ducttape-0] DEBUG c.g.d.z.s.o.a.h.c.h.i.i.PoolingHttpClientConnectionManager - ep-00000019: connection http-outgoing-3 can be kept alive for 3 MINUTES
22:48:25.566 [ducttape-0] DEBUG c.g.d.z.s.o.a.h.c.h.i.i.PoolingHttpClientConnectionManager - ep-00000019: connection released [route: {}-&gt;unix://localhost:2375][total available: 1; route allocated: 1 of 2147483647; total allocated: 1 of 2147483647]
22:48:25.567 [testcontainers-wait-0] DEBUG o.t.c.ExecInContainerPattern - /peaceful_newton: Running &quot;exec&quot; command: /bin/sh -c while true; do ( true  &amp;&amp;  (grep -i &apos;:0*1f90&apos; /proc/net/tcp* || nc -vz -w 1 localhost 8080 || /bin/bash -c &apos;&lt;/dev/tcp/localhost/8080&apos;) ) &amp;&amp; exit 0 || sleep 0.1; done
22:48:25.567 [testcontainers-wait-0] DEBUG o.t.s.c.g.d.c.command.AbstrDockerCmd - Cmd: aa6f16155ec7bc5f538d4a7724907940507d1503be109380040678518e6b5789,&lt;null&gt;,true,true,&lt;null&gt;,&lt;null&gt;,&lt;null&gt;,{/bin/sh,-c,while true; do ( true  &amp;&amp;  (grep -i &apos;:0*1f90&apos; /proc/net/tcp* || nc -vz -w 1 localhost 8080 || /bin/bash -c &apos;&lt;/dev/tcp/localhost/8080&apos;) ) &amp;&amp; exit 0 || sleep 0.1; done},&lt;null&gt;,&lt;null&gt;
22:48:25.572 [testcontainers-wait-1] DEBUG o.t.c.w.s.HostPortWaitStrategy - External port check passed for [8080] mapped as [49205] in PT0.002179S
22:48:25.572 [testcontainers-wait-0] DEBUG c.g.d.z.s.o.a.h.c.h.i.c.InternalHttpClient - ex-0000001B: preparing request execution
22:48:25.573 [testcontainers-wait-0] DEBUG c.g.d.z.s.o.a.h.c.h.p.RequestAddCookies - Cookie spec selected: strict
22:48:25.573 [testcontainers-wait-0] DEBUG c.g.d.z.s.o.a.h.c.h.p.RequestAuthCache - Auth cache not set in the context
22:48:25.573 [testcontainers-wait-0] DEBUG c.g.d.z.s.o.a.h.c.h.i.c.ProtocolExec - ex-0000001B: target auth state: UNCHALLENGED
22:48:25.573 [testcontainers-wait-0] DEBUG c.g.d.z.s.o.a.h.c.h.i.c.ProtocolExec - ex-0000001B: proxy auth state: UNCHALLENGED
22:48:25.573 [testcontainers-wait-0] DEBUG c.g.d.z.s.o.a.h.c.h.i.c.ConnectExec - ex-0000001B: acquiring connection with route {}-&gt;unix://localhost:2375
22:48:25.573 [testcontainers-wait-0] DEBUG c.g.d.z.s.o.a.h.c.h.i.c.InternalHttpClient - ex-0000001B: acquiring endpoint (3 MINUTES)
22:48:25.573 [testcontainers-wait-0] DEBUG c.g.d.z.s.o.a.h.c.h.i.i.PoolingHttpClientConnectionManager - ex-0000001B: endpoint lease request (3 MINUTES) [route: {}-&gt;unix://localhost:2375][total available: 1; route allocated: 1 of 2147483647; total allocated: 1 of 2147483647]
22:48:25.573 [testcontainers-wait-0] DEBUG c.g.d.z.s.o.a.h.c.h.i.i.PoolingHttpClientConnectionManager - ex-0000001B: endpoint leased [route: {}-&gt;unix://localhost:2375][total available: 0; route allocated: 1 of 2147483647; total allocated: 1 of 2147483647]
22:48:25.573 [testcontainers-wait-0] DEBUG c.g.d.z.s.o.a.h.c.h.i.i.PoolingHttpClientConnectionManager - ex-0000001B: acquired ep-0000001A
22:48:25.573 [testcontainers-wait-0] DEBUG c.g.d.z.s.o.a.h.c.h.i.c.InternalHttpClient - ex-0000001B: acquired endpoint ep-0000001A
22:48:25.573 [testcontainers-wait-0] DEBUG c.g.d.z.s.o.a.h.c.h.i.c.MainClientExec - ex-0000001B: executing POST /v1.32/containers/aa6f16155ec7bc5f538d4a7724907940507d1503be109380040678518e6b5789/exec HTTP/1.1
22:48:25.573 [testcontainers-wait-0] DEBUG c.g.d.z.s.o.a.h.c.h.i.c.InternalHttpClient - ep-0000001A: start execution ex-0000001B
22:48:25.573 [testcontainers-wait-0] DEBUG c.g.d.z.s.o.a.h.c.h.i.i.PoolingHttpClientConnectionManager - ep-0000001A: executing exchange ex-0000001B over http-outgoing-3
22:48:25.573 [testcontainers-wait-0] DEBUG c.g.d.z.s.o.a.h.client5.http.headers - http-outgoing-3 &gt;&gt; POST /v1.32/containers/aa6f16155ec7bc5f538d4a7724907940507d1503be109380040678518e6b5789/exec HTTP/1.1
22:48:25.573 [testcontainers-wait-0] DEBUG c.g.d.z.s.o.a.h.client5.http.headers - http-outgoing-3 &gt;&gt; accept: application/json
22:48:25.573 [testcontainers-wait-0] DEBUG c.g.d.z.s.o.a.h.client5.http.headers - http-outgoing-3 &gt;&gt; content-type: application/json
22:48:25.573 [testcontainers-wait-0] DEBUG c.g.d.z.s.o.a.h.client5.http.headers - http-outgoing-3 &gt;&gt; Accept-Encoding: gzip, x-gzip, deflate
22:48:25.573 [testcontainers-wait-0] DEBUG c.g.d.z.s.o.a.h.client5.http.headers - http-outgoing-3 &gt;&gt; Content-Length: 402
22:48:25.573 [testcontainers-wait-0] DEBUG c.g.d.z.s.o.a.h.client5.http.headers - http-outgoing-3 &gt;&gt; Host: localhost:2375
22:48:25.576 [testcontainers-wait-0] DEBUG c.g.d.z.s.o.a.h.client5.http.headers - http-outgoing-3 &gt;&gt; Connection: keep-alive
22:48:25.576 [testcontainers-wait-0] DEBUG c.g.d.z.s.o.a.h.client5.http.headers - http-outgoing-3 &gt;&gt; User-Agent: Apache-HttpClient/5.0.3 (Java/11.0.13)
22:48:25.576 [testcontainers-wait-0] DEBUG c.g.d.z.s.o.a.hc.client5.http.wire - http-outgoing-3 &gt;&gt; &quot;POST /v1.32/containers/aa6f16155ec7bc5f538d4a7724907940507d1503be109380040678518e6b5789/exec HTTP/1.1[\r][\n]&quot;
22:48:25.577 [testcontainers-wait-0] DEBUG c.g.d.z.s.o.a.hc.client5.http.wire - http-outgoing-3 &gt;&gt; &quot;accept: application/json[\r][\n]&quot;
22:48:25.577 [testcontainers-wait-0] DEBUG c.g.d.z.s.o.a.hc.client5.http.wire - http-outgoing-3 &gt;&gt; &quot;content-type: application/json[\r][\n]&quot;
22:48:25.577 [testcontainers-wait-0] DEBUG c.g.d.z.s.o.a.hc.client5.http.wire - http-outgoing-3 &gt;&gt; &quot;Accept-Encoding: gzip, x-gzip, deflate[\r][\n]&quot;
22:48:25.577 [testcontainers-wait-0] DEBUG c.g.d.z.s.o.a.hc.client5.http.wire - http-outgoing-3 &gt;&gt; &quot;Content-Length: 402[\r][\n]&quot;
22:48:25.577 [testcontainers-wait-0] DEBUG c.g.d.z.s.o.a.hc.client5.http.wire - http-outgoing-3 &gt;&gt; &quot;Host: localhost:2375[\r][\n]&quot;
22:48:25.577 [testcontainers-wait-0] DEBUG c.g.d.z.s.o.a.hc.client5.http.wire - http-outgoing-3 &gt;&gt; &quot;Connection: keep-alive[\r][\n]&quot;
22:48:25.579 [testcontainers-wait-0] DEBUG c.g.d.z.s.o.a.hc.client5.http.wire - http-outgoing-3 &gt;&gt; &quot;User-Agent: Apache-HttpClient/5.0.3 (Java/11.0.13)[\r][\n]&quot;
22:48:25.579 [testcontainers-wait-0] DEBUG c.g.d.z.s.o.a.hc.client5.http.wire - http-outgoing-3 &gt;&gt; &quot;[\r][\n]&quot;
22:48:25.579 [testcontainers-wait-0] DEBUG c.g.d.z.s.o.a.hc.client5.http.wire - http-outgoing-3 &gt;&gt; &quot;{&quot;containerId&quot;:&quot;aa6f16155ec7bc5f538d4a7724907940507d1503be109380040678518e6b5789&quot;,&quot;AttachStdin&quot;:null,&quot;AttachStdout&quot;:true,&quot;AttachStderr&quot;:true,&quot;Tty&quot;:null,&quot;Privileged&quot;:null,&quot;User&quot;:null,&quot;Cmd&quot;:[&quot;/bin/sh&quot;,&quot;-c&quot;,&quot;while true; do ( true  &amp;&amp;  (grep -i &apos;:0*1f90&apos; /proc/net/tcp* || nc -vz -w 1 localhost 8080 || /bin/bash -c &apos;&lt;/dev/tcp/localhost/8080&apos;) ) &amp;&amp; exit 0 || sleep 0.1; done&quot;],&quot;Env&quot;:null,&quot;WorkingDir&quot;:null}&quot;
22:48:25.580 [testcontainers-wait-0] DEBUG c.g.d.z.s.o.a.hc.client5.http.wire - http-outgoing-3 &lt;&lt; &quot;HTTP/1.1 201 Created[\r][\n]&quot;
22:48:25.587 [testcontainers-wait-0] DEBUG c.g.d.z.s.o.a.hc.client5.http.wire - http-outgoing-3 &lt;&lt; &quot;Api-Version: 1.41[\r][\n]&quot;
22:48:25.587 [testcontainers-wait-0] DEBUG c.g.d.z.s.o.a.hc.client5.http.wire - http-outgoing-3 &lt;&lt; &quot;Content-Type: application/json[\r][\n]&quot;
22:48:25.587 [testcontainers-wait-0] DEBUG c.g.d.z.s.o.a.hc.client5.http.wire - http-outgoing-3 &lt;&lt; &quot;Docker-Experimental: false[\r][\n]&quot;
22:48:25.587 [testcontainers-wait-0] DEBUG c.g.d.z.s.o.a.hc.client5.http.wire - http-outgoing-3 &lt;&lt; &quot;Ostype: linux[\r][\n]&quot;
22:48:25.587 [testcontainers-wait-0] DEBUG c.g.d.z.s.o.a.hc.client5.http.wire - http-outgoing-3 &lt;&lt; &quot;Server: Docker/20.10.12 (linux)[\r][\n]&quot;
22:48:25.587 [testcontainers-wait-0] DEBUG c.g.d.z.s.o.a.hc.client5.http.wire - http-outgoing-3 &lt;&lt; &quot;Date: Sun, 13 Feb 2022 21:48:25 GMT[\r][\n]&quot;
22:48:25.587 [testcontainers-wait-0] DEBUG c.g.d.z.s.o.a.hc.client5.http.wire - http-outgoing-3 &lt;&lt; &quot;Content-Length: 74[\r][\n]&quot;
22:48:25.587 [testcontainers-wait-0] DEBUG c.g.d.z.s.o.a.hc.client5.http.wire - http-outgoing-3 &lt;&lt; &quot;[\r][\n]&quot;
22:48:25.587 [testcontainers-wait-0] DEBUG c.g.d.z.s.o.a.hc.client5.http.wire - http-outgoing-3 &lt;&lt; &quot;{&quot;Id&quot;:&quot;777b58ec53adced822b7c7d0141c293d9573d645ae7ca721496019d89aa339e3&quot;}[\n]&quot;
22:48:25.587 [testcontainers-wait-0] DEBUG c.g.d.z.s.o.a.h.client5.http.headers - http-outgoing-3 &lt;&lt; HTTP/1.1 201 Created
22:48:25.595 [testcontainers-wait-0] DEBUG c.g.d.z.s.o.a.h.client5.http.headers - http-outgoing-3 &lt;&lt; Api-Version: 1.41
22:48:25.595 [testcontainers-wait-0] DEBUG c.g.d.z.s.o.a.h.client5.http.headers - http-outgoing-3 &lt;&lt; Content-Type: application/json
22:48:25.595 [testcontainers-wait-0] DEBUG c.g.d.z.s.o.a.h.client5.http.headers - http-outgoing-3 &lt;&lt; Docker-Experimental: false
22:48:25.595 [testcontainers-wait-0] DEBUG c.g.d.z.s.o.a.h.client5.http.headers - http-outgoing-3 &lt;&lt; Ostype: linux
22:48:25.595 [testcontainers-wait-0] DEBUG c.g.d.z.s.o.a.h.client5.http.headers - http-outgoing-3 &lt;&lt; Server: Docker/20.10.12 (linux)
22:48:25.595 [testcontainers-wait-0] DEBUG c.g.d.z.s.o.a.h.client5.http.headers - http-outgoing-3 &lt;&lt; Date: Sun, 13 Feb 2022 21:48:25 GMT
22:48:25.595 [testcontainers-wait-0] DEBUG c.g.d.z.s.o.a.h.client5.http.headers - http-outgoing-3 &lt;&lt; Content-Length: 74
22:48:25.595 [testcontainers-wait-0] DEBUG c.g.d.z.s.o.a.h.c.h.i.c.MainClientExec - ex-0000001B: connection can be kept alive for 3 MINUTES
22:48:25.597 [testcontainers-wait-0] DEBUG c.g.d.z.s.o.a.h.c.h.i.c.InternalHttpClient - ep-0000001A: releasing valid endpoint
22:48:25.612 [testcontainers-wait-0] DEBUG c.g.d.z.s.o.a.h.c.h.i.i.PoolingHttpClientConnectionManager - ep-0000001A: releasing endpoint
22:48:25.613 [testcontainers-wait-0] DEBUG c.g.d.z.s.o.a.h.c.h.i.i.PoolingHttpClientConnectionManager - ep-0000001A: connection http-outgoing-3 can be kept alive for 3 MINUTES
22:48:25.613 [testcontainers-wait-0] DEBUG c.g.d.z.s.o.a.h.c.h.i.i.PoolingHttpClientConnectionManager - ep-0000001A: connection released [route: {}-&gt;unix://localhost:2375][total available: 1; route allocated: 1 of 2147483647; total allocated: 1 of 2147483647]
22:48:25.614 [docker-java-stream--1505383931] DEBUG c.g.d.z.s.o.a.h.c.h.i.c.InternalHttpClient - ex-0000001C: preparing request execution
22:48:25.614 [docker-java-stream--1505383931] DEBUG c.g.d.z.s.o.a.h.c.h.p.RequestAddCookies - Cookie spec selected: strict
22:48:25.616 [docker-java-stream--1505383931] DEBUG c.g.d.z.s.o.a.h.c.h.p.RequestAuthCache - Auth cache not set in the context
22:48:25.616 [docker-java-stream--1505383931] DEBUG c.g.d.z.s.o.a.h.c.h.i.c.ProtocolExec - ex-0000001C: target auth state: UNCHALLENGED
22:48:25.617 [docker-java-stream--1505383931] DEBUG c.g.d.z.s.o.a.h.c.h.i.c.ProtocolExec - ex-0000001C: proxy auth state: UNCHALLENGED
22:48:25.617 [docker-java-stream--1505383931] DEBUG c.g.d.z.s.o.a.h.c.h.i.c.ConnectExec - ex-0000001C: acquiring connection with route {}-&gt;unix://localhost:2375
22:48:25.617 [docker-java-stream--1505383931] DEBUG c.g.d.z.s.o.a.h.c.h.i.c.InternalHttpClient - ex-0000001C: acquiring endpoint (3 MINUTES)
22:48:25.618 [docker-java-stream--1505383931] DEBUG c.g.d.z.s.o.a.h.c.h.i.i.PoolingHttpClientConnectionManager - ex-0000001C: endpoint lease request (3 MINUTES) [route: {}-&gt;unix://localhost:2375][total available: 1; route allocated: 1 of 2147483647; total allocated: 1 of 2147483647]
22:48:25.620 [docker-java-stream--1505383931] DEBUG c.g.d.z.s.o.a.h.c.h.i.i.PoolingHttpClientConnectionManager - ex-0000001C: endpoint leased [route: {}-&gt;unix://localhost:2375][total available: 0; route allocated: 1 of 2147483647; total allocated: 1 of 2147483647]
22:48:25.621 [docker-java-stream--1505383931] DEBUG c.g.d.z.s.o.a.h.c.h.i.i.PoolingHttpClientConnectionManager - ex-0000001C: acquired ep-0000001B
22:48:25.621 [docker-java-stream--1505383931] DEBUG c.g.d.z.s.o.a.h.c.h.i.c.InternalHttpClient - ex-0000001C: acquired endpoint ep-0000001B
22:48:25.626 [docker-java-stream--1505383931] DEBUG c.g.d.z.s.o.a.h.c.h.i.c.MainClientExec - ex-0000001C: executing POST /v1.32/exec/777b58ec53adced822b7c7d0141c293d9573d645ae7ca721496019d89aa339e3/start HTTP/1.1
22:48:25.627 [docker-java-stream--1505383931] DEBUG c.g.d.z.s.o.a.h.c.h.i.c.InternalHttpClient - ep-0000001B: start execution ex-0000001C
22:48:25.627 [docker-java-stream--1505383931] DEBUG c.g.d.z.s.o.a.h.c.h.i.i.PoolingHttpClientConnectionManager - ep-0000001B: executing exchange ex-0000001C over http-outgoing-3
22:48:25.637 [docker-java-stream--1505383931] DEBUG c.g.d.z.s.o.a.h.client5.http.headers - http-outgoing-3 &gt;&gt; POST /v1.32/exec/777b58ec53adced822b7c7d0141c293d9573d645ae7ca721496019d89aa339e3/start HTTP/1.1
22:48:25.638 [docker-java-stream--1505383931] DEBUG c.g.d.z.s.o.a.h.client5.http.headers - http-outgoing-3 &gt;&gt; accept: application/json
22:48:25.644 [docker-java-stream--1505383931] DEBUG c.g.d.z.s.o.a.h.client5.http.headers - http-outgoing-3 &gt;&gt; content-type: application/json
22:48:25.644 [docker-java-stream--1505383931] DEBUG c.g.d.z.s.o.a.h.client5.http.headers - http-outgoing-3 &gt;&gt; Accept-Encoding: gzip, x-gzip, deflate
22:48:25.645 [docker-java-stream--1505383931] DEBUG c.g.d.z.s.o.a.h.client5.http.headers - http-outgoing-3 &gt;&gt; Content-Length: 26
22:48:25.646 [docker-java-stream--1505383931] DEBUG c.g.d.z.s.o.a.h.client5.http.headers - http-outgoing-3 &gt;&gt; Host: localhost:2375
22:48:25.646 [docker-java-stream--1505383931] DEBUG c.g.d.z.s.o.a.h.client5.http.headers - http-outgoing-3 &gt;&gt; Connection: keep-alive
22:48:25.646 [docker-java-stream--1505383931] DEBUG c.g.d.z.s.o.a.h.client5.http.headers - http-outgoing-3 &gt;&gt; User-Agent: Apache-HttpClient/5.0.3 (Java/11.0.13)
22:48:25.646 [docker-java-stream--1505383931] DEBUG c.g.d.z.s.o.a.hc.client5.http.wire - http-outgoing-3 &gt;&gt; &quot;POST /v1.32/exec/777b58ec53adced822b7c7d0141c293d9573d645ae7ca721496019d89aa339e3/start HTTP/1.1[\r][\n]&quot;
22:48:25.646 [docker-java-stream--1505383931] DEBUG c.g.d.z.s.o.a.hc.client5.http.wire - http-outgoing-3 &gt;&gt; &quot;accept: application/json[\r][\n]&quot;
22:48:25.646 [docker-java-stream--1505383931] DEBUG c.g.d.z.s.o.a.hc.client5.http.wire - http-outgoing-3 &gt;&gt; &quot;content-type: application/json[\r][\n]&quot;
22:48:25.646 [docker-java-stream--1505383931] DEBUG c.g.d.z.s.o.a.hc.client5.http.wire - http-outgoing-3 &gt;&gt; &quot;Accept-Encoding: gzip, x-gzip, deflate[\r][\n]&quot;
22:48:25.646 [docker-java-stream--1505383931] DEBUG c.g.d.z.s.o.a.hc.client5.http.wire - http-outgoing-3 &gt;&gt; &quot;Content-Length: 26[\r][\n]&quot;
22:48:25.646 [docker-java-stream--1505383931] DEBUG c.g.d.z.s.o.a.hc.client5.http.wire - http-outgoing-3 &gt;&gt; &quot;Host: localhost:2375[\r][\n]&quot;
22:48:25.646 [docker-java-stream--1505383931] DEBUG c.g.d.z.s.o.a.hc.client5.http.wire - http-outgoing-3 &gt;&gt; &quot;Connection: keep-alive[\r][\n]&quot;
22:48:25.646 [docker-java-stream--1505383931] DEBUG c.g.d.z.s.o.a.hc.client5.http.wire - http-outgoing-3 &gt;&gt; &quot;User-Agent: Apache-HttpClient/5.0.3 (Java/11.0.13)[\r][\n]&quot;
22:48:25.647 [docker-java-stream--1505383931] DEBUG c.g.d.z.s.o.a.hc.client5.http.wire - http-outgoing-3 &gt;&gt; &quot;[\r][\n]&quot;
22:48:25.648 [docker-java-stream--1505383931] DEBUG c.g.d.z.s.o.a.hc.client5.http.wire - http-outgoing-3 &gt;&gt; &quot;{&quot;Detach&quot;:null,&quot;Tty&quot;:null}&quot;
22:48:25.652 [docker-java-stream--1505383931] DEBUG c.g.d.z.s.o.a.hc.client5.http.wire - http-outgoing-3 &lt;&lt; &quot;HTTP/1.1 200 OK[\r][\n]&quot;
22:48:25.652 [docker-java-stream--1505383931] DEBUG c.g.d.z.s.o.a.hc.client5.http.wire - http-outgoing-3 &lt;&lt; &quot;Content-Type: application/vnd.docker.raw-stream[\r][\n]&quot;
22:48:25.652 [docker-java-stream--1505383931] DEBUG c.g.d.z.s.o.a.hc.client5.http.wire - http-outgoing-3 &lt;&lt; &quot;Api-Version: 1.41[\r][\n]&quot;
22:48:25.652 [docker-java-stream--1505383931] DEBUG c.g.d.z.s.o.a.hc.client5.http.wire - http-outgoing-3 &lt;&lt; &quot;Docker-Experimental: false[\r][\n]&quot;
22:48:25.652 [docker-java-stream--1505383931] DEBUG c.g.d.z.s.o.a.hc.client5.http.wire - http-outgoing-3 &lt;&lt; &quot;Ostype: linux[\r][\n]&quot;
22:48:25.652 [docker-java-stream--1505383931] DEBUG c.g.d.z.s.o.a.hc.client5.http.wire - http-outgoing-3 &lt;&lt; &quot;Server: Docker/20.10.12 (linux)[\r][\n]&quot;
22:48:25.652 [docker-java-stream--1505383931] DEBUG c.g.d.z.s.o.a.hc.client5.http.wire - http-outgoing-3 &lt;&lt; &quot;[\r][\n]&quot;
22:48:25.652 [docker-java-stream--1505383931] DEBUG c.g.d.z.s.o.a.h.client5.http.headers - http-outgoing-3 &lt;&lt; HTTP/1.1 200 OK
22:48:25.656 [docker-java-stream--1505383931] DEBUG c.g.d.z.s.o.a.h.client5.http.headers - http-outgoing-3 &lt;&lt; Content-Type: application/vnd.docker.raw-stream
22:48:25.656 [docker-java-stream--1505383931] DEBUG c.g.d.z.s.o.a.h.client5.http.headers - http-outgoing-3 &lt;&lt; Api-Version: 1.41
22:48:25.656 [docker-java-stream--1505383931] DEBUG c.g.d.z.s.o.a.h.client5.http.headers - http-outgoing-3 &lt;&lt; Docker-Experimental: false
22:48:25.657 [docker-java-stream--1505383931] DEBUG c.g.d.z.s.o.a.h.client5.http.headers - http-outgoing-3 &lt;&lt; Ostype: linux
22:48:25.657 [docker-java-stream--1505383931] DEBUG c.g.d.z.s.o.a.h.client5.http.headers - http-outgoing-3 &lt;&lt; Server: Docker/20.10.12 (linux)
22:48:26.077 [docker-java-stream--1505383931] DEBUG c.g.d.z.s.o.a.hc.client5.http.wire - http-outgoing-3 &lt;&lt; &quot;[0x2][0x0][0x0][0x0][0x0][0x0][0x0][0xc]/bin/sh: 1: &quot;
22:48:26.080 [docker-java-stream--1505383931] DEBUG c.g.d.z.s.o.a.hc.client5.http.wire - http-outgoing-3 &lt;&lt; &quot;[0x2][0x0][0x0][0x0][0x0][0x0][0x0][\r]nc: not found&quot;
22:48:26.080 [docker-java-stream--1505383931] DEBUG c.g.d.z.s.o.a.hc.client5.http.wire - http-outgoing-3 &lt;&lt; &quot;[0x2][0x0][0x0][0x0][0x0][0x0][0x0][0x1][\n]&quot;
22:48:26.086 [docker-java-stream--1505383931] DEBUG c.g.d.z.s.o.a.hc.client5.http.wire - http-outgoing-3 &lt;&lt; &quot;[0x2][0x0][0x0][0x0][0x0][0x0][0x0]4/bin/bash: connect: Cannot assign requested address[\n]&quot;
22:48:26.089 [docker-java-stream--1505383931] DEBUG c.g.d.z.s.o.a.hc.client5.http.wire - http-outgoing-3 &lt;&lt; &quot;[0x2][0x0][0x0][0x0][0x0][0x0][0x0]D/bin/bash: /dev/tcp/localhost/8080: Cannot assign requested address[\n]&quot;
22:48:26.209 [docker-java-stream--1505383931] DEBUG c.g.d.z.s.o.a.hc.client5.http.wire - http-outgoing-3 &lt;&lt; &quot;[0x2][0x0][0x0][0x0][0x0][0x0][0x0][0xc]/bin/sh: 1: &quot;
22:48:26.209 [docker-java-stream--1505383931] DEBUG c.g.d.z.s.o.a.hc.client5.http.wire - http-outgoing-3 &lt;&lt; &quot;[0x2][0x0][0x0][0x0][0x0][0x0][0x0][\r]nc: not found&quot;
22:48:26.209 [docker-java-stream--1505383931] DEBUG c.g.d.z.s.o.a.hc.client5.http.wire - http-outgoing-3 &lt;&lt; &quot;[0x2][0x0][0x0][0x0][0x0][0x0][0x0][0x1][\n]&quot;
22:48:26.217 [docker-java-stream--1505383931] DEBUG c.g.d.z.s.o.a.hc.client5.http.wire - http-outgoing-3 &lt;&lt; &quot;[0x2][0x0][0x0][0x0][0x0][0x0][0x0]4/bin/bash: connect: Cannot assign requested address[\n]&quot;
22:48:26.218 [docker-java-stream--1505383931] DEBUG c.g.d.z.s.o.a.hc.client5.http.wire - http-outgoing-3 &lt;&lt; &quot;[0x2][0x0][0x0][0x0][0x0][0x0][0x0]D/bin/bash: /dev/tcp/localhost/8080: Cannot assign requested address[\n]&quot;
22:48:26.347 [docker-java-stream--1505383931] DEBUG c.g.d.z.s.o.a.hc.client5.http.wire - http-outgoing-3 &lt;&lt; &quot;[0x2][0x0][0x0][0x0][0x0][0x0][0x0][0xc]/bin/sh: 1: &quot;
22:48:26.348 [docker-java-stream--1505383931] DEBUG c.g.d.z.s.o.a.hc.client5.http.wire - http-outgoing-3 &lt;&lt; &quot;[0x2][0x0][0x0][0x0][0x0][0x0][0x0][\r]nc: not found&quot;
22:48:26.349 [docker-java-stream--1505383931] DEBUG c.g.d.z.s.o.a.hc.client5.http.wire - http-outgoing-3 &lt;&lt; &quot;[0x2][0x0][0x0][0x0][0x0][0x0][0x0][0x1][\n]&quot;
22:48:26.365 [docker-java-stream--1505383931] DEBUG c.g.d.z.s.o.a.hc.client5.http.wire - http-outgoing-3 &lt;&lt; &quot;[0x2][0x0][0x0][0x0][0x0][0x0][0x0]4/bin/bash: connect: Cannot assign requested address[\n]&quot;
22:48:26.369 [docker-java-stream--1505383931] DEBUG c.g.d.z.s.o.a.hc.client5.http.wire - http-outgoing-3 &lt;&lt; &quot;[0x2][0x0][0x0][0x0][0x0][0x0][0x0]D/bin/bash: /dev/tcp/localhost/8080: Cannot assign requested address[\n]&quot;
22:48:26.495 [docker-java-stream--1505383931] DEBUG c.g.d.z.s.o.a.hc.client5.http.wire - http-outgoing-3 &lt;&lt; &quot;[0x2][0x0][0x0][0x0][0x0][0x0][0x0][0xc]/bin/sh: 1: &quot;
22:48:26.496 [docker-java-stream--1505383931] DEBUG c.g.d.z.s.o.a.hc.client5.http.wire - http-outgoing-3 &lt;&lt; &quot;[0x2][0x0][0x0][0x0][0x0][0x0][0x0][\r]nc: not found&quot;
22:48:26.496 [docker-java-stream--1505383931] DEBUG c.g.d.z.s.o.a.hc.client5.http.wire - http-outgoing-3 &lt;&lt; &quot;[0x2][0x0][0x0][0x0][0x0][0x0][0x0][0x1][\n]&quot;
22:48:26.506 [docker-java-stream--1505383931] DEBUG c.g.d.z.s.o.a.hc.client5.http.wire - http-outgoing-3 &lt;&lt; &quot;[0x2][0x0][0x0][0x0][0x0][0x0][0x0]4/bin/bash: connect: Cannot assign requested address[\n]&quot;
22:48:26.506 [docker-java-stream--1505383931] DEBUG c.g.d.z.s.o.a.hc.client5.http.wire - http-outgoing-3 &lt;&lt; &quot;[0x2][0x0][0x0][0x0][0x0][0x0][0x0]D/bin/bash: /dev/tcp/localhost/8080: Cannot assign requested address[\n]&quot;
22:48:26.623 [docker-java-stream--1505383931] DEBUG c.g.d.z.s.o.a.hc.client5.http.wire - http-outgoing-3 &lt;&lt; &quot;[0x2][0x0][0x0][0x0][0x0][0x0][0x0][0xc]/bin/sh: 1: &quot;
22:48:26.625 [docker-java-stream--1505383931] DEBUG c.g.d.z.s.o.a.hc.client5.http.wire - http-outgoing-3 &lt;&lt; &quot;[0x2][0x0][0x0][0x0][0x0][0x0][0x0][\r]nc: not found&quot;
22:48:26.625 [docker-java-stream--1505383931] DEBUG c.g.d.z.s.o.a.hc.client5.http.wire - http-outgoing-3 &lt;&lt; &quot;[0x2][0x0][0x0][0x0][0x0][0x0][0x0][0x1][\n]&quot;
22:48:26.639 [docker-java-stream--1505383931] DEBUG c.g.d.z.s.o.a.hc.client5.http.wire - http-outgoing-3 &lt;&lt; &quot;[0x2][0x0][0x0][0x0][0x0][0x0][0x0]4/bin/bash: connect: Cannot assign requested address[\n]&quot;
22:48:26.639 [docker-java-stream--1505383931] DEBUG c.g.d.z.s.o.a.hc.client5.http.wire - http-outgoing-3 &lt;&lt; &quot;[0x2][0x0][0x0][0x0][0x0][0x0][0x0]D/bin/bash: /dev/tcp/localhost/8080: Cannot assign requested address[\n]&quot;
22:48:26.760 [docker-java-stream--1505383931] DEBUG c.g.d.z.s.o.a.hc.client5.http.wire - http-outgoing-3 &lt;&lt; &quot;[0x2][0x0][0x0][0x0][0x0][0x0][0x0][0xc]/bin/sh: 1: &quot;
22:48:26.762 [docker-java-stream--1505383931] DEBUG c.g.d.z.s.o.a.hc.client5.http.wire - http-outgoing-3 &lt;&lt; &quot;[0x2][0x0][0x0][0x0][0x0][0x0][0x0][\r]nc: not found&quot;
22:48:26.762 [docker-java-stream--1505383931] DEBUG c.g.d.z.s.o.a.hc.client5.http.wire - http-outgoing-3 &lt;&lt; &quot;[0x2][0x0][0x0][0x0][0x0][0x0][0x0][0x1][\n]&quot;
22:48:26.767 [docker-java-stream--1505383931] DEBUG c.g.d.z.s.o.a.hc.client5.http.wire - http-outgoing-3 &lt;&lt; &quot;[0x2][0x0][0x0][0x0][0x0][0x0][0x0]4/bin/bash: connect: Cannot assign requested address[\n]&quot;
22:48:26.775 [docker-java-stream--1505383931] DEBUG c.g.d.z.s.o.a.hc.client5.http.wire - http-outgoing-3 &lt;&lt; &quot;[0x2][0x0][0x0][0x0][0x0][0x0][0x0]D/bin/bash: /dev/tcp/localhost/8080: Cannot assign requested address[\n]&quot;
22:48:26.918 [docker-java-stream--1505383931] DEBUG c.g.d.z.s.o.a.hc.client5.http.wire - http-outgoing-3 &lt;&lt; &quot;[0x2][0x0][0x0][0x0][0x0][0x0][0x0][0xc]/bin/sh: 1: &quot;
22:48:26.921 [docker-java-stream--1505383931] DEBUG c.g.d.z.s.o.a.hc.client5.http.wire - http-outgoing-3 &lt;&lt; &quot;[0x2][0x0][0x0][0x0][0x0][0x0][0x0][\r]nc: not found[0x2][0x0][0x0][0x0][0x0][0x0][0x0][0x1][\n]&quot;
22:48:26.934 [docker-java-stream--1505383931] DEBUG c.g.d.z.s.o.a.hc.client5.http.wire - http-outgoing-3 &lt;&lt; &quot;[0x2][0x0][0x0][0x0][0x0][0x0][0x0]4/bin/bash: connect: Cannot assign requested address[\n]&quot;
22:48:26.935 [docker-java-stream--1505383931] DEBUG c.g.d.z.s.o.a.hc.client5.http.wire - http-outgoing-3 &lt;&lt; &quot;[0x2][0x0][0x0][0x0][0x0][0x0][0x0]D/bin/bash: /dev/tcp/localhost/8080: Cannot assign requested address[\n]&quot;
22:48:27.087 [docker-java-stream--1505383931] DEBUG c.g.d.z.s.o.a.hc.client5.http.wire - http-outgoing-3 &lt;&lt; &quot;[0x2][0x0][0x0][0x0][0x0][0x0][0x0][0xc]/bin/sh: 1: [0x2][0x0][0x0][0x0][0x0][0x0][0x0][\r]nc: not found[0x2][0x0][0x0][0x0][0x0][0x0][0x0][0x1][\n]&quot;
22:48:27.101 [docker-java-stream--1505383931] DEBUG c.g.d.z.s.o.a.hc.client5.http.wire - http-outgoing-3 &lt;&lt; &quot;[0x2][0x0][0x0][0x0][0x0][0x0][0x0]4/bin/bash: connect: Cannot assign requested address[\n]&quot;
22:48:27.101 [docker-java-stream--1505383931] DEBUG c.g.d.z.s.o.a.hc.client5.http.wire - http-outgoing-3 &lt;&lt; &quot;[0x2][0x0][0x0][0x0][0x0][0x0][0x0]D/bin/bash: /dev/tcp/localhost/8080: Cannot assign requested address[\n]&quot;
22:48:27.234 [docker-java-stream--1505383931] DEBUG c.g.d.z.s.o.a.hc.client5.http.wire - http-outgoing-3 &lt;&lt; &quot;[0x2][0x0][0x0][0x0][0x0][0x0][0x0][0xc]/bin/sh: 1: [0x2][0x0][0x0][0x0][0x0][0x0][0x0][\r]nc: not found[0x2][0x0][0x0][0x0][0x0][0x0][0x0][0x1][\n]&quot;
22:48:27.254 [docker-java-stream--1505383931] DEBUG c.g.d.z.s.o.a.hc.client5.http.wire - http-outgoing-3 &lt;&lt; &quot;[0x2][0x0][0x0][0x0][0x0][0x0][0x0]4/bin/bash: connect: Cannot assign requested address[\n]&quot;
22:48:27.260 [docker-java-stream--1505383931] DEBUG c.g.d.z.s.o.a.hc.client5.http.wire - http-outgoing-3 &lt;&lt; &quot;[0x2][0x0][0x0][0x0][0x0][0x0][0x0]D/bin/bash: /dev/tcp/localhost/8080: Cannot assign requested address[\n]&quot;
22:48:27.380 [docker-java-stream--1505383931] DEBUG c.g.d.z.s.o.a.hc.client5.http.wire - http-outgoing-3 &lt;&lt; &quot;[0x2][0x0][0x0][0x0][0x0][0x0][0x0][0xc]/bin/sh: 1: &quot;
22:48:27.383 [docker-java-stream--1505383931] DEBUG c.g.d.z.s.o.a.hc.client5.http.wire - http-outgoing-3 &lt;&lt; &quot;[0x2][0x0][0x0][0x0][0x0][0x0][0x0][\r]nc: not found&quot;
22:48:27.383 [docker-java-stream--1505383931] DEBUG c.g.d.z.s.o.a.hc.client5.http.wire - http-outgoing-3 &lt;&lt; &quot;[0x2][0x0][0x0][0x0][0x0][0x0][0x0][0x1][\n]&quot;
22:48:27.406 [docker-java-stream--1505383931] DEBUG c.g.d.z.s.o.a.hc.client5.http.wire - http-outgoing-3 &lt;&lt; &quot;[0x2][0x0][0x0][0x0][0x0][0x0][0x0]4/bin/bash: connect: Cannot assign requested address[\n]&quot;
22:48:27.408 [docker-java-stream--1505383931] DEBUG c.g.d.z.s.o.a.hc.client5.http.wire - http-outgoing-3 &lt;&lt; &quot;[0x2][0x0][0x0][0x0][0x0][0x0][0x0]D/bin/bash: /dev/tcp/localhost/8080: Cannot assign requested address[\n]&quot;
22:48:27.531 [docker-java-stream--1505383931] DEBUG c.g.d.z.s.o.a.hc.client5.http.wire - http-outgoing-3 &lt;&lt; &quot;[0x2][0x0][0x0][0x0][0x0][0x0][0x0][0xc]/bin/sh: 1: &quot;
22:48:27.533 [docker-java-stream--1505383931] DEBUG c.g.d.z.s.o.a.hc.client5.http.wire - http-outgoing-3 &lt;&lt; &quot;[0x2][0x0][0x0][0x0][0x0][0x0][0x0][\r]nc: not found&quot;
22:48:27.533 [docker-java-stream--1505383931] DEBUG c.g.d.z.s.o.a.hc.client5.http.wire - http-outgoing-3 &lt;&lt; &quot;[0x2][0x0][0x0][0x0][0x0][0x0][0x0][0x1][\n]&quot;
22:48:27.545 [docker-java-stream--1505383931] DEBUG c.g.d.z.s.o.a.hc.client5.http.wire - http-outgoing-3 &lt;&lt; &quot;[0x2][0x0][0x0][0x0][0x0][0x0][0x0]4/bin/bash: connect: Cannot assign requested address[\n]&quot;
22:48:27.549 [docker-java-stream--1505383931] DEBUG c.g.d.z.s.o.a.hc.client5.http.wire - http-outgoing-3 &lt;&lt; &quot;[0x2][0x0][0x0][0x0][0x0][0x0][0x0]D/bin/bash: /dev/tcp/localhost/8080: Cannot assign requested address[\n]&quot;
22:48:27.680 [docker-java-stream--1505383931] DEBUG c.g.d.z.s.o.a.hc.client5.http.wire - http-outgoing-3 &lt;&lt; &quot;[0x2][0x0][0x0][0x0][0x0][0x0][0x0][0xc]/bin/sh: 1: &quot;
22:48:27.680 [docker-java-stream--1505383931] DEBUG c.g.d.z.s.o.a.hc.client5.http.wire - http-outgoing-3 &lt;&lt; &quot;[0x2][0x0][0x0][0x0][0x0][0x0][0x0][\r]nc: not found&quot;
22:48:27.680 [docker-java-stream--1505383931] DEBUG c.g.d.z.s.o.a.hc.client5.http.wire - http-outgoing-3 &lt;&lt; &quot;[0x2][0x0][0x0][0x0][0x0][0x0][0x0][0x1][\n]&quot;
22:48:27.694 [docker-java-stream--1505383931] DEBUG c.g.d.z.s.o.a.hc.client5.http.wire - http-outgoing-3 &lt;&lt; &quot;[0x2][0x0][0x0][0x0][0x0][0x0][0x0]4/bin/bash: connect: Cannot assign requested address[\n]&quot;
22:48:27.697 [docker-java-stream--1505383931] DEBUG c.g.d.z.s.o.a.hc.client5.http.wire - http-outgoing-3 &lt;&lt; &quot;[0x2][0x0][0x0][0x0][0x0][0x0][0x0]D/bin/bash: /dev/tcp/localhost/8080: Cannot assign requested address[\n]&quot;
22:48:27.833 [docker-java-stream--1505383931] DEBUG c.g.d.z.s.o.a.hc.client5.http.wire - http-outgoing-3 &lt;&lt; &quot;[0x2][0x0][0x0][0x0][0x0][0x0][0x0][0xc]/bin/sh: 1: &quot;
22:48:27.835 [docker-java-stream--1505383931] DEBUG c.g.d.z.s.o.a.hc.client5.http.wire - http-outgoing-3 &lt;&lt; &quot;[0x2][0x0][0x0][0x0][0x0][0x0][0x0][\r]nc: not found&quot;
22:48:27.835 [docker-java-stream--1505383931] DEBUG c.g.d.z.s.o.a.hc.client5.http.wire - http-outgoing-3 &lt;&lt; &quot;[0x2][0x0][0x0][0x0][0x0][0x0][0x0][0x1][\n]&quot;
22:48:27.842 [docker-java-stream--1505383931] DEBUG c.g.d.z.s.o.a.hc.client5.http.wire - http-outgoing-3 &lt;&lt; &quot;[0x2][0x0][0x0][0x0][0x0][0x0][0x0]4/bin/bash: connect: Cannot assign requested address[\n]&quot;
22:48:27.850 [docker-java-stream--1505383931] DEBUG c.g.d.z.s.o.a.hc.client5.http.wire - http-outgoing-3 &lt;&lt; &quot;[0x2][0x0][0x0][0x0][0x0][0x0][0x0]D/bin/bash: /dev/tcp/localhost/8080: Cannot assign requested address[\n]&quot;
22:48:27.985 [docker-java-stream--1505383931] DEBUG c.g.d.z.s.o.a.hc.client5.http.wire - http-outgoing-3 &lt;&lt; &quot;[0x2][0x0][0x0][0x0][0x0][0x0][0x0][0xc]/bin/sh: 1: &quot;
22:48:27.987 [docker-java-stream--1505383931] DEBUG c.g.d.z.s.o.a.hc.client5.http.wire - http-outgoing-3 &lt;&lt; &quot;[0x2][0x0][0x0][0x0][0x0][0x0][0x0][\r]nc: not found&quot;
22:48:27.987 [docker-java-stream--1505383931] DEBUG c.g.d.z.s.o.a.hc.client5.http.wire - http-outgoing-3 &lt;&lt; &quot;[0x2][0x0][0x0][0x0][0x0][0x0][0x0][0x1][\n]&quot;
22:48:28.004 [docker-java-stream--1505383931] DEBUG c.g.d.z.s.o.a.hc.client5.http.wire - http-outgoing-3 &lt;&lt; &quot;[0x2][0x0][0x0][0x0][0x0][0x0][0x0]4/bin/bash: connect: Cannot assign requested address[\n]&quot;
22:48:28.007 [docker-java-stream--1505383931] DEBUG c.g.d.z.s.o.a.hc.client5.http.wire - http-outgoing-3 &lt;&lt; &quot;[0x2][0x0][0x0][0x0][0x0][0x0][0x0]D/bin/bash: /dev/tcp/localhost/8080: Cannot assign requested address[\n]&quot;
22:48:28.138 [docker-java-stream--1505383931] DEBUG c.g.d.z.s.o.a.hc.client5.http.wire - http-outgoing-3 &lt;&lt; &quot;[0x2][0x0][0x0][0x0][0x0][0x0][0x0][0xc]/bin/sh: 1: &quot;
22:48:28.140 [docker-java-stream--1505383931] DEBUG c.g.d.z.s.o.a.hc.client5.http.wire - http-outgoing-3 &lt;&lt; &quot;[0x2][0x0][0x0][0x0][0x0][0x0][0x0][\r]nc: not found&quot;
22:48:28.140 [docker-java-stream--1505383931] DEBUG c.g.d.z.s.o.a.hc.client5.http.wire - http-outgoing-3 &lt;&lt; &quot;[0x2][0x0][0x0][0x0][0x0][0x0][0x0][0x1][\n]&quot;
22:48:28.146 [docker-java-stream--1505383931] DEBUG c.g.d.z.s.o.a.hc.client5.http.wire - http-outgoing-3 &lt;&lt; &quot;[0x2][0x0][0x0][0x0][0x0][0x0][0x0]4/bin/bash: connect: Cannot assign requested address[\n]&quot;
22:48:28.150 [docker-java-stream--1505383931] DEBUG c.g.d.z.s.o.a.hc.client5.http.wire - http-outgoing-3 &lt;&lt; &quot;[0x2][0x0][0x0][0x0][0x0][0x0][0x0]D/bin/bash: /dev/tcp/localhost/8080: Cannot assign requested address[\n]&quot;
22:48:28.270 [docker-java-stream--1505383931] DEBUG c.g.d.z.s.o.a.hc.client5.http.wire - http-outgoing-3 &lt;&lt; &quot;[0x2][0x0][0x0][0x0][0x0][0x0][0x0][0xc]/bin/sh: 1: &quot;
22:48:28.271 [docker-java-stream--1505383931] DEBUG c.g.d.z.s.o.a.hc.client5.http.wire - http-outgoing-3 &lt;&lt; &quot;[0x2][0x0][0x0][0x0][0x0][0x0][0x0][\r]nc: not found&quot;
22:48:28.272 [docker-java-stream--1505383931] DEBUG c.g.d.z.s.o.a.hc.client5.http.wire - http-outgoing-3 &lt;&lt; &quot;[0x2][0x0][0x0][0x0][0x0][0x0][0x0][0x1][\n]&quot;
22:48:28.288 [docker-java-stream--1505383931] DEBUG c.g.d.z.s.o.a.hc.client5.http.wire - http-outgoing-3 &lt;&lt; &quot;[0x2][0x0][0x0][0x0][0x0][0x0][0x0]4/bin/bash: connect: Cannot assign requested address[\n]&quot;
22:48:28.289 [docker-java-stream--1505383931] DEBUG c.g.d.z.s.o.a.hc.client5.http.wire - http-outgoing-3 &lt;&lt; &quot;[0x2][0x0][0x0][0x0][0x0][0x0][0x0]D/bin/bash: /dev/tcp/localhost/8080: Cannot assign requested address[\n]&quot;
22:48:28.410 [docker-java-stream--1505383931] DEBUG c.g.d.z.s.o.a.hc.client5.http.wire - http-outgoing-3 &lt;&lt; &quot;[0x2][0x0][0x0][0x0][0x0][0x0][0x0][0xc]/bin/sh: 1: &quot;
22:48:28.424 [docker-java-stream--1505383931] DEBUG c.g.d.z.s.o.a.hc.client5.http.wire - http-outgoing-3 &lt;&lt; &quot;[0x2][0x0][0x0][0x0][0x0][0x0][0x0][0xe]nc: not found[\n]&quot;
22:48:28.434 [docker-java-stream--1505383931] DEBUG c.g.d.z.s.o.a.hc.client5.http.wire - http-outgoing-3 &lt;&lt; &quot;[0x2][0x0][0x0][0x0][0x0][0x0][0x0]x/bin/bash: connect: Cannot assign requested address[\n]&quot;
22:48:28.434 [docker-java-stream--1505383931] DEBUG c.g.d.z.s.o.a.hc.client5.http.wire - http-outgoing-3 &lt;&lt; &quot;/bin/bash: /dev/tcp/localhost/8080: Cannot assign requested address[\n]&quot;
22:48:28.551 [docker-java-stream--1505383931] DEBUG c.g.d.z.s.o.a.hc.client5.http.wire - http-outgoing-3 &lt;&lt; &quot;[0x2][0x0][0x0][0x0][0x0][0x0][0x0][0xc]/bin/sh: 1: &quot;
22:48:28.553 [docker-java-stream--1505383931] DEBUG c.g.d.z.s.o.a.hc.client5.http.wire - http-outgoing-3 &lt;&lt; &quot;[0x2][0x0][0x0][0x0][0x0][0x0][0x0][\r]nc: not found&quot;
22:48:28.553 [docker-java-stream--1505383931] DEBUG c.g.d.z.s.o.a.hc.client5.http.wire - http-outgoing-3 &lt;&lt; &quot;[0x2][0x0][0x0][0x0][0x0][0x0][0x0][0x1][\n]&quot;
22:48:28.561 [docker-java-stream--1505383931] DEBUG c.g.d.z.s.o.a.hc.client5.http.wire - http-outgoing-3 &lt;&lt; &quot;[0x2][0x0][0x0][0x0][0x0][0x0][0x0]4/bin/bash: connect: Cannot assign requested address[\n]&quot;
22:48:28.562 [docker-java-stream--1505383931] DEBUG c.g.d.z.s.o.a.hc.client5.http.wire - http-outgoing-3 &lt;&lt; &quot;[0x2][0x0][0x0][0x0][0x0][0x0][0x0]D/bin/bash: /dev/tcp/localhost/8080: Cannot assign requested address[\n]&quot;
22:48:28.694 [docker-java-stream--1505383931] DEBUG c.g.d.z.s.o.a.hc.client5.http.wire - http-outgoing-3 &lt;&lt; &quot;[0x2][0x0][0x0][0x0][0x0][0x0][0x0][0xc]/bin/sh: 1: &quot;
22:48:28.696 [docker-java-stream--1505383931] DEBUG c.g.d.z.s.o.a.hc.client5.http.wire - http-outgoing-3 &lt;&lt; &quot;[0x2][0x0][0x0][0x0][0x0][0x0][0x0][\r]nc: not found&quot;
22:48:28.696 [docker-java-stream--1505383931] DEBUG c.g.d.z.s.o.a.hc.client5.http.wire - http-outgoing-3 &lt;&lt; &quot;[0x2][0x0][0x0][0x0][0x0][0x0][0x0][0x1][\n]&quot;
22:48:28.716 [docker-java-stream--1505383931] DEBUG c.g.d.z.s.o.a.hc.client5.http.wire - http-outgoing-3 &lt;&lt; &quot;[0x2][0x0][0x0][0x0][0x0][0x0][0x0]4/bin/bash: connect: Cannot assign requested address[\n]&quot;
22:48:28.717 [docker-java-stream--1505383931] DEBUG c.g.d.z.s.o.a.hc.client5.http.wire - http-outgoing-3 &lt;&lt; &quot;[0x2][0x0][0x0][0x0][0x0][0x0][0x0]D/bin/bash: /dev/tcp/localhost/8080: Cannot assign requested address[\n]&quot;
22:48:28.838 [docker-java-stream--1505383931] DEBUG c.g.d.z.s.o.a.hc.client5.http.wire - http-outgoing-3 &lt;&lt; &quot;[0x2][0x0][0x0][0x0][0x0][0x0][0x0][0xc]/bin/sh: 1: &quot;
22:48:28.840 [docker-java-stream--1505383931] DEBUG c.g.d.z.s.o.a.hc.client5.http.wire - http-outgoing-3 &lt;&lt; &quot;[0x2][0x0][0x0][0x0][0x0][0x0][0x0][\r]nc: not found&quot;
22:48:28.840 [docker-java-stream--1505383931] DEBUG c.g.d.z.s.o.a.hc.client5.http.wire - http-outgoing-3 &lt;&lt; &quot;[0x2][0x0][0x0][0x0][0x0][0x0][0x0][0x1][\n]&quot;
22:48:28.854 [docker-java-stream--1505383931] DEBUG c.g.d.z.s.o.a.hc.client5.http.wire - http-outgoing-3 &lt;&lt; &quot;[0x2][0x0][0x0][0x0][0x0][0x0][0x0]4/bin/bash: connect: Cannot assign requested address[\n]&quot;
22:48:28.854 [docker-java-stream--1505383931] DEBUG c.g.d.z.s.o.a.hc.client5.http.wire - http-outgoing-3 &lt;&lt; &quot;[0x2][0x0][0x0][0x0][0x0][0x0][0x0]D/bin/bash: /dev/tcp/localhost/8080: Cannot assign requested address[\n]&quot;
22:48:28.984 [docker-java-stream--1505383931] DEBUG c.g.d.z.s.o.a.hc.client5.http.wire - http-outgoing-3 &lt;&lt; &quot;[0x2][0x0][0x0][0x0][0x0][0x0][0x0][0xc]/bin/sh: 1: &quot;
22:48:28.984 [docker-java-stream--1505383931] DEBUG c.g.d.z.s.o.a.hc.client5.http.wire - http-outgoing-3 &lt;&lt; &quot;[0x2][0x0][0x0][0x0][0x0][0x0][0x0][\r]nc: not found&quot;
22:48:28.984 [docker-java-stream--1505383931] DEBUG c.g.d.z.s.o.a.hc.client5.http.wire - http-outgoing-3 &lt;&lt; &quot;[0x2][0x0][0x0][0x0][0x0][0x0][0x0][0x1][\n]&quot;
22:48:28.992 [docker-java-stream--1505383931] DEBUG c.g.d.z.s.o.a.hc.client5.http.wire - http-outgoing-3 &lt;&lt; &quot;[0x2][0x0][0x0][0x0][0x0][0x0][0x0]4/bin/bash: connect: Cannot assign requested address[\n]&quot;
22:48:28.995 [docker-java-stream--1505383931] DEBUG c.g.d.z.s.o.a.hc.client5.http.wire - http-outgoing-3 &lt;&lt; &quot;[0x2][0x0][0x0][0x0][0x0][0x0][0x0]D/bin/bash: /dev/tcp/localhost/8080: Cannot assign requested address[\n]&quot;
22:48:29.129 [docker-java-stream--1505383931] DEBUG c.g.d.z.s.o.a.hc.client5.http.wire - http-outgoing-3 &lt;&lt; &quot;[0x2][0x0][0x0][0x0][0x0][0x0][0x0][0xc]/bin/sh: 1: &quot;
22:48:29.130 [docker-java-stream--1505383931] DEBUG c.g.d.z.s.o.a.hc.client5.http.wire - http-outgoing-3 &lt;&lt; &quot;[0x2][0x0][0x0][0x0][0x0][0x0][0x0][\r]nc: not found&quot;
22:48:29.131 [docker-java-stream--1505383931] DEBUG c.g.d.z.s.o.a.hc.client5.http.wire - http-outgoing-3 &lt;&lt; &quot;[0x2][0x0][0x0][0x0][0x0][0x0][0x0][0x1][\n]&quot;
22:48:29.137 [docker-java-stream--1505383931] DEBUG c.g.d.z.s.o.a.hc.client5.http.wire - http-outgoing-3 &lt;&lt; &quot;[0x2][0x0][0x0][0x0][0x0][0x0][0x0]4/bin/bash: connect: Cannot assign requested address[\n]&quot;
22:48:29.140 [docker-java-stream--1505383931] DEBUG c.g.d.z.s.o.a.hc.client5.http.wire - http-outgoing-3 &lt;&lt; &quot;[0x2][0x0][0x0][0x0][0x0][0x0][0x0]D/bin/bash: /dev/tcp/localhost/8080: Cannot assign requested address[\n]&quot;
22:48:29.271 [docker-java-stream--1505383931] DEBUG c.g.d.z.s.o.a.hc.client5.http.wire - http-outgoing-3 &lt;&lt; &quot;[0x2][0x0][0x0][0x0][0x0][0x0][0x0][0xc]/bin/sh: 1: &quot;
22:48:29.271 [docker-java-stream--1505383931] DEBUG c.g.d.z.s.o.a.hc.client5.http.wire - http-outgoing-3 &lt;&lt; &quot;[0x2][0x0][0x0][0x0][0x0][0x0][0x0][\r]nc: not found&quot;
22:48:29.272 [docker-java-stream--1505383931] DEBUG c.g.d.z.s.o.a.hc.client5.http.wire - http-outgoing-3 &lt;&lt; &quot;[0x2][0x0][0x0][0x0][0x0][0x0][0x0][0x1][\n]&quot;
22:48:29.291 [docker-java-stream--1505383931] DEBUG c.g.d.z.s.o.a.hc.client5.http.wire - http-outgoing-3 &lt;&lt; &quot;[0x2][0x0][0x0][0x0][0x0][0x0][0x0]4/bin/bash: connect: Cannot assign requested address[\n]&quot;
22:48:29.291 [docker-java-stream--1505383931] DEBUG c.g.d.z.s.o.a.hc.client5.http.wire - http-outgoing-3 &lt;&lt; &quot;[0x2][0x0][0x0][0x0][0x0][0x0][0x0]D/bin/bash: /dev/tcp/localhost/8080: Cannot assign requested address[\n]&quot;
22:48:29.415 [docker-java-stream--1505383931] DEBUG c.g.d.z.s.o.a.hc.client5.http.wire - http-outgoing-3 &lt;&lt; &quot;[0x2][0x0][0x0][0x0][0x0][0x0][0x0][0xc]/bin/sh: 1: &quot;
22:48:29.417 [docker-java-stream--1505383931] DEBUG c.g.d.z.s.o.a.hc.client5.http.wire - http-outgoing-3 &lt;&lt; &quot;[0x2][0x0][0x0][0x0][0x0][0x0][0x0][\r]nc: not found&quot;
22:48:29.417 [docker-java-stream--1505383931] DEBUG c.g.d.z.s.o.a.hc.client5.http.wire - http-outgoing-3 &lt;&lt; &quot;[0x2][0x0][0x0][0x0][0x0][0x0][0x0][0x1][\n]&quot;
22:48:29.425 [docker-java-stream--1505383931] DEBUG c.g.d.z.s.o.a.hc.client5.http.wire - http-outgoing-3 &lt;&lt; &quot;[0x2][0x0][0x0][0x0][0x0][0x0][0x0]4/bin/bash: connect: Cannot assign requested address[\n]&quot;
22:48:29.429 [docker-java-stream--1505383931] DEBUG c.g.d.z.s.o.a.hc.client5.http.wire - http-outgoing-3 &lt;&lt; &quot;[0x2][0x0][0x0][0x0][0x0][0x0][0x0]D/bin/bash: /dev/tcp/localhost/8080: Cannot assign requested address[\n]&quot;
22:48:29.554 [docker-java-stream--1505383931] DEBUG c.g.d.z.s.o.a.hc.client5.http.wire - http-outgoing-3 &lt;&lt; &quot;[0x2][0x0][0x0][0x0][0x0][0x0][0x0][0xc]/bin/sh: 1: &quot;
22:48:29.556 [docker-java-stream--1505383931] DEBUG c.g.d.z.s.o.a.hc.client5.http.wire - http-outgoing-3 &lt;&lt; &quot;[0x2][0x0][0x0][0x0][0x0][0x0][0x0][\r]nc: not found&quot;
22:48:29.557 [docker-java-stream--1505383931] DEBUG c.g.d.z.s.o.a.hc.client5.http.wire - http-outgoing-3 &lt;&lt; &quot;[0x2][0x0][0x0][0x0][0x0][0x0][0x0][0x1][\n]&quot;
22:48:29.560 [docker-java-stream--1505383931] DEBUG c.g.d.z.s.o.a.hc.client5.http.wire - http-outgoing-3 &lt;&lt; &quot;[0x2][0x0][0x0][0x0][0x0][0x0][0x0]4/bin/bash: connect: Cannot assign requested address[\n]&quot;
22:48:29.567 [docker-java-stream--1505383931] DEBUG c.g.d.z.s.o.a.hc.client5.http.wire - http-outgoing-3 &lt;&lt; &quot;[0x2][0x0][0x0][0x0][0x0][0x0][0x0]D/bin/bash: /dev/tcp/localhost/8080: Cannot assign requested address[\n]&quot;
22:48:29.694 [docker-java-stream--1505383931] DEBUG c.g.d.z.s.o.a.hc.client5.http.wire - http-outgoing-3 &lt;&lt; &quot;[0x2][0x0][0x0][0x0][0x0][0x0][0x0][0xc]/bin/sh: 1: &quot;
22:48:29.695 [docker-java-stream--1505383931] DEBUG c.g.d.z.s.o.a.hc.client5.http.wire - http-outgoing-3 &lt;&lt; &quot;[0x2][0x0][0x0][0x0][0x0][0x0][0x0][\r]nc: not found&quot;
22:48:29.695 [docker-java-stream--1505383931] DEBUG c.g.d.z.s.o.a.hc.client5.http.wire - http-outgoing-3 &lt;&lt; &quot;[0x2][0x0][0x0][0x0][0x0][0x0][0x0][0x1][\n]&quot;
22:48:29.702 [docker-java-stream--1505383931] DEBUG c.g.d.z.s.o.a.hc.client5.http.wire - http-outgoing-3 &lt;&lt; &quot;[0x2][0x0][0x0][0x0][0x0][0x0][0x0]4/bin/bash: connect: Cannot assign requested address[\n]&quot;
22:48:29.703 [docker-java-stream--1505383931] DEBUG c.g.d.z.s.o.a.hc.client5.http.wire - http-outgoing-3 &lt;&lt; &quot;[0x2][0x0][0x0][0x0][0x0][0x0][0x0]D/bin/bash: /dev/tcp/localhost/8080: Cannot assign requested address[\n]&quot;
22:48:29.828 [docker-java-stream--1505383931] DEBUG c.g.d.z.s.o.a.hc.client5.http.wire - http-outgoing-3 &lt;&lt; &quot;[0x2][0x0][0x0][0x0][0x0][0x0][0x0][0xc]/bin/sh: 1: &quot;
22:48:29.834 [docker-java-stream--1505383931] DEBUG c.g.d.z.s.o.a.hc.client5.http.wire - http-outgoing-3 &lt;&lt; &quot;[0x2][0x0][0x0][0x0][0x0][0x0][0x0][\r]nc: not found&quot;
22:48:29.834 [docker-java-stream--1505383931] DEBUG c.g.d.z.s.o.a.hc.client5.http.wire - http-outgoing-3 &lt;&lt; &quot;[0x2][0x0][0x0][0x0][0x0][0x0][0x0][0x1][\n]&quot;
22:48:29.842 [docker-java-stream--1505383931] DEBUG c.g.d.z.s.o.a.hc.client5.http.wire - http-outgoing-3 &lt;&lt; &quot;[0x2][0x0][0x0][0x0][0x0][0x0][0x0]4/bin/bash: connect: Cannot assign requested address[\n]&quot;
22:48:29.854 [docker-java-stream--1505383931] DEBUG c.g.d.z.s.o.a.hc.client5.http.wire - http-outgoing-3 &lt;&lt; &quot;[0x2][0x0][0x0][0x0][0x0][0x0][0x0]D/bin/bash: /dev/tcp/localhost/8080: Cannot assign requested address[\n]&quot;
22:48:29.976 [docker-java-stream--1505383931] DEBUG c.g.d.z.s.o.a.hc.client5.http.wire - http-outgoing-3 &lt;&lt; &quot;[0x2][0x0][0x0][0x0][0x0][0x0][0x0][0xc]/bin/sh: 1: &quot;
22:48:29.978 [docker-java-stream--1505383931] DEBUG c.g.d.z.s.o.a.hc.client5.http.wire - http-outgoing-3 &lt;&lt; &quot;[0x2][0x0][0x0][0x0][0x0][0x0][0x0][\r]nc: not found&quot;
22:48:29.978 [docker-java-stream--1505383931] DEBUG c.g.d.z.s.o.a.hc.client5.http.wire - http-outgoing-3 &lt;&lt; &quot;[0x2][0x0][0x0][0x0][0x0][0x0][0x0][0x1][\n]&quot;
22:48:29.984 [docker-java-stream--1505383931] DEBUG c.g.d.z.s.o.a.hc.client5.http.wire - http-outgoing-3 &lt;&lt; &quot;[0x2][0x0][0x0][0x0][0x0][0x0][0x0]4/bin/bash: connect: Cannot assign requested address[\n]&quot;
22:48:29.993 [docker-java-stream--1505383931] DEBUG c.g.d.z.s.o.a.hc.client5.http.wire - http-outgoing-3 &lt;&lt; &quot;[0x2][0x0][0x0][0x0][0x0][0x0][0x0]D/bin/bash: /dev/tcp/localhost/8080: Cannot assign requested address[\n]&quot;
22:48:30.116 [docker-java-stream--1505383931] DEBUG c.g.d.z.s.o.a.hc.client5.http.wire - http-outgoing-3 &lt;&lt; &quot;[0x2][0x0][0x0][0x0][0x0][0x0][0x0][0xc]/bin/sh: 1: &quot;
22:48:30.118 [docker-java-stream--1505383931] DEBUG c.g.d.z.s.o.a.hc.client5.http.wire - http-outgoing-3 &lt;&lt; &quot;[0x2][0x0][0x0][0x0][0x0][0x0][0x0][\r]nc: not found&quot;
22:48:30.118 [docker-java-stream--1505383931] DEBUG c.g.d.z.s.o.a.hc.client5.http.wire - http-outgoing-3 &lt;&lt; &quot;[0x2][0x0][0x0][0x0][0x0][0x0][0x0][0x1][\n]&quot;
22:48:30.129 [docker-java-stream--1505383931] DEBUG c.g.d.z.s.o.a.hc.client5.http.wire - http-outgoing-3 &lt;&lt; &quot;[0x2][0x0][0x0][0x0][0x0][0x0][0x0]4/bin/bash: connect: Cannot assign requested address[\n]&quot;
22:48:30.129 [docker-java-stream--1505383931] DEBUG c.g.d.z.s.o.a.hc.client5.http.wire - http-outgoing-3 &lt;&lt; &quot;[0x2][0x0][0x0][0x0][0x0][0x0][0x0]D/bin/bash: /dev/tcp/localhost/8080: Cannot assign requested address[\n]&quot;
22:48:30.252 [docker-java-stream--1505383931] DEBUG c.g.d.z.s.o.a.hc.client5.http.wire - http-outgoing-3 &lt;&lt; &quot;[0x2][0x0][0x0][0x0][0x0][0x0][0x0][0xc]/bin/sh: 1: &quot;
22:48:30.253 [docker-java-stream--1505383931] DEBUG c.g.d.z.s.o.a.hc.client5.http.wire - http-outgoing-3 &lt;&lt; &quot;[0x2][0x0][0x0][0x0][0x0][0x0][0x0][\r]nc: not found&quot;
22:48:30.254 [docker-java-stream--1505383931] DEBUG c.g.d.z.s.o.a.hc.client5.http.wire - http-outgoing-3 &lt;&lt; &quot;[0x2][0x0][0x0][0x0][0x0][0x0][0x0][0x1][\n]&quot;
22:48:30.270 [docker-java-stream--1505383931] DEBUG c.g.d.z.s.o.a.hc.client5.http.wire - http-outgoing-3 &lt;&lt; &quot;[0x2][0x0][0x0][0x0][0x0][0x0][0x0]4/bin/bash: connect: Cannot assign requested address[\n]&quot;
22:48:30.270 [docker-java-stream--1505383931] DEBUG c.g.d.z.s.o.a.hc.client5.http.wire - http-outgoing-3 &lt;&lt; &quot;[0x2][0x0][0x0][0x0][0x0][0x0][0x0]D/bin/bash: /dev/tcp/localhost/8080: Cannot assign requested address[\n]&quot;
22:48:30.413 [docker-java-stream--1505383931] DEBUG c.g.d.z.s.o.a.hc.client5.http.wire - http-outgoing-3 &lt;&lt; &quot;[0x2][0x0][0x0][0x0][0x0][0x0][0x0][0xc]/bin/sh: 1: &quot;
22:48:30.414 [docker-java-stream--1505383931] DEBUG c.g.d.z.s.o.a.hc.client5.http.wire - http-outgoing-3 &lt;&lt; &quot;[0x2][0x0][0x0][0x0][0x0][0x0][0x0][\r]nc: not found&quot;
22:48:30.414 [docker-java-stream--1505383931] DEBUG c.g.d.z.s.o.a.hc.client5.http.wire - http-outgoing-3 &lt;&lt; &quot;[0x2][0x0][0x0][0x0][0x0][0x0][0x0][0x1][\n]&quot;
22:48:30.432 [docker-java-stream--1505383931] DEBUG c.g.d.z.s.o.a.hc.client5.http.wire - http-outgoing-3 &lt;&lt; &quot;[0x2][0x0][0x0][0x0][0x0][0x0][0x0]4/bin/bash: connect: Cannot assign requested address[\n]&quot;
22:48:30.432 [docker-java-stream--1505383931] DEBUG c.g.d.z.s.o.a.hc.client5.http.wire - http-outgoing-3 &lt;&lt; &quot;[0x2][0x0][0x0][0x0][0x0][0x0][0x0]D/bin/bash: /dev/tcp/localhost/8080: Cannot assign requested address[\n]&quot;
22:48:30.568 [docker-java-stream--1505383931] DEBUG c.g.d.z.s.o.a.hc.client5.http.wire - http-outgoing-3 &lt;&lt; &quot;[0x2][0x0][0x0][0x0][0x0][0x0][0x0][0x1a]/bin/sh: 1: nc: not found[\n]&quot;
22:48:30.585 [docker-java-stream--1505383931] DEBUG c.g.d.z.s.o.a.hc.client5.http.wire - http-outgoing-3 &lt;&lt; &quot;[0x2][0x0][0x0][0x0][0x0][0x0][0x0]x/bin/bash: connect: Cannot assign requested address[\n]&quot;
22:48:30.585 [docker-java-stream--1505383931] DEBUG c.g.d.z.s.o.a.hc.client5.http.wire - http-outgoing-3 &lt;&lt; &quot;/bin/bash: /dev/tcp/localhost/8080: Cannot assign requested address[\n]&quot;
22:48:30.703 [docker-java-stream--1505383931] DEBUG c.g.d.z.s.o.a.hc.client5.http.wire - http-outgoing-3 &lt;&lt; &quot;[0x2][0x0][0x0][0x0][0x0][0x0][0x0][0xc]/bin/sh: 1: &quot;
22:48:30.704 [docker-java-stream--1505383931] DEBUG c.g.d.z.s.o.a.hc.client5.http.wire - http-outgoing-3 &lt;&lt; &quot;[0x2][0x0][0x0][0x0][0x0][0x0][0x0][\r]nc: not found&quot;
22:48:30.704 [docker-java-stream--1505383931] DEBUG c.g.d.z.s.o.a.hc.client5.http.wire - http-outgoing-3 &lt;&lt; &quot;[0x2][0x0][0x0][0x0][0x0][0x0][0x0][0x1][\n]&quot;
22:48:30.717 [docker-java-stream--1505383931] DEBUG c.g.d.z.s.o.a.hc.client5.http.wire - http-outgoing-3 &lt;&lt; &quot;[0x2][0x0][0x0][0x0][0x0][0x0][0x0]4/bin/bash: connect: Cannot assign requested address[\n]&quot;
22:48:30.720 [docker-java-stream--1505383931] DEBUG c.g.d.z.s.o.a.hc.client5.http.wire - http-outgoing-3 &lt;&lt; &quot;[0x2][0x0][0x0][0x0][0x0][0x0][0x0]D/bin/bash: /dev/tcp/localhost/8080: Cannot assign requested address[\n]&quot;
22:48:30.844 [docker-java-stream--1505383931] DEBUG c.g.d.z.s.o.a.hc.client5.http.wire - http-outgoing-3 &lt;&lt; &quot;[0x2][0x0][0x0][0x0][0x0][0x0][0x0][0xc]/bin/sh: 1: &quot;
22:48:30.845 [docker-java-stream--1505383931] DEBUG c.g.d.z.s.o.a.hc.client5.http.wire - http-outgoing-3 &lt;&lt; &quot;[0x2][0x0][0x0][0x0][0x0][0x0][0x0][\r]nc: not found&quot;
22:48:30.845 [docker-java-stream--1505383931] DEBUG c.g.d.z.s.o.a.hc.client5.http.wire - http-outgoing-3 &lt;&lt; &quot;[0x2][0x0][0x0][0x0][0x0][0x0][0x0][0x1][\n]&quot;
22:48:30.866 [docker-java-stream--1505383931] DEBUG c.g.d.z.s.o.a.hc.client5.http.wire - http-outgoing-3 &lt;&lt; &quot;[0x2][0x0][0x0][0x0][0x0][0x0][0x0]4/bin/bash: connect: Cannot assign requested address[\n]&quot;
22:48:30.866 [docker-java-stream--1505383931] DEBUG c.g.d.z.s.o.a.hc.client5.http.wire - http-outgoing-3 &lt;&lt; &quot;[0x2][0x0][0x0][0x0][0x0][0x0][0x0]D/bin/bash: /dev/tcp/localhost/8080: Cannot assign requested address[\n]&quot;
22:48:31.004 [docker-java-stream--1505383931] DEBUG c.g.d.z.s.o.a.hc.client5.http.wire - http-outgoing-3 &lt;&lt; &quot;[0x2][0x0][0x0][0x0][0x0][0x0][0x0][0xc]/bin/sh: 1: &quot;
22:48:31.004 [docker-java-stream--1505383931] DEBUG c.g.d.z.s.o.a.hc.client5.http.wire - http-outgoing-3 &lt;&lt; &quot;[0x2][0x0][0x0][0x0][0x0][0x0][0x0][\r]nc: not found&quot;
22:48:31.005 [docker-java-stream--1505383931] DEBUG c.g.d.z.s.o.a.hc.client5.http.wire - http-outgoing-3 &lt;&lt; &quot;[0x2][0x0][0x0][0x0][0x0][0x0][0x0][0x1][\n]&quot;
22:48:31.021 [docker-java-stream--1505383931] DEBUG c.g.d.z.s.o.a.hc.client5.http.wire - http-outgoing-3 &lt;&lt; &quot;[0x2][0x0][0x0][0x0][0x0][0x0][0x0]4/bin/bash: connect: Cannot assign requested address[\n]&quot;
22:48:31.021 [docker-java-stream--1505383931] DEBUG c.g.d.z.s.o.a.hc.client5.http.wire - http-outgoing-3 &lt;&lt; &quot;[0x2][0x0][0x0][0x0][0x0][0x0][0x0]D/bin/bash: /dev/tcp/localhost/8080: Cannot assign requested address[\n]&quot;
22:48:31.146 [docker-java-stream--1505383931] DEBUG c.g.d.z.s.o.a.hc.client5.http.wire - http-outgoing-3 &lt;&lt; &quot;[0x2][0x0][0x0][0x0][0x0][0x0][0x0][0xc]/bin/sh: 1: &quot;
22:48:31.148 [docker-java-stream--1505383931] DEBUG c.g.d.z.s.o.a.hc.client5.http.wire - http-outgoing-3 &lt;&lt; &quot;[0x2][0x0][0x0][0x0][0x0][0x0][0x0][\r]nc: not found&quot;
22:48:31.148 [docker-java-stream--1505383931] DEBUG c.g.d.z.s.o.a.hc.client5.http.wire - http-outgoing-3 &lt;&lt; &quot;[0x2][0x0][0x0][0x0][0x0][0x0][0x0][0x1][\n]&quot;
22:48:31.153 [docker-java-stream--1505383931] DEBUG c.g.d.z.s.o.a.hc.client5.http.wire - http-outgoing-3 &lt;&lt; &quot;[0x2][0x0][0x0][0x0][0x0][0x0][0x0]4/bin/bash: connect: Cannot assign requested address[\n]&quot;
22:48:31.164 [docker-java-stream--1505383931] DEBUG c.g.d.z.s.o.a.hc.client5.http.wire - http-outgoing-3 &lt;&lt; &quot;[0x2][0x0][0x0][0x0][0x0][0x0][0x0]D/bin/bash: /dev/tcp/localhost/8080: Cannot assign requested address[\n]&quot;
22:48:31.290 [docker-java-stream--1505383931] DEBUG c.g.d.z.s.o.a.hc.client5.http.wire - http-outgoing-3 &lt;&lt; &quot;[0x2][0x0][0x0][0x0][0x0][0x0][0x0][0xc]/bin/sh: 1: &quot;
22:48:31.292 [docker-java-stream--1505383931] DEBUG c.g.d.z.s.o.a.hc.client5.http.wire - http-outgoing-3 &lt;&lt; &quot;[0x2][0x0][0x0][0x0][0x0][0x0][0x0][\r]nc: not found&quot;
22:48:31.292 [docker-java-stream--1505383931] DEBUG c.g.d.z.s.o.a.hc.client5.http.wire - http-outgoing-3 &lt;&lt; &quot;[0x2][0x0][0x0][0x0][0x0][0x0][0x0][0x1][\n]&quot;
22:48:31.299 [docker-java-stream--1505383931] DEBUG c.g.d.z.s.o.a.hc.client5.http.wire - http-outgoing-3 &lt;&lt; &quot;[0x2][0x0][0x0][0x0][0x0][0x0][0x0]4/bin/bash: connect: Cannot assign requested address[\n]&quot;
22:48:31.301 [docker-java-stream--1505383931] DEBUG c.g.d.z.s.o.a.hc.client5.http.wire - http-outgoing-3 &lt;&lt; &quot;[0x2][0x0][0x0][0x0][0x0][0x0][0x0]D/bin/bash: /dev/tcp/localhost/8080: Cannot assign requested address[\n]&quot;
22:48:31.434 [docker-java-stream--1505383931] DEBUG c.g.d.z.s.o.a.hc.client5.http.wire - http-outgoing-3 &lt;&lt; &quot;[0x2][0x0][0x0][0x0][0x0][0x0][0x0][0xc]/bin/sh: 1: &quot;
22:48:31.435 [docker-java-stream--1505383931] DEBUG c.g.d.z.s.o.a.hc.client5.http.wire - http-outgoing-3 &lt;&lt; &quot;[0x2][0x0][0x0][0x0][0x0][0x0][0x0][\r]nc: not found&quot;
22:48:31.436 [docker-java-stream--1505383931] DEBUG c.g.d.z.s.o.a.hc.client5.http.wire - http-outgoing-3 &lt;&lt; &quot;[0x2][0x0][0x0][0x0][0x0][0x0][0x0][0x1][\n]&quot;
22:48:31.449 [docker-java-stream--1505383931] DEBUG c.g.d.z.s.o.a.hc.client5.http.wire - http-outgoing-3 &lt;&lt; &quot;[0x2][0x0][0x0][0x0][0x0][0x0][0x0]4/bin/bash: connect: Cannot assign requested address[\n]&quot;
22:48:31.452 [docker-java-stream--1505383931] DEBUG c.g.d.z.s.o.a.hc.client5.http.wire - http-outgoing-3 &lt;&lt; &quot;[0x2][0x0][0x0][0x0][0x0][0x0][0x0]D/bin/bash: /dev/tcp/localhost/8080: Cannot assign requested address[\n]&quot;
22:48:31.574 [docker-java-stream--1505383931] DEBUG c.g.d.z.s.o.a.hc.client5.http.wire - http-outgoing-3 &lt;&lt; &quot;[0x2][0x0][0x0][0x0][0x0][0x0][0x0][0xc]/bin/sh: 1: &quot;
22:48:31.574 [docker-java-stream--1505383931] DEBUG c.g.d.z.s.o.a.hc.client5.http.wire - http-outgoing-3 &lt;&lt; &quot;[0x2][0x0][0x0][0x0][0x0][0x0][0x0][\r]nc: not found&quot;
22:48:31.574 [docker-java-stream--1505383931] DEBUG c.g.d.z.s.o.a.hc.client5.http.wire - http-outgoing-3 &lt;&lt; &quot;[0x2][0x0][0x0][0x0][0x0][0x0][0x0][0x1][\n]&quot;
22:48:31.582 [docker-java-stream--1505383931] DEBUG c.g.d.z.s.o.a.hc.client5.http.wire - http-outgoing-3 &lt;&lt; &quot;[0x2][0x0][0x0][0x0][0x0][0x0][0x0]4/bin/bash: connect: Cannot assign requested address[\n]&quot;
22:48:31.586 [docker-java-stream--1505383931] DEBUG c.g.d.z.s.o.a.hc.client5.http.wire - http-outgoing-3 &lt;&lt; &quot;[0x2][0x0][0x0][0x0][0x0][0x0][0x0]D/bin/bash: /dev/tcp/localhost/8080: Cannot assign requested address[\n]&quot;
22:48:31.715 [docker-java-stream--1505383931] DEBUG c.g.d.z.s.o.a.hc.client5.http.wire - http-outgoing-3 &lt;&lt; &quot;[0x2][0x0][0x0][0x0][0x0][0x0][0x0][0xc]/bin/sh: 1: &quot;
22:48:31.716 [docker-java-stream--1505383931] DEBUG c.g.d.z.s.o.a.hc.client5.http.wire - http-outgoing-3 &lt;&lt; &quot;[0x2][0x0][0x0][0x0][0x0][0x0][0x0][\r]nc: not found&quot;
22:48:31.716 [docker-java-stream--1505383931] DEBUG c.g.d.z.s.o.a.hc.client5.http.wire - http-outgoing-3 &lt;&lt; &quot;[0x2][0x0][0x0][0x0][0x0][0x0][0x0][0x1][\n]&quot;
22:48:31.723 [docker-java-stream--1505383931] DEBUG c.g.d.z.s.o.a.hc.client5.http.wire - http-outgoing-3 &lt;&lt; &quot;[0x2][0x0][0x0][0x0][0x0][0x0][0x0]4/bin/bash: connect: Cannot assign requested address[\n]&quot;
22:48:31.726 [docker-java-stream--1505383931] DEBUG c.g.d.z.s.o.a.hc.client5.http.wire - http-outgoing-3 &lt;&lt; &quot;[0x2][0x0][0x0][0x0][0x0][0x0][0x0]D/bin/bash: /dev/tcp/localhost/8080: Cannot assign requested address[\n]&quot;
22:48:31.853 [docker-java-stream--1505383931] DEBUG c.g.d.z.s.o.a.hc.client5.http.wire - http-outgoing-3 &lt;&lt; &quot;[0x2][0x0][0x0][0x0][0x0][0x0][0x0][0xc]/bin/sh: 1: &quot;
22:48:31.853 [docker-java-stream--1505383931] DEBUG c.g.d.z.s.o.a.hc.client5.http.wire - http-outgoing-3 &lt;&lt; &quot;[0x2][0x0][0x0][0x0][0x0][0x0][0x0][\r]nc: not found&quot;
22:48:31.853 [docker-java-stream--1505383931] DEBUG c.g.d.z.s.o.a.hc.client5.http.wire - http-outgoing-3 &lt;&lt; &quot;[0x2][0x0][0x0][0x0][0x0][0x0][0x0][0x1][\n]&quot;
22:48:31.865 [docker-java-stream--1505383931] DEBUG c.g.d.z.s.o.a.hc.client5.http.wire - http-outgoing-3 &lt;&lt; &quot;[0x2][0x0][0x0][0x0][0x0][0x0][0x0]4/bin/bash: connect: Cannot assign requested address[\n]&quot;
22:48:31.865 [docker-java-stream--1505383931] DEBUG c.g.d.z.s.o.a.hc.client5.http.wire - http-outgoing-3 &lt;&lt; &quot;[0x2][0x0][0x0][0x0][0x0][0x0][0x0]D/bin/bash: /dev/tcp/localhost/8080: Cannot assign requested address[\n]&quot;
22:48:32.000 [docker-java-stream--1505383931] DEBUG c.g.d.z.s.o.a.hc.client5.http.wire - http-outgoing-3 &lt;&lt; &quot;[0x2][0x0][0x0][0x0][0x0][0x0][0x0][0xc]/bin/sh: 1: &quot;
22:48:32.001 [docker-java-stream--1505383931] DEBUG c.g.d.z.s.o.a.hc.client5.http.wire - http-outgoing-3 &lt;&lt; &quot;[0x2][0x0][0x0][0x0][0x0][0x0][0x0][\r]nc: not found&quot;
22:48:32.001 [docker-java-stream--1505383931] DEBUG c.g.d.z.s.o.a.hc.client5.http.wire - http-outgoing-3 &lt;&lt; &quot;[0x2][0x0][0x0][0x0][0x0][0x0][0x0][0x1][\n]&quot;
22:48:32.015 [docker-java-stream--1505383931] DEBUG c.g.d.z.s.o.a.hc.client5.http.wire - http-outgoing-3 &lt;&lt; &quot;[0x2][0x0][0x0][0x0][0x0][0x0][0x0]4/bin/bash: connect: Cannot assign requested address[\n]&quot;
22:48:32.019 [docker-java-stream--1505383931] DEBUG c.g.d.z.s.o.a.hc.client5.http.wire - http-outgoing-3 &lt;&lt; &quot;[0x2][0x0][0x0][0x0][0x0][0x0][0x0]D/bin/bash: /dev/tcp/localhost/8080: Cannot assign requested address[\n]&quot;
22:48:32.146 [docker-java-stream--1505383931] DEBUG c.g.d.z.s.o.a.hc.client5.http.wire - http-outgoing-3 &lt;&lt; &quot;[0x2][0x0][0x0][0x0][0x0][0x0][0x0][0xc]/bin/sh: 1: &quot;
22:48:32.148 [docker-java-stream--1505383931] DEBUG c.g.d.z.s.o.a.hc.client5.http.wire - http-outgoing-3 &lt;&lt; &quot;[0x2][0x0][0x0][0x0][0x0][0x0][0x0][\r]nc: not found&quot;
22:48:32.148 [docker-java-stream--1505383931] DEBUG c.g.d.z.s.o.a.hc.client5.http.wire - http-outgoing-3 &lt;&lt; &quot;[0x2][0x0][0x0][0x0][0x0][0x0][0x0][0x1][\n]&quot;
22:48:32.158 [docker-java-stream--1505383931] DEBUG c.g.d.z.s.o.a.hc.client5.http.wire - http-outgoing-3 &lt;&lt; &quot;[0x2][0x0][0x0][0x0][0x0][0x0][0x0]4/bin/bash: connect: Cannot assign requested address[\n]&quot;
22:48:32.158 [docker-java-stream--1505383931] DEBUG c.g.d.z.s.o.a.hc.client5.http.wire - http-outgoing-3 &lt;&lt; &quot;[0x2][0x0][0x0][0x0][0x0][0x0][0x0]D/bin/bash: /dev/tcp/localhost/8080: Cannot assign requested address[\n]&quot;
22:48:32.288 [docker-java-stream--1505383931] DEBUG c.g.d.z.s.o.a.hc.client5.http.wire - http-outgoing-3 &lt;&lt; &quot;[0x2][0x0][0x0][0x0][0x0][0x0][0x0][0xc]/bin/sh: 1: &quot;
22:48:32.290 [docker-java-stream--1505383931] DEBUG c.g.d.z.s.o.a.hc.client5.http.wire - http-outgoing-3 &lt;&lt; &quot;[0x2][0x0][0x0][0x0][0x0][0x0][0x0][\r]nc: not found&quot;
22:48:32.290 [docker-java-stream--1505383931] DEBUG c.g.d.z.s.o.a.hc.client5.http.wire - http-outgoing-3 &lt;&lt; &quot;[0x2][0x0][0x0][0x0][0x0][0x0][0x0][0x1][\n]&quot;
22:48:32.298 [docker-java-stream--1505383931] DEBUG c.g.d.z.s.o.a.hc.client5.http.wire - http-outgoing-3 &lt;&lt; &quot;[0x2][0x0][0x0][0x0][0x0][0x0][0x0]4/bin/bash: connect: Cannot assign requested address[\n]&quot;
22:48:32.299 [docker-java-stream--1505383931] DEBUG c.g.d.z.s.o.a.hc.client5.http.wire - http-outgoing-3 &lt;&lt; &quot;[0x2][0x0][0x0][0x0][0x0][0x0][0x0]D/bin/bash: /dev/tcp/localhost/8080: Cannot assign requested address[\n]&quot;
22:48:32.430 [docker-java-stream--1505383931] DEBUG c.g.d.z.s.o.a.hc.client5.http.wire - http-outgoing-3 &lt;&lt; &quot;[0x2][0x0][0x0][0x0][0x0][0x0][0x0][0xc]/bin/sh: 1: &quot;
22:48:32.432 [docker-java-stream--1505383931] DEBUG c.g.d.z.s.o.a.hc.client5.http.wire - http-outgoing-3 &lt;&lt; &quot;[0x2][0x0][0x0][0x0][0x0][0x0][0x0][\r]nc: not found&quot;
22:48:32.432 [docker-java-stream--1505383931] DEBUG c.g.d.z.s.o.a.hc.client5.http.wire - http-outgoing-3 &lt;&lt; &quot;[0x2][0x0][0x0][0x0][0x0][0x0][0x0][0x1][\n]&quot;
22:48:32.439 [docker-java-stream--1505383931] DEBUG c.g.d.z.s.o.a.hc.client5.http.wire - http-outgoing-3 &lt;&lt; &quot;[0x2][0x0][0x0][0x0][0x0][0x0][0x0]4/bin/bash: connect: Cannot assign requested address[\n]&quot;
22:48:32.442 [docker-java-stream--1505383931] DEBUG c.g.d.z.s.o.a.hc.client5.http.wire - http-outgoing-3 &lt;&lt; &quot;[0x2][0x0][0x0][0x0][0x0][0x0][0x0]D/bin/bash: /dev/tcp/localhost/8080: Cannot assign requested address[\n]&quot;
22:48:32.566 [docker-java-stream--1505383931] DEBUG c.g.d.z.s.o.a.hc.client5.http.wire - http-outgoing-3 &lt;&lt; &quot;[0x2][0x0][0x0][0x0][0x0][0x0][0x0][0xc]/bin/sh: 1: &quot;
22:48:32.568 [docker-java-stream--1505383931] DEBUG c.g.d.z.s.o.a.hc.client5.http.wire - http-outgoing-3 &lt;&lt; &quot;[0x2][0x0][0x0][0x0][0x0][0x0][0x0][\r]nc: not found&quot;
22:48:32.568 [docker-java-stream--1505383931] DEBUG c.g.d.z.s.o.a.hc.client5.http.wire - http-outgoing-3 &lt;&lt; &quot;[0x2][0x0][0x0][0x0][0x0][0x0][0x0][0x1][\n]&quot;
22:48:32.575 [docker-java-stream--1505383931] DEBUG c.g.d.z.s.o.a.hc.client5.http.wire - http-outgoing-3 &lt;&lt; &quot;[0x2][0x0][0x0][0x0][0x0][0x0][0x0]4/bin/bash: connect: Cannot assign requested address[\n]&quot;
22:48:32.578 [docker-java-stream--1505383931] DEBUG c.g.d.z.s.o.a.hc.client5.http.wire - http-outgoing-3 &lt;&lt; &quot;[0x2][0x0][0x0][0x0][0x0][0x0][0x0]D/bin/bash: /dev/tcp/localhost/8080: Cannot assign requested address[\n]&quot;
22:48:32.709 [docker-java-stream--1505383931] DEBUG c.g.d.z.s.o.a.hc.client5.http.wire - http-outgoing-3 &lt;&lt; &quot;[0x2][0x0][0x0][0x0][0x0][0x0][0x0][0xc]/bin/sh: 1: &quot;
22:48:32.712 [docker-java-stream--1505383931] DEBUG c.g.d.z.s.o.a.hc.client5.http.wire - http-outgoing-3 &lt;&lt; &quot;[0x2][0x0][0x0][0x0][0x0][0x0][0x0][\r]nc: not found&quot;
22:48:32.712 [docker-java-stream--1505383931] DEBUG c.g.d.z.s.o.a.hc.client5.http.wire - http-outgoing-3 &lt;&lt; &quot;[0x2][0x0][0x0][0x0][0x0][0x0][0x0][0x1][\n]&quot;
22:48:32.723 [docker-java-stream--1505383931] DEBUG c.g.d.z.s.o.a.hc.client5.http.wire - http-outgoing-3 &lt;&lt; &quot;[0x2][0x0][0x0][0x0][0x0][0x0][0x0]4/bin/bash: connect: Cannot assign requested address[\n]&quot;
22:48:32.727 [docker-java-stream--1505383931] DEBUG c.g.d.z.s.o.a.hc.client5.http.wire - http-outgoing-3 &lt;&lt; &quot;[0x2][0x0][0x0][0x0][0x0][0x0][0x0]D/bin/bash: /dev/tcp/localhost/8080: Cannot assign requested address[\n]&quot;
22:48:32.858 [docker-java-stream--1505383931] DEBUG c.g.d.z.s.o.a.hc.client5.http.wire - http-outgoing-3 &lt;&lt; &quot;[0x2][0x0][0x0][0x0][0x0][0x0][0x0][0xc]/bin/sh: 1: &quot;
22:48:32.859 [docker-java-stream--1505383931] DEBUG c.g.d.z.s.o.a.hc.client5.http.wire - http-outgoing-3 &lt;&lt; &quot;[0x2][0x0][0x0][0x0][0x0][0x0][0x0][\r]nc: not found&quot;
22:48:32.859 [docker-java-stream--1505383931] DEBUG c.g.d.z.s.o.a.hc.client5.http.wire - http-outgoing-3 &lt;&lt; &quot;[0x2][0x0][0x0][0x0][0x0][0x0][0x0][0x1][\n]&quot;
22:48:32.866 [docker-java-stream--1505383931] DEBUG c.g.d.z.s.o.a.hc.client5.http.wire - http-outgoing-3 &lt;&lt; &quot;[0x2][0x0][0x0][0x0][0x0][0x0][0x0]4/bin/bash: connect: Cannot assign requested address[\n]&quot;
22:48:32.871 [docker-java-stream--1505383931] DEBUG c.g.d.z.s.o.a.hc.client5.http.wire - http-outgoing-3 &lt;&lt; &quot;[0x2][0x0][0x0][0x0][0x0][0x0][0x0]D/bin/bash: /dev/tcp/localhost/8080: Cannot assign requested address[\n]&quot;
22:48:32.991 [docker-java-stream--1505383931] DEBUG c.g.d.z.s.o.a.hc.client5.http.wire - http-outgoing-3 &lt;&lt; &quot;[0x2][0x0][0x0][0x0][0x0][0x0][0x0][0xc]/bin/sh: 1: &quot;
22:48:32.993 [docker-java-stream--1505383931] DEBUG c.g.d.z.s.o.a.hc.client5.http.wire - http-outgoing-3 &lt;&lt; &quot;[0x2][0x0][0x0][0x0][0x0][0x0][0x0][\r]nc: not found&quot;
22:48:32.994 [docker-java-stream--1505383931] DEBUG c.g.d.z.s.o.a.hc.client5.http.wire - http-outgoing-3 &lt;&lt; &quot;[0x2][0x0][0x0][0x0][0x0][0x0][0x0][0x1][\n]&quot;
22:48:33.006 [docker-java-stream--1505383931] DEBUG c.g.d.z.s.o.a.hc.client5.http.wire - http-outgoing-3 &lt;&lt; &quot;[0x2][0x0][0x0][0x0][0x0][0x0][0x0]4/bin/bash: connect: Cannot assign requested address[\n]&quot;
22:48:33.007 [docker-java-stream--1505383931] DEBUG c.g.d.z.s.o.a.hc.client5.http.wire - http-outgoing-3 &lt;&lt; &quot;[0x2][0x0][0x0][0x0][0x0][0x0][0x0]D/bin/bash: /dev/tcp/localhost/8080: Cannot assign requested address[\n]&quot;
22:48:33.126 [docker-java-stream--1505383931] DEBUG c.g.d.z.s.o.a.hc.client5.http.wire - http-outgoing-3 &lt;&lt; &quot;[0x2][0x0][0x0][0x0][0x0][0x0][0x0][0xc]/bin/sh: 1: &quot;
22:48:33.128 [docker-java-stream--1505383931] DEBUG c.g.d.z.s.o.a.hc.client5.http.wire - http-outgoing-3 &lt;&lt; &quot;[0x2][0x0][0x0][0x0][0x0][0x0][0x0][\r]nc: not found&quot;
22:48:33.128 [docker-java-stream--1505383931] DEBUG c.g.d.z.s.o.a.hc.client5.http.wire - http-outgoing-3 &lt;&lt; &quot;[0x2][0x0][0x0][0x0][0x0][0x0][0x0][0x1][\n]&quot;
22:48:33.139 [docker-java-stream--1505383931] DEBUG c.g.d.z.s.o.a.hc.client5.http.wire - http-outgoing-3 &lt;&lt; &quot;[0x2][0x0][0x0][0x0][0x0][0x0][0x0]4/bin/bash: connect: Cannot assign requested address[\n]&quot;
22:48:33.140 [docker-java-stream--1505383931] DEBUG c.g.d.z.s.o.a.hc.client5.http.wire - http-outgoing-3 &lt;&lt; &quot;[0x2][0x0][0x0][0x0][0x0][0x0][0x0]D/bin/bash: /dev/tcp/localhost/8080: Cannot assign requested address[\n]&quot;
22:48:33.263 [docker-java-stream--1505383931] DEBUG c.g.d.z.s.o.a.hc.client5.http.wire - http-outgoing-3 &lt;&lt; &quot;[0x2][0x0][0x0][0x0][0x0][0x0][0x0][0xc]/bin/sh: 1: &quot;
22:48:33.264 [docker-java-stream--1505383931] DEBUG c.g.d.z.s.o.a.hc.client5.http.wire - http-outgoing-3 &lt;&lt; &quot;[0x2][0x0][0x0][0x0][0x0][0x0][0x0][\r]nc: not found&quot;
22:48:33.264 [docker-java-stream--1505383931] DEBUG c.g.d.z.s.o.a.hc.client5.http.wire - http-outgoing-3 &lt;&lt; &quot;[0x2][0x0][0x0][0x0][0x0][0x0][0x0][0x1][\n]&quot;
22:48:33.272 [docker-java-stream--1505383931] DEBUG c.g.d.z.s.o.a.hc.client5.http.wire - http-outgoing-3 &lt;&lt; &quot;[0x2][0x0][0x0][0x0][0x0][0x0][0x0]4/bin/bash: connect: Cannot assign requested address[\n]&quot;
22:48:33.276 [docker-java-stream--1505383931] DEBUG c.g.d.z.s.o.a.hc.client5.http.wire - http-outgoing-3 &lt;&lt; &quot;[0x2][0x0][0x0][0x0][0x0][0x0][0x0]D/bin/bash: /dev/tcp/localhost/8080: Cannot assign requested address[\n]&quot;
22:48:33.393 [docker-java-stream--1505383931] DEBUG c.g.d.z.s.o.a.hc.client5.http.wire - http-outgoing-3 &lt;&lt; &quot;[0x2][0x0][0x0][0x0][0x0][0x0][0x0][0xc]/bin/sh: 1: &quot;
22:48:33.394 [docker-java-stream--1505383931] DEBUG c.g.d.z.s.o.a.hc.client5.http.wire - http-outgoing-3 &lt;&lt; &quot;[0x2][0x0][0x0][0x0][0x0][0x0][0x0][\r]nc: not found&quot;
22:48:33.394 [docker-java-stream--1505383931] DEBUG c.g.d.z.s.o.a.hc.client5.http.wire - http-outgoing-3 &lt;&lt; &quot;[0x2][0x0][0x0][0x0][0x0][0x0][0x0][0x1][\n]&quot;
22:48:33.401 [docker-java-stream--1505383931] DEBUG c.g.d.z.s.o.a.hc.client5.http.wire - http-outgoing-3 &lt;&lt; &quot;[0x2][0x0][0x0][0x0][0x0][0x0][0x0]4/bin/bash: connect: Cannot assign requested address[\n]&quot;
22:48:33.408 [docker-java-stream--1505383931] DEBUG c.g.d.z.s.o.a.hc.client5.http.wire - http-outgoing-3 &lt;&lt; &quot;[0x2][0x0][0x0][0x0][0x0][0x0][0x0]D/bin/bash: /dev/tcp/localhost/8080: Cannot assign requested address[\n]&quot;
22:48:33.534 [docker-java-stream--1505383931] DEBUG c.g.d.z.s.o.a.hc.client5.http.wire - http-outgoing-3 &lt;&lt; &quot;[0x2][0x0][0x0][0x0][0x0][0x0][0x0][0xc]/bin/sh: 1: &quot;
22:48:33.536 [docker-java-stream--1505383931] DEBUG c.g.d.z.s.o.a.hc.client5.http.wire - http-outgoing-3 &lt;&lt; &quot;[0x2][0x0][0x0][0x0][0x0][0x0][0x0][\r]nc: not found&quot;
22:48:33.536 [docker-java-stream--1505383931] DEBUG c.g.d.z.s.o.a.hc.client5.http.wire - http-outgoing-3 &lt;&lt; &quot;[0x2][0x0][0x0][0x0][0x0][0x0][0x0][0x1][\n]&quot;
22:48:33.545 [docker-java-stream--1505383931] DEBUG c.g.d.z.s.o.a.hc.client5.http.wire - http-outgoing-3 &lt;&lt; &quot;[0x2][0x0][0x0][0x0][0x0][0x0][0x0]4/bin/bash: connect: Cannot assign requested address[\n]&quot;
22:48:33.548 [docker-java-stream--1505383931] DEBUG c.g.d.z.s.o.a.hc.client5.http.wire - http-outgoing-3 &lt;&lt; &quot;[0x2][0x0][0x0][0x0][0x0][0x0][0x0]D/bin/bash: /dev/tcp/localhost/8080: Cannot assign requested address[\n]&quot;
22:48:33.678 [docker-java-stream--1505383931] DEBUG c.g.d.z.s.o.a.hc.client5.http.wire - http-outgoing-3 &lt;&lt; &quot;[0x2][0x0][0x0][0x0][0x0][0x0][0x0][0xc]/bin/sh: 1: &quot;
22:48:33.680 [docker-java-stream--1505383931] DEBUG c.g.d.z.s.o.a.hc.client5.http.wire - http-outgoing-3 &lt;&lt; &quot;[0x2][0x0][0x0][0x0][0x0][0x0][0x0][\r]nc: not found&quot;
22:48:33.680 [docker-java-stream--1505383931] DEBUG c.g.d.z.s.o.a.hc.client5.http.wire - http-outgoing-3 &lt;&lt; &quot;[0x2][0x0][0x0][0x0][0x0][0x0][0x0][0x1][\n]&quot;
22:48:33.689 [docker-java-stream--1505383931] DEBUG c.g.d.z.s.o.a.hc.client5.http.wire - http-outgoing-3 &lt;&lt; &quot;[0x2][0x0][0x0][0x0][0x0][0x0][0x0]4/bin/bash: connect: Cannot assign requested address[\n]&quot;
22:48:33.692 [docker-java-stream--1505383931] DEBUG c.g.d.z.s.o.a.hc.client5.http.wire - http-outgoing-3 &lt;&lt; &quot;[0x2][0x0][0x0][0x0][0x0][0x0][0x0]D/bin/bash: /dev/tcp/localhost/8080: Cannot assign requested address[\n]&quot;
22:48:33.828 [docker-java-stream--1505383931] DEBUG c.g.d.z.s.o.a.hc.client5.http.wire - http-outgoing-3 &lt;&lt; &quot;[0x2][0x0][0x0][0x0][0x0][0x0][0x0][0xc]/bin/sh: 1: &quot;
22:48:33.828 [docker-java-stream--1505383931] DEBUG c.g.d.z.s.o.a.hc.client5.http.wire - http-outgoing-3 &lt;&lt; &quot;[0x2][0x0][0x0][0x0][0x0][0x0][0x0][\r]nc: not found&quot;
22:48:33.828 [docker-java-stream--1505383931] DEBUG c.g.d.z.s.o.a.hc.client5.http.wire - http-outgoing-3 &lt;&lt; &quot;[0x2][0x0][0x0][0x0][0x0][0x0][0x0][0x1][\n]&quot;
22:48:33.836 [docker-java-stream--1505383931] DEBUG c.g.d.z.s.o.a.hc.client5.http.wire - http-outgoing-3 &lt;&lt; &quot;[0x2][0x0][0x0][0x0][0x0][0x0][0x0]4/bin/bash: connect: Cannot assign requested address[\n]&quot;
22:48:33.842 [docker-java-stream--1505383931] DEBUG c.g.d.z.s.o.a.hc.client5.http.wire - http-outgoing-3 &lt;&lt; &quot;[0x2][0x0][0x0][0x0][0x0][0x0][0x0]D/bin/bash: /dev/tcp/localhost/8080: Cannot assign requested address[\n]&quot;
22:48:33.974 [docker-java-stream--1505383931] DEBUG c.g.d.z.s.o.a.hc.client5.http.wire - http-outgoing-3 &lt;&lt; &quot;[0x2][0x0][0x0][0x0][0x0][0x0][0x0][0xc]/bin/sh: 1: &quot;
22:48:33.974 [docker-java-stream--1505383931] DEBUG c.g.d.z.s.o.a.hc.client5.http.wire - http-outgoing-3 &lt;&lt; &quot;[0x2][0x0][0x0][0x0][0x0][0x0][0x0][\r]nc: not found&quot;
22:48:33.974 [docker-java-stream--1505383931] DEBUG c.g.d.z.s.o.a.hc.client5.http.wire - http-outgoing-3 &lt;&lt; &quot;[0x2][0x0][0x0][0x0][0x0][0x0][0x0][0x1][\n]&quot;
22:48:33.982 [docker-java-stream--1505383931] DEBUG c.g.d.z.s.o.a.hc.client5.http.wire - http-outgoing-3 &lt;&lt; &quot;[0x2][0x0][0x0][0x0][0x0][0x0][0x0]4/bin/bash: connect: Cannot assign requested address[\n]&quot;
22:48:33.984 [docker-java-stream--1505383931] DEBUG c.g.d.z.s.o.a.hc.client5.http.wire - http-outgoing-3 &lt;&lt; &quot;[0x2][0x0][0x0][0x0][0x0][0x0][0x0]D/bin/bash: /dev/tcp/localhost/8080: Cannot assign requested address[\n]&quot;
22:48:34.111 [docker-java-stream--1505383931] DEBUG c.g.d.z.s.o.a.hc.client5.http.wire - http-outgoing-3 &lt;&lt; &quot;[0x2][0x0][0x0][0x0][0x0][0x0][0x0][0xc]/bin/sh: 1: &quot;
22:48:34.112 [docker-java-stream--1505383931] DEBUG c.g.d.z.s.o.a.hc.client5.http.wire - http-outgoing-3 &lt;&lt; &quot;[0x2][0x0][0x0][0x0][0x0][0x0][0x0][\r]nc: not found&quot;
22:48:34.114 [docker-java-stream--1505383931] DEBUG c.g.d.z.s.o.a.hc.client5.http.wire - http-outgoing-3 &lt;&lt; &quot;[0x2][0x0][0x0][0x0][0x0][0x0][0x0][0x1][\n]&quot;
22:48:34.124 [docker-java-stream--1505383931] DEBUG c.g.d.z.s.o.a.hc.client5.http.wire - http-outgoing-3 &lt;&lt; &quot;[0x2][0x0][0x0][0x0][0x0][0x0][0x0]4/bin/bash: connect: Cannot assign requested address[\n]&quot;
22:48:34.128 [docker-java-stream--1505383931] DEBUG c.g.d.z.s.o.a.hc.client5.http.wire - http-outgoing-3 &lt;&lt; &quot;[0x2][0x0][0x0][0x0][0x0][0x0][0x0]D/bin/bash: /dev/tcp/localhost/8080: Cannot assign requested address[\n]&quot;
22:48:34.251 [docker-java-stream--1505383931] DEBUG c.g.d.z.s.o.a.hc.client5.http.wire - http-outgoing-3 &lt;&lt; &quot;[0x2][0x0][0x0][0x0][0x0][0x0][0x0][0xc]/bin/sh: 1: &quot;
22:48:34.252 [docker-java-stream--1505383931] DEBUG c.g.d.z.s.o.a.hc.client5.http.wire - http-outgoing-3 &lt;&lt; &quot;[0x2][0x0][0x0][0x0][0x0][0x0][0x0][\r]nc: not found&quot;
22:48:34.252 [docker-java-stream--1505383931] DEBUG c.g.d.z.s.o.a.hc.client5.http.wire - http-outgoing-3 &lt;&lt; &quot;[0x2][0x0][0x0][0x0][0x0][0x0][0x0][0x1][\n]&quot;
22:48:34.261 [docker-java-stream--1505383931] DEBUG c.g.d.z.s.o.a.hc.client5.http.wire - http-outgoing-3 &lt;&lt; &quot;[0x2][0x0][0x0][0x0][0x0][0x0][0x0]4/bin/bash: connect: Cannot assign requested address[\n]&quot;
22:48:34.264 [docker-java-stream--1505383931] DEBUG c.g.d.z.s.o.a.hc.client5.http.wire - http-outgoing-3 &lt;&lt; &quot;[0x2][0x0][0x0][0x0][0x0][0x0][0x0]D/bin/bash: /dev/tcp/localhost/8080: Cannot assign requested address[\n]&quot;
22:48:34.390 [docker-java-stream--1505383931] DEBUG c.g.d.z.s.o.a.hc.client5.http.wire - http-outgoing-3 &lt;&lt; &quot;[0x2][0x0][0x0][0x0][0x0][0x0][0x0][0xc]/bin/sh: 1: &quot;
22:48:34.390 [docker-java-stream--1505383931] DEBUG c.g.d.z.s.o.a.hc.client5.http.wire - http-outgoing-3 &lt;&lt; &quot;[0x2][0x0][0x0][0x0][0x0][0x0][0x0][\r]nc: not found&quot;
22:48:34.390 [docker-java-stream--1505383931] DEBUG c.g.d.z.s.o.a.hc.client5.http.wire - http-outgoing-3 &lt;&lt; &quot;[0x2][0x0][0x0][0x0][0x0][0x0][0x0][0x1][\n]&quot;
22:48:34.402 [docker-java-stream--1505383931] DEBUG c.g.d.z.s.o.a.hc.client5.http.wire - http-outgoing-3 &lt;&lt; &quot;[0x2][0x0][0x0][0x0][0x0][0x0][0x0]4/bin/bash: connect: Cannot assign requested address[\n]&quot;
22:48:34.404 [docker-java-stream--1505383931] DEBUG c.g.d.z.s.o.a.hc.client5.http.wire - http-outgoing-3 &lt;&lt; &quot;[0x2][0x0][0x0][0x0][0x0][0x0][0x0]D/bin/bash: /dev/tcp/localhost/8080: Cannot assign requested address[\n]&quot;
22:48:34.534 [docker-java-stream--1505383931] DEBUG c.g.d.z.s.o.a.hc.client5.http.wire - http-outgoing-3 &lt;&lt; &quot;[0x2][0x0][0x0][0x0][0x0][0x0][0x0][0xc]/bin/sh: 1: &quot;
22:48:34.534 [docker-java-stream--1505383931] DEBUG c.g.d.z.s.o.a.hc.client5.http.wire - http-outgoing-3 &lt;&lt; &quot;[0x2][0x0][0x0][0x0][0x0][0x0][0x0][\r]nc: not found&quot;
22:48:34.534 [docker-java-stream--1505383931] DEBUG c.g.d.z.s.o.a.hc.client5.http.wire - http-outgoing-3 &lt;&lt; &quot;[0x2][0x0][0x0][0x0][0x0][0x0][0x0][0x1][\n]&quot;
22:48:34.544 [docker-java-stream--1505383931] DEBUG c.g.d.z.s.o.a.hc.client5.http.wire - http-outgoing-3 &lt;&lt; &quot;[0x2][0x0][0x0][0x0][0x0][0x0][0x0]4/bin/bash: connect: Cannot assign requested address[\n]&quot;
22:48:34.544 [docker-java-stream--1505383931] DEBUG c.g.d.z.s.o.a.hc.client5.http.wire - http-outgoing-3 &lt;&lt; &quot;[0x2][0x0][0x0][0x0][0x0][0x0][0x0]D/bin/bash: /dev/tcp/localhost/8080: Cannot assign requested address[\n]&quot;
22:48:34.663 [docker-java-stream--1505383931] DEBUG c.g.d.z.s.o.a.hc.client5.http.wire - http-outgoing-3 &lt;&lt; &quot;[0x2][0x0][0x0][0x0][0x0][0x0][0x0][0xc]/bin/sh: 1: &quot;
22:48:34.664 [docker-java-stream--1505383931] DEBUG c.g.d.z.s.o.a.hc.client5.http.wire - http-outgoing-3 &lt;&lt; &quot;[0x2][0x0][0x0][0x0][0x0][0x0][0x0][\r]nc: not found&quot;
22:48:34.665 [docker-java-stream--1505383931] DEBUG c.g.d.z.s.o.a.hc.client5.http.wire - http-outgoing-3 &lt;&lt; &quot;[0x2][0x0][0x0][0x0][0x0][0x0][0x0][0x1][\n]&quot;
22:48:34.683 [docker-java-stream--1505383931] DEBUG c.g.d.z.s.o.a.hc.client5.http.wire - http-outgoing-3 &lt;&lt; &quot;[0x2][0x0][0x0][0x0][0x0][0x0][0x0]4/bin/bash: connect: Cannot assign requested address[\n]&quot;
22:48:34.684 [docker-java-stream--1505383931] DEBUG c.g.d.z.s.o.a.hc.client5.http.wire - http-outgoing-3 &lt;&lt; &quot;[0x2][0x0][0x0][0x0][0x0][0x0][0x0]D/bin/bash: /dev/tcp/localhost/8080: Cannot assign requested address[\n]&quot;
22:48:34.822 [docker-java-stream--1505383931] DEBUG c.g.d.z.s.o.a.hc.client5.http.wire - http-outgoing-3 &lt;&lt; &quot;[0x2][0x0][0x0][0x0][0x0][0x0][0x0][0xc]/bin/sh: 1: &quot;
22:48:34.824 [docker-java-stream--1505383931] DEBUG c.g.d.z.s.o.a.hc.client5.http.wire - http-outgoing-3 &lt;&lt; &quot;[0x2][0x0][0x0][0x0][0x0][0x0][0x0][\r]nc: not found&quot;
22:48:34.824 [docker-java-stream--1505383931] DEBUG c.g.d.z.s.o.a.hc.client5.http.wire - http-outgoing-3 &lt;&lt; &quot;[0x2][0x0][0x0][0x0][0x0][0x0][0x0][0x1][\n]&quot;
22:48:34.832 [docker-java-stream--1505383931] DEBUG c.g.d.z.s.o.a.hc.client5.http.wire - http-outgoing-3 &lt;&lt; &quot;[0x2][0x0][0x0][0x0][0x0][0x0][0x0]4/bin/bash: connect: Cannot assign requested address[\n]&quot;
22:48:34.837 [docker-java-stream--1505383931] DEBUG c.g.d.z.s.o.a.hc.client5.http.wire - http-outgoing-3 &lt;&lt; &quot;[0x2][0x0][0x0][0x0][0x0][0x0][0x0]D/bin/bash: /dev/tcp/localhost/8080: Cannot assign requested address[\n]&quot;
22:48:34.958 [docker-java-stream--1505383931] DEBUG c.g.d.z.s.o.a.hc.client5.http.wire - http-outgoing-3 &lt;&lt; &quot;[0x2][0x0][0x0][0x0][0x0][0x0][0x0][0xc]/bin/sh: 1: &quot;
22:48:34.960 [docker-java-stream--1505383931] DEBUG c.g.d.z.s.o.a.hc.client5.http.wire - http-outgoing-3 &lt;&lt; &quot;[0x2][0x0][0x0][0x0][0x0][0x0][0x0][\r]nc: not found&quot;
22:48:34.960 [docker-java-stream--1505383931] DEBUG c.g.d.z.s.o.a.hc.client5.http.wire - http-outgoing-3 &lt;&lt; &quot;[0x2][0x0][0x0][0x0][0x0][0x0][0x0][0x1][\n]&quot;
22:48:34.965 [docker-java-stream--1505383931] DEBUG c.g.d.z.s.o.a.hc.client5.http.wire - http-outgoing-3 &lt;&lt; &quot;[0x2][0x0][0x0][0x0][0x0][0x0][0x0]4/bin/bash: connect: Cannot assign requested address[\n]&quot;
22:48:34.972 [docker-java-stream--1505383931] DEBUG c.g.d.z.s.o.a.hc.client5.http.wire - http-outgoing-3 &lt;&lt; &quot;[0x2][0x0][0x0][0x0][0x0][0x0][0x0]D/bin/bash: /dev/tcp/localhost/8080: Cannot assign requested address[\n]&quot;
22:48:35.110 [docker-java-stream--1505383931] DEBUG c.g.d.z.s.o.a.hc.client5.http.wire - http-outgoing-3 &lt;&lt; &quot;[0x2][0x0][0x0][0x0][0x0][0x0][0x0][0xc]/bin/sh: 1: &quot;
22:48:35.112 [docker-java-stream--1505383931] DEBUG c.g.d.z.s.o.a.hc.client5.http.wire - http-outgoing-3 &lt;&lt; &quot;[0x2][0x0][0x0][0x0][0x0][0x0][0x0][\r]nc: not found&quot;
22:48:35.113 [docker-java-stream--1505383931] DEBUG c.g.d.z.s.o.a.hc.client5.http.wire - http-outgoing-3 &lt;&lt; &quot;[0x2][0x0][0x0][0x0][0x0][0x0][0x0][0x1][\n]&quot;
22:48:35.119 [docker-java-stream--1505383931] DEBUG c.g.d.z.s.o.a.hc.client5.http.wire - http-outgoing-3 &lt;&lt; &quot;[0x2][0x0][0x0][0x0][0x0][0x0][0x0]4/bin/bash: connect: Cannot assign requested address[\n]&quot;
22:48:35.127 [docker-java-stream--1505383931] DEBUG c.g.d.z.s.o.a.hc.client5.http.wire - http-outgoing-3 &lt;&lt; &quot;[0x2][0x0][0x0][0x0][0x0][0x0][0x0]D/bin/bash: /dev/tcp/localhost/8080: Cannot assign requested address[\n]&quot;
22:48:35.254 [docker-java-stream--1505383931] DEBUG c.g.d.z.s.o.a.hc.client5.http.wire - http-outgoing-3 &lt;&lt; &quot;[0x2][0x0][0x0][0x0][0x0][0x0][0x0][0xc]/bin/sh: 1: &quot;
22:48:35.254 [docker-java-stream--1505383931] DEBUG c.g.d.z.s.o.a.hc.client5.http.wire - http-outgoing-3 &lt;&lt; &quot;[0x2][0x0][0x0][0x0][0x0][0x0][0x0][\r]nc: not found&quot;
22:48:35.254 [docker-java-stream--1505383931] DEBUG c.g.d.z.s.o.a.hc.client5.http.wire - http-outgoing-3 &lt;&lt; &quot;[0x2][0x0][0x0][0x0][0x0][0x0][0x0][0x1][\n]&quot;
22:48:35.261 [docker-java-stream--1505383931] DEBUG c.g.d.z.s.o.a.hc.client5.http.wire - http-outgoing-3 &lt;&lt; &quot;[0x2][0x0][0x0][0x0][0x0][0x0][0x0]4/bin/bash: connect: Cannot assign requested address[\n]&quot;
22:48:35.263 [docker-java-stream--1505383931] DEBUG c.g.d.z.s.o.a.hc.client5.http.wire - http-outgoing-3 &lt;&lt; &quot;[0x2][0x0][0x0][0x0][0x0][0x0][0x0]D/bin/bash: /dev/tcp/localhost/8080: Cannot assign requested address[\n]&quot;
22:48:35.383 [docker-java-stream--1505383931] DEBUG c.g.d.z.s.o.a.hc.client5.http.wire - http-outgoing-3 &lt;&lt; &quot;[0x2][0x0][0x0][0x0][0x0][0x0][0x0][0xc]/bin/sh: 1: &quot;
22:48:35.385 [docker-java-stream--1505383931] DEBUG c.g.d.z.s.o.a.hc.client5.http.wire - http-outgoing-3 &lt;&lt; &quot;[0x2][0x0][0x0][0x0][0x0][0x0][0x0][\r]nc: not found&quot;
22:48:35.386 [docker-java-stream--1505383931] DEBUG c.g.d.z.s.o.a.hc.client5.http.wire - http-outgoing-3 &lt;&lt; &quot;[0x2][0x0][0x0][0x0][0x0][0x0][0x0][0x1][\n]&quot;
22:48:35.394 [docker-java-stream--1505383931] DEBUG c.g.d.z.s.o.a.hc.client5.http.wire - http-outgoing-3 &lt;&lt; &quot;[0x2][0x0][0x0][0x0][0x0][0x0][0x0]4/bin/bash: connect: Cannot assign requested address[\n]&quot;
22:48:35.394 [docker-java-stream--1505383931] DEBUG c.g.d.z.s.o.a.hc.client5.http.wire - http-outgoing-3 &lt;&lt; &quot;[0x2][0x0][0x0][0x0][0x0][0x0][0x0]D/bin/bash: /dev/tcp/localhost/8080: Cannot assign requested address[\n]&quot;
22:48:35.520 [docker-java-stream--1505383931] DEBUG c.g.d.z.s.o.a.hc.client5.http.wire - http-outgoing-3 &lt;&lt; &quot;[0x2][0x0][0x0][0x0][0x0][0x0][0x0][0xc]/bin/sh: 1: &quot;
22:48:35.522 [docker-java-stream--1505383931] DEBUG c.g.d.z.s.o.a.hc.client5.http.wire - http-outgoing-3 &lt;&lt; &quot;[0x2][0x0][0x0][0x0][0x0][0x0][0x0][\r]nc: not found&quot;
22:48:35.522 [docker-java-stream--1505383931] DEBUG c.g.d.z.s.o.a.hc.client5.http.wire - http-outgoing-3 &lt;&lt; &quot;[0x2][0x0][0x0][0x0][0x0][0x0][0x0][0x1][\n]&quot;
22:48:35.549 [docker-java-stream--1505383931] DEBUG c.g.d.z.s.o.a.hc.client5.http.wire - http-outgoing-3 &lt;&lt; &quot;[0x2][0x0][0x0][0x0][0x0][0x0][0x0]4/bin/bash: connect: Cannot assign requested address[\n]&quot;
22:48:35.551 [docker-java-stream--1505383931] DEBUG c.g.d.z.s.o.a.hc.client5.http.wire - http-outgoing-3 &lt;&lt; &quot;[0x2][0x0][0x0][0x0][0x0][0x0][0x0]D/bin/bash: /dev/tcp/localhost/8080: Cannot assign requested address[\n]&quot;
22:48:35.676 [docker-java-stream--1505383931] DEBUG c.g.d.z.s.o.a.hc.client5.http.wire - http-outgoing-3 &lt;&lt; &quot;[0x2][0x0][0x0][0x0][0x0][0x0][0x0][0xc]/bin/sh: 1: &quot;
22:48:35.677 [docker-java-stream--1505383931] DEBUG c.g.d.z.s.o.a.hc.client5.http.wire - http-outgoing-3 &lt;&lt; &quot;[0x2][0x0][0x0][0x0][0x0][0x0][0x0][\r]nc: not found&quot;
22:48:35.677 [docker-java-stream--1505383931] DEBUG c.g.d.z.s.o.a.hc.client5.http.wire - http-outgoing-3 &lt;&lt; &quot;[0x2][0x0][0x0][0x0][0x0][0x0][0x0][0x1][\n]&quot;
22:48:35.688 [docker-java-stream--1505383931] DEBUG c.g.d.z.s.o.a.hc.client5.http.wire - http-outgoing-3 &lt;&lt; &quot;[0x2][0x0][0x0][0x0][0x0][0x0][0x0]4/bin/bash: connect: Cannot assign requested address[\n]&quot;
22:48:35.691 [docker-java-stream--1505383931] DEBUG c.g.d.z.s.o.a.hc.client5.http.wire - http-outgoing-3 &lt;&lt; &quot;[0x2][0x0][0x0][0x0][0x0][0x0][0x0]D/bin/bash: /dev/tcp/localhost/8080: Cannot assign requested address[\n]&quot;
22:48:35.812 [docker-java-stream--1505383931] DEBUG c.g.d.z.s.o.a.hc.client5.http.wire - http-outgoing-3 &lt;&lt; &quot;[0x2][0x0][0x0][0x0][0x0][0x0][0x0][0xc]/bin/sh: 1: &quot;
22:48:35.814 [docker-java-stream--1505383931] DEBUG c.g.d.z.s.o.a.hc.client5.http.wire - http-outgoing-3 &lt;&lt; &quot;[0x2][0x0][0x0][0x0][0x0][0x0][0x0][\r]nc: not found&quot;
22:48:35.815 [docker-java-stream--1505383931] DEBUG c.g.d.z.s.o.a.hc.client5.http.wire - http-outgoing-3 &lt;&lt; &quot;[0x2][0x0][0x0][0x0][0x0][0x0][0x0][0x1][\n]&quot;
22:48:35.823 [docker-java-stream--1505383931] DEBUG c.g.d.z.s.o.a.hc.client5.http.wire - http-outgoing-3 &lt;&lt; &quot;[0x2][0x0][0x0][0x0][0x0][0x0][0x0]4/bin/bash: connect: Cannot assign requested address[\n]&quot;
22:48:35.825 [docker-java-stream--1505383931] DEBUG c.g.d.z.s.o.a.hc.client5.http.wire - http-outgoing-3 &lt;&lt; &quot;[0x2][0x0][0x0][0x0][0x0][0x0][0x0]D/bin/bash: /dev/tcp/localhost/8080: Cannot assign requested address[\n]&quot;
22:48:35.942 [docker-java-stream--1505383931] DEBUG c.g.d.z.s.o.a.hc.client5.http.wire - http-outgoing-3 &lt;&lt; &quot;[0x2][0x0][0x0][0x0][0x0][0x0][0x0][0xc]/bin/sh: 1: &quot;
22:48:35.944 [docker-java-stream--1505383931] DEBUG c.g.d.z.s.o.a.hc.client5.http.wire - http-outgoing-3 &lt;&lt; &quot;[0x2][0x0][0x0][0x0][0x0][0x0][0x0][\r]nc: not found&quot;
22:48:35.945 [docker-java-stream--1505383931] DEBUG c.g.d.z.s.o.a.hc.client5.http.wire - http-outgoing-3 &lt;&lt; &quot;[0x2][0x0][0x0][0x0][0x0][0x0][0x0][0x1][\n]&quot;
22:48:35.962 [docker-java-stream--1505383931] DEBUG c.g.d.z.s.o.a.hc.client5.http.wire - http-outgoing-3 &lt;&lt; &quot;[0x2][0x0][0x0][0x0][0x0][0x0][0x0]4/bin/bash: connect: Cannot assign requested address[\n]&quot;
22:48:35.962 [docker-java-stream--1505383931] DEBUG c.g.d.z.s.o.a.hc.client5.http.wire - http-outgoing-3 &lt;&lt; &quot;[0x2][0x0][0x0][0x0][0x0][0x0][0x0]D/bin/bash: /dev/tcp/localhost/8080: Cannot assign requested address[\n]&quot;
22:48:36.080 [docker-java-stream--1505383931] DEBUG c.g.d.z.s.o.a.hc.client5.http.wire - http-outgoing-3 &lt;&lt; &quot;[0x2][0x0][0x0][0x0][0x0][0x0][0x0][0xc]/bin/sh: 1: &quot;
22:48:36.080 [docker-java-stream--1505383931] DEBUG c.g.d.z.s.o.a.hc.client5.http.wire - http-outgoing-3 &lt;&lt; &quot;[0x2][0x0][0x0][0x0][0x0][0x0][0x0][\r]nc: not found&quot;
22:48:36.080 [docker-java-stream--1505383931] DEBUG c.g.d.z.s.o.a.hc.client5.http.wire - http-outgoing-3 &lt;&lt; &quot;[0x2][0x0][0x0][0x0][0x0][0x0][0x0][0x1][\n]&quot;
22:48:36.089 [docker-java-stream--1505383931] DEBUG c.g.d.z.s.o.a.hc.client5.http.wire - http-outgoing-3 &lt;&lt; &quot;[0x2][0x0][0x0][0x0][0x0][0x0][0x0]4/bin/bash: connect: Cannot assign requested address[\n]&quot;
22:48:36.094 [docker-java-stream--1505383931] DEBUG c.g.d.z.s.o.a.hc.client5.http.wire - http-outgoing-3 &lt;&lt; &quot;[0x2][0x0][0x0][0x0][0x0][0x0][0x0]D/bin/bash: /dev/tcp/localhost/8080: Cannot assign requested address[\n]&quot;
22:48:36.221 [docker-java-stream--1505383931] DEBUG c.g.d.z.s.o.a.hc.client5.http.wire - http-outgoing-3 &lt;&lt; &quot;[0x2][0x0][0x0][0x0][0x0][0x0][0x0][0xc]/bin/sh: 1: &quot;
22:48:36.222 [docker-java-stream--1505383931] DEBUG c.g.d.z.s.o.a.hc.client5.http.wire - http-outgoing-3 &lt;&lt; &quot;[0x2][0x0][0x0][0x0][0x0][0x0][0x0][\r]nc: not found&quot;
22:48:36.223 [docker-java-stream--1505383931] DEBUG c.g.d.z.s.o.a.hc.client5.http.wire - http-outgoing-3 &lt;&lt; &quot;[0x2][0x0][0x0][0x0][0x0][0x0][0x0][0x1][\n]&quot;
22:48:36.235 [docker-java-stream--1505383931] DEBUG c.g.d.z.s.o.a.hc.client5.http.wire - http-outgoing-3 &lt;&lt; &quot;[0x2][0x0][0x0][0x0][0x0][0x0][0x0]4/bin/bash: connect: Cannot assign requested address[\n]&quot;
22:48:36.243 [docker-java-stream--1505383931] DEBUG c.g.d.z.s.o.a.hc.client5.http.wire - http-outgoing-3 &lt;&lt; &quot;[0x2][0x0][0x0][0x0][0x0][0x0][0x0]D/bin/bash: /dev/tcp/localhost/8080: Cannot assign requested address[\n]&quot;
22:48:36.371 [docker-java-stream--1505383931] DEBUG c.g.d.z.s.o.a.hc.client5.http.wire - http-outgoing-3 &lt;&lt; &quot;[0x2][0x0][0x0][0x0][0x0][0x0][0x0][0xc]/bin/sh: 1: &quot;
22:48:36.372 [docker-java-stream--1505383931] DEBUG c.g.d.z.s.o.a.hc.client5.http.wire - http-outgoing-3 &lt;&lt; &quot;[0x2][0x0][0x0][0x0][0x0][0x0][0x0][\r]nc: not found&quot;
22:48:36.372 [docker-java-stream--1505383931] DEBUG c.g.d.z.s.o.a.hc.client5.http.wire - http-outgoing-3 &lt;&lt; &quot;[0x2][0x0][0x0][0x0][0x0][0x0][0x0][0x1][\n]&quot;
22:48:36.386 [docker-java-stream--1505383931] DEBUG c.g.d.z.s.o.a.hc.client5.http.wire - http-outgoing-3 &lt;&lt; &quot;[0x2][0x0][0x0][0x0][0x0][0x0][0x0]4/bin/bash: connect: Cannot assign requested address[\n]&quot;
22:48:36.386 [docker-java-stream--1505383931] DEBUG c.g.d.z.s.o.a.hc.client5.http.wire - http-outgoing-3 &lt;&lt; &quot;[0x2][0x0][0x0][0x0][0x0][0x0][0x0]D/bin/bash: /dev/tcp/localhost/8080: Cannot assign requested address[\n]&quot;
22:48:36.510 [docker-java-stream--1505383931] DEBUG c.g.d.z.s.o.a.hc.client5.http.wire - http-outgoing-3 &lt;&lt; &quot;[0x2][0x0][0x0][0x0][0x0][0x0][0x0][0xc]/bin/sh: 1: &quot;
22:48:36.510 [docker-java-stream--1505383931] DEBUG c.g.d.z.s.o.a.hc.client5.http.wire - http-outgoing-3 &lt;&lt; &quot;[0x2][0x0][0x0][0x0][0x0][0x0][0x0][\r]nc: not found&quot;
22:48:36.510 [docker-java-stream--1505383931] DEBUG c.g.d.z.s.o.a.hc.client5.http.wire - http-outgoing-3 &lt;&lt; &quot;[0x2][0x0][0x0][0x0][0x0][0x0][0x0][0x1][\n]&quot;
22:48:36.518 [docker-java-stream--1505383931] DEBUG c.g.d.z.s.o.a.hc.client5.http.wire - http-outgoing-3 &lt;&lt; &quot;[0x2][0x0][0x0][0x0][0x0][0x0][0x0]4/bin/bash: connect: Cannot assign requested address[\n]&quot;
22:48:36.520 [docker-java-stream--1505383931] DEBUG c.g.d.z.s.o.a.hc.client5.http.wire - http-outgoing-3 &lt;&lt; &quot;[0x2][0x0][0x0][0x0][0x0][0x0][0x0]D/bin/bash: /dev/tcp/localhost/8080: Cannot assign requested address[\n]&quot;
22:48:36.641 [docker-java-stream--1505383931] DEBUG c.g.d.z.s.o.a.hc.client5.http.wire - http-outgoing-3 &lt;&lt; &quot;[0x2][0x0][0x0][0x0][0x0][0x0][0x0][0xc]/bin/sh: 1: &quot;
22:48:36.644 [docker-java-stream--1505383931] DEBUG c.g.d.z.s.o.a.hc.client5.http.wire - http-outgoing-3 &lt;&lt; &quot;[0x2][0x0][0x0][0x0][0x0][0x0][0x0][\r]nc: not found&quot;
22:48:36.644 [docker-java-stream--1505383931] DEBUG c.g.d.z.s.o.a.hc.client5.http.wire - http-outgoing-3 &lt;&lt; &quot;[0x2][0x0][0x0][0x0][0x0][0x0][0x0][0x1][\n]&quot;
22:48:36.654 [docker-java-stream--1505383931] DEBUG c.g.d.z.s.o.a.hc.client5.http.wire - http-outgoing-3 &lt;&lt; &quot;[0x2][0x0][0x0][0x0][0x0][0x0][0x0]4/bin/bash: connect: Cannot assign requested address[\n]&quot;
22:48:36.654 [docker-java-stream--1505383931] DEBUG c.g.d.z.s.o.a.hc.client5.http.wire - http-outgoing-3 &lt;&lt; &quot;[0x2][0x0][0x0][0x0][0x0][0x0][0x0]D/bin/bash: /dev/tcp/localhost/8080: Cannot assign requested address[\n]&quot;
22:48:36.774 [docker-java-stream--1505383931] DEBUG c.g.d.z.s.o.a.hc.client5.http.wire - http-outgoing-3 &lt;&lt; &quot;[0x2][0x0][0x0][0x0][0x0][0x0][0x0][0xc]/bin/sh: 1: &quot;
22:48:36.776 [docker-java-stream--1505383931] DEBUG c.g.d.z.s.o.a.hc.client5.http.wire - http-outgoing-3 &lt;&lt; &quot;[0x2][0x0][0x0][0x0][0x0][0x0][0x0][\r]nc: not found&quot;
22:48:36.777 [docker-java-stream--1505383931] DEBUG c.g.d.z.s.o.a.hc.client5.http.wire - http-outgoing-3 &lt;&lt; &quot;[0x2][0x0][0x0][0x0][0x0][0x0][0x0][0x1][\n]&quot;
22:48:36.785 [docker-java-stream--1505383931] DEBUG c.g.d.z.s.o.a.hc.client5.http.wire - http-outgoing-3 &lt;&lt; &quot;[0x2][0x0][0x0][0x0][0x0][0x0][0x0]4/bin/bash: connect: Cannot assign requested address[\n]&quot;
22:48:36.787 [docker-java-stream--1505383931] DEBUG c.g.d.z.s.o.a.hc.client5.http.wire - http-outgoing-3 &lt;&lt; &quot;[0x2][0x0][0x0][0x0][0x0][0x0][0x0]D/bin/bash: /dev/tcp/localhost/8080: Cannot assign requested address[\n]&quot;
22:48:36.916 [docker-java-stream--1505383931] DEBUG c.g.d.z.s.o.a.hc.client5.http.wire - http-outgoing-3 &lt;&lt; &quot;[0x2][0x0][0x0][0x0][0x0][0x0][0x0][0xc]/bin/sh: 1: &quot;
22:48:36.918 [docker-java-stream--1505383931] DEBUG c.g.d.z.s.o.a.hc.client5.http.wire - http-outgoing-3 &lt;&lt; &quot;[0x2][0x0][0x0][0x0][0x0][0x0][0x0][\r]nc: not found&quot;
22:48:36.918 [docker-java-stream--1505383931] DEBUG c.g.d.z.s.o.a.hc.client5.http.wire - http-outgoing-3 &lt;&lt; &quot;[0x2][0x0][0x0][0x0][0x0][0x0][0x0][0x1][\n]&quot;
22:48:36.924 [docker-java-stream--1505383931] DEBUG c.g.d.z.s.o.a.hc.client5.http.wire - http-outgoing-3 &lt;&lt; &quot;[0x2][0x0][0x0][0x0][0x0][0x0][0x0]4/bin/bash: connect: Cannot assign requested address[\n]&quot;
22:48:36.927 [docker-java-stream--1505383931] DEBUG c.g.d.z.s.o.a.hc.client5.http.wire - http-outgoing-3 &lt;&lt; &quot;[0x2][0x0][0x0][0x0][0x0][0x0][0x0]D/bin/bash: /dev/tcp/localhost/8080: Cannot assign requested address[\n]&quot;
22:48:37.056 [docker-java-stream--1505383931] DEBUG c.g.d.z.s.o.a.hc.client5.http.wire - http-outgoing-3 &lt;&lt; &quot;[0x2][0x0][0x0][0x0][0x0][0x0][0x0][0xc]/bin/sh: 1: &quot;
22:48:37.057 [docker-java-stream--1505383931] DEBUG c.g.d.z.s.o.a.hc.client5.http.wire - http-outgoing-3 &lt;&lt; &quot;[0x2][0x0][0x0][0x0][0x0][0x0][0x0][\r]nc: not found&quot;
22:48:37.057 [docker-java-stream--1505383931] DEBUG c.g.d.z.s.o.a.hc.client5.http.wire - http-outgoing-3 &lt;&lt; &quot;[0x2][0x0][0x0][0x0][0x0][0x0][0x0][0x1][\n]&quot;
22:48:37.066 [docker-java-stream--1505383931] DEBUG c.g.d.z.s.o.a.hc.client5.http.wire - http-outgoing-3 &lt;&lt; &quot;[0x2][0x0][0x0][0x0][0x0][0x0][0x0]4/bin/bash: connect: Cannot assign requested address[\n]&quot;
22:48:37.069 [docker-java-stream--1505383931] DEBUG c.g.d.z.s.o.a.hc.client5.http.wire - http-outgoing-3 &lt;&lt; &quot;[0x2][0x0][0x0][0x0][0x0][0x0][0x0]D/bin/bash: /dev/tcp/localhost/8080: Cannot assign requested address[\n]&quot;
22:48:37.213 [docker-java-stream--1505383931] DEBUG c.g.d.z.s.o.a.hc.client5.http.wire - http-outgoing-3 &lt;&lt; &quot;[0x2][0x0][0x0][0x0][0x0][0x0][0x0][0xc]/bin/sh: 1: &quot;
22:48:37.214 [docker-java-stream--1505383931] DEBUG c.g.d.z.s.o.a.hc.client5.http.wire - http-outgoing-3 &lt;&lt; &quot;[0x2][0x0][0x0][0x0][0x0][0x0][0x0][\r]nc: not found&quot;
22:48:37.217 [docker-java-stream--1505383931] DEBUG c.g.d.z.s.o.a.hc.client5.http.wire - http-outgoing-3 &lt;&lt; &quot;[0x2][0x0][0x0][0x0][0x0][0x0][0x0][0x1][\n]&quot;
22:48:37.231 [docker-java-stream--1505383931] DEBUG c.g.d.z.s.o.a.hc.client5.http.wire - http-outgoing-3 &lt;&lt; &quot;[0x2][0x0][0x0][0x0][0x0][0x0][0x0]4/bin/bash: connect: Cannot assign requested address[\n]&quot;
22:48:37.240 [docker-java-stream--1505383931] DEBUG c.g.d.z.s.o.a.hc.client5.http.wire - http-outgoing-3 &lt;&lt; &quot;[0x2][0x0][0x0][0x0][0x0][0x0][0x0]D/bin/bash: /dev/tcp/localhost/8080: Cannot assign requested address[\n]&quot;
22:48:37.391 [docker-java-stream--1505383931] DEBUG c.g.d.z.s.o.a.hc.client5.http.wire - http-outgoing-3 &lt;&lt; &quot;[0x2][0x0][0x0][0x0][0x0][0x0][0x0][0xc]/bin/sh: 1: &quot;
22:48:37.392 [docker-java-stream--1505383931] DEBUG c.g.d.z.s.o.a.hc.client5.http.wire - http-outgoing-3 &lt;&lt; &quot;[0x2][0x0][0x0][0x0][0x0][0x0][0x0][\r]nc: not found&quot;
22:48:37.393 [docker-java-stream--1505383931] DEBUG c.g.d.z.s.o.a.hc.client5.http.wire - http-outgoing-3 &lt;&lt; &quot;[0x2][0x0][0x0][0x0][0x0][0x0][0x0][0x1][\n]&quot;
22:48:37.405 [docker-java-stream--1505383931] DEBUG c.g.d.z.s.o.a.hc.client5.http.wire - http-outgoing-3 &lt;&lt; &quot;[0x2][0x0][0x0][0x0][0x0][0x0][0x0]4/bin/bash: connect: Cannot assign requested address[\n]&quot;
22:48:37.405 [docker-java-stream--1505383931] DEBUG c.g.d.z.s.o.a.hc.client5.http.wire - http-outgoing-3 &lt;&lt; &quot;[0x2][0x0][0x0][0x0][0x0][0x0][0x0]D/bin/bash: /dev/tcp/localhost/8080: Cannot assign requested address[\n]&quot;
22:48:37.537 [docker-java-stream--1505383931] DEBUG c.g.d.z.s.o.a.hc.client5.http.wire - http-outgoing-3 &lt;&lt; &quot;[0x2][0x0][0x0][0x0][0x0][0x0][0x0][0xc]/bin/sh: 1: &quot;
22:48:37.537 [docker-java-stream--1505383931] DEBUG c.g.d.z.s.o.a.hc.client5.http.wire - http-outgoing-3 &lt;&lt; &quot;[0x2][0x0][0x0][0x0][0x0][0x0][0x0][\r]nc: not found&quot;
22:48:37.537 [docker-java-stream--1505383931] DEBUG c.g.d.z.s.o.a.hc.client5.http.wire - http-outgoing-3 &lt;&lt; &quot;[0x2][0x0][0x0][0x0][0x0][0x0][0x0][0x1][\n]&quot;
22:48:37.552 [docker-java-stream--1505383931] DEBUG c.g.d.z.s.o.a.hc.client5.http.wire - http-outgoing-3 &lt;&lt; &quot;[0x2][0x0][0x0][0x0][0x0][0x0][0x0]4/bin/bash: connect: Cannot assign requested address[\n]&quot;
22:48:37.552 [docker-java-stream--1505383931] DEBUG c.g.d.z.s.o.a.hc.client5.http.wire - http-outgoing-3 &lt;&lt; &quot;[0x2][0x0][0x0][0x0][0x0][0x0][0x0]D/bin/bash: /dev/tcp/localhost/8080: Cannot assign requested address[\n]&quot;
22:48:37.679 [docker-java-stream--1505383931] DEBUG c.g.d.z.s.o.a.hc.client5.http.wire - http-outgoing-3 &lt;&lt; &quot;[0x2][0x0][0x0][0x0][0x0][0x0][0x0][0xc]/bin/sh: 1: &quot;
22:48:37.680 [docker-java-stream--1505383931] DEBUG c.g.d.z.s.o.a.hc.client5.http.wire - http-outgoing-3 &lt;&lt; &quot;[0x2][0x0][0x0][0x0][0x0][0x0][0x0][\r]nc: not found&quot;
22:48:37.680 [docker-java-stream--1505383931] DEBUG c.g.d.z.s.o.a.hc.client5.http.wire - http-outgoing-3 &lt;&lt; &quot;[0x2][0x0][0x0][0x0][0x0][0x0][0x0][0x1][\n]&quot;
22:48:37.696 [docker-java-stream--1505383931] DEBUG c.g.d.z.s.o.a.hc.client5.http.wire - http-outgoing-3 &lt;&lt; &quot;[0x2][0x0][0x0][0x0][0x0][0x0][0x0]4/bin/bash: connect: Cannot assign requested address[\n]&quot;
22:48:37.697 [docker-java-stream--1505383931] DEBUG c.g.d.z.s.o.a.hc.client5.http.wire - http-outgoing-3 &lt;&lt; &quot;[0x2][0x0][0x0][0x0][0x0][0x0][0x0]D/bin/bash: /dev/tcp/localhost/8080: Cannot assign requested address[\n]&quot;
22:48:37.830 [docker-java-stream--1505383931] DEBUG c.g.d.z.s.o.a.hc.client5.http.wire - http-outgoing-3 &lt;&lt; &quot;[0x2][0x0][0x0][0x0][0x0][0x0][0x0][0xc]/bin/sh: 1: &quot;
22:48:37.831 [docker-java-stream--1505383931] DEBUG c.g.d.z.s.o.a.hc.client5.http.wire - http-outgoing-3 &lt;&lt; &quot;[0x2][0x0][0x0][0x0][0x0][0x0][0x0][\r]nc: not found&quot;
22:48:37.832 [docker-java-stream--1505383931] DEBUG c.g.d.z.s.o.a.hc.client5.http.wire - http-outgoing-3 &lt;&lt; &quot;[0x2][0x0][0x0][0x0][0x0][0x0][0x0][0x1][\n]&quot;
22:48:37.840 [docker-java-stream--1505383931] DEBUG c.g.d.z.s.o.a.hc.client5.http.wire - http-outgoing-3 &lt;&lt; &quot;[0x2][0x0][0x0][0x0][0x0][0x0][0x0]4/bin/bash: connect: Cannot assign requested address[\n]&quot;
22:48:37.841 [docker-java-stream--1505383931] DEBUG c.g.d.z.s.o.a.hc.client5.http.wire - http-outgoing-3 &lt;&lt; &quot;[0x2][0x0][0x0][0x0][0x0][0x0][0x0]D/bin/bash: /dev/tcp/localhost/8080: Cannot assign requested address[\n]&quot;
22:48:37.968 [docker-java-stream--1505383931] DEBUG c.g.d.z.s.o.a.hc.client5.http.wire - http-outgoing-3 &lt;&lt; &quot;[0x2][0x0][0x0][0x0][0x0][0x0][0x0][0xc]/bin/sh: 1: &quot;
22:48:37.968 [docker-java-stream--1505383931] DEBUG c.g.d.z.s.o.a.hc.client5.http.wire - http-outgoing-3 &lt;&lt; &quot;[0x2][0x0][0x0][0x0][0x0][0x0][0x0][\r]nc: not found&quot;
22:48:37.968 [docker-java-stream--1505383931] DEBUG c.g.d.z.s.o.a.hc.client5.http.wire - http-outgoing-3 &lt;&lt; &quot;[0x2][0x0][0x0][0x0][0x0][0x0][0x0][0x1][\n]&quot;
22:48:37.975 [docker-java-stream--1505383931] DEBUG c.g.d.z.s.o.a.hc.client5.http.wire - http-outgoing-3 &lt;&lt; &quot;[0x2][0x0][0x0][0x0][0x0][0x0][0x0]4/bin/bash: connect: Cannot assign requested address[\n]&quot;
22:48:37.978 [docker-java-stream--1505383931] DEBUG c.g.d.z.s.o.a.hc.client5.http.wire - http-outgoing-3 &lt;&lt; &quot;[0x2][0x0][0x0][0x0][0x0][0x0][0x0]D/bin/bash: /dev/tcp/localhost/8080: Cannot assign requested address[\n]&quot;
22:48:38.102 [docker-java-stream--1505383931] DEBUG c.g.d.z.s.o.a.hc.client5.http.wire - http-outgoing-3 &lt;&lt; &quot;[0x2][0x0][0x0][0x0][0x0][0x0][0x0][0xc]/bin/sh: 1: &quot;
22:48:38.102 [docker-java-stream--1505383931] DEBUG c.g.d.z.s.o.a.hc.client5.http.wire - http-outgoing-3 &lt;&lt; &quot;[0x2][0x0][0x0][0x0][0x0][0x0][0x0][\r]nc: not found&quot;
22:48:38.102 [docker-java-stream--1505383931] DEBUG c.g.d.z.s.o.a.hc.client5.http.wire - http-outgoing-3 &lt;&lt; &quot;[0x2][0x0][0x0][0x0][0x0][0x0][0x0][0x1][\n]&quot;
22:48:38.112 [docker-java-stream--1505383931] DEBUG c.g.d.z.s.o.a.hc.client5.http.wire - http-outgoing-3 &lt;&lt; &quot;[0x2][0x0][0x0][0x0][0x0][0x0][0x0]4/bin/bash: connect: Cannot assign requested address[\n]&quot;
22:48:38.116 [docker-java-stream--1505383931] DEBUG c.g.d.z.s.o.a.hc.client5.http.wire - http-outgoing-3 &lt;&lt; &quot;[0x2][0x0][0x0][0x0][0x0][0x0][0x0]D/bin/bash: /dev/tcp/localhost/8080: Cannot assign requested address[\n]&quot;
22:48:38.251 [docker-java-stream--1505383931] DEBUG c.g.d.z.s.o.a.hc.client5.http.wire - http-outgoing-3 &lt;&lt; &quot;[0x2][0x0][0x0][0x0][0x0][0x0][0x0][0xc]/bin/sh: 1: &quot;
22:48:38.252 [docker-java-stream--1505383931] DEBUG c.g.d.z.s.o.a.hc.client5.http.wire - http-outgoing-3 &lt;&lt; &quot;[0x2][0x0][0x0][0x0][0x0][0x0][0x0][\r]nc: not found&quot;
22:48:38.253 [docker-java-stream--1505383931] DEBUG c.g.d.z.s.o.a.hc.client5.http.wire - http-outgoing-3 &lt;&lt; &quot;[0x2][0x0][0x0][0x0][0x0][0x0][0x0][0x1][\n]&quot;
22:48:38.261 [docker-java-stream--1505383931] DEBUG c.g.d.z.s.o.a.hc.client5.http.wire - http-outgoing-3 &lt;&lt; &quot;[0x2][0x0][0x0][0x0][0x0][0x0][0x0]4/bin/bash: connect: Cannot assign requested address[\n]&quot;
22:48:38.279 [docker-java-stream--1505383931] DEBUG c.g.d.z.s.o.a.hc.client5.http.wire - http-outgoing-3 &lt;&lt; &quot;[0x2][0x0][0x0][0x0][0x0][0x0][0x0]D/bin/bash: /dev/tcp/localhost/8080: Cannot assign requested address[\n]&quot;
22:48:38.407 [docker-java-stream--1505383931] DEBUG c.g.d.z.s.o.a.hc.client5.http.wire - http-outgoing-3 &lt;&lt; &quot;[0x2][0x0][0x0][0x0][0x0][0x0][0x0][0xc]/bin/sh: 1: &quot;
22:48:38.408 [docker-java-stream--1505383931] DEBUG c.g.d.z.s.o.a.hc.client5.http.wire - http-outgoing-3 &lt;&lt; &quot;[0x2][0x0][0x0][0x0][0x0][0x0][0x0][\r]nc: not found&quot;
22:48:38.408 [docker-java-stream--1505383931] DEBUG c.g.d.z.s.o.a.hc.client5.http.wire - http-outgoing-3 &lt;&lt; &quot;[0x2][0x0][0x0][0x0][0x0][0x0][0x0][0x1][\n]&quot;
22:48:38.417 [docker-java-stream--1505383931] DEBUG c.g.d.z.s.o.a.hc.client5.http.wire - http-outgoing-3 &lt;&lt; &quot;[0x2][0x0][0x0][0x0][0x0][0x0][0x0]4/bin/bash: connect: Cannot assign requested address[\n]&quot;
22:48:38.420 [docker-java-stream--1505383931] DEBUG c.g.d.z.s.o.a.hc.client5.http.wire - http-outgoing-3 &lt;&lt; &quot;[0x2][0x0][0x0][0x0][0x0][0x0][0x0]D/bin/bash: /dev/tcp/localhost/8080: Cannot assign requested address[\n]&quot;
22:48:38.551 [docker-java-stream--1505383931] DEBUG c.g.d.z.s.o.a.hc.client5.http.wire - http-outgoing-3 &lt;&lt; &quot;[0x2][0x0][0x0][0x0][0x0][0x0][0x0][0xc]/bin/sh: 1: &quot;
22:48:38.551 [docker-java-stream--1505383931] DEBUG c.g.d.z.s.o.a.hc.client5.http.wire - http-outgoing-3 &lt;&lt; &quot;[0x2][0x0][0x0][0x0][0x0][0x0][0x0][\r]nc: not found&quot;
22:48:38.551 [docker-java-stream--1505383931] DEBUG c.g.d.z.s.o.a.hc.client5.http.wire - http-outgoing-3 &lt;&lt; &quot;[0x2][0x0][0x0][0x0][0x0][0x0][0x0][0x1][\n]&quot;
22:48:38.558 [docker-java-stream--1505383931] DEBUG c.g.d.z.s.o.a.hc.client5.http.wire - http-outgoing-3 &lt;&lt; &quot;[0x2][0x0][0x0][0x0][0x0][0x0][0x0]4/bin/bash: connect: Cannot assign requested address[\n]&quot;
22:48:38.560 [docker-java-stream--1505383931] DEBUG c.g.d.z.s.o.a.hc.client5.http.wire - http-outgoing-3 &lt;&lt; &quot;[0x2][0x0][0x0][0x0][0x0][0x0][0x0]D/bin/bash: /dev/tcp/localhost/8080: Cannot assign requested address[\n]&quot;
22:48:38.695 [docker-java-stream--1505383931] DEBUG c.g.d.z.s.o.a.hc.client5.http.wire - http-outgoing-3 &lt;&lt; &quot;[0x2][0x0][0x0][0x0][0x0][0x0][0x0][0xc]/bin/sh: 1: &quot;
22:48:38.696 [docker-java-stream--1505383931] DEBUG c.g.d.z.s.o.a.hc.client5.http.wire - http-outgoing-3 &lt;&lt; &quot;[0x2][0x0][0x0][0x0][0x0][0x0][0x0][\r]nc: not found&quot;
22:48:38.696 [docker-java-stream--1505383931] DEBUG c.g.d.z.s.o.a.hc.client5.http.wire - http-outgoing-3 &lt;&lt; &quot;[0x2][0x0][0x0][0x0][0x0][0x0][0x0][0x1][\n]&quot;
22:48:38.702 [docker-java-stream--1505383931] DEBUG c.g.d.z.s.o.a.hc.client5.http.wire - http-outgoing-3 &lt;&lt; &quot;[0x2][0x0][0x0][0x0][0x0][0x0][0x0]4/bin/bash: connect: Cannot assign requested address[\n]&quot;
22:48:38.707 [docker-java-stream--1505383931] DEBUG c.g.d.z.s.o.a.hc.client5.http.wire - http-outgoing-3 &lt;&lt; &quot;[0x2][0x0][0x0][0x0][0x0][0x0][0x0]D/bin/bash: /dev/tcp/localhost/8080: Cannot assign requested address[\n]&quot;
22:48:38.825 [docker-java-stream--1505383931] DEBUG c.g.d.z.s.o.a.hc.client5.http.wire - http-outgoing-3 &lt;&lt; &quot;[0x2][0x0][0x0][0x0][0x0][0x0][0x0][0xc]/bin/sh: 1: &quot;
22:48:38.826 [docker-java-stream--1505383931] DEBUG c.g.d.z.s.o.a.hc.client5.http.wire - http-outgoing-3 &lt;&lt; &quot;[0x2][0x0][0x0][0x0][0x0][0x0][0x0][\r]nc: not found&quot;
22:48:38.827 [docker-java-stream--1505383931] DEBUG c.g.d.z.s.o.a.hc.client5.http.wire - http-outgoing-3 &lt;&lt; &quot;[0x2][0x0][0x0][0x0][0x0][0x0][0x0][0x1][\n]&quot;
22:48:38.844 [docker-java-stream--1505383931] DEBUG c.g.d.z.s.o.a.hc.client5.http.wire - http-outgoing-3 &lt;&lt; &quot;[0x2][0x0][0x0][0x0][0x0][0x0][0x0]4/bin/bash: connect: Cannot assign requested address[\n]&quot;
22:48:38.845 [docker-java-stream--1505383931] DEBUG c.g.d.z.s.o.a.hc.client5.http.wire - http-outgoing-3 &lt;&lt; &quot;[0x2][0x0][0x0][0x0][0x0][0x0][0x0]D/bin/bash: /dev/tcp/localhost/8080: Cannot assign requested address[\n]&quot;
22:48:38.968 [docker-java-stream--1505383931] DEBUG c.g.d.z.s.o.a.hc.client5.http.wire - http-outgoing-3 &lt;&lt; &quot;[0x2][0x0][0x0][0x0][0x0][0x0][0x0][0xc]/bin/sh: 1: &quot;
22:48:38.970 [docker-java-stream--1505383931] DEBUG c.g.d.z.s.o.a.hc.client5.http.wire - http-outgoing-3 &lt;&lt; &quot;[0x2][0x0][0x0][0x0][0x0][0x0][0x0][\r]nc: not found&quot;
22:48:38.970 [docker-java-stream--1505383931] DEBUG c.g.d.z.s.o.a.hc.client5.http.wire - http-outgoing-3 &lt;&lt; &quot;[0x2][0x0][0x0][0x0][0x0][0x0][0x0][0x1][\n]&quot;
22:48:38.981 [docker-java-stream--1505383931] DEBUG c.g.d.z.s.o.a.hc.client5.http.wire - http-outgoing-3 &lt;&lt; &quot;[0x2][0x0][0x0][0x0][0x0][0x0][0x0]4/bin/bash: connect: Cannot assign requested address[\n]&quot;
22:48:38.982 [docker-java-stream--1505383931] DEBUG c.g.d.z.s.o.a.hc.client5.http.wire - http-outgoing-3 &lt;&lt; &quot;[0x2][0x0][0x0][0x0][0x0][0x0][0x0]D/bin/bash: /dev/tcp/localhost/8080: Cannot assign requested address[\n]&quot;
22:48:39.114 [docker-java-stream--1505383931] DEBUG c.g.d.z.s.o.a.hc.client5.http.wire - http-outgoing-3 &lt;&lt; &quot;[0x2][0x0][0x0][0x0][0x0][0x0][0x0][0xc]/bin/sh: 1: &quot;
22:48:39.116 [docker-java-stream--1505383931] DEBUG c.g.d.z.s.o.a.hc.client5.http.wire - http-outgoing-3 &lt;&lt; &quot;[0x2][0x0][0x0][0x0][0x0][0x0][0x0][\r]nc: not found&quot;
22:48:39.116 [docker-java-stream--1505383931] DEBUG c.g.d.z.s.o.a.hc.client5.http.wire - http-outgoing-3 &lt;&lt; &quot;[0x2][0x0][0x0][0x0][0x0][0x0][0x0][0x1][\n]&quot;
22:48:39.127 [docker-java-stream--1505383931] DEBUG c.g.d.z.s.o.a.hc.client5.http.wire - http-outgoing-3 &lt;&lt; &quot;[0x2][0x0][0x0][0x0][0x0][0x0][0x0]4/bin/bash: connect: Cannot assign requested address[\n]&quot;
22:48:39.132 [docker-java-stream--1505383931] DEBUG c.g.d.z.s.o.a.hc.client5.http.wire - http-outgoing-3 &lt;&lt; &quot;[0x2][0x0][0x0][0x0][0x0][0x0][0x0]D/bin/bash: /dev/tcp/localhost/8080: Cannot assign requested address[\n]&quot;
22:48:39.264 [docker-java-stream--1505383931] DEBUG c.g.d.z.s.o.a.hc.client5.http.wire - http-outgoing-3 &lt;&lt; &quot;[0x2][0x0][0x0][0x0][0x0][0x0][0x0][0xc]/bin/sh: 1: &quot;
22:48:39.273 [docker-java-stream--1505383931] DEBUG c.g.d.z.s.o.a.hc.client5.http.wire - http-outgoing-3 &lt;&lt; &quot;[0x2][0x0][0x0][0x0][0x0][0x0][0x0][\r]nc: not found&quot;
22:48:39.273 [docker-java-stream--1505383931] DEBUG c.g.d.z.s.o.a.hc.client5.http.wire - http-outgoing-3 &lt;&lt; &quot;[0x2][0x0][0x0][0x0][0x0][0x0][0x0][0x1][\n]&quot;
22:48:39.285 [docker-java-stream--1505383931] DEBUG c.g.d.z.s.o.a.hc.client5.http.wire - http-outgoing-3 &lt;&lt; &quot;[0x2][0x0][0x0][0x0][0x0][0x0][0x0]4/bin/bash: connect: Cannot assign requested address[\n]&quot;
22:48:39.287 [docker-java-stream--1505383931] DEBUG c.g.d.z.s.o.a.hc.client5.http.wire - http-outgoing-3 &lt;&lt; &quot;[0x2][0x0][0x0][0x0][0x0][0x0][0x0]D/bin/bash: /dev/tcp/localhost/8080: Cannot assign requested address[\n]&quot;
22:48:39.410 [docker-java-stream--1505383931] DEBUG c.g.d.z.s.o.a.hc.client5.http.wire - http-outgoing-3 &lt;&lt; &quot;[0x2][0x0][0x0][0x0][0x0][0x0][0x0][0xc]/bin/sh: 1: &quot;
22:48:39.412 [docker-java-stream--1505383931] DEBUG c.g.d.z.s.o.a.hc.client5.http.wire - http-outgoing-3 &lt;&lt; &quot;[0x2][0x0][0x0][0x0][0x0][0x0][0x0][\r]nc: not found&quot;
22:48:39.413 [docker-java-stream--1505383931] DEBUG c.g.d.z.s.o.a.hc.client5.http.wire - http-outgoing-3 &lt;&lt; &quot;[0x2][0x0][0x0][0x0][0x0][0x0][0x0][0x1][\n]&quot;
22:48:39.421 [docker-java-stream--1505383931] DEBUG c.g.d.z.s.o.a.hc.client5.http.wire - http-outgoing-3 &lt;&lt; &quot;[0x2][0x0][0x0][0x0][0x0][0x0][0x0]4/bin/bash: connect: Cannot assign requested address[\n]&quot;
22:48:39.421 [docker-java-stream--1505383931] DEBUG c.g.d.z.s.o.a.hc.client5.http.wire - http-outgoing-3 &lt;&lt; &quot;[0x2][0x0][0x0][0x0][0x0][0x0][0x0]D/bin/bash: /dev/tcp/localhost/8080: Cannot assign requested address[\n]&quot;
22:48:39.548 [docker-java-stream--1505383931] DEBUG c.g.d.z.s.o.a.hc.client5.http.wire - http-outgoing-3 &lt;&lt; &quot;[0x2][0x0][0x0][0x0][0x0][0x0][0x0][0xc]/bin/sh: 1: &quot;
22:48:39.550 [docker-java-stream--1505383931] DEBUG c.g.d.z.s.o.a.hc.client5.http.wire - http-outgoing-3 &lt;&lt; &quot;[0x2][0x0][0x0][0x0][0x0][0x0][0x0][\r]nc: not found&quot;
22:48:39.550 [docker-java-stream--1505383931] DEBUG c.g.d.z.s.o.a.hc.client5.http.wire - http-outgoing-3 &lt;&lt; &quot;[0x2][0x0][0x0][0x0][0x0][0x0][0x0][0x1][\n]&quot;
22:48:39.559 [docker-java-stream--1505383931] DEBUG c.g.d.z.s.o.a.hc.client5.http.wire - http-outgoing-3 &lt;&lt; &quot;[0x2][0x0][0x0][0x0][0x0][0x0][0x0]4/bin/bash: connect: Cannot assign requested address[\n]&quot;
22:48:39.559 [docker-java-stream--1505383931] DEBUG c.g.d.z.s.o.a.hc.client5.http.wire - http-outgoing-3 &lt;&lt; &quot;[0x2][0x0][0x0][0x0][0x0][0x0][0x0]D/bin/bash: /dev/tcp/localhost/8080: Cannot assign requested address[\n]&quot;
22:48:39.694 [docker-java-stream--1505383931] DEBUG c.g.d.z.s.o.a.hc.client5.http.wire - http-outgoing-3 &lt;&lt; &quot;[0x2][0x0][0x0][0x0][0x0][0x0][0x0][0xc]/bin/sh: 1: &quot;
22:48:39.694 [docker-java-stream--1505383931] DEBUG c.g.d.z.s.o.a.hc.client5.http.wire - http-outgoing-3 &lt;&lt; &quot;[0x2][0x0][0x0][0x0][0x0][0x0][0x0][\r]nc: not found&quot;
22:48:39.694 [docker-java-stream--1505383931] DEBUG c.g.d.z.s.o.a.hc.client5.http.wire - http-outgoing-3 &lt;&lt; &quot;[0x2][0x0][0x0][0x0][0x0][0x0][0x0][0x1][\n]&quot;
22:48:39.716 [docker-java-stream--1505383931] DEBUG c.g.d.z.s.o.a.hc.client5.http.wire - http-outgoing-3 &lt;&lt; &quot;[0x2][0x0][0x0][0x0][0x0][0x0][0x0]4/bin/bash: connect: Cannot assign requested address[\n]&quot;
22:48:39.716 [docker-java-stream--1505383931] DEBUG c.g.d.z.s.o.a.hc.client5.http.wire - http-outgoing-3 &lt;&lt; &quot;[0x2][0x0][0x0][0x0][0x0][0x0][0x0]D/bin/bash: /dev/tcp/localhost/8080: Cannot assign requested address[\n]&quot;
22:48:39.853 [docker-java-stream--1505383931] DEBUG c.g.d.z.s.o.a.hc.client5.http.wire - http-outgoing-3 &lt;&lt; &quot;[0x2][0x0][0x0][0x0][0x0][0x0][0x0][0xc]/bin/sh: 1: &quot;
22:48:39.853 [docker-java-stream--1505383931] DEBUG c.g.d.z.s.o.a.hc.client5.http.wire - http-outgoing-3 &lt;&lt; &quot;[0x2][0x0][0x0][0x0][0x0][0x0][0x0][\r]nc: not found&quot;
22:48:39.853 [docker-java-stream--1505383931] DEBUG c.g.d.z.s.o.a.hc.client5.http.wire - http-outgoing-3 &lt;&lt; &quot;[0x2][0x0][0x0][0x0][0x0][0x0][0x0][0x1][\n]&quot;
22:48:39.858 [docker-java-stream--1505383931] DEBUG c.g.d.z.s.o.a.hc.client5.http.wire - http-outgoing-3 &lt;&lt; &quot;[0x2][0x0][0x0][0x0][0x0][0x0][0x0]4/bin/bash: connect: Cannot assign requested address[\n]&quot;
22:48:39.860 [docker-java-stream--1505383931] DEBUG c.g.d.z.s.o.a.hc.client5.http.wire - http-outgoing-3 &lt;&lt; &quot;[0x2][0x0][0x0][0x0][0x0][0x0][0x0]D/bin/bash: /dev/tcp/localhost/8080: Cannot assign requested address[\n]&quot;
22:48:39.982 [docker-java-stream--1505383931] DEBUG c.g.d.z.s.o.a.hc.client5.http.wire - http-outgoing-3 &lt;&lt; &quot;[0x2][0x0][0x0][0x0][0x0][0x0][0x0][0xc]/bin/sh: 1: &quot;
22:48:39.982 [docker-java-stream--1505383931] DEBUG c.g.d.z.s.o.a.hc.client5.http.wire - http-outgoing-3 &lt;&lt; &quot;[0x2][0x0][0x0][0x0][0x0][0x0][0x0][\r]nc: not found&quot;
22:48:39.982 [docker-java-stream--1505383931] DEBUG c.g.d.z.s.o.a.hc.client5.http.wire - http-outgoing-3 &lt;&lt; &quot;[0x2][0x0][0x0][0x0][0x0][0x0][0x0][0x1][\n]&quot;
22:48:39.988 [docker-java-stream--1505383931] DEBUG c.g.d.z.s.o.a.hc.client5.http.wire - http-outgoing-3 &lt;&lt; &quot;[0x2][0x0][0x0][0x0][0x0][0x0][0x0]4/bin/bash: connect: Cannot assign requested address[\n]&quot;
22:48:39.991 [docker-java-stream--1505383931] DEBUG c.g.d.z.s.o.a.hc.client5.http.wire - http-outgoing-3 &lt;&lt; &quot;[0x2][0x0][0x0][0x0][0x0][0x0][0x0]D/bin/bash: /dev/tcp/localhost/8080: Cannot assign requested address[\n]&quot;
22:48:40.122 [docker-java-stream--1505383931] DEBUG c.g.d.z.s.o.a.hc.client5.http.wire - http-outgoing-3 &lt;&lt; &quot;[0x2][0x0][0x0][0x0][0x0][0x0][0x0][0xc]/bin/sh: 1: &quot;
22:48:40.123 [docker-java-stream--1505383931] DEBUG c.g.d.z.s.o.a.hc.client5.http.wire - http-outgoing-3 &lt;&lt; &quot;[0x2][0x0][0x0][0x0][0x0][0x0][0x0][\r]nc: not found&quot;
22:48:40.123 [docker-java-stream--1505383931] DEBUG c.g.d.z.s.o.a.hc.client5.http.wire - http-outgoing-3 &lt;&lt; &quot;[0x2][0x0][0x0][0x0][0x0][0x0][0x0][0x1][\n]&quot;
22:48:40.140 [docker-java-stream--1505383931] DEBUG c.g.d.z.s.o.a.hc.client5.http.wire - http-outgoing-3 &lt;&lt; &quot;[0x2][0x0][0x0][0x0][0x0][0x0][0x0]4/bin/bash: connect: Cannot assign requested address[\n]&quot;
22:48:40.140 [docker-java-stream--1505383931] DEBUG c.g.d.z.s.o.a.hc.client5.http.wire - http-outgoing-3 &lt;&lt; &quot;[0x2][0x0][0x0][0x0][0x0][0x0][0x0]D/bin/bash: /dev/tcp/localhost/8080: Cannot assign requested address[\n]&quot;
22:48:40.269 [docker-java-stream--1505383931] DEBUG c.g.d.z.s.o.a.hc.client5.http.wire - http-outgoing-3 &lt;&lt; &quot;[0x2][0x0][0x0][0x0][0x0][0x0][0x0][0xc]/bin/sh: 1: &quot;
22:48:40.269 [docker-java-stream--1505383931] DEBUG c.g.d.z.s.o.a.hc.client5.http.wire - http-outgoing-3 &lt;&lt; &quot;[0x2][0x0][0x0][0x0][0x0][0x0][0x0][\r]nc: not found&quot;
22:48:40.269 [docker-java-stream--1505383931] DEBUG c.g.d.z.s.o.a.hc.client5.http.wire - http-outgoing-3 &lt;&lt; &quot;[0x2][0x0][0x0][0x0][0x0][0x0][0x0][0x1][\n]&quot;
22:48:40.277 [docker-java-stream--1505383931] DEBUG c.g.d.z.s.o.a.hc.client5.http.wire - http-outgoing-3 &lt;&lt; &quot;[0x2][0x0][0x0][0x0][0x0][0x0][0x0]4/bin/bash: connect: Cannot assign requested address[\n]&quot;
22:48:40.282 [docker-java-stream--1505383931] DEBUG c.g.d.z.s.o.a.hc.client5.http.wire - http-outgoing-3 &lt;&lt; &quot;[0x2][0x0][0x0][0x0][0x0][0x0][0x0]D/bin/bash: /dev/tcp/localhost/8080: Cannot assign requested address[\n]&quot;
22:48:40.401 [docker-java-stream--1505383931] DEBUG c.g.d.z.s.o.a.hc.client5.http.wire - http-outgoing-3 &lt;&lt; &quot;[0x2][0x0][0x0][0x0][0x0][0x0][0x0][0xc]/bin/sh: 1: &quot;
22:48:40.403 [docker-java-stream--1505383931] DEBUG c.g.d.z.s.o.a.hc.client5.http.wire - http-outgoing-3 &lt;&lt; &quot;[0x2][0x0][0x0][0x0][0x0][0x0][0x0][\r]nc: not found&quot;
22:48:40.404 [docker-java-stream--1505383931] DEBUG c.g.d.z.s.o.a.hc.client5.http.wire - http-outgoing-3 &lt;&lt; &quot;[0x2][0x0][0x0][0x0][0x0][0x0][0x0][0x1][\n]&quot;
22:48:40.425 [docker-java-stream--1505383931] DEBUG c.g.d.z.s.o.a.hc.client5.http.wire - http-outgoing-3 &lt;&lt; &quot;[0x2][0x0][0x0][0x0][0x0][0x0][0x0]4/bin/bash: connect: Cannot assign requested address[\n]&quot;
22:48:40.428 [docker-java-stream--1505383931] DEBUG c.g.d.z.s.o.a.hc.client5.http.wire - http-outgoing-3 &lt;&lt; &quot;[0x2][0x0][0x0][0x0][0x0][0x0][0x0]D/bin/bash: /dev/tcp/localhost/8080: Cannot assign requested address[\n]&quot;
22:48:40.547 [docker-java-stream--1505383931] DEBUG c.g.d.z.s.o.a.hc.client5.http.wire - http-outgoing-3 &lt;&lt; &quot;[0x2][0x0][0x0][0x0][0x0][0x0][0x0][0xc]/bin/sh: 1: &quot;
22:48:40.548 [docker-java-stream--1505383931] DEBUG c.g.d.z.s.o.a.hc.client5.http.wire - http-outgoing-3 &lt;&lt; &quot;[0x2][0x0][0x0][0x0][0x0][0x0][0x0][\r]nc: not found&quot;
22:48:40.548 [docker-java-stream--1505383931] DEBUG c.g.d.z.s.o.a.hc.client5.http.wire - http-outgoing-3 &lt;&lt; &quot;[0x2][0x0][0x0][0x0][0x0][0x0][0x0][0x1][\n]&quot;
22:48:40.554 [docker-java-stream--1505383931] DEBUG c.g.d.z.s.o.a.hc.client5.http.wire - http-outgoing-3 &lt;&lt; &quot;[0x2][0x0][0x0][0x0][0x0][0x0][0x0]4/bin/bash: connect: Cannot assign requested address[\n]&quot;
22:48:40.557 [docker-java-stream--1505383931] DEBUG c.g.d.z.s.o.a.hc.client5.http.wire - http-outgoing-3 &lt;&lt; &quot;[0x2][0x0][0x0][0x0][0x0][0x0][0x0]D/bin/bash: /dev/tcp/localhost/8080: Cannot assign requested address[\n]&quot;
22:48:40.679 [docker-java-stream--1505383931] DEBUG c.g.d.z.s.o.a.hc.client5.http.wire - http-outgoing-3 &lt;&lt; &quot;[0x2][0x0][0x0][0x0][0x0][0x0][0x0][0xc]/bin/sh: 1: &quot;
22:48:40.679 [docker-java-stream--1505383931] DEBUG c.g.d.z.s.o.a.hc.client5.http.wire - http-outgoing-3 &lt;&lt; &quot;[0x2][0x0][0x0][0x0][0x0][0x0][0x0][\r]nc: not found&quot;
22:48:40.679 [docker-java-stream--1505383931] DEBUG c.g.d.z.s.o.a.hc.client5.http.wire - http-outgoing-3 &lt;&lt; &quot;[0x2][0x0][0x0][0x0][0x0][0x0][0x0][0x1][\n]&quot;
22:48:40.687 [docker-java-stream--1505383931] DEBUG c.g.d.z.s.o.a.hc.client5.http.wire - http-outgoing-3 &lt;&lt; &quot;[0x2][0x0][0x0][0x0][0x0][0x0][0x0]4/bin/bash: connect: Cannot assign requested address[\n]&quot;
22:48:40.691 [docker-java-stream--1505383931] DEBUG c.g.d.z.s.o.a.hc.client5.http.wire - http-outgoing-3 &lt;&lt; &quot;[0x2][0x0][0x0][0x0][0x0][0x0][0x0]D/bin/bash: /dev/tcp/localhost/8080: Cannot assign requested address[\n]&quot;
22:48:40.810 [docker-java-stream--1505383931] DEBUG c.g.d.z.s.o.a.hc.client5.http.wire - http-outgoing-3 &lt;&lt; &quot;[0x2][0x0][0x0][0x0][0x0][0x0][0x0][0xc]/bin/sh: 1: &quot;
22:48:40.811 [docker-java-stream--1505383931] DEBUG c.g.d.z.s.o.a.hc.client5.http.wire - http-outgoing-3 &lt;&lt; &quot;[0x2][0x0][0x0][0x0][0x0][0x0][0x0][\r]nc: not found&quot;
22:48:40.812 [docker-java-stream--1505383931] DEBUG c.g.d.z.s.o.a.hc.client5.http.wire - http-outgoing-3 &lt;&lt; &quot;[0x2][0x0][0x0][0x0][0x0][0x0][0x0][0x1][\n]&quot;
22:48:40.825 [docker-java-stream--1505383931] DEBUG c.g.d.z.s.o.a.hc.client5.http.wire - http-outgoing-3 &lt;&lt; &quot;[0x2][0x0][0x0][0x0][0x0][0x0][0x0]4/bin/bash: connect: Cannot assign requested address[\n]&quot;
22:48:40.827 [docker-java-stream--1505383931] DEBUG c.g.d.z.s.o.a.hc.client5.http.wire - http-outgoing-3 &lt;&lt; &quot;[0x2][0x0][0x0][0x0][0x0][0x0][0x0]D/bin/bash: /dev/tcp/localhost/8080: Cannot assign requested address[\n]&quot;
22:48:40.948 [docker-java-stream--1505383931] DEBUG c.g.d.z.s.o.a.hc.client5.http.wire - http-outgoing-3 &lt;&lt; &quot;[0x2][0x0][0x0][0x0][0x0][0x0][0x0][0xc]/bin/sh: 1: &quot;
22:48:40.950 [docker-java-stream--1505383931] DEBUG c.g.d.z.s.o.a.hc.client5.http.wire - http-outgoing-3 &lt;&lt; &quot;[0x2][0x0][0x0][0x0][0x0][0x0][0x0][\r]nc: not found&quot;
22:48:40.950 [docker-java-stream--1505383931] DEBUG c.g.d.z.s.o.a.hc.client5.http.wire - http-outgoing-3 &lt;&lt; &quot;[0x2][0x0][0x0][0x0][0x0][0x0][0x0][0x1][\n]&quot;
22:48:40.957 [docker-java-stream--1505383931] DEBUG c.g.d.z.s.o.a.hc.client5.http.wire - http-outgoing-3 &lt;&lt; &quot;[0x2][0x0][0x0][0x0][0x0][0x0][0x0]4/bin/bash: connect: Cannot assign requested address[\n]&quot;
22:48:40.959 [docker-java-stream--1505383931] DEBUG c.g.d.z.s.o.a.hc.client5.http.wire - http-outgoing-3 &lt;&lt; &quot;[0x2][0x0][0x0][0x0][0x0][0x0][0x0]D/bin/bash: /dev/tcp/localhost/8080: Cannot assign requested address[\n]&quot;
22:48:41.093 [docker-java-stream--1505383931] DEBUG c.g.d.z.s.o.a.hc.client5.http.wire - http-outgoing-3 &lt;&lt; &quot;[0x2][0x0][0x0][0x0][0x0][0x0][0x0][0xc]/bin/sh: 1: &quot;
22:48:41.095 [docker-java-stream--1505383931] DEBUG c.g.d.z.s.o.a.hc.client5.http.wire - http-outgoing-3 &lt;&lt; &quot;[0x2][0x0][0x0][0x0][0x0][0x0][0x0][\r]nc: not found&quot;
22:48:41.096 [docker-java-stream--1505383931] DEBUG c.g.d.z.s.o.a.hc.client5.http.wire - http-outgoing-3 &lt;&lt; &quot;[0x2][0x0][0x0][0x0][0x0][0x0][0x0][0x1][\n]&quot;
22:48:41.106 [docker-java-stream--1505383931] DEBUG c.g.d.z.s.o.a.hc.client5.http.wire - http-outgoing-3 &lt;&lt; &quot;[0x2][0x0][0x0][0x0][0x0][0x0][0x0]4/bin/bash: connect: Cannot assign requested address[\n]&quot;
22:48:41.108 [docker-java-stream--1505383931] DEBUG c.g.d.z.s.o.a.hc.client5.http.wire - http-outgoing-3 &lt;&lt; &quot;[0x2][0x0][0x0][0x0][0x0][0x0][0x0]D/bin/bash: /dev/tcp/localhost/8080: Cannot assign requested address[\n]&quot;
22:48:41.243 [docker-java-stream--1505383931] DEBUG c.g.d.z.s.o.a.hc.client5.http.wire - http-outgoing-3 &lt;&lt; &quot;[0x2][0x0][0x0][0x0][0x0][0x0][0x0][0xc]/bin/sh: 1: &quot;
22:48:41.244 [docker-java-stream--1505383931] DEBUG c.g.d.z.s.o.a.hc.client5.http.wire - http-outgoing-3 &lt;&lt; &quot;[0x2][0x0][0x0][0x0][0x0][0x0][0x0][\r]nc: not found&quot;
22:48:41.245 [docker-java-stream--1505383931] DEBUG c.g.d.z.s.o.a.hc.client5.http.wire - http-outgoing-3 &lt;&lt; &quot;[0x2][0x0][0x0][0x0][0x0][0x0][0x0][0x1][\n]&quot;
22:48:41.257 [docker-java-stream--1505383931] DEBUG c.g.d.z.s.o.a.hc.client5.http.wire - http-outgoing-3 &lt;&lt; &quot;[0x2][0x0][0x0][0x0][0x0][0x0][0x0]4/bin/bash: connect: Cannot assign requested address[\n]&quot;
22:48:41.260 [docker-java-stream--1505383931] DEBUG c.g.d.z.s.o.a.hc.client5.http.wire - http-outgoing-3 &lt;&lt; &quot;[0x2][0x0][0x0][0x0][0x0][0x0][0x0]D/bin/bash: /dev/tcp/localhost/8080: Cannot assign requested address[\n]&quot;
22:48:41.403 [docker-java-stream--1505383931] DEBUG c.g.d.z.s.o.a.hc.client5.http.wire - http-outgoing-3 &lt;&lt; &quot;[0x2][0x0][0x0][0x0][0x0][0x0][0x0][0xc]/bin/sh: 1: &quot;
22:48:41.403 [docker-java-stream--1505383931] DEBUG c.g.d.z.s.o.a.hc.client5.http.wire - http-outgoing-3 &lt;&lt; &quot;[0x2][0x0][0x0][0x0][0x0][0x0][0x0][\r]nc: not found&quot;
22:48:41.403 [docker-java-stream--1505383931] DEBUG c.g.d.z.s.o.a.hc.client5.http.wire - http-outgoing-3 &lt;&lt; &quot;[0x2][0x0][0x0][0x0][0x0][0x0][0x0][0x1][\n]&quot;
22:48:41.412 [docker-java-stream--1505383931] DEBUG c.g.d.z.s.o.a.hc.client5.http.wire - http-outgoing-3 &lt;&lt; &quot;[0x2][0x0][0x0][0x0][0x0][0x0][0x0]4/bin/bash: connect: Cannot assign requested address[\n]&quot;
22:48:41.418 [docker-java-stream--1505383931] DEBUG c.g.d.z.s.o.a.hc.client5.http.wire - http-outgoing-3 &lt;&lt; &quot;[0x2][0x0][0x0][0x0][0x0][0x0][0x0]D/bin/bash: /dev/tcp/localhost/8080: Cannot assign requested address[\n]&quot;
22:48:41.548 [docker-java-stream--1505383931] DEBUG c.g.d.z.s.o.a.hc.client5.http.wire - http-outgoing-3 &lt;&lt; &quot;[0x2][0x0][0x0][0x0][0x0][0x0][0x0][0xc]/bin/sh: 1: &quot;
22:48:41.548 [docker-java-stream--1505383931] DEBUG c.g.d.z.s.o.a.hc.client5.http.wire - http-outgoing-3 &lt;&lt; &quot;[0x2][0x0][0x0][0x0][0x0][0x0][0x0][\r]nc: not found&quot;
22:48:41.549 [docker-java-stream--1505383931] DEBUG c.g.d.z.s.o.a.hc.client5.http.wire - http-outgoing-3 &lt;&lt; &quot;[0x2][0x0][0x0][0x0][0x0][0x0][0x0][0x1][\n]&quot;
22:48:41.564 [docker-java-stream--1505383931] DEBUG c.g.d.z.s.o.a.hc.client5.http.wire - http-outgoing-3 &lt;&lt; &quot;[0x2][0x0][0x0][0x0][0x0][0x0][0x0]4/bin/bash: connect: Cannot assign requested address[\n]&quot;
22:48:41.565 [docker-java-stream--1505383931] DEBUG c.g.d.z.s.o.a.hc.client5.http.wire - http-outgoing-3 &lt;&lt; &quot;[0x2][0x0][0x0][0x0][0x0][0x0][0x0]D/bin/bash: /dev/tcp/localhost/8080: Cannot assign requested address[\n]&quot;
22:48:41.687 [docker-java-stream--1505383931] DEBUG c.g.d.z.s.o.a.hc.client5.http.wire - http-outgoing-3 &lt;&lt; &quot;[0x2][0x0][0x0][0x0][0x0][0x0][0x0][0xc]/bin/sh: 1: &quot;
22:48:41.688 [docker-java-stream--1505383931] DEBUG c.g.d.z.s.o.a.hc.client5.http.wire - http-outgoing-3 &lt;&lt; &quot;[0x2][0x0][0x0][0x0][0x0][0x0][0x0][\r]nc: not found&quot;
22:48:41.689 [docker-java-stream--1505383931] DEBUG c.g.d.z.s.o.a.hc.client5.http.wire - http-outgoing-3 &lt;&lt; &quot;[0x2][0x0][0x0][0x0][0x0][0x0][0x0][0x1][\n]&quot;
22:48:41.701 [docker-java-stream--1505383931] DEBUG c.g.d.z.s.o.a.hc.client5.http.wire - http-outgoing-3 &lt;&lt; &quot;[0x2][0x0][0x0][0x0][0x0][0x0][0x0]4/bin/bash: connect: Cannot assign requested address[\n]&quot;
22:48:41.704 [docker-java-stream--1505383931] DEBUG c.g.d.z.s.o.a.hc.client5.http.wire - http-outgoing-3 &lt;&lt; &quot;[0x2][0x0][0x0][0x0][0x0][0x0][0x0]D/bin/bash: /dev/tcp/localhost/8080: Cannot assign requested address[\n]&quot;
22:48:41.840 [docker-java-stream--1505383931] DEBUG c.g.d.z.s.o.a.hc.client5.http.wire - http-outgoing-3 &lt;&lt; &quot;[0x2][0x0][0x0][0x0][0x0][0x0][0x0][0xc]/bin/sh: 1: &quot;
22:48:41.840 [docker-java-stream--1505383931] DEBUG c.g.d.z.s.o.a.hc.client5.http.wire - http-outgoing-3 &lt;&lt; &quot;[0x2][0x0][0x0][0x0][0x0][0x0][0x0][\r]nc: not found&quot;
22:48:41.840 [docker-java-stream--1505383931] DEBUG c.g.d.z.s.o.a.hc.client5.http.wire - http-outgoing-3 &lt;&lt; &quot;[0x2][0x0][0x0][0x0][0x0][0x0][0x0][0x1][\n]&quot;
22:48:41.848 [docker-java-stream--1505383931] DEBUG c.g.d.z.s.o.a.hc.client5.http.wire - http-outgoing-3 &lt;&lt; &quot;[0x2][0x0][0x0][0x0][0x0][0x0][0x0]4/bin/bash: connect: Cannot assign requested address[\n]&quot;
22:48:41.851 [docker-java-stream--1505383931] DEBUG c.g.d.z.s.o.a.hc.client5.http.wire - http-outgoing-3 &lt;&lt; &quot;[0x2][0x0][0x0][0x0][0x0][0x0][0x0]D/bin/bash: /dev/tcp/localhost/8080: Cannot assign requested address[\n]&quot;
22:48:41.975 [docker-java-stream--1505383931] DEBUG c.g.d.z.s.o.a.hc.client5.http.wire - http-outgoing-3 &lt;&lt; &quot;[0x2][0x0][0x0][0x0][0x0][0x0][0x0][0xc]/bin/sh: 1: &quot;
22:48:41.977 [docker-java-stream--1505383931] DEBUG c.g.d.z.s.o.a.hc.client5.http.wire - http-outgoing-3 &lt;&lt; &quot;[0x2][0x0][0x0][0x0][0x0][0x0][0x0][\r]nc: not found&quot;
22:48:41.978 [docker-java-stream--1505383931] DEBUG c.g.d.z.s.o.a.hc.client5.http.wire - http-outgoing-3 &lt;&lt; &quot;[0x2][0x0][0x0][0x0][0x0][0x0][0x0][0x1][\n]&quot;
22:48:41.985 [docker-java-stream--1505383931] DEBUG c.g.d.z.s.o.a.hc.client5.http.wire - http-outgoing-3 &lt;&lt; &quot;[0x2][0x0][0x0][0x0][0x0][0x0][0x0]4/bin/bash: connect: Cannot assign requested address[\n]&quot;
22:48:41.988 [docker-java-stream--1505383931] DEBUG c.g.d.z.s.o.a.hc.client5.http.wire - http-outgoing-3 &lt;&lt; &quot;[0x2][0x0][0x0][0x0][0x0][0x0][0x0]D/bin/bash: /dev/tcp/localhost/8080: Cannot assign requested address[\n]&quot;
22:48:42.115 [docker-java-stream--1505383931] DEBUG c.g.d.z.s.o.a.hc.client5.http.wire - http-outgoing-3 &lt;&lt; &quot;[0x2][0x0][0x0][0x0][0x0][0x0][0x0][0xc]/bin/sh: 1: &quot;
22:48:42.116 [docker-java-stream--1505383931] DEBUG c.g.d.z.s.o.a.hc.client5.http.wire - http-outgoing-3 &lt;&lt; &quot;[0x2][0x0][0x0][0x0][0x0][0x0][0x0][\r]nc: not found&quot;
22:48:42.116 [docker-java-stream--1505383931] DEBUG c.g.d.z.s.o.a.hc.client5.http.wire - http-outgoing-3 &lt;&lt; &quot;[0x2][0x0][0x0][0x0][0x0][0x0][0x0][0x1][\n]&quot;
22:48:42.125 [docker-java-stream--1505383931] DEBUG c.g.d.z.s.o.a.hc.client5.http.wire - http-outgoing-3 &lt;&lt; &quot;[0x2][0x0][0x0][0x0][0x0][0x0][0x0]4/bin/bash: connect: Cannot assign requested address[\n]&quot;
22:48:42.128 [docker-java-stream--1505383931] DEBUG c.g.d.z.s.o.a.hc.client5.http.wire - http-outgoing-3 &lt;&lt; &quot;[0x2][0x0][0x0][0x0][0x0][0x0][0x0]D/bin/bash: /dev/tcp/localhost/8080: Cannot assign requested address[\n]&quot;
22:48:42.273 [docker-java-stream--1505383931] DEBUG c.g.d.z.s.o.a.hc.client5.http.wire - http-outgoing-3 &lt;&lt; &quot;[0x2][0x0][0x0][0x0][0x0][0x0][0x0][0xc]/bin/sh: 1: &quot;
22:48:42.274 [docker-java-stream--1505383931] DEBUG c.g.d.z.s.o.a.hc.client5.http.wire - http-outgoing-3 &lt;&lt; &quot;[0x2][0x0][0x0][0x0][0x0][0x0][0x0][\r]nc: not found&quot;
22:48:42.274 [docker-java-stream--1505383931] DEBUG c.g.d.z.s.o.a.hc.client5.http.wire - http-outgoing-3 &lt;&lt; &quot;[0x2][0x0][0x0][0x0][0x0][0x0][0x0][0x1][\n]&quot;
22:48:42.286 [docker-java-stream--1505383931] DEBUG c.g.d.z.s.o.a.hc.client5.http.wire - http-outgoing-3 &lt;&lt; &quot;[0x2][0x0][0x0][0x0][0x0][0x0][0x0]4/bin/bash: connect: Cannot assign requested address[\n]&quot;
22:48:42.286 [docker-java-stream--1505383931] DEBUG c.g.d.z.s.o.a.hc.client5.http.wire - http-outgoing-3 &lt;&lt; &quot;[0x2][0x0][0x0][0x0][0x0][0x0][0x0]D/bin/bash: /dev/tcp/localhost/8080: Cannot assign requested address[\n]&quot;
22:48:42.405 [docker-java-stream--1505383931] DEBUG c.g.d.z.s.o.a.hc.client5.http.wire - http-outgoing-3 &lt;&lt; &quot;[0x2][0x0][0x0][0x0][0x0][0x0][0x0][0xc]/bin/sh: 1: &quot;
22:48:42.407 [docker-java-stream--1505383931] DEBUG c.g.d.z.s.o.a.hc.client5.http.wire - http-outgoing-3 &lt;&lt; &quot;[0x2][0x0][0x0][0x0][0x0][0x0][0x0][\r]nc: not found&quot;
22:48:42.408 [docker-java-stream--1505383931] DEBUG c.g.d.z.s.o.a.hc.client5.http.wire - http-outgoing-3 &lt;&lt; &quot;[0x2][0x0][0x0][0x0][0x0][0x0][0x0][0x1][\n]&quot;
22:48:42.412 [docker-java-stream--1505383931] DEBUG c.g.d.z.s.o.a.hc.client5.http.wire - http-outgoing-3 &lt;&lt; &quot;[0x2][0x0][0x0][0x0][0x0][0x0][0x0]4/bin/bash: connect: Cannot assign requested address[\n]&quot;
22:48:42.415 [docker-java-stream--1505383931] DEBUG c.g.d.z.s.o.a.hc.client5.http.wire - http-outgoing-3 &lt;&lt; &quot;[0x2][0x0][0x0][0x0][0x0][0x0][0x0]D/bin/bash: /dev/tcp/localhost/8080: Cannot assign requested address[\n]&quot;
22:48:42.545 [docker-java-stream--1505383931] DEBUG c.g.d.z.s.o.a.hc.client5.http.wire - http-outgoing-3 &lt;&lt; &quot;[0x2][0x0][0x0][0x0][0x0][0x0][0x0][0xc]/bin/sh: 1: &quot;
22:48:42.546 [docker-java-stream--1505383931] DEBUG c.g.d.z.s.o.a.hc.client5.http.wire - http-outgoing-3 &lt;&lt; &quot;[0x2][0x0][0x0][0x0][0x0][0x0][0x0][\r]nc: not found&quot;
22:48:42.547 [docker-java-stream--1505383931] DEBUG c.g.d.z.s.o.a.hc.client5.http.wire - http-outgoing-3 &lt;&lt; &quot;[0x2][0x0][0x0][0x0][0x0][0x0][0x0][0x1][\n]&quot;
22:48:42.552 [docker-java-stream--1505383931] DEBUG c.g.d.z.s.o.a.hc.client5.http.wire - http-outgoing-3 &lt;&lt; &quot;[0x2][0x0][0x0][0x0][0x0][0x0][0x0]4/bin/bash: connect: Cannot assign requested address[\n]&quot;
22:48:42.560 [docker-java-stream--1505383931] DEBUG c.g.d.z.s.o.a.hc.client5.http.wire - http-outgoing-3 &lt;&lt; &quot;[0x2][0x0][0x0][0x0][0x0][0x0][0x0]D/bin/bash: /dev/tcp/localhost/8080: Cannot assign requested address[\n]&quot;
22:48:42.689 [docker-java-stream--1505383931] DEBUG c.g.d.z.s.o.a.hc.client5.http.wire - http-outgoing-3 &lt;&lt; &quot;[0x2][0x0][0x0][0x0][0x0][0x0][0x0][0xc]/bin/sh: 1: &quot;
22:48:42.691 [docker-java-stream--1505383931] DEBUG c.g.d.z.s.o.a.hc.client5.http.wire - http-outgoing-3 &lt;&lt; &quot;[0x2][0x0][0x0][0x0][0x0][0x0][0x0][\r]nc: not found&quot;
22:48:42.692 [docker-java-stream--1505383931] DEBUG c.g.d.z.s.o.a.hc.client5.http.wire - http-outgoing-3 &lt;&lt; &quot;[0x2][0x0][0x0][0x0][0x0][0x0][0x0][0x1][\n]&quot;
22:48:42.700 [docker-java-stream--1505383931] DEBUG c.g.d.z.s.o.a.hc.client5.http.wire - http-outgoing-3 &lt;&lt; &quot;[0x2][0x0][0x0][0x0][0x0][0x0][0x0]4/bin/bash: connect: Cannot assign requested address[\n]&quot;
22:48:42.701 [docker-java-stream--1505383931] DEBUG c.g.d.z.s.o.a.hc.client5.http.wire - http-outgoing-3 &lt;&lt; &quot;[0x2][0x0][0x0][0x0][0x0][0x0][0x0]D/bin/bash: /dev/tcp/localhost/8080: Cannot assign requested address[\n]&quot;
22:48:42.833 [docker-java-stream--1505383931] DEBUG c.g.d.z.s.o.a.hc.client5.http.wire - http-outgoing-3 &lt;&lt; &quot;[0x2][0x0][0x0][0x0][0x0][0x0][0x0][0xc]/bin/sh: 1: &quot;
22:48:42.833 [docker-java-stream--1505383931] DEBUG c.g.d.z.s.o.a.hc.client5.http.wire - http-outgoing-3 &lt;&lt; &quot;[0x2][0x0][0x0][0x0][0x0][0x0][0x0][\r]nc: not found&quot;
22:48:42.833 [docker-java-stream--1505383931] DEBUG c.g.d.z.s.o.a.hc.client5.http.wire - http-outgoing-3 &lt;&lt; &quot;[0x2][0x0][0x0][0x0][0x0][0x0][0x0][0x1][\n]&quot;
22:48:42.841 [docker-java-stream--1505383931] DEBUG c.g.d.z.s.o.a.hc.client5.http.wire - http-outgoing-3 &lt;&lt; &quot;[0x2][0x0][0x0][0x0][0x0][0x0][0x0]4/bin/bash: connect: Cannot assign requested address[\n]&quot;
22:48:42.842 [docker-java-stream--1505383931] DEBUG c.g.d.z.s.o.a.hc.client5.http.wire - http-outgoing-3 &lt;&lt; &quot;[0x2][0x0][0x0][0x0][0x0][0x0][0x0]D/bin/bash: /dev/tcp/localhost/8080: Cannot assign requested address[\n]&quot;
22:48:42.966 [docker-java-stream--1505383931] DEBUG c.g.d.z.s.o.a.hc.client5.http.wire - http-outgoing-3 &lt;&lt; &quot;[0x2][0x0][0x0][0x0][0x0][0x0][0x0][0xc]/bin/sh: 1: &quot;
22:48:42.966 [docker-java-stream--1505383931] DEBUG c.g.d.z.s.o.a.hc.client5.http.wire - http-outgoing-3 &lt;&lt; &quot;[0x2][0x0][0x0][0x0][0x0][0x0][0x0][\r]nc: not found&quot;
22:48:42.966 [docker-java-stream--1505383931] DEBUG c.g.d.z.s.o.a.hc.client5.http.wire - http-outgoing-3 &lt;&lt; &quot;[0x2][0x0][0x0][0x0][0x0][0x0][0x0][0x1][\n]&quot;
22:48:42.977 [docker-java-stream--1505383931] DEBUG c.g.d.z.s.o.a.hc.client5.http.wire - http-outgoing-3 &lt;&lt; &quot;[0x2][0x0][0x0][0x0][0x0][0x0][0x0]4/bin/bash: connect: Cannot assign requested address[\n]&quot;
22:48:42.978 [docker-java-stream--1505383931] DEBUG c.g.d.z.s.o.a.hc.client5.http.wire - http-outgoing-3 &lt;&lt; &quot;[0x2][0x0][0x0][0x0][0x0][0x0][0x0]D/bin/bash: /dev/tcp/localhost/8080: Cannot assign requested address[\n]&quot;
22:48:43.099 [docker-java-stream--1505383931] DEBUG c.g.d.z.s.o.a.hc.client5.http.wire - http-outgoing-3 &lt;&lt; &quot;[0x2][0x0][0x0][0x0][0x0][0x0][0x0][0xc]/bin/sh: 1: &quot;
22:48:43.100 [docker-java-stream--1505383931] DEBUG c.g.d.z.s.o.a.hc.client5.http.wire - http-outgoing-3 &lt;&lt; &quot;[0x2][0x0][0x0][0x0][0x0][0x0][0x0][\r]nc: not found&quot;
22:48:43.100 [docker-java-stream--1505383931] DEBUG c.g.d.z.s.o.a.hc.client5.http.wire - http-outgoing-3 &lt;&lt; &quot;[0x2][0x0][0x0][0x0][0x0][0x0][0x0][0x1][\n]&quot;
22:48:43.110 [docker-java-stream--1505383931] DEBUG c.g.d.z.s.o.a.hc.client5.http.wire - http-outgoing-3 &lt;&lt; &quot;[0x2][0x0][0x0][0x0][0x0][0x0][0x0]4/bin/bash: connect: Cannot assign requested address[\n]&quot;
22:48:43.112 [docker-java-stream--1505383931] DEBUG c.g.d.z.s.o.a.hc.client5.http.wire - http-outgoing-3 &lt;&lt; &quot;[0x2][0x0][0x0][0x0][0x0][0x0][0x0]D/bin/bash: /dev/tcp/localhost/8080: Cannot assign requested address[\n]&quot;
22:48:43.243 [docker-java-stream--1505383931] DEBUG c.g.d.z.s.o.a.hc.client5.http.wire - http-outgoing-3 &lt;&lt; &quot;[0x2][0x0][0x0][0x0][0x0][0x0][0x0][0xc]/bin/sh: 1: &quot;
22:48:43.244 [docker-java-stream--1505383931] DEBUG c.g.d.z.s.o.a.hc.client5.http.wire - http-outgoing-3 &lt;&lt; &quot;[0x2][0x0][0x0][0x0][0x0][0x0][0x0][\r]nc: not found&quot;
22:48:43.245 [docker-java-stream--1505383931] DEBUG c.g.d.z.s.o.a.hc.client5.http.wire - http-outgoing-3 &lt;&lt; &quot;[0x2][0x0][0x0][0x0][0x0][0x0][0x0][0x1][\n]&quot;
22:48:43.257 [docker-java-stream--1505383931] DEBUG c.g.d.z.s.o.a.hc.client5.http.wire - http-outgoing-3 &lt;&lt; &quot;[0x2][0x0][0x0][0x0][0x0][0x0][0x0]4/bin/bash: connect: Cannot assign requested address[\n]&quot;
22:48:43.261 [docker-java-stream--1505383931] DEBUG c.g.d.z.s.o.a.hc.client5.http.wire - http-outgoing-3 &lt;&lt; &quot;[0x2][0x0][0x0][0x0][0x0][0x0][0x0]D/bin/bash: /dev/tcp/localhost/8080: Cannot assign requested address[\n]&quot;
22:48:43.381 [docker-java-stream--1505383931] DEBUG c.g.d.z.s.o.a.hc.client5.http.wire - http-outgoing-3 &lt;&lt; &quot;[0x2][0x0][0x0][0x0][0x0][0x0][0x0][0xc]/bin/sh: 1: &quot;
22:48:43.383 [docker-java-stream--1505383931] DEBUG c.g.d.z.s.o.a.hc.client5.http.wire - http-outgoing-3 &lt;&lt; &quot;[0x2][0x0][0x0][0x0][0x0][0x0][0x0][\r]nc: not found&quot;
22:48:43.383 [docker-java-stream--1505383931] DEBUG c.g.d.z.s.o.a.hc.client5.http.wire - http-outgoing-3 &lt;&lt; &quot;[0x2][0x0][0x0][0x0][0x0][0x0][0x0][0x1][\n]&quot;
22:48:43.390 [docker-java-stream--1505383931] DEBUG c.g.d.z.s.o.a.hc.client5.http.wire - http-outgoing-3 &lt;&lt; &quot;[0x2][0x0][0x0][0x0][0x0][0x0][0x0]4/bin/bash: connect: Cannot assign requested address[\n]&quot;
22:48:43.395 [docker-java-stream--1505383931] DEBUG c.g.d.z.s.o.a.hc.client5.http.wire - http-outgoing-3 &lt;&lt; &quot;[0x2][0x0][0x0][0x0][0x0][0x0][0x0]D/bin/bash: /dev/tcp/localhost/8080: Cannot assign requested address[\n]&quot;
22:48:43.516 [docker-java-stream--1505383931] DEBUG c.g.d.z.s.o.a.hc.client5.http.wire - http-outgoing-3 &lt;&lt; &quot;[0x2][0x0][0x0][0x0][0x0][0x0][0x0][0xc]/bin/sh: 1: &quot;
22:48:43.517 [docker-java-stream--1505383931] DEBUG c.g.d.z.s.o.a.hc.client5.http.wire - http-outgoing-3 &lt;&lt; &quot;[0x2][0x0][0x0][0x0][0x0][0x0][0x0][\r]nc: not found&quot;
22:48:43.517 [docker-java-stream--1505383931] DEBUG c.g.d.z.s.o.a.hc.client5.http.wire - http-outgoing-3 &lt;&lt; &quot;[0x2][0x0][0x0][0x0][0x0][0x0][0x0][0x1][\n]&quot;
22:48:43.524 [docker-java-stream--1505383931] DEBUG c.g.d.z.s.o.a.hc.client5.http.wire - http-outgoing-3 &lt;&lt; &quot;[0x2][0x0][0x0][0x0][0x0][0x0][0x0]4/bin/bash: connect: Cannot assign requested address[\n]&quot;
22:48:43.526 [docker-java-stream--1505383931] DEBUG c.g.d.z.s.o.a.hc.client5.http.wire - http-outgoing-3 &lt;&lt; &quot;[0x2][0x0][0x0][0x0][0x0][0x0][0x0]D/bin/bash: /dev/tcp/localhost/8080: Cannot assign requested address[\n]&quot;
22:48:43.657 [docker-java-stream--1505383931] DEBUG c.g.d.z.s.o.a.hc.client5.http.wire - http-outgoing-3 &lt;&lt; &quot;[0x2][0x0][0x0][0x0][0x0][0x0][0x0][0xc]/bin/sh: 1: &quot;
22:48:43.657 [docker-java-stream--1505383931] DEBUG c.g.d.z.s.o.a.hc.client5.http.wire - http-outgoing-3 &lt;&lt; &quot;[0x2][0x0][0x0][0x0][0x0][0x0][0x0][\r]nc: not found&quot;
22:48:43.657 [docker-java-stream--1505383931] DEBUG c.g.d.z.s.o.a.hc.client5.http.wire - http-outgoing-3 &lt;&lt; &quot;[0x2][0x0][0x0][0x0][0x0][0x0][0x0][0x1][\n]&quot;
22:48:43.669 [docker-java-stream--1505383931] DEBUG c.g.d.z.s.o.a.hc.client5.http.wire - http-outgoing-3 &lt;&lt; &quot;[0x2][0x0][0x0][0x0][0x0][0x0][0x0]4/bin/bash: connect: Cannot assign requested address[\n]&quot;
22:48:43.670 [docker-java-stream--1505383931] DEBUG c.g.d.z.s.o.a.hc.client5.http.wire - http-outgoing-3 &lt;&lt; &quot;[0x2][0x0][0x0][0x0][0x0][0x0][0x0]D/bin/bash: /dev/tcp/localhost/8080: Cannot assign requested address[\n]&quot;
22:48:43.784 [docker-java-stream--1505383931] DEBUG c.g.d.z.s.o.a.hc.client5.http.wire - http-outgoing-3 &lt;&lt; &quot;[0x2][0x0][0x0][0x0][0x0][0x0][0x0][0xc]/bin/sh: 1: &quot;
22:48:43.786 [docker-java-stream--1505383931] DEBUG c.g.d.z.s.o.a.hc.client5.http.wire - http-outgoing-3 &lt;&lt; &quot;[0x2][0x0][0x0][0x0][0x0][0x0][0x0][\r]nc: not found&quot;
22:48:43.786 [docker-java-stream--1505383931] DEBUG c.g.d.z.s.o.a.hc.client5.http.wire - http-outgoing-3 &lt;&lt; &quot;[0x2][0x0][0x0][0x0][0x0][0x0][0x0][0x1][\n]&quot;
22:48:43.800 [docker-java-stream--1505383931] DEBUG c.g.d.z.s.o.a.hc.client5.http.wire - http-outgoing-3 &lt;&lt; &quot;[0x2][0x0][0x0][0x0][0x0][0x0][0x0]4/bin/bash: connect: Cannot assign requested address[\n]&quot;
22:48:43.807 [docker-java-stream--1505383931] DEBUG c.g.d.z.s.o.a.hc.client5.http.wire - http-outgoing-3 &lt;&lt; &quot;[0x2][0x0][0x0][0x0][0x0][0x0][0x0]D/bin/bash: /dev/tcp/localhost/8080: Cannot assign requested address[\n]&quot;
22:48:43.939 [docker-java-stream--1505383931] DEBUG c.g.d.z.s.o.a.hc.client5.http.wire - http-outgoing-3 &lt;&lt; &quot;[0x2][0x0][0x0][0x0][0x0][0x0][0x0][0xc]/bin/sh: 1: &quot;
22:48:43.939 [docker-java-stream--1505383931] DEBUG c.g.d.z.s.o.a.hc.client5.http.wire - http-outgoing-3 &lt;&lt; &quot;[0x2][0x0][0x0][0x0][0x0][0x0][0x0][\r]nc: not found&quot;
22:48:43.940 [docker-java-stream--1505383931] DEBUG c.g.d.z.s.o.a.hc.client5.http.wire - http-outgoing-3 &lt;&lt; &quot;[0x2][0x0][0x0][0x0][0x0][0x0][0x0][0x1][\n]&quot;
22:48:43.949 [docker-java-stream--1505383931] DEBUG c.g.d.z.s.o.a.hc.client5.http.wire - http-outgoing-3 &lt;&lt; &quot;[0x2][0x0][0x0][0x0][0x0][0x0][0x0]4/bin/bash: connect: Cannot assign requested address[\n]&quot;
22:48:43.953 [docker-java-stream--1505383931] DEBUG c.g.d.z.s.o.a.hc.client5.http.wire - http-outgoing-3 &lt;&lt; &quot;[0x2][0x0][0x0][0x0][0x0][0x0][0x0]D/bin/bash: /dev/tcp/localhost/8080: Cannot assign requested address[\n]&quot;
22:48:44.075 [docker-java-stream--1505383931] DEBUG c.g.d.z.s.o.a.hc.client5.http.wire - http-outgoing-3 &lt;&lt; &quot;[0x2][0x0][0x0][0x0][0x0][0x0][0x0][0xc]/bin/sh: 1: &quot;
22:48:44.077 [docker-java-stream--1505383931] DEBUG c.g.d.z.s.o.a.hc.client5.http.wire - http-outgoing-3 &lt;&lt; &quot;[0x2][0x0][0x0][0x0][0x0][0x0][0x0][\r]nc: not found&quot;
22:48:44.078 [docker-java-stream--1505383931] DEBUG c.g.d.z.s.o.a.hc.client5.http.wire - http-outgoing-3 &lt;&lt; &quot;[0x2][0x0][0x0][0x0][0x0][0x0][0x0][0x1][\n]&quot;
22:48:44.082 [docker-java-stream--1505383931] DEBUG c.g.d.z.s.o.a.hc.client5.http.wire - http-outgoing-3 &lt;&lt; &quot;[0x2][0x0][0x0][0x0][0x0][0x0][0x0]4/bin/bash: connect: Cannot assign requested address[\n]&quot;
22:48:44.086 [docker-java-stream--1505383931] DEBUG c.g.d.z.s.o.a.hc.client5.http.wire - http-outgoing-3 &lt;&lt; &quot;[0x2][0x0][0x0][0x0][0x0][0x0][0x0]D/bin/bash: /dev/tcp/localhost/8080: Cannot assign requested address[\n]&quot;
22:48:44.202 [docker-java-stream--1505383931] DEBUG c.g.d.z.s.o.a.hc.client5.http.wire - http-outgoing-3 &lt;&lt; &quot;[0x2][0x0][0x0][0x0][0x0][0x0][0x0][0xc]/bin/sh: 1: &quot;
22:48:44.203 [docker-java-stream--1505383931] DEBUG c.g.d.z.s.o.a.hc.client5.http.wire - http-outgoing-3 &lt;&lt; &quot;[0x2][0x0][0x0][0x0][0x0][0x0][0x0][\r]nc: not found&quot;
22:48:44.204 [docker-java-stream--1505383931] DEBUG c.g.d.z.s.o.a.hc.client5.http.wire - http-outgoing-3 &lt;&lt; &quot;[0x2][0x0][0x0][0x0][0x0][0x0][0x0][0x1][\n]&quot;
22:48:44.211 [docker-java-stream--1505383931] DEBUG c.g.d.z.s.o.a.hc.client5.http.wire - http-outgoing-3 &lt;&lt; &quot;[0x2][0x0][0x0][0x0][0x0][0x0][0x0]4/bin/bash: connect: Cannot assign requested address[\n]&quot;
22:48:44.214 [docker-java-stream--1505383931] DEBUG c.g.d.z.s.o.a.hc.client5.http.wire - http-outgoing-3 &lt;&lt; &quot;[0x2][0x0][0x0][0x0][0x0][0x0][0x0]D/bin/bash: /dev/tcp/localhost/8080: Cannot assign requested address[\n]&quot;
22:48:44.339 [docker-java-stream--1505383931] DEBUG c.g.d.z.s.o.a.hc.client5.http.wire - http-outgoing-3 &lt;&lt; &quot;[0x2][0x0][0x0][0x0][0x0][0x0][0x0][0xc]/bin/sh: 1: &quot;
22:48:44.339 [docker-java-stream--1505383931] DEBUG c.g.d.z.s.o.a.hc.client5.http.wire - http-outgoing-3 &lt;&lt; &quot;[0x2][0x0][0x0][0x0][0x0][0x0][0x0][\r]nc: not found&quot;
22:48:44.355 [docker-java-stream--1505383931] DEBUG c.g.d.z.s.o.a.hc.client5.http.wire - http-outgoing-3 &lt;&lt; &quot;[0x2][0x0][0x0][0x0][0x0][0x0][0x0][0x1][\n]&quot;
22:48:44.356 [docker-java-stream--1505383931] DEBUG c.g.d.z.s.o.a.hc.client5.http.wire - http-outgoing-3 &lt;&lt; &quot;[0x2][0x0][0x0][0x0][0x0][0x0][0x0]4/bin/bash: connect: Cannot assign requested address[\n]&quot;
22:48:44.368 [docker-java-stream--1505383931] DEBUG c.g.d.z.s.o.a.hc.client5.http.wire - http-outgoing-3 &lt;&lt; &quot;[0x2][0x0][0x0][0x0][0x0][0x0][0x0]D/bin/bash: /dev/tcp/localhost/8080: Cannot assign requested address[\n]&quot;
22:48:44.483 [docker-java-stream--1505383931] DEBUG c.g.d.z.s.o.a.hc.client5.http.wire - http-outgoing-3 &lt;&lt; &quot;[0x2][0x0][0x0][0x0][0x0][0x0][0x0][0xc]/bin/sh: 1: &quot;
22:48:44.484 [docker-java-stream--1505383931] DEBUG c.g.d.z.s.o.a.hc.client5.http.wire - http-outgoing-3 &lt;&lt; &quot;[0x2][0x0][0x0][0x0][0x0][0x0][0x0][\r]nc: not found&quot;
22:48:44.484 [docker-java-stream--1505383931] DEBUG c.g.d.z.s.o.a.hc.client5.http.wire - http-outgoing-3 &lt;&lt; &quot;[0x2][0x0][0x0][0x0][0x0][0x0][0x0][0x1][\n]&quot;
22:48:44.494 [docker-java-stream--1505383931] DEBUG c.g.d.z.s.o.a.hc.client5.http.wire - http-outgoing-3 &lt;&lt; &quot;[0x2][0x0][0x0][0x0][0x0][0x0][0x0]4/bin/bash: connect: Cannot assign requested address[\n]&quot;
22:48:44.496 [docker-java-stream--1505383931] DEBUG c.g.d.z.s.o.a.hc.client5.http.wire - http-outgoing-3 &lt;&lt; &quot;[0x2][0x0][0x0][0x0][0x0][0x0][0x0]D/bin/bash: /dev/tcp/localhost/8080: Cannot assign requested address[\n]&quot;
22:48:44.611 [docker-java-stream--1505383931] DEBUG c.g.d.z.s.o.a.hc.client5.http.wire - http-outgoing-3 &lt;&lt; &quot;[0x2][0x0][0x0][0x0][0x0][0x0][0x0][0xc]/bin/sh: 1: &quot;
22:48:44.612 [docker-java-stream--1505383931] DEBUG c.g.d.z.s.o.a.hc.client5.http.wire - http-outgoing-3 &lt;&lt; &quot;[0x2][0x0][0x0][0x0][0x0][0x0][0x0][\r]nc: not found&quot;
22:48:44.613 [docker-java-stream--1505383931] DEBUG c.g.d.z.s.o.a.hc.client5.http.wire - http-outgoing-3 &lt;&lt; &quot;[0x2][0x0][0x0][0x0][0x0][0x0][0x0][0x1][\n]&quot;
22:48:44.622 [docker-java-stream--1505383931] DEBUG c.g.d.z.s.o.a.hc.client5.http.wire - http-outgoing-3 &lt;&lt; &quot;[0x2][0x0][0x0][0x0][0x0][0x0][0x0]4/bin/bash: connect: Cannot assign requested address[\n]&quot;
22:48:44.625 [docker-java-stream--1505383931] DEBUG c.g.d.z.s.o.a.hc.client5.http.wire - http-outgoing-3 &lt;&lt; &quot;[0x2][0x0][0x0][0x0][0x0][0x0][0x0]D/bin/bash: /dev/tcp/localhost/8080: Cannot assign requested address[\n]&quot;
22:48:44.746 [docker-java-stream--1505383931] DEBUG c.g.d.z.s.o.a.hc.client5.http.wire - http-outgoing-3 &lt;&lt; &quot;[0x2][0x0][0x0][0x0][0x0][0x0][0x0][0xc]/bin/sh: 1: &quot;
22:48:44.749 [docker-java-stream--1505383931] DEBUG c.g.d.z.s.o.a.hc.client5.http.wire - http-outgoing-3 &lt;&lt; &quot;[0x2][0x0][0x0][0x0][0x0][0x0][0x0][\r]nc: not found&quot;
22:48:44.749 [docker-java-stream--1505383931] DEBUG c.g.d.z.s.o.a.hc.client5.http.wire - http-outgoing-3 &lt;&lt; &quot;[0x2][0x0][0x0][0x0][0x0][0x0][0x0][0x1][\n]&quot;
22:48:44.757 [docker-java-stream--1505383931] DEBUG c.g.d.z.s.o.a.hc.client5.http.wire - http-outgoing-3 &lt;&lt; &quot;[0x2][0x0][0x0][0x0][0x0][0x0][0x0]4/bin/bash: connect: Cannot assign requested address[\n]&quot;
22:48:44.758 [docker-java-stream--1505383931] DEBUG c.g.d.z.s.o.a.hc.client5.http.wire - http-outgoing-3 &lt;&lt; &quot;[0x2][0x0][0x0][0x0][0x0][0x0][0x0]D/bin/bash: /dev/tcp/localhost/8080: Cannot assign requested address[\n]&quot;
22:48:44.874 [docker-java-stream--1505383931] DEBUG c.g.d.z.s.o.a.hc.client5.http.wire - http-outgoing-3 &lt;&lt; &quot;[0x2][0x0][0x0][0x0][0x0][0x0][0x0][0xc]/bin/sh: 1: &quot;
22:48:44.877 [docker-java-stream--1505383931] DEBUG c.g.d.z.s.o.a.hc.client5.http.wire - http-outgoing-3 &lt;&lt; &quot;[0x2][0x0][0x0][0x0][0x0][0x0][0x0][\r]nc: not found&quot;
22:48:44.877 [docker-java-stream--1505383931] DEBUG c.g.d.z.s.o.a.hc.client5.http.wire - http-outgoing-3 &lt;&lt; &quot;[0x2][0x0][0x0][0x0][0x0][0x0][0x0][0x1][\n]&quot;
22:48:44.886 [docker-java-stream--1505383931] DEBUG c.g.d.z.s.o.a.hc.client5.http.wire - http-outgoing-3 &lt;&lt; &quot;[0x2][0x0][0x0][0x0][0x0][0x0][0x0]4/bin/bash: connect: Cannot assign requested address[\n]&quot;
22:48:44.886 [docker-java-stream--1505383931] DEBUG c.g.d.z.s.o.a.hc.client5.http.wire - http-outgoing-3 &lt;&lt; &quot;[0x2][0x0][0x0][0x0][0x0][0x0][0x0]D/bin/bash: /dev/tcp/localhost/8080: Cannot assign requested address[\n]&quot;
22:48:45.018 [docker-java-stream--1505383931] DEBUG c.g.d.z.s.o.a.hc.client5.http.wire - http-outgoing-3 &lt;&lt; &quot;[0x2][0x0][0x0][0x0][0x0][0x0][0x0][0xc]/bin/sh: 1: &quot;
22:48:45.019 [docker-java-stream--1505383931] DEBUG c.g.d.z.s.o.a.hc.client5.http.wire - http-outgoing-3 &lt;&lt; &quot;[0x2][0x0][0x0][0x0][0x0][0x0][0x0][\r]nc: not found&quot;
22:48:45.020 [docker-java-stream--1505383931] DEBUG c.g.d.z.s.o.a.hc.client5.http.wire - http-outgoing-3 &lt;&lt; &quot;[0x2][0x0][0x0][0x0][0x0][0x0][0x0][0x1][\n]&quot;
22:48:45.024 [docker-java-stream--1505383931] DEBUG c.g.d.z.s.o.a.hc.client5.http.wire - http-outgoing-3 &lt;&lt; &quot;[0x2][0x0][0x0][0x0][0x0][0x0][0x0]4/bin/bash: connect: Cannot assign requested address[\n]&quot;
22:48:45.026 [docker-java-stream--1505383931] DEBUG c.g.d.z.s.o.a.hc.client5.http.wire - http-outgoing-3 &lt;&lt; &quot;[0x2][0x0][0x0][0x0][0x0][0x0][0x0]D/bin/bash: /dev/tcp/localhost/8080: Cannot assign requested address[\n]&quot;
22:48:45.151 [docker-java-stream--1505383931] DEBUG c.g.d.z.s.o.a.hc.client5.http.wire - http-outgoing-3 &lt;&lt; &quot;[0x2][0x0][0x0][0x0][0x0][0x0][0x0][0xc]/bin/sh: 1: &quot;
22:48:45.153 [docker-java-stream--1505383931] DEBUG c.g.d.z.s.o.a.hc.client5.http.wire - http-outgoing-3 &lt;&lt; &quot;[0x2][0x0][0x0][0x0][0x0][0x0][0x0][\r]nc: not found&quot;
22:48:45.153 [docker-java-stream--1505383931] DEBUG c.g.d.z.s.o.a.hc.client5.http.wire - http-outgoing-3 &lt;&lt; &quot;[0x2][0x0][0x0][0x0][0x0][0x0][0x0][0x1][\n]&quot;
22:48:45.158 [docker-java-stream--1505383931] DEBUG c.g.d.z.s.o.a.hc.client5.http.wire - http-outgoing-3 &lt;&lt; &quot;[0x2][0x0][0x0][0x0][0x0][0x0][0x0]4/bin/bash: connect: Cannot assign requested address[\n]&quot;
22:48:45.162 [docker-java-stream--1505383931] DEBUG c.g.d.z.s.o.a.hc.client5.http.wire - http-outgoing-3 &lt;&lt; &quot;[0x2][0x0][0x0][0x0][0x0][0x0][0x0]D/bin/bash: /dev/tcp/localhost/8080: Cannot assign requested address[\n]&quot;
22:48:45.289 [docker-java-stream--1505383931] DEBUG c.g.d.z.s.o.a.hc.client5.http.wire - http-outgoing-3 &lt;&lt; &quot;[0x2][0x0][0x0][0x0][0x0][0x0][0x0][0xc]/bin/sh: 1: &quot;
22:48:45.290 [docker-java-stream--1505383931] DEBUG c.g.d.z.s.o.a.hc.client5.http.wire - http-outgoing-3 &lt;&lt; &quot;[0x2][0x0][0x0][0x0][0x0][0x0][0x0][\r]nc: not found&quot;
22:48:45.291 [docker-java-stream--1505383931] DEBUG c.g.d.z.s.o.a.hc.client5.http.wire - http-outgoing-3 &lt;&lt; &quot;[0x2][0x0][0x0][0x0][0x0][0x0][0x0][0x1][\n]&quot;
22:48:45.298 [docker-java-stream--1505383931] DEBUG c.g.d.z.s.o.a.hc.client5.http.wire - http-outgoing-3 &lt;&lt; &quot;[0x2][0x0][0x0][0x0][0x0][0x0][0x0]4/bin/bash: connect: Cannot assign requested address[\n]&quot;
22:48:45.299 [docker-java-stream--1505383931] DEBUG c.g.d.z.s.o.a.hc.client5.http.wire - http-outgoing-3 &lt;&lt; &quot;[0x2][0x0][0x0][0x0][0x0][0x0][0x0]D/bin/bash: /dev/tcp/localhost/8080: Cannot assign requested address[\n]&quot;
22:48:45.422 [docker-java-stream--1505383931] DEBUG c.g.d.z.s.o.a.hc.client5.http.wire - http-outgoing-3 &lt;&lt; &quot;[0x2][0x0][0x0][0x0][0x0][0x0][0x0][0xc]/bin/sh: 1: &quot;
22:48:45.423 [docker-java-stream--1505383931] DEBUG c.g.d.z.s.o.a.hc.client5.http.wire - http-outgoing-3 &lt;&lt; &quot;[0x2][0x0][0x0][0x0][0x0][0x0][0x0][\r]nc: not found&quot;
22:48:45.424 [docker-java-stream--1505383931] DEBUG c.g.d.z.s.o.a.hc.client5.http.wire - http-outgoing-3 &lt;&lt; &quot;[0x2][0x0][0x0][0x0][0x0][0x0][0x0][0x1][\n]&quot;
22:48:45.444 [docker-java-stream--1505383931] DEBUG c.g.d.z.s.o.a.hc.client5.http.wire - http-outgoing-3 &lt;&lt; &quot;[0x2][0x0][0x0][0x0][0x0][0x0][0x0]4/bin/bash: connect: Cannot assign requested address[\n]&quot;
22:48:45.445 [docker-java-stream--1505383931] DEBUG c.g.d.z.s.o.a.hc.client5.http.wire - http-outgoing-3 &lt;&lt; &quot;[0x2][0x0][0x0][0x0][0x0][0x0][0x0]D/bin/bash: /dev/tcp/localhost/8080: Cannot assign requested address[\n]&quot;
22:48:45.566 [docker-java-stream--1505383931] DEBUG c.g.d.z.s.o.a.hc.client5.http.wire - http-outgoing-3 &lt;&lt; &quot;[0x2][0x0][0x0][0x0][0x0][0x0][0x0][0xc]/bin/sh: 1: &quot;
22:48:45.567 [docker-java-stream--1505383931] DEBUG c.g.d.z.s.o.a.hc.client5.http.wire - http-outgoing-3 &lt;&lt; &quot;[0x2][0x0][0x0][0x0][0x0][0x0][0x0][\r]nc: not found&quot;
22:48:45.567 [docker-java-stream--1505383931] DEBUG c.g.d.z.s.o.a.hc.client5.http.wire - http-outgoing-3 &lt;&lt; &quot;[0x2][0x0][0x0][0x0][0x0][0x0][0x0][0x1][\n]&quot;
22:48:45.575 [docker-java-stream--1505383931] DEBUG c.g.d.z.s.o.a.hc.client5.http.wire - http-outgoing-3 &lt;&lt; &quot;[0x2][0x0][0x0][0x0][0x0][0x0][0x0]4/bin/bash: connect: Cannot assign requested address[\n]&quot;
22:48:45.585 [docker-java-stream--1505383931] DEBUG c.g.d.z.s.o.a.hc.client5.http.wire - http-outgoing-3 &lt;&lt; &quot;[0x2][0x0][0x0][0x0][0x0][0x0][0x0]D/bin/bash: /dev/tcp/localhost/8080: Cannot assign requested address[\n]&quot;
22:48:45.705 [docker-java-stream--1505383931] DEBUG c.g.d.z.s.o.a.hc.client5.http.wire - http-outgoing-3 &lt;&lt; &quot;[0x2][0x0][0x0][0x0][0x0][0x0][0x0][0xc]/bin/sh: 1: &quot;
22:48:45.706 [docker-java-stream--1505383931] DEBUG c.g.d.z.s.o.a.hc.client5.http.wire - http-outgoing-3 &lt;&lt; &quot;[0x2][0x0][0x0][0x0][0x0][0x0][0x0][\r]nc: not found&quot;
22:48:45.706 [docker-java-stream--1505383931] DEBUG c.g.d.z.s.o.a.hc.client5.http.wire - http-outgoing-3 &lt;&lt; &quot;[0x2][0x0][0x0][0x0][0x0][0x0][0x0][0x1][\n]&quot;
22:48:45.712 [docker-java-stream--1505383931] DEBUG c.g.d.z.s.o.a.hc.client5.http.wire - http-outgoing-3 &lt;&lt; &quot;[0x2][0x0][0x0][0x0][0x0][0x0][0x0]4/bin/bash: connect: Cannot assign requested address[\n]&quot;
22:48:45.716 [docker-java-stream--1505383931] DEBUG c.g.d.z.s.o.a.hc.client5.http.wire - http-outgoing-3 &lt;&lt; &quot;[0x2][0x0][0x0][0x0][0x0][0x0][0x0]D/bin/bash: /dev/tcp/localhost/8080: Cannot assign requested address[\n]&quot;
22:48:45.845 [docker-java-stream--1505383931] DEBUG c.g.d.z.s.o.a.hc.client5.http.wire - http-outgoing-3 &lt;&lt; &quot;[0x2][0x0][0x0][0x0][0x0][0x0][0x0][0xc]/bin/sh: 1: &quot;
22:48:45.852 [docker-java-stream--1505383931] DEBUG c.g.d.z.s.o.a.hc.client5.http.wire - http-outgoing-3 &lt;&lt; &quot;[0x2][0x0][0x0][0x0][0x0][0x0][0x0][\r]nc: not found&quot;
22:48:45.852 [docker-java-stream--1505383931] DEBUG c.g.d.z.s.o.a.hc.client5.http.wire - http-outgoing-3 &lt;&lt; &quot;[0x2][0x0][0x0][0x0][0x0][0x0][0x0][0x1][\n]&quot;
22:48:45.861 [docker-java-stream--1505383931] DEBUG c.g.d.z.s.o.a.hc.client5.http.wire - http-outgoing-3 &lt;&lt; &quot;[0x2][0x0][0x0][0x0][0x0][0x0][0x0]4/bin/bash: connect: Cannot assign requested address[\n]&quot;
22:48:45.861 [docker-java-stream--1505383931] DEBUG c.g.d.z.s.o.a.hc.client5.http.wire - http-outgoing-3 &lt;&lt; &quot;[0x2][0x0][0x0][0x0][0x0][0x0][0x0]D/bin/bash: /dev/tcp/localhost/8080: Cannot assign requested address[\n]&quot;
22:48:45.985 [docker-java-stream--1505383931] DEBUG c.g.d.z.s.o.a.hc.client5.http.wire - http-outgoing-3 &lt;&lt; &quot;[0x2][0x0][0x0][0x0][0x0][0x0][0x0][0xc]/bin/sh: 1: &quot;
22:48:45.987 [docker-java-stream--1505383931] DEBUG c.g.d.z.s.o.a.hc.client5.http.wire - http-outgoing-3 &lt;&lt; &quot;[0x2][0x0][0x0][0x0][0x0][0x0][0x0][\r]nc: not found&quot;
22:48:45.987 [docker-java-stream--1505383931] DEBUG c.g.d.z.s.o.a.hc.client5.http.wire - http-outgoing-3 &lt;&lt; &quot;[0x2][0x0][0x0][0x0][0x0][0x0][0x0][0x1][\n]&quot;
22:48:45.999 [docker-java-stream--1505383931] DEBUG c.g.d.z.s.o.a.hc.client5.http.wire - http-outgoing-3 &lt;&lt; &quot;[0x2][0x0][0x0][0x0][0x0][0x0][0x0]4/bin/bash: connect: Cannot assign requested address[\n]&quot;
22:48:46.000 [docker-java-stream--1505383931] DEBUG c.g.d.z.s.o.a.hc.client5.http.wire - http-outgoing-3 &lt;&lt; &quot;[0x2][0x0][0x0][0x0][0x0][0x0][0x0]D/bin/bash: /dev/tcp/localhost/8080: Cannot assign requested address[\n]&quot;
22:48:46.123 [docker-java-stream--1505383931] DEBUG c.g.d.z.s.o.a.hc.client5.http.wire - http-outgoing-3 &lt;&lt; &quot;[0x2][0x0][0x0][0x0][0x0][0x0][0x0][0xc]/bin/sh: 1: &quot;
22:48:46.124 [docker-java-stream--1505383931] DEBUG c.g.d.z.s.o.a.hc.client5.http.wire - http-outgoing-3 &lt;&lt; &quot;[0x2][0x0][0x0][0x0][0x0][0x0][0x0][\r]nc: not found&quot;
22:48:46.124 [docker-java-stream--1505383931] DEBUG c.g.d.z.s.o.a.hc.client5.http.wire - http-outgoing-3 &lt;&lt; &quot;[0x2][0x0][0x0][0x0][0x0][0x0][0x0][0x1][\n]&quot;
22:48:46.132 [docker-java-stream--1505383931] DEBUG c.g.d.z.s.o.a.hc.client5.http.wire - http-outgoing-3 &lt;&lt; &quot;[0x2][0x0][0x0][0x0][0x0][0x0][0x0]4/bin/bash: connect: Cannot assign requested address[\n]&quot;
22:48:46.133 [docker-java-stream--1505383931] DEBUG c.g.d.z.s.o.a.hc.client5.http.wire - http-outgoing-3 &lt;&lt; &quot;[0x2][0x0][0x0][0x0][0x0][0x0][0x0]D/bin/bash: /dev/tcp/localhost/8080: Cannot assign requested address[\n]&quot;
22:48:46.251 [docker-java-stream--1505383931] DEBUG c.g.d.z.s.o.a.hc.client5.http.wire - http-outgoing-3 &lt;&lt; &quot;[0x2][0x0][0x0][0x0][0x0][0x0][0x0][0xc]/bin/sh: 1: &quot;
22:48:46.253 [docker-java-stream--1505383931] DEBUG c.g.d.z.s.o.a.hc.client5.http.wire - http-outgoing-3 &lt;&lt; &quot;[0x2][0x0][0x0][0x0][0x0][0x0][0x0][\r]nc: not found&quot;
22:48:46.253 [docker-java-stream--1505383931] DEBUG c.g.d.z.s.o.a.hc.client5.http.wire - http-outgoing-3 &lt;&lt; &quot;[0x2][0x0][0x0][0x0][0x0][0x0][0x0][0x1][\n]&quot;
22:48:46.263 [docker-java-stream--1505383931] DEBUG c.g.d.z.s.o.a.hc.client5.http.wire - http-outgoing-3 &lt;&lt; &quot;[0x2][0x0][0x0][0x0][0x0][0x0][0x0]4/bin/bash: connect: Cannot assign requested address[\n]&quot;
22:48:46.264 [docker-java-stream--1505383931] DEBUG c.g.d.z.s.o.a.hc.client5.http.wire - http-outgoing-3 &lt;&lt; &quot;[0x2][0x0][0x0][0x0][0x0][0x0][0x0]D/bin/bash: /dev/tcp/localhost/8080: Cannot assign requested address[\n]&quot;
22:48:46.392 [docker-java-stream--1505383931] DEBUG c.g.d.z.s.o.a.hc.client5.http.wire - http-outgoing-3 &lt;&lt; &quot;[0x2][0x0][0x0][0x0][0x0][0x0][0x0][0xc]/bin/sh: 1: &quot;
22:48:46.393 [docker-java-stream--1505383931] DEBUG c.g.d.z.s.o.a.hc.client5.http.wire - http-outgoing-3 &lt;&lt; &quot;[0x2][0x0][0x0][0x0][0x0][0x0][0x0][\r]nc: not found&quot;
22:48:46.394 [docker-java-stream--1505383931] DEBUG c.g.d.z.s.o.a.hc.client5.http.wire - http-outgoing-3 &lt;&lt; &quot;[0x2][0x0][0x0][0x0][0x0][0x0][0x0][0x1][\n]&quot;
22:48:46.410 [docker-java-stream--1505383931] DEBUG c.g.d.z.s.o.a.hc.client5.http.wire - http-outgoing-3 &lt;&lt; &quot;[0x2][0x0][0x0][0x0][0x0][0x0][0x0]4/bin/bash: connect: Cannot assign requested address[\n]&quot;
22:48:46.410 [docker-java-stream--1505383931] DEBUG c.g.d.z.s.o.a.hc.client5.http.wire - http-outgoing-3 &lt;&lt; &quot;[0x2][0x0][0x0][0x0][0x0][0x0][0x0]D/bin/bash: /dev/tcp/localhost/8080: Cannot assign requested address[\n]&quot;
22:48:46.528 [docker-java-stream--1505383931] DEBUG c.g.d.z.s.o.a.hc.client5.http.wire - http-outgoing-3 &lt;&lt; &quot;[0x2][0x0][0x0][0x0][0x0][0x0][0x0][0xc]/bin/sh: 1: &quot;
22:48:46.530 [docker-java-stream--1505383931] DEBUG c.g.d.z.s.o.a.hc.client5.http.wire - http-outgoing-3 &lt;&lt; &quot;[0x2][0x0][0x0][0x0][0x0][0x0][0x0][\r]nc: not found&quot;
22:48:46.530 [docker-java-stream--1505383931] DEBUG c.g.d.z.s.o.a.hc.client5.http.wire - http-outgoing-3 &lt;&lt; &quot;[0x2][0x0][0x0][0x0][0x0][0x0][0x0][0x1][\n]&quot;
22:48:46.540 [docker-java-stream--1505383931] DEBUG c.g.d.z.s.o.a.hc.client5.http.wire - http-outgoing-3 &lt;&lt; &quot;[0x2][0x0][0x0][0x0][0x0][0x0][0x0]4/bin/bash: connect: Cannot assign requested address[\n]&quot;
22:48:46.541 [docker-java-stream--1505383931] DEBUG c.g.d.z.s.o.a.hc.client5.http.wire - http-outgoing-3 &lt;&lt; &quot;[0x2][0x0][0x0][0x0][0x0][0x0][0x0]D/bin/bash: /dev/tcp/localhost/8080: Cannot assign requested address[\n]&quot;
22:48:46.661 [docker-java-stream--1505383931] DEBUG c.g.d.z.s.o.a.hc.client5.http.wire - http-outgoing-3 &lt;&lt; &quot;[0x2][0x0][0x0][0x0][0x0][0x0][0x0][0xc]/bin/sh: 1: &quot;
22:48:46.662 [docker-java-stream--1505383931] DEBUG c.g.d.z.s.o.a.hc.client5.http.wire - http-outgoing-3 &lt;&lt; &quot;[0x2][0x0][0x0][0x0][0x0][0x0][0x0][\r]nc: not found&quot;
22:48:46.662 [docker-java-stream--1505383931] DEBUG c.g.d.z.s.o.a.hc.client5.http.wire - http-outgoing-3 &lt;&lt; &quot;[0x2][0x0][0x0][0x0][0x0][0x0][0x0][0x1][\n]&quot;
22:48:46.676 [docker-java-stream--1505383931] DEBUG c.g.d.z.s.o.a.hc.client5.http.wire - http-outgoing-3 &lt;&lt; &quot;[0x2][0x0][0x0][0x0][0x0][0x0][0x0]4/bin/bash: connect: Cannot assign requested address[\n]&quot;
22:48:46.677 [docker-java-stream--1505383931] DEBUG c.g.d.z.s.o.a.hc.client5.http.wire - http-outgoing-3 &lt;&lt; &quot;[0x2][0x0][0x0][0x0][0x0][0x0][0x0]D/bin/bash: /dev/tcp/localhost/8080: Cannot assign requested address[\n]&quot;
22:48:46.805 [docker-java-stream--1505383931] DEBUG c.g.d.z.s.o.a.hc.client5.http.wire - http-outgoing-3 &lt;&lt; &quot;[0x2][0x0][0x0][0x0][0x0][0x0][0x0][0xc]/bin/sh: 1: &quot;
22:48:46.805 [docker-java-stream--1505383931] DEBUG c.g.d.z.s.o.a.hc.client5.http.wire - http-outgoing-3 &lt;&lt; &quot;[0x2][0x0][0x0][0x0][0x0][0x0][0x0][\r]nc: not found&quot;
22:48:46.806 [docker-java-stream--1505383931] DEBUG c.g.d.z.s.o.a.hc.client5.http.wire - http-outgoing-3 &lt;&lt; &quot;[0x2][0x0][0x0][0x0][0x0][0x0][0x0][0x1][\n]&quot;
22:48:46.817 [docker-java-stream--1505383931] DEBUG c.g.d.z.s.o.a.hc.client5.http.wire - http-outgoing-3 &lt;&lt; &quot;[0x2][0x0][0x0][0x0][0x0][0x0][0x0]4/bin/bash: connect: Cannot assign requested address[\n]&quot;
22:48:46.818 [docker-java-stream--1505383931] DEBUG c.g.d.z.s.o.a.hc.client5.http.wire - http-outgoing-3 &lt;&lt; &quot;[0x2][0x0][0x0][0x0][0x0][0x0][0x0]D/bin/bash: /dev/tcp/localhost/8080: Cannot assign requested address[\n]&quot;
22:48:46.953 [docker-java-stream--1505383931] DEBUG c.g.d.z.s.o.a.hc.client5.http.wire - http-outgoing-3 &lt;&lt; &quot;[0x2][0x0][0x0][0x0][0x0][0x0][0x0][0xc]/bin/sh: 1: &quot;
22:48:46.953 [docker-java-stream--1505383931] DEBUG c.g.d.z.s.o.a.hc.client5.http.wire - http-outgoing-3 &lt;&lt; &quot;[0x2][0x0][0x0][0x0][0x0][0x0][0x0][\r]nc: not found&quot;
22:48:46.953 [docker-java-stream--1505383931] DEBUG c.g.d.z.s.o.a.hc.client5.http.wire - http-outgoing-3 &lt;&lt; &quot;[0x2][0x0][0x0][0x0][0x0][0x0][0x0][0x1][\n]&quot;
22:48:46.963 [docker-java-stream--1505383931] DEBUG c.g.d.z.s.o.a.hc.client5.http.wire - http-outgoing-3 &lt;&lt; &quot;[0x2][0x0][0x0][0x0][0x0][0x0][0x0]4/bin/bash: connect: Cannot assign requested address[\n]&quot;
22:48:46.970 [docker-java-stream--1505383931] DEBUG c.g.d.z.s.o.a.hc.client5.http.wire - http-outgoing-3 &lt;&lt; &quot;[0x2][0x0][0x0][0x0][0x0][0x0][0x0]D/bin/bash: /dev/tcp/localhost/8080: Cannot assign requested address[\n]&quot;
22:48:47.114 [docker-java-stream--1505383931] DEBUG c.g.d.z.s.o.a.hc.client5.http.wire - http-outgoing-3 &lt;&lt; &quot;[0x2][0x0][0x0][0x0][0x0][0x0][0x0][0xc]/bin/sh: 1: &quot;
22:48:47.114 [docker-java-stream--1505383931] DEBUG c.g.d.z.s.o.a.hc.client5.http.wire - http-outgoing-3 &lt;&lt; &quot;[0x2][0x0][0x0][0x0][0x0][0x0][0x0][\r]nc: not found&quot;
22:48:47.114 [docker-java-stream--1505383931] DEBUG c.g.d.z.s.o.a.hc.client5.http.wire - http-outgoing-3 &lt;&lt; &quot;[0x2][0x0][0x0][0x0][0x0][0x0][0x0][0x1][\n]&quot;
22:48:47.140 [docker-java-stream--1505383931] DEBUG c.g.d.z.s.o.a.hc.client5.http.wire - http-outgoing-3 &lt;&lt; &quot;[0x2][0x0][0x0][0x0][0x0][0x0][0x0]4/bin/bash: connect: Cannot assign requested address[\n]&quot;
22:48:47.144 [docker-java-stream--1505383931] DEBUG c.g.d.z.s.o.a.hc.client5.http.wire - http-outgoing-3 &lt;&lt; &quot;[0x2][0x0][0x0][0x0][0x0][0x0][0x0]D/bin/bash: /dev/tcp/localhost/8080: Cannot assign requested address[\n]&quot;
22:48:47.284 [docker-java-stream--1505383931] DEBUG c.g.d.z.s.o.a.hc.client5.http.wire - http-outgoing-3 &lt;&lt; &quot;[0x2][0x0][0x0][0x0][0x0][0x0][0x0][0xc]/bin/sh: 1: &quot;
22:48:47.285 [docker-java-stream--1505383931] DEBUG c.g.d.z.s.o.a.hc.client5.http.wire - http-outgoing-3 &lt;&lt; &quot;[0x2][0x0][0x0][0x0][0x0][0x0][0x0][\r]nc: not found&quot;
22:48:47.286 [docker-java-stream--1505383931] DEBUG c.g.d.z.s.o.a.hc.client5.http.wire - http-outgoing-3 &lt;&lt; &quot;[0x2][0x0][0x0][0x0][0x0][0x0][0x0][0x1][\n]&quot;
22:48:47.294 [docker-java-stream--1505383931] DEBUG c.g.d.z.s.o.a.hc.client5.http.wire - http-outgoing-3 &lt;&lt; &quot;[0x2][0x0][0x0][0x0][0x0][0x0][0x0]4/bin/bash: connect: Cannot assign requested address[\n]&quot;
22:48:47.297 [docker-java-stream--1505383931] DEBUG c.g.d.z.s.o.a.hc.client5.http.wire - http-outgoing-3 &lt;&lt; &quot;[0x2][0x0][0x0][0x0][0x0][0x0][0x0]D/bin/bash: /dev/tcp/localhost/8080: Cannot assign requested address[\n]&quot;
22:48:47.426 [docker-java-stream--1505383931] DEBUG c.g.d.z.s.o.a.hc.client5.http.wire - http-outgoing-3 &lt;&lt; &quot;[0x2][0x0][0x0][0x0][0x0][0x0][0x0][0xc]/bin/sh: 1: &quot;
22:48:47.427 [docker-java-stream--1505383931] DEBUG c.g.d.z.s.o.a.hc.client5.http.wire - http-outgoing-3 &lt;&lt; &quot;[0x2][0x0][0x0][0x0][0x0][0x0][0x0][\r]nc: not found&quot;
22:48:47.428 [docker-java-stream--1505383931] DEBUG c.g.d.z.s.o.a.hc.client5.http.wire - http-outgoing-3 &lt;&lt; &quot;[0x2][0x0][0x0][0x0][0x0][0x0][0x0][0x1][\n]&quot;
22:48:47.440 [docker-java-stream--1505383931] DEBUG c.g.d.z.s.o.a.hc.client5.http.wire - http-outgoing-3 &lt;&lt; &quot;[0x2][0x0][0x0][0x0][0x0][0x0][0x0]4/bin/bash: connect: Cannot assign requested address[\n]&quot;
22:48:47.443 [docker-java-stream--1505383931] DEBUG c.g.d.z.s.o.a.hc.client5.http.wire - http-outgoing-3 &lt;&lt; &quot;[0x2][0x0][0x0][0x0][0x0][0x0][0x0]D/bin/bash: /dev/tcp/localhost/8080: Cannot assign requested address[\n]&quot;
22:48:47.572 [docker-java-stream--1505383931] DEBUG c.g.d.z.s.o.a.hc.client5.http.wire - http-outgoing-3 &lt;&lt; &quot;[0x2][0x0][0x0][0x0][0x0][0x0][0x0][0xc]/bin/sh: 1: &quot;
22:48:47.573 [docker-java-stream--1505383931] DEBUG c.g.d.z.s.o.a.hc.client5.http.wire - http-outgoing-3 &lt;&lt; &quot;[0x2][0x0][0x0][0x0][0x0][0x0][0x0][\r]nc: not found&quot;
22:48:47.573 [docker-java-stream--1505383931] DEBUG c.g.d.z.s.o.a.hc.client5.http.wire - http-outgoing-3 &lt;&lt; &quot;[0x2][0x0][0x0][0x0][0x0][0x0][0x0][0x1][\n]&quot;
22:48:47.582 [docker-java-stream--1505383931] DEBUG c.g.d.z.s.o.a.hc.client5.http.wire - http-outgoing-3 &lt;&lt; &quot;[0x2][0x0][0x0][0x0][0x0][0x0][0x0]4/bin/bash: connect: Cannot assign requested address[\n]&quot;
22:48:47.583 [docker-java-stream--1505383931] DEBUG c.g.d.z.s.o.a.hc.client5.http.wire - http-outgoing-3 &lt;&lt; &quot;[0x2][0x0][0x0][0x0][0x0][0x0][0x0]D/bin/bash: /dev/tcp/localhost/8080: Cannot assign requested address[\n]&quot;
22:48:47.707 [docker-java-stream--1505383931] DEBUG c.g.d.z.s.o.a.hc.client5.http.wire - http-outgoing-3 &lt;&lt; &quot;[0x2][0x0][0x0][0x0][0x0][0x0][0x0][0xc]/bin/sh: 1: &quot;
22:48:47.707 [docker-java-stream--1505383931] DEBUG c.g.d.z.s.o.a.hc.client5.http.wire - http-outgoing-3 &lt;&lt; &quot;[0x2][0x0][0x0][0x0][0x0][0x0][0x0][\r]nc: not found&quot;
22:48:47.707 [docker-java-stream--1505383931] DEBUG c.g.d.z.s.o.a.hc.client5.http.wire - http-outgoing-3 &lt;&lt; &quot;[0x2][0x0][0x0][0x0][0x0][0x0][0x0][0x1][\n]&quot;
22:48:47.718 [docker-java-stream--1505383931] DEBUG c.g.d.z.s.o.a.hc.client5.http.wire - http-outgoing-3 &lt;&lt; &quot;[0x2][0x0][0x0][0x0][0x0][0x0][0x0]4/bin/bash: connect: Cannot assign requested address[\n]&quot;
22:48:47.723 [docker-java-stream--1505383931] DEBUG c.g.d.z.s.o.a.hc.client5.http.wire - http-outgoing-3 &lt;&lt; &quot;[0x2][0x0][0x0][0x0][0x0][0x0][0x0]D/bin/bash: /dev/tcp/localhost/8080: Cannot assign requested address[\n]&quot;
22:48:47.844 [docker-java-stream--1505383931] DEBUG c.g.d.z.s.o.a.hc.client5.http.wire - http-outgoing-3 &lt;&lt; &quot;[0x2][0x0][0x0][0x0][0x0][0x0][0x0][0xc]/bin/sh: 1: &quot;
22:48:47.845 [docker-java-stream--1505383931] DEBUG c.g.d.z.s.o.a.hc.client5.http.wire - http-outgoing-3 &lt;&lt; &quot;[0x2][0x0][0x0][0x0][0x0][0x0][0x0][\r]nc: not found&quot;
22:48:47.845 [docker-java-stream--1505383931] DEBUG c.g.d.z.s.o.a.hc.client5.http.wire - http-outgoing-3 &lt;&lt; &quot;[0x2][0x0][0x0][0x0][0x0][0x0][0x0][0x1][\n]&quot;
22:48:47.861 [docker-java-stream--1505383931] DEBUG c.g.d.z.s.o.a.hc.client5.http.wire - http-outgoing-3 &lt;&lt; &quot;[0x2][0x0][0x0][0x0][0x0][0x0][0x0]4/bin/bash: connect: Cannot assign requested address[\n]&quot;
22:48:47.861 [docker-java-stream--1505383931] DEBUG c.g.d.z.s.o.a.hc.client5.http.wire - http-outgoing-3 &lt;&lt; &quot;[0x2][0x0][0x0][0x0][0x0][0x0][0x0]D/bin/bash: /dev/tcp/localhost/8080: Cannot assign requested address[\n]&quot;
22:48:47.981 [docker-java-stream--1505383931] DEBUG c.g.d.z.s.o.a.hc.client5.http.wire - http-outgoing-3 &lt;&lt; &quot;[0x2][0x0][0x0][0x0][0x0][0x0][0x0][0xc]/bin/sh: 1: &quot;
22:48:47.982 [docker-java-stream--1505383931] DEBUG c.g.d.z.s.o.a.hc.client5.http.wire - http-outgoing-3 &lt;&lt; &quot;[0x2][0x0][0x0][0x0][0x0][0x0][0x0][\r]nc: not found&quot;
22:48:47.982 [docker-java-stream--1505383931] DEBUG c.g.d.z.s.o.a.hc.client5.http.wire - http-outgoing-3 &lt;&lt; &quot;[0x2][0x0][0x0][0x0][0x0][0x0][0x0][0x1][\n]&quot;
22:48:47.998 [docker-java-stream--1505383931] DEBUG c.g.d.z.s.o.a.hc.client5.http.wire - http-outgoing-3 &lt;&lt; &quot;[0x2][0x0][0x0][0x0][0x0][0x0][0x0]4/bin/bash: connect: Cannot assign requested address[\n]&quot;
22:48:48.001 [docker-java-stream--1505383931] DEBUG c.g.d.z.s.o.a.hc.client5.http.wire - http-outgoing-3 &lt;&lt; &quot;[0x2][0x0][0x0][0x0][0x0][0x0][0x0]D/bin/bash: /dev/tcp/localhost/8080: Cannot assign requested address[\n]&quot;
22:48:48.117 [docker-java-stream--1505383931] DEBUG c.g.d.z.s.o.a.hc.client5.http.wire - http-outgoing-3 &lt;&lt; &quot;[0x2][0x0][0x0][0x0][0x0][0x0][0x0][0xc]/bin/sh: 1: &quot;
22:48:48.119 [docker-java-stream--1505383931] DEBUG c.g.d.z.s.o.a.hc.client5.http.wire - http-outgoing-3 &lt;&lt; &quot;[0x2][0x0][0x0][0x0][0x0][0x0][0x0][\r]nc: not found&quot;
22:48:48.119 [docker-java-stream--1505383931] DEBUG c.g.d.z.s.o.a.hc.client5.http.wire - http-outgoing-3 &lt;&lt; &quot;[0x2][0x0][0x0][0x0][0x0][0x0][0x0][0x1][\n]&quot;
22:48:48.134 [docker-java-stream--1505383931] DEBUG c.g.d.z.s.o.a.hc.client5.http.wire - http-outgoing-3 &lt;&lt; &quot;[0x2][0x0][0x0][0x0][0x0][0x0][0x0]4/bin/bash: connect: Cannot assign requested address[\n]&quot;
22:48:48.148 [docker-java-stream--1505383931] DEBUG c.g.d.z.s.o.a.hc.client5.http.wire - http-outgoing-3 &lt;&lt; &quot;[0x2][0x0][0x0][0x0][0x0][0x0][0x0]D/bin/bash: /dev/tcp/localhost/8080: Cannot assign requested address[\n]&quot;
22:48:48.272 [docker-java-stream--1505383931] DEBUG c.g.d.z.s.o.a.hc.client5.http.wire - http-outgoing-3 &lt;&lt; &quot;[0x2][0x0][0x0][0x0][0x0][0x0][0x0][0xc]/bin/sh: 1: &quot;
22:48:48.274 [docker-java-stream--1505383931] DEBUG c.g.d.z.s.o.a.hc.client5.http.wire - http-outgoing-3 &lt;&lt; &quot;[0x2][0x0][0x0][0x0][0x0][0x0][0x0][\r]nc: not found&quot;
22:48:48.274 [docker-java-stream--1505383931] DEBUG c.g.d.z.s.o.a.hc.client5.http.wire - http-outgoing-3 &lt;&lt; &quot;[0x2][0x0][0x0][0x0][0x0][0x0][0x0][0x1][\n]&quot;
22:48:48.282 [docker-java-stream--1505383931] DEBUG c.g.d.z.s.o.a.hc.client5.http.wire - http-outgoing-3 &lt;&lt; &quot;[0x2][0x0][0x0][0x0][0x0][0x0][0x0]4/bin/bash: connect: Cannot assign requested address[\n]&quot;
22:48:48.283 [docker-java-stream--1505383931] DEBUG c.g.d.z.s.o.a.hc.client5.http.wire - http-outgoing-3 &lt;&lt; &quot;[0x2][0x0][0x0][0x0][0x0][0x0][0x0]D/bin/bash: /dev/tcp/localhost/8080: Cannot assign requested address[\n]&quot;
22:48:48.395 [docker-java-stream--1505383931] DEBUG c.g.d.z.s.o.a.hc.client5.http.wire - http-outgoing-3 &lt;&lt; &quot;[0x2][0x0][0x0][0x0][0x0][0x0][0x0][0xc]/bin/sh: 1: &quot;
22:48:48.397 [docker-java-stream--1505383931] DEBUG c.g.d.z.s.o.a.hc.client5.http.wire - http-outgoing-3 &lt;&lt; &quot;[0x2][0x0][0x0][0x0][0x0][0x0][0x0][\r]nc: not found&quot;
22:48:48.397 [docker-java-stream--1505383931] DEBUG c.g.d.z.s.o.a.hc.client5.http.wire - http-outgoing-3 &lt;&lt; &quot;[0x2][0x0][0x0][0x0][0x0][0x0][0x0][0x1][\n]&quot;
22:48:48.411 [docker-java-stream--1505383931] DEBUG c.g.d.z.s.o.a.hc.client5.http.wire - http-outgoing-3 &lt;&lt; &quot;[0x2][0x0][0x0][0x0][0x0][0x0][0x0]4/bin/bash: connect: Cannot assign requested address[\n]&quot;
22:48:48.413 [docker-java-stream--1505383931] DEBUG c.g.d.z.s.o.a.hc.client5.http.wire - http-outgoing-3 &lt;&lt; &quot;[0x2][0x0][0x0][0x0][0x0][0x0][0x0]D/bin/bash: /dev/tcp/localhost/8080: Cannot assign requested address[\n]&quot;
22:48:48.529 [docker-java-stream--1505383931] DEBUG c.g.d.z.s.o.a.hc.client5.http.wire - http-outgoing-3 &lt;&lt; &quot;[0x2][0x0][0x0][0x0][0x0][0x0][0x0][0xc]/bin/sh: 1: &quot;
22:48:48.529 [docker-java-stream--1505383931] DEBUG c.g.d.z.s.o.a.hc.client5.http.wire - http-outgoing-3 &lt;&lt; &quot;[0x2][0x0][0x0][0x0][0x0][0x0][0x0][\r]nc: not found&quot;
22:48:48.530 [docker-java-stream--1505383931] DEBUG c.g.d.z.s.o.a.hc.client5.http.wire - http-outgoing-3 &lt;&lt; &quot;[0x2][0x0][0x0][0x0][0x0][0x0][0x0][0x1][\n]&quot;
22:48:48.537 [docker-java-stream--1505383931] DEBUG c.g.d.z.s.o.a.hc.client5.http.wire - http-outgoing-3 &lt;&lt; &quot;[0x2][0x0][0x0][0x0][0x0][0x0][0x0]4/bin/bash: connect: Cannot assign requested address[\n]&quot;
22:48:48.537 [docker-java-stream--1505383931] DEBUG c.g.d.z.s.o.a.hc.client5.http.wire - http-outgoing-3 &lt;&lt; &quot;[0x2][0x0][0x0][0x0][0x0][0x0][0x0]D/bin/bash: /dev/tcp/localhost/8080: Cannot assign requested address[\n]&quot;
22:48:48.665 [docker-java-stream--1505383931] DEBUG c.g.d.z.s.o.a.hc.client5.http.wire - http-outgoing-3 &lt;&lt; &quot;[0x2][0x0][0x0][0x0][0x0][0x0][0x0][0xc]/bin/sh: 1: &quot;
22:48:48.667 [docker-java-stream--1505383931] DEBUG c.g.d.z.s.o.a.hc.client5.http.wire - http-outgoing-3 &lt;&lt; &quot;[0x2][0x0][0x0][0x0][0x0][0x0][0x0][\r]nc: not found&quot;
22:48:48.667 [docker-java-stream--1505383931] DEBUG c.g.d.z.s.o.a.hc.client5.http.wire - http-outgoing-3 &lt;&lt; &quot;[0x2][0x0][0x0][0x0][0x0][0x0][0x0][0x1][\n]&quot;
22:48:48.676 [docker-java-stream--1505383931] DEBUG c.g.d.z.s.o.a.hc.client5.http.wire - http-outgoing-3 &lt;&lt; &quot;[0x2][0x0][0x0][0x0][0x0][0x0][0x0]4/bin/bash: connect: Cannot assign requested address[\n]&quot;
22:48:48.677 [docker-java-stream--1505383931] DEBUG c.g.d.z.s.o.a.hc.client5.http.wire - http-outgoing-3 &lt;&lt; &quot;[0x2][0x0][0x0][0x0][0x0][0x0][0x0]D/bin/bash: /dev/tcp/localhost/8080: Cannot assign requested address[\n]&quot;
22:48:48.811 [docker-java-stream--1505383931] DEBUG c.g.d.z.s.o.a.hc.client5.http.wire - http-outgoing-3 &lt;&lt; &quot;[0x2][0x0][0x0][0x0][0x0][0x0][0x0][0xc]/bin/sh: 1: &quot;
22:48:48.814 [docker-java-stream--1505383931] DEBUG c.g.d.z.s.o.a.hc.client5.http.wire - http-outgoing-3 &lt;&lt; &quot;[0x2][0x0][0x0][0x0][0x0][0x0][0x0][\r]nc: not found&quot;
22:48:48.814 [docker-java-stream--1505383931] DEBUG c.g.d.z.s.o.a.hc.client5.http.wire - http-outgoing-3 &lt;&lt; &quot;[0x2][0x0][0x0][0x0][0x0][0x0][0x0][0x1][\n]&quot;
22:48:48.824 [docker-java-stream--1505383931] DEBUG c.g.d.z.s.o.a.hc.client5.http.wire - http-outgoing-3 &lt;&lt; &quot;[0x2][0x0][0x0][0x0][0x0][0x0][0x0]4/bin/bash: connect: Cannot assign requested address[\n]&quot;
22:48:48.825 [docker-java-stream--1505383931] DEBUG c.g.d.z.s.o.a.hc.client5.http.wire - http-outgoing-3 &lt;&lt; &quot;[0x2][0x0][0x0][0x0][0x0][0x0][0x0]D/bin/bash: /dev/tcp/localhost/8080: Cannot assign requested address[\n]&quot;
22:48:48.951 [docker-java-stream--1505383931] DEBUG c.g.d.z.s.o.a.hc.client5.http.wire - http-outgoing-3 &lt;&lt; &quot;[0x2][0x0][0x0][0x0][0x0][0x0][0x0][0xc]/bin/sh: 1: &quot;
22:48:48.951 [docker-java-stream--1505383931] DEBUG c.g.d.z.s.o.a.hc.client5.http.wire - http-outgoing-3 &lt;&lt; &quot;[0x2][0x0][0x0][0x0][0x0][0x0][0x0][\r]nc: not found&quot;
22:48:48.951 [docker-java-stream--1505383931] DEBUG c.g.d.z.s.o.a.hc.client5.http.wire - http-outgoing-3 &lt;&lt; &quot;[0x2][0x0][0x0][0x0][0x0][0x0][0x0][0x1][\n]&quot;
22:48:48.964 [docker-java-stream--1505383931] DEBUG c.g.d.z.s.o.a.hc.client5.http.wire - http-outgoing-3 &lt;&lt; &quot;[0x2][0x0][0x0][0x0][0x0][0x0][0x0]4/bin/bash: connect: Cannot assign requested address[\n]&quot;
22:48:48.964 [docker-java-stream--1505383931] DEBUG c.g.d.z.s.o.a.hc.client5.http.wire - http-outgoing-3 &lt;&lt; &quot;[0x2][0x0][0x0][0x0][0x0][0x0][0x0]D/bin/bash: /dev/tcp/localhost/8080: Cannot assign requested address[\n]&quot;
22:48:49.092 [docker-java-stream--1505383931] DEBUG c.g.d.z.s.o.a.hc.client5.http.wire - http-outgoing-3 &lt;&lt; &quot;[0x2][0x0][0x0][0x0][0x0][0x0][0x0][0xc]/bin/sh: 1: &quot;
22:48:49.093 [docker-java-stream--1505383931] DEBUG c.g.d.z.s.o.a.hc.client5.http.wire - http-outgoing-3 &lt;&lt; &quot;[0x2][0x0][0x0][0x0][0x0][0x0][0x0][\r]nc: not found&quot;
22:48:49.094 [docker-java-stream--1505383931] DEBUG c.g.d.z.s.o.a.hc.client5.http.wire - http-outgoing-3 &lt;&lt; &quot;[0x2][0x0][0x0][0x0][0x0][0x0][0x0][0x1][\n]&quot;
22:48:49.109 [docker-java-stream--1505383931] DEBUG c.g.d.z.s.o.a.hc.client5.http.wire - http-outgoing-3 &lt;&lt; &quot;[0x2][0x0][0x0][0x0][0x0][0x0][0x0]4/bin/bash: connect: Cannot assign requested address[\n]&quot;
22:48:49.109 [docker-java-stream--1505383931] DEBUG c.g.d.z.s.o.a.hc.client5.http.wire - http-outgoing-3 &lt;&lt; &quot;[0x2][0x0][0x0][0x0][0x0][0x0][0x0]D/bin/bash: /dev/tcp/localhost/8080: Cannot assign requested address[\n]&quot;
22:48:49.244 [docker-java-stream--1505383931] DEBUG c.g.d.z.s.o.a.hc.client5.http.wire - http-outgoing-3 &lt;&lt; &quot;[0x2][0x0][0x0][0x0][0x0][0x0][0x0][0xc]/bin/sh: 1: &quot;
22:48:49.244 [docker-java-stream--1505383931] DEBUG c.g.d.z.s.o.a.hc.client5.http.wire - http-outgoing-3 &lt;&lt; &quot;[0x2][0x0][0x0][0x0][0x0][0x0][0x0][\r]nc: not found&quot;
22:48:49.244 [docker-java-stream--1505383931] DEBUG c.g.d.z.s.o.a.hc.client5.http.wire - http-outgoing-3 &lt;&lt; &quot;[0x2][0x0][0x0][0x0][0x0][0x0][0x0][0x1][\n]&quot;
22:48:49.255 [docker-java-stream--1505383931] DEBUG c.g.d.z.s.o.a.hc.client5.http.wire - http-outgoing-3 &lt;&lt; &quot;[0x2][0x0][0x0][0x0][0x0][0x0][0x0]4/bin/bash: connect: Cannot assign requested address[\n]&quot;
22:48:49.258 [docker-java-stream--1505383931] DEBUG c.g.d.z.s.o.a.hc.client5.http.wire - http-outgoing-3 &lt;&lt; &quot;[0x2][0x0][0x0][0x0][0x0][0x0][0x0]D/bin/bash: /dev/tcp/localhost/8080: Cannot assign requested address[\n]&quot;
22:48:49.376 [docker-java-stream--1505383931] DEBUG c.g.d.z.s.o.a.hc.client5.http.wire - http-outgoing-3 &lt;&lt; &quot;[0x2][0x0][0x0][0x0][0x0][0x0][0x0][0xc]/bin/sh: 1: &quot;
22:48:49.377 [docker-java-stream--1505383931] DEBUG c.g.d.z.s.o.a.hc.client5.http.wire - http-outgoing-3 &lt;&lt; &quot;[0x2][0x0][0x0][0x0][0x0][0x0][0x0][\r]nc: not found&quot;
22:48:49.378 [docker-java-stream--1505383931] DEBUG c.g.d.z.s.o.a.hc.client5.http.wire - http-outgoing-3 &lt;&lt; &quot;[0x2][0x0][0x0][0x0][0x0][0x0][0x0][0x1][\n]&quot;
22:48:49.383 [docker-java-stream--1505383931] DEBUG c.g.d.z.s.o.a.hc.client5.http.wire - http-outgoing-3 &lt;&lt; &quot;[0x2][0x0][0x0][0x0][0x0][0x0][0x0]4/bin/bash: connect: Cannot assign requested address[\n]&quot;
22:48:49.385 [docker-java-stream--1505383931] DEBUG c.g.d.z.s.o.a.hc.client5.http.wire - http-outgoing-3 &lt;&lt; &quot;[0x2][0x0][0x0][0x0][0x0][0x0][0x0]D/bin/bash: /dev/tcp/localhost/8080: Cannot assign requested address[\n]&quot;
22:48:49.505 [docker-java-stream--1505383931] DEBUG c.g.d.z.s.o.a.hc.client5.http.wire - http-outgoing-3 &lt;&lt; &quot;[0x2][0x0][0x0][0x0][0x0][0x0][0x0][0xc]/bin/sh: 1: &quot;
22:48:49.506 [docker-java-stream--1505383931] DEBUG c.g.d.z.s.o.a.hc.client5.http.wire - http-outgoing-3 &lt;&lt; &quot;[0x2][0x0][0x0][0x0][0x0][0x0][0x0][\r]nc: not found&quot;
22:48:49.506 [docker-java-stream--1505383931] DEBUG c.g.d.z.s.o.a.hc.client5.http.wire - http-outgoing-3 &lt;&lt; &quot;[0x2][0x0][0x0][0x0][0x0][0x0][0x0][0x1][\n]&quot;
22:48:49.513 [docker-java-stream--1505383931] DEBUG c.g.d.z.s.o.a.hc.client5.http.wire - http-outgoing-3 &lt;&lt; &quot;[0x2][0x0][0x0][0x0][0x0][0x0][0x0]4/bin/bash: connect: Cannot assign requested address[\n]&quot;
22:48:49.524 [docker-java-stream--1505383931] DEBUG c.g.d.z.s.o.a.hc.client5.http.wire - http-outgoing-3 &lt;&lt; &quot;[0x2][0x0][0x0][0x0][0x0][0x0][0x0]D/bin/bash: /dev/tcp/localhost/8080: Cannot assign requested address[\n]&quot;
22:48:49.641 [docker-java-stream--1505383931] DEBUG c.g.d.z.s.o.a.hc.client5.http.wire - http-outgoing-3 &lt;&lt; &quot;[0x2][0x0][0x0][0x0][0x0][0x0][0x0][0xc]/bin/sh: 1: &quot;
22:48:49.641 [docker-java-stream--1505383931] DEBUG c.g.d.z.s.o.a.hc.client5.http.wire - http-outgoing-3 &lt;&lt; &quot;[0x2][0x0][0x0][0x0][0x0][0x0][0x0][\r]nc: not found&quot;
22:48:49.641 [docker-java-stream--1505383931] DEBUG c.g.d.z.s.o.a.hc.client5.http.wire - http-outgoing-3 &lt;&lt; &quot;[0x2][0x0][0x0][0x0][0x0][0x0][0x0][0x1][\n]&quot;
22:48:49.648 [docker-java-stream--1505383931] DEBUG c.g.d.z.s.o.a.hc.client5.http.wire - http-outgoing-3 &lt;&lt; &quot;[0x2][0x0][0x0][0x0][0x0][0x0][0x0]4/bin/bash: connect: Cannot assign requested address[\n]&quot;
22:48:49.655 [docker-java-stream--1505383931] DEBUG c.g.d.z.s.o.a.hc.client5.http.wire - http-outgoing-3 &lt;&lt; &quot;[0x2][0x0][0x0][0x0][0x0][0x0][0x0]D/bin/bash: /dev/tcp/localhost/8080: Cannot assign requested address[\n]&quot;
22:48:49.792 [docker-java-stream--1505383931] DEBUG c.g.d.z.s.o.a.hc.client5.http.wire - http-outgoing-3 &lt;&lt; &quot;[0x2][0x0][0x0][0x0][0x0][0x0][0x0][0xc]/bin/sh: 1: &quot;
22:48:49.793 [docker-java-stream--1505383931] DEBUG c.g.d.z.s.o.a.hc.client5.http.wire - http-outgoing-3 &lt;&lt; &quot;[0x2][0x0][0x0][0x0][0x0][0x0][0x0][\r]nc: not found&quot;
22:48:49.793 [docker-java-stream--1505383931] DEBUG c.g.d.z.s.o.a.hc.client5.http.wire - http-outgoing-3 &lt;&lt; &quot;[0x2][0x0][0x0][0x0][0x0][0x0][0x0][0x1][\n]&quot;
22:48:49.803 [docker-java-stream--1505383931] DEBUG c.g.d.z.s.o.a.hc.client5.http.wire - http-outgoing-3 &lt;&lt; &quot;[0x2][0x0][0x0][0x0][0x0][0x0][0x0]4/bin/bash: connect: Cannot assign requested address[\n]&quot;
22:48:49.803 [docker-java-stream--1505383931] DEBUG c.g.d.z.s.o.a.hc.client5.http.wire - http-outgoing-3 &lt;&lt; &quot;[0x2][0x0][0x0][0x0][0x0][0x0][0x0]D/bin/bash: /dev/tcp/localhost/8080: Cannot assign requested address[\n]&quot;
22:48:49.930 [docker-java-stream--1505383931] DEBUG c.g.d.z.s.o.a.hc.client5.http.wire - http-outgoing-3 &lt;&lt; &quot;[0x2][0x0][0x0][0x0][0x0][0x0][0x0][0xc]/bin/sh: 1: &quot;
22:48:49.930 [docker-java-stream--1505383931] DEBUG c.g.d.z.s.o.a.hc.client5.http.wire - http-outgoing-3 &lt;&lt; &quot;[0x2][0x0][0x0][0x0][0x0][0x0][0x0][\r]nc: not found&quot;
22:48:49.930 [docker-java-stream--1505383931] DEBUG c.g.d.z.s.o.a.hc.client5.http.wire - http-outgoing-3 &lt;&lt; &quot;[0x2][0x0][0x0][0x0][0x0][0x0][0x0][0x1][\n]&quot;
22:48:49.938 [docker-java-stream--1505383931] DEBUG c.g.d.z.s.o.a.hc.client5.http.wire - http-outgoing-3 &lt;&lt; &quot;[0x2][0x0][0x0][0x0][0x0][0x0][0x0]4/bin/bash: connect: Cannot assign requested address[\n]&quot;
22:48:49.940 [docker-java-stream--1505383931] DEBUG c.g.d.z.s.o.a.hc.client5.http.wire - http-outgoing-3 &lt;&lt; &quot;[0x2][0x0][0x0][0x0][0x0][0x0][0x0]D/bin/bash: /dev/tcp/localhost/8080: Cannot assign requested address[\n]&quot;
22:48:50.070 [docker-java-stream--1505383931] DEBUG c.g.d.z.s.o.a.hc.client5.http.wire - http-outgoing-3 &lt;&lt; &quot;[0x2][0x0][0x0][0x0][0x0][0x0][0x0][0xc]/bin/sh: 1: &quot;
22:48:50.070 [docker-java-stream--1505383931] DEBUG c.g.d.z.s.o.a.hc.client5.http.wire - http-outgoing-3 &lt;&lt; &quot;[0x2][0x0][0x0][0x0][0x0][0x0][0x0][\r]nc: not found&quot;
22:48:50.070 [docker-java-stream--1505383931] DEBUG c.g.d.z.s.o.a.hc.client5.http.wire - http-outgoing-3 &lt;&lt; &quot;[0x2][0x0][0x0][0x0][0x0][0x0][0x0][0x1][\n]&quot;
22:48:50.080 [docker-java-stream--1505383931] DEBUG c.g.d.z.s.o.a.hc.client5.http.wire - http-outgoing-3 &lt;&lt; &quot;[0x2][0x0][0x0][0x0][0x0][0x0][0x0]4/bin/bash: connect: Cannot assign requested address[\n]&quot;
22:48:50.082 [docker-java-stream--1505383931] DEBUG c.g.d.z.s.o.a.hc.client5.http.wire - http-outgoing-3 &lt;&lt; &quot;[0x2][0x0][0x0][0x0][0x0][0x0][0x0]D/bin/bash: /dev/tcp/localhost/8080: Cannot assign requested address[\n]&quot;
22:48:50.203 [docker-java-stream--1505383931] DEBUG c.g.d.z.s.o.a.hc.client5.http.wire - http-outgoing-3 &lt;&lt; &quot;[0x2][0x0][0x0][0x0][0x0][0x0][0x0][0xc]/bin/sh: 1: &quot;
22:48:50.205 [docker-java-stream--1505383931] DEBUG c.g.d.z.s.o.a.hc.client5.http.wire - http-outgoing-3 &lt;&lt; &quot;[0x2][0x0][0x0][0x0][0x0][0x0][0x0][\r]nc: not found&quot;
22:48:50.205 [docker-java-stream--1505383931] DEBUG c.g.d.z.s.o.a.hc.client5.http.wire - http-outgoing-3 &lt;&lt; &quot;[0x2][0x0][0x0][0x0][0x0][0x0][0x0][0x1][\n]&quot;
22:48:50.211 [docker-java-stream--1505383931] DEBUG c.g.d.z.s.o.a.hc.client5.http.wire - http-outgoing-3 &lt;&lt; &quot;[0x2][0x0][0x0][0x0][0x0][0x0][0x0]4/bin/bash: connect: Cannot assign requested address[\n]&quot;
22:48:50.211 [docker-java-stream--1505383931] DEBUG c.g.d.z.s.o.a.hc.client5.http.wire - http-outgoing-3 &lt;&lt; &quot;[0x2][0x0][0x0][0x0][0x0][0x0][0x0]D/bin/bash: /dev/tcp/localhost/8080: Cannot assign requested address[\n]&quot;
22:48:50.336 [docker-java-stream--1505383931] DEBUG c.g.d.z.s.o.a.hc.client5.http.wire - http-outgoing-3 &lt;&lt; &quot;[0x2][0x0][0x0][0x0][0x0][0x0][0x0][0xc]/bin/sh: 1: &quot;
22:48:50.336 [docker-java-stream--1505383931] DEBUG c.g.d.z.s.o.a.hc.client5.http.wire - http-outgoing-3 &lt;&lt; &quot;[0x2][0x0][0x0][0x0][0x0][0x0][0x0][\r]nc: not found&quot;
22:48:50.336 [docker-java-stream--1505383931] DEBUG c.g.d.z.s.o.a.hc.client5.http.wire - http-outgoing-3 &lt;&lt; &quot;[0x2][0x0][0x0][0x0][0x0][0x0][0x0][0x1][\n]&quot;
22:48:50.353 [docker-java-stream--1505383931] DEBUG c.g.d.z.s.o.a.hc.client5.http.wire - http-outgoing-3 &lt;&lt; &quot;[0x2][0x0][0x0][0x0][0x0][0x0][0x0]4/bin/bash: connect: Cannot assign requested address[\n]&quot;
22:48:50.353 [docker-java-stream--1505383931] DEBUG c.g.d.z.s.o.a.hc.client5.http.wire - http-outgoing-3 &lt;&lt; &quot;[0x2][0x0][0x0][0x0][0x0][0x0][0x0]D/bin/bash: /dev/tcp/localhost/8080: Cannot assign requested address[\n]&quot;
22:48:50.486 [docker-java-stream--1505383931] DEBUG c.g.d.z.s.o.a.hc.client5.http.wire - http-outgoing-3 &lt;&lt; &quot;[0x2][0x0][0x0][0x0][0x0][0x0][0x0][0xc]/bin/sh: 1: &quot;
22:48:50.488 [docker-java-stream--1505383931] DEBUG c.g.d.z.s.o.a.hc.client5.http.wire - http-outgoing-3 &lt;&lt; &quot;[0x2][0x0][0x0][0x0][0x0][0x0][0x0][\r]nc: not found&quot;
22:48:50.488 [docker-java-stream--1505383931] DEBUG c.g.d.z.s.o.a.hc.client5.http.wire - http-outgoing-3 &lt;&lt; &quot;[0x2][0x0][0x0][0x0][0x0][0x0][0x0][0x1][\n]&quot;
22:48:50.496 [docker-java-stream--1505383931] DEBUG c.g.d.z.s.o.a.hc.client5.http.wire - http-outgoing-3 &lt;&lt; &quot;[0x2][0x0][0x0][0x0][0x0][0x0][0x0]4/bin/bash: connect: Cannot assign requested address[\n]&quot;
22:48:50.496 [docker-java-stream--1505383931] DEBUG c.g.d.z.s.o.a.hc.client5.http.wire - http-outgoing-3 &lt;&lt; &quot;[0x2][0x0][0x0][0x0][0x0][0x0][0x0]D/bin/bash: /dev/tcp/localhost/8080: Cannot assign requested address[\n]&quot;
22:48:50.616 [docker-java-stream--1505383931] DEBUG c.g.d.z.s.o.a.hc.client5.http.wire - http-outgoing-3 &lt;&lt; &quot;[0x2][0x0][0x0][0x0][0x0][0x0][0x0][0xc]/bin/sh: 1: &quot;
22:48:50.617 [docker-java-stream--1505383931] DEBUG c.g.d.z.s.o.a.hc.client5.http.wire - http-outgoing-3 &lt;&lt; &quot;[0x2][0x0][0x0][0x0][0x0][0x0][0x0][\r]nc: not found&quot;
22:48:50.617 [docker-java-stream--1505383931] DEBUG c.g.d.z.s.o.a.hc.client5.http.wire - http-outgoing-3 &lt;&lt; &quot;[0x2][0x0][0x0][0x0][0x0][0x0][0x0][0x1][\n]&quot;
22:48:50.628 [docker-java-stream--1505383931] DEBUG c.g.d.z.s.o.a.hc.client5.http.wire - http-outgoing-3 &lt;&lt; &quot;[0x2][0x0][0x0][0x0][0x0][0x0][0x0]4/bin/bash: connect: Cannot assign requested address[\n]&quot;
22:48:50.633 [docker-java-stream--1505383931] DEBUG c.g.d.z.s.o.a.hc.client5.http.wire - http-outgoing-3 &lt;&lt; &quot;[0x2][0x0][0x0][0x0][0x0][0x0][0x0]D/bin/bash: /dev/tcp/localhost/8080: Cannot assign requested address[\n]&quot;
22:48:50.761 [docker-java-stream--1505383931] DEBUG c.g.d.z.s.o.a.hc.client5.http.wire - http-outgoing-3 &lt;&lt; &quot;[0x2][0x0][0x0][0x0][0x0][0x0][0x0][0xc]/bin/sh: 1: &quot;
22:48:50.761 [docker-java-stream--1505383931] DEBUG c.g.d.z.s.o.a.hc.client5.http.wire - http-outgoing-3 &lt;&lt; &quot;[0x2][0x0][0x0][0x0][0x0][0x0][0x0][\r]nc: not found&quot;
22:48:50.761 [docker-java-stream--1505383931] DEBUG c.g.d.z.s.o.a.hc.client5.http.wire - http-outgoing-3 &lt;&lt; &quot;[0x2][0x0][0x0][0x0][0x0][0x0][0x0][0x1][\n]&quot;
22:48:50.771 [docker-java-stream--1505383931] DEBUG c.g.d.z.s.o.a.hc.client5.http.wire - http-outgoing-3 &lt;&lt; &quot;[0x2][0x0][0x0][0x0][0x0][0x0][0x0]4/bin/bash: connect: Cannot assign requested address[\n]&quot;
22:48:50.772 [docker-java-stream--1505383931] DEBUG c.g.d.z.s.o.a.hc.client5.http.wire - http-outgoing-3 &lt;&lt; &quot;[0x2][0x0][0x0][0x0][0x0][0x0][0x0]D/bin/bash: /dev/tcp/localhost/8080: Cannot assign requested address[\n]&quot;
22:48:50.905 [docker-java-stream--1505383931] DEBUG c.g.d.z.s.o.a.hc.client5.http.wire - http-outgoing-3 &lt;&lt; &quot;[0x2][0x0][0x0][0x0][0x0][0x0][0x0][0xc]/bin/sh: 1: &quot;
22:48:50.907 [docker-java-stream--1505383931] DEBUG c.g.d.z.s.o.a.hc.client5.http.wire - http-outgoing-3 &lt;&lt; &quot;[0x2][0x0][0x0][0x0][0x0][0x0][0x0][\r]nc: not found&quot;
22:48:50.908 [docker-java-stream--1505383931] DEBUG c.g.d.z.s.o.a.hc.client5.http.wire - http-outgoing-3 &lt;&lt; &quot;[0x2][0x0][0x0][0x0][0x0][0x0][0x0][0x1][\n]&quot;
22:48:50.912 [docker-java-stream--1505383931] DEBUG c.g.d.z.s.o.a.hc.client5.http.wire - http-outgoing-3 &lt;&lt; &quot;[0x2][0x0][0x0][0x0][0x0][0x0][0x0]4/bin/bash: connect: Cannot assign requested address[\n]&quot;
22:48:50.926 [docker-java-stream--1505383931] DEBUG c.g.d.z.s.o.a.hc.client5.http.wire - http-outgoing-3 &lt;&lt; &quot;[0x2][0x0][0x0][0x0][0x0][0x0][0x0]D/bin/bash: /dev/tcp/localhost/8080: Cannot assign requested address[\n]&quot;
22:48:51.060 [docker-java-stream--1505383931] DEBUG c.g.d.z.s.o.a.hc.client5.http.wire - http-outgoing-3 &lt;&lt; &quot;[0x2][0x0][0x0][0x0][0x0][0x0][0x0][0xc]/bin/sh: 1: &quot;
22:48:51.061 [docker-java-stream--1505383931] DEBUG c.g.d.z.s.o.a.hc.client5.http.wire - http-outgoing-3 &lt;&lt; &quot;[0x2][0x0][0x0][0x0][0x0][0x0][0x0][\r]nc: not found&quot;
22:48:51.061 [docker-java-stream--1505383931] DEBUG c.g.d.z.s.o.a.hc.client5.http.wire - http-outgoing-3 &lt;&lt; &quot;[0x2][0x0][0x0][0x0][0x0][0x0][0x0][0x1][\n]&quot;
22:48:51.073 [docker-java-stream--1505383931] DEBUG c.g.d.z.s.o.a.hc.client5.http.wire - http-outgoing-3 &lt;&lt; &quot;[0x2][0x0][0x0][0x0][0x0][0x0][0x0]4/bin/bash: connect: Cannot assign requested address[\n]&quot;
22:48:51.073 [docker-java-stream--1505383931] DEBUG c.g.d.z.s.o.a.hc.client5.http.wire - http-outgoing-3 &lt;&lt; &quot;[0x2][0x0][0x0][0x0][0x0][0x0][0x0]D/bin/bash: /dev/tcp/localhost/8080: Cannot assign requested address[\n]&quot;
22:48:51.200 [docker-java-stream--1505383931] DEBUG c.g.d.z.s.o.a.hc.client5.http.wire - http-outgoing-3 &lt;&lt; &quot;[0x2][0x0][0x0][0x0][0x0][0x0][0x0][0xc]/bin/sh: 1: &quot;
22:48:51.202 [docker-java-stream--1505383931] DEBUG c.g.d.z.s.o.a.hc.client5.http.wire - http-outgoing-3 &lt;&lt; &quot;[0x2][0x0][0x0][0x0][0x0][0x0][0x0][\r]nc: not found&quot;
22:48:51.202 [docker-java-stream--1505383931] DEBUG c.g.d.z.s.o.a.hc.client5.http.wire - http-outgoing-3 &lt;&lt; &quot;[0x2][0x0][0x0][0x0][0x0][0x0][0x0][0x1][\n]&quot;
22:48:51.217 [docker-java-stream--1505383931] DEBUG c.g.d.z.s.o.a.hc.client5.http.wire - http-outgoing-3 &lt;&lt; &quot;[0x2][0x0][0x0][0x0][0x0][0x0][0x0]4/bin/bash: connect: Cannot assign requested address[\n]&quot;
22:48:51.217 [docker-java-stream--1505383931] DEBUG c.g.d.z.s.o.a.hc.client5.http.wire - http-outgoing-3 &lt;&lt; &quot;[0x2][0x0][0x0][0x0][0x0][0x0][0x0]D/bin/bash: /dev/tcp/localhost/8080: Cannot assign requested address[\n]&quot;
22:48:51.345 [docker-java-stream--1505383931] DEBUG c.g.d.z.s.o.a.hc.client5.http.wire - http-outgoing-3 &lt;&lt; &quot;[0x2][0x0][0x0][0x0][0x0][0x0][0x0][0xc]/bin/sh: 1: &quot;
22:48:51.345 [docker-java-stream--1505383931] DEBUG c.g.d.z.s.o.a.hc.client5.http.wire - http-outgoing-3 &lt;&lt; &quot;[0x2][0x0][0x0][0x0][0x0][0x0][0x0][\r]nc: not found&quot;
22:48:51.346 [docker-java-stream--1505383931] DEBUG c.g.d.z.s.o.a.hc.client5.http.wire - http-outgoing-3 &lt;&lt; &quot;[0x2][0x0][0x0][0x0][0x0][0x0][0x0][0x1][\n]&quot;
22:48:51.355 [docker-java-stream--1505383931] DEBUG c.g.d.z.s.o.a.hc.client5.http.wire - http-outgoing-3 &lt;&lt; &quot;[0x2][0x0][0x0][0x0][0x0][0x0][0x0]4/bin/bash: connect: Cannot assign requested address[\n]&quot;
22:48:51.356 [docker-java-stream--1505383931] DEBUG c.g.d.z.s.o.a.hc.client5.http.wire - http-outgoing-3 &lt;&lt; &quot;[0x2][0x0][0x0][0x0][0x0][0x0][0x0]D/bin/bash: /dev/tcp/localhost/8080: Cannot assign requested address[\n]&quot;
22:48:51.482 [docker-java-stream--1505383931] DEBUG c.g.d.z.s.o.a.hc.client5.http.wire - http-outgoing-3 &lt;&lt; &quot;[0x2][0x0][0x0][0x0][0x0][0x0][0x0][0xc]/bin/sh: 1: &quot;
22:48:51.483 [docker-java-stream--1505383931] DEBUG c.g.d.z.s.o.a.hc.client5.http.wire - http-outgoing-3 &lt;&lt; &quot;[0x2][0x0][0x0][0x0][0x0][0x0][0x0][\r]nc: not found&quot;
22:48:51.484 [docker-java-stream--1505383931] DEBUG c.g.d.z.s.o.a.hc.client5.http.wire - http-outgoing-3 &lt;&lt; &quot;[0x2][0x0][0x0][0x0][0x0][0x0][0x0][0x1][\n]&quot;
22:48:51.496 [docker-java-stream--1505383931] DEBUG c.g.d.z.s.o.a.hc.client5.http.wire - http-outgoing-3 &lt;&lt; &quot;[0x2][0x0][0x0][0x0][0x0][0x0][0x0]4/bin/bash: connect: Cannot assign requested address[\n]&quot;
22:48:51.499 [docker-java-stream--1505383931] DEBUG c.g.d.z.s.o.a.hc.client5.http.wire - http-outgoing-3 &lt;&lt; &quot;[0x2][0x0][0x0][0x0][0x0][0x0][0x0]D/bin/bash: /dev/tcp/localhost/8080: Cannot assign requested address[\n]&quot;
22:48:51.629 [docker-java-stream--1505383931] DEBUG c.g.d.z.s.o.a.hc.client5.http.wire - http-outgoing-3 &lt;&lt; &quot;[0x2][0x0][0x0][0x0][0x0][0x0][0x0][0xc]/bin/sh: 1: &quot;
22:48:51.632 [docker-java-stream--1505383931] DEBUG c.g.d.z.s.o.a.hc.client5.http.wire - http-outgoing-3 &lt;&lt; &quot;[0x2][0x0][0x0][0x0][0x0][0x0][0x0][\r]nc: not found&quot;
22:48:51.632 [docker-java-stream--1505383931] DEBUG c.g.d.z.s.o.a.hc.client5.http.wire - http-outgoing-3 &lt;&lt; &quot;[0x2][0x0][0x0][0x0][0x0][0x0][0x0][0x1][\n]&quot;
22:48:51.639 [docker-java-stream--1505383931] DEBUG c.g.d.z.s.o.a.hc.client5.http.wire - http-outgoing-3 &lt;&lt; &quot;[0x2][0x0][0x0][0x0][0x0][0x0][0x0]4/bin/bash: connect: Cannot assign requested address[\n]&quot;
22:48:51.640 [docker-java-stream--1505383931] DEBUG c.g.d.z.s.o.a.hc.client5.http.wire - http-outgoing-3 &lt;&lt; &quot;[0x2][0x0][0x0][0x0][0x0][0x0][0x0]D/bin/bash: /dev/tcp/localhost/8080: Cannot assign requested address[\n]&quot;
22:48:51.767 [docker-java-stream--1505383931] DEBUG c.g.d.z.s.o.a.hc.client5.http.wire - http-outgoing-3 &lt;&lt; &quot;[0x2][0x0][0x0][0x0][0x0][0x0][0x0][0xc]/bin/sh: 1: &quot;
22:48:51.768 [docker-java-stream--1505383931] DEBUG c.g.d.z.s.o.a.hc.client5.http.wire - http-outgoing-3 &lt;&lt; &quot;[0x2][0x0][0x0][0x0][0x0][0x0][0x0][\r]nc: not found&quot;
22:48:51.768 [docker-java-stream--1505383931] DEBUG c.g.d.z.s.o.a.hc.client5.http.wire - http-outgoing-3 &lt;&lt; &quot;[0x2][0x0][0x0][0x0][0x0][0x0][0x0][0x1][\n]&quot;
22:48:51.777 [docker-java-stream--1505383931] DEBUG c.g.d.z.s.o.a.hc.client5.http.wire - http-outgoing-3 &lt;&lt; &quot;[0x2][0x0][0x0][0x0][0x0][0x0][0x0]4/bin/bash: connect: Cannot assign requested address[\n]&quot;
22:48:51.778 [docker-java-stream--1505383931] DEBUG c.g.d.z.s.o.a.hc.client5.http.wire - http-outgoing-3 &lt;&lt; &quot;[0x2][0x0][0x0][0x0][0x0][0x0][0x0]D/bin/bash: /dev/tcp/localhost/8080: Cannot assign requested address[\n]&quot;
22:48:51.896 [docker-java-stream--1505383931] DEBUG c.g.d.z.s.o.a.hc.client5.http.wire - http-outgoing-3 &lt;&lt; &quot;[0x2][0x0][0x0][0x0][0x0][0x0][0x0][0xc]/bin/sh: 1: &quot;
22:48:51.897 [docker-java-stream--1505383931] DEBUG c.g.d.z.s.o.a.hc.client5.http.wire - http-outgoing-3 &lt;&lt; &quot;[0x2][0x0][0x0][0x0][0x0][0x0][0x0][\r]nc: not found&quot;
22:48:51.897 [docker-java-stream--1505383931] DEBUG c.g.d.z.s.o.a.hc.client5.http.wire - http-outgoing-3 &lt;&lt; &quot;[0x2][0x0][0x0][0x0][0x0][0x0][0x0][0x1][\n]&quot;
22:48:51.905 [docker-java-stream--1505383931] DEBUG c.g.d.z.s.o.a.hc.client5.http.wire - http-outgoing-3 &lt;&lt; &quot;[0x2][0x0][0x0][0x0][0x0][0x0][0x0]4/bin/bash: connect: Cannot assign requested address[\n]&quot;
22:48:51.908 [docker-java-stream--1505383931] DEBUG c.g.d.z.s.o.a.hc.client5.http.wire - http-outgoing-3 &lt;&lt; &quot;[0x2][0x0][0x0][0x0][0x0][0x0][0x0]D/bin/bash: /dev/tcp/localhost/8080: Cannot assign requested address[\n]&quot;
22:48:52.042 [docker-java-stream--1505383931] DEBUG c.g.d.z.s.o.a.hc.client5.http.wire - http-outgoing-3 &lt;&lt; &quot;[0x2][0x0][0x0][0x0][0x0][0x0][0x0][0xc]/bin/sh: 1: &quot;
22:48:52.044 [docker-java-stream--1505383931] DEBUG c.g.d.z.s.o.a.hc.client5.http.wire - http-outgoing-3 &lt;&lt; &quot;[0x2][0x0][0x0][0x0][0x0][0x0][0x0][\r]nc: not found&quot;
22:48:52.044 [docker-java-stream--1505383931] DEBUG c.g.d.z.s.o.a.hc.client5.http.wire - http-outgoing-3 &lt;&lt; &quot;[0x2][0x0][0x0][0x0][0x0][0x0][0x0][0x1][\n]&quot;
22:48:52.056 [docker-java-stream--1505383931] DEBUG c.g.d.z.s.o.a.hc.client5.http.wire - http-outgoing-3 &lt;&lt; &quot;[0x2][0x0][0x0][0x0][0x0][0x0][0x0]4/bin/bash: connect: Cannot assign requested address[\n]&quot;
22:48:52.057 [docker-java-stream--1505383931] DEBUG c.g.d.z.s.o.a.hc.client5.http.wire - http-outgoing-3 &lt;&lt; &quot;[0x2][0x0][0x0][0x0][0x0][0x0][0x0]D/bin/bash: /dev/tcp/localhost/8080: Cannot assign requested address[\n]&quot;
22:48:52.175 [docker-java-stream--1505383931] DEBUG c.g.d.z.s.o.a.hc.client5.http.wire - http-outgoing-3 &lt;&lt; &quot;[0x2][0x0][0x0][0x0][0x0][0x0][0x0][0xc]/bin/sh: 1: &quot;
22:48:52.176 [docker-java-stream--1505383931] DEBUG c.g.d.z.s.o.a.hc.client5.http.wire - http-outgoing-3 &lt;&lt; &quot;[0x2][0x0][0x0][0x0][0x0][0x0][0x0][\r]nc: not found&quot;
22:48:52.176 [docker-java-stream--1505383931] DEBUG c.g.d.z.s.o.a.hc.client5.http.wire - http-outgoing-3 &lt;&lt; &quot;[0x2][0x0][0x0][0x0][0x0][0x0][0x0][0x1][\n]&quot;
22:48:52.187 [docker-java-stream--1505383931] DEBUG c.g.d.z.s.o.a.hc.client5.http.wire - http-outgoing-3 &lt;&lt; &quot;[0x2][0x0][0x0][0x0][0x0][0x0][0x0]4/bin/bash: connect: Cannot assign requested address[\n]&quot;
22:48:52.189 [docker-java-stream--1505383931] DEBUG c.g.d.z.s.o.a.hc.client5.http.wire - http-outgoing-3 &lt;&lt; &quot;[0x2][0x0][0x0][0x0][0x0][0x0][0x0]D/bin/bash: /dev/tcp/localhost/8080: Cannot assign requested address[\n]&quot;
22:48:52.306 [docker-java-stream--1505383931] DEBUG c.g.d.z.s.o.a.hc.client5.http.wire - http-outgoing-3 &lt;&lt; &quot;[0x2][0x0][0x0][0x0][0x0][0x0][0x0][0xc]/bin/sh: 1: &quot;
22:48:52.312 [docker-java-stream--1505383931] DEBUG c.g.d.z.s.o.a.hc.client5.http.wire - http-outgoing-3 &lt;&lt; &quot;[0x2][0x0][0x0][0x0][0x0][0x0][0x0][\r]nc: not found&quot;
22:48:52.312 [docker-java-stream--1505383931] DEBUG c.g.d.z.s.o.a.hc.client5.http.wire - http-outgoing-3 &lt;&lt; &quot;[0x2][0x0][0x0][0x0][0x0][0x0][0x0][0x1][\n]&quot;
22:48:52.319 [docker-java-stream--1505383931] DEBUG c.g.d.z.s.o.a.hc.client5.http.wire - http-outgoing-3 &lt;&lt; &quot;[0x2][0x0][0x0][0x0][0x0][0x0][0x0]4/bin/bash: connect: Cannot assign requested address[\n]&quot;
22:48:52.321 [docker-java-stream--1505383931] DEBUG c.g.d.z.s.o.a.hc.client5.http.wire - http-outgoing-3 &lt;&lt; &quot;[0x2][0x0][0x0][0x0][0x0][0x0][0x0]D/bin/bash: /dev/tcp/localhost/8080: Cannot assign requested address[\n]&quot;
22:48:52.435 [docker-java-stream--1505383931] DEBUG c.g.d.z.s.o.a.hc.client5.http.wire - http-outgoing-3 &lt;&lt; &quot;[0x2][0x0][0x0][0x0][0x0][0x0][0x0][0xc]/bin/sh: 1: &quot;
22:48:52.437 [docker-java-stream--1505383931] DEBUG c.g.d.z.s.o.a.hc.client5.http.wire - http-outgoing-3 &lt;&lt; &quot;[0x2][0x0][0x0][0x0][0x0][0x0][0x0][\r]nc: not found&quot;
22:48:52.437 [docker-java-stream--1505383931] DEBUG c.g.d.z.s.o.a.hc.client5.http.wire - http-outgoing-3 &lt;&lt; &quot;[0x2][0x0][0x0][0x0][0x0][0x0][0x0][0x1][\n]&quot;
22:48:52.441 [docker-java-stream--1505383931] DEBUG c.g.d.z.s.o.a.hc.client5.http.wire - http-outgoing-3 &lt;&lt; &quot;[0x2][0x0][0x0][0x0][0x0][0x0][0x0]4/bin/bash: connect: Cannot assign requested address[\n]&quot;
22:48:52.448 [docker-java-stream--1505383931] DEBUG c.g.d.z.s.o.a.hc.client5.http.wire - http-outgoing-3 &lt;&lt; &quot;[0x2][0x0][0x0][0x0][0x0][0x0][0x0]D/bin/bash: /dev/tcp/localhost/8080: Cannot assign requested address[\n]&quot;
22:48:52.575 [docker-java-stream--1505383931] DEBUG c.g.d.z.s.o.a.hc.client5.http.wire - http-outgoing-3 &lt;&lt; &quot;[0x2][0x0][0x0][0x0][0x0][0x0][0x0][0xc]/bin/sh: 1: &quot;
22:48:52.576 [docker-java-stream--1505383931] DEBUG c.g.d.z.s.o.a.hc.client5.http.wire - http-outgoing-3 &lt;&lt; &quot;[0x2][0x0][0x0][0x0][0x0][0x0][0x0][\r]nc: not found&quot;
22:48:52.576 [docker-java-stream--1505383931] DEBUG c.g.d.z.s.o.a.hc.client5.http.wire - http-outgoing-3 &lt;&lt; &quot;[0x2][0x0][0x0][0x0][0x0][0x0][0x0][0x1][\n]&quot;
22:48:52.585 [docker-java-stream--1505383931] DEBUG c.g.d.z.s.o.a.hc.client5.http.wire - http-outgoing-3 &lt;&lt; &quot;[0x2][0x0][0x0][0x0][0x0][0x0][0x0]4/bin/bash: connect: Cannot assign requested address[\n]&quot;
22:48:52.589 [docker-java-stream--1505383931] DEBUG c.g.d.z.s.o.a.hc.client5.http.wire - http-outgoing-3 &lt;&lt; &quot;[0x2][0x0][0x0][0x0][0x0][0x0][0x0]D/bin/bash: /dev/tcp/localhost/8080: Cannot assign requested address[\n]&quot;
22:48:52.713 [docker-java-stream--1505383931] DEBUG c.g.d.z.s.o.a.hc.client5.http.wire - http-outgoing-3 &lt;&lt; &quot;[0x2][0x0][0x0][0x0][0x0][0x0][0x0][0xc]/bin/sh: 1: &quot;
22:48:52.714 [docker-java-stream--1505383931] DEBUG c.g.d.z.s.o.a.hc.client5.http.wire - http-outgoing-3 &lt;&lt; &quot;[0x2][0x0][0x0][0x0][0x0][0x0][0x0][\r]nc: not found&quot;
22:48:52.714 [docker-java-stream--1505383931] DEBUG c.g.d.z.s.o.a.hc.client5.http.wire - http-outgoing-3 &lt;&lt; &quot;[0x2][0x0][0x0][0x0][0x0][0x0][0x0][0x1][\n]&quot;
22:48:52.723 [docker-java-stream--1505383931] DEBUG c.g.d.z.s.o.a.hc.client5.http.wire - http-outgoing-3 &lt;&lt; &quot;[0x2][0x0][0x0][0x0][0x0][0x0][0x0]4/bin/bash: connect: Cannot assign requested address[\n]&quot;
22:48:52.723 [docker-java-stream--1505383931] DEBUG c.g.d.z.s.o.a.hc.client5.http.wire - http-outgoing-3 &lt;&lt; &quot;[0x2][0x0][0x0][0x0][0x0][0x0][0x0]D/bin/bash: /dev/tcp/localhost/8080: Cannot assign requested address[\n]&quot;
22:48:52.859 [docker-java-stream--1505383931] DEBUG c.g.d.z.s.o.a.hc.client5.http.wire - http-outgoing-3 &lt;&lt; &quot;[0x2][0x0][0x0][0x0][0x0][0x0][0x0][0xc]/bin/sh: 1: &quot;
22:48:52.860 [docker-java-stream--1505383931] DEBUG c.g.d.z.s.o.a.hc.client5.http.wire - http-outgoing-3 &lt;&lt; &quot;[0x2][0x0][0x0][0x0][0x0][0x0][0x0][\r]nc: not found&quot;
22:48:52.860 [docker-java-stream--1505383931] DEBUG c.g.d.z.s.o.a.hc.client5.http.wire - http-outgoing-3 &lt;&lt; &quot;[0x2][0x0][0x0][0x0][0x0][0x0][0x0][0x1][\n]&quot;
22:48:52.873 [docker-java-stream--1505383931] DEBUG c.g.d.z.s.o.a.hc.client5.http.wire - http-outgoing-3 &lt;&lt; &quot;[0x2][0x0][0x0][0x0][0x0][0x0][0x0]4/bin/bash: connect: Cannot assign requested address[\n]&quot;
22:48:52.879 [docker-java-stream--1505383931] DEBUG c.g.d.z.s.o.a.hc.client5.http.wire - http-outgoing-3 &lt;&lt; &quot;[0x2][0x0][0x0][0x0][0x0][0x0][0x0]D/bin/bash: /dev/tcp/localhost/8080: Cannot assign requested address[\n]&quot;
22:48:53.007 [docker-java-stream--1505383931] DEBUG c.g.d.z.s.o.a.hc.client5.http.wire - http-outgoing-3 &lt;&lt; &quot;[0x2][0x0][0x0][0x0][0x0][0x0][0x0][0xc]/bin/sh: 1: &quot;
22:48:53.008 [docker-java-stream--1505383931] DEBUG c.g.d.z.s.o.a.hc.client5.http.wire - http-outgoing-3 &lt;&lt; &quot;[0x2][0x0][0x0][0x0][0x0][0x0][0x0][\r]nc: not found&quot;
22:48:53.008 [docker-java-stream--1505383931] DEBUG c.g.d.z.s.o.a.hc.client5.http.wire - http-outgoing-3 &lt;&lt; &quot;[0x2][0x0][0x0][0x0][0x0][0x0][0x0][0x1][\n]&quot;
22:48:53.020 [docker-java-stream--1505383931] DEBUG c.g.d.z.s.o.a.hc.client5.http.wire - http-outgoing-3 &lt;&lt; &quot;[0x2][0x0][0x0][0x0][0x0][0x0][0x0]4/bin/bash: connect: Cannot assign requested address[\n]&quot;
22:48:53.020 [docker-java-stream--1505383931] DEBUG c.g.d.z.s.o.a.hc.client5.http.wire - http-outgoing-3 &lt;&lt; &quot;[0x2][0x0][0x0][0x0][0x0][0x0][0x0]D/bin/bash: /dev/tcp/localhost/8080: Cannot assign requested address[\n]&quot;
22:48:53.148 [docker-java-stream--1505383931] DEBUG c.g.d.z.s.o.a.hc.client5.http.wire - http-outgoing-3 &lt;&lt; &quot;[0x2][0x0][0x0][0x0][0x0][0x0][0x0][0xc]/bin/sh: 1: &quot;
22:48:53.149 [docker-java-stream--1505383931] DEBUG c.g.d.z.s.o.a.hc.client5.http.wire - http-outgoing-3 &lt;&lt; &quot;[0x2][0x0][0x0][0x0][0x0][0x0][0x0][\r]nc: not found&quot;
22:48:53.149 [docker-java-stream--1505383931] DEBUG c.g.d.z.s.o.a.hc.client5.http.wire - http-outgoing-3 &lt;&lt; &quot;[0x2][0x0][0x0][0x0][0x0][0x0][0x0][0x1][\n]&quot;
22:48:53.156 [docker-java-stream--1505383931] DEBUG c.g.d.z.s.o.a.hc.client5.http.wire - http-outgoing-3 &lt;&lt; &quot;[0x2][0x0][0x0][0x0][0x0][0x0][0x0]4/bin/bash: connect: Cannot assign requested address[\n]&quot;
22:48:53.156 [docker-java-stream--1505383931] DEBUG c.g.d.z.s.o.a.hc.client5.http.wire - http-outgoing-3 &lt;&lt; &quot;[0x2][0x0][0x0][0x0][0x0][0x0][0x0]D/bin/bash: /dev/tcp/localhost/8080: Cannot assign requested address[\n]&quot;
22:48:53.290 [docker-java-stream--1505383931] DEBUG c.g.d.z.s.o.a.hc.client5.http.wire - http-outgoing-3 &lt;&lt; &quot;[0x2][0x0][0x0][0x0][0x0][0x0][0x0][0xc]/bin/sh: 1: &quot;
22:48:53.291 [docker-java-stream--1505383931] DEBUG c.g.d.z.s.o.a.hc.client5.http.wire - http-outgoing-3 &lt;&lt; &quot;[0x2][0x0][0x0][0x0][0x0][0x0][0x0][\r]nc: not found&quot;
22:48:53.292 [docker-java-stream--1505383931] DEBUG c.g.d.z.s.o.a.hc.client5.http.wire - http-outgoing-3 &lt;&lt; &quot;[0x2][0x0][0x0][0x0][0x0][0x0][0x0][0x1][\n]&quot;
22:48:53.296 [docker-java-stream--1505383931] DEBUG c.g.d.z.s.o.a.hc.client5.http.wire - http-outgoing-3 &lt;&lt; &quot;[0x2][0x0][0x0][0x0][0x0][0x0][0x0]4/bin/bash: connect: Cannot assign requested address[\n]&quot;
22:48:53.298 [docker-java-stream--1505383931] DEBUG c.g.d.z.s.o.a.hc.client5.http.wire - http-outgoing-3 &lt;&lt; &quot;[0x2][0x0][0x0][0x0][0x0][0x0][0x0]D/bin/bash: /dev/tcp/localhost/8080: Cannot assign requested address[\n]&quot;
22:48:53.447 [docker-java-stream--1505383931] DEBUG c.g.d.z.s.o.a.hc.client5.http.wire - http-outgoing-3 &lt;&lt; &quot;[0x2][0x0][0x0][0x0][0x0][0x0][0x0][0xc]/bin/sh: 1: &quot;
22:48:53.463 [docker-java-stream--1505383931] DEBUG c.g.d.z.s.o.a.hc.client5.http.wire - http-outgoing-3 &lt;&lt; &quot;[0x2][0x0][0x0][0x0][0x0][0x0][0x0][\r]nc: not found[0x2][0x0][0x0][0x0][0x0][0x0][0x0][0x1][\n]&quot;
22:48:53.484 [docker-java-stream--1505383931] DEBUG c.g.d.z.s.o.a.hc.client5.http.wire - http-outgoing-3 &lt;&lt; &quot;[0x2][0x0][0x0][0x0][0x0][0x0][0x0]4/bin/bash: connect: Cannot assign requested address[\n]&quot;
22:48:53.484 [docker-java-stream--1505383931] DEBUG c.g.d.z.s.o.a.hc.client5.http.wire - http-outgoing-3 &lt;&lt; &quot;[0x2][0x0][0x0][0x0][0x0][0x0][0x0]D/bin/bash: /dev/tcp/localhost/8080: Cannot assign requested address[\n]&quot;
22:48:53.605 [docker-java-stream--1505383931] DEBUG c.g.d.z.s.o.a.hc.client5.http.wire - http-outgoing-3 &lt;&lt; &quot;[0x2][0x0][0x0][0x0][0x0][0x0][0x0][0xc]/bin/sh: 1: &quot;
22:48:53.607 [docker-java-stream--1505383931] DEBUG c.g.d.z.s.o.a.hc.client5.http.wire - http-outgoing-3 &lt;&lt; &quot;[0x2][0x0][0x0][0x0][0x0][0x0][0x0][\r]nc: not found&quot;
22:48:53.607 [docker-java-stream--1505383931] DEBUG c.g.d.z.s.o.a.hc.client5.http.wire - http-outgoing-3 &lt;&lt; &quot;[0x2][0x0][0x0][0x0][0x0][0x0][0x0][0x1][\n]&quot;
22:48:53.619 [docker-java-stream--1505383931] DEBUG c.g.d.z.s.o.a.hc.client5.http.wire - http-outgoing-3 &lt;&lt; &quot;[0x2][0x0][0x0][0x0][0x0][0x0][0x0]4/bin/bash: connect: Cannot assign requested address[\n]&quot;
22:48:53.621 [docker-java-stream--1505383931] DEBUG c.g.d.z.s.o.a.hc.client5.http.wire - http-outgoing-3 &lt;&lt; &quot;[0x2][0x0][0x0][0x0][0x0][0x0][0x0]D/bin/bash: /dev/tcp/localhost/8080: Cannot assign requested address[\n]&quot;
22:48:53.747 [docker-java-stream--1505383931] DEBUG c.g.d.z.s.o.a.hc.client5.http.wire - http-outgoing-3 &lt;&lt; &quot;[0x2][0x0][0x0][0x0][0x0][0x0][0x0][0xc]/bin/sh: 1: &quot;
22:48:53.748 [docker-java-stream--1505383931] DEBUG c.g.d.z.s.o.a.hc.client5.http.wire - http-outgoing-3 &lt;&lt; &quot;[0x2][0x0][0x0][0x0][0x0][0x0][0x0][\r]nc: not found&quot;
22:48:53.748 [docker-java-stream--1505383931] DEBUG c.g.d.z.s.o.a.hc.client5.http.wire - http-outgoing-3 &lt;&lt; &quot;[0x2][0x0][0x0][0x0][0x0][0x0][0x0][0x1][\n]&quot;
22:48:53.760 [docker-java-stream--1505383931] DEBUG c.g.d.z.s.o.a.hc.client5.http.wire - http-outgoing-3 &lt;&lt; &quot;[0x2][0x0][0x0][0x0][0x0][0x0][0x0]4/bin/bash: connect: Cannot assign requested address[\n]&quot;
22:48:53.760 [docker-java-stream--1505383931] DEBUG c.g.d.z.s.o.a.hc.client5.http.wire - http-outgoing-3 &lt;&lt; &quot;[0x2][0x0][0x0][0x0][0x0][0x0][0x0]D/bin/bash: /dev/tcp/localhost/8080: Cannot assign requested address[\n]&quot;
22:48:53.886 [docker-java-stream--1505383931] DEBUG c.g.d.z.s.o.a.hc.client5.http.wire - http-outgoing-3 &lt;&lt; &quot;[0x2][0x0][0x0][0x0][0x0][0x0][0x0][0xc]/bin/sh: 1: &quot;
22:48:53.886 [docker-java-stream--1505383931] DEBUG c.g.d.z.s.o.a.hc.client5.http.wire - http-outgoing-3 &lt;&lt; &quot;[0x2][0x0][0x0][0x0][0x0][0x0][0x0][\r]nc: not found&quot;
22:48:53.886 [docker-java-stream--1505383931] DEBUG c.g.d.z.s.o.a.hc.client5.http.wire - http-outgoing-3 &lt;&lt; &quot;[0x2][0x0][0x0][0x0][0x0][0x0][0x0][0x1][\n]&quot;
22:48:53.901 [docker-java-stream--1505383931] DEBUG c.g.d.z.s.o.a.hc.client5.http.wire - http-outgoing-3 &lt;&lt; &quot;[0x2][0x0][0x0][0x0][0x0][0x0][0x0]4/bin/bash: connect: Cannot assign requested address[\n]&quot;
22:48:53.901 [docker-java-stream--1505383931] DEBUG c.g.d.z.s.o.a.hc.client5.http.wire - http-outgoing-3 &lt;&lt; &quot;[0x2][0x0][0x0][0x0][0x0][0x0][0x0]D/bin/bash: /dev/tcp/localhost/8080: Cannot assign requested address[\n]&quot;
22:48:54.016 [docker-java-stream--1505383931] DEBUG c.g.d.z.s.o.a.hc.client5.http.wire - http-outgoing-3 &lt;&lt; &quot;[0x2][0x0][0x0][0x0][0x0][0x0][0x0][0xc]/bin/sh: 1: &quot;
22:48:54.017 [docker-java-stream--1505383931] DEBUG c.g.d.z.s.o.a.hc.client5.http.wire - http-outgoing-3 &lt;&lt; &quot;[0x2][0x0][0x0][0x0][0x0][0x0][0x0][\r]nc: not found&quot;
22:48:54.018 [docker-java-stream--1505383931] DEBUG c.g.d.z.s.o.a.hc.client5.http.wire - http-outgoing-3 &lt;&lt; &quot;[0x2][0x0][0x0][0x0][0x0][0x0][0x0][0x1][\n]&quot;
22:48:54.032 [docker-java-stream--1505383931] DEBUG c.g.d.z.s.o.a.hc.client5.http.wire - http-outgoing-3 &lt;&lt; &quot;[0x2][0x0][0x0][0x0][0x0][0x0][0x0]4/bin/bash: connect: Cannot assign requested address[\n]&quot;
22:48:54.033 [docker-java-stream--1505383931] DEBUG c.g.d.z.s.o.a.hc.client5.http.wire - http-outgoing-3 &lt;&lt; &quot;[0x2][0x0][0x0][0x0][0x0][0x0][0x0]D/bin/bash: /dev/tcp/localhost/8080: Cannot assign requested address[\n]&quot;
22:48:54.157 [docker-java-stream--1505383931] DEBUG c.g.d.z.s.o.a.hc.client5.http.wire - http-outgoing-3 &lt;&lt; &quot;[0x2][0x0][0x0][0x0][0x0][0x0][0x0][0xc]/bin/sh: 1: &quot;
22:48:54.159 [docker-java-stream--1505383931] DEBUG c.g.d.z.s.o.a.hc.client5.http.wire - http-outgoing-3 &lt;&lt; &quot;[0x2][0x0][0x0][0x0][0x0][0x0][0x0][\r]nc: not found&quot;
22:48:54.159 [docker-java-stream--1505383931] DEBUG c.g.d.z.s.o.a.hc.client5.http.wire - http-outgoing-3 &lt;&lt; &quot;[0x2][0x0][0x0][0x0][0x0][0x0][0x0][0x1][\n]&quot;
22:48:54.172 [docker-java-stream--1505383931] DEBUG c.g.d.z.s.o.a.hc.client5.http.wire - http-outgoing-3 &lt;&lt; &quot;[0x2][0x0][0x0][0x0][0x0][0x0][0x0]4/bin/bash: connect: Cannot assign requested address[\n]&quot;
22:48:54.174 [docker-java-stream--1505383931] DEBUG c.g.d.z.s.o.a.hc.client5.http.wire - http-outgoing-3 &lt;&lt; &quot;[0x2][0x0][0x0][0x0][0x0][0x0][0x0]D/bin/bash: /dev/tcp/localhost/8080: Cannot assign requested address[\n]&quot;
22:48:54.297 [docker-java-stream--1505383931] DEBUG c.g.d.z.s.o.a.hc.client5.http.wire - http-outgoing-3 &lt;&lt; &quot;[0x2][0x0][0x0][0x0][0x0][0x0][0x0][0xc]/bin/sh: 1: &quot;
22:48:54.299 [docker-java-stream--1505383931] DEBUG c.g.d.z.s.o.a.hc.client5.http.wire - http-outgoing-3 &lt;&lt; &quot;[0x2][0x0][0x0][0x0][0x0][0x0][0x0][\r]nc: not found&quot;
22:48:54.299 [docker-java-stream--1505383931] DEBUG c.g.d.z.s.o.a.hc.client5.http.wire - http-outgoing-3 &lt;&lt; &quot;[0x2][0x0][0x0][0x0][0x0][0x0][0x0][0x1][\n]&quot;
22:48:54.305 [docker-java-stream--1505383931] DEBUG c.g.d.z.s.o.a.hc.client5.http.wire - http-outgoing-3 &lt;&lt; &quot;[0x2][0x0][0x0][0x0][0x0][0x0][0x0]4/bin/bash: connect: Cannot assign requested address[\n]&quot;
22:48:54.307 [docker-java-stream--1505383931] DEBUG c.g.d.z.s.o.a.hc.client5.http.wire - http-outgoing-3 &lt;&lt; &quot;[0x2][0x0][0x0][0x0][0x0][0x0][0x0]D/bin/bash: /dev/tcp/localhost/8080: Cannot assign requested address[\n]&quot;
22:48:54.433 [docker-java-stream--1505383931] DEBUG c.g.d.z.s.o.a.hc.client5.http.wire - http-outgoing-3 &lt;&lt; &quot;[0x2][0x0][0x0][0x0][0x0][0x0][0x0][0xc]/bin/sh: 1: &quot;
22:48:54.436 [docker-java-stream--1505383931] DEBUG c.g.d.z.s.o.a.hc.client5.http.wire - http-outgoing-3 &lt;&lt; &quot;[0x2][0x0][0x0][0x0][0x0][0x0][0x0][\r]nc: not found&quot;
22:48:54.436 [docker-java-stream--1505383931] DEBUG c.g.d.z.s.o.a.hc.client5.http.wire - http-outgoing-3 &lt;&lt; &quot;[0x2][0x0][0x0][0x0][0x0][0x0][0x0][0x1][\n]&quot;
22:48:54.449 [docker-java-stream--1505383931] DEBUG c.g.d.z.s.o.a.hc.client5.http.wire - http-outgoing-3 &lt;&lt; &quot;[0x2][0x0][0x0][0x0][0x0][0x0][0x0]4/bin/bash: connect: Cannot assign requested address[\n]&quot;
22:48:54.449 [docker-java-stream--1505383931] DEBUG c.g.d.z.s.o.a.hc.client5.http.wire - http-outgoing-3 &lt;&lt; &quot;[0x2][0x0][0x0][0x0][0x0][0x0][0x0]D/bin/bash: /dev/tcp/localhost/8080: Cannot assign requested address[\n]&quot;
22:48:54.576 [docker-java-stream--1505383931] DEBUG c.g.d.z.s.o.a.hc.client5.http.wire - http-outgoing-3 &lt;&lt; &quot;[0x2][0x0][0x0][0x0][0x0][0x0][0x0][0xc]/bin/sh: 1: &quot;
22:48:54.577 [docker-java-stream--1505383931] DEBUG c.g.d.z.s.o.a.hc.client5.http.wire - http-outgoing-3 &lt;&lt; &quot;[0x2][0x0][0x0][0x0][0x0][0x0][0x0][\r]nc: not found&quot;
22:48:54.578 [docker-java-stream--1505383931] DEBUG c.g.d.z.s.o.a.hc.client5.http.wire - http-outgoing-3 &lt;&lt; &quot;[0x2][0x0][0x0][0x0][0x0][0x0][0x0][0x1][\n]&quot;
22:48:54.597 [docker-java-stream--1505383931] DEBUG c.g.d.z.s.o.a.hc.client5.http.wire - http-outgoing-3 &lt;&lt; &quot;[0x2][0x0][0x0][0x0][0x0][0x0][0x0]4/bin/bash: connect: Cannot assign requested address[\n]&quot;
22:48:54.603 [docker-java-stream--1505383931] DEBUG c.g.d.z.s.o.a.hc.client5.http.wire - http-outgoing-3 &lt;&lt; &quot;[0x2][0x0][0x0][0x0][0x0][0x0][0x0]D/bin/bash: /dev/tcp/localhost/8080: Cannot assign requested address[\n]&quot;
22:48:54.736 [docker-java-stream--1505383931] DEBUG c.g.d.z.s.o.a.hc.client5.http.wire - http-outgoing-3 &lt;&lt; &quot;[0x2][0x0][0x0][0x0][0x0][0x0][0x0][0xc]/bin/sh: 1: &quot;
22:48:54.737 [docker-java-stream--1505383931] DEBUG c.g.d.z.s.o.a.hc.client5.http.wire - http-outgoing-3 &lt;&lt; &quot;[0x2][0x0][0x0][0x0][0x0][0x0][0x0][\r]nc: not found&quot;
22:48:54.738 [docker-java-stream--1505383931] DEBUG c.g.d.z.s.o.a.hc.client5.http.wire - http-outgoing-3 &lt;&lt; &quot;[0x2][0x0][0x0][0x0][0x0][0x0][0x0][0x1][\n]&quot;
22:48:54.746 [docker-java-stream--1505383931] DEBUG c.g.d.z.s.o.a.hc.client5.http.wire - http-outgoing-3 &lt;&lt; &quot;[0x2][0x0][0x0][0x0][0x0][0x0][0x0]4/bin/bash: connect: Cannot assign requested address[\n]&quot;
22:48:54.749 [docker-java-stream--1505383931] DEBUG c.g.d.z.s.o.a.hc.client5.http.wire - http-outgoing-3 &lt;&lt; &quot;[0x2][0x0][0x0][0x0][0x0][0x0][0x0]D/bin/bash: /dev/tcp/localhost/8080: Cannot assign requested address[\n]&quot;
22:48:54.880 [docker-java-stream--1505383931] DEBUG c.g.d.z.s.o.a.hc.client5.http.wire - http-outgoing-3 &lt;&lt; &quot;[0x2][0x0][0x0][0x0][0x0][0x0][0x0][0xc]/bin/sh: 1: &quot;
22:48:54.881 [docker-java-stream--1505383931] DEBUG c.g.d.z.s.o.a.hc.client5.http.wire - http-outgoing-3 &lt;&lt; &quot;[0x2][0x0][0x0][0x0][0x0][0x0][0x0][\r]nc: not found&quot;
22:48:54.881 [docker-java-stream--1505383931] DEBUG c.g.d.z.s.o.a.hc.client5.http.wire - http-outgoing-3 &lt;&lt; &quot;[0x2][0x0][0x0][0x0][0x0][0x0][0x0][0x1][\n]&quot;
22:48:54.892 [docker-java-stream--1505383931] DEBUG c.g.d.z.s.o.a.hc.client5.http.wire - http-outgoing-3 &lt;&lt; &quot;[0x2][0x0][0x0][0x0][0x0][0x0][0x0]4/bin/bash: connect: Cannot assign requested address[\n]&quot;
22:48:54.893 [docker-java-stream--1505383931] DEBUG c.g.d.z.s.o.a.hc.client5.http.wire - http-outgoing-3 &lt;&lt; &quot;[0x2][0x0][0x0][0x0][0x0][0x0][0x0]D/bin/bash: /dev/tcp/localhost/8080: Cannot assign requested address[\n]&quot;
22:48:55.009 [docker-java-stream--1505383931] DEBUG c.g.d.z.s.o.a.hc.client5.http.wire - http-outgoing-3 &lt;&lt; &quot;[0x2][0x0][0x0][0x0][0x0][0x0][0x0][0xc]/bin/sh: 1: &quot;
22:48:55.010 [docker-java-stream--1505383931] DEBUG c.g.d.z.s.o.a.hc.client5.http.wire - http-outgoing-3 &lt;&lt; &quot;[0x2][0x0][0x0][0x0][0x0][0x0][0x0][\r]nc: not found&quot;
22:48:55.011 [docker-java-stream--1505383931] DEBUG c.g.d.z.s.o.a.hc.client5.http.wire - http-outgoing-3 &lt;&lt; &quot;[0x2][0x0][0x0][0x0][0x0][0x0][0x0][0x1][\n]&quot;
22:48:55.020 [docker-java-stream--1505383931] DEBUG c.g.d.z.s.o.a.hc.client5.http.wire - http-outgoing-3 &lt;&lt; &quot;[0x2][0x0][0x0][0x0][0x0][0x0][0x0]4/bin/bash: connect: Cannot assign requested address[\n]&quot;
22:48:55.023 [docker-java-stream--1505383931] DEBUG c.g.d.z.s.o.a.hc.client5.http.wire - http-outgoing-3 &lt;&lt; &quot;[0x2][0x0][0x0][0x0][0x0][0x0][0x0]D/bin/bash: /dev/tcp/localhost/8080: Cannot assign requested address[\n]&quot;
22:48:55.149 [docker-java-stream--1505383931] DEBUG c.g.d.z.s.o.a.hc.client5.http.wire - http-outgoing-3 &lt;&lt; &quot;[0x2][0x0][0x0][0x0][0x0][0x0][0x0][0xc]/bin/sh: 1: &quot;
22:48:55.149 [docker-java-stream--1505383931] DEBUG c.g.d.z.s.o.a.hc.client5.http.wire - http-outgoing-3 &lt;&lt; &quot;[0x2][0x0][0x0][0x0][0x0][0x0][0x0][\r]nc: not found&quot;
22:48:55.149 [docker-java-stream--1505383931] DEBUG c.g.d.z.s.o.a.hc.client5.http.wire - http-outgoing-3 &lt;&lt; &quot;[0x2][0x0][0x0][0x0][0x0][0x0][0x0][0x1][\n]&quot;
22:48:55.158 [docker-java-stream--1505383931] DEBUG c.g.d.z.s.o.a.hc.client5.http.wire - http-outgoing-3 &lt;&lt; &quot;[0x2][0x0][0x0][0x0][0x0][0x0][0x0]4/bin/bash: connect: Cannot assign requested address[\n]&quot;
22:48:55.160 [docker-java-stream--1505383931] DEBUG c.g.d.z.s.o.a.hc.client5.http.wire - http-outgoing-3 &lt;&lt; &quot;[0x2][0x0][0x0][0x0][0x0][0x0][0x0]D/bin/bash: /dev/tcp/localhost/8080: Cannot assign requested address[\n]&quot;
22:48:55.287 [docker-java-stream--1505383931] DEBUG c.g.d.z.s.o.a.hc.client5.http.wire - http-outgoing-3 &lt;&lt; &quot;[0x2][0x0][0x0][0x0][0x0][0x0][0x0][0xc]/bin/sh: 1: &quot;
22:48:55.289 [docker-java-stream--1505383931] DEBUG c.g.d.z.s.o.a.hc.client5.http.wire - http-outgoing-3 &lt;&lt; &quot;[0x2][0x0][0x0][0x0][0x0][0x0][0x0][\r]nc: not found&quot;
22:48:55.289 [docker-java-stream--1505383931] DEBUG c.g.d.z.s.o.a.hc.client5.http.wire - http-outgoing-3 &lt;&lt; &quot;[0x2][0x0][0x0][0x0][0x0][0x0][0x0][0x1][\n]&quot;
22:48:55.304 [docker-java-stream--1505383931] DEBUG c.g.d.z.s.o.a.hc.client5.http.wire - http-outgoing-3 &lt;&lt; &quot;[0x2][0x0][0x0][0x0][0x0][0x0][0x0]4/bin/bash: connect: Cannot assign requested address[\n]&quot;
22:48:55.304 [docker-java-stream--1505383931] DEBUG c.g.d.z.s.o.a.hc.client5.http.wire - http-outgoing-3 &lt;&lt; &quot;[0x2][0x0][0x0][0x0][0x0][0x0][0x0]D/bin/bash: /dev/tcp/localhost/8080: Cannot assign requested address[\n]&quot;
22:48:55.443 [docker-java-stream--1505383931] DEBUG c.g.d.z.s.o.a.hc.client5.http.wire - http-outgoing-3 &lt;&lt; &quot;[0x2][0x0][0x0][0x0][0x0][0x0][0x0][0xc]/bin/sh: 1: &quot;
22:48:55.446 [docker-java-stream--1505383931] DEBUG c.g.d.z.s.o.a.hc.client5.http.wire - http-outgoing-3 &lt;&lt; &quot;[0x2][0x0][0x0][0x0][0x0][0x0][0x0][\r]nc: not found&quot;
22:48:55.447 [docker-java-stream--1505383931] DEBUG c.g.d.z.s.o.a.hc.client5.http.wire - http-outgoing-3 &lt;&lt; &quot;[0x2][0x0][0x0][0x0][0x0][0x0][0x0][0x1][\n]&quot;
22:48:55.457 [docker-java-stream--1505383931] DEBUG c.g.d.z.s.o.a.hc.client5.http.wire - http-outgoing-3 &lt;&lt; &quot;[0x2][0x0][0x0][0x0][0x0][0x0][0x0]4/bin/bash: connect: Cannot assign requested address[\n]&quot;
22:48:55.459 [docker-java-stream--1505383931] DEBUG c.g.d.z.s.o.a.hc.client5.http.wire - http-outgoing-3 &lt;&lt; &quot;[0x2][0x0][0x0][0x0][0x0][0x0][0x0]D/bin/bash: /dev/tcp/localhost/8080: Cannot assign requested address[\n]&quot;
22:48:55.585 [docker-java-stream--1505383931] DEBUG c.g.d.z.s.o.a.hc.client5.http.wire - http-outgoing-3 &lt;&lt; &quot;[0x2][0x0][0x0][0x0][0x0][0x0][0x0][0xc]/bin/sh: 1: &quot;
22:48:55.588 [docker-java-stream--1505383931] DEBUG c.g.d.z.s.o.a.hc.client5.http.wire - http-outgoing-3 &lt;&lt; &quot;[0x2][0x0][0x0][0x0][0x0][0x0][0x0][\r]nc: not found&quot;
22:48:55.588 [docker-java-stream--1505383931] DEBUG c.g.d.z.s.o.a.hc.client5.http.wire - http-outgoing-3 &lt;&lt; &quot;[0x2][0x0][0x0][0x0][0x0][0x0][0x0][0x1][\n]&quot;
22:48:55.593 [docker-java-stream--1505383931] DEBUG c.g.d.z.s.o.a.hc.client5.http.wire - http-outgoing-3 &lt;&lt; &quot;[0x2][0x0][0x0][0x0][0x0][0x0][0x0]4/bin/bash: connect: Cannot assign requested address[\n]&quot;
22:48:55.620 [docker-java-stream--1505383931] DEBUG c.g.d.z.s.o.a.hc.client5.http.wire - http-outgoing-3 &lt;&lt; &quot;[0x2][0x0][0x0][0x0][0x0][0x0][0x0]D/bin/bash: /dev/tcp/localhost/8080: Cannot assign requested address[\n]&quot;
22:48:55.747 [docker-java-stream--1505383931] DEBUG c.g.d.z.s.o.a.hc.client5.http.wire - http-outgoing-3 &lt;&lt; &quot;[0x2][0x0][0x0][0x0][0x0][0x0][0x0][0xc]/bin/sh: 1: &quot;
22:48:55.747 [docker-java-stream--1505383931] DEBUG c.g.d.z.s.o.a.hc.client5.http.wire - http-outgoing-3 &lt;&lt; &quot;[0x2][0x0][0x0][0x0][0x0][0x0][0x0][\r]nc: not found&quot;
22:48:55.747 [docker-java-stream--1505383931] DEBUG c.g.d.z.s.o.a.hc.client5.http.wire - http-outgoing-3 &lt;&lt; &quot;[0x2][0x0][0x0][0x0][0x0][0x0][0x0][0x1][\n]&quot;
22:48:55.758 [docker-java-stream--1505383931] DEBUG c.g.d.z.s.o.a.hc.client5.http.wire - http-outgoing-3 &lt;&lt; &quot;[0x2][0x0][0x0][0x0][0x0][0x0][0x0]4/bin/bash: connect: Cannot assign requested address[\n]&quot;
22:48:55.762 [docker-java-stream--1505383931] DEBUG c.g.d.z.s.o.a.hc.client5.http.wire - http-outgoing-3 &lt;&lt; &quot;[0x2][0x0][0x0][0x0][0x0][0x0][0x0]D/bin/bash: /dev/tcp/localhost/8080: Cannot assign requested address[\n]&quot;
22:48:55.896 [docker-java-stream--1505383931] DEBUG c.g.d.z.s.o.a.hc.client5.http.wire - http-outgoing-3 &lt;&lt; &quot;[0x2][0x0][0x0][0x0][0x0][0x0][0x0][0xc]/bin/sh: 1: &quot;
22:48:55.897 [docker-java-stream--1505383931] DEBUG c.g.d.z.s.o.a.hc.client5.http.wire - http-outgoing-3 &lt;&lt; &quot;[0x2][0x0][0x0][0x0][0x0][0x0][0x0][\r]nc: not found&quot;
22:48:55.897 [docker-java-stream--1505383931] DEBUG c.g.d.z.s.o.a.hc.client5.http.wire - http-outgoing-3 &lt;&lt; &quot;[0x2][0x0][0x0][0x0][0x0][0x0][0x0][0x1][\n]&quot;
22:48:55.909 [docker-java-stream--1505383931] DEBUG c.g.d.z.s.o.a.hc.client5.http.wire - http-outgoing-3 &lt;&lt; &quot;[0x2][0x0][0x0][0x0][0x0][0x0][0x0]4/bin/bash: connect: Cannot assign requested address[\n]&quot;
22:48:55.912 [docker-java-stream--1505383931] DEBUG c.g.d.z.s.o.a.hc.client5.http.wire - http-outgoing-3 &lt;&lt; &quot;[0x2][0x0][0x0][0x0][0x0][0x0][0x0]D/bin/bash: /dev/tcp/localhost/8080: Cannot assign requested address[\n]&quot;
22:48:56.045 [docker-java-stream--1505383931] DEBUG c.g.d.z.s.o.a.hc.client5.http.wire - http-outgoing-3 &lt;&lt; &quot;[0x2][0x0][0x0][0x0][0x0][0x0][0x0][0xc]/bin/sh: 1: &quot;
22:48:56.047 [docker-java-stream--1505383931] DEBUG c.g.d.z.s.o.a.hc.client5.http.wire - http-outgoing-3 &lt;&lt; &quot;[0x2][0x0][0x0][0x0][0x0][0x0][0x0][\r]nc: not found&quot;
22:48:56.047 [docker-java-stream--1505383931] DEBUG c.g.d.z.s.o.a.hc.client5.http.wire - http-outgoing-3 &lt;&lt; &quot;[0x2][0x0][0x0][0x0][0x0][0x0][0x0][0x1][\n]&quot;
22:48:56.056 [docker-java-stream--1505383931] DEBUG c.g.d.z.s.o.a.hc.client5.http.wire - http-outgoing-3 &lt;&lt; &quot;[0x2][0x0][0x0][0x0][0x0][0x0][0x0]4/bin/bash: connect: Cannot assign requested address[\n]&quot;
22:48:56.067 [docker-java-stream--1505383931] DEBUG c.g.d.z.s.o.a.hc.client5.http.wire - http-outgoing-3 &lt;&lt; &quot;[0x2][0x0][0x0][0x0][0x0][0x0][0x0]D/bin/bash: /dev/tcp/localhost/8080: Cannot assign requested address[\n]&quot;
22:48:56.193 [docker-java-stream--1505383931] DEBUG c.g.d.z.s.o.a.hc.client5.http.wire - http-outgoing-3 &lt;&lt; &quot;[0x2][0x0][0x0][0x0][0x0][0x0][0x0][0xc]/bin/sh: 1: &quot;
22:48:56.196 [docker-java-stream--1505383931] DEBUG c.g.d.z.s.o.a.hc.client5.http.wire - http-outgoing-3 &lt;&lt; &quot;[0x2][0x0][0x0][0x0][0x0][0x0][0x0][\r]nc: not found&quot;
22:48:56.196 [docker-java-stream--1505383931] DEBUG c.g.d.z.s.o.a.hc.client5.http.wire - http-outgoing-3 &lt;&lt; &quot;[0x2][0x0][0x0][0x0][0x0][0x0][0x0][0x1][\n]&quot;
22:48:56.205 [docker-java-stream--1505383931] DEBUG c.g.d.z.s.o.a.hc.client5.http.wire - http-outgoing-3 &lt;&lt; &quot;[0x2][0x0][0x0][0x0][0x0][0x0][0x0]4/bin/bash: connect: Cannot assign requested address[\n]&quot;
22:48:56.205 [docker-java-stream--1505383931] DEBUG c.g.d.z.s.o.a.hc.client5.http.wire - http-outgoing-3 &lt;&lt; &quot;[0x2][0x0][0x0][0x0][0x0][0x0][0x0]D/bin/bash: /dev/tcp/localhost/8080: Cannot assign requested address[\n]&quot;
22:48:56.334 [docker-java-stream--1505383931] DEBUG c.g.d.z.s.o.a.hc.client5.http.wire - http-outgoing-3 &lt;&lt; &quot;[0x2][0x0][0x0][0x0][0x0][0x0][0x0][0xc]/bin/sh: 1: &quot;
22:48:56.340 [docker-java-stream--1505383931] DEBUG c.g.d.z.s.o.a.hc.client5.http.wire - http-outgoing-3 &lt;&lt; &quot;[0x2][0x0][0x0][0x0][0x0][0x0][0x0][\r]nc: not found&quot;
22:48:56.341 [docker-java-stream--1505383931] DEBUG c.g.d.z.s.o.a.hc.client5.http.wire - http-outgoing-3 &lt;&lt; &quot;[0x2][0x0][0x0][0x0][0x0][0x0][0x0][0x1][\n]&quot;
22:48:56.345 [docker-java-stream--1505383931] DEBUG c.g.d.z.s.o.a.hc.client5.http.wire - http-outgoing-3 &lt;&lt; &quot;[0x2][0x0][0x0][0x0][0x0][0x0][0x0]4/bin/bash: connect: Cannot assign requested address[\n]&quot;
22:48:56.348 [docker-java-stream--1505383931] DEBUG c.g.d.z.s.o.a.hc.client5.http.wire - http-outgoing-3 &lt;&lt; &quot;[0x2][0x0][0x0][0x0][0x0][0x0][0x0]D/bin/bash: /dev/tcp/localhost/8080: Cannot assign requested address[\n]&quot;
22:48:56.484 [docker-java-stream--1505383931] DEBUG c.g.d.z.s.o.a.hc.client5.http.wire - http-outgoing-3 &lt;&lt; &quot;[0x2][0x0][0x0][0x0][0x0][0x0][0x0][0xc]/bin/sh: 1: &quot;
22:48:56.485 [docker-java-stream--1505383931] DEBUG c.g.d.z.s.o.a.hc.client5.http.wire - http-outgoing-3 &lt;&lt; &quot;[0x2][0x0][0x0][0x0][0x0][0x0][0x0][\r]nc: not found&quot;
22:48:56.486 [docker-java-stream--1505383931] DEBUG c.g.d.z.s.o.a.hc.client5.http.wire - http-outgoing-3 &lt;&lt; &quot;[0x2][0x0][0x0][0x0][0x0][0x0][0x0][0x1][\n]&quot;
22:48:56.499 [docker-java-stream--1505383931] DEBUG c.g.d.z.s.o.a.hc.client5.http.wire - http-outgoing-3 &lt;&lt; &quot;[0x2][0x0][0x0][0x0][0x0][0x0][0x0]4/bin/bash: connect: Cannot assign requested address[\n]&quot;
22:48:56.500 [docker-java-stream--1505383931] DEBUG c.g.d.z.s.o.a.hc.client5.http.wire - http-outgoing-3 &lt;&lt; &quot;[0x2][0x0][0x0][0x0][0x0][0x0][0x0]D/bin/bash: /dev/tcp/localhost/8080: Cannot assign requested address[\n]&quot;
22:48:56.621 [docker-java-stream--1505383931] DEBUG c.g.d.z.s.o.a.hc.client5.http.wire - http-outgoing-3 &lt;&lt; &quot;[0x2][0x0][0x0][0x0][0x0][0x0][0x0][0xc]/bin/sh: 1: &quot;
22:48:56.622 [docker-java-stream--1505383931] DEBUG c.g.d.z.s.o.a.hc.client5.http.wire - http-outgoing-3 &lt;&lt; &quot;[0x2][0x0][0x0][0x0][0x0][0x0][0x0][\r]nc: not found&quot;
22:48:56.622 [docker-java-stream--1505383931] DEBUG c.g.d.z.s.o.a.hc.client5.http.wire - http-outgoing-3 &lt;&lt; &quot;[0x2][0x0][0x0][0x0][0x0][0x0][0x0][0x1][\n]&quot;
22:48:56.634 [docker-java-stream--1505383931] DEBUG c.g.d.z.s.o.a.hc.client5.http.wire - http-outgoing-3 &lt;&lt; &quot;[0x2][0x0][0x0][0x0][0x0][0x0][0x0]4/bin/bash: connect: Cannot assign requested address[\n]&quot;
22:48:56.634 [docker-java-stream--1505383931] DEBUG c.g.d.z.s.o.a.hc.client5.http.wire - http-outgoing-3 &lt;&lt; &quot;[0x2][0x0][0x0][0x0][0x0][0x0][0x0]D/bin/bash: /dev/tcp/localhost/8080: Cannot assign requested address[\n]&quot;
22:48:56.761 [docker-java-stream--1505383931] DEBUG c.g.d.z.s.o.a.hc.client5.http.wire - http-outgoing-3 &lt;&lt; &quot;[0x2][0x0][0x0][0x0][0x0][0x0][0x0][0xc]/bin/sh: 1: &quot;
22:48:56.761 [docker-java-stream--1505383931] DEBUG c.g.d.z.s.o.a.hc.client5.http.wire - http-outgoing-3 &lt;&lt; &quot;[0x2][0x0][0x0][0x0][0x0][0x0][0x0][\r]nc: not found&quot;
22:48:56.761 [docker-java-stream--1505383931] DEBUG c.g.d.z.s.o.a.hc.client5.http.wire - http-outgoing-3 &lt;&lt; &quot;[0x2][0x0][0x0][0x0][0x0][0x0][0x0][0x1][\n]&quot;
22:48:56.767 [docker-java-stream--1505383931] DEBUG c.g.d.z.s.o.a.hc.client5.http.wire - http-outgoing-3 &lt;&lt; &quot;[0x2][0x0][0x0][0x0][0x0][0x0][0x0]4/bin/bash: connect: Cannot assign requested address[\n]&quot;
22:48:56.773 [docker-java-stream--1505383931] DEBUG c.g.d.z.s.o.a.hc.client5.http.wire - http-outgoing-3 &lt;&lt; &quot;[0x2][0x0][0x0][0x0][0x0][0x0][0x0]D/bin/bash: /dev/tcp/localhost/8080: Cannot assign requested address[\n]&quot;
22:48:56.902 [docker-java-stream--1505383931] DEBUG c.g.d.z.s.o.a.hc.client5.http.wire - http-outgoing-3 &lt;&lt; &quot;[0x2][0x0][0x0][0x0][0x0][0x0][0x0][0xc]/bin/sh: 1: &quot;
22:48:56.911 [docker-java-stream--1505383931] DEBUG c.g.d.z.s.o.a.hc.client5.http.wire - http-outgoing-3 &lt;&lt; &quot;[0x2][0x0][0x0][0x0][0x0][0x0][0x0][\r]nc: not found&quot;
22:48:56.911 [docker-java-stream--1505383931] DEBUG c.g.d.z.s.o.a.hc.client5.http.wire - http-outgoing-3 &lt;&lt; &quot;[0x2][0x0][0x0][0x0][0x0][0x0][0x0][0x1][\n]&quot;
22:48:56.918 [docker-java-stream--1505383931] DEBUG c.g.d.z.s.o.a.hc.client5.http.wire - http-outgoing-3 &lt;&lt; &quot;[0x2][0x0][0x0][0x0][0x0][0x0][0x0]4/bin/bash: connect: Cannot assign requested address[\n]&quot;
22:48:56.927 [docker-java-stream--1505383931] DEBUG c.g.d.z.s.o.a.hc.client5.http.wire - http-outgoing-3 &lt;&lt; &quot;[0x2][0x0][0x0][0x0][0x0][0x0][0x0]D/bin/bash: /dev/tcp/localhost/8080: Cannot assign requested address[\n]&quot;
22:48:57.053 [docker-java-stream--1505383931] DEBUG c.g.d.z.s.o.a.hc.client5.http.wire - http-outgoing-3 &lt;&lt; &quot;[0x2][0x0][0x0][0x0][0x0][0x0][0x0][0xc]/bin/sh: 1: &quot;
22:48:57.056 [docker-java-stream--1505383931] DEBUG c.g.d.z.s.o.a.hc.client5.http.wire - http-outgoing-3 &lt;&lt; &quot;[0x2][0x0][0x0][0x0][0x0][0x0][0x0][\r]nc: not found&quot;
22:48:57.056 [docker-java-stream--1505383931] DEBUG c.g.d.z.s.o.a.hc.client5.http.wire - http-outgoing-3 &lt;&lt; &quot;[0x2][0x0][0x0][0x0][0x0][0x0][0x0][0x1][\n]&quot;
22:48:57.064 [docker-java-stream--1505383931] DEBUG c.g.d.z.s.o.a.hc.client5.http.wire - http-outgoing-3 &lt;&lt; &quot;[0x2][0x0][0x0][0x0][0x0][0x0][0x0]4/bin/bash: connect: Cannot assign requested address[\n]&quot;
22:48:57.064 [docker-java-stream--1505383931] DEBUG c.g.d.z.s.o.a.hc.client5.http.wire - http-outgoing-3 &lt;&lt; &quot;[0x2][0x0][0x0][0x0][0x0][0x0][0x0]D/bin/bash: /dev/tcp/localhost/8080: Cannot assign requested address[\n]&quot;
22:48:57.192 [docker-java-stream--1505383931] DEBUG c.g.d.z.s.o.a.hc.client5.http.wire - http-outgoing-3 &lt;&lt; &quot;[0x2][0x0][0x0][0x0][0x0][0x0][0x0][0xc]/bin/sh: 1: &quot;
22:48:57.192 [docker-java-stream--1505383931] DEBUG c.g.d.z.s.o.a.hc.client5.http.wire - http-outgoing-3 &lt;&lt; &quot;[0x2][0x0][0x0][0x0][0x0][0x0][0x0][\r]nc: not found&quot;
22:48:57.192 [docker-java-stream--1505383931] DEBUG c.g.d.z.s.o.a.hc.client5.http.wire - http-outgoing-3 &lt;&lt; &quot;[0x2][0x0][0x0][0x0][0x0][0x0][0x0][0x1][\n]&quot;
22:48:57.202 [docker-java-stream--1505383931] DEBUG c.g.d.z.s.o.a.hc.client5.http.wire - http-outgoing-3 &lt;&lt; &quot;[0x2][0x0][0x0][0x0][0x0][0x0][0x0]4/bin/bash: connect: Cannot assign requested address[\n]&quot;
22:48:57.202 [docker-java-stream--1505383931] DEBUG c.g.d.z.s.o.a.hc.client5.http.wire - http-outgoing-3 &lt;&lt; &quot;[0x2][0x0][0x0][0x0][0x0][0x0][0x0]D/bin/bash: /dev/tcp/localhost/8080: Cannot assign requested address[\n]&quot;
22:48:57.328 [docker-java-stream--1505383931] DEBUG c.g.d.z.s.o.a.hc.client5.http.wire - http-outgoing-3 &lt;&lt; &quot;[0x2][0x0][0x0][0x0][0x0][0x0][0x0][0xc]/bin/sh: 1: &quot;
22:48:57.328 [docker-java-stream--1505383931] DEBUG c.g.d.z.s.o.a.hc.client5.http.wire - http-outgoing-3 &lt;&lt; &quot;[0x2][0x0][0x0][0x0][0x0][0x0][0x0][\r]nc: not found&quot;
22:48:57.328 [docker-java-stream--1505383931] DEBUG c.g.d.z.s.o.a.hc.client5.http.wire - http-outgoing-3 &lt;&lt; &quot;[0x2][0x0][0x0][0x0][0x0][0x0][0x0][0x1][\n]&quot;
22:48:57.337 [docker-java-stream--1505383931] DEBUG c.g.d.z.s.o.a.hc.client5.http.wire - http-outgoing-3 &lt;&lt; &quot;[0x2][0x0][0x0][0x0][0x0][0x0][0x0]4/bin/bash: connect: Cannot assign requested address[\n]&quot;
22:48:57.338 [docker-java-stream--1505383931] DEBUG c.g.d.z.s.o.a.hc.client5.http.wire - http-outgoing-3 &lt;&lt; &quot;[0x2][0x0][0x0][0x0][0x0][0x0][0x0]D/bin/bash: /dev/tcp/localhost/8080: Cannot assign requested address[\n]&quot;
22:48:57.459 [docker-java-stream--1505383931] DEBUG c.g.d.z.s.o.a.hc.client5.http.wire - http-outgoing-3 &lt;&lt; &quot;[0x2][0x0][0x0][0x0][0x0][0x0][0x0][0xc]/bin/sh: 1: &quot;
22:48:57.461 [docker-java-stream--1505383931] DEBUG c.g.d.z.s.o.a.hc.client5.http.wire - http-outgoing-3 &lt;&lt; &quot;[0x2][0x0][0x0][0x0][0x0][0x0][0x0][\r]nc: not found&quot;
22:48:57.461 [docker-java-stream--1505383931] DEBUG c.g.d.z.s.o.a.hc.client5.http.wire - http-outgoing-3 &lt;&lt; &quot;[0x2][0x0][0x0][0x0][0x0][0x0][0x0][0x1][\n]&quot;
22:48:57.467 [docker-java-stream--1505383931] DEBUG c.g.d.z.s.o.a.hc.client5.http.wire - http-outgoing-3 &lt;&lt; &quot;[0x2][0x0][0x0][0x0][0x0][0x0][0x0]4/bin/bash: connect: Cannot assign requested address[\n]&quot;
22:48:57.470 [docker-java-stream--1505383931] DEBUG c.g.d.z.s.o.a.hc.client5.http.wire - http-outgoing-3 &lt;&lt; &quot;[0x2][0x0][0x0][0x0][0x0][0x0][0x0]D/bin/bash: /dev/tcp/localhost/8080: Cannot assign requested address[\n]&quot;
22:48:57.607 [docker-java-stream--1505383931] DEBUG c.g.d.z.s.o.a.hc.client5.http.wire - http-outgoing-3 &lt;&lt; &quot;[0x2][0x0][0x0][0x0][0x0][0x0][0x0][0xc]/bin/sh: 1: &quot;
22:48:57.608 [docker-java-stream--1505383931] DEBUG c.g.d.z.s.o.a.hc.client5.http.wire - http-outgoing-3 &lt;&lt; &quot;[0x2][0x0][0x0][0x0][0x0][0x0][0x0][\r]nc: not found&quot;
22:48:57.608 [docker-java-stream--1505383931] DEBUG c.g.d.z.s.o.a.hc.client5.http.wire - http-outgoing-3 &lt;&lt; &quot;[0x2][0x0][0x0][0x0][0x0][0x0][0x0][0x1][\n]&quot;
22:48:57.613 [docker-java-stream--1505383931] DEBUG c.g.d.z.s.o.a.hc.client5.http.wire - http-outgoing-3 &lt;&lt; &quot;[0x2][0x0][0x0][0x0][0x0][0x0][0x0]4/bin/bash: connect: Cannot assign requested address[\n]&quot;
22:48:57.616 [docker-java-stream--1505383931] DEBUG c.g.d.z.s.o.a.hc.client5.http.wire - http-outgoing-3 &lt;&lt; &quot;[0x2][0x0][0x0][0x0][0x0][0x0][0x0]D/bin/bash: /dev/tcp/localhost/8080: Cannot assign requested address[\n]&quot;
22:48:57.745 [docker-java-stream--1505383931] DEBUG c.g.d.z.s.o.a.hc.client5.http.wire - http-outgoing-3 &lt;&lt; &quot;[0x2][0x0][0x0][0x0][0x0][0x0][0x0][0xc]/bin/sh: 1: &quot;
22:48:57.747 [docker-java-stream--1505383931] DEBUG c.g.d.z.s.o.a.hc.client5.http.wire - http-outgoing-3 &lt;&lt; &quot;[0x2][0x0][0x0][0x0][0x0][0x0][0x0][\r]nc: not found&quot;
22:48:57.747 [docker-java-stream--1505383931] DEBUG c.g.d.z.s.o.a.hc.client5.http.wire - http-outgoing-3 &lt;&lt; &quot;[0x2][0x0][0x0][0x0][0x0][0x0][0x0][0x1][\n]&quot;
22:48:57.756 [docker-java-stream--1505383931] DEBUG c.g.d.z.s.o.a.hc.client5.http.wire - http-outgoing-3 &lt;&lt; &quot;[0x2][0x0][0x0][0x0][0x0][0x0][0x0]4/bin/bash: connect: Cannot assign requested address[\n]&quot;
22:48:57.759 [docker-java-stream--1505383931] DEBUG c.g.d.z.s.o.a.hc.client5.http.wire - http-outgoing-3 &lt;&lt; &quot;[0x2][0x0][0x0][0x0][0x0][0x0][0x0]D/bin/bash: /dev/tcp/localhost/8080: Cannot assign requested address[\n]&quot;
22:48:57.893 [docker-java-stream--1505383931] DEBUG c.g.d.z.s.o.a.hc.client5.http.wire - http-outgoing-3 &lt;&lt; &quot;[0x2][0x0][0x0][0x0][0x0][0x0][0x0][0xc]/bin/sh: 1: &quot;
22:48:57.893 [docker-java-stream--1505383931] DEBUG c.g.d.z.s.o.a.hc.client5.http.wire - http-outgoing-3 &lt;&lt; &quot;[0x2][0x0][0x0][0x0][0x0][0x0][0x0][\r]nc: not found&quot;
22:48:57.893 [docker-java-stream--1505383931] DEBUG c.g.d.z.s.o.a.hc.client5.http.wire - http-outgoing-3 &lt;&lt; &quot;[0x2][0x0][0x0][0x0][0x0][0x0][0x0][0x1][\n]&quot;
22:48:57.899 [docker-java-stream--1505383931] DEBUG c.g.d.z.s.o.a.hc.client5.http.wire - http-outgoing-3 &lt;&lt; &quot;[0x2][0x0][0x0][0x0][0x0][0x0][0x0]4/bin/bash: connect: Cannot assign requested address[\n]&quot;
22:48:57.900 [docker-java-stream--1505383931] DEBUG c.g.d.z.s.o.a.hc.client5.http.wire - http-outgoing-3 &lt;&lt; &quot;[0x2][0x0][0x0][0x0][0x0][0x0][0x0]D/bin/bash: /dev/tcp/localhost/8080: Cannot assign requested address[\n]&quot;
22:48:58.017 [docker-java-stream--1505383931] DEBUG c.g.d.z.s.o.a.hc.client5.http.wire - http-outgoing-3 &lt;&lt; &quot;[0x2][0x0][0x0][0x0][0x0][0x0][0x0][0xc]/bin/sh: 1: &quot;
22:48:58.019 [docker-java-stream--1505383931] DEBUG c.g.d.z.s.o.a.hc.client5.http.wire - http-outgoing-3 &lt;&lt; &quot;[0x2][0x0][0x0][0x0][0x0][0x0][0x0][\r]nc: not found&quot;
22:48:58.019 [docker-java-stream--1505383931] DEBUG c.g.d.z.s.o.a.hc.client5.http.wire - http-outgoing-3 &lt;&lt; &quot;[0x2][0x0][0x0][0x0][0x0][0x0][0x0][0x1][\n]&quot;
22:48:58.029 [docker-java-stream--1505383931] DEBUG c.g.d.z.s.o.a.hc.client5.http.wire - http-outgoing-3 &lt;&lt; &quot;[0x2][0x0][0x0][0x0][0x0][0x0][0x0]4/bin/bash: connect: Cannot assign requested address[\n]&quot;
22:48:58.031 [docker-java-stream--1505383931] DEBUG c.g.d.z.s.o.a.hc.client5.http.wire - http-outgoing-3 &lt;&lt; &quot;[0x2][0x0][0x0][0x0][0x0][0x0][0x0]D/bin/bash: /dev/tcp/localhost/8080: Cannot assign requested address[\n]&quot;
22:48:58.155 [docker-java-stream--1505383931] DEBUG c.g.d.z.s.o.a.hc.client5.http.wire - http-outgoing-3 &lt;&lt; &quot;[0x2][0x0][0x0][0x0][0x0][0x0][0x0][0xc]/bin/sh: 1: &quot;
22:48:58.156 [docker-java-stream--1505383931] DEBUG c.g.d.z.s.o.a.hc.client5.http.wire - http-outgoing-3 &lt;&lt; &quot;[0x2][0x0][0x0][0x0][0x0][0x0][0x0][\r]nc: not found&quot;
22:48:58.156 [docker-java-stream--1505383931] DEBUG c.g.d.z.s.o.a.hc.client5.http.wire - http-outgoing-3 &lt;&lt; &quot;[0x2][0x0][0x0][0x0][0x0][0x0][0x0][0x1][\n]&quot;
22:48:58.168 [docker-java-stream--1505383931] DEBUG c.g.d.z.s.o.a.hc.client5.http.wire - http-outgoing-3 &lt;&lt; &quot;[0x2][0x0][0x0][0x0][0x0][0x0][0x0]4/bin/bash: connect: Cannot assign requested address[\n]&quot;
22:48:58.169 [docker-java-stream--1505383931] DEBUG c.g.d.z.s.o.a.hc.client5.http.wire - http-outgoing-3 &lt;&lt; &quot;[0x2][0x0][0x0][0x0][0x0][0x0][0x0]D/bin/bash: /dev/tcp/localhost/8080: Cannot assign requested address[\n]&quot;
22:48:58.290 [docker-java-stream--1505383931] DEBUG c.g.d.z.s.o.a.hc.client5.http.wire - http-outgoing-3 &lt;&lt; &quot;[0x2][0x0][0x0][0x0][0x0][0x0][0x0][0xc]/bin/sh: 1: &quot;
22:48:58.293 [docker-java-stream--1505383931] DEBUG c.g.d.z.s.o.a.hc.client5.http.wire - http-outgoing-3 &lt;&lt; &quot;[0x2][0x0][0x0][0x0][0x0][0x0][0x0][0xe]nc: not found[\n]&quot;
22:48:58.327 [docker-java-stream--1505383931] DEBUG c.g.d.z.s.o.a.hc.client5.http.wire - http-outgoing-3 &lt;&lt; &quot;[0x2][0x0][0x0][0x0][0x0][0x0][0x0]x/bin/bash: connect: Cannot assign requested address[\n]&quot;
22:48:58.327 [docker-java-stream--1505383931] DEBUG c.g.d.z.s.o.a.hc.client5.http.wire - http-outgoing-3 &lt;&lt; &quot;/bin/bash: /dev/tcp/localhost/8080: Cannot assign requested address[\n]&quot;
22:48:58.446 [docker-java-stream--1505383931] DEBUG c.g.d.z.s.o.a.hc.client5.http.wire - http-outgoing-3 &lt;&lt; &quot;[0x2][0x0][0x0][0x0][0x0][0x0][0x0][0xc]/bin/sh: 1: &quot;
22:48:58.448 [docker-java-stream--1505383931] DEBUG c.g.d.z.s.o.a.hc.client5.http.wire - http-outgoing-3 &lt;&lt; &quot;[0x2][0x0][0x0][0x0][0x0][0x0][0x0][\r]nc: not found&quot;
22:48:58.449 [docker-java-stream--1505383931] DEBUG c.g.d.z.s.o.a.hc.client5.http.wire - http-outgoing-3 &lt;&lt; &quot;[0x2][0x0][0x0][0x0][0x0][0x0][0x0][0x1][\n]&quot;
22:48:58.456 [docker-java-stream--1505383931] DEBUG c.g.d.z.s.o.a.hc.client5.http.wire - http-outgoing-3 &lt;&lt; &quot;[0x2][0x0][0x0][0x0][0x0][0x0][0x0]4/bin/bash: connect: Cannot assign requested address[\n]&quot;
22:48:58.466 [docker-java-stream--1505383931] DEBUG c.g.d.z.s.o.a.hc.client5.http.wire - http-outgoing-3 &lt;&lt; &quot;[0x2][0x0][0x0][0x0][0x0][0x0][0x0]D/bin/bash: /dev/tcp/localhost/8080: Cannot assign requested address[\n]&quot;
22:48:58.598 [docker-java-stream--1505383931] DEBUG c.g.d.z.s.o.a.hc.client5.http.wire - http-outgoing-3 &lt;&lt; &quot;[0x2][0x0][0x0][0x0][0x0][0x0][0x0][0xc]/bin/sh: 1: &quot;
22:48:58.598 [docker-java-stream--1505383931] DEBUG c.g.d.z.s.o.a.hc.client5.http.wire - http-outgoing-3 &lt;&lt; &quot;[0x2][0x0][0x0][0x0][0x0][0x0][0x0][\r]nc: not found&quot;
22:48:58.598 [docker-java-stream--1505383931] DEBUG c.g.d.z.s.o.a.hc.client5.http.wire - http-outgoing-3 &lt;&lt; &quot;[0x2][0x0][0x0][0x0][0x0][0x0][0x0][0x1][\n]&quot;
22:48:58.612 [docker-java-stream--1505383931] DEBUG c.g.d.z.s.o.a.hc.client5.http.wire - http-outgoing-3 &lt;&lt; &quot;[0x2][0x0][0x0][0x0][0x0][0x0][0x0]4/bin/bash: connect: Cannot assign requested address[\n]&quot;
22:48:58.613 [docker-java-stream--1505383931] DEBUG c.g.d.z.s.o.a.hc.client5.http.wire - http-outgoing-3 &lt;&lt; &quot;[0x2][0x0][0x0][0x0][0x0][0x0][0x0]D/bin/bash: /dev/tcp/localhost/8080: Cannot assign requested address[\n]&quot;
22:48:58.731 [docker-java-stream--1505383931] DEBUG c.g.d.z.s.o.a.hc.client5.http.wire - http-outgoing-3 &lt;&lt; &quot;[0x2][0x0][0x0][0x0][0x0][0x0][0x0][0xc]/bin/sh: 1: &quot;
22:48:58.734 [docker-java-stream--1505383931] DEBUG c.g.d.z.s.o.a.hc.client5.http.wire - http-outgoing-3 &lt;&lt; &quot;[0x2][0x0][0x0][0x0][0x0][0x0][0x0][\r]nc: not found&quot;
22:48:58.734 [docker-java-stream--1505383931] DEBUG c.g.d.z.s.o.a.hc.client5.http.wire - http-outgoing-3 &lt;&lt; &quot;[0x2][0x0][0x0][0x0][0x0][0x0][0x0][0x1][\n]&quot;
22:48:58.747 [docker-java-stream--1505383931] DEBUG c.g.d.z.s.o.a.hc.client5.http.wire - http-outgoing-3 &lt;&lt; &quot;[0x2][0x0][0x0][0x0][0x0][0x0][0x0]4/bin/bash: connect: Cannot assign requested address[\n]&quot;
22:48:58.747 [docker-java-stream--1505383931] DEBUG c.g.d.z.s.o.a.hc.client5.http.wire - http-outgoing-3 &lt;&lt; &quot;[0x2][0x0][0x0][0x0][0x0][0x0][0x0]D/bin/bash: /dev/tcp/localhost/8080: Cannot assign requested address[\n]&quot;
22:48:58.872 [docker-java-stream--1505383931] DEBUG c.g.d.z.s.o.a.hc.client5.http.wire - http-outgoing-3 &lt;&lt; &quot;[0x2][0x0][0x0][0x0][0x0][0x0][0x0][0xc]/bin/sh: 1: &quot;
22:48:58.873 [docker-java-stream--1505383931] DEBUG c.g.d.z.s.o.a.hc.client5.http.wire - http-outgoing-3 &lt;&lt; &quot;[0x2][0x0][0x0][0x0][0x0][0x0][0x0][\r]nc: not found&quot;
22:48:58.873 [docker-java-stream--1505383931] DEBUG c.g.d.z.s.o.a.hc.client5.http.wire - http-outgoing-3 &lt;&lt; &quot;[0x2][0x0][0x0][0x0][0x0][0x0][0x0][0x1][\n]&quot;
22:48:58.883 [docker-java-stream--1505383931] DEBUG c.g.d.z.s.o.a.hc.client5.http.wire - http-outgoing-3 &lt;&lt; &quot;[0x2][0x0][0x0][0x0][0x0][0x0][0x0]4/bin/bash: connect: Cannot assign requested address[\n]&quot;
22:48:58.883 [docker-java-stream--1505383931] DEBUG c.g.d.z.s.o.a.hc.client5.http.wire - http-outgoing-3 &lt;&lt; &quot;[0x2][0x0][0x0][0x0][0x0][0x0][0x0]D/bin/bash: /dev/tcp/localhost/8080: Cannot assign requested address[\n]&quot;
22:48:59.004 [docker-java-stream--1505383931] DEBUG c.g.d.z.s.o.a.hc.client5.http.wire - http-outgoing-3 &lt;&lt; &quot;[0x2][0x0][0x0][0x0][0x0][0x0][0x0][0xc]/bin/sh: 1: &quot;
22:48:59.005 [docker-java-stream--1505383931] DEBUG c.g.d.z.s.o.a.hc.client5.http.wire - http-outgoing-3 &lt;&lt; &quot;[0x2][0x0][0x0][0x0][0x0][0x0][0x0][\r]nc: not found&quot;
22:48:59.005 [docker-java-stream--1505383931] DEBUG c.g.d.z.s.o.a.hc.client5.http.wire - http-outgoing-3 &lt;&lt; &quot;[0x2][0x0][0x0][0x0][0x0][0x0][0x0][0x1][\n]&quot;
22:48:59.018 [docker-java-stream--1505383931] DEBUG c.g.d.z.s.o.a.hc.client5.http.wire - http-outgoing-3 &lt;&lt; &quot;[0x2][0x0][0x0][0x0][0x0][0x0][0x0]4/bin/bash: connect: Cannot assign requested address[\n]&quot;
22:48:59.022 [docker-java-stream--1505383931] DEBUG c.g.d.z.s.o.a.hc.client5.http.wire - http-outgoing-3 &lt;&lt; &quot;[0x2][0x0][0x0][0x0][0x0][0x0][0x0]D/bin/bash: /dev/tcp/localhost/8080: Cannot assign requested address[\n]&quot;
22:48:59.160 [docker-java-stream--1505383931] DEBUG c.g.d.z.s.o.a.hc.client5.http.wire - http-outgoing-3 &lt;&lt; &quot;[0x2][0x0][0x0][0x0][0x0][0x0][0x0][0xc]/bin/sh: 1: &quot;
22:48:59.160 [docker-java-stream--1505383931] DEBUG c.g.d.z.s.o.a.hc.client5.http.wire - http-outgoing-3 &lt;&lt; &quot;[0x2][0x0][0x0][0x0][0x0][0x0][0x0][\r]nc: not found&quot;
22:48:59.160 [docker-java-stream--1505383931] DEBUG c.g.d.z.s.o.a.hc.client5.http.wire - http-outgoing-3 &lt;&lt; &quot;[0x2][0x0][0x0][0x0][0x0][0x0][0x0][0x1][\n]&quot;
22:48:59.166 [docker-java-stream--1505383931] DEBUG c.g.d.z.s.o.a.hc.client5.http.wire - http-outgoing-3 &lt;&lt; &quot;[0x2][0x0][0x0][0x0][0x0][0x0][0x0]4/bin/bash: connect: Cannot assign requested address[\n]&quot;
22:48:59.171 [docker-java-stream--1505383931] DEBUG c.g.d.z.s.o.a.hc.client5.http.wire - http-outgoing-3 &lt;&lt; &quot;[0x2][0x0][0x0][0x0][0x0][0x0][0x0]D/bin/bash: /dev/tcp/localhost/8080: Cannot assign requested address[\n]&quot;
22:48:59.287 [docker-java-stream--1505383931] DEBUG c.g.d.z.s.o.a.hc.client5.http.wire - http-outgoing-3 &lt;&lt; &quot;[0x2][0x0][0x0][0x0][0x0][0x0][0x0][0xc]/bin/sh: 1: &quot;
22:48:59.288 [docker-java-stream--1505383931] DEBUG c.g.d.z.s.o.a.hc.client5.http.wire - http-outgoing-3 &lt;&lt; &quot;[0x2][0x0][0x0][0x0][0x0][0x0][0x0][\r]nc: not found&quot;
22:48:59.288 [docker-java-stream--1505383931] DEBUG c.g.d.z.s.o.a.hc.client5.http.wire - http-outgoing-3 &lt;&lt; &quot;[0x2][0x0][0x0][0x0][0x0][0x0][0x0][0x1][\n]&quot;
22:48:59.298 [docker-java-stream--1505383931] DEBUG c.g.d.z.s.o.a.hc.client5.http.wire - http-outgoing-3 &lt;&lt; &quot;[0x2][0x0][0x0][0x0][0x0][0x0][0x0]4/bin/bash: connect: Cannot assign requested address[\n]&quot;
22:48:59.299 [docker-java-stream--1505383931] DEBUG c.g.d.z.s.o.a.hc.client5.http.wire - http-outgoing-3 &lt;&lt; &quot;[0x2][0x0][0x0][0x0][0x0][0x0][0x0]D/bin/bash: /dev/tcp/localhost/8080: Cannot assign requested address[\n]&quot;
22:48:59.419 [docker-java-stream--1505383931] DEBUG c.g.d.z.s.o.a.hc.client5.http.wire - http-outgoing-3 &lt;&lt; &quot;[0x2][0x0][0x0][0x0][0x0][0x0][0x0][0xc]/bin/sh: 1: &quot;
22:48:59.420 [docker-java-stream--1505383931] DEBUG c.g.d.z.s.o.a.hc.client5.http.wire - http-outgoing-3 &lt;&lt; &quot;[0x2][0x0][0x0][0x0][0x0][0x0][0x0][\r]nc: not found&quot;
22:48:59.420 [docker-java-stream--1505383931] DEBUG c.g.d.z.s.o.a.hc.client5.http.wire - http-outgoing-3 &lt;&lt; &quot;[0x2][0x0][0x0][0x0][0x0][0x0][0x0][0x1][\n]&quot;
22:48:59.425 [docker-java-stream--1505383931] DEBUG c.g.d.z.s.o.a.hc.client5.http.wire - http-outgoing-3 &lt;&lt; &quot;[0x2][0x0][0x0][0x0][0x0][0x0][0x0]4/bin/bash: connect: Cannot assign requested address[\n]&quot;
22:48:59.431 [docker-java-stream--1505383931] DEBUG c.g.d.z.s.o.a.hc.client5.http.wire - http-outgoing-3 &lt;&lt; &quot;[0x2][0x0][0x0][0x0][0x0][0x0][0x0]D/bin/bash: /dev/tcp/localhost/8080: Cannot assign requested address[\n]&quot;
22:48:59.551 [docker-java-stream--1505383931] DEBUG c.g.d.z.s.o.a.hc.client5.http.wire - http-outgoing-3 &lt;&lt; &quot;[0x2][0x0][0x0][0x0][0x0][0x0][0x0][0xc]/bin/sh: 1: &quot;
22:48:59.554 [docker-java-stream--1505383931] DEBUG c.g.d.z.s.o.a.hc.client5.http.wire - http-outgoing-3 &lt;&lt; &quot;[0x2][0x0][0x0][0x0][0x0][0x0][0x0][\r]nc: not found&quot;
22:48:59.554 [docker-java-stream--1505383931] DEBUG c.g.d.z.s.o.a.hc.client5.http.wire - http-outgoing-3 &lt;&lt; &quot;[0x2][0x0][0x0][0x0][0x0][0x0][0x0][0x1][\n]&quot;
22:48:59.564 [docker-java-stream--1505383931] DEBUG c.g.d.z.s.o.a.hc.client5.http.wire - http-outgoing-3 &lt;&lt; &quot;[0x2][0x0][0x0][0x0][0x0][0x0][0x0]4/bin/bash: connect: Cannot assign requested address[\n]&quot;
22:48:59.569 [docker-java-stream--1505383931] DEBUG c.g.d.z.s.o.a.hc.client5.http.wire - http-outgoing-3 &lt;&lt; &quot;[0x2][0x0][0x0][0x0][0x0][0x0][0x0]D/bin/bash: /dev/tcp/localhost/8080: Cannot assign requested address[\n]&quot;
22:48:59.695 [docker-java-stream--1505383931] DEBUG c.g.d.z.s.o.a.hc.client5.http.wire - http-outgoing-3 &lt;&lt; &quot;[0x2][0x0][0x0][0x0][0x0][0x0][0x0][0xc]/bin/sh: 1: &quot;
22:48:59.697 [docker-java-stream--1505383931] DEBUG c.g.d.z.s.o.a.hc.client5.http.wire - http-outgoing-3 &lt;&lt; &quot;[0x2][0x0][0x0][0x0][0x0][0x0][0x0][\r]nc: not found&quot;
22:48:59.697 [docker-java-stream--1505383931] DEBUG c.g.d.z.s.o.a.hc.client5.http.wire - http-outgoing-3 &lt;&lt; &quot;[0x2][0x0][0x0][0x0][0x0][0x0][0x0][0x1][\n]&quot;
22:48:59.705 [docker-java-stream--1505383931] DEBUG c.g.d.z.s.o.a.hc.client5.http.wire - http-outgoing-3 &lt;&lt; &quot;[0x2][0x0][0x0][0x0][0x0][0x0][0x0]4/bin/bash: connect: Cannot assign requested address[\n]&quot;
22:48:59.707 [docker-java-stream--1505383931] DEBUG c.g.d.z.s.o.a.hc.client5.http.wire - http-outgoing-3 &lt;&lt; &quot;[0x2][0x0][0x0][0x0][0x0][0x0][0x0]D/bin/bash: /dev/tcp/localhost/8080: Cannot assign requested address[\n]&quot;
22:48:59.828 [docker-java-stream--1505383931] DEBUG c.g.d.z.s.o.a.hc.client5.http.wire - http-outgoing-3 &lt;&lt; &quot;[0x2][0x0][0x0][0x0][0x0][0x0][0x0][0xc]/bin/sh: 1: &quot;
22:48:59.828 [docker-java-stream--1505383931] DEBUG c.g.d.z.s.o.a.hc.client5.http.wire - http-outgoing-3 &lt;&lt; &quot;[0x2][0x0][0x0][0x0][0x0][0x0][0x0][\r]nc: not found&quot;
22:48:59.829 [docker-java-stream--1505383931] DEBUG c.g.d.z.s.o.a.hc.client5.http.wire - http-outgoing-3 &lt;&lt; &quot;[0x2][0x0][0x0][0x0][0x0][0x0][0x0][0x1][\n]&quot;
22:48:59.839 [docker-java-stream--1505383931] DEBUG c.g.d.z.s.o.a.hc.client5.http.wire - http-outgoing-3 &lt;&lt; &quot;[0x2][0x0][0x0][0x0][0x0][0x0][0x0]4/bin/bash: connect: Cannot assign requested address[\n]&quot;
22:48:59.839 [docker-java-stream--1505383931] DEBUG c.g.d.z.s.o.a.hc.client5.http.wire - http-outgoing-3 &lt;&lt; &quot;[0x2][0x0][0x0][0x0][0x0][0x0][0x0]D/bin/bash: /dev/tcp/localhost/8080: Cannot assign requested address[\n]&quot;
22:48:59.964 [docker-java-stream--1505383931] DEBUG c.g.d.z.s.o.a.hc.client5.http.wire - http-outgoing-3 &lt;&lt; &quot;[0x2][0x0][0x0][0x0][0x0][0x0][0x0][0xc]/bin/sh: 1: &quot;
22:48:59.966 [docker-java-stream--1505383931] DEBUG c.g.d.z.s.o.a.hc.client5.http.wire - http-outgoing-3 &lt;&lt; &quot;[0x2][0x0][0x0][0x0][0x0][0x0][0x0][\r]nc: not found&quot;
22:48:59.966 [docker-java-stream--1505383931] DEBUG c.g.d.z.s.o.a.hc.client5.http.wire - http-outgoing-3 &lt;&lt; &quot;[0x2][0x0][0x0][0x0][0x0][0x0][0x0][0x1][\n]&quot;
22:48:59.972 [docker-java-stream--1505383931] DEBUG c.g.d.z.s.o.a.hc.client5.http.wire - http-outgoing-3 &lt;&lt; &quot;[0x2][0x0][0x0][0x0][0x0][0x0][0x0]4/bin/bash: connect: Cannot assign requested address[\n]&quot;
22:48:59.982 [docker-java-stream--1505383931] DEBUG c.g.d.z.s.o.a.hc.client5.http.wire - http-outgoing-3 &lt;&lt; &quot;[0x2][0x0][0x0][0x0][0x0][0x0][0x0]D/bin/bash: /dev/tcp/localhost/8080: Cannot assign requested address[\n]&quot;
22:49:00.096 [docker-java-stream--1505383931] DEBUG c.g.d.z.s.o.a.hc.client5.http.wire - http-outgoing-3 &lt;&lt; &quot;[0x2][0x0][0x0][0x0][0x0][0x0][0x0][0xc]/bin/sh: 1: &quot;
22:49:00.098 [docker-java-stream--1505383931] DEBUG c.g.d.z.s.o.a.hc.client5.http.wire - http-outgoing-3 &lt;&lt; &quot;[0x2][0x0][0x0][0x0][0x0][0x0][0x0][\r]nc: not found&quot;
22:49:00.099 [docker-java-stream--1505383931] DEBUG c.g.d.z.s.o.a.hc.client5.http.wire - http-outgoing-3 &lt;&lt; &quot;[0x2][0x0][0x0][0x0][0x0][0x0][0x0][0x1][\n]&quot;
22:49:00.109 [docker-java-stream--1505383931] DEBUG c.g.d.z.s.o.a.hc.client5.http.wire - http-outgoing-3 &lt;&lt; &quot;[0x2][0x0][0x0][0x0][0x0][0x0][0x0]4/bin/bash: connect: Cannot assign requested address[\n]&quot;
22:49:00.118 [docker-java-stream--1505383931] DEBUG c.g.d.z.s.o.a.hc.client5.http.wire - http-outgoing-3 &lt;&lt; &quot;[0x2][0x0][0x0][0x0][0x0][0x0][0x0]D/bin/bash: /dev/tcp/localhost/8080: Cannot assign requested address[\n]&quot;
22:49:00.242 [docker-java-stream--1505383931] DEBUG c.g.d.z.s.o.a.hc.client5.http.wire - http-outgoing-3 &lt;&lt; &quot;[0x2][0x0][0x0][0x0][0x0][0x0][0x0][0xc]/bin/sh: 1: &quot;
22:49:00.244 [docker-java-stream--1505383931] DEBUG c.g.d.z.s.o.a.hc.client5.http.wire - http-outgoing-3 &lt;&lt; &quot;[0x2][0x0][0x0][0x0][0x0][0x0][0x0][\r]nc: not found&quot;
22:49:00.244 [docker-java-stream--1505383931] DEBUG c.g.d.z.s.o.a.hc.client5.http.wire - http-outgoing-3 &lt;&lt; &quot;[0x2][0x0][0x0][0x0][0x0][0x0][0x0][0x1][\n]&quot;
22:49:00.257 [docker-java-stream--1505383931] DEBUG c.g.d.z.s.o.a.hc.client5.http.wire - http-outgoing-3 &lt;&lt; &quot;[0x2][0x0][0x0][0x0][0x0][0x0][0x0]4/bin/bash: connect: Cannot assign requested address[\n]&quot;
22:49:00.257 [docker-java-stream--1505383931] DEBUG c.g.d.z.s.o.a.hc.client5.http.wire - http-outgoing-3 &lt;&lt; &quot;[0x2][0x0][0x0][0x0][0x0][0x0][0x0]D/bin/bash: /dev/tcp/localhost/8080: Cannot assign requested address[\n]&quot;
22:49:00.375 [docker-java-stream--1505383931] DEBUG c.g.d.z.s.o.a.hc.client5.http.wire - http-outgoing-3 &lt;&lt; &quot;[0x2][0x0][0x0][0x0][0x0][0x0][0x0][0xc]/bin/sh: 1: &quot;
22:49:00.376 [docker-java-stream--1505383931] DEBUG c.g.d.z.s.o.a.hc.client5.http.wire - http-outgoing-3 &lt;&lt; &quot;[0x2][0x0][0x0][0x0][0x0][0x0][0x0][\r]nc: not found&quot;
22:49:00.376 [docker-java-stream--1505383931] DEBUG c.g.d.z.s.o.a.hc.client5.http.wire - http-outgoing-3 &lt;&lt; &quot;[0x2][0x0][0x0][0x0][0x0][0x0][0x0][0x1][\n]&quot;
22:49:00.384 [docker-java-stream--1505383931] DEBUG c.g.d.z.s.o.a.hc.client5.http.wire - http-outgoing-3 &lt;&lt; &quot;[0x2][0x0][0x0][0x0][0x0][0x0][0x0]4/bin/bash: connect: Cannot assign requested address[\n]&quot;
22:49:00.386 [docker-java-stream--1505383931] DEBUG c.g.d.z.s.o.a.hc.client5.http.wire - http-outgoing-3 &lt;&lt; &quot;[0x2][0x0][0x0][0x0][0x0][0x0][0x0]D/bin/bash: /dev/tcp/localhost/8080: Cannot assign requested address[\n]&quot;
22:49:00.511 [docker-java-stream--1505383931] DEBUG c.g.d.z.s.o.a.hc.client5.http.wire - http-outgoing-3 &lt;&lt; &quot;[0x2][0x0][0x0][0x0][0x0][0x0][0x0][0xc]/bin/sh: 1: &quot;
22:49:00.514 [docker-java-stream--1505383931] DEBUG c.g.d.z.s.o.a.hc.client5.http.wire - http-outgoing-3 &lt;&lt; &quot;[0x2][0x0][0x0][0x0][0x0][0x0][0x0][\r]nc: not found&quot;
22:49:00.514 [docker-java-stream--1505383931] DEBUG c.g.d.z.s.o.a.hc.client5.http.wire - http-outgoing-3 &lt;&lt; &quot;[0x2][0x0][0x0][0x0][0x0][0x0][0x0][0x1][\n]&quot;
22:49:00.522 [docker-java-stream--1505383931] DEBUG c.g.d.z.s.o.a.hc.client5.http.wire - http-outgoing-3 &lt;&lt; &quot;[0x2][0x0][0x0][0x0][0x0][0x0][0x0]4/bin/bash: connect: Cannot assign requested address[\n]&quot;
22:49:00.526 [docker-java-stream--1505383931] DEBUG c.g.d.z.s.o.a.hc.client5.http.wire - http-outgoing-3 &lt;&lt; &quot;[0x2][0x0][0x0][0x0][0x0][0x0][0x0]D/bin/bash: /dev/tcp/localhost/8080: Cannot assign requested address[\n]&quot;
22:49:00.650 [docker-java-stream--1505383931] DEBUG c.g.d.z.s.o.a.hc.client5.http.wire - http-outgoing-3 &lt;&lt; &quot;[0x2][0x0][0x0][0x0][0x0][0x0][0x0][0xc]/bin/sh: 1: &quot;
22:49:00.650 [docker-java-stream--1505383931] DEBUG c.g.d.z.s.o.a.hc.client5.http.wire - http-outgoing-3 &lt;&lt; &quot;[0x2][0x0][0x0][0x0][0x0][0x0][0x0][\r]nc: not found&quot;
22:49:00.650 [docker-java-stream--1505383931] DEBUG c.g.d.z.s.o.a.hc.client5.http.wire - http-outgoing-3 &lt;&lt; &quot;[0x2][0x0][0x0][0x0][0x0][0x0][0x0][0x1][\n]&quot;
22:49:00.657 [docker-java-stream--1505383931] DEBUG c.g.d.z.s.o.a.hc.client5.http.wire - http-outgoing-3 &lt;&lt; &quot;[0x2][0x0][0x0][0x0][0x0][0x0][0x0]4/bin/bash: connect: Cannot assign requested address[\n]&quot;
22:49:00.659 [docker-java-stream--1505383931] DEBUG c.g.d.z.s.o.a.hc.client5.http.wire - http-outgoing-3 &lt;&lt; &quot;[0x2][0x0][0x0][0x0][0x0][0x0][0x0]D/bin/bash: /dev/tcp/localhost/8080: Cannot assign requested address[\n]&quot;
22:49:00.788 [docker-java-stream--1505383931] DEBUG c.g.d.z.s.o.a.hc.client5.http.wire - http-outgoing-3 &lt;&lt; &quot;[0x2][0x0][0x0][0x0][0x0][0x0][0x0][0xc]/bin/sh: 1: &quot;
22:49:00.789 [docker-java-stream--1505383931] DEBUG c.g.d.z.s.o.a.hc.client5.http.wire - http-outgoing-3 &lt;&lt; &quot;[0x2][0x0][0x0][0x0][0x0][0x0][0x0][\r]nc: not found&quot;
22:49:00.789 [docker-java-stream--1505383931] DEBUG c.g.d.z.s.o.a.hc.client5.http.wire - http-outgoing-3 &lt;&lt; &quot;[0x2][0x0][0x0][0x0][0x0][0x0][0x0][0x1][\n]&quot;
22:49:00.798 [docker-java-stream--1505383931] DEBUG c.g.d.z.s.o.a.hc.client5.http.wire - http-outgoing-3 &lt;&lt; &quot;[0x2][0x0][0x0][0x0][0x0][0x0][0x0]4/bin/bash: connect: Cannot assign requested address[\n]&quot;
22:49:00.801 [docker-java-stream--1505383931] DEBUG c.g.d.z.s.o.a.hc.client5.http.wire - http-outgoing-3 &lt;&lt; &quot;[0x2][0x0][0x0][0x0][0x0][0x0][0x0]D/bin/bash: /dev/tcp/localhost/8080: Cannot assign requested address[\n]&quot;
22:49:00.954 [docker-java-stream--1505383931] DEBUG c.g.d.z.s.o.a.hc.client5.http.wire - http-outgoing-3 &lt;&lt; &quot;[0x2][0x0][0x0][0x0][0x0][0x0][0x0][0x1a]/bin/sh: 1: nc: not found[\n]&quot;
22:49:00.982 [docker-java-stream--1505383931] DEBUG c.g.d.z.s.o.a.hc.client5.http.wire - http-outgoing-3 &lt;&lt; &quot;[0x2][0x0][0x0][0x0][0x0][0x0][0x0]x/bin/bash: connect: Cannot assign requested address[\n]&quot;
22:49:00.982 [docker-java-stream--1505383931] DEBUG c.g.d.z.s.o.a.hc.client5.http.wire - http-outgoing-3 &lt;&lt; &quot;/bin/bash: /dev/tcp/localhost/8080: Cannot assign requested address[\n]&quot;
22:49:01.135 [docker-java-stream--1505383931] DEBUG c.g.d.z.s.o.a.hc.client5.http.wire - http-outgoing-3 &lt;&lt; &quot;[0x2][0x0][0x0][0x0][0x0][0x0][0x0][0xc]/bin/sh: 1: &quot;
22:49:01.137 [docker-java-stream--1505383931] DEBUG c.g.d.z.s.o.a.hc.client5.http.wire - http-outgoing-3 &lt;&lt; &quot;[0x2][0x0][0x0][0x0][0x0][0x0][0x0][\r]nc: not found&quot;
22:49:01.137 [docker-java-stream--1505383931] DEBUG c.g.d.z.s.o.a.hc.client5.http.wire - http-outgoing-3 &lt;&lt; &quot;[0x2][0x0][0x0][0x0][0x0][0x0][0x0][0x1][\n]&quot;
22:49:01.146 [docker-java-stream--1505383931] DEBUG c.g.d.z.s.o.a.hc.client5.http.wire - http-outgoing-3 &lt;&lt; &quot;[0x2][0x0][0x0][0x0][0x0][0x0][0x0]4/bin/bash: connect: Cannot assign requested address[\n]&quot;
22:49:01.154 [docker-java-stream--1505383931] DEBUG c.g.d.z.s.o.a.hc.client5.http.wire - http-outgoing-3 &lt;&lt; &quot;[0x2][0x0][0x0][0x0][0x0][0x0][0x0]D/bin/bash: /dev/tcp/localhost/8080: Cannot assign requested address[\n]&quot;
22:49:01.278 [docker-java-stream--1505383931] DEBUG c.g.d.z.s.o.a.hc.client5.http.wire - http-outgoing-3 &lt;&lt; &quot;[0x2][0x0][0x0][0x0][0x0][0x0][0x0][0xc]/bin/sh: 1: &quot;
22:49:01.279 [docker-java-stream--1505383931] DEBUG c.g.d.z.s.o.a.hc.client5.http.wire - http-outgoing-3 &lt;&lt; &quot;[0x2][0x0][0x0][0x0][0x0][0x0][0x0][\r]nc: not found&quot;
22:49:01.280 [docker-java-stream--1505383931] DEBUG c.g.d.z.s.o.a.hc.client5.http.wire - http-outgoing-3 &lt;&lt; &quot;[0x2][0x0][0x0][0x0][0x0][0x0][0x0][0x1][\n]&quot;
22:49:01.293 [docker-java-stream--1505383931] DEBUG c.g.d.z.s.o.a.hc.client5.http.wire - http-outgoing-3 &lt;&lt; &quot;[0x2][0x0][0x0][0x0][0x0][0x0][0x0]4/bin/bash: connect: Cannot assign requested address[\n]&quot;
22:49:01.295 [docker-java-stream--1505383931] DEBUG c.g.d.z.s.o.a.hc.client5.http.wire - http-outgoing-3 &lt;&lt; &quot;[0x2][0x0][0x0][0x0][0x0][0x0][0x0]D/bin/bash: /dev/tcp/localhost/8080: Cannot assign requested address[\n]&quot;
22:49:01.456 [docker-java-stream--1505383931] DEBUG c.g.d.z.s.o.a.hc.client5.http.wire - http-outgoing-3 &lt;&lt; &quot;[0x2][0x0][0x0][0x0][0x0][0x0][0x0][0xc]/bin/sh: 1: [0x2][0x0][0x0][0x0][0x0][0x0][0x0][\r]nc: not found[0x2][0x0][0x0][0x0][0x0][0x0][0x0][0x1][\n]&quot;
22:49:01.467 [docker-java-stream--1505383931] DEBUG c.g.d.z.s.o.a.hc.client5.http.wire - http-outgoing-3 &lt;&lt; &quot;[0x2][0x0][0x0][0x0][0x0][0x0][0x0]4/bin/bash: connect: Cannot assign requested address[\n]&quot;
22:49:01.484 [docker-java-stream--1505383931] DEBUG c.g.d.z.s.o.a.hc.client5.http.wire - http-outgoing-3 &lt;&lt; &quot;[0x2][0x0][0x0][0x0][0x0][0x0][0x0]D/bin/bash: /dev/tcp/localhost/8080: Cannot assign requested address[\n]&quot;
22:49:01.609 [docker-java-stream--1505383931] DEBUG c.g.d.z.s.o.a.hc.client5.http.wire - http-outgoing-3 &lt;&lt; &quot;[0x2][0x0][0x0][0x0][0x0][0x0][0x0][0xc]/bin/sh: 1: &quot;
22:49:01.610 [docker-java-stream--1505383931] DEBUG c.g.d.z.s.o.a.hc.client5.http.wire - http-outgoing-3 &lt;&lt; &quot;[0x2][0x0][0x0][0x0][0x0][0x0][0x0][\r]nc: not found&quot;
22:49:01.610 [docker-java-stream--1505383931] DEBUG c.g.d.z.s.o.a.hc.client5.http.wire - http-outgoing-3 &lt;&lt; &quot;[0x2][0x0][0x0][0x0][0x0][0x0][0x0][0x1][\n]&quot;
22:49:01.620 [docker-java-stream--1505383931] DEBUG c.g.d.z.s.o.a.hc.client5.http.wire - http-outgoing-3 &lt;&lt; &quot;[0x2][0x0][0x0][0x0][0x0][0x0][0x0]4/bin/bash: connect: Cannot assign requested address[\n]&quot;
22:49:01.620 [docker-java-stream--1505383931] DEBUG c.g.d.z.s.o.a.hc.client5.http.wire - http-outgoing-3 &lt;&lt; &quot;[0x2][0x0][0x0][0x0][0x0][0x0][0x0]D/bin/bash: /dev/tcp/localhost/8080: Cannot assign requested address[\n]&quot;
22:49:01.741 [docker-java-stream--1505383931] DEBUG c.g.d.z.s.o.a.hc.client5.http.wire - http-outgoing-3 &lt;&lt; &quot;[0x2][0x0][0x0][0x0][0x0][0x0][0x0][0xc]/bin/sh: 1: &quot;
22:49:01.742 [docker-java-stream--1505383931] DEBUG c.g.d.z.s.o.a.hc.client5.http.wire - http-outgoing-3 &lt;&lt; &quot;[0x2][0x0][0x0][0x0][0x0][0x0][0x0][\r]nc: not found&quot;
22:49:01.742 [docker-java-stream--1505383931] DEBUG c.g.d.z.s.o.a.hc.client5.http.wire - http-outgoing-3 &lt;&lt; &quot;[0x2][0x0][0x0][0x0][0x0][0x0][0x0][0x1][\n]&quot;
22:49:01.753 [docker-java-stream--1505383931] DEBUG c.g.d.z.s.o.a.hc.client5.http.wire - http-outgoing-3 &lt;&lt; &quot;[0x2][0x0][0x0][0x0][0x0][0x0][0x0]4/bin/bash: connect: Cannot assign requested address[\n]&quot;
22:49:01.762 [docker-java-stream--1505383931] DEBUG c.g.d.z.s.o.a.hc.client5.http.wire - http-outgoing-3 &lt;&lt; &quot;[0x2][0x0][0x0][0x0][0x0][0x0][0x0]D/bin/bash: /dev/tcp/localhost/8080: Cannot assign requested address[\n]&quot;
22:49:01.889 [docker-java-stream--1505383931] DEBUG c.g.d.z.s.o.a.hc.client5.http.wire - http-outgoing-3 &lt;&lt; &quot;[0x2][0x0][0x0][0x0][0x0][0x0][0x0][0xc]/bin/sh: 1: &quot;
22:49:01.892 [docker-java-stream--1505383931] DEBUG c.g.d.z.s.o.a.hc.client5.http.wire - http-outgoing-3 &lt;&lt; &quot;[0x2][0x0][0x0][0x0][0x0][0x0][0x0][\r]nc: not found&quot;
22:49:01.892 [docker-java-stream--1505383931] DEBUG c.g.d.z.s.o.a.hc.client5.http.wire - http-outgoing-3 &lt;&lt; &quot;[0x2][0x0][0x0][0x0][0x0][0x0][0x0][0x1][\n]&quot;
22:49:01.913 [docker-java-stream--1505383931] DEBUG c.g.d.z.s.o.a.hc.client5.http.wire - http-outgoing-3 &lt;&lt; &quot;[0x2][0x0][0x0][0x0][0x0][0x0][0x0]4/bin/bash: connect: Cannot assign requested address[\n]&quot;
22:49:01.915 [docker-java-stream--1505383931] DEBUG c.g.d.z.s.o.a.hc.client5.http.wire - http-outgoing-3 &lt;&lt; &quot;[0x2][0x0][0x0][0x0][0x0][0x0][0x0]D/bin/bash: /dev/tcp/localhost/8080: Cannot assign requested address[\n]&quot;
22:49:02.043 [docker-java-stream--1505383931] DEBUG c.g.d.z.s.o.a.hc.client5.http.wire - http-outgoing-3 &lt;&lt; &quot;[0x2][0x0][0x0][0x0][0x0][0x0][0x0][0xc]/bin/sh: 1: &quot;
22:49:02.045 [docker-java-stream--1505383931] DEBUG c.g.d.z.s.o.a.hc.client5.http.wire - http-outgoing-3 &lt;&lt; &quot;[0x2][0x0][0x0][0x0][0x0][0x0][0x0][\r]nc: not found&quot;
22:49:02.045 [docker-java-stream--1505383931] DEBUG c.g.d.z.s.o.a.hc.client5.http.wire - http-outgoing-3 &lt;&lt; &quot;[0x2][0x0][0x0][0x0][0x0][0x0][0x0][0x1][\n]&quot;
22:49:02.056 [docker-java-stream--1505383931] DEBUG c.g.d.z.s.o.a.hc.client5.http.wire - http-outgoing-3 &lt;&lt; &quot;[0x2][0x0][0x0][0x0][0x0][0x0][0x0]4/bin/bash: connect: Cannot assign requested address[\n]&quot;
22:49:02.057 [docker-java-stream--1505383931] DEBUG c.g.d.z.s.o.a.hc.client5.http.wire - http-outgoing-3 &lt;&lt; &quot;[0x2][0x0][0x0][0x0][0x0][0x0][0x0]D/bin/bash: /dev/tcp/localhost/8080: Cannot assign requested address[\n]&quot;
22:49:02.180 [docker-java-stream--1505383931] DEBUG c.g.d.z.s.o.a.hc.client5.http.wire - http-outgoing-3 &lt;&lt; &quot;[0x1][0x0][0x0][0x0][0x0][0x0][0x0][0xffffffa4]/proc/net/tcp:   0: 00000000:1F90 00000000:0000 0A 00000000:00000000 00:00000000 00000000     0        0 780337 1 0000000000000000 100 0 0 10 0                    [\n]&quot;
22:49:02.191 [docker-java-stream--1505383931] DEBUG c.g.d.z.s.o.a.hc.client5.http.wire - http-outgoing-3 &lt;&lt; &quot;end of stream&quot;
22:49:02.192 [docker-java-stream--1505383931] DEBUG c.g.d.z.s.o.a.h.c.h.i.i.DefaultManagedHttpClientConnection - http-outgoing-3: close connection IMMEDIATE
22:49:02.192 [docker-java-stream--1505383931] DEBUG c.g.d.z.s.o.a.h.c.h.i.c.InternalHttpClient - ep-0000001B: endpoint closed
22:49:02.192 [docker-java-stream--1505383931] DEBUG c.g.d.z.s.o.a.h.c.h.i.c.InternalHttpClient - ep-0000001B: discarding endpoint
22:49:02.192 [docker-java-stream--1505383931] DEBUG c.g.d.z.s.o.a.h.c.h.i.i.PoolingHttpClientConnectionManager - ep-0000001B: releasing endpoint
22:49:02.192 [docker-java-stream--1505383931] DEBUG c.g.d.z.s.o.a.h.c.h.i.i.PoolingHttpClientConnectionManager - ep-0000001B: connection is not kept alive
22:49:02.192 [docker-java-stream--1505383931] DEBUG c.g.d.z.s.o.a.h.c.h.i.i.PoolingHttpClientConnectionManager - ep-0000001B: connection released [route: {}-&gt;unix://localhost:2375][total available: 0; route allocated: 0 of 2147483647; total allocated: 0 of 2147483647]
22:49:02.192 [testcontainers-wait-0] DEBUG o.t.s.c.g.d.c.command.AbstrDockerCmd - Cmd: 777b58ec53adced822b7c7d0141c293d9573d645ae7ca721496019d89aa339e3
22:49:02.193 [testcontainers-wait-0] DEBUG o.t.s.c.g.d.c.e.InspectExecCmdExec - GET: DefaultWebTarget{path=[/exec/777b58ec53adced822b7c7d0141c293d9573d645ae7ca721496019d89aa339e3/json], queryParams={}}
22:49:02.193 [testcontainers-wait-0] DEBUG c.g.d.z.s.o.a.h.c.h.i.c.InternalHttpClient - ex-0000001D: preparing request execution
22:49:02.193 [testcontainers-wait-0] DEBUG c.g.d.z.s.o.a.h.c.h.p.RequestAddCookies - Cookie spec selected: strict
22:49:02.193 [testcontainers-wait-0] DEBUG c.g.d.z.s.o.a.h.c.h.p.RequestAuthCache - Auth cache not set in the context
22:49:02.193 [testcontainers-wait-0] DEBUG c.g.d.z.s.o.a.h.c.h.i.c.ProtocolExec - ex-0000001D: target auth state: UNCHALLENGED
22:49:02.193 [testcontainers-wait-0] DEBUG c.g.d.z.s.o.a.h.c.h.i.c.ProtocolExec - ex-0000001D: proxy auth state: UNCHALLENGED
22:49:02.193 [testcontainers-wait-0] DEBUG c.g.d.z.s.o.a.h.c.h.i.c.ConnectExec - ex-0000001D: acquiring connection with route {}-&gt;unix://localhost:2375
22:49:02.193 [testcontainers-wait-0] DEBUG c.g.d.z.s.o.a.h.c.h.i.c.InternalHttpClient - ex-0000001D: acquiring endpoint (3 MINUTES)
22:49:02.193 [testcontainers-wait-0] DEBUG c.g.d.z.s.o.a.h.c.h.i.i.PoolingHttpClientConnectionManager - ex-0000001D: endpoint lease request (3 MINUTES) [route: {}-&gt;unix://localhost:2375][total available: 0; route allocated: 0 of 2147483647; total allocated: 0 of 2147483647]
22:49:02.193 [testcontainers-wait-0] DEBUG c.g.d.z.s.o.a.h.c.h.i.i.PoolingHttpClientConnectionManager - ex-0000001D: endpoint leased [route: {}-&gt;unix://localhost:2375][total available: 0; route allocated: 1 of 2147483647; total allocated: 1 of 2147483647]
22:49:02.193 [testcontainers-wait-0] DEBUG c.g.d.z.s.o.a.h.c.h.i.i.PoolingHttpClientConnectionManager - ex-0000001D: acquired ep-0000001C
22:49:02.193 [testcontainers-wait-0] DEBUG c.g.d.z.s.o.a.h.c.h.i.c.InternalHttpClient - ex-0000001D: acquired endpoint ep-0000001C
22:49:02.193 [testcontainers-wait-0] DEBUG c.g.d.z.s.o.a.h.c.h.i.c.ConnectExec - ex-0000001D: opening connection {}-&gt;unix://localhost:2375
22:49:02.193 [testcontainers-wait-0] DEBUG c.g.d.z.s.o.a.h.c.h.i.c.InternalHttpClient - ep-0000001C: connecting endpoint (3 MINUTES)
22:49:02.193 [testcontainers-wait-0] DEBUG c.g.d.z.s.o.a.h.c.h.i.i.PoolingHttpClientConnectionManager - ep-0000001C: connecting endpoint to unix://localhost:2375 (3 MINUTES)
22:49:02.194 [testcontainers-wait-0] DEBUG c.g.d.z.s.o.a.h.c.h.i.i.DefaultHttpClientConnectionOperator - http-outgoing-4: connecting to localhost/127.0.0.1:2375
22:49:02.194 [testcontainers-wait-0] DEBUG c.g.d.z.s.o.a.h.c.h.i.i.DefaultHttpClientConnectionOperator - http-outgoing-4: connection established 
22:49:02.194 [testcontainers-wait-0] DEBUG c.g.d.z.s.o.a.h.c.h.i.i.PoolingHttpClientConnectionManager - ep-0000001C: connected http-outgoing-4
22:49:02.194 [testcontainers-wait-0] DEBUG c.g.d.z.s.o.a.h.c.h.i.c.InternalHttpClient - ep-0000001C: endpoint connected
22:49:02.194 [testcontainers-wait-0] DEBUG c.g.d.z.s.o.a.h.c.h.i.c.MainClientExec - ex-0000001D: executing GET /v1.32/exec/777b58ec53adced822b7c7d0141c293d9573d645ae7ca721496019d89aa339e3/json HTTP/1.1
22:49:02.194 [testcontainers-wait-0] DEBUG c.g.d.z.s.o.a.h.c.h.i.c.InternalHttpClient - ep-0000001C: start execution ex-0000001D
22:49:02.194 [testcontainers-wait-0] DEBUG c.g.d.z.s.o.a.h.c.h.i.i.PoolingHttpClientConnectionManager - ep-0000001C: executing exchange ex-0000001D over http-outgoing-4
22:49:02.194 [testcontainers-wait-0] DEBUG c.g.d.z.s.o.a.h.client5.http.headers - http-outgoing-4 &gt;&gt; GET /v1.32/exec/777b58ec53adced822b7c7d0141c293d9573d645ae7ca721496019d89aa339e3/json HTTP/1.1
22:49:02.194 [testcontainers-wait-0] DEBUG c.g.d.z.s.o.a.h.client5.http.headers - http-outgoing-4 &gt;&gt; accept: application/json
22:49:02.194 [testcontainers-wait-0] DEBUG c.g.d.z.s.o.a.h.client5.http.headers - http-outgoing-4 &gt;&gt; Accept-Encoding: gzip, x-gzip, deflate
22:49:02.194 [testcontainers-wait-0] DEBUG c.g.d.z.s.o.a.h.client5.http.headers - http-outgoing-4 &gt;&gt; Host: localhost:2375
22:49:02.194 [testcontainers-wait-0] DEBUG c.g.d.z.s.o.a.h.client5.http.headers - http-outgoing-4 &gt;&gt; Connection: keep-alive
22:49:02.194 [testcontainers-wait-0] DEBUG c.g.d.z.s.o.a.h.client5.http.headers - http-outgoing-4 &gt;&gt; User-Agent: Apache-HttpClient/5.0.3 (Java/11.0.13)
22:49:02.194 [testcontainers-wait-0] DEBUG c.g.d.z.s.o.a.hc.client5.http.wire - http-outgoing-4 &gt;&gt; &quot;GET /v1.32/exec/777b58ec53adced822b7c7d0141c293d9573d645ae7ca721496019d89aa339e3/json HTTP/1.1[\r][\n]&quot;
22:49:02.194 [testcontainers-wait-0] DEBUG c.g.d.z.s.o.a.hc.client5.http.wire - http-outgoing-4 &gt;&gt; &quot;accept: application/json[\r][\n]&quot;
22:49:02.194 [testcontainers-wait-0] DEBUG c.g.d.z.s.o.a.hc.client5.http.wire - http-outgoing-4 &gt;&gt; &quot;Accept-Encoding: gzip, x-gzip, deflate[\r][\n]&quot;
22:49:02.194 [testcontainers-wait-0] DEBUG c.g.d.z.s.o.a.hc.client5.http.wire - http-outgoing-4 &gt;&gt; &quot;Host: localhost:2375[\r][\n]&quot;
22:49:02.194 [testcontainers-wait-0] DEBUG c.g.d.z.s.o.a.hc.client5.http.wire - http-outgoing-4 &gt;&gt; &quot;Connection: keep-alive[\r][\n]&quot;
22:49:02.194 [testcontainers-wait-0] DEBUG c.g.d.z.s.o.a.hc.client5.http.wire - http-outgoing-4 &gt;&gt; &quot;User-Agent: Apache-HttpClient/5.0.3 (Java/11.0.13)[\r][\n]&quot;
22:49:02.194 [testcontainers-wait-0] DEBUG c.g.d.z.s.o.a.hc.client5.http.wire - http-outgoing-4 &gt;&gt; &quot;[\r][\n]&quot;
22:49:02.204 [testcontainers-wait-0] DEBUG c.g.d.z.s.o.a.hc.client5.http.wire - http-outgoing-4 &lt;&lt; &quot;HTTP/1.1 200 OK[\r][\n]&quot;
22:49:02.204 [testcontainers-wait-0] DEBUG c.g.d.z.s.o.a.hc.client5.http.wire - http-outgoing-4 &lt;&lt; &quot;Api-Version: 1.41[\r][\n]&quot;
22:49:02.204 [testcontainers-wait-0] DEBUG c.g.d.z.s.o.a.hc.client5.http.wire - http-outgoing-4 &lt;&lt; &quot;Content-Type: application/json[\r][\n]&quot;
22:49:02.204 [testcontainers-wait-0] DEBUG c.g.d.z.s.o.a.hc.client5.http.wire - http-outgoing-4 &lt;&lt; &quot;Docker-Experimental: false[\r][\n]&quot;
22:49:02.204 [testcontainers-wait-0] DEBUG c.g.d.z.s.o.a.hc.client5.http.wire - http-outgoing-4 &lt;&lt; &quot;Ostype: linux[\r][\n]&quot;
22:49:02.204 [testcontainers-wait-0] DEBUG c.g.d.z.s.o.a.hc.client5.http.wire - http-outgoing-4 &lt;&lt; &quot;Server: Docker/20.10.12 (linux)[\r][\n]&quot;
22:49:02.204 [testcontainers-wait-0] DEBUG c.g.d.z.s.o.a.hc.client5.http.wire - http-outgoing-4 &lt;&lt; &quot;Date: Sun, 13 Feb 2022 21:49:02 GMT[\r][\n]&quot;
22:49:02.204 [testcontainers-wait-0] DEBUG c.g.d.z.s.o.a.hc.client5.http.wire - http-outgoing-4 &lt;&lt; &quot;Content-Length: 543[\r][\n]&quot;
22:49:02.204 [testcontainers-wait-0] DEBUG c.g.d.z.s.o.a.hc.client5.http.wire - http-outgoing-4 &lt;&lt; &quot;[\r][\n]&quot;
22:49:02.204 [testcontainers-wait-0] DEBUG c.g.d.z.s.o.a.hc.client5.http.wire - http-outgoing-4 &lt;&lt; &quot;{&quot;ID&quot;:&quot;777b58ec53adced822b7c7d0141c293d9573d645ae7ca721496019d89aa339e3&quot;,&quot;Running&quot;:false,&quot;ExitCode&quot;:0,&quot;ProcessConfig&quot;:{&quot;tty&quot;:false,&quot;entrypoint&quot;:&quot;/bin/sh&quot;,&quot;arguments&quot;:[&quot;-c&quot;,&quot;while true; do ( true  &amp;&amp;  (grep -i &apos;:0*1f90&apos; /proc/net/tcp* || nc -vz -w 1 localhost 8080 || /bin/bash -c &apos;&lt;/dev/tcp/localhost/8080&apos;) ) &amp;&amp; exit 0 || sleep 0.1; done&quot;],&quot;privileged&quot;:false},&quot;OpenStdin&quot;:false,&quot;OpenStderr&quot;:true,&quot;OpenStdout&quot;:true,&quot;CanRemove&quot;:false,&quot;ContainerID&quot;:&quot;aa6f16155ec7bc5f538d4a7724907940507d1503be109380040678518e6b5789&quot;,&quot;DetachKeys&quot;:&quot;&quot;,&quot;Pid&quot;:75537}[\n]&quot;
22:49:02.204 [testcontainers-wait-0] DEBUG c.g.d.z.s.o.a.h.client5.http.headers - http-outgoing-4 &lt;&lt; HTTP/1.1 200 OK
22:49:02.204 [testcontainers-wait-0] DEBUG c.g.d.z.s.o.a.h.client5.http.headers - http-outgoing-4 &lt;&lt; Api-Version: 1.41
22:49:02.204 [testcontainers-wait-0] DEBUG c.g.d.z.s.o.a.h.client5.http.headers - http-outgoing-4 &lt;&lt; Content-Type: application/json
22:49:02.204 [testcontainers-wait-0] DEBUG c.g.d.z.s.o.a.h.client5.http.headers - http-outgoing-4 &lt;&lt; Docker-Experimental: false
22:49:02.204 [testcontainers-wait-0] DEBUG c.g.d.z.s.o.a.h.client5.http.headers - http-outgoing-4 &lt;&lt; Ostype: linux
22:49:02.204 [testcontainers-wait-0] DEBUG c.g.d.z.s.o.a.h.client5.http.headers - http-outgoing-4 &lt;&lt; Server: Docker/20.10.12 (linux)
22:49:02.204 [testcontainers-wait-0] DEBUG c.g.d.z.s.o.a.h.client5.http.headers - http-outgoing-4 &lt;&lt; Date: Sun, 13 Feb 2022 21:49:02 GMT
22:49:02.204 [testcontainers-wait-0] DEBUG c.g.d.z.s.o.a.h.client5.http.headers - http-outgoing-4 &lt;&lt; Content-Length: 543
22:49:02.204 [testcontainers-wait-0] DEBUG c.g.d.z.s.o.a.h.c.h.i.c.MainClientExec - ex-0000001D: connection can be kept alive for 3 MINUTES
22:49:02.205 [testcontainers-wait-0] DEBUG c.g.d.z.s.o.a.h.c.h.i.c.InternalHttpClient - ep-0000001C: releasing valid endpoint
22:49:02.205 [testcontainers-wait-0] DEBUG c.g.d.z.s.o.a.h.c.h.i.i.PoolingHttpClientConnectionManager - ep-0000001C: releasing endpoint
22:49:02.205 [testcontainers-wait-0] DEBUG c.g.d.z.s.o.a.h.c.h.i.i.PoolingHttpClientConnectionManager - ep-0000001C: connection http-outgoing-4 can be kept alive for 3 MINUTES
22:49:02.205 [testcontainers-wait-0] DEBUG c.g.d.z.s.o.a.h.c.h.i.i.PoolingHttpClientConnectionManager - ep-0000001C: connection released [route: {}-&gt;unix://localhost:2375][total available: 1; route allocated: 1 of 2147483647; total allocated: 1 of 2147483647]
22:49:02.213 [testcontainers-wait-0] DEBUG o.t.c.w.s.HostPortWaitStrategy - Internal port check passed for [8080] in PT36.646055S
22:49:02.214 [main] INFO  üê≥ [mailysm/menu-server:1.0.0] - Container mailysm/menu-server:1.0.0 started in PT38.274206S
http://localhost:49205/menus/0
Une erreur est survenue...
404
22:49:02.729 [main] DEBUG o.t.s.c.g.d.c.command.AbstrDockerCmd - Cmd: aa6f16155ec7bc5f538d4a7724907940507d1503be109380040678518e6b5789,false
22:49:02.730 [main] DEBUG o.t.s.c.g.d.c.e.InspectContainerCmdExec - GET: DefaultWebTarget{path=[/containers/aa6f16155ec7bc5f538d4a7724907940507d1503be109380040678518e6b5789/json], queryParams={}}
22:49:02.730 [main] DEBUG c.g.d.z.s.o.a.h.c.h.i.c.InternalHttpClient - ex-0000001E: preparing request execution
22:49:02.730 [main] DEBUG c.g.d.z.s.o.a.h.c.h.p.RequestAddCookies - Cookie spec selected: strict
22:49:02.730 [main] DEBUG c.g.d.z.s.o.a.h.c.h.p.RequestAuthCache - Auth cache not set in the context
22:49:02.730 [main] DEBUG c.g.d.z.s.o.a.h.c.h.i.c.ProtocolExec - ex-0000001E: target auth state: UNCHALLENGED
22:49:02.730 [main] DEBUG c.g.d.z.s.o.a.h.c.h.i.c.ProtocolExec - ex-0000001E: proxy auth state: UNCHALLENGED
22:49:02.730 [main] DEBUG c.g.d.z.s.o.a.h.c.h.i.c.ConnectExec - ex-0000001E: acquiring connection with route {}-&gt;unix://localhost:2375
22:49:02.730 [main] DEBUG c.g.d.z.s.o.a.h.c.h.i.c.InternalHttpClient - ex-0000001E: acquiring endpoint (3 MINUTES)
22:49:02.736 [main] DEBUG c.g.d.z.s.o.a.h.c.h.i.i.PoolingHttpClientConnectionManager - ex-0000001E: endpoint lease request (3 MINUTES) [route: {}-&gt;unix://localhost:2375][total available: 1; route allocated: 1 of 2147483647; total allocated: 1 of 2147483647]
22:49:02.738 [main] DEBUG c.g.d.z.s.o.a.h.c.h.i.i.PoolingHttpClientConnectionManager - ex-0000001E: endpoint leased [route: {}-&gt;unix://localhost:2375][total available: 0; route allocated: 1 of 2147483647; total allocated: 1 of 2147483647]
22:49:02.740 [main] DEBUG c.g.d.z.s.o.a.h.c.h.i.i.PoolingHttpClientConnectionManager - ex-0000001E: acquired ep-0000001D
22:49:02.740 [main] DEBUG c.g.d.z.s.o.a.h.c.h.i.c.InternalHttpClient - ex-0000001E: acquired endpoint ep-0000001D
22:49:02.740 [main] DEBUG c.g.d.z.s.o.a.h.c.h.i.c.MainClientExec - ex-0000001E: executing GET /v1.32/containers/aa6f16155ec7bc5f538d4a7724907940507d1503be109380040678518e6b5789/json HTTP/1.1
22:49:02.740 [main] DEBUG c.g.d.z.s.o.a.h.c.h.i.c.InternalHttpClient - ep-0000001D: start execution ex-0000001E
22:49:02.740 [main] DEBUG c.g.d.z.s.o.a.h.c.h.i.i.PoolingHttpClientConnectionManager - ep-0000001D: executing exchange ex-0000001E over http-outgoing-4
22:49:02.740 [main] DEBUG c.g.d.z.s.o.a.h.client5.http.headers - http-outgoing-4 &gt;&gt; GET /v1.32/containers/aa6f16155ec7bc5f538d4a7724907940507d1503be109380040678518e6b5789/json HTTP/1.1
22:49:02.741 [main] DEBUG c.g.d.z.s.o.a.h.client5.http.headers - http-outgoing-4 &gt;&gt; accept: application/json
22:49:02.741 [main] DEBUG c.g.d.z.s.o.a.h.client5.http.headers - http-outgoing-4 &gt;&gt; Accept-Encoding: gzip, x-gzip, deflate
22:49:02.741 [main] DEBUG c.g.d.z.s.o.a.h.client5.http.headers - http-outgoing-4 &gt;&gt; Host: localhost:2375
22:49:02.744 [main] DEBUG c.g.d.z.s.o.a.h.client5.http.headers - http-outgoing-4 &gt;&gt; Connection: keep-alive
22:49:02.745 [main] DEBUG c.g.d.z.s.o.a.h.client5.http.headers - http-outgoing-4 &gt;&gt; User-Agent: Apache-HttpClient/5.0.3 (Java/11.0.13)
22:49:02.745 [main] DEBUG c.g.d.z.s.o.a.hc.client5.http.wire - http-outgoing-4 &gt;&gt; &quot;GET /v1.32/containers/aa6f16155ec7bc5f538d4a7724907940507d1503be109380040678518e6b5789/json HTTP/1.1[\r][\n]&quot;
22:49:02.745 [main] DEBUG c.g.d.z.s.o.a.hc.client5.http.wire - http-outgoing-4 &gt;&gt; &quot;accept: application/json[\r][\n]&quot;
22:49:02.745 [main] DEBUG c.g.d.z.s.o.a.hc.client5.http.wire - http-outgoing-4 &gt;&gt; &quot;Accept-Encoding: gzip, x-gzip, deflate[\r][\n]&quot;
22:49:02.746 [main] DEBUG c.g.d.z.s.o.a.hc.client5.http.wire - http-outgoing-4 &gt;&gt; &quot;Host: localhost:2375[\r][\n]&quot;
22:49:02.746 [main] DEBUG c.g.d.z.s.o.a.hc.client5.http.wire - http-outgoing-4 &gt;&gt; &quot;Connection: keep-alive[\r][\n]&quot;
22:49:02.746 [main] DEBUG c.g.d.z.s.o.a.hc.client5.http.wire - http-outgoing-4 &gt;&gt; &quot;User-Agent: Apache-HttpClient/5.0.3 (Java/11.0.13)[\r][\n]&quot;
22:49:02.746 [main] DEBUG c.g.d.z.s.o.a.hc.client5.http.wire - http-outgoing-4 &gt;&gt; &quot;[\r][\n]&quot;
22:49:02.746 [main] DEBUG c.g.d.z.s.o.a.hc.client5.http.wire - http-outgoing-4 &lt;&lt; &quot;HTTP/1.1 200 OK[\r][\n]&quot;
22:49:02.746 [main] DEBUG c.g.d.z.s.o.a.hc.client5.http.wire - http-outgoing-4 &lt;&lt; &quot;Api-Version: 1.41[\r][\n]&quot;
22:49:02.746 [main] DEBUG c.g.d.z.s.o.a.hc.client5.http.wire - http-outgoing-4 &lt;&lt; &quot;Content-Type: application/json[\r][\n]&quot;
22:49:02.746 [main] DEBUG c.g.d.z.s.o.a.hc.client5.http.wire - http-outgoing-4 &lt;&lt; &quot;Docker-Experimental: false[\r][\n]&quot;
22:49:02.746 [main] DEBUG c.g.d.z.s.o.a.hc.client5.http.wire - http-outgoing-4 &lt;&lt; &quot;Ostype: linux[\r][\n]&quot;
22:49:02.747 [main] DEBUG c.g.d.z.s.o.a.hc.client5.http.wire - http-outgoing-4 &lt;&lt; &quot;Server: Docker/20.10.12 (linux)[\r][\n]&quot;
22:49:02.748 [main] DEBUG c.g.d.z.s.o.a.hc.client5.http.wire - http-outgoing-4 &lt;&lt; &quot;Date: Sun, 13 Feb 2022 21:49:02 GMT[\r][\n]&quot;
22:49:02.748 [main] DEBUG c.g.d.z.s.o.a.hc.client5.http.wire - http-outgoing-4 &lt;&lt; &quot;Transfer-Encoding: chunked[\r][\n]&quot;
22:49:02.748 [main] DEBUG c.g.d.z.s.o.a.hc.client5.http.wire - http-outgoing-4 &lt;&lt; &quot;[\r][\n]&quot;
22:49:02.748 [main] DEBUG c.g.d.z.s.o.a.hc.client5.http.wire - http-outgoing-4 &lt;&lt; &quot;1459[\r][\n]&quot;
22:49:02.748 [main] DEBUG c.g.d.z.s.o.a.hc.client5.http.wire - http-outgoing-4 &lt;&lt; &quot;{&quot;Id&quot;:&quot;aa6f16155ec7bc5f538d4a7724907940507d1503be109380040678518e6b5789&quot;,&quot;Created&quot;:&quot;2022-02-13T21:48:24.041651243Z&quot;,&quot;Path&quot;:&quot;java&quot;,&quot;Args&quot;:[&quot;-jar&quot;,&quot;/opt/app/menu-server.jar&quot;,&quot;--server.port=8080&quot;],&quot;State&quot;:{&quot;Status&quot;:&quot;running&quot;,&quot;Running&quot;:true,&quot;Paused&quot;:false,&quot;Restarting&quot;:false,&quot;OOMKilled&quot;:false,&quot;Dead&quot;:false,&quot;Pid&quot;:75487,&quot;ExitCode&quot;:0,&quot;Error&quot;:&quot;&quot;,&quot;StartedAt&quot;:&quot;2022-02-13T21:48:25.408147454Z&quot;,&quot;FinishedAt&quot;:&quot;0001-01-01T00:00:00Z&quot;},&quot;Image&quot;:&quot;sha256:35ab7218180bf82c747ec97428348ff28028aebb6b860f6cff6cd03d1cef9f37&quot;,&quot;ResolvConfPath&quot;:&quot;/var/lib/docker/containers/aa6f16155ec7bc5f538d4a7724907940507d1503be109380040678518e6b5789/resolv.conf&quot;,&quot;HostnamePath&quot;:&quot;/var/lib/docker/containers/aa6f16155ec7bc5f538d4a7724907940507d1503be109380040678518e6b5789/hostname&quot;,&quot;HostsPath&quot;:&quot;/var/lib/docker/containers/aa6f16155ec7bc5f538d4a7724907940507d1503be109380040678518e6b5789/hosts&quot;,&quot;LogPath&quot;:&quot;/var/lib/docker/containers/aa6f16155ec7bc5f538d4a7724907940507d1503be109380040678518e6b5789/aa6f16155ec7bc5f538d4a7724907940507d1503be109380040678518e6b5789-json.log&quot;,&quot;Name&quot;:&quot;/peaceful_newton&quot;,&quot;RestartCount&quot;:0,&quot;Driver&quot;:&quot;overlay2&quot;,&quot;Platform&quot;:&quot;linux&quot;,&quot;MountLabel&quot;:&quot;&quot;,&quot;ProcessLabel&quot;:&quot;&quot;,&quot;AppArmorProfile&quot;:&quot;docker-default&quot;,&quot;ExecIDs&quot;:null,&quot;HostConfig&quot;:{&quot;Binds&quot;:[],&quot;ContainerIDFile&quot;:&quot;&quot;,&quot;LogConfig&quot;:{&quot;Type&quot;:&quot;json-file&quot;,&quot;Config&quot;:{}},&quot;NetworkMode&quot;:&quot;default&quot;,&quot;PortBindings&quot;:{&quot;8080/tcp&quot;:[{&quot;HostIp&quot;:&quot;&quot;,&quot;HostPort&quot;:&quot;&quot;}]},&quot;RestartPolicy&quot;:{&quot;Name&quot;:&quot;&quot;,&quot;MaximumRetryCount&quot;:0},&quot;AutoRemove&quot;:false,&quot;VolumeDriver&quot;:&quot;&quot;,&quot;VolumesFrom&quot;:[],&quot;CapAdd&quot;:null,&quot;CapDrop&quot;:null,&quot;CgroupnsMode&quot;:&quot;host&quot;,&quot;Dns&quot;:null,&quot;DnsOptions&quot;:null,&quot;DnsSearch&quot;:null,&quot;ExtraHosts&quot;:[],&quot;GroupAdd&quot;:null,&quot;IpcMode&quot;:&quot;shareable&quot;,&quot;Cgroup&quot;:&quot;&quot;,&quot;Links&quot;:null,&quot;OomScoreAdj&quot;:0,&quot;PidMode&quot;:&quot;&quot;,&quot;Privileged&quot;:false,&quot;PublishAllPorts&quot;:false,&quot;ReadonlyRootfs&quot;:false,&quot;SecurityOpt&quot;:null,&quot;UTSMode&quot;:&quot;&quot;,&quot;UsernsMode&quot;:&quot;&quot;,&quot;ShmSize&quot;:67108864,&quot;Runtime&quot;:&quot;runc&quot;,&quot;ConsoleSize&quot;:[0,0],&quot;Isolation&quot;:&quot;&quot;,&quot;CpuShares&quot;:0,&quot;Memory&quot;:0,&quot;NanoCpus&quot;:0,&quot;CgroupParent&quot;:&quot;&quot;,&quot;BlkioWeight&quot;:0,&quot;BlkioWeightDevice&quot;:null,&quot;BlkioDeviceReadBps&quot;:null,&quot;BlkioDeviceWriteBps&quot;:null,&quot;BlkioDeviceReadIOps&quot;:null,&quot;BlkioDeviceWriteIOps&quot;:null,&quot;CpuPeriod&quot;:0,&quot;CpuQuota&quot;:0,&quot;CpuRealtimePeriod&quot;:0,&quot;CpuRealtimeRuntime&quot;:0,&quot;CpusetCpus&quot;:&quot;&quot;,&quot;CpusetMems&quot;:&quot;&quot;,&quot;Devices&quot;:null,&quot;DeviceCgroupRules&quot;:null,&quot;DeviceRequests&quot;:null,&quot;KernelMemory&quot;:0,&quot;KernelMemoryTCP&quot;:0,&quot;MemoryReservation&quot;:0,&quot;MemorySwap&quot;:0,&quot;MemorySwappiness&quot;:null,&quot;OomKillDisable&quot;:false,&quot;PidsLimit&quot;:null,&quot;Ulimits&quot;:null,&quot;CpuCount&quot;:0,&quot;CpuPercent&quot;:0,&quot;IOMaximumIOps&quot;:0,&quot;IOMaximumBandwidth&quot;:0,&quot;MaskedPaths&quot;:[&quot;/proc/asound&quot;,&quot;/proc/acpi&quot;,&quot;/proc/kcore&quot;,&quot;/proc/keys&quot;,&quot;/proc/latency_stats&quot;,&quot;/proc/timer_list&quot;,&quot;/proc/timer_stats&quot;,&quot;/proc/sched_debug&quot;,&quot;/proc/scsi&quot;,&quot;/sys/firmware&quot;],&quot;ReadonlyPaths&quot;:[&quot;/proc/bus&quot;,&quot;/proc/fs&quot;,&quot;/proc/irq&quot;,&quot;/proc/sys&quot;,&quot;/proc/sysrq-trigger&quot;]},&quot;GraphDriver&quot;:{&quot;Data&quot;:{&quot;LowerDir&quot;:&quot;/var/lib/docker/overlay2/1fa43cd180228652a417ab4fdec30c46716818d569b1fd013c93a9fc6111e539-init/diff:/var/lib/docker/overlay2/b55ba49ce0a253837ca2f311ae89d6e2747163dfca37054daada71ac77a97d88/diff:/var/lib/docker/overlay2/84f1f4ada2daa8441cfcea481c746025190200e4b4e0cdbbc9c2e5de040b4985/diff:/var/lib/docker/overlay2/b6de60f3e8585c90976a17d31a0fe98cfbe4648dea139805da15e886bf52280e/diff&quot;,&quot;MergedDir&quot;:&quot;/var/lib/docker/overlay2/1fa43cd180228652a417ab4fdec30c46716818d569b1fd013c93a9fc6111e539/merged&quot;,&quot;UpperDir&quot;:&quot;/var/lib/docker/overlay2/1fa43cd180228652a417ab4fdec30c46716818d569b1fd013c93a9fc6111e539/diff&quot;,&quot;WorkDir&quot;:&quot;/var/lib/docker/overlay2/1fa43cd180228652a417ab4fdec30c46716818d569b1fd013c93a9fc6111e539/work&quot;},&quot;Name&quot;:&quot;overlay2&quot;},&quot;Mounts&quot;:[],&quot;Config&quot;:{&quot;Hostname&quot;:&quot;aa6f16155ec7&quot;,&quot;Domainname&quot;:&quot;&quot;,&quot;User&quot;:&quot;&quot;,&quot;AttachStdin&quot;:false,&quot;AttachStdout&quot;:false,&quot;AttachStderr&quot;:false,&quot;ExposedPorts&quot;:{&quot;8080/tcp&quot;:{}},&quot;Tty&quot;:false,&quot;OpenStdin&quot;:false,&quot;StdinOnce&quot;:false,&quot;Env&quot;:[&quot;PATH=/usr/local/sbin:/usr/local/bin:/usr/sbin:/usr/bin:/sbin:/bin&quot;,&quot;LANG=en_US.UTF-8&quot;,&quot;LANGUAGE=en_US:en&quot;,&quot;LC_ALL=en_US.UTF-8&quot;,&quot;JAVA_HOME=/usr/lib/jvm/zulu11-ca-amd64&quot;],&quot;Cmd&quot;:[&quot;java&quot;,&quot;-jar&quot;,&quot;/opt/app/menu-server.jar&quot;,&quot;--server.port=8080&quot;],&quot;Image&quot;:&quot;mailysm/menu-server:1.0.0&quot;,&quot;Volumes&quot;:null,&quot;WorkingDir&quot;:&quot;&quot;,&quot;Entrypoint&quot;:null,&quot;OnBuild&quot;:null,&quot;Labels&quot;:{&quot;org.testcontainers&quot;:&quot;true&quot;,&quot;org.testcontainers.sessionId&quot;:&quot;9146b6e3-da97-4d26-876d-8c297a218575&quot;}},&quot;NetworkSettings&quot;:{&quot;Bridge&quot;:&quot;&quot;,&quot;SandboxID&quot;:&quot;a5bc9b45fa6105192279fb81e35de55c53bc1b474e641e05963b204243c6d0fc&quot;,&quot;HairpinMode&quot;:false,&quot;LinkLocalIPv6Address&quot;:&quot;&quot;,&quot;LinkLocalIPv6PrefixLen&quot;:0,&quot;Ports&quot;:{&quot;8080/tcp&quot;:[{&quot;HostIp&quot;:&quot;0.0.0.0&quot;,&quot;HostPort&quot;:&quot;49205&quot;},{&quot;HostIp&quot;:&quot;::&quot;,&quot;HostPort&quot;:&quot;49205&quot;}]},&quot;SandboxKey&quot;:&quot;/var/run/docker/netns/a5bc9b45fa61&quot;,&quot;SecondaryIPAddresses&quot;:null,&quot;SecondaryIPv6Addresses&quot;:null,&quot;EndpointID&quot;:&quot;fe89e2ddc1353eeb8cadfb40cfbac8ac349ad224ca97e54c4d327bf2973c2cc5&quot;,&quot;Gateway&quot;:&quot;172.17.0.1&quot;,&quot;GlobalIPv6Address&quot;:&quot;&quot;,&quot;GlobalIPv6PrefixLen&quot;:0,&quot;IPAddress&quot;:&quot;172.17.0.3&quot;,&quot;IPPrefixLen&quot;:16,&quot;IPv6Gateway&quot;:&quot;&quot;,&quot;MacAddress&quot;:&quot;02:42:ac:11:00:03&quot;,&quot;Networks&quot;:{&quot;bridge&quot;:{&quot;IPAMConfig&quot;:null,&quot;Links&quot;:null,&quot;Aliases&quot;:null,&quot;NetworkID&quot;:&quot;7fea8d8f25168661bbec75b303f62f73cfb20a15e4c52abad652a1b1174bf236&quot;,&quot;EndpointID&quot;:&quot;fe89e2ddc1353eeb8cadfb40cfbac8ac349ad224ca97e54c4d327bf2973c2cc5&quot;,&quot;Gateway&quot;:&quot;172.17.0.1&quot;,&quot;IPAddress&quot;:&quot;172.17.0.3&quot;,&quot;IPPrefixLen&quot;:16,&quot;IPv6Gateway&quot;:&quot;&quot;,&quot;GlobalIPv6Address&quot;:&quot;&quot;,&quot;GlobalIPv6PrefixLen&quot;:0,&quot;MacAddress&quot;:&quot;02:42:ac:11:00:03&quot;,&quot;DriverOpts&quot;:null}}}}[\n]&quot;
22:49:02.748 [main] DEBUG c.g.d.z.s.o.a.hc.client5.http.wire - http-outgoing-4 &lt;&lt; &quot;[\r][\n]&quot;
22:49:02.748 [main] DEBUG c.g.d.z.s.o.a.hc.client5.http.wire - http-outgoing-4 &lt;&lt; &quot;0[\r][\n]&quot;
22:49:02.748 [main] DEBUG c.g.d.z.s.o.a.hc.client5.http.wire - http-outgoing-4 &lt;&lt; &quot;[\r][\n]&quot;
22:49:02.749 [main] DEBUG c.g.d.z.s.o.a.h.client5.http.headers - http-outgoing-4 &lt;&lt; HTTP/1.1 200 OK
22:49:02.752 [main] DEBUG c.g.d.z.s.o.a.h.client5.http.headers - http-outgoing-4 &lt;&lt; Api-Version: 1.41
22:49:02.752 [main] DEBUG c.g.d.z.s.o.a.h.client5.http.headers - http-outgoing-4 &lt;&lt; Content-Type: application/json
22:49:02.752 [main] DEBUG c.g.d.z.s.o.a.h.client5.http.headers - http-outgoing-4 &lt;&lt; Docker-Experimental: false
22:49:02.752 [main] DEBUG c.g.d.z.s.o.a.h.client5.http.headers - http-outgoing-4 &lt;&lt; Ostype: linux
22:49:02.752 [main] DEBUG c.g.d.z.s.o.a.h.client5.http.headers - http-outgoing-4 &lt;&lt; Server: Docker/20.10.12 (linux)
22:49:02.752 [main] DEBUG c.g.d.z.s.o.a.h.client5.http.headers - http-outgoing-4 &lt;&lt; Date: Sun, 13 Feb 2022 21:49:02 GMT
22:49:02.753 [main] DEBUG c.g.d.z.s.o.a.h.client5.http.headers - http-outgoing-4 &lt;&lt; Transfer-Encoding: chunked
22:49:02.753 [main] DEBUG c.g.d.z.s.o.a.h.c.h.i.c.MainClientExec - ex-0000001E: connection can be kept alive for 3 MINUTES
22:49:02.778 [main] DEBUG c.g.d.z.s.o.a.h.c.h.i.c.InternalHttpClient - ep-0000001D: releasing valid endpoint
22:49:02.793 [main] DEBUG c.g.d.z.s.o.a.h.c.h.i.i.PoolingHttpClientConnectionManager - ep-0000001D: releasing endpoint
22:49:02.794 [main] DEBUG c.g.d.z.s.o.a.h.c.h.i.i.PoolingHttpClientConnectionManager - ep-0000001D: connection http-outgoing-4 can be kept alive for 3 MINUTES
22:49:02.799 [main] DEBUG c.g.d.z.s.o.a.h.c.h.i.i.PoolingHttpClientConnectionManager - ep-0000001D: connection released [route: {}-&gt;unix://localhost:2375][total available: 1; route allocated: 1 of 2147483647; total allocated: 1 of 2147483647]
22:49:02.799 [main] DEBUG o.t.s.c.g.d.c.command.AbstrDockerCmd - Cmd: aa6f16155ec7bc5f538d4a7724907940507d1503be109380040678518e6b5789,&lt;null&gt;
22:49:02.799 [main] DEBUG c.g.d.z.s.o.a.h.c.h.i.c.InternalHttpClient - ex-0000001F: preparing request execution
22:49:02.800 [main] DEBUG c.g.d.z.s.o.a.h.c.h.p.RequestAddCookies - Cookie spec selected: strict
22:49:02.801 [main] DEBUG c.g.d.z.s.o.a.h.c.h.p.RequestAuthCache - Auth cache not set in the context
22:49:02.804 [main] DEBUG c.g.d.z.s.o.a.h.c.h.i.c.ProtocolExec - ex-0000001F: target auth state: UNCHALLENGED
22:49:02.804 [main] DEBUG c.g.d.z.s.o.a.h.c.h.i.c.ProtocolExec - ex-0000001F: proxy auth state: UNCHALLENGED
22:49:02.804 [main] DEBUG c.g.d.z.s.o.a.h.c.h.i.c.ConnectExec - ex-0000001F: acquiring connection with route {}-&gt;unix://localhost:2375
22:49:02.804 [main] DEBUG c.g.d.z.s.o.a.h.c.h.i.c.InternalHttpClient - ex-0000001F: acquiring endpoint (3 MINUTES)
22:49:02.805 [main] DEBUG c.g.d.z.s.o.a.h.c.h.i.i.PoolingHttpClientConnectionManager - ex-0000001F: endpoint lease request (3 MINUTES) [route: {}-&gt;unix://localhost:2375][total available: 1; route allocated: 1 of 2147483647; total allocated: 1 of 2147483647]
22:49:02.806 [main] DEBUG c.g.d.z.s.o.a.h.c.h.i.i.PoolingHttpClientConnectionManager - ex-0000001F: endpoint leased [route: {}-&gt;unix://localhost:2375][total available: 0; route allocated: 1 of 2147483647; total allocated: 1 of 2147483647]
22:49:02.806 [main] DEBUG c.g.d.z.s.o.a.h.c.h.i.i.PoolingHttpClientConnectionManager - ex-0000001F: acquired ep-0000001E
22:49:02.806 [main] DEBUG c.g.d.z.s.o.a.h.c.h.i.c.InternalHttpClient - ex-0000001F: acquired endpoint ep-0000001E
22:49:02.806 [main] DEBUG c.g.d.z.s.o.a.h.c.h.i.c.MainClientExec - ex-0000001F: executing POST /v1.32/containers/aa6f16155ec7bc5f538d4a7724907940507d1503be109380040678518e6b5789/kill HTTP/1.1
22:49:02.806 [main] DEBUG c.g.d.z.s.o.a.h.c.h.i.c.InternalHttpClient - ep-0000001E: start execution ex-0000001F
22:49:02.806 [main] DEBUG c.g.d.z.s.o.a.h.c.h.i.i.PoolingHttpClientConnectionManager - ep-0000001E: executing exchange ex-0000001F over http-outgoing-4
22:49:02.806 [main] DEBUG c.g.d.z.s.o.a.h.client5.http.headers - http-outgoing-4 &gt;&gt; POST /v1.32/containers/aa6f16155ec7bc5f538d4a7724907940507d1503be109380040678518e6b5789/kill HTTP/1.1
22:49:02.807 [main] DEBUG c.g.d.z.s.o.a.h.client5.http.headers - http-outgoing-4 &gt;&gt; accept: application/json
22:49:02.808 [main] DEBUG c.g.d.z.s.o.a.h.client5.http.headers - http-outgoing-4 &gt;&gt; content-type: application/json
22:49:02.808 [main] DEBUG c.g.d.z.s.o.a.h.client5.http.headers - http-outgoing-4 &gt;&gt; Accept-Encoding: gzip, x-gzip, deflate
22:49:02.808 [main] DEBUG c.g.d.z.s.o.a.h.client5.http.headers - http-outgoing-4 &gt;&gt; Host: localhost:2375
22:49:02.808 [main] DEBUG c.g.d.z.s.o.a.h.client5.http.headers - http-outgoing-4 &gt;&gt; Connection: keep-alive
22:49:02.808 [main] DEBUG c.g.d.z.s.o.a.h.client5.http.headers - http-outgoing-4 &gt;&gt; User-Agent: Apache-HttpClient/5.0.3 (Java/11.0.13)
22:49:02.808 [main] DEBUG c.g.d.z.s.o.a.hc.client5.http.wire - http-outgoing-4 &gt;&gt; &quot;POST /v1.32/containers/aa6f16155ec7bc5f538d4a7724907940507d1503be109380040678518e6b5789/kill HTTP/1.1[\r][\n]&quot;
22:49:02.808 [main] DEBUG c.g.d.z.s.o.a.hc.client5.http.wire - http-outgoing-4 &gt;&gt; &quot;accept: application/json[\r][\n]&quot;
22:49:02.809 [main] DEBUG c.g.d.z.s.o.a.hc.client5.http.wire - http-outgoing-4 &gt;&gt; &quot;content-type: application/json[\r][\n]&quot;
22:49:02.809 [main] DEBUG c.g.d.z.s.o.a.hc.client5.http.wire - http-outgoing-4 &gt;&gt; &quot;Accept-Encoding: gzip, x-gzip, deflate[\r][\n]&quot;
22:49:02.809 [main] DEBUG c.g.d.z.s.o.a.hc.client5.http.wire - http-outgoing-4 &gt;&gt; &quot;Host: localhost:2375[\r][\n]&quot;
22:49:02.809 [main] DEBUG c.g.d.z.s.o.a.hc.client5.http.wire - http-outgoing-4 &gt;&gt; &quot;Connection: keep-alive[\r][\n]&quot;
22:49:02.809 [main] DEBUG c.g.d.z.s.o.a.hc.client5.http.wire - http-outgoing-4 &gt;&gt; &quot;User-Agent: Apache-HttpClient/5.0.3 (Java/11.0.13)[\r][\n]&quot;
22:49:02.809 [main] DEBUG c.g.d.z.s.o.a.hc.client5.http.wire - http-outgoing-4 &gt;&gt; &quot;[\r][\n]&quot;
22:49:03.191 [main] DEBUG c.g.d.z.s.o.a.hc.client5.http.wire - http-outgoing-4 &lt;&lt; &quot;HTTP/1.1 204 No Content[\r][\n]&quot;
22:49:03.191 [main] DEBUG c.g.d.z.s.o.a.hc.client5.http.wire - http-outgoing-4 &lt;&lt; &quot;Api-Version: 1.41[\r][\n]&quot;
22:49:03.191 [main] DEBUG c.g.d.z.s.o.a.hc.client5.http.wire - http-outgoing-4 &lt;&lt; &quot;Docker-Experimental: false[\r][\n]&quot;
22:49:03.191 [main] DEBUG c.g.d.z.s.o.a.hc.client5.http.wire - http-outgoing-4 &lt;&lt; &quot;Ostype: linux[\r][\n]&quot;
22:49:03.191 [main] DEBUG c.g.d.z.s.o.a.hc.client5.http.wire - http-outgoing-4 &lt;&lt; &quot;Server: Docker/20.10.12 (linux)[\r][\n]&quot;
22:49:03.191 [main] DEBUG c.g.d.z.s.o.a.hc.client5.http.wire - http-outgoing-4 &lt;&lt; &quot;Date: Sun, 13 Feb 2022 21:49:03 GMT[\r][\n]&quot;
22:49:03.191 [main] DEBUG c.g.d.z.s.o.a.hc.client5.http.wire - http-outgoing-4 &lt;&lt; &quot;[\r][\n]&quot;
22:49:03.191 [main] DEBUG c.g.d.z.s.o.a.h.client5.http.headers - http-outgoing-4 &lt;&lt; HTTP/1.1 204 No Content
22:49:03.191 [main] DEBUG c.g.d.z.s.o.a.h.client5.http.headers - http-outgoing-4 &lt;&lt; Api-Version: 1.41
22:49:03.191 [main] DEBUG c.g.d.z.s.o.a.h.client5.http.headers - http-outgoing-4 &lt;&lt; Docker-Experimental: false
22:49:03.191 [main] DEBUG c.g.d.z.s.o.a.h.client5.http.headers - http-outgoing-4 &lt;&lt; Ostype: linux
22:49:03.191 [main] DEBUG c.g.d.z.s.o.a.h.client5.http.headers - http-outgoing-4 &lt;&lt; Server: Docker/20.10.12 (linux)
22:49:03.191 [main] DEBUG c.g.d.z.s.o.a.h.client5.http.headers - http-outgoing-4 &lt;&lt; Date: Sun, 13 Feb 2022 21:49:03 GMT
22:49:03.191 [main] DEBUG c.g.d.z.s.o.a.h.c.h.i.c.MainClientExec - ex-0000001F: connection can be kept alive for 3 MINUTES
22:49:03.191 [main] DEBUG c.g.d.z.s.o.a.h.c.h.i.c.InternalHttpClient - ep-0000001E: releasing valid endpoint
22:49:03.191 [main] DEBUG c.g.d.z.s.o.a.h.c.h.i.i.PoolingHttpClientConnectionManager - ep-0000001E: releasing endpoint
22:49:03.191 [main] DEBUG c.g.d.z.s.o.a.h.c.h.i.i.PoolingHttpClientConnectionManager - ep-0000001E: connection http-outgoing-4 can be kept alive for 3 MINUTES
22:49:03.191 [main] DEBUG c.g.d.z.s.o.a.h.c.h.i.i.PoolingHttpClientConnectionManager - ep-0000001E: connection released [route: {}-&gt;unix://localhost:2375][total available: 1; route allocated: 1 of 2147483647; total allocated: 1 of 2147483647]
22:49:03.191 [main] DEBUG o.t.s.c.g.d.c.command.AbstrDockerCmd - Cmd: aa6f16155ec7bc5f538d4a7724907940507d1503be109380040678518e6b5789,false
22:49:03.192 [main] DEBUG o.t.s.c.g.d.c.e.InspectContainerCmdExec - GET: DefaultWebTarget{path=[/containers/aa6f16155ec7bc5f538d4a7724907940507d1503be109380040678518e6b5789/json], queryParams={}}
22:49:03.198 [main] DEBUG c.g.d.z.s.o.a.h.c.h.i.c.InternalHttpClient - ex-00000020: preparing request execution
22:49:03.198 [main] DEBUG c.g.d.z.s.o.a.h.c.h.p.RequestAddCookies - Cookie spec selected: strict
22:49:03.199 [main] DEBUG c.g.d.z.s.o.a.h.c.h.p.RequestAuthCache - Auth cache not set in the context
22:49:03.199 [main] DEBUG c.g.d.z.s.o.a.h.c.h.i.c.ProtocolExec - ex-00000020: target auth state: UNCHALLENGED
22:49:03.199 [main] DEBUG c.g.d.z.s.o.a.h.c.h.i.c.ProtocolExec - ex-00000020: proxy auth state: UNCHALLENGED
22:49:03.199 [main] DEBUG c.g.d.z.s.o.a.h.c.h.i.c.ConnectExec - ex-00000020: acquiring connection with route {}-&gt;unix://localhost:2375
22:49:03.200 [main] DEBUG c.g.d.z.s.o.a.h.c.h.i.c.InternalHttpClient - ex-00000020: acquiring endpoint (3 MINUTES)
22:49:03.204 [main] DEBUG c.g.d.z.s.o.a.h.c.h.i.i.PoolingHttpClientConnectionManager - ex-00000020: endpoint lease request (3 MINUTES) [route: {}-&gt;unix://localhost:2375][total available: 1; route allocated: 1 of 2147483647; total allocated: 1 of 2147483647]
22:49:03.205 [main] DEBUG c.g.d.z.s.o.a.h.c.h.i.i.PoolingHttpClientConnectionManager - ex-00000020: endpoint leased [route: {}-&gt;unix://localhost:2375][total available: 0; route allocated: 1 of 2147483647; total allocated: 1 of 2147483647]
22:49:03.207 [main] DEBUG c.g.d.z.s.o.a.h.c.h.i.i.PoolingHttpClientConnectionManager - ex-00000020: acquired ep-0000001F
22:49:03.207 [main] DEBUG c.g.d.z.s.o.a.h.c.h.i.c.InternalHttpClient - ex-00000020: acquired endpoint ep-0000001F
22:49:03.207 [main] DEBUG c.g.d.z.s.o.a.h.c.h.i.c.MainClientExec - ex-00000020: executing GET /v1.32/containers/aa6f16155ec7bc5f538d4a7724907940507d1503be109380040678518e6b5789/json HTTP/1.1
22:49:03.207 [main] DEBUG c.g.d.z.s.o.a.h.c.h.i.c.InternalHttpClient - ep-0000001F: start execution ex-00000020
22:49:03.207 [main] DEBUG c.g.d.z.s.o.a.h.c.h.i.i.PoolingHttpClientConnectionManager - ep-0000001F: executing exchange ex-00000020 over http-outgoing-4
22:49:03.207 [main] DEBUG c.g.d.z.s.o.a.h.client5.http.headers - http-outgoing-4 &gt;&gt; GET /v1.32/containers/aa6f16155ec7bc5f538d4a7724907940507d1503be109380040678518e6b5789/json HTTP/1.1
22:49:03.208 [main] DEBUG c.g.d.z.s.o.a.h.client5.http.headers - http-outgoing-4 &gt;&gt; accept: application/json
22:49:03.209 [main] DEBUG c.g.d.z.s.o.a.h.client5.http.headers - http-outgoing-4 &gt;&gt; Accept-Encoding: gzip, x-gzip, deflate
22:49:03.209 [main] DEBUG c.g.d.z.s.o.a.h.client5.http.headers - http-outgoing-4 &gt;&gt; Host: localhost:2375
22:49:03.209 [main] DEBUG c.g.d.z.s.o.a.h.client5.http.headers - http-outgoing-4 &gt;&gt; Connection: keep-alive
22:49:03.209 [main] DEBUG c.g.d.z.s.o.a.h.client5.http.headers - http-outgoing-4 &gt;&gt; User-Agent: Apache-HttpClient/5.0.3 (Java/11.0.13)
22:49:03.209 [main] DEBUG c.g.d.z.s.o.a.hc.client5.http.wire - http-outgoing-4 &gt;&gt; &quot;GET /v1.32/containers/aa6f16155ec7bc5f538d4a7724907940507d1503be109380040678518e6b5789/json HTTP/1.1[\r][\n]&quot;
22:49:03.209 [main] DEBUG c.g.d.z.s.o.a.hc.client5.http.wire - http-outgoing-4 &gt;&gt; &quot;accept: application/json[\r][\n]&quot;
22:49:03.209 [main] DEBUG c.g.d.z.s.o.a.hc.client5.http.wire - http-outgoing-4 &gt;&gt; &quot;Accept-Encoding: gzip, x-gzip, deflate[\r][\n]&quot;
22:49:03.210 [main] DEBUG c.g.d.z.s.o.a.hc.client5.http.wire - http-outgoing-4 &gt;&gt; &quot;Host: localhost:2375[\r][\n]&quot;
22:49:03.211 [main] DEBUG c.g.d.z.s.o.a.hc.client5.http.wire - http-outgoing-4 &gt;&gt; &quot;Connection: keep-alive[\r][\n]&quot;
22:49:03.211 [main] DEBUG c.g.d.z.s.o.a.hc.client5.http.wire - http-outgoing-4 &gt;&gt; &quot;User-Agent: Apache-HttpClient/5.0.3 (Java/11.0.13)[\r][\n]&quot;
22:49:03.211 [main] DEBUG c.g.d.z.s.o.a.hc.client5.http.wire - http-outgoing-4 &gt;&gt; &quot;[\r][\n]&quot;
22:49:03.223 [main] DEBUG c.g.d.z.s.o.a.hc.client5.http.wire - http-outgoing-4 &lt;&lt; &quot;HTTP/1.1 200 OK[\r][\n]&quot;
22:49:03.223 [main] DEBUG c.g.d.z.s.o.a.hc.client5.http.wire - http-outgoing-4 &lt;&lt; &quot;Api-Version: 1.41[\r][\n]&quot;
22:49:03.223 [main] DEBUG c.g.d.z.s.o.a.hc.client5.http.wire - http-outgoing-4 &lt;&lt; &quot;Content-Type: application/json[\r][\n]&quot;
22:49:03.223 [main] DEBUG c.g.d.z.s.o.a.hc.client5.http.wire - http-outgoing-4 &lt;&lt; &quot;Docker-Experimental: false[\r][\n]&quot;
22:49:03.223 [main] DEBUG c.g.d.z.s.o.a.hc.client5.http.wire - http-outgoing-4 &lt;&lt; &quot;Ostype: linux[\r][\n]&quot;
22:49:03.223 [main] DEBUG c.g.d.z.s.o.a.hc.client5.http.wire - http-outgoing-4 &lt;&lt; &quot;Server: Docker/20.10.12 (linux)[\r][\n]&quot;
22:49:03.223 [main] DEBUG c.g.d.z.s.o.a.hc.client5.http.wire - http-outgoing-4 &lt;&lt; &quot;Date: Sun, 13 Feb 2022 21:49:03 GMT[\r][\n]&quot;
22:49:03.224 [main] DEBUG c.g.d.z.s.o.a.hc.client5.http.wire - http-outgoing-4 &lt;&lt; &quot;Transfer-Encoding: chunked[\r][\n]&quot;
22:49:03.225 [main] DEBUG c.g.d.z.s.o.a.hc.client5.http.wire - http-outgoing-4 &lt;&lt; &quot;[\r][\n]&quot;
22:49:03.225 [main] DEBUG c.g.d.z.s.o.a.hc.client5.http.wire - http-outgoing-4 &lt;&lt; &quot;133e[\r][\n]&quot;
22:49:03.225 [main] DEBUG c.g.d.z.s.o.a.hc.client5.http.wire - http-outgoing-4 &lt;&lt; &quot;{&quot;Id&quot;:&quot;aa6f16155ec7bc5f538d4a7724907940507d1503be109380040678518e6b5789&quot;,&quot;Created&quot;:&quot;2022-02-13T21:48:24.041651243Z&quot;,&quot;Path&quot;:&quot;java&quot;,&quot;Args&quot;:[&quot;-jar&quot;,&quot;/opt/app/menu-server.jar&quot;,&quot;--server.port=8080&quot;],&quot;State&quot;:{&quot;Status&quot;:&quot;exited&quot;,&quot;Running&quot;:false,&quot;Paused&quot;:false,&quot;Restarting&quot;:false,&quot;OOMKilled&quot;:false,&quot;Dead&quot;:false,&quot;Pid&quot;:0,&quot;ExitCode&quot;:137,&quot;Error&quot;:&quot;&quot;,&quot;StartedAt&quot;:&quot;2022-02-13T21:48:25.408147454Z&quot;,&quot;FinishedAt&quot;:&quot;2022-02-13T21:49:02.882461794Z&quot;},&quot;Image&quot;:&quot;sha256:35ab7218180bf82c747ec97428348ff28028aebb6b860f6cff6cd03d1cef9f37&quot;,&quot;ResolvConfPath&quot;:&quot;/var/lib/docker/containers/aa6f16155ec7bc5f538d4a7724907940507d1503be109380040678518e6b5789/resolv.conf&quot;,&quot;HostnamePath&quot;:&quot;/var/lib/docker/containers/aa6f16155ec7bc5f538d4a7724907940507d1503be109380040678518e6b5789/hostname&quot;,&quot;HostsPath&quot;:&quot;/var/lib/docker/containers/aa6f16155ec7bc5f538d4a7724907940507d1503be109380040678518e6b5789/hosts&quot;,&quot;LogPath&quot;:&quot;/var/lib/docker/containers/aa6f16155ec7bc5f538d4a7724907940507d1503be109380040678518e6b5789/aa6f16155ec7bc5f538d4a7724907940507d1503be109380040678518e6b5789-json.log&quot;,&quot;Name&quot;:&quot;/peaceful_newton&quot;,&quot;RestartCount&quot;:0,&quot;Driver&quot;:&quot;overlay2&quot;,&quot;Platform&quot;:&quot;linux&quot;,&quot;MountLabel&quot;:&quot;&quot;,&quot;ProcessLabel&quot;:&quot;&quot;,&quot;AppArmorProfile&quot;:&quot;docker-default&quot;,&quot;ExecIDs&quot;:null,&quot;HostConfig&quot;:{&quot;Binds&quot;:[],&quot;ContainerIDFile&quot;:&quot;&quot;,&quot;LogConfig&quot;:{&quot;Type&quot;:&quot;json-file&quot;,&quot;Config&quot;:{}},&quot;NetworkMode&quot;:&quot;default&quot;,&quot;PortBindings&quot;:{&quot;8080/tcp&quot;:[{&quot;HostIp&quot;:&quot;&quot;,&quot;HostPort&quot;:&quot;&quot;}]},&quot;RestartPolicy&quot;:{&quot;Name&quot;:&quot;&quot;,&quot;MaximumRetryCount&quot;:0},&quot;AutoRemove&quot;:false,&quot;VolumeDriver&quot;:&quot;&quot;,&quot;VolumesFrom&quot;:[],&quot;CapAdd&quot;:null,&quot;CapDrop&quot;:null,&quot;CgroupnsMode&quot;:&quot;host&quot;,&quot;Dns&quot;:null,&quot;DnsOptions&quot;:null,&quot;DnsSearch&quot;:null,&quot;ExtraHosts&quot;:[],&quot;GroupAdd&quot;:null,&quot;IpcMode&quot;:&quot;shareable&quot;,&quot;Cgroup&quot;:&quot;&quot;,&quot;Links&quot;:null,&quot;OomScoreAdj&quot;:0,&quot;PidMode&quot;:&quot;&quot;,&quot;Privileged&quot;:false,&quot;PublishAllPorts&quot;:false,&quot;ReadonlyRootfs&quot;:false,&quot;SecurityOpt&quot;:null,&quot;UTSMode&quot;:&quot;&quot;,&quot;UsernsMode&quot;:&quot;&quot;,&quot;ShmSize&quot;:67108864,&quot;Runtime&quot;:&quot;runc&quot;,&quot;ConsoleSize&quot;:[0,0],&quot;Isolation&quot;:&quot;&quot;,&quot;CpuShares&quot;:0,&quot;Memory&quot;:0,&quot;NanoCpus&quot;:0,&quot;CgroupParent&quot;:&quot;&quot;,&quot;BlkioWeight&quot;:0,&quot;BlkioWeightDevice&quot;:null,&quot;BlkioDeviceReadBps&quot;:null,&quot;BlkioDeviceWriteBps&quot;:null,&quot;BlkioDeviceReadIOps&quot;:null,&quot;BlkioDeviceWriteIOps&quot;:null,&quot;CpuPeriod&quot;:0,&quot;CpuQuota&quot;:0,&quot;CpuRealtimePeriod&quot;:0,&quot;CpuRealtimeRuntime&quot;:0,&quot;CpusetCpus&quot;:&quot;&quot;,&quot;CpusetMems&quot;:&quot;&quot;,&quot;Devices&quot;:null,&quot;DeviceCgroupRules&quot;:null,&quot;DeviceRequests&quot;:null,&quot;KernelMemory&quot;:0,&quot;KernelMemoryTCP&quot;:0,&quot;MemoryReservation&quot;:0,&quot;MemorySwap&quot;:0,&quot;MemorySwappiness&quot;:null,&quot;OomKillDisable&quot;:false,&quot;PidsLimit&quot;:null,&quot;Ulimits&quot;:null,&quot;CpuCount&quot;:0,&quot;CpuPercent&quot;:0,&quot;IOMaximumIOps&quot;:0,&quot;IOMaximumBandwidth&quot;:0,&quot;MaskedPaths&quot;:[&quot;/proc/asound&quot;,&quot;/proc/acpi&quot;,&quot;/proc/kcore&quot;,&quot;/proc/keys&quot;,&quot;/proc/latency_stats&quot;,&quot;/proc/timer_list&quot;,&quot;/proc/timer_stats&quot;,&quot;/proc/sched_debug&quot;,&quot;/proc/scsi&quot;,&quot;/sys/firmware&quot;],&quot;ReadonlyPaths&quot;:[&quot;/proc/bus&quot;,&quot;/proc/fs&quot;,&quot;/proc/irq&quot;,&quot;/proc/sys&quot;,&quot;/proc/sysrq-trigger&quot;]},&quot;GraphDriver&quot;:{&quot;Data&quot;:{&quot;LowerDir&quot;:&quot;/var/lib/docker/overlay2/1fa43cd180228652a417ab4fdec30c46716818d569b1fd013c93a9fc6111e539-init/diff:/var/lib/docker/overlay2/b55ba49ce0a253837ca2f311ae89d6e2747163dfca37054daada71ac77a97d88/diff:/var/lib/docker/overlay2/84f1f4ada2daa8441cfcea481c746025190200e4b4e0cdbbc9c2e5de040b4985/diff:/var/lib/docker/overlay2/b6de60f3e8585c90976a17d31a0fe98cfbe4648dea139805da15e886bf52280e/diff&quot;,&quot;MergedDir&quot;:&quot;/var/lib/docker/overlay2/1fa43cd180228652a417ab4fdec30c46716818d569b1fd013c93a9fc6111e539/merged&quot;,&quot;UpperDir&quot;:&quot;/var/lib/docker/overlay2/1fa43cd180228652a417ab4fdec30c46716818d569b1fd013c93a9fc6111e539/diff&quot;,&quot;WorkDir&quot;:&quot;/var/lib/docker/overlay2/1fa43cd180228652a417ab4fdec30c46716818d569b1fd013c93a9fc6111e539/work&quot;},&quot;Name&quot;:&quot;overlay2&quot;},&quot;Mounts&quot;:[],&quot;Config&quot;:{&quot;Hostname&quot;:&quot;aa6f16155ec7&quot;,&quot;Domainname&quot;:&quot;&quot;,&quot;User&quot;:&quot;&quot;,&quot;AttachStdin&quot;:false,&quot;AttachStdout&quot;:false,&quot;AttachStderr&quot;:false,&quot;ExposedPorts&quot;:{&quot;8080/tcp&quot;:{}},&quot;Tty&quot;:false,&quot;OpenStdin&quot;:false,&quot;StdinOnce&quot;:false,&quot;Env&quot;:[&quot;PATH=/usr/local/sbin:/usr/local/bin:/usr/sbin:/usr/bin:/sbin:/bin&quot;,&quot;LANG=en_US.UTF-8&quot;,&quot;LANGUAGE=en_US:en&quot;,&quot;LC_ALL=en_US.UTF-8&quot;,&quot;JAVA_HOME=/usr/lib/jvm/zulu11-ca-amd64&quot;],&quot;Cmd&quot;:[&quot;java&quot;,&quot;-jar&quot;,&quot;/opt/app/menu-server.jar&quot;,&quot;--server.port=8080&quot;],&quot;Image&quot;:&quot;mailysm/menu-server:1.0.0&quot;,&quot;Volumes&quot;:null,&quot;WorkingDir&quot;:&quot;&quot;,&quot;Entrypoint&quot;:null,&quot;OnBuild&quot;:null,&quot;Labels&quot;:{&quot;org.testcontainers&quot;:&quot;true&quot;,&quot;org.testcontainers.sessionId&quot;:&quot;9146b6e3-da97-4d26-876d-8c297a218575&quot;}},&quot;NetworkSettings&quot;:{&quot;Bridge&quot;:&quot;&quot;,&quot;SandboxID&quot;:&quot;a5bc9b45fa6105192279fb81e35de55c53bc1b474e641e05963b204243c6d0fc&quot;,&quot;HairpinMode&quot;:false,&quot;LinkLocalIPv6Address&quot;:&quot;&quot;,&quot;LinkLocalIPv6PrefixLen&quot;:0,&quot;Ports&quot;:{},&quot;SandboxKey&quot;:&quot;/var/run/docker/netns/a5bc9b45fa61&quot;,&quot;SecondaryIPAddresses&quot;:null,&quot;SecondaryIPv6Addresses&quot;:null,&quot;EndpointID&quot;:&quot;&quot;,&quot;Gateway&quot;:&quot;&quot;,&quot;GlobalIPv6Address&quot;:&quot;&quot;,&quot;GlobalIPv6PrefixLen&quot;:0,&quot;IPAddress&quot;:&quot;&quot;,&quot;IPPrefixLen&quot;:0,&quot;IPv6Gateway&quot;:&quot;&quot;,&quot;MacAddress&quot;:&quot;&quot;,&quot;Networks&quot;:{&quot;bridge&quot;:{&quot;IPAMConfig&quot;:null,&quot;Links&quot;:null,&quot;Aliases&quot;:null,&quot;NetworkID&quot;:&quot;7fea8d8f25168661bbec75b303f62f73cfb20a15e4c52abad652a1b1174bf236&quot;,&quot;EndpointID&quot;:&quot;&quot;,&quot;Gateway&quot;:&quot;&quot;,&quot;IPAddress&quot;:&quot;&quot;,&quot;IPPrefixLen&quot;:0,&quot;IPv6Gateway&quot;:&quot;&quot;,&quot;GlobalIPv6Address&quot;:&quot;&quot;,&quot;GlobalIPv6PrefixLen&quot;:0,&quot;MacAddress&quot;:&quot;&quot;,&quot;DriverOpts&quot;:null}}}}[\n]&quot;
22:49:03.233 [main] DEBUG c.g.d.z.s.o.a.hc.client5.http.wire - http-outgoing-4 &lt;&lt; &quot;[\r][\n]&quot;
22:49:03.240 [main] DEBUG c.g.d.z.s.o.a.hc.client5.http.wire - http-outgoing-4 &lt;&lt; &quot;0[\r][\n]&quot;
22:49:03.240 [main] DEBUG c.g.d.z.s.o.a.hc.client5.http.wire - http-outgoing-4 &lt;&lt; &quot;[\r][\n]&quot;
22:49:03.240 [main] DEBUG c.g.d.z.s.o.a.h.client5.http.headers - http-outgoing-4 &lt;&lt; HTTP/1.1 200 OK
22:49:03.244 [main] DEBUG c.g.d.z.s.o.a.h.client5.http.headers - http-outgoing-4 &lt;&lt; Api-Version: 1.41
22:49:03.245 [main] DEBUG c.g.d.z.s.o.a.h.client5.http.headers - http-outgoing-4 &lt;&lt; Content-Type: application/json
22:49:03.245 [main] DEBUG c.g.d.z.s.o.a.h.client5.http.headers - http-outgoing-4 &lt;&lt; Docker-Experimental: false
22:49:03.245 [main] DEBUG c.g.d.z.s.o.a.h.client5.http.headers - http-outgoing-4 &lt;&lt; Ostype: linux
22:49:03.245 [main] DEBUG c.g.d.z.s.o.a.h.client5.http.headers - http-outgoing-4 &lt;&lt; Server: Docker/20.10.12 (linux)
22:49:03.245 [main] DEBUG c.g.d.z.s.o.a.h.client5.http.headers - http-outgoing-4 &lt;&lt; Date: Sun, 13 Feb 2022 21:49:03 GMT
22:49:03.245 [main] DEBUG c.g.d.z.s.o.a.h.client5.http.headers - http-outgoing-4 &lt;&lt; Transfer-Encoding: chunked
22:49:03.246 [main] DEBUG c.g.d.z.s.o.a.h.c.h.i.c.MainClientExec - ex-00000020: connection can be kept alive for 3 MINUTES
22:49:03.248 [main] DEBUG c.g.d.z.s.o.a.h.c.h.i.c.InternalHttpClient - ep-0000001F: releasing valid endpoint
22:49:03.276 [main] DEBUG c.g.d.z.s.o.a.h.c.h.i.i.PoolingHttpClientConnectionManager - ep-0000001F: releasing endpoint
22:49:03.278 [main] DEBUG c.g.d.z.s.o.a.h.c.h.i.i.PoolingHttpClientConnectionManager - ep-0000001F: connection http-outgoing-4 can be kept alive for 3 MINUTES
22:49:03.280 [main] DEBUG c.g.d.z.s.o.a.h.c.h.i.i.PoolingHttpClientConnectionManager - ep-0000001F: connection released [route: {}-&gt;unix://localhost:2375][total available: 1; route allocated: 1 of 2147483647; total allocated: 1 of 2147483647]
22:49:03.281 [main] DEBUG o.t.s.c.g.d.c.command.AbstrDockerCmd - Cmd: aa6f16155ec7bc5f538d4a7724907940507d1503be109380040678518e6b5789,true,true
22:49:03.283 [main] DEBUG c.g.d.z.s.o.a.h.c.h.i.c.InternalHttpClient - ex-00000021: preparing request execution
22:49:03.286 [main] DEBUG c.g.d.z.s.o.a.h.c.h.p.RequestAddCookies - Cookie spec selected: strict
22:49:03.292 [main] DEBUG c.g.d.z.s.o.a.h.c.h.p.RequestAuthCache - Auth cache not set in the context
22:49:03.292 [main] DEBUG c.g.d.z.s.o.a.h.c.h.i.c.ProtocolExec - ex-00000021: target auth state: UNCHALLENGED
22:49:03.292 [main] DEBUG c.g.d.z.s.o.a.h.c.h.i.c.ProtocolExec - ex-00000021: proxy auth state: UNCHALLENGED
22:49:03.292 [main] DEBUG c.g.d.z.s.o.a.h.c.h.i.c.ConnectExec - ex-00000021: acquiring connection with route {}-&gt;unix://localhost:2375
22:49:03.292 [main] DEBUG c.g.d.z.s.o.a.h.c.h.i.c.InternalHttpClient - ex-00000021: acquiring endpoint (3 MINUTES)
22:49:03.292 [main] DEBUG c.g.d.z.s.o.a.h.c.h.i.i.PoolingHttpClientConnectionManager - ex-00000021: endpoint lease request (3 MINUTES) [route: {}-&gt;unix://localhost:2375][total available: 1; route allocated: 1 of 2147483647; total allocated: 1 of 2147483647]
22:49:03.302 [main] DEBUG c.g.d.z.s.o.a.h.c.h.i.i.PoolingHttpClientConnectionManager - ex-00000021: endpoint leased [route: {}-&gt;unix://localhost:2375][total available: 0; route allocated: 1 of 2147483647; total allocated: 1 of 2147483647]
22:49:03.303 [main] DEBUG c.g.d.z.s.o.a.h.c.h.i.i.PoolingHttpClientConnectionManager - ex-00000021: acquired ep-00000020
22:49:03.303 [main] DEBUG c.g.d.z.s.o.a.h.c.h.i.c.InternalHttpClient - ex-00000021: acquired endpoint ep-00000020
22:49:03.303 [main] DEBUG c.g.d.z.s.o.a.h.c.h.i.c.MainClientExec - ex-00000021: executing DELETE /v1.32/containers/aa6f16155ec7bc5f538d4a7724907940507d1503be109380040678518e6b5789?v=true&amp;force=true HTTP/1.1
22:49:03.303 [main] DEBUG c.g.d.z.s.o.a.h.c.h.i.c.InternalHttpClient - ep-00000020: start execution ex-00000021
22:49:03.303 [main] DEBUG c.g.d.z.s.o.a.h.c.h.i.i.PoolingHttpClientConnectionManager - ep-00000020: executing exchange ex-00000021 over http-outgoing-4
22:49:03.303 [main] DEBUG c.g.d.z.s.o.a.h.client5.http.headers - http-outgoing-4 &gt;&gt; DELETE /v1.32/containers/aa6f16155ec7bc5f538d4a7724907940507d1503be109380040678518e6b5789?v=true&amp;force=true HTTP/1.1
22:49:03.303 [main] DEBUG c.g.d.z.s.o.a.h.client5.http.headers - http-outgoing-4 &gt;&gt; accept: application/json
22:49:03.304 [main] DEBUG c.g.d.z.s.o.a.h.client5.http.headers - http-outgoing-4 &gt;&gt; Accept-Encoding: gzip, x-gzip, deflate
22:49:03.305 [main] DEBUG c.g.d.z.s.o.a.h.client5.http.headers - http-outgoing-4 &gt;&gt; Host: localhost:2375
22:49:03.305 [main] DEBUG c.g.d.z.s.o.a.h.client5.http.headers - http-outgoing-4 &gt;&gt; Connection: keep-alive
22:49:03.305 [main] DEBUG c.g.d.z.s.o.a.h.client5.http.headers - http-outgoing-4 &gt;&gt; User-Agent: Apache-HttpClient/5.0.3 (Java/11.0.13)
22:49:03.306 [main] DEBUG c.g.d.z.s.o.a.hc.client5.http.wire - http-outgoing-4 &gt;&gt; &quot;DELETE /v1.32/containers/aa6f16155ec7bc5f538d4a7724907940507d1503be109380040678518e6b5789?v=true&amp;force=true HTTP/1.1[\r][\n]&quot;
22:49:03.306 [main] DEBUG c.g.d.z.s.o.a.hc.client5.http.wire - http-outgoing-4 &gt;&gt; &quot;accept: application/json[\r][\n]&quot;
22:49:03.306 [main] DEBUG c.g.d.z.s.o.a.hc.client5.http.wire - http-outgoing-4 &gt;&gt; &quot;Accept-Encoding: gzip, x-gzip, deflate[\r][\n]&quot;
22:49:03.306 [main] DEBUG c.g.d.z.s.o.a.hc.client5.http.wire - http-outgoing-4 &gt;&gt; &quot;Host: localhost:2375[\r][\n]&quot;
22:49:03.306 [main] DEBUG c.g.d.z.s.o.a.hc.client5.http.wire - http-outgoing-4 &gt;&gt; &quot;Connection: keep-alive[\r][\n]&quot;
22:49:03.306 [main] DEBUG c.g.d.z.s.o.a.hc.client5.http.wire - http-outgoing-4 &gt;&gt; &quot;User-Agent: Apache-HttpClient/5.0.3 (Java/11.0.13)[\r][\n]&quot;
22:49:03.316 [main] DEBUG c.g.d.z.s.o.a.hc.client5.http.wire - http-outgoing-4 &gt;&gt; &quot;[\r][\n]&quot;
22:49:03.333 [main] DEBUG c.g.d.z.s.o.a.hc.client5.http.wire - http-outgoing-4 &lt;&lt; &quot;HTTP/1.1 204 No Content[\r][\n]&quot;
22:49:03.333 [main] DEBUG c.g.d.z.s.o.a.hc.client5.http.wire - http-outgoing-4 &lt;&lt; &quot;Api-Version: 1.41[\r][\n]&quot;
22:49:03.333 [main] DEBUG c.g.d.z.s.o.a.hc.client5.http.wire - http-outgoing-4 &lt;&lt; &quot;Docker-Experimental: false[\r][\n]&quot;
22:49:03.333 [main] DEBUG c.g.d.z.s.o.a.hc.client5.http.wire - http-outgoing-4 &lt;&lt; &quot;Ostype: linux[\r][\n]&quot;
22:49:03.333 [main] DEBUG c.g.d.z.s.o.a.hc.client5.http.wire - http-outgoing-4 &lt;&lt; &quot;Server: Docker/20.10.12 (linux)[\r][\n]&quot;
22:49:03.333 [main] DEBUG c.g.d.z.s.o.a.hc.client5.http.wire - http-outgoing-4 &lt;&lt; &quot;Date: Sun, 13 Feb 2022 21:49:03 GMT[\r][\n]&quot;
22:49:03.333 [main] DEBUG c.g.d.z.s.o.a.hc.client5.http.wire - http-outgoing-4 &lt;&lt; &quot;[\r][\n]&quot;
22:49:03.333 [main] DEBUG c.g.d.z.s.o.a.h.client5.http.headers - http-outgoing-4 &lt;&lt; HTTP/1.1 204 No Content
22:49:03.333 [main] DEBUG c.g.d.z.s.o.a.h.client5.http.headers - http-outgoing-4 &lt;&lt; Api-Version: 1.41
22:49:03.333 [main] DEBUG c.g.d.z.s.o.a.h.client5.http.headers - http-outgoing-4 &lt;&lt; Docker-Experimental: false
22:49:03.333 [main] DEBUG c.g.d.z.s.o.a.h.client5.http.headers - http-outgoing-4 &lt;&lt; Ostype: linux
22:49:03.333 [main] DEBUG c.g.d.z.s.o.a.h.client5.http.headers - http-outgoing-4 &lt;&lt; Server: Docker/20.10.12 (linux)
22:49:03.333 [main] DEBUG c.g.d.z.s.o.a.h.client5.http.headers - http-outgoing-4 &lt;&lt; Date: Sun, 13 Feb 2022 21:49:03 GMT
22:49:03.334 [main] DEBUG c.g.d.z.s.o.a.h.c.h.i.c.MainClientExec - ex-00000021: connection can be kept alive for 3 MINUTES
22:49:03.334 [main] DEBUG c.g.d.z.s.o.a.h.c.h.i.c.InternalHttpClient - ep-00000020: releasing valid endpoint
22:49:03.334 [main] DEBUG c.g.d.z.s.o.a.h.c.h.i.i.PoolingHttpClientConnectionManager - ep-00000020: releasing endpoint
22:49:03.334 [main] DEBUG c.g.d.z.s.o.a.h.c.h.i.i.PoolingHttpClientConnectionManager - ep-00000020: connection http-outgoing-4 can be kept alive for 3 MINUTES
22:49:03.334 [main] DEBUG c.g.d.z.s.o.a.h.c.h.i.i.PoolingHttpClientConnectionManager - ep-00000020: connection released [route: {}-&gt;unix://localhost:2375][total available: 1; route allocated: 1 of 2147483647; total allocated: 1 of 2147483647]
22:49:03.334 [main] DEBUG o.t.utility.ResourceReaper - Removed container and associated volume(s): mailysm/menu-server:1.0.0
</system-out>
  </testcase>
</testsuite>